DEBUG 2024-02-21 22:41:51.768 UTC: 	 CRAB Client version: v3.240110
DEBUG 2024-02-21 22:41:51.769 UTC: 	 Running on: Linux ui02.recas.ba.infn.it 3.10.0-1160.80.1.el7.x86_64 #1 SMP Tue Nov 8 15:48:59 UTC 2022 x86_64 x86_64 x86_64 GNU/Linux - CentOS Linux 7 (Core)
DEBUG 2024-02-21 22:41:51.769 UTC: 	 Executing command: 'submit'
DEBUG 2024-02-21 22:41:51.769 UTC: 	 Found CRAB cache file /lustrehome/mbuonsante/.crab3
INFO 2024-02-21 22:41:51.770 UTC: 	 Will use CRAB configuration file CRAB_stream_1.py
DEBUG 2024-02-21 22:41:51.770 UTC: 	 Loading CRAB configuration file.
DEBUG 2024-02-21 22:41:51.772 UTC: 	 Will use CRAB plugin ANALYSIS (i.e. will run an analysis job type).
DEBUG 2024-02-21 22:41:51.774 UTC: 	 Checking credentials
DEBUG 2024-02-21 22:41:51.774 UTC: 	 Found proxy file /tmp/x509up_u881331
DEBUG 2024-02-21 22:41:51.774 UTC: 	 Making sure it has proper VOMS extension
DEBUG 2024-02-21 22:41:51.774 UTC: 	 Executing command :
 voms-proxy-info --vo --file /tmp/x509up_u881331
DEBUG 2024-02-21 22:41:53.084 UTC: 	 output : cms

 error: 
 retcode : 0
DEBUG 2024-02-21 22:41:53.084 UTC: 	 Getting proxy life time left
DEBUG 2024-02-21 22:41:53.084 UTC: 	 Executing command :
 voms-proxy-info --actimeleft --timeleft --file /tmp/x509up_u881331
DEBUG 2024-02-21 22:41:54.514 UTC: 	 output : 478703
478702

 error: 
 retcode : 0
DEBUG 2024-02-21 22:41:54.514 UTC: 	 Proxy valid for 132:58:22 hours
DEBUG 2024-02-21 22:41:54.514 UTC: 	 Encoded data for curl request: subresource=delegatedn
DEBUG 2024-02-21 22:41:54.681 UTC: 	 Registering user credentials on myproxy for /DC=ch/DC=cern/OU=computers/CN=crab-(preprod|prod|dev)-tw(01|02|03).cern.ch|/DC=ch/DC=cern/OU=computers/CN=stefanov(m|m2).cern.ch|/DC=ch/DC=cern/OU=computers/CN=dciangot-tw.cern.ch
DEBUG 2024-02-21 22:41:54.681 UTC: 	 Executing command :
 voms-proxy-info --identity --file /tmp/x509up_u881331
DEBUG 2024-02-21 22:41:56.059 UTC: 	 output : /DC=ch/DC=cern/OU=Organic Units/OU=Users/CN=mbuonsan/CN=866052/CN=Marco Buonsante

 error: 
 retcode : 0
DEBUG 2024-02-21 22:41:56.059 UTC: 	 Getting myproxy life time left for db438794163ae221c16ac5cdc1e476b2bc2ff634
DEBUG 2024-02-21 22:41:56.059 UTC: 	 Executing command :
 myproxy-info -s myproxy.cern.ch -l db438794163ae221c16ac5cdc1e476b2bc2ff634
DEBUG 2024-02-21 22:41:56.459 UTC: 	 output : username: db438794163ae221c16ac5cdc1e476b2bc2ff634
owner: /DC=ch/DC=cern/OU=Organic Units/OU=Users/CN=mbuonsan/CN=866052/CN=Marco Buonsante
  renewal policy: /DC=ch/DC=cern/OU=computers/CN=crab-(preprod|prod|dev)-tw(01|02|03).cern.ch|/DC=ch/DC=cern/OU=computers/CN=stefanov(m|m2).cern.ch|/DC=ch/DC=cern/OU=computers/CN=dciangot-tw.cern.ch
  trusted retrieval policy: /DC=ch/DC=cern/OU=computers/CN=crab-(preprod|prod|dev)-tw(01|02|03).cern.ch|/DC=ch/DC=cern/OU=computers/CN=stefanov(m|m2).cern.ch|/DC=ch/DC=cern/OU=computers/CN=dciangot-tw.cern.ch
  timeleft: 492:59:31  (20.5 days)

 error: 
 retcode : 0
DEBUG 2024-02-21 22:41:56.459 UTC: 	 Myproxy is valid: 1774740
DEBUG 2024-02-21 22:41:56.459 UTC: 	 Result of myproxy credential check:
  Credential exists on myproxy: username: db438794163ae221c16ac5cdc1e476b2bc2ff634  - validity: 20 days, 12:59:00
DEBUG 2024-02-21 22:41:56.459 UTC: 	 Command use: submit
DEBUG 2024-02-21 22:41:56.459 UTC: 	 Options use: ['-c', 'CRAB_stream_1.py']
DEBUG 2024-02-21 22:41:56.460 UTC: 	 Encoded data for curl request: subresource=version
DEBUG 2024-02-21 22:41:56.682 UTC: 	 CRABClient version: v3.240110
DEBUG 2024-02-21 22:41:56.682 UTC: 	 Instance is prod
DEBUG 2024-02-21 22:41:56.682 UTC: 	 Server base url is cmsweb.cern.ch
DEBUG 2024-02-21 22:41:56.682 UTC: 	 Command api workflow
DEBUG 2024-02-21 22:41:56.682 UTC: 	 Started submission
DEBUG 2024-02-21 22:41:56.682 UTC: 	 Working on /lustrehome/mbuonsante/B_4mu/CMSSW_13_0_13/src/B4muNtuplizer/CrabSubmission/2023_eraD-v2/crab_projects/crab_SkimB4Mu_2023eraD-v2_stream1_Mini
DEBUG 2024-02-21 22:41:56.683 UTC: 	 Encoded data for curl request: subresource=backendurls
DEBUG 2024-02-21 22:41:56.906 UTC: 	 Loading required information from the environment
DEBUG 2024-02-21 22:41:56.906 UTC: 	 Found CMSSW_13_0_13 for slc7_amd64_gcc11 with base /lustrehome/mbuonsante/B_4mu/CMSSW_13_0_13
DEBUG 2024-02-21 22:41:56.906 UTC: 	 Loading required information from the environment
DEBUG 2024-02-21 22:41:56.906 UTC: 	 Found CMSSW_13_0_13 for slc7_amd64_gcc11 with base /lustrehome/mbuonsante/B_4mu/CMSSW_13_0_13
DEBUG 2024-02-21 22:41:56.906 UTC: 	 UNIQUE NAME: tarUUID b0dfc217-9eec-46d4-888f-917a6c6bbb90 
DEBUG 2024-02-21 22:41:56.907 UTC: 	 self.config: from WMCore.Configuration import Configuration
config = Configuration()
config.section_('General')
config.General.workArea = 'crab_projects'
config.General.transferOutputs = True
config.General.requestName = 'SkimB4Mu_2023eraD-v2_stream1_Mini'
config.General.transferLogs = False
config.section_('JobType')
config.JobType.psetName = '/lustrehome/mbuonsante/B_4mu/CMSSW_13_0_13/src/B4muNtuplizer/CrabSubmission/2023_eraD-v2/PatAndTree_cfg.py'
config.JobType.pluginName = 'Analysis'
config.JobType.allowUndistributedCMSSW = True
config.section_('Data')
config.Data.unitsPerJob = 50
config.Data.outputDatasetTag = 'SkimB4Mu_2023eraD-v2_stream1_Mini'
config.Data.inputDBS = 'global'
config.Data.splitting = 'LumiBased'
config.Data.allowNonValidInputDataset = True
config.Data.lumiMask = 'https://cms-service-dqmdc.web.cern.ch/CAF/certification/Collisions23/Cert_Collisions2023_eraD_369803_370790_Golden.json'
config.Data.inputDataset = '/ParkingDoubleMuonLowMass1/Run2023D-22Sep2023_v2-v1/MINIAOD'
config.section_('Site')
config.Site.ignoreGlobalBlacklist = True
config.Site.storageSite = 'T2_IT_Bari'
config.section_('User')
config.section_('Debug')

DEBUG 2024-02-21 22:41:56.907 UTC: 	 self.config.JobType.psetName: /lustrehome/mbuonsante/B_4mu/CMSSW_13_0_13/src/B4muNtuplizer/CrabSubmission/2023_eraD-v2/PatAndTree_cfg.py
INFO 2024-02-21 22:41:56.907 UTC: 	 Importing CMSSW configuration /lustrehome/mbuonsante/B_4mu/CMSSW_13_0_13/src/B4muNtuplizer/CrabSubmission/2023_eraD-v2/PatAndTree_cfg.py
INFO 2024-02-21 22:41:58.596 UTC: 	 Finished importing CMSSW configuration /lustrehome/mbuonsante/B_4mu/CMSSW_13_0_13/src/B4muNtuplizer/CrabSubmission/2023_eraD-v2/PatAndTree_cfg.py
DEBUG 2024-02-21 22:41:58.597 UTC: 	 Writing CMSSW configuration to /lustrehome/mbuonsante/B_4mu/CMSSW_13_0_13/src/B4muNtuplizer/CrabSubmission/2023_eraD-v2/crab_projects/crab_SkimB4Mu_2023eraD-v2_stream1_Mini/inputs/PSet.py
DEBUG 2024-02-21 22:41:58.688 UTC: 	 The following EDM output files will be collected: []
DEBUG 2024-02-21 22:41:58.688 UTC: 	 The following TFile output files will be collected: ['TreeData.root']
DEBUG 2024-02-21 22:41:58.688 UTC: 	 The following user output files (not listed as PoolOuputModule or TFileService in the CMSSW PSet) will be collected: 
DEBUG 2024-02-21 22:41:58.688 UTC: 	 Loading required information from the environment
DEBUG 2024-02-21 22:41:58.688 UTC: 	 Found CMSSW_13_0_13 for slc7_amd64_gcc11 with base /lustrehome/mbuonsante/B_4mu/CMSSW_13_0_13
DEBUG 2024-02-21 22:41:58.688 UTC: 	 Making tarball in /lustrehome/mbuonsante/B_4mu/CMSSW_13_0_13/src/B4muNtuplizer/CrabSubmission/2023_eraD-v2/crab_projects/crab_SkimB4Mu_2023eraD-v2_stream1_Mini/inputs/b0dfc217-9eec-46d4-888f-917a6c6bbb90default.tgz
DEBUG 2024-02-21 22:41:58.688 UTC: 	 Checking directory /lustrehome/mbuonsante/B_4mu/CMSSW_13_0_13/bin
DEBUG 2024-02-21 22:41:58.688 UTC: 	 Adding directory /lustrehome/mbuonsante/B_4mu/CMSSW_13_0_13/bin to tarball
DEBUG 2024-02-21 22:41:58.690 UTC: 	 Checking directory /lustrehome/mbuonsante/B_4mu/CMSSW_13_0_13/python
DEBUG 2024-02-21 22:41:58.690 UTC: 	 Adding directory /lustrehome/mbuonsante/B_4mu/CMSSW_13_0_13/python to tarball
DEBUG 2024-02-21 22:41:58.739 UTC: 	 Checking directory /lustrehome/mbuonsante/B_4mu/CMSSW_13_0_13/cfipython
DEBUG 2024-02-21 22:41:58.739 UTC: 	 Adding directory /lustrehome/mbuonsante/B_4mu/CMSSW_13_0_13/cfipython to tarball
DEBUG 2024-02-21 22:41:58.747 UTC: 	 Checking directory /lustrehome/mbuonsante/B_4mu/CMSSW_13_0_13/lib
DEBUG 2024-02-21 22:41:58.747 UTC: 	 Adding directory /lustrehome/mbuonsante/B_4mu/CMSSW_13_0_13/lib to tarball
DEBUG 2024-02-21 22:41:59.162 UTC: 	 Checking directory /lustrehome/mbuonsante/B_4mu/CMSSW_13_0_13/biglib
DEBUG 2024-02-21 22:41:59.162 UTC: 	 Adding directory /lustrehome/mbuonsante/B_4mu/CMSSW_13_0_13/biglib to tarball
DEBUG 2024-02-21 22:41:59.163 UTC: 	 Checking directory /lustrehome/mbuonsante/B_4mu/CMSSW_13_0_13/module
DEBUG 2024-02-21 22:41:59.163 UTC: 	 Checking directory /lustrehome/mbuonsante/B_4mu/CMSSW_13_0_13/config/SCRAM/hooks
DEBUG 2024-02-21 22:41:59.163 UTC: 	 Adding directory /lustrehome/mbuonsante/B_4mu/CMSSW_13_0_13/config/SCRAM/hooks to tarball
DEBUG 2024-02-21 22:41:59.188 UTC: 	 Adding directory /lustrehome/mbuonsante/B_4mu/CMSSW_13_0_13/src/B4muNtuplizer/SkimTools/python to tarball
DEBUG 2024-02-21 22:41:59.199 UTC: 	 Adding directory /lustrehome/mbuonsante/B_4mu/CMSSW_13_0_13/src/CommonTools/CandAlgos/interface to tarball
DEBUG 2024-02-21 22:41:59.204 UTC: 	 Adding directory /lustrehome/mbuonsante/B_4mu/CMSSW_13_0_13/src/CommonTools/CandAlgos/python to tarball
DEBUG 2024-02-21 22:41:59.347 UTC: 	 Uploading archive /lustrehome/mbuonsante/B_4mu/CMSSW_13_0_13/src/B4muNtuplizer/CrabSubmission/2023_eraD-v2/crab_projects/crab_SkimB4Mu_2023eraD-v2_stream1_Mini/inputs/b0dfc217-9eec-46d4-888f-917a6c6bbb90default.tgz (0.643555.1 MB) to the CRAB cache. Using URI https://cmsweb.cern.ch/S3/crabcache_prod
DEBUG 2024-02-21 22:41:59.732 UTC: 	 Encoded data for curl request: subresource=upload&objecttype=sandbox&tarballname=c21f585968b676319b78458a8dfff0d78967d784c1d5d78343c5cdc38d3be0e5.tar.gz
DEBUG 2024-02-21 22:41:59.927 UTC: 	 sandbox c21f585968b676319b78458a8dfff0d78967d784c1d5d78343c5cdc38d3be0e5.tar.gz is already in the S3 store, will not upload again
DEBUG 2024-02-21 22:41:59.927 UTC: 	 Loading required information from the environment
DEBUG 2024-02-21 22:41:59.928 UTC: 	 Found CMSSW_13_0_13 for slc7_amd64_gcc11 with base /lustrehome/mbuonsante/B_4mu/CMSSW_13_0_13
DEBUG 2024-02-21 22:41:59.928 UTC: 	 Making tarball in /lustrehome/mbuonsante/B_4mu/CMSSW_13_0_13/src/B4muNtuplizer/CrabSubmission/2023_eraD-v2/crab_projects/crab_SkimB4Mu_2023eraD-v2_stream1_Mini/inputs/debugFiles.tgz
DEBUG 2024-02-21 22:41:59.932 UTC: 	 Uploading archive /lustrehome/mbuonsante/B_4mu/CMSSW_13_0_13/src/B4muNtuplizer/CrabSubmission/2023_eraD-v2/crab_projects/crab_SkimB4Mu_2023eraD-v2_stream1_Mini/inputs/debugFiles.tgz (2 KB) to the CRAB cache. Using URI https://cmsweb.cern.ch/S3/crabcache_prod
DEBUG 2024-02-21 22:41:59.934 UTC: 	 Encoded data for curl request: subresource=upload&objecttype=sandbox&tarballname=efef07f54e7c8295e735bed79a93022fc31c20bd4d2687371070bc13bf304c99.tar.gz
DEBUG 2024-02-21 22:42:00.131 UTC: 	 Will execute:
curl -f -v -X POST  -H "User-Agent: CRAB" -F "key=mbuonsan/sandboxes/efef07f54e7c8295e735bed79a93022fc31c20bd4d2687371070bc13bf304c99.tar.gz" -F "AWSAccessKeyId=ab00fcc889f248c495d2875f15a3badb" -F "policy=eyJleHBpcmF0aW9uIjogIjIwMjQtMDItMjFUMjM6NDI6MDBaIiwgImNvbmRpdGlvbnMiOiBbeyJidWNrZXQiOiAiY3JhYmNhY2hlX3Byb2QifSwgeyJrZXkiOiAibWJ1b25zYW4vc2FuZGJveGVzL2VmZWYwN2Y1NGU3YzgyOTVlNzM1YmVkNzlhOTMwMjJmYzMxYzIwYmQ0ZDI2ODczNzEwNzBiYzEzYmYzMDRjOTkudGFyLmd6In1dfQ==" -F "signature=CbX/fDtX8j1244kN6xYcdhTZi1M=" -F "file=@/lustrehome/mbuonsante/B_4mu/CMSSW_13_0_13/src/B4muNtuplizer/CrabSubmission/2023_eraD-v2/crab_projects/crab_SkimB4Mu_2023eraD-v2_stream1_Mini/inputs/debugFiles.tgz" "https://s3.cern.ch/crabcache_prod"
DEBUG 2024-02-21 22:42:00.284 UTC: 	 exitcode: 0
stdout: b''
DEBUG 2024-02-21 22:42:00.284 UTC: 	 sandbox /lustrehome/mbuonsante/B_4mu/CMSSW_13_0_13/src/B4muNtuplizer/CrabSubmission/2023_eraD-v2/crab_projects/crab_SkimB4Mu_2023eraD-v2_stream1_Mini/inputs/debugFiles.tgz successully uploaded to S3
DEBUG 2024-02-21 22:42:00.284 UTC: 	 Result uploading input files: c21f585968b676319b78458a8dfff0d78967d784c1d5d78343c5cdc38d3be0e5.tar.gz 
DEBUG 2024-02-21 22:42:00.284 UTC: 	 Attaching lumi mask https://cms-service-dqmdc.web.cern.ch/CAF/certification/Collisions23/Cert_Collisions2023_eraD_369803_370790_Golden.json to the request
DEBUG 2024-02-21 22:42:00.284 UTC: 	 Downloading lumi-mask from https://cms-service-dqmdc.web.cern.ch/CAF/certification/Collisions23/Cert_Collisions2023_eraD_369803_370790_Golden.json
WARNING 2024-02-21 22:42:00.478 UTC: 	 Warning: The following output files will not be published, as they are not EDM files: ['TreeData.root']
DEBUG 2024-02-21 22:42:00.478 UTC: 	 submit() - self.configuration from WMCore.Configuration import Configuration
config = Configuration()
config.section_('General')
config.General.workArea = 'crab_projects'
config.General.transferOutputs = True
config.General.requestName = 'SkimB4Mu_2023eraD-v2_stream1_Mini'
config.General.transferLogs = False
config.section_('JobType')
config.JobType.psetName = '/lustrehome/mbuonsante/B_4mu/CMSSW_13_0_13/src/B4muNtuplizer/CrabSubmission/2023_eraD-v2/PatAndTree_cfg.py'
config.JobType.pluginName = 'Analysis'
config.JobType.allowUndistributedCMSSW = True
config.section_('Data')
config.Data.unitsPerJob = 50
config.Data.outputDatasetTag = 'SkimB4Mu_2023eraD-v2_stream1_Mini'
config.Data.inputDBS = 'global'
config.Data.splitting = 'LumiBased'
config.Data.allowNonValidInputDataset = True
config.Data.lumiMask = 'https://cms-service-dqmdc.web.cern.ch/CAF/certification/Collisions23/Cert_Collisions2023_eraD_369803_370790_Golden.json'
config.Data.inputDataset = '/ParkingDoubleMuonLowMass1/Run2023D-22Sep2023_v2-v1/MINIAOD'
config.section_('Site')
config.Site.ignoreGlobalBlacklist = True
config.Site.storageSite = 'T2_IT_Bari'
config.section_('User')
config.section_('Debug')

DEBUG 2024-02-21 22:42:00.479 UTC: 	 submit() - self.configreq {'dryrun': 0, 'workflow': 'crab_SkimB4Mu_2023eraD-v2_stream1_Mini', 'saveoutput': 1, 'savelogsflag': 0, 'inputdata': '/ParkingDoubleMuonLowMass1/Run2023D-22Sep2023_v2-v1/MINIAOD', 'primarydataset': '', 'nonvaliddata': 1, 'userfiles': [], 'dbsurl': 'https://cmsweb.cern.ch/dbs/prod/global/DBSReader', 'useparent': 0, 'ignorelocality': 0, 'splitalgo': 'LumiBased', 'algoargs': 50, 'totalunits': 0, 'publication': 1, 'publishdbsurl': 'https://cmsweb.cern.ch/dbs/prod/phys03/DBSWriter', 'publishname2': 'SkimB4Mu_2023eraD-v2_stream1_Mini', 'jobtype': 'Analysis', 'generator': 'pythia', 'addoutputfiles': [], 'maxjobruntime': 1250, 'numcores': 1, 'maxmemory': 2000, 'priority': 10, 'nonprodsw': 1, 'asyncdest': 'T2_IT_Bari', 'requireaccelerator': 0, 'oneEventMode': 0, 'extrajdl': [], 'ignoreglobalblacklist': 1, 'partialdataset': 0, 'inputblocks': []}
DEBUG 2024-02-21 22:42:00.479 UTC: 	 submit() - jobconfig {'addoutputfiles': [], 'tfileoutfiles': ['TreeData.root'], 'edmoutfiles': [], 'jobarch': 'slc7_amd64_gcc11', 'jobsw': 'CMSSW_13_0_13', 'inputdata': '/ParkingDoubleMuonLowMass1/Run2023D-22Sep2023_v2-v1/MINIAOD', 'cacheurl': 'https://cmsweb.cern.ch/S3/crabcache_prod', 'cachefilename': 'c21f585968b676319b78458a8dfff0d78967d784c1d5d78343c5cdc38d3be0e5.tar.gz', 'debugfilename': 'efef07f54e7c8295e735bed79a93022fc31c20bd4d2687371070bc13bf304c99.tar.gz', 'runs': ['369927', '369943', '369956', '369978', '369998', '369999', '370093', '370097', '370102', '370129', '370144', '370169', '370172', '370175', '370293', '370294', '370300', '370304', '370307', '370321', '370332', '370340', '370354', '370357', '370406', '370436', '370460', '370472', '370497', '370522', '370560', '370579', '370580', '370667', '370717', '370725', '370749', '370753', '370772', '370774', '370775', '370776', '370790'], 'lumis': ['37,376', '1,384', '37,1076', '31,812', '1,179', '1,41', '1,450', '1,356', '1,762', '42,123,125,552', '1,715,717,1329', '46,454,456,490,492,526,528,562,564,598,600,935,1002,1014,1016,1019,1021,1033,1035,1449', '1,300', '92,757,759,1785', '39,1618', '1,668', '1,962', '1,327', '1,708', '39,52', '1,144,146,1523,1525,1968', '24,779', '34,311', '1,801', '37,121,123,738,746,869', '1,31', '8,123', '1,32,34,43', '1,115,117,1419,1426,1436', '48,369', '62,90,92,410', '33,113,120,123', '1,2875', '1,28,30,102', '39,157', '44,392,394,456', '49,173,175,483,485,966,968,1541', '1,249', '29,1247', '1,159', '1,168', '1,326', '54,76'], 'jobtype': 'Analysis'}
INFO 2024-02-21 22:42:00.479 UTC: 	 Sending the request to the server at cmsweb.cern.ch
DEBUG 2024-02-21 22:42:00.479 UTC: 	 Submitting {'dryrun': 0, 'workflow': 'crab_SkimB4Mu_2023eraD-v2_stream1_Mini', 'saveoutput': 1, 'savelogsflag': 0, 'inputdata': '/ParkingDoubleMuonLowMass1/Run2023D-22Sep2023_v2-v1/MINIAOD', 'primarydataset': '', 'nonvaliddata': 1, 'userfiles': [], 'dbsurl': 'https://cmsweb.cern.ch/dbs/prod/global/DBSReader', 'useparent': 0, 'ignorelocality': 0, 'splitalgo': 'LumiBased', 'algoargs': 50, 'totalunits': 0, 'publication': 1, 'publishdbsurl': 'https://cmsweb.cern.ch/dbs/prod/phys03/DBSWriter', 'publishname2': 'SkimB4Mu_2023eraD-v2_stream1_Mini', 'jobtype': 'Analysis', 'generator': 'pythia', 'addoutputfiles': [], 'maxjobruntime': 1250, 'numcores': 1, 'maxmemory': 2000, 'priority': 10, 'nonprodsw': 1, 'asyncdest': 'T2_IT_Bari', 'requireaccelerator': 0, 'oneEventMode': 0, 'extrajdl': [], 'ignoreglobalblacklist': 1, 'partialdataset': 0, 'inputblocks': [], 'tfileoutfiles': ['TreeData.root'], 'edmoutfiles': [], 'jobarch': 'slc7_amd64_gcc11', 'jobsw': 'CMSSW_13_0_13', 'cacheurl': 'https://cmsweb.cern.ch/S3/crabcache_prod', 'cachefilename': 'c21f585968b676319b78458a8dfff0d78967d784c1d5d78343c5cdc38d3be0e5.tar.gz', 'debugfilename': 'efef07f54e7c8295e735bed79a93022fc31c20bd4d2687371070bc13bf304c99.tar.gz', 'runs': ['369927', '369943', '369956', '369978', '369998', '369999', '370093', '370097', '370102', '370129', '370144', '370169', '370172', '370175', '370293', '370294', '370300', '370304', '370307', '370321', '370332', '370340', '370354', '370357', '370406', '370436', '370460', '370472', '370497', '370522', '370560', '370579', '370580', '370667', '370717', '370725', '370749', '370753', '370772', '370774', '370775', '370776', '370790'], 'lumis': ['37,376', '1,384', '37,1076', '31,812', '1,179', '1,41', '1,450', '1,356', '1,762', '42,123,125,552', '1,715,717,1329', '46,454,456,490,492,526,528,562,564,598,600,935,1002,1014,1016,1019,1021,1033,1035,1449', '1,300', '92,757,759,1785', '39,1618', '1,668', '1,962', '1,327', '1,708', '39,52', '1,144,146,1523,1525,1968', '24,779', '34,311', '1,801', '37,121,123,738,746,869', '1,31', '8,123', '1,32,34,43', '1,115,117,1419,1426,1436', '48,369', '62,90,92,410', '33,113,120,123', '1,2875', '1,28,30,102', '39,157', '44,392,394,456', '49,173,175,483,485,966,968,1541', '1,249', '29,1247', '1,159', '1,168', '1,326', '54,76']} 
DEBUG 2024-02-21 22:42:00.480 UTC: 	 Encoded data for curl request: dryrun=0&workflow=crab_SkimB4Mu_2023eraD-v2_stream1_Mini&saveoutput=1&savelogsflag=0&inputdata=%2FParkingDoubleMuonLowMass1%2FRun2023D-22Sep2023_v2-v1%2FMINIAOD&primarydataset=&nonvaliddata=1&dbsurl=https%3A%2F%2Fcmsweb.cern.ch%2Fdbs%2Fprod%2Fglobal%2FDBSReader&useparent=0&ignorelocality=0&splitalgo=LumiBased&algoargs=50&totalunits=0&publication=1&publishdbsurl=https%3A%2F%2Fcmsweb.cern.ch%2Fdbs%2Fprod%2Fphys03%2FDBSWriter&publishname2=SkimB4Mu_2023eraD-v2_stream1_Mini&jobtype=Analysis&generator=pythia&maxjobruntime=1250&numcores=1&maxmemory=2000&priority=10&nonprodsw=1&asyncdest=T2_IT_Bari&requireaccelerator=0&oneEventMode=0&ignoreglobalblacklist=1&partialdataset=0&jobarch=slc7_amd64_gcc11&jobsw=CMSSW_13_0_13&cacheurl=https%3A%2F%2Fcmsweb.cern.ch%2FS3%2Fcrabcache_prod&cachefilename=c21f585968b676319b78458a8dfff0d78967d784c1d5d78343c5cdc38d3be0e5.tar.gz&debugfilename=efef07f54e7c8295e735bed79a93022fc31c20bd4d2687371070bc13bf304c99.tar.gz&tfileoutfiles=TreeData.root&runs=369927&runs=369943&runs=369956&runs=369978&runs=369998&runs=369999&runs=370093&runs=370097&runs=370102&runs=370129&runs=370144&runs=370169&runs=370172&runs=370175&runs=370293&runs=370294&runs=370300&runs=370304&runs=370307&runs=370321&runs=370332&runs=370340&runs=370354&runs=370357&runs=370406&runs=370436&runs=370460&runs=370472&runs=370497&runs=370522&runs=370560&runs=370579&runs=370580&runs=370667&runs=370717&runs=370725&runs=370749&runs=370753&runs=370772&runs=370774&runs=370775&runs=370776&runs=370790&lumis=37%2C376&lumis=1%2C384&lumis=37%2C1076&lumis=31%2C812&lumis=1%2C179&lumis=1%2C41&lumis=1%2C450&lumis=1%2C356&lumis=1%2C762&lumis=42%2C123%2C125%2C552&lumis=1%2C715%2C717%2C1329&lumis=46%2C454%2C456%2C490%2C492%2C526%2C528%2C562%2C564%2C598%2C600%2C935%2C1002%2C1014%2C1016%2C1019%2C1021%2C1033%2C1035%2C1449&lumis=1%2C300&lumis=92%2C757%2C759%2C1785&lumis=39%2C1618&lumis=1%2C668&lumis=1%2C962&lumis=1%2C327&lumis=1%2C708&lumis=39%2C52&lumis=1%2C144%2C146%2C1523%2C1525%2C1968&lumis=24%2C779&lumis=34%2C311&lumis=1%2C801&lumis=37%2C121%2C123%2C738%2C746%2C869&lumis=1%2C31&lumis=8%2C123&lumis=1%2C32%2C34%2C43&lumis=1%2C115%2C117%2C1419%2C1426%2C1436&lumis=48%2C369&lumis=62%2C90%2C92%2C410&lumis=33%2C113%2C120%2C123&lumis=1%2C2875&lumis=1%2C28%2C30%2C102&lumis=39%2C157&lumis=44%2C392%2C394%2C456&lumis=49%2C173%2C175%2C483%2C485%2C966%2C968%2C1541&lumis=1%2C249&lumis=29%2C1247&lumis=1%2C159&lumis=1%2C168&lumis=1%2C326&lumis=54%2C76
DEBUG 2024-02-21 22:42:00.667 UTC: 	 Result: {'result': [{'RequestName': '240221_224200:mbuonsan_crab_SkimB4Mu_2023eraD-v2_stream1_Mini'}]}
INFO 2024-02-21 22:42:00.668 UTC: 	 Success: Your task has been delivered to the prod CRAB3 server.
INFO 2024-02-21 22:42:00.669 UTC: 	 Task name: 240221_224200:mbuonsan_crab_SkimB4Mu_2023eraD-v2_stream1_Mini
INFO 2024-02-21 22:42:00.669 UTC: 	 Project dir: crab_projects/crab_SkimB4Mu_2023eraD-v2_stream1_Mini
INFO 2024-02-21 22:42:00.669 UTC: 	 Please use ' crab status -d crab_projects/crab_SkimB4Mu_2023eraD-v2_stream1_Mini ' to check how the submission process proceeds.
DEBUG 2024-02-21 22:42:00.669 UTC: 	 About to return
INFO 2024-02-21 22:42:00.673 UTC: 	 Log file is /lustrehome/mbuonsante/B_4mu/CMSSW_13_0_13/src/B4muNtuplizer/CrabSubmission/2023_eraD-v2/crab_projects/crab_SkimB4Mu_2023eraD-v2_stream1_Mini/crab.log
DEBUG 2024-02-22 20:34:23.658 UTC: 	 CRAB Client version: v3.240110
DEBUG 2024-02-22 20:34:23.658 UTC: 	 Running on: Linux ui02.recas.ba.infn.it 3.10.0-1160.80.1.el7.x86_64 #1 SMP Tue Nov 8 15:48:59 UTC 2022 x86_64 x86_64 x86_64 GNU/Linux - CentOS Linux 7 (Core)
DEBUG 2024-02-22 20:34:23.658 UTC: 	 Executing command: 'resubmit'
DEBUG 2024-02-22 20:34:23.658 UTC: 	 Found CRAB cache file /lustrehome/mbuonsante/.crab3
DEBUG 2024-02-22 20:34:23.665 UTC: 	 Checking credentials
DEBUG 2024-02-22 20:34:23.665 UTC: 	 Found proxy file /tmp/x509up_u881331
DEBUG 2024-02-22 20:34:23.665 UTC: 	 Making sure it has proper VOMS extension
DEBUG 2024-02-22 20:34:23.665 UTC: 	 Executing command :
 voms-proxy-info --vo --file /tmp/x509up_u881331
DEBUG 2024-02-22 20:34:25.110 UTC: 	 output : cms

 error: 
 retcode : 0
DEBUG 2024-02-22 20:34:25.110 UTC: 	 Getting proxy life time left
DEBUG 2024-02-22 20:34:25.110 UTC: 	 Executing command :
 voms-proxy-info --actimeleft --timeleft --file /tmp/x509up_u881331
DEBUG 2024-02-22 20:34:26.477 UTC: 	 output : 399951
399950

 error: 
 retcode : 0
DEBUG 2024-02-22 20:34:26.477 UTC: 	 Proxy valid for 111:05:50 hours
DEBUG 2024-02-22 20:34:26.477 UTC: 	 Encoded data for curl request: subresource=delegatedn
DEBUG 2024-02-22 20:34:26.658 UTC: 	 Registering user credentials on myproxy for /DC=ch/DC=cern/OU=computers/CN=crab-(preprod|prod|dev)-tw(01|02|03).cern.ch|/DC=ch/DC=cern/OU=computers/CN=stefanov(m|m2).cern.ch|/DC=ch/DC=cern/OU=computers/CN=dciangot-tw.cern.ch
DEBUG 2024-02-22 20:34:26.658 UTC: 	 Executing command :
 voms-proxy-info --identity --file /tmp/x509up_u881331
DEBUG 2024-02-22 20:34:28.179 UTC: 	 output : /DC=ch/DC=cern/OU=Organic Units/OU=Users/CN=mbuonsan/CN=866052/CN=Marco Buonsante

 error: 
 retcode : 0
DEBUG 2024-02-22 20:34:28.179 UTC: 	 Getting myproxy life time left for db438794163ae221c16ac5cdc1e476b2bc2ff634
DEBUG 2024-02-22 20:34:28.180 UTC: 	 Executing command :
 myproxy-info -s myproxy.cern.ch -l db438794163ae221c16ac5cdc1e476b2bc2ff634
DEBUG 2024-02-22 20:34:28.583 UTC: 	 output : username: db438794163ae221c16ac5cdc1e476b2bc2ff634
owner: /DC=ch/DC=cern/OU=Organic Units/OU=Users/CN=mbuonsan/CN=866052/CN=Marco Buonsante
  renewal policy: /DC=ch/DC=cern/OU=computers/CN=crab-(preprod|prod|dev)-tw(01|02|03).cern.ch|/DC=ch/DC=cern/OU=computers/CN=stefanov(m|m2).cern.ch|/DC=ch/DC=cern/OU=computers/CN=dciangot-tw.cern.ch
  trusted retrieval policy: /DC=ch/DC=cern/OU=computers/CN=crab-(preprod|prod|dev)-tw(01|02|03).cern.ch|/DC=ch/DC=cern/OU=computers/CN=stefanov(m|m2).cern.ch|/DC=ch/DC=cern/OU=computers/CN=dciangot-tw.cern.ch
  timeleft: 471:06:59  (19.6 days)

 error: 
 retcode : 0
DEBUG 2024-02-22 20:34:28.583 UTC: 	 Myproxy is valid: 1695960
DEBUG 2024-02-22 20:34:28.583 UTC: 	 Result of myproxy credential check:
  Credential exists on myproxy: username: db438794163ae221c16ac5cdc1e476b2bc2ff634  - validity: 19 days, 15:06:00
DEBUG 2024-02-22 20:34:28.584 UTC: 	 Encoded data for curl request: subresource=search&workflow=240221_224200%3Ambuonsan_crab_SkimB4Mu_2023eraD-v2_stream1_Mini
DEBUG 2024-02-22 20:34:28.766 UTC: 	 Command use: resubmit
DEBUG 2024-02-22 20:34:28.766 UTC: 	 Options use: ['-d', 'crab_projects/crab_SkimB4Mu_2023eraD-v2_stream1_Mini']
DEBUG 2024-02-22 20:34:28.767 UTC: 	 Encoded data for curl request: subresource=version
DEBUG 2024-02-22 20:34:28.956 UTC: 	 CRABClient version: v3.240110
DEBUG 2024-02-22 20:34:28.956 UTC: 	 Instance is prod
DEBUG 2024-02-22 20:34:28.956 UTC: 	 Server base url is cmsweb.cern.ch
DEBUG 2024-02-22 20:34:28.956 UTC: 	 Command api workflow
DEBUG 2024-02-22 20:34:28.983 UTC: 	 CRAB Client version: v3.240110
DEBUG 2024-02-22 20:34:28.983 UTC: 	 Running on: Linux ui02.recas.ba.infn.it 3.10.0-1160.80.1.el7.x86_64 #1 SMP Tue Nov 8 15:48:59 UTC 2022 x86_64 x86_64 x86_64 GNU/Linux - CentOS Linux 7 (Core)
DEBUG 2024-02-22 20:34:28.983 UTC: 	 Executing command: 'status'
DEBUG 2024-02-22 20:34:28.984 UTC: 	 Found CRAB cache file /lustrehome/mbuonsante/.crab3
DEBUG 2024-02-22 20:34:28.986 UTC: 	 Checking credentials
DEBUG 2024-02-22 20:34:28.986 UTC: 	 Found proxy file /tmp/x509up_u881331
DEBUG 2024-02-22 20:34:28.986 UTC: 	 Making sure it has proper VOMS extension
DEBUG 2024-02-22 20:34:28.986 UTC: 	 Executing command :
 voms-proxy-info --vo --file /tmp/x509up_u881331
DEBUG 2024-02-22 20:34:30.457 UTC: 	 output : cms

 error: 
 retcode : 0
DEBUG 2024-02-22 20:34:30.457 UTC: 	 Getting proxy life time left
DEBUG 2024-02-22 20:34:30.457 UTC: 	 Executing command :
 voms-proxy-info --actimeleft --timeleft --file /tmp/x509up_u881331
DEBUG 2024-02-22 20:34:31.656 UTC: 	 output : 399946
399945

 error: 
 retcode : 0
DEBUG 2024-02-22 20:34:31.656 UTC: 	 Proxy valid for 111:05:45 hours
DEBUG 2024-02-22 20:34:31.657 UTC: 	 Encoded data for curl request: subresource=delegatedn
DEBUG 2024-02-22 20:34:31.867 UTC: 	 Registering user credentials on myproxy for /DC=ch/DC=cern/OU=computers/CN=crab-(preprod|prod|dev)-tw(01|02|03).cern.ch|/DC=ch/DC=cern/OU=computers/CN=stefanov(m|m2).cern.ch|/DC=ch/DC=cern/OU=computers/CN=dciangot-tw.cern.ch
DEBUG 2024-02-22 20:34:31.867 UTC: 	 Executing command :
 voms-proxy-info --identity --file /tmp/x509up_u881331
DEBUG 2024-02-22 20:34:33.226 UTC: 	 output : /DC=ch/DC=cern/OU=Organic Units/OU=Users/CN=mbuonsan/CN=866052/CN=Marco Buonsante

 error: 
 retcode : 0
DEBUG 2024-02-22 20:34:33.227 UTC: 	 Getting myproxy life time left for db438794163ae221c16ac5cdc1e476b2bc2ff634
DEBUG 2024-02-22 20:34:33.227 UTC: 	 Executing command :
 myproxy-info -s myproxy.cern.ch -l db438794163ae221c16ac5cdc1e476b2bc2ff634
DEBUG 2024-02-22 20:34:33.609 UTC: 	 output : username: db438794163ae221c16ac5cdc1e476b2bc2ff634
owner: /DC=ch/DC=cern/OU=Organic Units/OU=Users/CN=mbuonsan/CN=866052/CN=Marco Buonsante
  renewal policy: /DC=ch/DC=cern/OU=computers/CN=crab-(preprod|prod|dev)-tw(01|02|03).cern.ch|/DC=ch/DC=cern/OU=computers/CN=stefanov(m|m2).cern.ch|/DC=ch/DC=cern/OU=computers/CN=dciangot-tw.cern.ch
  trusted retrieval policy: /DC=ch/DC=cern/OU=computers/CN=crab-(preprod|prod|dev)-tw(01|02|03).cern.ch|/DC=ch/DC=cern/OU=computers/CN=stefanov(m|m2).cern.ch|/DC=ch/DC=cern/OU=computers/CN=dciangot-tw.cern.ch
  timeleft: 471:06:54  (19.6 days)

 error: 
 retcode : 0
DEBUG 2024-02-22 20:34:33.610 UTC: 	 Myproxy is valid: 1695960
DEBUG 2024-02-22 20:34:33.610 UTC: 	 Result of myproxy credential check:
  Credential exists on myproxy: username: db438794163ae221c16ac5cdc1e476b2bc2ff634  - validity: 19 days, 15:06:00
DEBUG 2024-02-22 20:34:33.610 UTC: 	 Retrieving username ...
DEBUG 2024-02-22 20:34:33.610 UTC: 	 Retrieving username from CRIC...
DEBUG 2024-02-22 20:34:34.581 UTC: 	 username is mbuonsan
INFO 2024-02-22 20:34:36.162 UTC: 	 Rucio client intialized for account mbuonsan
DEBUG 2024-02-22 20:34:36.163 UTC: 	 Command use: status
DEBUG 2024-02-22 20:34:36.163 UTC: 	 Options use: []
DEBUG 2024-02-22 20:34:36.163 UTC: 	 Encoded data for curl request: subresource=version
DEBUG 2024-02-22 20:34:36.340 UTC: 	 CRABClient version: v3.240110
DEBUG 2024-02-22 20:34:36.340 UTC: 	 Instance is prod
DEBUG 2024-02-22 20:34:36.340 UTC: 	 Server base url is cmsweb.cern.ch
DEBUG 2024-02-22 20:34:36.341 UTC: 	 Command api workflow
DEBUG 2024-02-22 20:34:36.341 UTC: 	 Encoded data for curl request: subresource=search&workflow=240221_224200%3Ambuonsan_crab_SkimB4Mu_2023eraD-v2_stream1_Mini
DEBUG 2024-02-22 20:34:36.576 UTC: 	 Got information from server oracle database: {'desc': {'columns': ['tm_taskname', 'tm_activity', 'panda_jobset_id', 'tm_task_status', 'tm_task_command', 'tm_start_time', 'tm_start_injection', 'tm_end_injection', 'tm_task_failure', 'tm_job_sw', 'tm_job_arch', 'tm_input_dataset', 'tm_nonvalid_input_dataset', 'tm_use_parent', 'tm_site_whitelist', 'tm_site_blacklist', 'tm_split_algo', 'tm_split_args', 'tm_user_sandbox', 'tm_cache_url', 'tm_username', 'tm_user_dn', 'tm_user_vo', 'tm_user_role', 'tm_user_group', 'tm_publish_name', 'tm_publish_groupname', 'tm_asyncdest', 'tm_dbs_url', 'tm_publish_dbs_url', 'tm_publication', 'tm_outfiles', 'tm_tfile_outfiles', 'tm_edm_outfiles', 'tm_job_type', 'tm_generator', 'tm_events_per_lumi', 'tm_arguments', 'panda_resubmitted_jobs', 'tm_save_logs', 'tw_name', 'tm_user_infiles', 'tm_maxjobruntime', 'tm_numcores', 'tm_maxmemory', 'tm_priority', 'tm_output_dataset', 'tm_task_warnings', 'tm_user_webdir', 'tm_scriptexe', 'tm_scriptargs', 'tm_extrajdl', 'tm_asourl', 'tm_collector', 'tm_schedd', 'tm_dry_run', 'tm_user_files', 'tm_transfer_outputs', 'tm_output_lfn', 'tm_ignore_locality', 'tm_fail_limit', 'tm_one_event_mode', 'tm_secondary_input_dataset', 'tm_primary_dataset', 'tm_last_publication', 'tm_debug_files', 'clusterid', 'tm_asodb', 'tm_ignore_global_blacklist', 'tm_submitter_ip_addr', 'tm_totalunits', 'tm_ddm_reqid', 'tm_user_config', 'tm_transfer_container', 'tm_transfer_rule', 'tm_publish_rule', 'tm_multipub_rule']}, 'result': ['240221_224200:mbuonsan_crab_SkimB4Mu_2023eraD-v2_stream1_Mini', 'None', 'None', 'SUBMITTED', 'SUBMIT', '2024-02-21 22:42:00.643257', 'None', '2024-02-21 22:45:30.644847', 'None', 'CMSSW_13_0_13', 'slc7_amd64_gcc11', '/ParkingDoubleMuonLowMass1/Run2023D-22Sep2023_v2-v1/MINIAOD', 'T', '0', '[]', '[]', 'LumiBased', "{'halt_job_on_file_boundaries': False, 'splitOnRun': False, 'lumis_per_job': 50, 'runs': ['369927', '369943', '369956', '369978', '369998', '369999', '370093', '370097', '370102', '370129', '370144', '370169', '370172', '370175', '370293', '370294', '370300', '370304', '370307', '370321', '370332', '370340', '370354', '370357', '370406', '370436', '370460', '370472', '370497', '370522', '370560', '370579', '370580', '370667', '370717', '370725', '370749', '370753', '370772', '370774', '370775', '370776', '370790'], 'lumis': ['37,376', '1,384', '37,1076', '31,812', '1,179', '1,41', '1,450', '1,356', '1,762', '42,123,125,552', '1,715,717,1329', '46,454,456,490,492,526,528,562,564,598,600,935,1002,1014,1016,1019,1021,1033,1035,1449', '1,300', '92,757,759,1785', '39,1618', '1,668', '1,962', '1,327', '1,708', '39,52', '1,144,146,1523,1525,1968', '24,779', '34,311', '1,801', '37,121,123,738,746,869', '1,31', '8,123', '1,32,34,43', '1,115,117,1419,1426,1436', '48,369', '62,90,92,410', '33,113,120,123', '1,2875', '1,28,30,102', '39,157', '44,392,394,456', '49,173,175,483,485,966,968,1541', '1,249', '29,1247', '1,159', '1,168', '1,326', '54,76']}", 'c21f585968b676319b78458a8dfff0d78967d784c1d5d78343c5cdc38d3be0e5.tar.gz', 'https://cmsweb.cern.ch/S3/crabcache_prod', 'mbuonsan', '/DC=ch/DC=cern/OU=Organic Units/OU=Users/CN=mbuonsan/CN=866052/CN=Marco Buonsante', 'cms', 'None', 'None', 'SkimB4Mu_2023eraD-v2_stream1_Mini-00000000000000000000000000000000', 'F', 'T2_IT_Bari', 'https://cmsweb.cern.ch/dbs/prod/global/DBSReader', 'https://cmsweb.cern.ch/dbs/prod/phys03/DBSWriter', 'T', '[]', "['TreeData.root']", '[]', 'Analysis', 'pythia', 'None', '{}', 'None', 'F', 'crab-prod-tw01', '[]', '1250', '1', '2000', '10', "['/FakeDataset/fakefile-FakePublish-588deb1404d2191ba9e0fadeb874c17e/USER']", '[]', 'http://vocms0122.cern.ch/mon/mbuonsan/240221_224200:mbuonsan_crab_SkimB4Mu_2023eraD-v2_stream1_Mini', 'None', '[]', '[]', 'None', 'cmsgwms-collector-global.cern.ch:9620,cmsgwms-collector-global.fnal.gov:9620', 'crab3@vocms0122.cern.ch', 'F', '[]', 'T', '/store/user/mbuonsan/', 'F', 'None', 'F', 'None', 'ParkingDoubleMuonLowMass1', 'None', 'efef07f54e7c8295e735bed79a93022fc31c20bd4d2687371070bc13bf304c99.tar.gz', '105830341', 'None', 'T', '188.184.75.82', '0.0', 'None', '{"partialdataset": false, "requireaccelerator": false, "acceleratorparams": null, "inputblocks": null}', 'None', 'None', 'None', 'None']}
INFO 2024-02-22 20:34:36.576 UTC: 	 CRAB project directory:		/lustrehome/mbuonsante/B_4mu/CMSSW_13_0_13/src/B4muNtuplizer/CrabSubmission/2023_eraD-v2/crab_projects/crab_SkimB4Mu_2023eraD-v2_stream1_Mini
INFO 2024-02-22 20:34:36.576 UTC: 	 Task name:			240221_224200:mbuonsan_crab_SkimB4Mu_2023eraD-v2_stream1_Mini
INFO 2024-02-22 20:34:36.576 UTC: 	 Grid scheduler - Task Worker:	crab3@vocms0122.cern.ch - crab-prod-tw01
INFO 2024-02-22 20:34:36.576 UTC: 	 Status on the CRAB server:	SUBMITTED
INFO 2024-02-22 20:34:36.577 UTC: 	 Task URL to use for HELP:	https://cmsweb.cern.ch/crabserver/ui/task/240221_224200%3Ambuonsan_crab_SkimB4Mu_2023eraD-v2_stream1_Mini
INFO 2024-02-22 20:34:36.586 UTC: 	 Dashboard monitoring URL:	https://monit-grafana.cern.ch/d/cmsTMDetail/cms-task-monitoring-task-view?orgId=11&var-user=mbuonsan&var-task=240221_224200%3Ambuonsan_crab_SkimB4Mu_2023eraD-v2_stream1_Mini&from=1708551720000&to=now
DEBUG 2024-02-22 20:34:36.586 UTC: 	 The CRAB server submitted your task to the Grid scheduler (cluster ID: 105830341)
DEBUG 2024-02-22 20:34:36.586 UTC: 	 Webdir is located at http://vocms0122.cern.ch/mon/mbuonsan/240221_224200:mbuonsan_crab_SkimB4Mu_2023eraD-v2_stream1_Mini
DEBUG 2024-02-22 20:34:36.587 UTC: 	 Encoded data for curl request: subresource=webdirprx&workflow=240221_224200%3Ambuonsan_crab_SkimB4Mu_2023eraD-v2_stream1_Mini
DEBUG 2024-02-22 20:34:36.781 UTC: 	 Proxied webdir is located at https://cmsweb.cern.ch:8443/scheddmon/0122/mbuonsan/240221_224200:mbuonsan_crab_SkimB4Mu_2023eraD-v2_stream1_Mini
DEBUG 2024-02-22 20:34:36.782 UTC: 	 Retrieving 'status_cache' file from https://cmsweb.cern.ch:8443/scheddmon/0122/mbuonsan/240221_224200:mbuonsan_crab_SkimB4Mu_2023eraD-v2_stream1_Mini/status_cache.pkl
DEBUG 2024-02-22 20:34:36.782 UTC: 	 Will execute:
curl -sS --capath /etc/grid-security/certificates --cert /tmp/x509up_u881331 --key /tmp/x509up_u881331 -o /tmp/crab_status-cache-8xe1tcwx.pkl -w %"{http_code}" "https://cmsweb.cern.ch:8443/scheddmon/0122/mbuonsan/240221_224200:mbuonsan_crab_SkimB4Mu_2023eraD-v2_stream1_Mini/status_cache.pkl"
DEBUG 2024-02-22 20:34:36.782 UTC: 	 Executing command :
 curl -sS --capath /etc/grid-security/certificates --cert /tmp/x509up_u881331 --key /tmp/x509up_u881331 -o /tmp/crab_status-cache-8xe1tcwx.pkl -w %"{http_code}" "https://cmsweb.cern.ch:8443/scheddmon/0122/mbuonsan/240221_224200:mbuonsan_crab_SkimB4Mu_2023eraD-v2_stream1_Mini/status_cache.pkl"
DEBUG 2024-02-22 20:34:36.981 UTC: 	 output : 200
 error: 
 retcode : 0
DEBUG 2024-02-22 20:34:36.981 UTC: 	 exitcode: 0
stdout: 200
stderr: 
error details: 
DEBUG 2024-02-22 20:34:36.982 UTC: 	 Got information from status cache file: {'1': {'Retries': 0, 'Restarts': 0, 'SiteHistory': ['Unknown', 'T2_UK_SGrid_RALPP', 'T2_UK_SGrid_RALPP'], 'ResidentSetSize': [1270140], 'SubmitTimes': [1708555534.0], 'StartTimes': [1708555675.0], 'EndTimes': [1708555998.0], 'TotalUserCpuTimeHistory': [170], 'TotalSysCpuTimeHistory': [10], 'WallDurations': [9.0, 220.21954941749573, 323.0], 'JobIds': ['105830343.0'], 'State': 'finished', 'RecordedSite': True}, '2': {'Retries': 0, 'Restarts': 0, 'SiteHistory': ['Unknown', 'T2_UK_London_IC', 'T2_UK_London_IC'], 'ResidentSetSize': [1871728], 'SubmitTimes': [1708555534.0], 'StartTimes': [1708555675.0], 'EndTimes': [1708557871.0], 'TotalUserCpuTimeHistory': [1895], 'TotalSysCpuTimeHistory': [61], 'WallDurations': [8.0, 220.21954941749573, 2196.0], 'JobIds': ['105830344.0'], 'State': 'finished', 'RecordedSite': True}, '3': {'Retries': 0, 'Restarts': 0, 'SiteHistory': ['Unknown', 'T3_UK_London_QMUL', 'T3_UK_London_QMUL'], 'ResidentSetSize': [1380708], 'SubmitTimes': [1708555534.0], 'StartTimes': [1708555676.0], 'EndTimes': [1708558603.0], 'TotalUserCpuTimeHistory': [2639], 'TotalSysCpuTimeHistory': [59], 'WallDurations': [8.0, 219.21954941749573, 2927.0], 'JobIds': ['105830345.0'], 'State': 'finished', 'RecordedSite': True}, '4': {'Retries': 0, 'Restarts': 0, 'SiteHistory': ['Unknown', 'T2_UK_London_IC', 'T2_UK_London_IC'], 'ResidentSetSize': [1868128], 'SubmitTimes': [1708555534.0], 'StartTimes': [1708555675.0], 'EndTimes': [1708558529.0], 'TotalUserCpuTimeHistory': [2480], 'TotalSysCpuTimeHistory': [74], 'WallDurations': [9.0, 220.21954941749573, 2854.0], 'JobIds': ['105830346.0'], 'State': 'finished', 'RecordedSite': True}, '5': {'Retries': 0, 'Restarts': 0, 'SiteHistory': ['Unknown', 'T2_UK_London_IC', 'T2_UK_London_IC'], 'ResidentSetSize': [1823292], 'SubmitTimes': [1708555534.0], 'StartTimes': [1708555675.0], 'EndTimes': [1708557925.0], 'TotalUserCpuTimeHistory': [1906], 'TotalSysCpuTimeHistory': [68], 'WallDurations': [9.0, 220.21954941749573, 2250.0], 'JobIds': ['105830347.0'], 'State': 'finished', 'RecordedSite': True}, '6': {'Retries': 0, 'Restarts': 0, 'SiteHistory': ['Unknown', 'T2_UK_London_IC', 'T2_UK_London_IC'], 'ResidentSetSize': [1563784], 'SubmitTimes': [1708555534.0], 'StartTimes': [1708555675.0], 'EndTimes': [1708558292.0], 'TotalUserCpuTimeHistory': [2347], 'TotalSysCpuTimeHistory': [66], 'WallDurations': [8.0, 220.21954941749573, 2617.0], 'JobIds': ['105830348.0'], 'State': 'finished', 'RecordedSite': True}, '7': {'Retries': 0, 'Restarts': 0, 'SiteHistory': ['Unknown', 'T2_UK_London_IC', 'T2_UK_London_IC'], 'ResidentSetSize': [1316500], 'SubmitTimes': [1708555534.0], 'StartTimes': [1708555676.0], 'EndTimes': [1708556515.0], 'TotalUserCpuTimeHistory': [703], 'TotalSysCpuTimeHistory': [23], 'WallDurations': [9.0, 219.21954941749573, 839.0], 'JobIds': ['105830349.0'], 'State': 'finished', 'RecordedSite': True}, '8': {'Retries': 0, 'Restarts': 0, 'SiteHistory': ['T2_US_Florida', 'T2_US_Florida'], 'ResidentSetSize': [1766240], 'SubmitTimes': [1708555539.0], 'StartTimes': [1708555556.0], 'EndTimes': [1708557546.0], 'TotalUserCpuTimeHistory': [1262], 'TotalSysCpuTimeHistory': [23], 'WallDurations': [10.0, 1990.0], 'JobIds': ['105830351.0'], 'State': 'finished', 'RecordedSite': True}, '9': {'Retries': 0, 'Restarts': 0, 'SiteHistory': ['Unknown', 'T2_TR_METU', 'T2_TR_METU'], 'ResidentSetSize': [1234280], 'SubmitTimes': [1708555539.0], 'StartTimes': [1708556169.0], 'EndTimes': [1708559043.0], 'TotalUserCpuTimeHistory': [2387], 'TotalSysCpuTimeHistory': [120], 'WallDurations': [8.0, 26.413447380065918, 2874.0], 'JobIds': ['105830352.0'], 'State': 'finished', 'RecordedSite': True}, '10': {'Retries': 0, 'Restarts': 0, 'SiteHistory': ['Unknown', 'T2_IT_Legnaro', 'T2_IT_Legnaro'], 'ResidentSetSize': [1424944], 'SubmitTimes': [1708555539.0], 'StartTimes': [1708557666.0], 'EndTimes': [1708558445.0], 'TotalUserCpuTimeHistory': [663], 'TotalSysCpuTimeHistory': [22], 'WallDurations': [8.0, 36.155261516571045, 779.0], 'JobIds': ['105830353.0'], 'State': 'finished', 'RecordedSite': True}, '11': {'Retries': 0, 'Restarts': 0, 'SiteHistory': ['Unknown', 'T2_IT_Legnaro', 'T2_IT_Legnaro'], 'ResidentSetSize': [1338768], 'SubmitTimes': [1708555539.0], 'StartTimes': [1708557667.0], 'EndTimes': [1708559911.0], 'TotalUserCpuTimeHistory': [2012], 'TotalSysCpuTimeHistory': [64], 'WallDurations': [9.0, 35.155261516571045, 2244.0], 'JobIds': ['105830354.0'], 'State': 'finished', 'RecordedSite': True}, '12': {'Retries': 0, 'Restarts': 0, 'SiteHistory': ['Unknown', 'T2_IT_Legnaro', 'T2_IT_Legnaro'], 'ResidentSetSize': [1456120], 'SubmitTimes': [1708555539.0], 'StartTimes': [1708557668.0], 'EndTimes': [1708559434.0], 'TotalUserCpuTimeHistory': [1615], 'TotalSysCpuTimeHistory': [38], 'WallDurations': [8.0, 34.155261516571045, 1766.0], 'JobIds': ['105830355.0'], 'State': 'finished', 'RecordedSite': True}, '13': {'Retries': 0, 'Restarts': 0, 'SiteHistory': ['Unknown', 'T2_IT_Legnaro', 'T2_IT_Legnaro'], 'ResidentSetSize': [1560280], 'SubmitTimes': [1708555539.0], 'StartTimes': [1708557667.0], 'EndTimes': [1708559210.0], 'TotalUserCpuTimeHistory': [1407], 'TotalSysCpuTimeHistory': [30], 'WallDurations': [9.0, 35.155261516571045, 1543.0], 'JobIds': ['105830356.0'], 'State': 'finished', 'RecordedSite': True}, '14': {'Retries': 0, 'Restarts': 0, 'SiteHistory': ['Unknown', 'T2_IT_Legnaro', 'T2_IT_Legnaro'], 'ResidentSetSize': [1551244], 'SubmitTimes': [1708555539.0], 'StartTimes': [1708557667.0], 'EndTimes': [1708559175.0], 'TotalUserCpuTimeHistory': [1380], 'TotalSysCpuTimeHistory': [31], 'WallDurations': [10.0, 35.155261516571045, 1508.0], 'JobIds': ['105830357.0'], 'State': 'finished', 'RecordedSite': True}, '15': {'Retries': 0, 'Restarts': 0, 'SiteHistory': ['Unknown', 'T2_IT_Legnaro', 'T2_IT_Legnaro'], 'ResidentSetSize': [1506248], 'SubmitTimes': [1708555539.0], 'StartTimes': [1708557668.0], 'EndTimes': [1708559163.0], 'TotalUserCpuTimeHistory': [1367], 'TotalSysCpuTimeHistory': [36], 'WallDurations': [8.0, 34.155261516571045, 1495.0], 'JobIds': ['105830358.0'], 'State': 'finished', 'RecordedSite': True}, '16': {'Retries': 0, 'Restarts': 0, 'SiteHistory': ['Unknown', 'T2_IT_Legnaro', 'T2_IT_Legnaro'], 'ResidentSetSize': [1411728], 'SubmitTimes': [1708555539.0], 'StartTimes': [1708557668.0], 'EndTimes': [1708559778.0], 'TotalUserCpuTimeHistory': [1871], 'TotalSysCpuTimeHistory': [68], 'WallDurations': [8.0, 34.155261516571045, 2110.0], 'JobIds': ['105830359.0'], 'State': 'finished', 'RecordedSite': True}, '17': {'Retries': 0, 'Restarts': 0, 'SiteHistory': ['Unknown', 'T2_IT_Legnaro', 'T2_IT_Legnaro'], 'ResidentSetSize': [1533636], 'SubmitTimes': [1708555539.0], 'StartTimes': [1708557668.0], 'EndTimes': [1708558881.0], 'TotalUserCpuTimeHistory': [1108], 'TotalSysCpuTimeHistory': [25], 'WallDurations': [8.0, 34.155261516571045, 1213.0], 'JobIds': ['105830360.0'], 'State': 'finished', 'RecordedSite': True}, '18': {'Retries': 0, 'Restarts': 0, 'SiteHistory': ['Unknown', 'T2_IT_Legnaro', 'T2_IT_Legnaro'], 'ResidentSetSize': [1419316], 'SubmitTimes': [1708555539.0], 'StartTimes': [1708557667.0], 'EndTimes': [1708558750.0], 'TotalUserCpuTimeHistory': [967], 'TotalSysCpuTimeHistory': [29], 'WallDurations': [9.0, 35.155261516571045, 1083.0], 'JobIds': ['105830361.0'], 'State': 'finished', 'RecordedSite': True}, '19': {'Retries': 0, 'Restarts': 0, 'SiteHistory': ['Unknown', 'T2_IT_Legnaro', 'T2_IT_Legnaro'], 'ResidentSetSize': [1403032], 'SubmitTimes': [1708555539.0], 'StartTimes': [1708557669.0], 'EndTimes': [1708558750.0], 'TotalUserCpuTimeHistory': [958], 'TotalSysCpuTimeHistory': [29], 'WallDurations': [8.0, 33.155261516571045, 1081.0], 'JobIds': ['105830362.0'], 'State': 'finished', 'RecordedSite': True}, '20': {'Retries': 0, 'Restarts': 0, 'SiteHistory': ['Unknown', 'T2_IT_Legnaro', 'T2_IT_Legnaro'], 'ResidentSetSize': [1261672], 'SubmitTimes': [1708555539.0], 'StartTimes': [1708557668.0], 'EndTimes': [1708558489.0], 'TotalUserCpuTimeHistory': [721], 'TotalSysCpuTimeHistory': [22], 'WallDurations': [8.0, 34.155261516571045, 821.0], 'JobIds': ['105830363.0'], 'State': 'finished', 'RecordedSite': True}, '21': {'Retries': 0, 'Restarts': 0, 'SiteHistory': ['Unknown', 'T2_IT_Legnaro', 'T2_IT_Legnaro'], 'ResidentSetSize': [1274072], 'SubmitTimes': [1708555539.0], 'StartTimes': [1708557668.0], 'EndTimes': [1708558863.0], 'TotalUserCpuTimeHistory': [1038], 'TotalSysCpuTimeHistory': [41], 'WallDurations': [9.0, 34.155261516571045, 1195.0], 'JobIds': ['105830364.0'], 'State': 'finished', 'RecordedSite': True}, '22': {'Retries': 0, 'Restarts': 0, 'SiteHistory': ['Unknown', 'T2_IT_Legnaro', 'T2_IT_Legnaro'], 'ResidentSetSize': [1438156], 'SubmitTimes': [1708555539.0], 'StartTimes': [1708557668.0], 'EndTimes': [1708558944.0], 'TotalUserCpuTimeHistory': [1155], 'TotalSysCpuTimeHistory': [34], 'WallDurations': [9.0, 34.155261516571045, 1276.0], 'JobIds': ['105830365.0'], 'State': 'finished', 'RecordedSite': True}, '23': {'Retries': 0, 'Restarts': 0, 'SiteHistory': ['Unknown', 'T2_IT_Legnaro', 'T2_IT_Legnaro'], 'ResidentSetSize': [1267560], 'SubmitTimes': [1708555539.0], 'StartTimes': [1708557668.0], 'EndTimes': [1708558240.0], 'TotalUserCpuTimeHistory': [491], 'TotalSysCpuTimeHistory': [16], 'WallDurations': [9.0, 34.155261516571045, 572.0], 'JobIds': ['105830366.0'], 'State': 'finished', 'RecordedSite': True}, '24': {'Retries': 0, 'Restarts': 0, 'SiteHistory': ['Unknown', 'T2_US_Purdue', 'T2_US_Purdue'], 'ResidentSetSize': [1441468], 'SubmitTimes': [1708555539.0], 'StartTimes': [1708557780.0], 'EndTimes': [1708559914.0], 'TotalUserCpuTimeHistory': [1674], 'TotalSysCpuTimeHistory': [66], 'WallDurations': [9.0, 223.4144570827484, 2134.0], 'JobIds': ['105830367.0'], 'State': 'finished', 'RecordedSite': True}, '25': {'Retries': 0, 'Restarts': 0, 'SiteHistory': ['Unknown', 'T2_US_Purdue', 'T2_US_Purdue'], 'ResidentSetSize': [1333680], 'SubmitTimes': [1708555539.0], 'StartTimes': [1708557780.0], 'EndTimes': [1708559403.0], 'TotalUserCpuTimeHistory': [1269], 'TotalSysCpuTimeHistory': [42], 'WallDurations': [9.0, 223.4144570827484, 1623.0], 'JobIds': ['105830368.0'], 'State': 'finished', 'RecordedSite': True}, '26': {'Retries': 0, 'Restarts': 0, 'SiteHistory': ['Unknown', 'T2_US_Purdue', 'T2_US_Purdue'], 'ResidentSetSize': [1465348], 'SubmitTimes': [1708555539.0], 'StartTimes': [1708557780.0], 'EndTimes': [1708559782.0], 'TotalUserCpuTimeHistory': [1582], 'TotalSysCpuTimeHistory': [53], 'WallDurations': [10.0, 223.4144570827484, 2002.0], 'JobIds': ['105830369.0'], 'State': 'finished', 'RecordedSite': True}, '27': {'Retries': 0, 'Restarts': 0, 'SiteHistory': ['Unknown', 'T2_US_Purdue', 'T2_US_Purdue'], 'ResidentSetSize': [1568544], 'SubmitTimes': [1708555539.0], 'StartTimes': [1708557779.0], 'EndTimes': [1708560266.0], 'TotalUserCpuTimeHistory': [2043], 'TotalSysCpuTimeHistory': [60], 'WallDurations': [9.0, 224.4144570827484, 2487.0], 'JobIds': ['105830370.0'], 'State': 'finished', 'RecordedSite': True}, '29': {'Retries': 0, 'Restarts': 0, 'SiteHistory': ['Unknown', 'T2_US_Purdue', 'T2_US_Purdue'], 'ResidentSetSize': [1581604], 'SubmitTimes': [1708555539.0], 'StartTimes': [1708557781.0], 'EndTimes': [1708560645.0], 'TotalUserCpuTimeHistory': [2360], 'TotalSysCpuTimeHistory': [68], 'WallDurations': [9.0, 222.4144570827484, 2864.0], 'JobIds': ['105830371.0'], 'State': 'finished', 'RecordedSite': True}, '30': {'Retries': 0, 'Restarts': 0, 'SiteHistory': ['Unknown', 'T2_US_Purdue', 'T2_US_Purdue'], 'ResidentSetSize': [1568076], 'SubmitTimes': [1708555539.0], 'StartTimes': [1708557786.0], 'EndTimes': [1708560533.0], 'TotalUserCpuTimeHistory': [2294], 'TotalSysCpuTimeHistory': [72], 'WallDurations': [8.0, 217.4144570827484, 2747.0], 'JobIds': ['105830372.0'], 'State': 'finished', 'RecordedSite': True}, '31': {'Retries': 0, 'Restarts': 0, 'SiteHistory': ['Unknown', 'T2_US_Purdue', 'T2_US_Purdue'], 'ResidentSetSize': [1566268], 'SubmitTimes': [1708555539.0], 'StartTimes': [1708557786.0], 'EndTimes': [1708560967.0], 'TotalUserCpuTimeHistory': [2696], 'TotalSysCpuTimeHistory': [73], 'WallDurations': [9.0, 217.4144570827484, 3181.0], 'JobIds': ['105830373.0'], 'State': 'finished', 'RecordedSite': True}, '32': {'Retries': 0, 'Restarts': 0, 'SiteHistory': ['Unknown', 'T2_US_Purdue', 'T2_US_Purdue'], 'ResidentSetSize': [1559764], 'SubmitTimes': [1708555539.0], 'StartTimes': [1708557786.0], 'EndTimes': [1708560562.0], 'TotalUserCpuTimeHistory': [2263], 'TotalSysCpuTimeHistory': [67], 'WallDurations': [9.0, 217.4144570827484, 2776.0], 'JobIds': ['105830374.0'], 'State': 'finished', 'RecordedSite': True}, '33': {'Retries': 0, 'Restarts': 0, 'SiteHistory': ['Unknown', 'T2_US_Purdue', 'T2_US_Purdue'], 'ResidentSetSize': [1565168], 'SubmitTimes': [1708555539.0], 'StartTimes': [1708557786.0], 'EndTimes': [1708561290.0], 'TotalUserCpuTimeHistory': [3024], 'TotalSysCpuTimeHistory': [68], 'WallDurations': [9.0, 217.4144570827484, 3504.0], 'JobIds': ['105830375.0'], 'State': 'finished', 'RecordedSite': True}, '34': {'Retries': 0, 'Restarts': 0, 'SiteHistory': ['Unknown', 'T2_US_Purdue', 'T2_US_Purdue'], 'ResidentSetSize': [1557584], 'SubmitTimes': [1708555539.0], 'StartTimes': [1708557786.0], 'EndTimes': [1708560812.0], 'TotalUserCpuTimeHistory': [2433], 'TotalSysCpuTimeHistory': [67], 'WallDurations': [9.0, 217.4144570827484, 3026.0], 'JobIds': ['105830376.0'], 'State': 'finished', 'RecordedSite': True}, '35': {'Retries': 0, 'Restarts': 0, 'SiteHistory': ['Unknown', 'T2_US_Purdue', 'T2_US_Purdue'], 'ResidentSetSize': [1563372], 'SubmitTimes': [1708555539.0], 'StartTimes': [1708557788.0], 'EndTimes': [1708560959.0], 'TotalUserCpuTimeHistory': [2722], 'TotalSysCpuTimeHistory': [65], 'WallDurations': [9.0, 215.4144570827484, 3171.0], 'JobIds': ['105830377.0'], 'State': 'finished', 'RecordedSite': True}, '36': {'Retries': 0, 'Restarts': 0, 'SiteHistory': ['Unknown', 'T2_US_Purdue', 'T2_US_Purdue'], 'ResidentSetSize': [1566132], 'SubmitTimes': [1708555539.0], 'StartTimes': [1708557787.0], 'EndTimes': [1708560460.0], 'TotalUserCpuTimeHistory': [2217], 'TotalSysCpuTimeHistory': [63], 'WallDurations': [8.0, 216.4144570827484, 2673.0], 'JobIds': ['105830378.0'], 'State': 'finished', 'RecordedSite': True}, '37': {'Retries': 0, 'Restarts': 0, 'SiteHistory': ['Unknown', 'T2_US_Purdue', 'T2_US_Purdue'], 'ResidentSetSize': [1566520], 'SubmitTimes': [1708555539.0], 'StartTimes': [1708557787.0], 'EndTimes': [1708560466.0], 'TotalUserCpuTimeHistory': [2273], 'TotalSysCpuTimeHistory': [61], 'WallDurations': [8.0, 216.4144570827484, 2679.0], 'JobIds': ['105830379.0'], 'State': 'finished', 'RecordedSite': True}, '38': {'Retries': 0, 'Restarts': 0, 'SiteHistory': ['Unknown', 'T2_US_Purdue', 'T2_US_Purdue'], 'ResidentSetSize': [1558888], 'SubmitTimes': [1708555539.0], 'StartTimes': [1708557789.0], 'EndTimes': [1708560699.0], 'TotalUserCpuTimeHistory': [2383], 'TotalSysCpuTimeHistory': [65], 'WallDurations': [8.0, 214.4144570827484, 2910.0], 'JobIds': ['105830380.0'], 'State': 'finished', 'RecordedSite': True}, '39': {'Retries': 0, 'Restarts': 0, 'SiteHistory': ['Unknown', 'T2_US_Purdue', 'T2_US_Purdue'], 'ResidentSetSize': [1539072], 'SubmitTimes': [1708555539.0], 'StartTimes': [1708557789.0], 'EndTimes': [1708560608.0], 'TotalUserCpuTimeHistory': [2254], 'TotalSysCpuTimeHistory': [63], 'WallDurations': [8.0, 214.4144570827484, 2819.0], 'JobIds': ['105830381.0'], 'State': 'finished', 'RecordedSite': True}, '40': {'Retries': 0, 'Restarts': 0, 'SiteHistory': ['Unknown', 'T2_US_Purdue', 'T2_US_Purdue'], 'ResidentSetSize': [1448548], 'SubmitTimes': [1708555539.0], 'StartTimes': [1708557789.0], 'EndTimes': [1708559966.0], 'TotalUserCpuTimeHistory': [1777], 'TotalSysCpuTimeHistory': [63], 'WallDurations': [9.0, 214.4144570827484, 2177.0], 'JobIds': ['105830382.0'], 'State': 'finished', 'RecordedSite': True}, '41': {'Retries': 0, 'Restarts': 0, 'SiteHistory': ['Unknown', 'T2_US_Purdue', 'T2_US_Purdue'], 'ResidentSetSize': [1533260], 'SubmitTimes': [1708555540.0], 'StartTimes': [1708557789.0], 'EndTimes': [1708560181.0], 'TotalUserCpuTimeHistory': [1849], 'TotalSysCpuTimeHistory': [56], 'WallDurations': [9.0, 214.4144570827484, 2392.0], 'JobIds': ['105830383.0'], 'State': 'finished', 'RecordedSite': True}, '42': {'Retries': 0, 'Restarts': 0, 'SiteHistory': ['Unknown', 'T2_US_Purdue', 'T2_US_Purdue'], 'ResidentSetSize': [1456596], 'SubmitTimes': [1708555540.0], 'StartTimes': [1708557790.0], 'EndTimes': [1708560216.0], 'TotalUserCpuTimeHistory': [1972], 'TotalSysCpuTimeHistory': [58], 'WallDurations': [9.0, 213.4144570827484, 2426.0], 'JobIds': ['105830384.0'], 'State': 'finished', 'RecordedSite': True}, '43': {'Retries': 0, 'Restarts': 0, 'SiteHistory': ['Unknown', 'T2_US_Purdue', 'T2_US_Purdue'], 'ResidentSetSize': [1424388], 'SubmitTimes': [1708555540.0], 'StartTimes': [1708557789.0], 'EndTimes': [1708559435.0], 'TotalUserCpuTimeHistory': [1296], 'TotalSysCpuTimeHistory': [45], 'WallDurations': [9.0, 214.4144570827484, 1646.0], 'JobIds': ['105830385.0'], 'State': 'finished', 'RecordedSite': True}, '44': {'Retries': 0, 'Restarts': 0, 'SiteHistory': ['Unknown', 'T2_US_Purdue', 'T2_US_Purdue'], 'ResidentSetSize': [1421260], 'SubmitTimes': [1708555540.0], 'StartTimes': [1708557790.0], 'EndTimes': [1708559441.0], 'TotalUserCpuTimeHistory': [1242], 'TotalSysCpuTimeHistory': [42], 'WallDurations': [8.0, 213.4144570827484, 1651.0], 'JobIds': ['105830386.0'], 'State': 'finished', 'RecordedSite': True}, '45': {'Retries': 0, 'Restarts': 0, 'SiteHistory': ['Unknown', 'T2_US_Purdue', 'T2_US_Purdue'], 'ResidentSetSize': [1440196], 'SubmitTimes': [1708555540.0], 'StartTimes': [1708557790.0], 'EndTimes': [1708559779.0], 'TotalUserCpuTimeHistory': [1562], 'TotalSysCpuTimeHistory': [50], 'WallDurations': [10.0, 213.4144570827484, 1989.0], 'JobIds': ['105830387.0'], 'State': 'finished', 'RecordedSite': True}, '46': {'Retries': 0, 'Restarts': 0, 'SiteHistory': ['Unknown', 'T2_US_Purdue', 'T2_US_Purdue'], 'ResidentSetSize': [1560276], 'SubmitTimes': [1708555540.0], 'StartTimes': [1708557790.0], 'EndTimes': [1708560304.0], 'TotalUserCpuTimeHistory': [2081], 'TotalSysCpuTimeHistory': [59], 'WallDurations': [9.0, 213.4144570827484, 2514.0], 'JobIds': ['105830388.0'], 'State': 'finished', 'RecordedSite': True}, '47': {'Retries': 0, 'Restarts': 0, 'SiteHistory': ['Unknown', 'T2_US_Purdue', 'T2_US_Purdue'], 'ResidentSetSize': [1559748], 'SubmitTimes': [1708555540.0], 'StartTimes': [1708557790.0], 'EndTimes': [1708560658.0], 'TotalUserCpuTimeHistory': [2415], 'TotalSysCpuTimeHistory': [64], 'WallDurations': [9.0, 213.4144570827484, 2868.0], 'JobIds': ['105830389.0'], 'State': 'finished', 'RecordedSite': True}, '48': {'Retries': 1, 'Restarts': 0, 'SiteHistory': ['Unknown', 'T2_US_Purdue', 'T2_US_Purdue', 'Unknown', 'T2_IT_Bari', 'T2_IT_Bari'], 'ResidentSetSize': [1545480, 1457536], 'SubmitTimes': [1708555540.0, 1708563079.0], 'StartTimes': [1708557791.0, 1708563176.0], 'EndTimes': [1708561210.0, 1708568022.0], 'TotalUserCpuTimeHistory': [2929, 4311], 'TotalSysCpuTimeHistory': [74, 133], 'WallDurations': [8.0, 212.4144570827484, 3419.0, 9.0, 258.54145765304565, 4846.0], 'JobIds': ['105830390.0', '105831124.0'], 'State': 'finished', 'RecordedSite': True}, '49': {'Retries': 0, 'Restarts': 0, 'SiteHistory': ['Unknown', 'T2_US_Purdue', 'T2_US_Purdue'], 'ResidentSetSize': [1558352], 'SubmitTimes': [1708555540.0], 'StartTimes': [1708557790.0], 'EndTimes': [1708560532.0], 'TotalUserCpuTimeHistory': [2093], 'TotalSysCpuTimeHistory': [65], 'WallDurations': [9.0, 213.4144570827484, 2742.0], 'JobIds': ['105830391.0'], 'State': 'finished', 'RecordedSite': True}, '50': {'Retries': 0, 'Restarts': 0, 'SiteHistory': ['Unknown', 'T2_US_Purdue', 'T2_US_Purdue'], 'ResidentSetSize': [1565684], 'SubmitTimes': [1708555540.0], 'StartTimes': [1708557790.0], 'EndTimes': [1708560211.0], 'TotalUserCpuTimeHistory': [1964], 'TotalSysCpuTimeHistory': [63], 'WallDurations': [9.0, 213.4144570827484, 2421.0], 'JobIds': ['105830392.0'], 'State': 'finished', 'RecordedSite': True}, '51': {'Retries': 0, 'Restarts': 0, 'SiteHistory': ['Unknown', 'T2_US_Purdue', 'T2_US_Purdue'], 'ResidentSetSize': [1557376], 'SubmitTimes': [1708555540.0], 'StartTimes': [1708557791.0], 'EndTimes': [1708560770.0], 'TotalUserCpuTimeHistory': [2533], 'TotalSysCpuTimeHistory': [65], 'WallDurations': [9.0, 212.4144570827484, 2979.0], 'JobIds': ['105830393.0'], 'State': 'finished', 'RecordedSite': True}, '52': {'Retries': 0, 'Restarts': 0, 'SiteHistory': ['Unknown', 'T2_US_Purdue', 'T2_US_Purdue'], 'ResidentSetSize': [1525280], 'SubmitTimes': [1708555540.0], 'StartTimes': [1708557790.0], 'EndTimes': [1708560061.0], 'TotalUserCpuTimeHistory': [1679], 'TotalSysCpuTimeHistory': [56], 'WallDurations': [9.0, 213.4144570827484, 2271.0], 'JobIds': ['105830394.0'], 'State': 'finished', 'RecordedSite': True}, '54': {'Retries': 0, 'Restarts': 0, 'SiteHistory': ['Unknown', 'T2_US_Purdue', 'T2_US_Purdue'], 'ResidentSetSize': [1402840], 'SubmitTimes': [1708555540.0], 'StartTimes': [1708558294.0], 'EndTimes': [1708559981.0], 'TotalUserCpuTimeHistory': [1295], 'TotalSysCpuTimeHistory': [42], 'WallDurations': [8.0, 10.866157531738281, 1687.0], 'JobIds': ['105830395.0'], 'State': 'finished', 'RecordedSite': True}, '55': {'Retries': 0, 'Restarts': 0, 'SiteHistory': ['Unknown', 'T2_US_Purdue', 'T2_US_Purdue'], 'ResidentSetSize': [1274788], 'SubmitTimes': [1708555540.0], 'StartTimes': [1708558292.0], 'EndTimes': [1708559931.0], 'TotalUserCpuTimeHistory': [1144], 'TotalSysCpuTimeHistory': [44], 'WallDurations': [9.0, 12.866157531738281, 1639.0], 'JobIds': ['105830396.0'], 'State': 'finished', 'RecordedSite': True}, '56': {'Retries': 0, 'Restarts': 0, 'SiteHistory': ['Unknown', 'T2_US_Purdue', 'T2_US_Purdue'], 'ResidentSetSize': [1258372], 'SubmitTimes': [1708555540.0], 'StartTimes': [1708558292.0], 'EndTimes': [1708559265.0], 'TotalUserCpuTimeHistory': [705], 'TotalSysCpuTimeHistory': [29], 'WallDurations': [9.0, 12.866157531738281, 973.0], 'JobIds': ['105830397.0'], 'State': 'finished', 'RecordedSite': True}, '53': {'Retries': 0, 'Restarts': 0, 'SiteHistory': ['Unknown', 'T2_US_Purdue', 'T2_US_Purdue'], 'ResidentSetSize': [1413600], 'SubmitTimes': [1708555540.0], 'StartTimes': [1708558293.0], 'EndTimes': [1708559730.0], 'TotalUserCpuTimeHistory': [1079], 'TotalSysCpuTimeHistory': [38], 'WallDurations': [9.0, 11.866157531738281, 1437.0], 'JobIds': ['105830398.0'], 'State': 'finished', 'RecordedSite': True}, '58': {'Retries': 0, 'Restarts': 0, 'SiteHistory': ['Unknown', 'T2_US_Purdue', 'T2_US_Purdue'], 'ResidentSetSize': [1444536], 'SubmitTimes': [1708555540.0], 'StartTimes': [1708559269.0], 'EndTimes': [1708561387.0], 'TotalUserCpuTimeHistory': [1643], 'TotalSysCpuTimeHistory': [46], 'WallDurations': [9.0, 243.43154191970825, 2118.0], 'JobIds': ['105830399.0'], 'State': 'finished', 'RecordedSite': True}, '62': {'Retries': 0, 'Restarts': 0, 'SiteHistory': ['Unknown', 'T2_BE_UCL', 'T2_BE_UCL'], 'ResidentSetSize': [1537596], 'SubmitTimes': [1708555540.0], 'StartTimes': [1708557069.0], 'EndTimes': [1708557392.0], 'TotalUserCpuTimeHistory': [244], 'TotalSysCpuTimeHistory': [6], 'WallDurations': [9.0, 30.607613801956177, 323.0], 'JobIds': ['105830400.0'], 'State': 'finished', 'RecordedSite': True}, '57': {'Retries': 0, 'Restarts': 0, 'SiteHistory': ['Unknown', 'T2_US_Purdue', 'T2_US_Purdue'], 'ResidentSetSize': [34368], 'SubmitTimes': [1708555540.0], 'StartTimes': [1708559319.0], 'EndTimes': [1708559584.0], 'TotalUserCpuTimeHistory': [78], 'TotalSysCpuTimeHistory': [5], 'WallDurations': [9.0, 193.43154191970825, 265.0], 'JobIds': ['105830401.0'], 'State': 'finished', 'RecordedSite': True}, '65': {'Retries': 0, 'Restarts': 0, 'SiteHistory': ['Unknown', 'T2_US_Purdue', 'T2_US_Purdue'], 'ResidentSetSize': [1330012], 'SubmitTimes': [1708555540.0], 'StartTimes': [1708559319.0], 'EndTimes': [1708561426.0], 'TotalUserCpuTimeHistory': [1768], 'TotalSysCpuTimeHistory': [49], 'WallDurations': [9.0, 193.43154191970825, 2107.0], 'JobIds': ['105830402.0'], 'State': 'finished', 'RecordedSite': True}, '59': {'Retries': 0, 'Restarts': 0, 'SiteHistory': ['Unknown', 'T2_US_Purdue', 'T2_US_Purdue'], 'ResidentSetSize': [1316428], 'SubmitTimes': [1708555540.0], 'StartTimes': [1708559319.0], 'EndTimes': [1708562721.0], 'TotalUserCpuTimeHistory': [2780], 'TotalSysCpuTimeHistory': [70], 'WallDurations': [9.0, 193.43154191970825, 3402.0], 'JobIds': ['105830403.0'], 'State': 'finished', 'RecordedSite': True}, '60': {'Retries': 0, 'Restarts': 0, 'SiteHistory': ['Unknown', 'T2_US_Purdue', 'T2_US_Purdue'], 'ResidentSetSize': [1288160], 'SubmitTimes': [1708555540.0], 'StartTimes': [1708559320.0], 'EndTimes': [1708560193.0], 'TotalUserCpuTimeHistory': [600], 'TotalSysCpuTimeHistory': [17], 'WallDurations': [9.0, 192.43154191970825, 873.0], 'JobIds': ['105830404.0'], 'State': 'finished', 'RecordedSite': True}, '61': {'Retries': 0, 'Restarts': 0, 'SiteHistory': ['Unknown', 'T2_DE_RWTH', 'T2_DE_RWTH'], 'ResidentSetSize': [1461152], 'SubmitTimes': [1708555540.0], 'StartTimes': [1708556915.0], 'EndTimes': [1708558498.0], 'TotalUserCpuTimeHistory': [1382], 'TotalSysCpuTimeHistory': [46], 'WallDurations': [8.0, 184.60761380195618, 1583.0], 'JobIds': ['105830405.0'], 'State': 'finished', 'RecordedSite': True}, '64': {'Retries': 0, 'Restarts': 0, 'SiteHistory': ['Unknown', 'T2_US_Purdue', 'T2_US_Purdue'], 'ResidentSetSize': [49956], 'SubmitTimes': [1708555540.0], 'StartTimes': [1708559320.0], 'EndTimes': [1708559713.0], 'TotalUserCpuTimeHistory': [202], 'TotalSysCpuTimeHistory': [7], 'WallDurations': [8.0, 192.43154191970825, 393.0], 'JobIds': ['105830406.0'], 'State': 'finished', 'RecordedSite': True}, '66': {'Retries': 0, 'Restarts': 0, 'SiteHistory': ['Unknown', 'T2_US_Purdue', 'T2_US_Purdue'], 'ResidentSetSize': [1443840], 'SubmitTimes': [1708555540.0], 'StartTimes': [1708559319.0], 'EndTimes': [1708560624.0], 'TotalUserCpuTimeHistory': [996], 'TotalSysCpuTimeHistory': [29], 'WallDurations': [9.0, 193.43154191970825, 1305.0], 'JobIds': ['105830407.0'], 'State': 'finished', 'RecordedSite': True}, '68': {'Retries': 0, 'Restarts': 0, 'SiteHistory': ['Unknown', 'T2_US_Purdue', 'T2_US_Purdue'], 'ResidentSetSize': [1307500], 'SubmitTimes': [1708555540.0], 'StartTimes': [1708559319.0], 'EndTimes': [1708560143.0], 'TotalUserCpuTimeHistory': [577], 'TotalSysCpuTimeHistory': [18], 'WallDurations': [8.0, 193.43154191970825, 824.0], 'JobIds': ['105830408.0'], 'State': 'finished', 'RecordedSite': True}, '63': {'Retries': 0, 'Restarts': 0, 'SiteHistory': ['Unknown', 'T2_US_Purdue', 'T2_US_Purdue'], 'ResidentSetSize': [1320488], 'SubmitTimes': [1708555540.0], 'StartTimes': [1708559319.0], 'EndTimes': [1708560787.0], 'TotalUserCpuTimeHistory': [1132], 'TotalSysCpuTimeHistory': [33], 'WallDurations': [10.0, 193.43154191970825, 1468.0], 'JobIds': ['105830409.0'], 'State': 'finished', 'RecordedSite': True}, '67': {'Retries': 0, 'Restarts': 0, 'SiteHistory': ['Unknown', 'T2_US_Purdue', 'T2_US_Purdue'], 'ResidentSetSize': [1313912], 'SubmitTimes': [1708555540.0], 'StartTimes': [1708559319.0], 'EndTimes': [1708560302.0], 'TotalUserCpuTimeHistory': [743], 'TotalSysCpuTimeHistory': [22], 'WallDurations': [10.0, 193.43154191970825, 983.0], 'JobIds': ['105830410.0'], 'State': 'finished', 'RecordedSite': True}, '71': {'Retries': 0, 'Restarts': 0, 'SiteHistory': ['Unknown', 'T2_FR_IPHC', 'T2_FR_IPHC'], 'ResidentSetSize': [1445332], 'SubmitTimes': [1708555540.0], 'StartTimes': [1708559170.0], 'EndTimes': [1708561235.0], 'TotalUserCpuTimeHistory': [1927], 'TotalSysCpuTimeHistory': [39], 'WallDurations': [8.0, 40.7336950302124, 2065.0], 'JobIds': ['105830411.0'], 'State': 'finished', 'RecordedSite': True}, '69': {'Retries': 0, 'Restarts': 0, 'SiteHistory': ['Unknown', 'T2_FR_IPHC', 'T2_FR_IPHC'], 'ResidentSetSize': [1438824], 'SubmitTimes': [1708555540.0], 'StartTimes': [1708559172.0], 'EndTimes': [1708560483.0], 'TotalUserCpuTimeHistory': [1130], 'TotalSysCpuTimeHistory': [38], 'WallDurations': [8.0, 38.7336950302124, 1311.0], 'JobIds': ['105830412.0'], 'State': 'finished', 'RecordedSite': True}, '70': {'Retries': 0, 'Restarts': 0, 'SiteHistory': ['Unknown', 'T2_FR_IPHC', 'T2_FR_IPHC'], 'ResidentSetSize': [1452188], 'SubmitTimes': [1708555540.0], 'StartTimes': [1708559170.0], 'EndTimes': [1708560990.0], 'TotalUserCpuTimeHistory': [1680], 'TotalSysCpuTimeHistory': [43], 'WallDurations': [8.0, 40.7336950302124, 1820.0], 'JobIds': ['105830413.0'], 'State': 'finished', 'RecordedSite': True}, '73': {'Retries': 0, 'Restarts': 0, 'SiteHistory': ['Unknown', 'T2_US_Purdue', 'T2_US_Purdue'], 'ResidentSetSize': [1315780], 'SubmitTimes': [1708555540.0], 'StartTimes': [1708559320.0], 'EndTimes': [1708560853.0], 'TotalUserCpuTimeHistory': [1117], 'TotalSysCpuTimeHistory': [41], 'WallDurations': [9.0, 192.43154191970825, 1533.0], 'JobIds': ['105830414.0'], 'State': 'finished', 'RecordedSite': True}, '74': {'Retries': 0, 'Restarts': 0, 'SiteHistory': ['Unknown', 'T2_US_Purdue', 'T2_US_Purdue'], 'ResidentSetSize': [1291608], 'SubmitTimes': [1708555540.0], 'StartTimes': [1708559320.0], 'EndTimes': [1708560695.0], 'TotalUserCpuTimeHistory': [1060], 'TotalSysCpuTimeHistory': [36], 'WallDurations': [8.0, 192.43154191970825, 1375.0], 'JobIds': ['105830415.0'], 'State': 'finished', 'RecordedSite': True}, '72': {'Retries': 0, 'Restarts': 0, 'SiteHistory': ['Unknown', 'T2_FR_IPHC', 'T2_FR_IPHC'], 'ResidentSetSize': [1009000], 'SubmitTimes': [1708555540.0], 'StartTimes': [1708559172.0], 'EndTimes': [1708559918.0], 'TotalUserCpuTimeHistory': [658], 'TotalSysCpuTimeHistory': [17], 'WallDurations': [8.0, 38.7336950302124, 746.0], 'JobIds': ['105830416.0'], 'State': 'finished', 'RecordedSite': True}, '75': {'Retries': 0, 'Restarts': 0, 'SiteHistory': ['Unknown', 'T2_US_Purdue', 'T2_US_Purdue'], 'ResidentSetSize': [1320764], 'SubmitTimes': [1708555540.0], 'StartTimes': [1708559323.0], 'EndTimes': [1708561956.0], 'TotalUserCpuTimeHistory': [2223], 'TotalSysCpuTimeHistory': [57], 'WallDurations': [9.0, 189.43154191970825, 2633.0], 'JobIds': ['105830417.0'], 'State': 'finished', 'RecordedSite': True}, '76': {'Retries': 0, 'Restarts': 0, 'SiteHistory': ['Unknown', 'T2_US_Purdue', 'T2_US_Purdue'], 'ResidentSetSize': [1321796], 'SubmitTimes': [1708555540.0], 'StartTimes': [1708559323.0], 'EndTimes': [1708561737.0], 'TotalUserCpuTimeHistory': [1991], 'TotalSysCpuTimeHistory': [60], 'WallDurations': [8.0, 189.43154191970825, 2414.0], 'JobIds': ['105830418.0'], 'State': 'finished', 'RecordedSite': True}, '77': {'Retries': 0, 'Restarts': 0, 'SiteHistory': ['Unknown', 'T2_US_Purdue', 'T2_US_Purdue'], 'ResidentSetSize': [1328504], 'SubmitTimes': [1708555540.0], 'StartTimes': [1708559323.0], 'EndTimes': [1708561654.0], 'TotalUserCpuTimeHistory': [1855], 'TotalSysCpuTimeHistory': [64], 'WallDurations': [8.0, 189.43154191970825, 2331.0], 'JobIds': ['105830419.0'], 'State': 'finished', 'RecordedSite': True}, '83': {'Retries': 0, 'Restarts': 0, 'SiteHistory': ['Unknown', 'T2_US_Purdue', 'T2_US_Purdue'], 'ResidentSetSize': [1286372], 'SubmitTimes': [1708555540.0], 'StartTimes': [1708559323.0], 'EndTimes': [1708561160.0], 'TotalUserCpuTimeHistory': [1418], 'TotalSysCpuTimeHistory': [44], 'WallDurations': [8.0, 189.43154191970825, 1837.0], 'JobIds': ['105830420.0'], 'State': 'finished', 'RecordedSite': True}, '79': {'Retries': 0, 'Restarts': 0, 'SiteHistory': ['Unknown', 'T2_US_Purdue', 'T2_US_Purdue'], 'ResidentSetSize': [1449832], 'SubmitTimes': [1708555540.0], 'StartTimes': [1708559323.0], 'EndTimes': [1708561699.0], 'TotalUserCpuTimeHistory': [1914], 'TotalSysCpuTimeHistory': [55], 'WallDurations': [8.0, 189.43154191970825, 2376.0], 'JobIds': ['105830421.0'], 'State': 'finished', 'RecordedSite': True}, '80': {'Retries': 0, 'Restarts': 0, 'SiteHistory': ['Unknown', 'T2_US_Purdue', 'T2_US_Purdue'], 'ResidentSetSize': [1310748], 'SubmitTimes': [1708555540.0], 'StartTimes': [1708559321.0], 'EndTimes': [1708562867.0], 'TotalUserCpuTimeHistory': [3029], 'TotalSysCpuTimeHistory': [82], 'WallDurations': [9.0, 191.43154191970825, 3546.0], 'JobIds': ['105830422.0'], 'State': 'finished', 'RecordedSite': True}, '86': {'Retries': 0, 'Restarts': 0, 'SiteHistory': ['Unknown', 'T2_US_Purdue', 'T2_US_Purdue'], 'ResidentSetSize': [1307392], 'SubmitTimes': [1708555540.0], 'StartTimes': [1708559323.0], 'EndTimes': [1708563082.0], 'TotalUserCpuTimeHistory': [3083], 'TotalSysCpuTimeHistory': [83], 'WallDurations': [8.0, 189.43154191970825, 3759.0], 'JobIds': ['105830423.0'], 'State': 'finished', 'RecordedSite': True}, '78': {'Retries': 0, 'Restarts': 0, 'SiteHistory': ['Unknown', 'T2_US_Purdue', 'T2_US_Purdue'], 'ResidentSetSize': [1313520], 'SubmitTimes': [1708555540.0], 'StartTimes': [1708559323.0], 'EndTimes': [1708561403.0], 'TotalUserCpuTimeHistory': [1597], 'TotalSysCpuTimeHistory': [54], 'WallDurations': [8.0, 189.43154191970825, 2080.0], 'JobIds': ['105830424.0'], 'State': 'finished', 'RecordedSite': True}, '81': {'Retries': 0, 'Restarts': 0, 'SiteHistory': ['Unknown', 'T2_US_Purdue', 'T2_US_Purdue'], 'ResidentSetSize': [1311912], 'SubmitTimes': [1708555540.0], 'StartTimes': [1708559324.0], 'EndTimes': [1708562664.0], 'TotalUserCpuTimeHistory': [2760], 'TotalSysCpuTimeHistory': [81], 'WallDurations': [8.0, 188.43154191970825, 3340.0], 'JobIds': ['105830425.0'], 'State': 'finished', 'RecordedSite': True}, '84': {'Retries': 0, 'Restarts': 0, 'SiteHistory': ['Unknown', 'T2_US_Purdue', 'T2_US_Purdue'], 'ResidentSetSize': [1310148], 'SubmitTimes': [1708555540.0], 'StartTimes': [1708559323.0], 'EndTimes': [1708561610.0], 'TotalUserCpuTimeHistory': [1920], 'TotalSysCpuTimeHistory': [53], 'WallDurations': [9.0, 189.43154191970825, 2287.0], 'JobIds': ['105830426.0'], 'State': 'finished', 'RecordedSite': True}, '85': {'Retries': 1, 'Restarts': 0, 'SiteHistory': ['Unknown', 'T2_US_Purdue', 'T2_US_Purdue', 'T2_US_Purdue', 'T2_US_Purdue'], 'ResidentSetSize': [1313304, 1559300], 'SubmitTimes': [1708555540.0, 1708563740.0], 'StartTimes': [1708559324.0, 1708563815.0], 'EndTimes': [1708561868.0, 1708567496.0], 'TotalUserCpuTimeHistory': [2150, 3066], 'TotalSysCpuTimeHistory': [58, 72], 'WallDurations': [9.0, 188.43154191970825, 2544.0, 9.0, 3681.0], 'JobIds': ['105830427.0', '105831167.0'], 'State': 'finished', 'RecordedSite': True}, '90': {'Retries': 0, 'Restarts': 0, 'SiteHistory': ['Unknown', 'T2_US_Purdue', 'T2_US_Purdue'], 'ResidentSetSize': [1310940], 'SubmitTimes': [1708555540.0], 'StartTimes': [1708559324.0], 'EndTimes': [1708561503.0], 'TotalUserCpuTimeHistory': [1809], 'TotalSysCpuTimeHistory': [52], 'WallDurations': [8.0, 188.43154191970825, 2179.0], 'JobIds': ['105830428.0'], 'State': 'finished', 'RecordedSite': True}, '82': {'Retries': 0, 'Restarts': 0, 'SiteHistory': ['Unknown', 'T2_US_Purdue', 'T2_US_Purdue'], 'ResidentSetSize': [1303732], 'SubmitTimes': [1708555540.0], 'StartTimes': [1708559324.0], 'EndTimes': [1708561519.0], 'TotalUserCpuTimeHistory': [1821], 'TotalSysCpuTimeHistory': [51], 'WallDurations': [8.0, 188.43154191970825, 2195.0], 'JobIds': ['105830429.0'], 'State': 'finished', 'RecordedSite': True}, '89': {'Retries': 0, 'Restarts': 0, 'SiteHistory': ['Unknown', 'T2_US_Purdue', 'T2_US_Purdue'], 'ResidentSetSize': [1315708], 'SubmitTimes': [1708555540.0], 'StartTimes': [1708559326.0], 'EndTimes': [1708561602.0], 'TotalUserCpuTimeHistory': [1918], 'TotalSysCpuTimeHistory': [54], 'WallDurations': [9.0, 186.43154191970825, 2276.0], 'JobIds': ['105830430.0'], 'State': 'finished', 'RecordedSite': True}, '88': {'Retries': 0, 'Restarts': 0, 'SiteHistory': ['Unknown', 'T2_US_Purdue', 'T2_US_Purdue'], 'ResidentSetSize': [1309788], 'SubmitTimes': [1708555540.0], 'StartTimes': [1708559407.0], 'EndTimes': [1708562642.0], 'TotalUserCpuTimeHistory': [2785], 'TotalSysCpuTimeHistory': [62], 'WallDurations': [10.0, 105.43154191970825, 3235.0], 'JobIds': ['105830431.0'], 'State': 'finished', 'RecordedSite': True}, '87': {'Retries': 1, 'Restarts': 0, 'SiteHistory': ['Unknown', 'T2_US_Purdue', 'T2_US_Purdue', 'Unknown', 'T2_US_Purdue', 'T2_US_Purdue'], 'ResidentSetSize': [1454256, 1563120], 'SubmitTimes': [1708555540.0, 1708563655.0], 'StartTimes': [1708559438.0, 1708563815.0], 'EndTimes': [1708561784.0, 1708566880.0], 'TotalUserCpuTimeHistory': [1971, 2626], 'TotalSysCpuTimeHistory': [59, 67], 'WallDurations': [10.0, 74.43154191970825, 2346.0, 9.0, 221.53183913230896, 3065.0], 'JobIds': ['105830432.0', '105831158.0'], 'State': 'finished', 'RecordedSite': True}, '91': {'Retries': 0, 'Restarts': 0, 'SiteHistory': ['Unknown', 'T2_US_Purdue', 'T2_US_Purdue'], 'ResidentSetSize': [1289456], 'SubmitTimes': [1708555540.0], 'StartTimes': [1708559445.0], 'EndTimes': [1708561083.0], 'TotalUserCpuTimeHistory': [1343], 'TotalSysCpuTimeHistory': [42], 'WallDurations': [9.0, 67.43154191970825, 1638.0], 'JobIds': ['105830433.0'], 'State': 'finished', 'RecordedSite': True}, '92': {'Retries': 0, 'Restarts': 0, 'SiteHistory': ['Unknown', 'T2_US_Purdue', 'T2_US_Purdue'], 'ResidentSetSize': [1228500], 'SubmitTimes': [1708555540.0], 'StartTimes': [1708559588.0], 'EndTimes': [1708560720.0], 'TotalUserCpuTimeHistory': [862], 'TotalSysCpuTimeHistory': [26], 'WallDurations': [8.0, 226.68079829216003, 1132.0], 'JobIds': ['105830434.0'], 'State': 'finished', 'RecordedSite': True}, '93': {'Retries': 1, 'Restarts': 0, 'SiteHistory': ['Unknown', 'T2_US_Purdue', 'T2_US_Purdue', 'T2_US_Purdue', 'T2_US_Purdue'], 'ResidentSetSize': [1281840, 1291804], 'SubmitTimes': [1708555541.0, 1708563043.0], 'StartTimes': [1708559717.0, 1708563086.0], 'EndTimes': [1708561172.0, 1708564439.0], 'TotalUserCpuTimeHistory': [1092, 1028], 'TotalSysCpuTimeHistory': [37, 35], 'WallDurations': [8.0, 97.68079829216003, 1455.0, 9.0, 1353.0], 'JobIds': ['105830435.0', '105831120.0'], 'State': 'finished', 'RecordedSite': True}, '94': {'Retries': 0, 'Restarts': 0, 'SiteHistory': ['Unknown', 'T2_US_Purdue', 'T2_US_Purdue'], 'ResidentSetSize': [88268], 'SubmitTimes': [1708555541.0], 'StartTimes': [1708559734.0], 'EndTimes': [1708560082.0], 'TotalUserCpuTimeHistory': [151], 'TotalSysCpuTimeHistory': [9], 'WallDurations': [9.0, 80.68079829216003, 348.0], 'JobIds': ['105830436.0'], 'State': 'finished', 'RecordedSite': True}, '28': {'Retries': 0, 'Restarts': 0, 'SiteHistory': ['Unknown', 'T2_IT_Bari', 'T2_IT_Bari'], 'ResidentSetSize': [1307240], 'SubmitTimes': [1708555541.0], 'StartTimes': [1708559653.0], 'EndTimes': [1708562465.0], 'TotalUserCpuTimeHistory': [2454], 'TotalSysCpuTimeHistory': [46], 'WallDurations': [9.0, 161.68079829216003, 2812.0], 'JobIds': ['105830437.0'], 'State': 'finished', 'RecordedSite': True}, '95': {'Retries': 0, 'Restarts': 0, 'SiteHistory': ['Unknown', 'T2_CH_CSCS', 'T2_CH_CSCS'], 'ResidentSetSize': [1030380], 'SubmitTimes': [1708555541.0], 'StartTimes': [1708556418.0], 'EndTimes': [1708556997.0], 'TotalUserCpuTimeHistory': [331], 'TotalSysCpuTimeHistory': [9], 'WallDurations': [8.0, 78.57073616981506, 579.0], 'JobIds': ['105830438.0'], 'State': 'finished', 'RecordedSite': True}}
INFO 2024-02-22 20:34:36.982 UTC: 	 Status on the scheduler:	COMPLETED
INFO 2024-02-22 20:34:36.982 UTC: 	 
Jobs status:                    finished     		100.0% (95/95)
DEBUG 2024-02-22 20:34:36.983 UTC: 	 Encoded data for curl request: subresource=publicationstatus&workflow=240221_224200%3Ambuonsan_crab_SkimB4Mu_2023eraD-v2_stream1_Mini&username=mbuonsan
INFO 2024-02-22 20:34:37.190 UTC: 	 
Output dataset:			/FakeDataset/fakefile-FakePublish-588deb1404d2191ba9e0fadeb874c17e/USER
INFO 2024-02-22 20:34:37.190 UTC: 	 
No publication information available yet
INFO 2024-02-22 20:34:37.193 UTC: 	 
Warning: the max jobs runtime is less than 30% of the task requested value (1250 min), please consider to request a lower value for failed jobs (allowed through crab resubmit) and/or improve the jobs splitting (e.g. config.Data.splitting = 'Automatic') in a new task.
INFO 2024-02-22 20:34:37.193 UTC: 	 
Summary of run jobs:
 * Memory: 33MB min, 1827MB max, 1351MB ave
 * Runtime: 0:04:25 min, 1:20:46 max, 0:33:45 ave
 * CPU eff: 31% min, 95% max, 85% ave
 * Waste: 7:05:39 (12% of total)

DEBUG 2024-02-22 20:34:37.194 UTC: 	 Requesting resubmission of failed jobs in task 240221_224200:mbuonsan_crab_SkimB4Mu_2023eraD-v2_stream1_Mini
ERROR 2024-02-22 20:34:37.194 UTC: 	 Found no jobs to resubmit. Only jobs in status failed can be resubmitted. Jobs in status finished can also be resubmitted, but only if the jobids are specified and the force option is set.
ERROR 2024-02-22 20:34:37.194 UTC: 	 Caught ClientException exception
Traceback (most recent call last):
  File "/cvmfs/cms.cern.ch/share/cms/crab-prod/v3.240110.01/bin/crab.py", line 152, in <module>
    client()
  File "/cvmfs/cms.cern.ch/share/cms/crab-prod/v3.240110.01/bin/crab.py", line 137, in __call__
    returnDict = self.cmd()
  File "/cvmfs/cms.cern.ch/share/cms/crab-prod/v3.240110.01/lib/CRABClient/Commands/resubmit.py", line 65, in __call__
    self.jobids = self.processJobIds(jobList)
  File "/cvmfs/cms.cern.ch/share/cms/crab-prod/v3.240110.01/lib/CRABClient/Commands/resubmit.py", line 171, in processJobIds
    raise ConfigurationException(msg)
CRABClient.ClientExceptions.ConfigurationException: Found no jobs to resubmit. Only jobs in status failed can be resubmitted. Jobs in status finished can also be resubmitted, but only if the jobids are specified and the force option is set.
