DEBUG 2024-02-21 22:27:13.143 UTC: 	 CRAB Client version: v3.240110
DEBUG 2024-02-21 22:27:13.144 UTC: 	 Running on: Linux ui02.recas.ba.infn.it 3.10.0-1160.80.1.el7.x86_64 #1 SMP Tue Nov 8 15:48:59 UTC 2022 x86_64 x86_64 x86_64 GNU/Linux - CentOS Linux 7 (Core)
DEBUG 2024-02-21 22:27:13.144 UTC: 	 Executing command: 'submit'
DEBUG 2024-02-21 22:27:13.144 UTC: 	 Found CRAB cache file /lustrehome/mbuonsante/.crab3
INFO 2024-02-21 22:27:13.145 UTC: 	 Will use CRAB configuration file CRAB_stream_0.py
DEBUG 2024-02-21 22:27:13.145 UTC: 	 Loading CRAB configuration file.
DEBUG 2024-02-21 22:27:13.148 UTC: 	 Will use CRAB plugin ANALYSIS (i.e. will run an analysis job type).
DEBUG 2024-02-21 22:27:13.150 UTC: 	 Checking credentials
DEBUG 2024-02-21 22:27:13.150 UTC: 	 Found proxy file /tmp/x509up_u881331
DEBUG 2024-02-21 22:27:13.150 UTC: 	 Making sure it has proper VOMS extension
DEBUG 2024-02-21 22:27:13.150 UTC: 	 Executing command :
 voms-proxy-info --vo --file /tmp/x509up_u881331
DEBUG 2024-02-21 22:27:14.469 UTC: 	 output : cms

 error: 
 retcode : 0
DEBUG 2024-02-21 22:27:14.469 UTC: 	 Getting proxy life time left
DEBUG 2024-02-21 22:27:14.469 UTC: 	 Executing command :
 voms-proxy-info --actimeleft --timeleft --file /tmp/x509up_u881331
DEBUG 2024-02-21 22:27:15.984 UTC: 	 output : 479582
479581

 error: 
 retcode : 0
DEBUG 2024-02-21 22:27:15.984 UTC: 	 Proxy valid for 133:13:01 hours
DEBUG 2024-02-21 22:27:15.985 UTC: 	 Encoded data for curl request: subresource=delegatedn
DEBUG 2024-02-21 22:27:16.199 UTC: 	 Registering user credentials on myproxy for /DC=ch/DC=cern/OU=computers/CN=crab-(preprod|prod|dev)-tw(01|02|03).cern.ch|/DC=ch/DC=cern/OU=computers/CN=stefanov(m|m2).cern.ch|/DC=ch/DC=cern/OU=computers/CN=dciangot-tw.cern.ch
DEBUG 2024-02-21 22:27:16.199 UTC: 	 Executing command :
 voms-proxy-info --identity --file /tmp/x509up_u881331
DEBUG 2024-02-21 22:27:18.062 UTC: 	 output : /DC=ch/DC=cern/OU=Organic Units/OU=Users/CN=mbuonsan/CN=866052/CN=Marco Buonsante

 error: 
 retcode : 0
DEBUG 2024-02-21 22:27:18.063 UTC: 	 Getting myproxy life time left for db438794163ae221c16ac5cdc1e476b2bc2ff634
DEBUG 2024-02-21 22:27:18.063 UTC: 	 Executing command :
 myproxy-info -s myproxy.cern.ch -l db438794163ae221c16ac5cdc1e476b2bc2ff634
DEBUG 2024-02-21 22:27:18.427 UTC: 	 output : username: db438794163ae221c16ac5cdc1e476b2bc2ff634
owner: /DC=ch/DC=cern/OU=Organic Units/OU=Users/CN=mbuonsan/CN=866052/CN=Marco Buonsante
  renewal policy: /DC=ch/DC=cern/OU=computers/CN=crab-(preprod|prod|dev)-tw(01|02|03).cern.ch|/DC=ch/DC=cern/OU=computers/CN=stefanov(m|m2).cern.ch|/DC=ch/DC=cern/OU=computers/CN=dciangot-tw.cern.ch
  trusted retrieval policy: /DC=ch/DC=cern/OU=computers/CN=crab-(preprod|prod|dev)-tw(01|02|03).cern.ch|/DC=ch/DC=cern/OU=computers/CN=stefanov(m|m2).cern.ch|/DC=ch/DC=cern/OU=computers/CN=dciangot-tw.cern.ch
  timeleft: 493:14:09  (20.6 days)

 error: 
 retcode : 0
DEBUG 2024-02-21 22:27:18.427 UTC: 	 Myproxy is valid: 1775640
DEBUG 2024-02-21 22:27:18.427 UTC: 	 Result of myproxy credential check:
  Credential exists on myproxy: username: db438794163ae221c16ac5cdc1e476b2bc2ff634  - validity: 20 days, 13:14:00
DEBUG 2024-02-21 22:27:18.427 UTC: 	 Command use: submit
DEBUG 2024-02-21 22:27:18.427 UTC: 	 Options use: ['-c', 'CRAB_stream_0.py']
DEBUG 2024-02-21 22:27:18.427 UTC: 	 Encoded data for curl request: subresource=version
DEBUG 2024-02-21 22:27:18.616 UTC: 	 CRABClient version: v3.240110
DEBUG 2024-02-21 22:27:18.616 UTC: 	 Instance is prod
DEBUG 2024-02-21 22:27:18.616 UTC: 	 Server base url is cmsweb.cern.ch
DEBUG 2024-02-21 22:27:18.616 UTC: 	 Command api workflow
DEBUG 2024-02-21 22:27:18.616 UTC: 	 Started submission
DEBUG 2024-02-21 22:27:18.616 UTC: 	 Working on /lustrehome/mbuonsante/B_4mu/CMSSW_13_0_13/src/B4muNtuplizer/CrabSubmission/2023_eraC-v2/crab_projects/crab_SkimB4Mu_2023eraC-v2_stream0_Mini
DEBUG 2024-02-21 22:27:18.616 UTC: 	 Encoded data for curl request: subresource=backendurls
DEBUG 2024-02-21 22:27:18.923 UTC: 	 Loading required information from the environment
DEBUG 2024-02-21 22:27:18.923 UTC: 	 Found CMSSW_13_0_13 for slc7_amd64_gcc11 with base /lustrehome/mbuonsante/B_4mu/CMSSW_13_0_13
DEBUG 2024-02-21 22:27:18.924 UTC: 	 Loading required information from the environment
DEBUG 2024-02-21 22:27:18.924 UTC: 	 Found CMSSW_13_0_13 for slc7_amd64_gcc11 with base /lustrehome/mbuonsante/B_4mu/CMSSW_13_0_13
DEBUG 2024-02-21 22:27:18.924 UTC: 	 UNIQUE NAME: tarUUID ee7a31b0-8400-4c0a-ad3a-7d47419c053f 
DEBUG 2024-02-21 22:27:18.926 UTC: 	 self.config: from WMCore.Configuration import Configuration
config = Configuration()
config.section_('General')
config.General.requestName = 'SkimB4Mu_2023eraC-v2_stream0_Mini'
config.General.transferOutputs = True
config.General.transferLogs = False
config.General.workArea = 'crab_projects'
config.section_('JobType')
config.JobType.pluginName = 'Analysis'
config.JobType.allowUndistributedCMSSW = True
config.JobType.psetName = '/lustrehome/mbuonsante/B_4mu/CMSSW_13_0_13/src/B4muNtuplizer/CrabSubmission/2023_eraC-v2/PatAndTree_cfg.py'
config.section_('Data')
config.Data.inputDataset = '/ParkingDoubleMuonLowMass0/Run2023C-22Sep2023_v2-v1/MINIAOD'
config.Data.outputDatasetTag = 'SkimB4Mu_2023eraC-v2_stream0_Mini'
config.Data.allowNonValidInputDataset = True
config.Data.splitting = 'LumiBased'
config.Data.lumiMask = 'https://cms-service-dqmdc.web.cern.ch/CAF/certification/Collisions23/Cert_Collisions2023_eraC_367095_368823_Golden.json'
config.Data.unitsPerJob = 50
config.Data.inputDBS = 'global'
config.section_('Site')
config.Site.storageSite = 'T2_IT_Bari'
config.Site.ignoreGlobalBlacklist = True
config.section_('User')
config.section_('Debug')

DEBUG 2024-02-21 22:27:18.926 UTC: 	 self.config.JobType.psetName: /lustrehome/mbuonsante/B_4mu/CMSSW_13_0_13/src/B4muNtuplizer/CrabSubmission/2023_eraC-v2/PatAndTree_cfg.py
INFO 2024-02-21 22:27:18.926 UTC: 	 Importing CMSSW configuration /lustrehome/mbuonsante/B_4mu/CMSSW_13_0_13/src/B4muNtuplizer/CrabSubmission/2023_eraC-v2/PatAndTree_cfg.py
INFO 2024-02-21 22:27:21.051 UTC: 	 Finished importing CMSSW configuration /lustrehome/mbuonsante/B_4mu/CMSSW_13_0_13/src/B4muNtuplizer/CrabSubmission/2023_eraC-v2/PatAndTree_cfg.py
DEBUG 2024-02-21 22:27:21.051 UTC: 	 Writing CMSSW configuration to /lustrehome/mbuonsante/B_4mu/CMSSW_13_0_13/src/B4muNtuplizer/CrabSubmission/2023_eraC-v2/crab_projects/crab_SkimB4Mu_2023eraC-v2_stream0_Mini/inputs/PSet.py
DEBUG 2024-02-21 22:27:21.153 UTC: 	 The following EDM output files will be collected: []
DEBUG 2024-02-21 22:27:21.153 UTC: 	 The following TFile output files will be collected: ['TreeData.root']
DEBUG 2024-02-21 22:27:21.153 UTC: 	 The following user output files (not listed as PoolOuputModule or TFileService in the CMSSW PSet) will be collected: 
DEBUG 2024-02-21 22:27:21.153 UTC: 	 Loading required information from the environment
DEBUG 2024-02-21 22:27:21.153 UTC: 	 Found CMSSW_13_0_13 for slc7_amd64_gcc11 with base /lustrehome/mbuonsante/B_4mu/CMSSW_13_0_13
DEBUG 2024-02-21 22:27:21.153 UTC: 	 Making tarball in /lustrehome/mbuonsante/B_4mu/CMSSW_13_0_13/src/B4muNtuplizer/CrabSubmission/2023_eraC-v2/crab_projects/crab_SkimB4Mu_2023eraC-v2_stream0_Mini/inputs/ee7a31b0-8400-4c0a-ad3a-7d47419c053fdefault.tgz
DEBUG 2024-02-21 22:27:21.154 UTC: 	 Checking directory /lustrehome/mbuonsante/B_4mu/CMSSW_13_0_13/bin
DEBUG 2024-02-21 22:27:21.154 UTC: 	 Adding directory /lustrehome/mbuonsante/B_4mu/CMSSW_13_0_13/bin to tarball
DEBUG 2024-02-21 22:27:21.157 UTC: 	 Checking directory /lustrehome/mbuonsante/B_4mu/CMSSW_13_0_13/python
DEBUG 2024-02-21 22:27:21.157 UTC: 	 Adding directory /lustrehome/mbuonsante/B_4mu/CMSSW_13_0_13/python to tarball
DEBUG 2024-02-21 22:27:21.207 UTC: 	 Checking directory /lustrehome/mbuonsante/B_4mu/CMSSW_13_0_13/cfipython
DEBUG 2024-02-21 22:27:21.207 UTC: 	 Adding directory /lustrehome/mbuonsante/B_4mu/CMSSW_13_0_13/cfipython to tarball
DEBUG 2024-02-21 22:27:21.215 UTC: 	 Checking directory /lustrehome/mbuonsante/B_4mu/CMSSW_13_0_13/lib
DEBUG 2024-02-21 22:27:21.215 UTC: 	 Adding directory /lustrehome/mbuonsante/B_4mu/CMSSW_13_0_13/lib to tarball
DEBUG 2024-02-21 22:27:21.714 UTC: 	 Checking directory /lustrehome/mbuonsante/B_4mu/CMSSW_13_0_13/biglib
DEBUG 2024-02-21 22:27:21.714 UTC: 	 Adding directory /lustrehome/mbuonsante/B_4mu/CMSSW_13_0_13/biglib to tarball
DEBUG 2024-02-21 22:27:21.715 UTC: 	 Checking directory /lustrehome/mbuonsante/B_4mu/CMSSW_13_0_13/module
DEBUG 2024-02-21 22:27:21.715 UTC: 	 Checking directory /lustrehome/mbuonsante/B_4mu/CMSSW_13_0_13/config/SCRAM/hooks
DEBUG 2024-02-21 22:27:21.715 UTC: 	 Adding directory /lustrehome/mbuonsante/B_4mu/CMSSW_13_0_13/config/SCRAM/hooks to tarball
DEBUG 2024-02-21 22:27:21.735 UTC: 	 Adding directory /lustrehome/mbuonsante/B_4mu/CMSSW_13_0_13/src/B4muNtuplizer/SkimTools/python to tarball
DEBUG 2024-02-21 22:27:21.749 UTC: 	 Adding directory /lustrehome/mbuonsante/B_4mu/CMSSW_13_0_13/src/CommonTools/CandAlgos/interface to tarball
DEBUG 2024-02-21 22:27:21.755 UTC: 	 Adding directory /lustrehome/mbuonsante/B_4mu/CMSSW_13_0_13/src/CommonTools/CandAlgos/python to tarball
DEBUG 2024-02-21 22:27:21.953 UTC: 	 Uploading archive /lustrehome/mbuonsante/B_4mu/CMSSW_13_0_13/src/B4muNtuplizer/CrabSubmission/2023_eraC-v2/crab_projects/crab_SkimB4Mu_2023eraC-v2_stream0_Mini/inputs/ee7a31b0-8400-4c0a-ad3a-7d47419c053fdefault.tgz (0.643555.1 MB) to the CRAB cache. Using URI https://cmsweb.cern.ch/S3/crabcache_prod
DEBUG 2024-02-21 22:27:22.392 UTC: 	 Encoded data for curl request: subresource=upload&objecttype=sandbox&tarballname=c21f585968b676319b78458a8dfff0d78967d784c1d5d78343c5cdc38d3be0e5.tar.gz
DEBUG 2024-02-21 22:27:22.627 UTC: 	 sandbox c21f585968b676319b78458a8dfff0d78967d784c1d5d78343c5cdc38d3be0e5.tar.gz is already in the S3 store, will not upload again
DEBUG 2024-02-21 22:27:22.627 UTC: 	 Loading required information from the environment
DEBUG 2024-02-21 22:27:22.627 UTC: 	 Found CMSSW_13_0_13 for slc7_amd64_gcc11 with base /lustrehome/mbuonsante/B_4mu/CMSSW_13_0_13
DEBUG 2024-02-21 22:27:22.628 UTC: 	 Making tarball in /lustrehome/mbuonsante/B_4mu/CMSSW_13_0_13/src/B4muNtuplizer/CrabSubmission/2023_eraC-v2/crab_projects/crab_SkimB4Mu_2023eraC-v2_stream0_Mini/inputs/debugFiles.tgz
DEBUG 2024-02-21 22:27:22.640 UTC: 	 Uploading archive /lustrehome/mbuonsante/B_4mu/CMSSW_13_0_13/src/B4muNtuplizer/CrabSubmission/2023_eraC-v2/crab_projects/crab_SkimB4Mu_2023eraC-v2_stream0_Mini/inputs/debugFiles.tgz (2 KB) to the CRAB cache. Using URI https://cmsweb.cern.ch/S3/crabcache_prod
DEBUG 2024-02-21 22:27:22.643 UTC: 	 Encoded data for curl request: subresource=upload&objecttype=sandbox&tarballname=c4f9cae1aa3adcbf497b6d0794abbd6e628aad0e72373ffc6b35bf82debace82.tar.gz
DEBUG 2024-02-21 22:27:22.853 UTC: 	 Will execute:
curl -f -v -X POST  -H "User-Agent: CRAB" -F "key=mbuonsan/sandboxes/c4f9cae1aa3adcbf497b6d0794abbd6e628aad0e72373ffc6b35bf82debace82.tar.gz" -F "AWSAccessKeyId=ab00fcc889f248c495d2875f15a3badb" -F "policy=eyJleHBpcmF0aW9uIjogIjIwMjQtMDItMjFUMjM6Mjc6MjJaIiwgImNvbmRpdGlvbnMiOiBbeyJidWNrZXQiOiAiY3JhYmNhY2hlX3Byb2QifSwgeyJrZXkiOiAibWJ1b25zYW4vc2FuZGJveGVzL2M0ZjljYWUxYWEzYWRjYmY0OTdiNmQwNzk0YWJiZDZlNjI4YWFkMGU3MjM3M2ZmYzZiMzViZjgyZGViYWNlODIudGFyLmd6In1dfQ==" -F "signature=Pp+b8cXEcBbhmb12R6WsDAU/kw4=" -F "file=@/lustrehome/mbuonsante/B_4mu/CMSSW_13_0_13/src/B4muNtuplizer/CrabSubmission/2023_eraC-v2/crab_projects/crab_SkimB4Mu_2023eraC-v2_stream0_Mini/inputs/debugFiles.tgz" "https://s3.cern.ch/crabcache_prod"
DEBUG 2024-02-21 22:27:23.043 UTC: 	 exitcode: 0
stdout: b''
DEBUG 2024-02-21 22:27:23.044 UTC: 	 sandbox /lustrehome/mbuonsante/B_4mu/CMSSW_13_0_13/src/B4muNtuplizer/CrabSubmission/2023_eraC-v2/crab_projects/crab_SkimB4Mu_2023eraC-v2_stream0_Mini/inputs/debugFiles.tgz successully uploaded to S3
DEBUG 2024-02-21 22:27:23.044 UTC: 	 Result uploading input files: c21f585968b676319b78458a8dfff0d78967d784c1d5d78343c5cdc38d3be0e5.tar.gz 
DEBUG 2024-02-21 22:27:23.044 UTC: 	 Attaching lumi mask https://cms-service-dqmdc.web.cern.ch/CAF/certification/Collisions23/Cert_Collisions2023_eraC_367095_368823_Golden.json to the request
DEBUG 2024-02-21 22:27:23.044 UTC: 	 Downloading lumi-mask from https://cms-service-dqmdc.web.cern.ch/CAF/certification/Collisions23/Cert_Collisions2023_eraC_367095_368823_Golden.json
WARNING 2024-02-21 22:27:23.281 UTC: 	 Warning: The following output files will not be published, as they are not EDM files: ['TreeData.root']
DEBUG 2024-02-21 22:27:23.281 UTC: 	 submit() - self.configuration from WMCore.Configuration import Configuration
config = Configuration()
config.section_('General')
config.General.requestName = 'SkimB4Mu_2023eraC-v2_stream0_Mini'
config.General.transferOutputs = True
config.General.transferLogs = False
config.General.workArea = 'crab_projects'
config.section_('JobType')
config.JobType.pluginName = 'Analysis'
config.JobType.allowUndistributedCMSSW = True
config.JobType.psetName = '/lustrehome/mbuonsante/B_4mu/CMSSW_13_0_13/src/B4muNtuplizer/CrabSubmission/2023_eraC-v2/PatAndTree_cfg.py'
config.section_('Data')
config.Data.inputDataset = '/ParkingDoubleMuonLowMass0/Run2023C-22Sep2023_v2-v1/MINIAOD'
config.Data.outputDatasetTag = 'SkimB4Mu_2023eraC-v2_stream0_Mini'
config.Data.allowNonValidInputDataset = True
config.Data.splitting = 'LumiBased'
config.Data.lumiMask = 'https://cms-service-dqmdc.web.cern.ch/CAF/certification/Collisions23/Cert_Collisions2023_eraC_367095_368823_Golden.json'
config.Data.unitsPerJob = 50
config.Data.inputDBS = 'global'
config.section_('Site')
config.Site.storageSite = 'T2_IT_Bari'
config.Site.ignoreGlobalBlacklist = True
config.section_('User')
config.section_('Debug')

DEBUG 2024-02-21 22:27:23.282 UTC: 	 submit() - self.configreq {'dryrun': 0, 'workflow': 'crab_SkimB4Mu_2023eraC-v2_stream0_Mini', 'saveoutput': 1, 'savelogsflag': 0, 'inputdata': '/ParkingDoubleMuonLowMass0/Run2023C-22Sep2023_v2-v1/MINIAOD', 'primarydataset': '', 'nonvaliddata': 1, 'userfiles': [], 'dbsurl': 'https://cmsweb.cern.ch/dbs/prod/global/DBSReader', 'useparent': 0, 'ignorelocality': 0, 'splitalgo': 'LumiBased', 'algoargs': 50, 'totalunits': 0, 'publication': 1, 'publishdbsurl': 'https://cmsweb.cern.ch/dbs/prod/phys03/DBSWriter', 'publishname2': 'SkimB4Mu_2023eraC-v2_stream0_Mini', 'jobtype': 'Analysis', 'generator': 'pythia', 'addoutputfiles': [], 'maxjobruntime': 1250, 'numcores': 1, 'maxmemory': 2000, 'priority': 10, 'nonprodsw': 1, 'asyncdest': 'T2_IT_Bari', 'requireaccelerator': 0, 'oneEventMode': 0, 'extrajdl': [], 'ignoreglobalblacklist': 1, 'partialdataset': 0, 'inputblocks': []}
DEBUG 2024-02-21 22:27:23.282 UTC: 	 submit() - jobconfig {'addoutputfiles': [], 'tfileoutfiles': ['TreeData.root'], 'edmoutfiles': [], 'jobarch': 'slc7_amd64_gcc11', 'jobsw': 'CMSSW_13_0_13', 'inputdata': '/ParkingDoubleMuonLowMass0/Run2023C-22Sep2023_v2-v1/MINIAOD', 'cacheurl': 'https://cmsweb.cern.ch/S3/crabcache_prod', 'cachefilename': 'c21f585968b676319b78458a8dfff0d78967d784c1d5d78343c5cdc38d3be0e5.tar.gz', 'debugfilename': 'c4f9cae1aa3adcbf497b6d0794abbd6e628aad0e72373ffc6b35bf82debace82.tar.gz', 'runs': ['367095', '367100', '367102', '367103', '367104', '367111', '367112', '367127', '367128', '367129', '367130', '367131', '367133', '367228', '367229', '367230', '367231', '367232', '367234', '367260', '367262', '367263', '367264', '367267', '367269', '367270', '367271', '367312', '367314', '367315', '367334', '367336', '367337', '367355', '367406', '367413', '367415', '367416', '367475', '367477', '367515', '367516', '367552', '367553', '367554', '367615', '367618', '367619', '367661', '367662', '367663', '367665', '367666', '367691', '367696', '367699', '367730', '367742', '367758', '367770', '367771', '367772', '367790', '367831', '367836', '367838', '367840', '367881', '367883', '367884', '367902', '367904', '367905', '367906', '367907', '367908', '367910', '368223', '368224', '368229', '368318', '368320', '368321', '368332', '368333', '368343', '368382', '368384', '368388', '368389', '368400', '368410', '368412', '368423', '368451', '368453', '368454', '368489', '368546', '368547', '368548', '368566', '368567', '368609', '368611', '368613', '368636', '368669', '368670', '368672', '368674', '368675', '368676', '368678', '368684', '368685', '368723', '368724', '368746', '368749', '368753', '368762', '368764', '368765', '368822', '368823'], 'lumis': ['1,564', '45,390', '1,75', '1,64', '1,1082', '51,338', '1,1438', '18,350', '1,2,6,6,11,12,14,15', '1,3', '1,2,6,9,13,126,135,167', '1,149', '1,275', '55,280,285,287,292,294,298,304', '1,34', '1,1', '1,22', '1,996', '1,501', '52,69,72,240', '1,42,49,119,123,271', '10,21', '1,847', '45,322', '1,33', '1,961', '1,135', '53,225,227,269', '1,20', '1,893', '26,324', '1,169', '1,1046', '60,63', '48,476', '68,448,450,467,469,746,748,750,752,898,900,1340,1342,1367', '1,97', '1,55', '56,634', '1,1289', '44,668', '1,1236', '49,59', '1,644', '1,312', '53,484', '18,341', '1,300,302,501,503,579', '50,366', '1,18', '1,1', '1,271', '1,11,16,86', '46,204', '1,856,858,1920', '1,151', '48,562', '39,443', '52,767', '47,198', '1,91', '1,6', '1,160', '53,504', '48,588', '1,793', '1,570', '14,152', '1,1050', '1,1011', '42,273', '1,103', '1,48', '1,344', '1,119', '1,358', '1,593', '45,437,445,487', '1,57', '52,569', '37,319', '1,285', '1,337', '1,14', '1,25', '1,328', '37,792', '1,44', '39,444,448,1431,1434,1472', '1,198', '40,271', '49,1501', '1,92', '42,159,161,516', '1,144', '1,5', '1,68,72,1168', '47,791,793,827,829,863,865,899,901,935,937,971,973,1007,1009,1043,1045,1079,1081,1280,1282,1380,1382,1581,1583,1595', '1,659', '1,194,197,702', '1,75,77,86,89,90,93,280,282,1044', '1,1195', '1,31,33,411,414,436', '41,1039', '1,247,249,382', '1,260', '51,819', '42,410', '1,255,306,308', '1,866', '1,12', '1,50', '1,156', '1,171', '40,135', '1,1481', '63,63,97,188', '1,1200', '39,77', '1,169', '1,976', '45,238', '1,1', '1,1386', '45,330,332,908,910,991', '3,35'], 'jobtype': 'Analysis'}
INFO 2024-02-21 22:27:23.282 UTC: 	 Sending the request to the server at cmsweb.cern.ch
DEBUG 2024-02-21 22:27:23.282 UTC: 	 Submitting {'dryrun': 0, 'workflow': 'crab_SkimB4Mu_2023eraC-v2_stream0_Mini', 'saveoutput': 1, 'savelogsflag': 0, 'inputdata': '/ParkingDoubleMuonLowMass0/Run2023C-22Sep2023_v2-v1/MINIAOD', 'primarydataset': '', 'nonvaliddata': 1, 'userfiles': [], 'dbsurl': 'https://cmsweb.cern.ch/dbs/prod/global/DBSReader', 'useparent': 0, 'ignorelocality': 0, 'splitalgo': 'LumiBased', 'algoargs': 50, 'totalunits': 0, 'publication': 1, 'publishdbsurl': 'https://cmsweb.cern.ch/dbs/prod/phys03/DBSWriter', 'publishname2': 'SkimB4Mu_2023eraC-v2_stream0_Mini', 'jobtype': 'Analysis', 'generator': 'pythia', 'addoutputfiles': [], 'maxjobruntime': 1250, 'numcores': 1, 'maxmemory': 2000, 'priority': 10, 'nonprodsw': 1, 'asyncdest': 'T2_IT_Bari', 'requireaccelerator': 0, 'oneEventMode': 0, 'extrajdl': [], 'ignoreglobalblacklist': 1, 'partialdataset': 0, 'inputblocks': [], 'tfileoutfiles': ['TreeData.root'], 'edmoutfiles': [], 'jobarch': 'slc7_amd64_gcc11', 'jobsw': 'CMSSW_13_0_13', 'cacheurl': 'https://cmsweb.cern.ch/S3/crabcache_prod', 'cachefilename': 'c21f585968b676319b78458a8dfff0d78967d784c1d5d78343c5cdc38d3be0e5.tar.gz', 'debugfilename': 'c4f9cae1aa3adcbf497b6d0794abbd6e628aad0e72373ffc6b35bf82debace82.tar.gz', 'runs': ['367095', '367100', '367102', '367103', '367104', '367111', '367112', '367127', '367128', '367129', '367130', '367131', '367133', '367228', '367229', '367230', '367231', '367232', '367234', '367260', '367262', '367263', '367264', '367267', '367269', '367270', '367271', '367312', '367314', '367315', '367334', '367336', '367337', '367355', '367406', '367413', '367415', '367416', '367475', '367477', '367515', '367516', '367552', '367553', '367554', '367615', '367618', '367619', '367661', '367662', '367663', '367665', '367666', '367691', '367696', '367699', '367730', '367742', '367758', '367770', '367771', '367772', '367790', '367831', '367836', '367838', '367840', '367881', '367883', '367884', '367902', '367904', '367905', '367906', '367907', '367908', '367910', '368223', '368224', '368229', '368318', '368320', '368321', '368332', '368333', '368343', '368382', '368384', '368388', '368389', '368400', '368410', '368412', '368423', '368451', '368453', '368454', '368489', '368546', '368547', '368548', '368566', '368567', '368609', '368611', '368613', '368636', '368669', '368670', '368672', '368674', '368675', '368676', '368678', '368684', '368685', '368723', '368724', '368746', '368749', '368753', '368762', '368764', '368765', '368822', '368823'], 'lumis': ['1,564', '45,390', '1,75', '1,64', '1,1082', '51,338', '1,1438', '18,350', '1,2,6,6,11,12,14,15', '1,3', '1,2,6,9,13,126,135,167', '1,149', '1,275', '55,280,285,287,292,294,298,304', '1,34', '1,1', '1,22', '1,996', '1,501', '52,69,72,240', '1,42,49,119,123,271', '10,21', '1,847', '45,322', '1,33', '1,961', '1,135', '53,225,227,269', '1,20', '1,893', '26,324', '1,169', '1,1046', '60,63', '48,476', '68,448,450,467,469,746,748,750,752,898,900,1340,1342,1367', '1,97', '1,55', '56,634', '1,1289', '44,668', '1,1236', '49,59', '1,644', '1,312', '53,484', '18,341', '1,300,302,501,503,579', '50,366', '1,18', '1,1', '1,271', '1,11,16,86', '46,204', '1,856,858,1920', '1,151', '48,562', '39,443', '52,767', '47,198', '1,91', '1,6', '1,160', '53,504', '48,588', '1,793', '1,570', '14,152', '1,1050', '1,1011', '42,273', '1,103', '1,48', '1,344', '1,119', '1,358', '1,593', '45,437,445,487', '1,57', '52,569', '37,319', '1,285', '1,337', '1,14', '1,25', '1,328', '37,792', '1,44', '39,444,448,1431,1434,1472', '1,198', '40,271', '49,1501', '1,92', '42,159,161,516', '1,144', '1,5', '1,68,72,1168', '47,791,793,827,829,863,865,899,901,935,937,971,973,1007,1009,1043,1045,1079,1081,1280,1282,1380,1382,1581,1583,1595', '1,659', '1,194,197,702', '1,75,77,86,89,90,93,280,282,1044', '1,1195', '1,31,33,411,414,436', '41,1039', '1,247,249,382', '1,260', '51,819', '42,410', '1,255,306,308', '1,866', '1,12', '1,50', '1,156', '1,171', '40,135', '1,1481', '63,63,97,188', '1,1200', '39,77', '1,169', '1,976', '45,238', '1,1', '1,1386', '45,330,332,908,910,991', '3,35']} 
DEBUG 2024-02-21 22:27:23.283 UTC: 	 Encoded data for curl request: dryrun=0&workflow=crab_SkimB4Mu_2023eraC-v2_stream0_Mini&saveoutput=1&savelogsflag=0&inputdata=%2FParkingDoubleMuonLowMass0%2FRun2023C-22Sep2023_v2-v1%2FMINIAOD&primarydataset=&nonvaliddata=1&dbsurl=https%3A%2F%2Fcmsweb.cern.ch%2Fdbs%2Fprod%2Fglobal%2FDBSReader&useparent=0&ignorelocality=0&splitalgo=LumiBased&algoargs=50&totalunits=0&publication=1&publishdbsurl=https%3A%2F%2Fcmsweb.cern.ch%2Fdbs%2Fprod%2Fphys03%2FDBSWriter&publishname2=SkimB4Mu_2023eraC-v2_stream0_Mini&jobtype=Analysis&generator=pythia&maxjobruntime=1250&numcores=1&maxmemory=2000&priority=10&nonprodsw=1&asyncdest=T2_IT_Bari&requireaccelerator=0&oneEventMode=0&ignoreglobalblacklist=1&partialdataset=0&jobarch=slc7_amd64_gcc11&jobsw=CMSSW_13_0_13&cacheurl=https%3A%2F%2Fcmsweb.cern.ch%2FS3%2Fcrabcache_prod&cachefilename=c21f585968b676319b78458a8dfff0d78967d784c1d5d78343c5cdc38d3be0e5.tar.gz&debugfilename=c4f9cae1aa3adcbf497b6d0794abbd6e628aad0e72373ffc6b35bf82debace82.tar.gz&tfileoutfiles=TreeData.root&runs=367095&runs=367100&runs=367102&runs=367103&runs=367104&runs=367111&runs=367112&runs=367127&runs=367128&runs=367129&runs=367130&runs=367131&runs=367133&runs=367228&runs=367229&runs=367230&runs=367231&runs=367232&runs=367234&runs=367260&runs=367262&runs=367263&runs=367264&runs=367267&runs=367269&runs=367270&runs=367271&runs=367312&runs=367314&runs=367315&runs=367334&runs=367336&runs=367337&runs=367355&runs=367406&runs=367413&runs=367415&runs=367416&runs=367475&runs=367477&runs=367515&runs=367516&runs=367552&runs=367553&runs=367554&runs=367615&runs=367618&runs=367619&runs=367661&runs=367662&runs=367663&runs=367665&runs=367666&runs=367691&runs=367696&runs=367699&runs=367730&runs=367742&runs=367758&runs=367770&runs=367771&runs=367772&runs=367790&runs=367831&runs=367836&runs=367838&runs=367840&runs=367881&runs=367883&runs=367884&runs=367902&runs=367904&runs=367905&runs=367906&runs=367907&runs=367908&runs=367910&runs=368223&runs=368224&runs=368229&runs=368318&runs=368320&runs=368321&runs=368332&runs=368333&runs=368343&runs=368382&runs=368384&runs=368388&runs=368389&runs=368400&runs=368410&runs=368412&runs=368423&runs=368451&runs=368453&runs=368454&runs=368489&runs=368546&runs=368547&runs=368548&runs=368566&runs=368567&runs=368609&runs=368611&runs=368613&runs=368636&runs=368669&runs=368670&runs=368672&runs=368674&runs=368675&runs=368676&runs=368678&runs=368684&runs=368685&runs=368723&runs=368724&runs=368746&runs=368749&runs=368753&runs=368762&runs=368764&runs=368765&runs=368822&runs=368823&lumis=1%2C564&lumis=45%2C390&lumis=1%2C75&lumis=1%2C64&lumis=1%2C1082&lumis=51%2C338&lumis=1%2C1438&lumis=18%2C350&lumis=1%2C2%2C6%2C6%2C11%2C12%2C14%2C15&lumis=1%2C3&lumis=1%2C2%2C6%2C9%2C13%2C126%2C135%2C167&lumis=1%2C149&lumis=1%2C275&lumis=55%2C280%2C285%2C287%2C292%2C294%2C298%2C304&lumis=1%2C34&lumis=1%2C1&lumis=1%2C22&lumis=1%2C996&lumis=1%2C501&lumis=52%2C69%2C72%2C240&lumis=1%2C42%2C49%2C119%2C123%2C271&lumis=10%2C21&lumis=1%2C847&lumis=45%2C322&lumis=1%2C33&lumis=1%2C961&lumis=1%2C135&lumis=53%2C225%2C227%2C269&lumis=1%2C20&lumis=1%2C893&lumis=26%2C324&lumis=1%2C169&lumis=1%2C1046&lumis=60%2C63&lumis=48%2C476&lumis=68%2C448%2C450%2C467%2C469%2C746%2C748%2C750%2C752%2C898%2C900%2C1340%2C1342%2C1367&lumis=1%2C97&lumis=1%2C55&lumis=56%2C634&lumis=1%2C1289&lumis=44%2C668&lumis=1%2C1236&lumis=49%2C59&lumis=1%2C644&lumis=1%2C312&lumis=53%2C484&lumis=18%2C341&lumis=1%2C300%2C302%2C501%2C503%2C579&lumis=50%2C366&lumis=1%2C18&lumis=1%2C1&lumis=1%2C271&lumis=1%2C11%2C16%2C86&lumis=46%2C204&lumis=1%2C856%2C858%2C1920&lumis=1%2C151&lumis=48%2C562&lumis=39%2C443&lumis=52%2C767&lumis=47%2C198&lumis=1%2C91&lumis=1%2C6&lumis=1%2C160&lumis=53%2C504&lumis=48%2C588&lumis=1%2C793&lumis=1%2C570&lumis=14%2C152&lumis=1%2C1050&lumis=1%2C1011&lumis=42%2C273&lumis=1%2C103&lumis=1%2C48&lumis=1%2C344&lumis=1%2C119&lumis=1%2C358&lumis=1%2C593&lumis=45%2C437%2C445%2C487&lumis=1%2C57&lumis=52%2C569&lumis=37%2C319&lumis=1%2C285&lumis=1%2C337&lumis=1%2C14&lumis=1%2C25&lumis=1%2C328&lumis=37%2C792&lumis=1%2C44&lumis=39%2C444%2C448%2C1431%2C1434%2C1472&lumis=1%2C198&lumis=40%2C271&lumis=49%2C1501&lumis=1%2C92&lumis=42%2C159%2C161%2C516&lumis=1%2C144&lumis=1%2C5&lumis=1%2C68%2C72%2C1168&lumis=47%2C791%2C793%2C827%2C829%2C863%2C865%2C899%2C901%2C935%2C937%2C971%2C973%2C1007%2C1009%2C1043%2C1045%2C1079%2C1081%2C1280%2C1282%2C1380%2C1382%2C1581%2C1583%2C1595&lumis=1%2C659&lumis=1%2C194%2C197%2C702&lumis=1%2C75%2C77%2C86%2C89%2C90%2C93%2C280%2C282%2C1044&lumis=1%2C1195&lumis=1%2C31%2C33%2C411%2C414%2C436&lumis=41%2C1039&lumis=1%2C247%2C249%2C382&lumis=1%2C260&lumis=51%2C819&lumis=42%2C410&lumis=1%2C255%2C306%2C308&lumis=1%2C866&lumis=1%2C12&lumis=1%2C50&lumis=1%2C156&lumis=1%2C171&lumis=40%2C135&lumis=1%2C1481&lumis=63%2C63%2C97%2C188&lumis=1%2C1200&lumis=39%2C77&lumis=1%2C169&lumis=1%2C976&lumis=45%2C238&lumis=1%2C1&lumis=1%2C1386&lumis=45%2C330%2C332%2C908%2C910%2C991&lumis=3%2C35
DEBUG 2024-02-21 22:27:23.501 UTC: 	 Result: {'result': [{'RequestName': '240221_222723:mbuonsan_crab_SkimB4Mu_2023eraC-v2_stream0_Mini'}]}
INFO 2024-02-21 22:27:23.502 UTC: 	 Success: Your task has been delivered to the prod CRAB3 server.
INFO 2024-02-21 22:27:23.502 UTC: 	 Task name: 240221_222723:mbuonsan_crab_SkimB4Mu_2023eraC-v2_stream0_Mini
INFO 2024-02-21 22:27:23.503 UTC: 	 Project dir: crab_projects/crab_SkimB4Mu_2023eraC-v2_stream0_Mini
INFO 2024-02-21 22:27:23.503 UTC: 	 Please use ' crab status -d crab_projects/crab_SkimB4Mu_2023eraC-v2_stream0_Mini ' to check how the submission process proceeds.
DEBUG 2024-02-21 22:27:23.503 UTC: 	 About to return
INFO 2024-02-21 22:27:23.507 UTC: 	 Log file is /lustrehome/mbuonsante/B_4mu/CMSSW_13_0_13/src/B4muNtuplizer/CrabSubmission/2023_eraC-v2/crab_projects/crab_SkimB4Mu_2023eraC-v2_stream0_Mini/crab.log
DEBUG 2024-02-22 18:03:07.988 UTC: 	 CRAB Client version: v3.240110
DEBUG 2024-02-22 18:03:07.988 UTC: 	 Running on: Linux ui02.recas.ba.infn.it 3.10.0-1160.80.1.el7.x86_64 #1 SMP Tue Nov 8 15:48:59 UTC 2022 x86_64 x86_64 x86_64 GNU/Linux - CentOS Linux 7 (Core)
DEBUG 2024-02-22 18:03:07.988 UTC: 	 Executing command: 'resubmit'
DEBUG 2024-02-22 18:03:07.994 UTC: 	 Found CRAB cache file /lustrehome/mbuonsante/.crab3
DEBUG 2024-02-22 18:03:08.013 UTC: 	 Checking credentials
DEBUG 2024-02-22 18:03:08.013 UTC: 	 Found proxy file /tmp/x509up_u881331
DEBUG 2024-02-22 18:03:08.013 UTC: 	 Making sure it has proper VOMS extension
DEBUG 2024-02-22 18:03:08.013 UTC: 	 Executing command :
 voms-proxy-info --vo --file /tmp/x509up_u881331
DEBUG 2024-02-22 18:03:09.598 UTC: 	 output : cms

 error: 
 retcode : 0
DEBUG 2024-02-22 18:03:09.598 UTC: 	 Getting proxy life time left
DEBUG 2024-02-22 18:03:09.598 UTC: 	 Executing command :
 voms-proxy-info --actimeleft --timeleft --file /tmp/x509up_u881331
DEBUG 2024-02-22 18:03:11.315 UTC: 	 output : 409026
409025

 error: 
 retcode : 0
DEBUG 2024-02-22 18:03:11.315 UTC: 	 Proxy valid for 113:37:05 hours
DEBUG 2024-02-22 18:03:11.315 UTC: 	 Encoded data for curl request: subresource=delegatedn
DEBUG 2024-02-22 18:03:11.540 UTC: 	 Registering user credentials on myproxy for /DC=ch/DC=cern/OU=computers/CN=crab-(preprod|prod|dev)-tw(01|02|03).cern.ch|/DC=ch/DC=cern/OU=computers/CN=stefanov(m|m2).cern.ch|/DC=ch/DC=cern/OU=computers/CN=dciangot-tw.cern.ch
DEBUG 2024-02-22 18:03:11.540 UTC: 	 Executing command :
 voms-proxy-info --identity --file /tmp/x509up_u881331
DEBUG 2024-02-22 18:03:13.100 UTC: 	 output : /DC=ch/DC=cern/OU=Organic Units/OU=Users/CN=mbuonsan/CN=866052/CN=Marco Buonsante

 error: 
 retcode : 0
DEBUG 2024-02-22 18:03:13.100 UTC: 	 Getting myproxy life time left for db438794163ae221c16ac5cdc1e476b2bc2ff634
DEBUG 2024-02-22 18:03:13.100 UTC: 	 Executing command :
 myproxy-info -s myproxy.cern.ch -l db438794163ae221c16ac5cdc1e476b2bc2ff634
DEBUG 2024-02-22 18:03:13.448 UTC: 	 output : username: db438794163ae221c16ac5cdc1e476b2bc2ff634
owner: /DC=ch/DC=cern/OU=Organic Units/OU=Users/CN=mbuonsan/CN=866052/CN=Marco Buonsante
  renewal policy: /DC=ch/DC=cern/OU=computers/CN=crab-(preprod|prod|dev)-tw(01|02|03).cern.ch|/DC=ch/DC=cern/OU=computers/CN=stefanov(m|m2).cern.ch|/DC=ch/DC=cern/OU=computers/CN=dciangot-tw.cern.ch
  trusted retrieval policy: /DC=ch/DC=cern/OU=computers/CN=crab-(preprod|prod|dev)-tw(01|02|03).cern.ch|/DC=ch/DC=cern/OU=computers/CN=stefanov(m|m2).cern.ch|/DC=ch/DC=cern/OU=computers/CN=dciangot-tw.cern.ch
  timeleft: 473:38:14  (19.7 days)

 error: 
 retcode : 0
DEBUG 2024-02-22 18:03:13.448 UTC: 	 Myproxy is valid: 1705080
DEBUG 2024-02-22 18:03:13.449 UTC: 	 Result of myproxy credential check:
  Credential exists on myproxy: username: db438794163ae221c16ac5cdc1e476b2bc2ff634  - validity: 19 days, 17:38:00
DEBUG 2024-02-22 18:03:13.449 UTC: 	 Encoded data for curl request: subresource=search&workflow=240221_222723%3Ambuonsan_crab_SkimB4Mu_2023eraC-v2_stream0_Mini
DEBUG 2024-02-22 18:03:13.637 UTC: 	 Command use: resubmit
DEBUG 2024-02-22 18:03:13.637 UTC: 	 Options use: ['-d', 'crab_projects/crab_SkimB4Mu_2023eraC-v2_stream0_Mini']
DEBUG 2024-02-22 18:03:13.638 UTC: 	 Encoded data for curl request: subresource=version
DEBUG 2024-02-22 18:03:13.818 UTC: 	 CRABClient version: v3.240110
DEBUG 2024-02-22 18:03:13.818 UTC: 	 Instance is prod
DEBUG 2024-02-22 18:03:13.818 UTC: 	 Server base url is cmsweb.cern.ch
DEBUG 2024-02-22 18:03:13.818 UTC: 	 Command api workflow
DEBUG 2024-02-22 18:03:13.858 UTC: 	 CRAB Client version: v3.240110
DEBUG 2024-02-22 18:03:13.858 UTC: 	 Running on: Linux ui02.recas.ba.infn.it 3.10.0-1160.80.1.el7.x86_64 #1 SMP Tue Nov 8 15:48:59 UTC 2022 x86_64 x86_64 x86_64 GNU/Linux - CentOS Linux 7 (Core)
DEBUG 2024-02-22 18:03:13.859 UTC: 	 Executing command: 'status'
DEBUG 2024-02-22 18:03:13.859 UTC: 	 Found CRAB cache file /lustrehome/mbuonsante/.crab3
DEBUG 2024-02-22 18:03:13.869 UTC: 	 Checking credentials
DEBUG 2024-02-22 18:03:13.870 UTC: 	 Found proxy file /tmp/x509up_u881331
DEBUG 2024-02-22 18:03:13.870 UTC: 	 Making sure it has proper VOMS extension
DEBUG 2024-02-22 18:03:13.870 UTC: 	 Executing command :
 voms-proxy-info --vo --file /tmp/x509up_u881331
DEBUG 2024-02-22 18:03:16.075 UTC: 	 output : cms

 error: 
 retcode : 0
DEBUG 2024-02-22 18:03:16.075 UTC: 	 Getting proxy life time left
DEBUG 2024-02-22 18:03:16.075 UTC: 	 Executing command :
 voms-proxy-info --actimeleft --timeleft --file /tmp/x509up_u881331
DEBUG 2024-02-22 18:03:17.563 UTC: 	 output : 409020
409019

 error: 
 retcode : 0
DEBUG 2024-02-22 18:03:17.567 UTC: 	 Proxy valid for 113:36:59 hours
DEBUG 2024-02-22 18:03:17.567 UTC: 	 Encoded data for curl request: subresource=delegatedn
DEBUG 2024-02-22 18:03:17.740 UTC: 	 Registering user credentials on myproxy for /DC=ch/DC=cern/OU=computers/CN=crab-(preprod|prod|dev)-tw(01|02|03).cern.ch|/DC=ch/DC=cern/OU=computers/CN=stefanov(m|m2).cern.ch|/DC=ch/DC=cern/OU=computers/CN=dciangot-tw.cern.ch
DEBUG 2024-02-22 18:03:17.740 UTC: 	 Executing command :
 voms-proxy-info --identity --file /tmp/x509up_u881331
DEBUG 2024-02-22 18:03:19.034 UTC: 	 output : /DC=ch/DC=cern/OU=Organic Units/OU=Users/CN=mbuonsan/CN=866052/CN=Marco Buonsante

 error: 
 retcode : 0
DEBUG 2024-02-22 18:03:19.034 UTC: 	 Getting myproxy life time left for db438794163ae221c16ac5cdc1e476b2bc2ff634
DEBUG 2024-02-22 18:03:19.034 UTC: 	 Executing command :
 myproxy-info -s myproxy.cern.ch -l db438794163ae221c16ac5cdc1e476b2bc2ff634
DEBUG 2024-02-22 18:03:19.357 UTC: 	 output : username: db438794163ae221c16ac5cdc1e476b2bc2ff634
owner: /DC=ch/DC=cern/OU=Organic Units/OU=Users/CN=mbuonsan/CN=866052/CN=Marco Buonsante
  renewal policy: /DC=ch/DC=cern/OU=computers/CN=crab-(preprod|prod|dev)-tw(01|02|03).cern.ch|/DC=ch/DC=cern/OU=computers/CN=stefanov(m|m2).cern.ch|/DC=ch/DC=cern/OU=computers/CN=dciangot-tw.cern.ch
  trusted retrieval policy: /DC=ch/DC=cern/OU=computers/CN=crab-(preprod|prod|dev)-tw(01|02|03).cern.ch|/DC=ch/DC=cern/OU=computers/CN=stefanov(m|m2).cern.ch|/DC=ch/DC=cern/OU=computers/CN=dciangot-tw.cern.ch
  timeleft: 473:38:08  (19.7 days)

 error: 
 retcode : 0
DEBUG 2024-02-22 18:03:19.357 UTC: 	 Myproxy is valid: 1705080
DEBUG 2024-02-22 18:03:19.357 UTC: 	 Result of myproxy credential check:
  Credential exists on myproxy: username: db438794163ae221c16ac5cdc1e476b2bc2ff634  - validity: 19 days, 17:38:00
DEBUG 2024-02-22 18:03:19.357 UTC: 	 Retrieving username ...
DEBUG 2024-02-22 18:03:19.357 UTC: 	 Retrieving username from CRIC...
DEBUG 2024-02-22 18:03:20.330 UTC: 	 username is mbuonsan
INFO 2024-02-22 18:03:21.918 UTC: 	 Rucio client intialized for account mbuonsan
DEBUG 2024-02-22 18:03:21.918 UTC: 	 Command use: status
DEBUG 2024-02-22 18:03:21.918 UTC: 	 Options use: []
DEBUG 2024-02-22 18:03:21.919 UTC: 	 Encoded data for curl request: subresource=version
DEBUG 2024-02-22 18:03:22.124 UTC: 	 CRABClient version: v3.240110
DEBUG 2024-02-22 18:03:22.124 UTC: 	 Instance is prod
DEBUG 2024-02-22 18:03:22.124 UTC: 	 Server base url is cmsweb.cern.ch
DEBUG 2024-02-22 18:03:22.124 UTC: 	 Command api workflow
DEBUG 2024-02-22 18:03:22.124 UTC: 	 Encoded data for curl request: subresource=search&workflow=240221_222723%3Ambuonsan_crab_SkimB4Mu_2023eraC-v2_stream0_Mini
DEBUG 2024-02-22 18:03:22.327 UTC: 	 Got information from server oracle database: {'desc': {'columns': ['tm_taskname', 'tm_activity', 'panda_jobset_id', 'tm_task_status', 'tm_task_command', 'tm_start_time', 'tm_start_injection', 'tm_end_injection', 'tm_task_failure', 'tm_job_sw', 'tm_job_arch', 'tm_input_dataset', 'tm_nonvalid_input_dataset', 'tm_use_parent', 'tm_site_whitelist', 'tm_site_blacklist', 'tm_split_algo', 'tm_split_args', 'tm_user_sandbox', 'tm_cache_url', 'tm_username', 'tm_user_dn', 'tm_user_vo', 'tm_user_role', 'tm_user_group', 'tm_publish_name', 'tm_publish_groupname', 'tm_asyncdest', 'tm_dbs_url', 'tm_publish_dbs_url', 'tm_publication', 'tm_outfiles', 'tm_tfile_outfiles', 'tm_edm_outfiles', 'tm_job_type', 'tm_generator', 'tm_events_per_lumi', 'tm_arguments', 'panda_resubmitted_jobs', 'tm_save_logs', 'tw_name', 'tm_user_infiles', 'tm_maxjobruntime', 'tm_numcores', 'tm_maxmemory', 'tm_priority', 'tm_output_dataset', 'tm_task_warnings', 'tm_user_webdir', 'tm_scriptexe', 'tm_scriptargs', 'tm_extrajdl', 'tm_asourl', 'tm_collector', 'tm_schedd', 'tm_dry_run', 'tm_user_files', 'tm_transfer_outputs', 'tm_output_lfn', 'tm_ignore_locality', 'tm_fail_limit', 'tm_one_event_mode', 'tm_secondary_input_dataset', 'tm_primary_dataset', 'tm_last_publication', 'tm_debug_files', 'clusterid', 'tm_asodb', 'tm_ignore_global_blacklist', 'tm_submitter_ip_addr', 'tm_totalunits', 'tm_ddm_reqid', 'tm_user_config', 'tm_transfer_container', 'tm_transfer_rule', 'tm_publish_rule', 'tm_multipub_rule']}, 'result': ['240221_222723:mbuonsan_crab_SkimB4Mu_2023eraC-v2_stream0_Mini', 'None', 'None', 'SUBMITTED', 'SUBMIT', '2024-02-21 22:27:23.482328', 'None', '2024-02-21 22:31:06.565676', 'None', 'CMSSW_13_0_13', 'slc7_amd64_gcc11', '/ParkingDoubleMuonLowMass0/Run2023C-22Sep2023_v2-v1/MINIAOD', 'T', '0', '[]', '[]', 'LumiBased', "{'halt_job_on_file_boundaries': False, 'splitOnRun': False, 'lumis_per_job': 50, 'runs': ['367095', '367100', '367102', '367103', '367104', '367111', '367112', '367127', '367128', '367129', '367130', '367131', '367133', '367228', '367229', '367230', '367231', '367232', '367234', '367260', '367262', '367263', '367264', '367267', '367269', '367270', '367271', '367312', '367314', '367315', '367334', '367336', '367337', '367355', '367406', '367413', '367415', '367416', '367475', '367477', '367515', '367516', '367552', '367553', '367554', '367615', '367618', '367619', '367661', '367662', '367663', '367665', '367666', '367691', '367696', '367699', '367730', '367742', '367758', '367770', '367771', '367772', '367790', '367831', '367836', '367838', '367840', '367881', '367883', '367884', '367902', '367904', '367905', '367906', '367907', '367908', '367910', '368223', '368224', '368229', '368318', '368320', '368321', '368332', '368333', '368343', '368382', '368384', '368388', '368389', '368400', '368410', '368412', '368423', '368451', '368453', '368454', '368489', '368546', '368547', '368548', '368566', '368567', '368609', '368611', '368613', '368636', '368669', '368670', '368672', '368674', '368675', '368676', '368678', '368684', '368685', '368723', '368724', '368746', '368749', '368753', '368762', '368764', '368765', '368822', '368823'], 'lumis': ['1,564', '45,390', '1,75', '1,64', '1,1082', '51,338', '1,1438', '18,350', '1,2,6,6,11,12,14,15', '1,3', '1,2,6,9,13,126,135,167', '1,149', '1,275', '55,280,285,287,292,294,298,304', '1,34', '1,1', '1,22', '1,996', '1,501', '52,69,72,240', '1,42,49,119,123,271', '10,21', '1,847', '45,322', '1,33', '1,961', '1,135', '53,225,227,269', '1,20', '1,893', '26,324', '1,169', '1,1046', '60,63', '48,476', '68,448,450,467,469,746,748,750,752,898,900,1340,1342,1367', '1,97', '1,55', '56,634', '1,1289', '44,668', '1,1236', '49,59', '1,644', '1,312', '53,484', '18,341', '1,300,302,501,503,579', '50,366', '1,18', '1,1', '1,271', '1,11,16,86', '46,204', '1,856,858,1920', '1,151', '48,562', '39,443', '52,767', '47,198', '1,91', '1,6', '1,160', '53,504', '48,588', '1,793', '1,570', '14,152', '1,1050', '1,1011', '42,273', '1,103', '1,48', '1,344', '1,119', '1,358', '1,593', '45,437,445,487', '1,57', '52,569', '37,319', '1,285', '1,337', '1,14', '1,25', '1,328', '37,792', '1,44', '39,444,448,1431,1434,1472', '1,198', '40,271', '49,1501', '1,92', '42,159,161,516', '1,144', '1,5', '1,68,72,1168', '47,791,793,827,829,863,865,899,901,935,937,971,973,1007,1009,1043,1045,1079,1081,1280,1282,1380,1382,1581,1583,1595', '1,659', '1,194,197,702', '1,75,77,86,89,90,93,280,282,1044', '1,1195', '1,31,33,411,414,436', '41,1039', '1,247,249,382', '1,260', '51,819', '42,410', '1,255,306,308', '1,866', '1,12', '1,50', '1,156', '1,171', '40,135', '1,1481', '63,63,97,188', '1,1200', '39,77', '1,169', '1,976', '45,238', '1,1', '1,1386', '45,330,332,908,910,991', '3,35']}", 'c21f585968b676319b78458a8dfff0d78967d784c1d5d78343c5cdc38d3be0e5.tar.gz', 'https://cmsweb.cern.ch/S3/crabcache_prod', 'mbuonsan', '/DC=ch/DC=cern/OU=Organic Units/OU=Users/CN=mbuonsan/CN=866052/CN=Marco Buonsante', 'cms', 'None', 'None', 'SkimB4Mu_2023eraC-v2_stream0_Mini-00000000000000000000000000000000', 'F', 'T2_IT_Bari', 'https://cmsweb.cern.ch/dbs/prod/global/DBSReader', 'https://cmsweb.cern.ch/dbs/prod/phys03/DBSWriter', 'T', '[]', "['TreeData.root']", '[]', 'Analysis', 'pythia', 'None', '{}', 'None', 'F', 'crab-prod-tw01', '[]', '1250', '1', '2000', '10', "['/FakeDataset/fakefile-FakePublish-dde913cfb6a3a8b780a2d3dcb5848ca9/USER']", '[]', 'http://vocms0144.cern.ch/mon/mbuonsan/240221_222723:mbuonsan_crab_SkimB4Mu_2023eraC-v2_stream0_Mini', 'None', '[]', '[]', 'None', 'cmsgwms-collector-global.cern.ch:9620,cmsgwms-collector-global.fnal.gov:9620', 'crab3@vocms0144.cern.ch', 'F', '[]', 'T', '/store/user/mbuonsan/', 'F', 'None', 'F', 'None', 'ParkingDoubleMuonLowMass0', 'None', 'c4f9cae1aa3adcbf497b6d0794abbd6e628aad0e72373ffc6b35bf82debace82.tar.gz', '103686554', 'None', 'T', '188.185.101.116', '0.0', 'None', '{"partialdataset": false, "requireaccelerator": false, "acceleratorparams": null, "inputblocks": null}', 'None', 'None', 'None', 'None']}
INFO 2024-02-22 18:03:22.328 UTC: 	 CRAB project directory:		/lustrehome/mbuonsante/B_4mu/CMSSW_13_0_13/src/B4muNtuplizer/CrabSubmission/2023_eraC-v2/crab_projects/crab_SkimB4Mu_2023eraC-v2_stream0_Mini
INFO 2024-02-22 18:03:22.328 UTC: 	 Task name:			240221_222723:mbuonsan_crab_SkimB4Mu_2023eraC-v2_stream0_Mini
INFO 2024-02-22 18:03:22.328 UTC: 	 Grid scheduler - Task Worker:	crab3@vocms0144.cern.ch - crab-prod-tw01
INFO 2024-02-22 18:03:22.328 UTC: 	 Status on the CRAB server:	SUBMITTED
INFO 2024-02-22 18:03:22.328 UTC: 	 Task URL to use for HELP:	https://cmsweb.cern.ch/crabserver/ui/task/240221_222723%3Ambuonsan_crab_SkimB4Mu_2023eraC-v2_stream0_Mini
INFO 2024-02-22 18:03:22.338 UTC: 	 Dashboard monitoring URL:	https://monit-grafana.cern.ch/d/cmsTMDetail/cms-task-monitoring-task-view?orgId=11&var-user=mbuonsan&var-task=240221_222723%3Ambuonsan_crab_SkimB4Mu_2023eraC-v2_stream0_Mini&from=1708550843000&to=now
DEBUG 2024-02-22 18:03:22.338 UTC: 	 The CRAB server submitted your task to the Grid scheduler (cluster ID: 103686554)
DEBUG 2024-02-22 18:03:22.338 UTC: 	 Webdir is located at http://vocms0144.cern.ch/mon/mbuonsan/240221_222723:mbuonsan_crab_SkimB4Mu_2023eraC-v2_stream0_Mini
DEBUG 2024-02-22 18:03:22.338 UTC: 	 Encoded data for curl request: subresource=webdirprx&workflow=240221_222723%3Ambuonsan_crab_SkimB4Mu_2023eraC-v2_stream0_Mini
DEBUG 2024-02-22 18:03:22.503 UTC: 	 Proxied webdir is located at https://cmsweb.cern.ch:8443/scheddmon/0144/mbuonsan/240221_222723:mbuonsan_crab_SkimB4Mu_2023eraC-v2_stream0_Mini
DEBUG 2024-02-22 18:03:22.503 UTC: 	 Retrieving 'status_cache' file from https://cmsweb.cern.ch:8443/scheddmon/0144/mbuonsan/240221_222723:mbuonsan_crab_SkimB4Mu_2023eraC-v2_stream0_Mini/status_cache.pkl
DEBUG 2024-02-22 18:03:22.503 UTC: 	 Will execute:
curl -sS --capath /etc/grid-security/certificates --cert /tmp/x509up_u881331 --key /tmp/x509up_u881331 -o /tmp/crab_status-cache-1jkgke_f.pkl -w %"{http_code}" "https://cmsweb.cern.ch:8443/scheddmon/0144/mbuonsan/240221_222723:mbuonsan_crab_SkimB4Mu_2023eraC-v2_stream0_Mini/status_cache.pkl"
DEBUG 2024-02-22 18:03:22.504 UTC: 	 Executing command :
 curl -sS --capath /etc/grid-security/certificates --cert /tmp/x509up_u881331 --key /tmp/x509up_u881331 -o /tmp/crab_status-cache-1jkgke_f.pkl -w %"{http_code}" "https://cmsweb.cern.ch:8443/scheddmon/0144/mbuonsan/240221_222723:mbuonsan_crab_SkimB4Mu_2023eraC-v2_stream0_Mini/status_cache.pkl"
DEBUG 2024-02-22 18:03:22.732 UTC: 	 output : 200
 error: 
 retcode : 0
DEBUG 2024-02-22 18:03:22.732 UTC: 	 exitcode: 0
stdout: 200
stderr: 
error details: 
DEBUG 2024-02-22 18:03:22.734 UTC: 	 Got information from status cache file: {'1': {'Retries': 0, 'Restarts': 0, 'SiteHistory': ['T3_UK_London_QMUL', 'T3_UK_London_QMUL'], 'ResidentSetSize': [1245660], 'SubmitTimes': [1708554672.0], 'StartTimes': [1708554706.0], 'EndTimes': [1708557446.0], 'TotalUserCpuTimeHistory': [2445], 'TotalSysCpuTimeHistory': [54], 'WallDurations': [9.0, 2740.0], 'JobIds': ['103686562.0'], 'State': 'finished', 'RecordedSite': True}, '2': {'Retries': 0, 'Restarts': 0, 'SiteHistory': ['T3_UK_London_QMUL', 'T3_UK_London_QMUL'], 'ResidentSetSize': [850464], 'SubmitTimes': [1708554672.0], 'StartTimes': [1708554706.0], 'EndTimes': [1708555313.0], 'TotalUserCpuTimeHistory': [383], 'TotalSysCpuTimeHistory': [13], 'WallDurations': [9.0, 607.0], 'JobIds': ['103686565.0'], 'State': 'finished', 'RecordedSite': True}, '4': {'Retries': 0, 'Restarts': 0, 'SiteHistory': ['Unknown', 'T2_IT_Rome', 'T2_IT_Rome'], 'ResidentSetSize': [1261420], 'SubmitTimes': [1708554672.0], 'StartTimes': [1708555518.0], 'EndTimes': [1708557884.0], 'TotalUserCpuTimeHistory': [2073], 'TotalSysCpuTimeHistory': [62], 'WallDurations': [9.0, 116.6343674659729, 2366.0], 'JobIds': ['103686566.0'], 'State': 'finished', 'RecordedSite': True}, '3': {'Retries': 0, 'Restarts': 0, 'SiteHistory': ['Unknown', 'T2_IT_Rome', 'T2_IT_Rome'], 'ResidentSetSize': [1552500], 'SubmitTimes': [1708554672.0], 'StartTimes': [1708555661.0], 'EndTimes': [1708557540.0], 'TotalUserCpuTimeHistory': [1582], 'TotalSysCpuTimeHistory': [51], 'WallDurations': [9.0, 274.9811661243439, 1879.0], 'JobIds': ['103686567.0'], 'State': 'finished', 'RecordedSite': True}, '8': {'Retries': 0, 'Restarts': 0, 'SiteHistory': ['Unknown', 'T2_IT_Rome', 'T2_IT_Rome'], 'ResidentSetSize': [1302800], 'SubmitTimes': [1708554672.0], 'StartTimes': [1708554876.0], 'EndTimes': [1708556444.0], 'TotalUserCpuTimeHistory': [1284], 'TotalSysCpuTimeHistory': [48], 'WallDurations': [8.0, 157.02774333953857, 1568.0], 'JobIds': ['103686568.0'], 'State': 'finished', 'RecordedSite': True}, '6': {'Retries': 0, 'Restarts': 0, 'SiteHistory': ['Unknown', 'T2_IT_Rome', 'T2_IT_Rome'], 'ResidentSetSize': [1321204], 'SubmitTimes': [1708554672.0], 'StartTimes': [1708554900.0], 'EndTimes': [1708558126.0], 'TotalUserCpuTimeHistory': [2720], 'TotalSysCpuTimeHistory': [73], 'WallDurations': [9.0, 133.02774333953857, 3226.0], 'JobIds': ['103686569.0'], 'State': 'finished', 'RecordedSite': True}, '5': {'Retries': 0, 'Restarts': 0, 'SiteHistory': ['Unknown', 'T2_IT_Rome', 'T2_IT_Rome'], 'ResidentSetSize': [1467296], 'SubmitTimes': [1708554672.0], 'StartTimes': [1708555662.0], 'EndTimes': [1708558061.0], 'TotalUserCpuTimeHistory': [2040], 'TotalSysCpuTimeHistory': [62], 'WallDurations': [8.0, 273.9811661243439, 2399.0], 'JobIds': ['103686570.0'], 'State': 'finished', 'RecordedSite': True}, '11': {'Retries': 1, 'Restarts': 0, 'SiteHistory': ['Unknown', 'T2_IT_Rome', 'T2_IT_Rome', 'T2_US_Caltech', 'T2_US_Caltech'], 'ResidentSetSize': [1281048, 1640388], 'SubmitTimes': [1708554672.0, 1708557777.0], 'StartTimes': [1708554910.0, 1708557828.0], 'EndTimes': [1708555905.0, 1708559522.0], 'TotalUserCpuTimeHistory': [789, 1350], 'TotalSysCpuTimeHistory': [22, 40], 'WallDurations': [9.0, 123.02774333953857, 995.0, 10.0, 1694.0], 'JobIds': ['103686571.0', '103688737.0'], 'State': 'finished', 'RecordedSite': True}, '7': {'Retries': 0, 'Restarts': 0, 'SiteHistory': ['Unknown', 'T2_IT_Rome', 'T2_IT_Rome'], 'ResidentSetSize': [1307616], 'SubmitTimes': [1708554672.0], 'StartTimes': [1708554917.0], 'EndTimes': [1708556249.0], 'TotalUserCpuTimeHistory': [1117], 'TotalSysCpuTimeHistory': [26], 'WallDurations': [9.0, 116.02774333953857, 1332.0], 'JobIds': ['103686572.0'], 'State': 'finished', 'RecordedSite': True}, '9': {'Retries': 2, 'Restarts': 0, 'SiteHistory': ['Unknown', 'T2_IT_Rome', 'T2_IT_Rome', 'T2_US_Caltech', 'T2_US_Caltech', 'T2_IT_Rome', 'T2_IT_Rome'], 'ResidentSetSize': [1278744, 1716800, 1272980], 'SubmitTimes': [1708554672.0, 1708557793.0, 1708562095.0], 'StartTimes': [1708554939.0, 1708557858.0, 1708562163.0], 'EndTimes': [1708555918.0, 1708560163.0, 1708564460.0], 'TotalUserCpuTimeHistory': [780, 1928, 2040], 'TotalSysCpuTimeHistory': [20, 47, 58], 'WallDurations': [8.0, 94.02774333953857, 979.0, 9.0, 2305.0, 8.0, 2297.0], 'JobIds': ['103686573.0', '103688740.0', '103689228.0'], 'State': 'finished', 'RecordedSite': True}, '12': {'Retries': 1, 'Restarts': 0, 'SiteHistory': ['Unknown', 'T2_IT_Rome', 'T2_IT_Rome', 'T2_US_Caltech', 'T2_US_Caltech'], 'ResidentSetSize': [1405788, 1739684], 'SubmitTimes': [1708554672.0, 1708557627.0], 'StartTimes': [1708554950.0, 1708557651.0], 'EndTimes': [1708555757.0, 1708559008.0], 'TotalUserCpuTimeHistory': [647, 1067], 'TotalSysCpuTimeHistory': [19, 22], 'WallDurations': [8.0, 83.02774333953857, 807.0, 9.0, 1357.0], 'JobIds': ['103686574.0', '103688702.0'], 'State': 'finished', 'RecordedSite': True}, '10': {'Retries': 0, 'Restarts': 0, 'SiteHistory': ['Unknown', 'T2_IT_Rome', 'T2_IT_Rome'], 'ResidentSetSize': [1244308], 'SubmitTimes': [1708554673.0], 'StartTimes': [1708554995.0], 'EndTimes': [1708555817.0], 'TotalUserCpuTimeHistory': [655], 'TotalSysCpuTimeHistory': [18], 'WallDurations': [8.0, 38.027743339538574, 822.0], 'JobIds': ['103686575.0'], 'State': 'finished', 'RecordedSite': True}, '13': {'Retries': 0, 'Restarts': 0, 'SiteHistory': ['Unknown', 'T2_IT_Rome', 'T2_IT_Rome'], 'ResidentSetSize': [1272652], 'SubmitTimes': [1708554673.0], 'StartTimes': [1708555028.0], 'EndTimes': [1708556483.0], 'TotalUserCpuTimeHistory': [1206], 'TotalSysCpuTimeHistory': [42], 'WallDurations': [0, 5.027743339538574, 1455.0], 'JobIds': ['103686576.0'], 'State': 'finished', 'RecordedSite': True}, '15': {'Retries': 1, 'Restarts': 0, 'SiteHistory': ['Unknown', 'T2_IT_Rome', 'T2_IT_Rome', 'T2_IT_Rome', 'T2_IT_Rome'], 'ResidentSetSize': [1294956, 1284444], 'SubmitTimes': [1708554673.0, 1708558372.0], 'StartTimes': [1708555033.0, 1708558406.0], 'EndTimes': [1708556501.0, 1708559828.0], 'TotalUserCpuTimeHistory': [1201, 1190], 'TotalSysCpuTimeHistory': [39, 44], 'WallDurations': [9.0, 300.2695562839508, 1468.0, 9.0, 1422.0], 'JobIds': ['103686577.0', '103688860.0'], 'State': 'finished', 'RecordedSite': True}, '14': {'Retries': 0, 'Restarts': 0, 'SiteHistory': ['Unknown', 'T2_IT_Rome', 'T2_IT_Rome'], 'ResidentSetSize': [1289984], 'SubmitTimes': [1708554673.0], 'StartTimes': [1708555050.0], 'EndTimes': [1708557051.0], 'TotalUserCpuTimeHistory': [1687], 'TotalSysCpuTimeHistory': [49], 'WallDurations': [8.0, 283.2695562839508, 2001.0], 'JobIds': ['103686578.0'], 'State': 'finished', 'RecordedSite': True}, '17': {'Retries': 0, 'Restarts': 0, 'SiteHistory': ['Unknown', 'T2_IT_Rome', 'T2_IT_Rome'], 'ResidentSetSize': [964904], 'SubmitTimes': [1708554673.0], 'StartTimes': [1708555196.0], 'EndTimes': [1708556050.0], 'TotalUserCpuTimeHistory': [700], 'TotalSysCpuTimeHistory': [21], 'WallDurations': [9.0, 137.2695562839508, 854.0], 'JobIds': ['103686579.0'], 'State': 'finished', 'RecordedSite': True}, '16': {'Retries': 0, 'Restarts': 0, 'SiteHistory': ['Unknown', 'T2_IT_Rome', 'T2_IT_Rome'], 'ResidentSetSize': [958536], 'SubmitTimes': [1708554678.0], 'StartTimes': [1708555196.0], 'EndTimes': [1708556086.0], 'TotalUserCpuTimeHistory': [715], 'TotalSysCpuTimeHistory': [28], 'WallDurations': [9.0, 137.2695562839508, 890.0], 'JobIds': ['103686580.0'], 'State': 'finished', 'RecordedSite': True}, '18': {'Retries': 0, 'Restarts': 0, 'SiteHistory': ['Unknown', 'T2_IT_Rome', 'T2_IT_Rome'], 'ResidentSetSize': [946300], 'SubmitTimes': [1708554679.0], 'StartTimes': [1708555196.0], 'EndTimes': [1708555659.0], 'TotalUserCpuTimeHistory': [348], 'TotalSysCpuTimeHistory': [16], 'WallDurations': [9.0, 137.2695562839508, 463.0], 'JobIds': ['103686581.0'], 'State': 'finished', 'RecordedSite': True}, '19': {'Retries': 0, 'Restarts': 0, 'SiteHistory': ['T2_IN_TIFR', 'T2_IN_TIFR'], 'ResidentSetSize': [1223580], 'SubmitTimes': [1708554679.0], 'StartTimes': [1708554780.0], 'EndTimes': [1708575068.0], 'TotalUserCpuTimeHistory': [892], 'TotalSysCpuTimeHistory': [119], 'WallDurations': [9.0, 20288.0], 'JobIds': ['103686582.0'], 'State': 'finished', 'RecordedSite': True}, '20': {'Retries': 0, 'Restarts': 0, 'SiteHistory': ['T2_IN_TIFR', 'T2_IN_TIFR'], 'ResidentSetSize': [1346368], 'SubmitTimes': [1708554679.0], 'StartTimes': [1708554709.0], 'EndTimes': [1708558128.0], 'TotalUserCpuTimeHistory': [1604], 'TotalSysCpuTimeHistory': [48], 'WallDurations': [9.0, 3419.0], 'JobIds': ['103686583.0'], 'State': 'finished', 'RecordedSite': True}, '21': {'Retries': 0, 'Restarts': 0, 'SiteHistory': ['T2_IN_TIFR', 'T2_IN_TIFR'], 'ResidentSetSize': [1338504], 'SubmitTimes': [1708554679.0], 'StartTimes': [1708554709.0], 'EndTimes': [1708556608.0], 'TotalUserCpuTimeHistory': [1746], 'TotalSysCpuTimeHistory': [44], 'WallDurations': [9.0, 1899.0], 'JobIds': ['103686584.0'], 'State': 'finished', 'RecordedSite': True}, '22': {'Retries': 0, 'Restarts': 0, 'SiteHistory': ['Unknown', 'T2_IN_TIFR', 'T2_IN_TIFR'], 'ResidentSetSize': [1284212], 'SubmitTimes': [1708554679.0], 'StartTimes': [1708554776.0], 'EndTimes': [1708571370.0], 'TotalUserCpuTimeHistory': [1548], 'TotalSysCpuTimeHistory': [153], 'WallDurations': [9.0, 257.0277433395386, 16594.0], 'JobIds': ['103686585.0'], 'State': 'finished', 'RecordedSite': True}, '23': {'Retries': 0, 'Restarts': 0, 'SiteHistory': ['Unknown', 'T2_US_Caltech', 'T2_US_Caltech'], 'ResidentSetSize': [1599812], 'SubmitTimes': [1708554679.0], 'StartTimes': [1708555795.0], 'EndTimes': [1708557387.0], 'TotalUserCpuTimeHistory': [1156], 'TotalSysCpuTimeHistory': [32], 'WallDurations': [10.0, 140.98116612434387, 1592.0], 'JobIds': ['103686586.0'], 'State': 'finished', 'RecordedSite': True}, '24': {'Retries': 1, 'Restarts': 0, 'SiteHistory': ['Unknown', 'T2_US_Caltech', 'T2_US_Caltech', 'Unknown', 'T2_US_Caltech', 'T2_US_Caltech'], 'ResidentSetSize': [1409280, 18496], 'SubmitTimes': [1708554679.0, 1708557752.0], 'StartTimes': [1708555792.0, 1708557766.0], 'EndTimes': [1708555878.0, 1708557861.0], 'TotalUserCpuTimeHistory': [48, 34], 'TotalSysCpuTimeHistory': [3, 4], 'WallDurations': [86.0, 143.98116612434387, 143.98116612434387, 95.0, 291.1972858905792, 291.1972858905792], 'JobIds': ['103686587.0', '103688731.0'], 'State': 'finished', 'RecordedSite': True}, '25': {'Retries': 0, 'Restarts': 0, 'SiteHistory': ['Unknown', 'T2_US_Caltech', 'T2_US_Caltech'], 'ResidentSetSize': [1837644], 'SubmitTimes': [1708554679.0], 'StartTimes': [1708555793.0], 'EndTimes': [1708559615.0], 'TotalUserCpuTimeHistory': [3321], 'TotalSysCpuTimeHistory': [74], 'WallDurations': [10.0, 142.98116612434387, 3822.0], 'JobIds': ['103686588.0'], 'State': 'finished', 'RecordedSite': True}, '26': {'Retries': 0, 'Restarts': 0, 'SiteHistory': ['Unknown', 'T2_US_Caltech', 'T2_US_Caltech'], 'ResidentSetSize': [1842012], 'SubmitTimes': [1708554679.0], 'StartTimes': [1708555793.0], 'EndTimes': [1708558043.0], 'TotalUserCpuTimeHistory': [1748], 'TotalSysCpuTimeHistory': [34], 'WallDurations': [9.0, 142.98116612434387, 2250.0], 'JobIds': ['103686589.0'], 'State': 'finished', 'RecordedSite': True}, '27': {'Retries': 0, 'Restarts': 0, 'SiteHistory': ['Unknown', 'T2_US_Caltech', 'T2_US_Caltech'], 'ResidentSetSize': [1734512], 'SubmitTimes': [1708554679.0], 'StartTimes': [1708555795.0], 'EndTimes': [1708560321.0], 'TotalUserCpuTimeHistory': [2169], 'TotalSysCpuTimeHistory': [72], 'WallDurations': [9.0, 140.98116612434387, 4526.0], 'JobIds': ['103686590.0'], 'State': 'finished', 'RecordedSite': True}, '28': {'Retries': 0, 'Restarts': 0, 'SiteHistory': ['Unknown', 'T2_US_Caltech', 'T2_US_Caltech'], 'ResidentSetSize': [1691232], 'SubmitTimes': [1708554679.0], 'StartTimes': [1708555795.0], 'EndTimes': [1708558480.0], 'TotalUserCpuTimeHistory': [2238], 'TotalSysCpuTimeHistory': [62], 'WallDurations': [9.0, 140.98116612434387, 2685.0], 'JobIds': ['103686591.0'], 'State': 'finished', 'RecordedSite': True}, '29': {'Retries': 0, 'Restarts': 0, 'SiteHistory': ['Unknown', 'T2_US_Caltech', 'T2_US_Caltech'], 'ResidentSetSize': [1690764], 'SubmitTimes': [1708554679.0], 'StartTimes': [1708555795.0], 'EndTimes': [1708558620.0], 'TotalUserCpuTimeHistory': [1887], 'TotalSysCpuTimeHistory': [46], 'WallDurations': [10.0, 140.98116612434387, 2825.0], 'JobIds': ['103686592.0'], 'State': 'finished', 'RecordedSite': True}, '30': {'Retries': 0, 'Restarts': 0, 'SiteHistory': ['Unknown', 'T2_US_Caltech', 'T2_US_Caltech'], 'ResidentSetSize': [1635012], 'SubmitTimes': [1708554679.0], 'StartTimes': [1708555804.0], 'EndTimes': [1708557436.0], 'TotalUserCpuTimeHistory': [1162], 'TotalSysCpuTimeHistory': [40], 'WallDurations': [9.0, 131.98116612434387, 1632.0], 'JobIds': ['103686593.0'], 'State': 'finished', 'RecordedSite': True}, '31': {'Retries': 0, 'Restarts': 0, 'SiteHistory': ['Unknown', 'T2_US_Caltech', 'T2_US_Caltech'], 'ResidentSetSize': [1547716], 'SubmitTimes': [1708554679.0], 'StartTimes': [1708555796.0], 'EndTimes': [1708557261.0], 'TotalUserCpuTimeHistory': [867], 'TotalSysCpuTimeHistory': [26], 'WallDurations': [10.0, 139.98116612434387, 1465.0], 'JobIds': ['103686594.0'], 'State': 'finished', 'RecordedSite': True}, '32': {'Retries': 0, 'Restarts': 0, 'SiteHistory': ['Unknown', 'T2_US_Caltech', 'T2_US_Caltech'], 'ResidentSetSize': [1737576], 'SubmitTimes': [1708554679.0], 'StartTimes': [1708555792.0], 'EndTimes': [1708557504.0], 'TotalUserCpuTimeHistory': [1393], 'TotalSysCpuTimeHistory': [24], 'WallDurations': [9.0, 143.98116612434387, 1712.0], 'JobIds': ['103686595.0'], 'State': 'finished', 'RecordedSite': True}, '33': {'Retries': 0, 'Restarts': 0, 'SiteHistory': ['Unknown', 'T2_US_Caltech', 'T2_US_Caltech'], 'ResidentSetSize': [1700404], 'SubmitTimes': [1708554679.0], 'StartTimes': [1708555796.0], 'EndTimes': [1708558252.0], 'TotalUserCpuTimeHistory': [1995], 'TotalSysCpuTimeHistory': [48], 'WallDurations': [9.0, 139.98116612434387, 2456.0], 'JobIds': ['103686596.0'], 'State': 'finished', 'RecordedSite': True}, '34': {'Retries': 1, 'Restarts': 0, 'SiteHistory': ['Unknown', 'T2_US_Caltech', 'T2_US_Caltech', 'T2_US_Caltech', 'T2_US_Caltech'], 'ResidentSetSize': [1551100, 1507652], 'SubmitTimes': [1708554679.0, 1708558196.0], 'StartTimes': [1708555795.0, 1708558233.0], 'EndTimes': [1708556324.0, 1708558804.0], 'TotalUserCpuTimeHistory': [392, 424], 'TotalSysCpuTimeHistory': [12, 19], 'WallDurations': [8.0, 140.98116612434387, 529.0, 9.0, 571.0], 'JobIds': ['103686597.0', '103688823.0'], 'State': 'finished', 'RecordedSite': True}, '35': {'Retries': 0, 'Restarts': 0, 'SiteHistory': ['Unknown', 'T2_US_Caltech', 'T2_US_Caltech'], 'ResidentSetSize': [1877904], 'SubmitTimes': [1708554679.0], 'StartTimes': [1708555797.0], 'EndTimes': [1708559660.0], 'TotalUserCpuTimeHistory': [3146], 'TotalSysCpuTimeHistory': [70], 'WallDurations': [9.0, 138.98116612434387, 3863.0], 'JobIds': ['103686598.0'], 'State': 'finished', 'RecordedSite': True}, '36': {'Retries': 0, 'Restarts': 0, 'SiteHistory': ['Unknown', 'T2_US_Caltech', 'T2_US_Caltech'], 'ResidentSetSize': [1784256], 'SubmitTimes': [1708554679.0], 'StartTimes': [1708555800.0], 'EndTimes': [1708558247.0], 'TotalUserCpuTimeHistory': [1985], 'TotalSysCpuTimeHistory': [57], 'WallDurations': [10.0, 135.98116612434387, 2447.0], 'JobIds': ['103686599.0'], 'State': 'finished', 'RecordedSite': True}, '38': {'Retries': 0, 'Restarts': 0, 'SiteHistory': ['Unknown', 'T2_US_Caltech', 'T2_US_Caltech'], 'ResidentSetSize': [1839328], 'SubmitTimes': [1708554679.0], 'StartTimes': [1708555796.0], 'EndTimes': [1708558682.0], 'TotalUserCpuTimeHistory': [2493], 'TotalSysCpuTimeHistory': [45], 'WallDurations': [9.0, 139.98116612434387, 2886.0], 'JobIds': ['103686600.0'], 'State': 'finished', 'RecordedSite': True}, '39': {'Retries': 0, 'Restarts': 0, 'SiteHistory': ['Unknown', 'T2_US_Caltech', 'T2_US_Caltech'], 'ResidentSetSize': [1866108], 'SubmitTimes': [1708554680.0], 'StartTimes': [1708555797.0], 'EndTimes': [1708559173.0], 'TotalUserCpuTimeHistory': [2820], 'TotalSysCpuTimeHistory': [64], 'WallDurations': [9.0, 138.98116612434387, 3376.0], 'JobIds': ['103686601.0'], 'State': 'finished', 'RecordedSite': True}, '41': {'Retries': 0, 'Restarts': 0, 'SiteHistory': ['Unknown', 'T2_US_Caltech', 'T2_US_Caltech'], 'ResidentSetSize': [1853088], 'SubmitTimes': [1708554680.0], 'StartTimes': [1708555796.0], 'EndTimes': [1708559338.0], 'TotalUserCpuTimeHistory': [3096], 'TotalSysCpuTimeHistory': [86], 'WallDurations': [9.0, 139.98116612434387, 3542.0], 'JobIds': ['103686602.0'], 'State': 'finished', 'RecordedSite': True}, '40': {'Retries': 0, 'Restarts': 0, 'SiteHistory': ['Unknown', 'T2_US_Caltech', 'T2_US_Caltech'], 'ResidentSetSize': [1874940], 'SubmitTimes': [1708554680.0], 'StartTimes': [1708555796.0], 'EndTimes': [1708559888.0], 'TotalUserCpuTimeHistory': [3435], 'TotalSysCpuTimeHistory': [87], 'WallDurations': [9.0, 139.98116612434387, 4092.0], 'JobIds': ['103686603.0'], 'State': 'finished', 'RecordedSite': True}, '44': {'Retries': 0, 'Restarts': 0, 'SiteHistory': ['Unknown', 'T2_US_Caltech', 'T2_US_Caltech'], 'ResidentSetSize': [1519236], 'SubmitTimes': [1708554680.0], 'StartTimes': [1708555804.0], 'EndTimes': [1708555903.0], 'TotalUserCpuTimeHistory': [47], 'TotalSysCpuTimeHistory': [6], 'WallDurations': [99.0, 131.98116612434387, 131.98116612434387], 'JobIds': ['103686604.0'], 'State': 'finished', 'RecordedSite': True}, '42': {'Retries': 0, 'Restarts': 0, 'SiteHistory': ['Unknown', 'T2_US_Caltech', 'T2_US_Caltech'], 'ResidentSetSize': [1905404], 'SubmitTimes': [1708554680.0], 'StartTimes': [1708555799.0], 'EndTimes': [1708559155.0], 'TotalUserCpuTimeHistory': [2824], 'TotalSysCpuTimeHistory': [70], 'WallDurations': [9.0, 136.98116612434387, 3356.0], 'JobIds': ['103686605.0'], 'State': 'finished', 'RecordedSite': True}, '46': {'Retries': 0, 'Restarts': 0, 'SiteHistory': ['Unknown', 'T2_US_Caltech', 'T2_US_Caltech'], 'ResidentSetSize': [1519648], 'SubmitTimes': [1708554680.0], 'StartTimes': [1708555803.0], 'EndTimes': [1708556853.0], 'TotalUserCpuTimeHistory': [781], 'TotalSysCpuTimeHistory': [31], 'WallDurations': [9.0, 132.98116612434387, 1050.0], 'JobIds': ['103686606.0'], 'State': 'finished', 'RecordedSite': True}, '47': {'Retries': 0, 'Restarts': 0, 'SiteHistory': ['Unknown', 'T2_US_Caltech', 'T2_US_Caltech'], 'ResidentSetSize': [1713436], 'SubmitTimes': [1708554680.0], 'StartTimes': [1708555798.0], 'EndTimes': [1708557315.0], 'TotalUserCpuTimeHistory': [1212], 'TotalSysCpuTimeHistory': [26], 'WallDurations': [9.0, 137.98116612434387, 1517.0], 'JobIds': ['103686607.0'], 'State': 'finished', 'RecordedSite': True}, '52': {'Retries': 0, 'Restarts': 0, 'SiteHistory': ['Unknown', 'T2_US_Caltech', 'T2_US_Caltech'], 'ResidentSetSize': [1515056], 'SubmitTimes': [1708554680.0], 'StartTimes': [1708555799.0], 'EndTimes': [1708556244.0], 'TotalUserCpuTimeHistory': [361], 'TotalSysCpuTimeHistory': [14], 'WallDurations': [10.0, 136.98116612434387, 445.0], 'JobIds': ['103686608.0'], 'State': 'finished', 'RecordedSite': True}, '43': {'Retries': 0, 'Restarts': 0, 'SiteHistory': ['Unknown', 'T2_US_Caltech', 'T2_US_Caltech'], 'ResidentSetSize': [1809436], 'SubmitTimes': [1708554680.0], 'StartTimes': [1708555801.0], 'EndTimes': [1708558528.0], 'TotalUserCpuTimeHistory': [2197], 'TotalSysCpuTimeHistory': [46], 'WallDurations': [9.0, 134.98116612434387, 2727.0], 'JobIds': ['103686609.0'], 'State': 'finished', 'RecordedSite': True}, '50': {'Retries': 0, 'Restarts': 0, 'SiteHistory': ['Unknown', 'T2_US_Caltech', 'T2_US_Caltech'], 'ResidentSetSize': [1852148], 'SubmitTimes': [1708554680.0], 'StartTimes': [1708555800.0], 'EndTimes': [1708558077.0], 'TotalUserCpuTimeHistory': [1893], 'TotalSysCpuTimeHistory': [35], 'WallDurations': [9.0, 135.98116612434387, 2277.0], 'JobIds': ['103686610.0'], 'State': 'finished', 'RecordedSite': True}, '54': {'Retries': 0, 'Restarts': 0, 'SiteHistory': ['Unknown', 'T1_RU_JINR', 'T1_RU_JINR'], 'ResidentSetSize': [1163888], 'SubmitTimes': [1708554680.0], 'StartTimes': [1708555388.0], 'EndTimes': [1708556674.0], 'TotalUserCpuTimeHistory': [990], 'TotalSysCpuTimeHistory': [27], 'WallDurations': [9.0, 246.6343674659729, 1286.0], 'JobIds': ['103686611.0'], 'State': 'finished', 'RecordedSite': True}, '48': {'Retries': 0, 'Restarts': 0, 'SiteHistory': ['Unknown', 'T2_US_Caltech', 'T2_US_Caltech'], 'ResidentSetSize': [1848632], 'SubmitTimes': [1708554680.0], 'StartTimes': [1708555800.0], 'EndTimes': [1708559147.0], 'TotalUserCpuTimeHistory': [2639], 'TotalSysCpuTimeHistory': [58], 'WallDurations': [10.0, 135.98116612434387, 3347.0], 'JobIds': ['103686612.0'], 'State': 'finished', 'RecordedSite': True}, '49': {'Retries': 0, 'Restarts': 0, 'SiteHistory': ['Unknown', 'T2_US_Caltech', 'T2_US_Caltech'], 'ResidentSetSize': [1815660], 'SubmitTimes': [1708554681.0], 'StartTimes': [1708555801.0], 'EndTimes': [1708559333.0], 'TotalUserCpuTimeHistory': [3011], 'TotalSysCpuTimeHistory': [83], 'WallDurations': [10.0, 134.98116612434387, 3532.0], 'JobIds': ['103686613.0'], 'State': 'finished', 'RecordedSite': True}, '53': {'Retries': 0, 'Restarts': 0, 'SiteHistory': ['Unknown', 'T2_US_Caltech', 'T2_US_Caltech'], 'ResidentSetSize': [1599584], 'SubmitTimes': [1708554681.0], 'StartTimes': [1708555803.0], 'EndTimes': [1708556375.0], 'TotalUserCpuTimeHistory': [407], 'TotalSysCpuTimeHistory': [11], 'WallDurations': [10.0, 132.98116612434387, 572.0], 'JobIds': ['103686614.0'], 'State': 'finished', 'RecordedSite': True}, '45': {'Retries': 0, 'Restarts': 0, 'SiteHistory': ['T2_CN_Beijing', 'T2_CN_Beijing'], 'ResidentSetSize': [1258384], 'SubmitTimes': [1708554681.0], 'StartTimes': [1708554712.0], 'EndTimes': [1708555505.0], 'TotalUserCpuTimeHistory': [319], 'TotalSysCpuTimeHistory': [28], 'WallDurations': [9.0, 793.0], 'JobIds': ['103686615.0'], 'State': 'finished', 'RecordedSite': True}, '55': {'Retries': 0, 'Restarts': 0, 'SiteHistory': ['Unknown', 'T1_RU_JINR', 'T1_RU_JINR'], 'ResidentSetSize': [936012], 'SubmitTimes': [1708554681.0], 'StartTimes': [1708555388.0], 'EndTimes': [1708556402.0], 'TotalUserCpuTimeHistory': [675], 'TotalSysCpuTimeHistory': [18], 'WallDurations': [9.0, 246.6343674659729, 1014.0], 'JobIds': ['103686616.0'], 'State': 'finished', 'RecordedSite': True}, '57': {'Retries': 0, 'Restarts': 0, 'SiteHistory': ['Unknown', 'T2_US_Caltech', 'T2_US_Caltech'], 'ResidentSetSize': [1607416], 'SubmitTimes': [1708554681.0], 'StartTimes': [1708555802.0], 'EndTimes': [1708556117.0], 'TotalUserCpuTimeHistory': [239], 'TotalSysCpuTimeHistory': [5], 'WallDurations': [9.0, 133.98116612434387, 315.0], 'JobIds': ['103686617.0'], 'State': 'finished', 'RecordedSite': True}, '56': {'Retries': 0, 'Restarts': 0, 'SiteHistory': ['Unknown', 'T1_RU_JINR', 'T1_RU_JINR'], 'ResidentSetSize': [936508], 'SubmitTimes': [1708554681.0], 'StartTimes': [1708555387.0], 'EndTimes': [1708556000.0], 'TotalUserCpuTimeHistory': [472], 'TotalSysCpuTimeHistory': [13], 'WallDurations': [9.0, 247.6343674659729, 613.0], 'JobIds': ['103686618.0'], 'State': 'finished', 'RecordedSite': True}, '59': {'Retries': 0, 'Restarts': 0, 'SiteHistory': ['Unknown', 'T2_US_Caltech', 'T2_US_Caltech'], 'ResidentSetSize': [1783732], 'SubmitTimes': [1708554681.0], 'StartTimes': [1708555804.0], 'EndTimes': [1708557959.0], 'TotalUserCpuTimeHistory': [1710], 'TotalSysCpuTimeHistory': [52], 'WallDurations': [9.0, 131.98116612434387, 2155.0], 'JobIds': ['103686619.0'], 'State': 'finished', 'RecordedSite': True}, '51': {'Retries': 0, 'Restarts': 0, 'SiteHistory': ['Unknown', 'T2_US_Caltech', 'T2_US_Caltech'], 'ResidentSetSize': [1705488], 'SubmitTimes': [1708554681.0], 'StartTimes': [1708555809.0], 'EndTimes': [1708558025.0], 'TotalUserCpuTimeHistory': [1823], 'TotalSysCpuTimeHistory': [51], 'WallDurations': [9.0, 126.98116612434387, 2216.0], 'JobIds': ['103686620.0'], 'State': 'finished', 'RecordedSite': True}, '60': {'Retries': 0, 'Restarts': 0, 'SiteHistory': ['Unknown', 'T2_US_Caltech', 'T2_US_Caltech'], 'ResidentSetSize': [1849068], 'SubmitTimes': [1708554681.0], 'StartTimes': [1708555806.0], 'EndTimes': [1708559253.0], 'TotalUserCpuTimeHistory': [2881], 'TotalSysCpuTimeHistory': [65], 'WallDurations': [10.0, 129.98116612434387, 3447.0], 'JobIds': ['103686621.0'], 'State': 'finished', 'RecordedSite': True}, '58': {'Retries': 0, 'Restarts': 0, 'SiteHistory': ['Unknown', 'T2_US_Caltech', 'T2_US_Caltech'], 'ResidentSetSize': [1610060], 'SubmitTimes': [1708554681.0], 'StartTimes': [1708555806.0], 'EndTimes': [1708557282.0], 'TotalUserCpuTimeHistory': [1193], 'TotalSysCpuTimeHistory': [24], 'WallDurations': [9.0, 129.98116612434387, 1476.0], 'JobIds': ['103686622.0'], 'State': 'finished', 'RecordedSite': True}, '62': {'Retries': 0, 'Restarts': 0, 'SiteHistory': ['Unknown', 'T2_US_Caltech', 'T2_US_Caltech'], 'ResidentSetSize': [1699092], 'SubmitTimes': [1708554681.0], 'StartTimes': [1708555813.0], 'EndTimes': [1708558003.0], 'TotalUserCpuTimeHistory': [1768], 'TotalSysCpuTimeHistory': [50], 'WallDurations': [9.0, 122.98116612434387, 2190.0], 'JobIds': ['103686623.0'], 'State': 'finished', 'RecordedSite': True}, '61': {'Retries': 0, 'Restarts': 0, 'SiteHistory': ['Unknown', 'T2_US_Caltech', 'T2_US_Caltech'], 'ResidentSetSize': [1860552], 'SubmitTimes': [1708554681.0], 'StartTimes': [1708555807.0], 'EndTimes': [1708559626.0], 'TotalUserCpuTimeHistory': [3113], 'TotalSysCpuTimeHistory': [71], 'WallDurations': [10.0, 128.98116612434387, 3819.0], 'JobIds': ['103686624.0'], 'State': 'finished', 'RecordedSite': True}, '65': {'Retries': 1, 'Restarts': 0, 'SiteHistory': ['Unknown', 'T2_US_Caltech', 'T2_US_Caltech', 'T2_US_Caltech', 'T2_US_Caltech'], 'ResidentSetSize': [1485052, 1489536], 'SubmitTimes': [1708554681.0, 1708558242.0], 'StartTimes': [1708555813.0, 1708558253.0], 'EndTimes': [1708556378.0, 1708558840.0], 'TotalUserCpuTimeHistory': [421, 448], 'TotalSysCpuTimeHistory': [16, 16], 'WallDurations': [9.0, 122.98116612434387, 565.0, 9.0, 587.0], 'JobIds': ['103686625.0', '103688831.0'], 'State': 'finished', 'RecordedSite': True}, '67': {'Retries': 0, 'Restarts': 0, 'SiteHistory': ['Unknown', 'T2_US_Caltech', 'T2_US_Caltech'], 'ResidentSetSize': [1801276], 'SubmitTimes': [1708554681.0], 'StartTimes': [1708555806.0], 'EndTimes': [1708557646.0], 'TotalUserCpuTimeHistory': [1517], 'TotalSysCpuTimeHistory': [26], 'WallDurations': [9.0, 129.98116612434387, 1840.0], 'JobIds': ['103686626.0'], 'State': 'finished', 'RecordedSite': True}, '66': {'Retries': 0, 'Restarts': 0, 'SiteHistory': ['Unknown', 'T2_US_Caltech', 'T2_US_Caltech'], 'ResidentSetSize': [1855292], 'SubmitTimes': [1708554681.0], 'StartTimes': [1708555808.0], 'EndTimes': [1708557854.0], 'TotalUserCpuTimeHistory': [1685], 'TotalSysCpuTimeHistory': [29], 'WallDurations': [9.0, 127.98116612434387, 2046.0], 'JobIds': ['103686627.0'], 'State': 'finished', 'RecordedSite': True}, '69': {'Retries': 0, 'Restarts': 0, 'SiteHistory': ['Unknown', 'T2_US_Caltech', 'T2_US_Caltech'], 'ResidentSetSize': [1711164], 'SubmitTimes': [1708554681.0], 'StartTimes': [1708555812.0], 'EndTimes': [1708557280.0], 'TotalUserCpuTimeHistory': [1112], 'TotalSysCpuTimeHistory': [23], 'WallDurations': [9.0, 123.98116612434387, 1468.0], 'JobIds': ['103686628.0'], 'State': 'finished', 'RecordedSite': True}, '64': {'Retries': 0, 'Restarts': 0, 'SiteHistory': ['Unknown', 'T2_US_Caltech', 'T2_US_Caltech'], 'ResidentSetSize': [1607264], 'SubmitTimes': [1708554681.0], 'StartTimes': [1708555813.0], 'EndTimes': [1708557169.0], 'TotalUserCpuTimeHistory': [1066], 'TotalSysCpuTimeHistory': [40], 'WallDurations': [9.0, 122.98116612434387, 1356.0], 'JobIds': ['103686629.0'], 'State': 'finished', 'RecordedSite': True}, '68': {'Retries': 0, 'Restarts': 0, 'SiteHistory': ['Unknown', 'T2_US_Caltech', 'T2_US_Caltech'], 'ResidentSetSize': [1660324], 'SubmitTimes': [1708554681.0], 'StartTimes': [1708555819.0], 'EndTimes': [1708557424.0], 'TotalUserCpuTimeHistory': [1232], 'TotalSysCpuTimeHistory': [40], 'WallDurations': [10.0, 116.98116612434387, 1605.0], 'JobIds': ['103686630.0'], 'State': 'finished', 'RecordedSite': True}, '72': {'Retries': 0, 'Restarts': 0, 'SiteHistory': ['Unknown', 'T2_US_Caltech', 'T2_US_Caltech'], 'ResidentSetSize': [1855004], 'SubmitTimes': [1708554681.0], 'StartTimes': [1708555813.0], 'EndTimes': [1708557629.0], 'TotalUserCpuTimeHistory': [1462], 'TotalSysCpuTimeHistory': [28], 'WallDurations': [9.0, 122.98116612434387, 1816.0], 'JobIds': ['103686631.0'], 'State': 'finished', 'RecordedSite': True}, '70': {'Retries': 0, 'Restarts': 0, 'SiteHistory': ['Unknown', 'T2_US_Caltech', 'T2_US_Caltech'], 'ResidentSetSize': [1648348], 'SubmitTimes': [1708554681.0], 'StartTimes': [1708555839.0], 'EndTimes': [1708558032.0], 'TotalUserCpuTimeHistory': [1890], 'TotalSysCpuTimeHistory': [52], 'WallDurations': [9.0, 96.98116612434387, 2193.0], 'JobIds': ['103686632.0'], 'State': 'finished', 'RecordedSite': True}, '63': {'Retries': 0, 'Restarts': 0, 'SiteHistory': ['Unknown', 'T2_US_Caltech', 'T2_US_Caltech'], 'ResidentSetSize': [1722412], 'SubmitTimes': [1708554681.0], 'StartTimes': [1708555885.0], 'EndTimes': [1708557475.0], 'TotalUserCpuTimeHistory': [1228], 'TotalSysCpuTimeHistory': [36], 'WallDurations': [9.0, 50.98116612434387, 1590.0], 'JobIds': ['103686633.0'], 'State': 'finished', 'RecordedSite': True}, '71': {'Retries': 0, 'Restarts': 0, 'SiteHistory': ['Unknown', 'T2_US_Caltech', 'T2_US_Caltech'], 'ResidentSetSize': [1618736], 'SubmitTimes': [1708554681.0], 'StartTimes': [1708555910.0], 'EndTimes': [1708557215.0], 'TotalUserCpuTimeHistory': [1007], 'TotalSysCpuTimeHistory': [34], 'WallDurations': [9.0, 25.981166124343872, 1305.0], 'JobIds': ['103686634.0'], 'State': 'finished', 'RecordedSite': True}, '75': {'Retries': 0, 'Restarts': 0, 'SiteHistory': ['Unknown', 'T2_US_Caltech', 'T2_US_Caltech'], 'ResidentSetSize': [1538128], 'SubmitTimes': [1708554681.0], 'StartTimes': [1708555972.0], 'EndTimes': [1708557465.0], 'TotalUserCpuTimeHistory': [1136], 'TotalSysCpuTimeHistory': [31], 'WallDurations': [9.0, 266.13979959487915, 1493.0], 'JobIds': ['103686635.0'], 'State': 'finished', 'RecordedSite': True}, '76': {'Retries': 0, 'Restarts': 0, 'SiteHistory': ['Unknown', 'T2_US_Caltech', 'T2_US_Caltech'], 'ResidentSetSize': [1480944], 'SubmitTimes': [1708554682.0], 'StartTimes': [1708555987.0], 'EndTimes': [1708557061.0], 'TotalUserCpuTimeHistory': [738], 'TotalSysCpuTimeHistory': [29], 'WallDurations': [9.0, 251.13979959487915, 1074.0], 'JobIds': ['103686636.0'], 'State': 'finished', 'RecordedSite': True}, '74': {'Retries': 0, 'Restarts': 0, 'SiteHistory': ['Unknown', 'T2_US_Caltech', 'T2_US_Caltech'], 'ResidentSetSize': [1570864], 'SubmitTimes': [1708554682.0], 'StartTimes': [1708556078.0], 'EndTimes': [1708556937.0], 'TotalUserCpuTimeHistory': [596], 'TotalSysCpuTimeHistory': [15], 'WallDurations': [9.0, 160.13979959487915, 859.0], 'JobIds': ['103686637.0'], 'State': 'finished', 'RecordedSite': True}, '73': {'Retries': 0, 'Restarts': 0, 'SiteHistory': ['Unknown', 'T2_US_Caltech', 'T2_US_Caltech'], 'ResidentSetSize': [1803960], 'SubmitTimes': [1708554682.0], 'StartTimes': [1708556114.0], 'EndTimes': [1708559066.0], 'TotalUserCpuTimeHistory': [2451], 'TotalSysCpuTimeHistory': [55], 'WallDurations': [9.0, 124.13979959487915, 2952.0], 'JobIds': ['103686638.0'], 'State': 'finished', 'RecordedSite': True}, '77': {'Retries': 1, 'Restarts': 0, 'SiteHistory': ['Unknown', 'T2_US_Caltech', 'T2_US_Caltech', 'T2_US_Caltech', 'T2_US_Caltech'], 'ResidentSetSize': [1537968, 1535204], 'SubmitTimes': [1708554682.0, 1708558613.0], 'StartTimes': [1708556122.0, 1708558626.0], 'EndTimes': [1708556743.0, 1708559632.0], 'TotalUserCpuTimeHistory': [402, 615], 'TotalSysCpuTimeHistory': [10, 19], 'WallDurations': [9.0, 116.13979959487915, 621.0, 9.0, 1006.0], 'JobIds': ['103686639.0', '103688911.0'], 'State': 'finished', 'RecordedSite': True}, '78': {'Retries': 0, 'Restarts': 0, 'SiteHistory': ['Unknown', 'T2_US_Caltech', 'T2_US_Caltech'], 'ResidentSetSize': [1526080], 'SubmitTimes': [1708554682.0], 'StartTimes': [1708556249.0], 'EndTimes': [1708557486.0], 'TotalUserCpuTimeHistory': [1027], 'TotalSysCpuTimeHistory': [36], 'WallDurations': [9.0, 293.70140051841736, 1237.0], 'JobIds': ['103686640.0'], 'State': 'finished', 'RecordedSite': True}, '79': {'Retries': 0, 'Restarts': 0, 'SiteHistory': ['Unknown', 'T2_US_Caltech', 'T2_US_Caltech'], 'ResidentSetSize': [1728728], 'SubmitTimes': [1708554682.0], 'StartTimes': [1708556283.0], 'EndTimes': [1708558601.0], 'TotalUserCpuTimeHistory': [1939], 'TotalSysCpuTimeHistory': [46], 'WallDurations': [10.0, 259.70140051841736, 2318.0], 'JobIds': ['103686641.0'], 'State': 'finished', 'RecordedSite': True}, '80': {'Retries': 0, 'Restarts': 0, 'SiteHistory': ['Unknown', 'T2_US_Caltech', 'T2_US_Caltech'], 'ResidentSetSize': [1836332], 'SubmitTimes': [1708554682.0], 'StartTimes': [1708556284.0], 'EndTimes': [1708558598.0], 'TotalUserCpuTimeHistory': [1930], 'TotalSysCpuTimeHistory': [32], 'WallDurations': [10.0, 258.70140051841736, 2314.0], 'JobIds': ['103686642.0'], 'State': 'finished', 'RecordedSite': True}, '81': {'Retries': 0, 'Restarts': 0, 'SiteHistory': ['Unknown', 'T2_US_Caltech', 'T2_US_Caltech'], 'ResidentSetSize': [1580580], 'SubmitTimes': [1708554682.0], 'StartTimes': [1708556281.0], 'EndTimes': [1708556625.0], 'TotalUserCpuTimeHistory': [259], 'TotalSysCpuTimeHistory': [5], 'WallDurations': [9.0, 261.70140051841736, 344.0], 'JobIds': ['103686643.0'], 'State': 'finished', 'RecordedSite': True}, '37': {'Retries': 0, 'Restarts': 0, 'SiteHistory': ['Unknown', 'T2_US_Caltech', 'T2_US_Caltech'], 'ResidentSetSize': [1837608], 'SubmitTimes': [1708554682.0], 'StartTimes': [1708556284.0], 'EndTimes': [1708560882.0], 'TotalUserCpuTimeHistory': [3233], 'TotalSysCpuTimeHistory': [90], 'WallDurations': [9.0, 258.70140051841736, 4598.0], 'JobIds': ['103686644.0'], 'State': 'finished', 'RecordedSite': True}}
INFO 2024-02-22 18:03:22.734 UTC: 	 Status on the scheduler:	COMPLETED
INFO 2024-02-22 18:03:22.734 UTC: 	 
Jobs status:                    finished     		100.0% (81/81)
DEBUG 2024-02-22 18:03:22.734 UTC: 	 Encoded data for curl request: subresource=publicationstatus&workflow=240221_222723%3Ambuonsan_crab_SkimB4Mu_2023eraC-v2_stream0_Mini&username=mbuonsan
INFO 2024-02-22 18:03:22.915 UTC: 	 
Output dataset:			/FakeDataset/fakefile-FakePublish-dde913cfb6a3a8b780a2d3dcb5848ca9/USER
INFO 2024-02-22 18:03:22.915 UTC: 	 
No publication information available yet
INFO 2024-02-22 18:03:22.918 UTC: 	 
Warning: the max jobs runtime is less than 30% of the task requested value (1250 min), please consider to request a lower value for failed jobs (allowed through crab resubmit) and/or improve the jobs splitting (e.g. config.Data.splitting = 'Automatic') in a new task.
INFO 2024-02-22 18:03:22.918 UTC: 	 
Summary of run jobs:
 * Memory: 18MB min, 1860MB max, 1503MB ave
 * Runtime: 0:02:11 min, 5:38:08 max, 0:39:04 ave
 * CPU eff: 5% min, 94% max, 67% ave
 * Waste: 5:54:06 (10% of total)

DEBUG 2024-02-22 18:03:22.919 UTC: 	 Requesting resubmission of failed jobs in task 240221_222723:mbuonsan_crab_SkimB4Mu_2023eraC-v2_stream0_Mini
ERROR 2024-02-22 18:03:22.919 UTC: 	 Found no jobs to resubmit. Only jobs in status failed can be resubmitted. Jobs in status finished can also be resubmitted, but only if the jobids are specified and the force option is set.
ERROR 2024-02-22 18:03:22.919 UTC: 	 Caught ClientException exception
Traceback (most recent call last):
  File "/cvmfs/cms.cern.ch/share/cms/crab-prod/v3.240110.01/bin/crab.py", line 152, in <module>
    client()
  File "/cvmfs/cms.cern.ch/share/cms/crab-prod/v3.240110.01/bin/crab.py", line 137, in __call__
    returnDict = self.cmd()
  File "/cvmfs/cms.cern.ch/share/cms/crab-prod/v3.240110.01/lib/CRABClient/Commands/resubmit.py", line 65, in __call__
    self.jobids = self.processJobIds(jobList)
  File "/cvmfs/cms.cern.ch/share/cms/crab-prod/v3.240110.01/lib/CRABClient/Commands/resubmit.py", line 171, in processJobIds
    raise ConfigurationException(msg)
CRABClient.ClientExceptions.ConfigurationException: Found no jobs to resubmit. Only jobs in status failed can be resubmitted. Jobs in status finished can also be resubmitted, but only if the jobids are specified and the force option is set.
