DEBUG 2024-02-21 22:30:48.298 UTC: 	 CRAB Client version: v3.240110
DEBUG 2024-02-21 22:30:48.298 UTC: 	 Running on: Linux ui02.recas.ba.infn.it 3.10.0-1160.80.1.el7.x86_64 #1 SMP Tue Nov 8 15:48:59 UTC 2022 x86_64 x86_64 x86_64 GNU/Linux - CentOS Linux 7 (Core)
DEBUG 2024-02-21 22:30:48.298 UTC: 	 Executing command: 'submit'
DEBUG 2024-02-21 22:30:48.298 UTC: 	 Found CRAB cache file /lustrehome/mbuonsante/.crab3
INFO 2024-02-21 22:30:48.299 UTC: 	 Will use CRAB configuration file CRAB_stream_4.py
DEBUG 2024-02-21 22:30:48.299 UTC: 	 Loading CRAB configuration file.
DEBUG 2024-02-21 22:30:48.302 UTC: 	 Will use CRAB plugin ANALYSIS (i.e. will run an analysis job type).
DEBUG 2024-02-21 22:30:48.303 UTC: 	 Checking credentials
DEBUG 2024-02-21 22:30:48.303 UTC: 	 Found proxy file /tmp/x509up_u881331
DEBUG 2024-02-21 22:30:48.304 UTC: 	 Making sure it has proper VOMS extension
DEBUG 2024-02-21 22:30:48.304 UTC: 	 Executing command :
 voms-proxy-info --vo --file /tmp/x509up_u881331
DEBUG 2024-02-21 22:30:50.035 UTC: 	 output : cms

 error: 
 retcode : 0
DEBUG 2024-02-21 22:30:50.035 UTC: 	 Getting proxy life time left
DEBUG 2024-02-21 22:30:50.035 UTC: 	 Executing command :
 voms-proxy-info --actimeleft --timeleft --file /tmp/x509up_u881331
DEBUG 2024-02-21 22:30:51.759 UTC: 	 output : 479366
479365

 error: 
 retcode : 0
DEBUG 2024-02-21 22:30:51.760 UTC: 	 Proxy valid for 133:09:25 hours
DEBUG 2024-02-21 22:30:51.760 UTC: 	 Encoded data for curl request: subresource=delegatedn
DEBUG 2024-02-21 22:30:51.944 UTC: 	 Registering user credentials on myproxy for /DC=ch/DC=cern/OU=computers/CN=crab-(preprod|prod|dev)-tw(01|02|03).cern.ch|/DC=ch/DC=cern/OU=computers/CN=stefanov(m|m2).cern.ch|/DC=ch/DC=cern/OU=computers/CN=dciangot-tw.cern.ch
DEBUG 2024-02-21 22:30:51.945 UTC: 	 Executing command :
 voms-proxy-info --identity --file /tmp/x509up_u881331
DEBUG 2024-02-21 22:30:53.632 UTC: 	 output : /DC=ch/DC=cern/OU=Organic Units/OU=Users/CN=mbuonsan/CN=866052/CN=Marco Buonsante

 error: 
 retcode : 0
DEBUG 2024-02-21 22:30:53.632 UTC: 	 Getting myproxy life time left for db438794163ae221c16ac5cdc1e476b2bc2ff634
DEBUG 2024-02-21 22:30:53.632 UTC: 	 Executing command :
 myproxy-info -s myproxy.cern.ch -l db438794163ae221c16ac5cdc1e476b2bc2ff634
DEBUG 2024-02-21 22:30:54.025 UTC: 	 output : username: db438794163ae221c16ac5cdc1e476b2bc2ff634
owner: /DC=ch/DC=cern/OU=Organic Units/OU=Users/CN=mbuonsan/CN=866052/CN=Marco Buonsante
  renewal policy: /DC=ch/DC=cern/OU=computers/CN=crab-(preprod|prod|dev)-tw(01|02|03).cern.ch|/DC=ch/DC=cern/OU=computers/CN=stefanov(m|m2).cern.ch|/DC=ch/DC=cern/OU=computers/CN=dciangot-tw.cern.ch
  trusted retrieval policy: /DC=ch/DC=cern/OU=computers/CN=crab-(preprod|prod|dev)-tw(01|02|03).cern.ch|/DC=ch/DC=cern/OU=computers/CN=stefanov(m|m2).cern.ch|/DC=ch/DC=cern/OU=computers/CN=dciangot-tw.cern.ch
  timeleft: 493:10:33  (20.5 days)

 error: 
 retcode : 0
DEBUG 2024-02-21 22:30:54.025 UTC: 	 Myproxy is valid: 1775400
DEBUG 2024-02-21 22:30:54.025 UTC: 	 Result of myproxy credential check:
  Credential exists on myproxy: username: db438794163ae221c16ac5cdc1e476b2bc2ff634  - validity: 20 days, 13:10:00
DEBUG 2024-02-21 22:30:54.025 UTC: 	 Command use: submit
DEBUG 2024-02-21 22:30:54.025 UTC: 	 Options use: ['-c', 'CRAB_stream_4.py']
DEBUG 2024-02-21 22:30:54.026 UTC: 	 Encoded data for curl request: subresource=version
DEBUG 2024-02-21 22:30:54.199 UTC: 	 CRABClient version: v3.240110
DEBUG 2024-02-21 22:30:54.199 UTC: 	 Instance is prod
DEBUG 2024-02-21 22:30:54.199 UTC: 	 Server base url is cmsweb.cern.ch
DEBUG 2024-02-21 22:30:54.199 UTC: 	 Command api workflow
DEBUG 2024-02-21 22:30:54.199 UTC: 	 Started submission
DEBUG 2024-02-21 22:30:54.199 UTC: 	 Working on /lustrehome/mbuonsante/B_4mu/CMSSW_13_0_13/src/B4muNtuplizer/CrabSubmission/2023_eraC-v3/crab_projects/crab_SkimB4Mu_2023eraC-v3_stream4_Mini
DEBUG 2024-02-21 22:30:54.200 UTC: 	 Encoded data for curl request: subresource=backendurls
DEBUG 2024-02-21 22:30:54.475 UTC: 	 Loading required information from the environment
DEBUG 2024-02-21 22:30:54.476 UTC: 	 Found CMSSW_13_0_13 for slc7_amd64_gcc11 with base /lustrehome/mbuonsante/B_4mu/CMSSW_13_0_13
DEBUG 2024-02-21 22:30:54.476 UTC: 	 Loading required information from the environment
DEBUG 2024-02-21 22:30:54.476 UTC: 	 Found CMSSW_13_0_13 for slc7_amd64_gcc11 with base /lustrehome/mbuonsante/B_4mu/CMSSW_13_0_13
DEBUG 2024-02-21 22:30:54.476 UTC: 	 UNIQUE NAME: tarUUID 7ea601a0-7cee-41c5-82af-756fe7844611 
DEBUG 2024-02-21 22:30:54.476 UTC: 	 self.config: from WMCore.Configuration import Configuration
config = Configuration()
config.section_('General')
config.General.transferOutputs = True
config.General.transferLogs = False
config.General.requestName = 'SkimB4Mu_2023eraC-v3_stream4_Mini'
config.General.workArea = 'crab_projects'
config.section_('JobType')
config.JobType.allowUndistributedCMSSW = True
config.JobType.psetName = '/lustrehome/mbuonsante/B_4mu/CMSSW_13_0_13/src/B4muNtuplizer/CrabSubmission/2023_eraC-v3/PatAndTree_cfg.py'
config.JobType.pluginName = 'Analysis'
config.section_('Data')
config.Data.lumiMask = 'https://cms-service-dqmdc.web.cern.ch/CAF/certification/Collisions23/Cert_Collisions2023_eraC_367095_368823_Golden.json'
config.Data.unitsPerJob = 50
config.Data.allowNonValidInputDataset = True
config.Data.inputDBS = 'global'
config.Data.splitting = 'LumiBased'
config.Data.inputDataset = '/ParkingDoubleMuonLowMass4/Run2023C-22Sep2023_v3-v1/MINIAOD'
config.Data.outputDatasetTag = 'SkimB4Mu_2023eraC-v3_stream4_Mini'
config.section_('Site')
config.Site.ignoreGlobalBlacklist = True
config.Site.storageSite = 'T2_IT_Bari'
config.section_('User')
config.section_('Debug')

DEBUG 2024-02-21 22:30:54.476 UTC: 	 self.config.JobType.psetName: /lustrehome/mbuonsante/B_4mu/CMSSW_13_0_13/src/B4muNtuplizer/CrabSubmission/2023_eraC-v3/PatAndTree_cfg.py
INFO 2024-02-21 22:30:54.476 UTC: 	 Importing CMSSW configuration /lustrehome/mbuonsante/B_4mu/CMSSW_13_0_13/src/B4muNtuplizer/CrabSubmission/2023_eraC-v3/PatAndTree_cfg.py
INFO 2024-02-21 22:30:56.543 UTC: 	 Finished importing CMSSW configuration /lustrehome/mbuonsante/B_4mu/CMSSW_13_0_13/src/B4muNtuplizer/CrabSubmission/2023_eraC-v3/PatAndTree_cfg.py
DEBUG 2024-02-21 22:30:56.543 UTC: 	 Writing CMSSW configuration to /lustrehome/mbuonsante/B_4mu/CMSSW_13_0_13/src/B4muNtuplizer/CrabSubmission/2023_eraC-v3/crab_projects/crab_SkimB4Mu_2023eraC-v3_stream4_Mini/inputs/PSet.py
DEBUG 2024-02-21 22:30:56.655 UTC: 	 The following EDM output files will be collected: []
DEBUG 2024-02-21 22:30:56.656 UTC: 	 The following TFile output files will be collected: ['TreeData.root']
DEBUG 2024-02-21 22:30:56.656 UTC: 	 The following user output files (not listed as PoolOuputModule or TFileService in the CMSSW PSet) will be collected: 
DEBUG 2024-02-21 22:30:56.656 UTC: 	 Loading required information from the environment
DEBUG 2024-02-21 22:30:56.656 UTC: 	 Found CMSSW_13_0_13 for slc7_amd64_gcc11 with base /lustrehome/mbuonsante/B_4mu/CMSSW_13_0_13
DEBUG 2024-02-21 22:30:56.656 UTC: 	 Making tarball in /lustrehome/mbuonsante/B_4mu/CMSSW_13_0_13/src/B4muNtuplizer/CrabSubmission/2023_eraC-v3/crab_projects/crab_SkimB4Mu_2023eraC-v3_stream4_Mini/inputs/7ea601a0-7cee-41c5-82af-756fe7844611default.tgz
DEBUG 2024-02-21 22:30:56.656 UTC: 	 Checking directory /lustrehome/mbuonsante/B_4mu/CMSSW_13_0_13/bin
DEBUG 2024-02-21 22:30:56.656 UTC: 	 Adding directory /lustrehome/mbuonsante/B_4mu/CMSSW_13_0_13/bin to tarball
DEBUG 2024-02-21 22:30:56.658 UTC: 	 Checking directory /lustrehome/mbuonsante/B_4mu/CMSSW_13_0_13/python
DEBUG 2024-02-21 22:30:56.658 UTC: 	 Adding directory /lustrehome/mbuonsante/B_4mu/CMSSW_13_0_13/python to tarball
DEBUG 2024-02-21 22:30:56.717 UTC: 	 Checking directory /lustrehome/mbuonsante/B_4mu/CMSSW_13_0_13/cfipython
DEBUG 2024-02-21 22:30:56.717 UTC: 	 Adding directory /lustrehome/mbuonsante/B_4mu/CMSSW_13_0_13/cfipython to tarball
DEBUG 2024-02-21 22:30:56.725 UTC: 	 Checking directory /lustrehome/mbuonsante/B_4mu/CMSSW_13_0_13/lib
DEBUG 2024-02-21 22:30:56.725 UTC: 	 Adding directory /lustrehome/mbuonsante/B_4mu/CMSSW_13_0_13/lib to tarball
DEBUG 2024-02-21 22:30:57.227 UTC: 	 Checking directory /lustrehome/mbuonsante/B_4mu/CMSSW_13_0_13/biglib
DEBUG 2024-02-21 22:30:57.228 UTC: 	 Adding directory /lustrehome/mbuonsante/B_4mu/CMSSW_13_0_13/biglib to tarball
DEBUG 2024-02-21 22:30:57.229 UTC: 	 Checking directory /lustrehome/mbuonsante/B_4mu/CMSSW_13_0_13/module
DEBUG 2024-02-21 22:30:57.229 UTC: 	 Checking directory /lustrehome/mbuonsante/B_4mu/CMSSW_13_0_13/config/SCRAM/hooks
DEBUG 2024-02-21 22:30:57.229 UTC: 	 Adding directory /lustrehome/mbuonsante/B_4mu/CMSSW_13_0_13/config/SCRAM/hooks to tarball
DEBUG 2024-02-21 22:30:57.258 UTC: 	 Adding directory /lustrehome/mbuonsante/B_4mu/CMSSW_13_0_13/src/B4muNtuplizer/SkimTools/python to tarball
DEBUG 2024-02-21 22:30:57.269 UTC: 	 Adding directory /lustrehome/mbuonsante/B_4mu/CMSSW_13_0_13/src/CommonTools/CandAlgos/interface to tarball
DEBUG 2024-02-21 22:30:57.277 UTC: 	 Adding directory /lustrehome/mbuonsante/B_4mu/CMSSW_13_0_13/src/CommonTools/CandAlgos/python to tarball
DEBUG 2024-02-21 22:30:57.447 UTC: 	 Uploading archive /lustrehome/mbuonsante/B_4mu/CMSSW_13_0_13/src/B4muNtuplizer/CrabSubmission/2023_eraC-v3/crab_projects/crab_SkimB4Mu_2023eraC-v3_stream4_Mini/inputs/7ea601a0-7cee-41c5-82af-756fe7844611default.tgz (0.643555.1 MB) to the CRAB cache. Using URI https://cmsweb.cern.ch/S3/crabcache_prod
DEBUG 2024-02-21 22:30:57.911 UTC: 	 Encoded data for curl request: subresource=upload&objecttype=sandbox&tarballname=c21f585968b676319b78458a8dfff0d78967d784c1d5d78343c5cdc38d3be0e5.tar.gz
DEBUG 2024-02-21 22:30:58.111 UTC: 	 sandbox c21f585968b676319b78458a8dfff0d78967d784c1d5d78343c5cdc38d3be0e5.tar.gz is already in the S3 store, will not upload again
DEBUG 2024-02-21 22:30:58.111 UTC: 	 Loading required information from the environment
DEBUG 2024-02-21 22:30:58.111 UTC: 	 Found CMSSW_13_0_13 for slc7_amd64_gcc11 with base /lustrehome/mbuonsante/B_4mu/CMSSW_13_0_13
DEBUG 2024-02-21 22:30:58.111 UTC: 	 Making tarball in /lustrehome/mbuonsante/B_4mu/CMSSW_13_0_13/src/B4muNtuplizer/CrabSubmission/2023_eraC-v3/crab_projects/crab_SkimB4Mu_2023eraC-v3_stream4_Mini/inputs/debugFiles.tgz
DEBUG 2024-02-21 22:30:58.116 UTC: 	 Uploading archive /lustrehome/mbuonsante/B_4mu/CMSSW_13_0_13/src/B4muNtuplizer/CrabSubmission/2023_eraC-v3/crab_projects/crab_SkimB4Mu_2023eraC-v3_stream4_Mini/inputs/debugFiles.tgz (2 KB) to the CRAB cache. Using URI https://cmsweb.cern.ch/S3/crabcache_prod
DEBUG 2024-02-21 22:30:58.119 UTC: 	 Encoded data for curl request: subresource=upload&objecttype=sandbox&tarballname=2f8a2a4db75b6b6aa9bce8545c034367b79921c00bd7717847b057faf052f23e.tar.gz
DEBUG 2024-02-21 22:30:58.332 UTC: 	 Will execute:
curl -f -v -X POST  -H "User-Agent: CRAB" -F "key=mbuonsan/sandboxes/2f8a2a4db75b6b6aa9bce8545c034367b79921c00bd7717847b057faf052f23e.tar.gz" -F "AWSAccessKeyId=ab00fcc889f248c495d2875f15a3badb" -F "policy=eyJleHBpcmF0aW9uIjogIjIwMjQtMDItMjFUMjM6MzA6NThaIiwgImNvbmRpdGlvbnMiOiBbeyJidWNrZXQiOiAiY3JhYmNhY2hlX3Byb2QifSwgeyJrZXkiOiAibWJ1b25zYW4vc2FuZGJveGVzLzJmOGEyYTRkYjc1YjZiNmFhOWJjZTg1NDVjMDM0MzY3Yjc5OTIxYzAwYmQ3NzE3ODQ3YjA1N2ZhZjA1MmYyM2UudGFyLmd6In1dfQ==" -F "signature=2/p6IJAgXhBOBEVNZpbQs22A20g=" -F "file=@/lustrehome/mbuonsante/B_4mu/CMSSW_13_0_13/src/B4muNtuplizer/CrabSubmission/2023_eraC-v3/crab_projects/crab_SkimB4Mu_2023eraC-v3_stream4_Mini/inputs/debugFiles.tgz" "https://s3.cern.ch/crabcache_prod"
DEBUG 2024-02-21 22:30:58.481 UTC: 	 exitcode: 0
stdout: b''
DEBUG 2024-02-21 22:30:58.481 UTC: 	 sandbox /lustrehome/mbuonsante/B_4mu/CMSSW_13_0_13/src/B4muNtuplizer/CrabSubmission/2023_eraC-v3/crab_projects/crab_SkimB4Mu_2023eraC-v3_stream4_Mini/inputs/debugFiles.tgz successully uploaded to S3
DEBUG 2024-02-21 22:30:58.481 UTC: 	 Result uploading input files: c21f585968b676319b78458a8dfff0d78967d784c1d5d78343c5cdc38d3be0e5.tar.gz 
DEBUG 2024-02-21 22:30:58.481 UTC: 	 Attaching lumi mask https://cms-service-dqmdc.web.cern.ch/CAF/certification/Collisions23/Cert_Collisions2023_eraC_367095_368823_Golden.json to the request
DEBUG 2024-02-21 22:30:58.481 UTC: 	 Downloading lumi-mask from https://cms-service-dqmdc.web.cern.ch/CAF/certification/Collisions23/Cert_Collisions2023_eraC_367095_368823_Golden.json
WARNING 2024-02-21 22:30:58.675 UTC: 	 Warning: The following output files will not be published, as they are not EDM files: ['TreeData.root']
DEBUG 2024-02-21 22:30:58.675 UTC: 	 submit() - self.configuration from WMCore.Configuration import Configuration
config = Configuration()
config.section_('General')
config.General.transferOutputs = True
config.General.transferLogs = False
config.General.requestName = 'SkimB4Mu_2023eraC-v3_stream4_Mini'
config.General.workArea = 'crab_projects'
config.section_('JobType')
config.JobType.allowUndistributedCMSSW = True
config.JobType.psetName = '/lustrehome/mbuonsante/B_4mu/CMSSW_13_0_13/src/B4muNtuplizer/CrabSubmission/2023_eraC-v3/PatAndTree_cfg.py'
config.JobType.pluginName = 'Analysis'
config.section_('Data')
config.Data.lumiMask = 'https://cms-service-dqmdc.web.cern.ch/CAF/certification/Collisions23/Cert_Collisions2023_eraC_367095_368823_Golden.json'
config.Data.unitsPerJob = 50
config.Data.allowNonValidInputDataset = True
config.Data.inputDBS = 'global'
config.Data.splitting = 'LumiBased'
config.Data.inputDataset = '/ParkingDoubleMuonLowMass4/Run2023C-22Sep2023_v3-v1/MINIAOD'
config.Data.outputDatasetTag = 'SkimB4Mu_2023eraC-v3_stream4_Mini'
config.section_('Site')
config.Site.ignoreGlobalBlacklist = True
config.Site.storageSite = 'T2_IT_Bari'
config.section_('User')
config.section_('Debug')

DEBUG 2024-02-21 22:30:58.675 UTC: 	 submit() - self.configreq {'dryrun': 0, 'workflow': 'crab_SkimB4Mu_2023eraC-v3_stream4_Mini', 'saveoutput': 1, 'savelogsflag': 0, 'inputdata': '/ParkingDoubleMuonLowMass4/Run2023C-22Sep2023_v3-v1/MINIAOD', 'primarydataset': '', 'nonvaliddata': 1, 'userfiles': [], 'dbsurl': 'https://cmsweb.cern.ch/dbs/prod/global/DBSReader', 'useparent': 0, 'ignorelocality': 0, 'splitalgo': 'LumiBased', 'algoargs': 50, 'totalunits': 0, 'publication': 1, 'publishdbsurl': 'https://cmsweb.cern.ch/dbs/prod/phys03/DBSWriter', 'publishname2': 'SkimB4Mu_2023eraC-v3_stream4_Mini', 'jobtype': 'Analysis', 'generator': 'pythia', 'addoutputfiles': [], 'maxjobruntime': 1250, 'numcores': 1, 'maxmemory': 2000, 'priority': 10, 'nonprodsw': 1, 'asyncdest': 'T2_IT_Bari', 'requireaccelerator': 0, 'oneEventMode': 0, 'extrajdl': [], 'ignoreglobalblacklist': 1, 'partialdataset': 0, 'inputblocks': []}
DEBUG 2024-02-21 22:30:58.675 UTC: 	 submit() - jobconfig {'addoutputfiles': [], 'tfileoutfiles': ['TreeData.root'], 'edmoutfiles': [], 'jobarch': 'slc7_amd64_gcc11', 'jobsw': 'CMSSW_13_0_13', 'inputdata': '/ParkingDoubleMuonLowMass4/Run2023C-22Sep2023_v3-v1/MINIAOD', 'cacheurl': 'https://cmsweb.cern.ch/S3/crabcache_prod', 'cachefilename': 'c21f585968b676319b78458a8dfff0d78967d784c1d5d78343c5cdc38d3be0e5.tar.gz', 'debugfilename': '2f8a2a4db75b6b6aa9bce8545c034367b79921c00bd7717847b057faf052f23e.tar.gz', 'runs': ['367095', '367100', '367102', '367103', '367104', '367111', '367112', '367127', '367128', '367129', '367130', '367131', '367133', '367228', '367229', '367230', '367231', '367232', '367234', '367260', '367262', '367263', '367264', '367267', '367269', '367270', '367271', '367312', '367314', '367315', '367334', '367336', '367337', '367355', '367406', '367413', '367415', '367416', '367475', '367477', '367515', '367516', '367552', '367553', '367554', '367615', '367618', '367619', '367661', '367662', '367663', '367665', '367666', '367691', '367696', '367699', '367730', '367742', '367758', '367770', '367771', '367772', '367790', '367831', '367836', '367838', '367840', '367881', '367883', '367884', '367902', '367904', '367905', '367906', '367907', '367908', '367910', '368223', '368224', '368229', '368318', '368320', '368321', '368332', '368333', '368343', '368382', '368384', '368388', '368389', '368400', '368410', '368412', '368423', '368451', '368453', '368454', '368489', '368546', '368547', '368548', '368566', '368567', '368609', '368611', '368613', '368636', '368669', '368670', '368672', '368674', '368675', '368676', '368678', '368684', '368685', '368723', '368724', '368746', '368749', '368753', '368762', '368764', '368765', '368822', '368823'], 'lumis': ['1,564', '45,390', '1,75', '1,64', '1,1082', '51,338', '1,1438', '18,350', '1,2,6,6,11,12,14,15', '1,3', '1,2,6,9,13,126,135,167', '1,149', '1,275', '55,280,285,287,292,294,298,304', '1,34', '1,1', '1,22', '1,996', '1,501', '52,69,72,240', '1,42,49,119,123,271', '10,21', '1,847', '45,322', '1,33', '1,961', '1,135', '53,225,227,269', '1,20', '1,893', '26,324', '1,169', '1,1046', '60,63', '48,476', '68,448,450,467,469,746,748,750,752,898,900,1340,1342,1367', '1,97', '1,55', '56,634', '1,1289', '44,668', '1,1236', '49,59', '1,644', '1,312', '53,484', '18,341', '1,300,302,501,503,579', '50,366', '1,18', '1,1', '1,271', '1,11,16,86', '46,204', '1,856,858,1920', '1,151', '48,562', '39,443', '52,767', '47,198', '1,91', '1,6', '1,160', '53,504', '48,588', '1,793', '1,570', '14,152', '1,1050', '1,1011', '42,273', '1,103', '1,48', '1,344', '1,119', '1,358', '1,593', '45,437,445,487', '1,57', '52,569', '37,319', '1,285', '1,337', '1,14', '1,25', '1,328', '37,792', '1,44', '39,444,448,1431,1434,1472', '1,198', '40,271', '49,1501', '1,92', '42,159,161,516', '1,144', '1,5', '1,68,72,1168', '47,791,793,827,829,863,865,899,901,935,937,971,973,1007,1009,1043,1045,1079,1081,1280,1282,1380,1382,1581,1583,1595', '1,659', '1,194,197,702', '1,75,77,86,89,90,93,280,282,1044', '1,1195', '1,31,33,411,414,436', '41,1039', '1,247,249,382', '1,260', '51,819', '42,410', '1,255,306,308', '1,866', '1,12', '1,50', '1,156', '1,171', '40,135', '1,1481', '63,63,97,188', '1,1200', '39,77', '1,169', '1,976', '45,238', '1,1', '1,1386', '45,330,332,908,910,991', '3,35'], 'jobtype': 'Analysis'}
INFO 2024-02-21 22:30:58.675 UTC: 	 Sending the request to the server at cmsweb.cern.ch
DEBUG 2024-02-21 22:30:58.676 UTC: 	 Submitting {'dryrun': 0, 'workflow': 'crab_SkimB4Mu_2023eraC-v3_stream4_Mini', 'saveoutput': 1, 'savelogsflag': 0, 'inputdata': '/ParkingDoubleMuonLowMass4/Run2023C-22Sep2023_v3-v1/MINIAOD', 'primarydataset': '', 'nonvaliddata': 1, 'userfiles': [], 'dbsurl': 'https://cmsweb.cern.ch/dbs/prod/global/DBSReader', 'useparent': 0, 'ignorelocality': 0, 'splitalgo': 'LumiBased', 'algoargs': 50, 'totalunits': 0, 'publication': 1, 'publishdbsurl': 'https://cmsweb.cern.ch/dbs/prod/phys03/DBSWriter', 'publishname2': 'SkimB4Mu_2023eraC-v3_stream4_Mini', 'jobtype': 'Analysis', 'generator': 'pythia', 'addoutputfiles': [], 'maxjobruntime': 1250, 'numcores': 1, 'maxmemory': 2000, 'priority': 10, 'nonprodsw': 1, 'asyncdest': 'T2_IT_Bari', 'requireaccelerator': 0, 'oneEventMode': 0, 'extrajdl': [], 'ignoreglobalblacklist': 1, 'partialdataset': 0, 'inputblocks': [], 'tfileoutfiles': ['TreeData.root'], 'edmoutfiles': [], 'jobarch': 'slc7_amd64_gcc11', 'jobsw': 'CMSSW_13_0_13', 'cacheurl': 'https://cmsweb.cern.ch/S3/crabcache_prod', 'cachefilename': 'c21f585968b676319b78458a8dfff0d78967d784c1d5d78343c5cdc38d3be0e5.tar.gz', 'debugfilename': '2f8a2a4db75b6b6aa9bce8545c034367b79921c00bd7717847b057faf052f23e.tar.gz', 'runs': ['367095', '367100', '367102', '367103', '367104', '367111', '367112', '367127', '367128', '367129', '367130', '367131', '367133', '367228', '367229', '367230', '367231', '367232', '367234', '367260', '367262', '367263', '367264', '367267', '367269', '367270', '367271', '367312', '367314', '367315', '367334', '367336', '367337', '367355', '367406', '367413', '367415', '367416', '367475', '367477', '367515', '367516', '367552', '367553', '367554', '367615', '367618', '367619', '367661', '367662', '367663', '367665', '367666', '367691', '367696', '367699', '367730', '367742', '367758', '367770', '367771', '367772', '367790', '367831', '367836', '367838', '367840', '367881', '367883', '367884', '367902', '367904', '367905', '367906', '367907', '367908', '367910', '368223', '368224', '368229', '368318', '368320', '368321', '368332', '368333', '368343', '368382', '368384', '368388', '368389', '368400', '368410', '368412', '368423', '368451', '368453', '368454', '368489', '368546', '368547', '368548', '368566', '368567', '368609', '368611', '368613', '368636', '368669', '368670', '368672', '368674', '368675', '368676', '368678', '368684', '368685', '368723', '368724', '368746', '368749', '368753', '368762', '368764', '368765', '368822', '368823'], 'lumis': ['1,564', '45,390', '1,75', '1,64', '1,1082', '51,338', '1,1438', '18,350', '1,2,6,6,11,12,14,15', '1,3', '1,2,6,9,13,126,135,167', '1,149', '1,275', '55,280,285,287,292,294,298,304', '1,34', '1,1', '1,22', '1,996', '1,501', '52,69,72,240', '1,42,49,119,123,271', '10,21', '1,847', '45,322', '1,33', '1,961', '1,135', '53,225,227,269', '1,20', '1,893', '26,324', '1,169', '1,1046', '60,63', '48,476', '68,448,450,467,469,746,748,750,752,898,900,1340,1342,1367', '1,97', '1,55', '56,634', '1,1289', '44,668', '1,1236', '49,59', '1,644', '1,312', '53,484', '18,341', '1,300,302,501,503,579', '50,366', '1,18', '1,1', '1,271', '1,11,16,86', '46,204', '1,856,858,1920', '1,151', '48,562', '39,443', '52,767', '47,198', '1,91', '1,6', '1,160', '53,504', '48,588', '1,793', '1,570', '14,152', '1,1050', '1,1011', '42,273', '1,103', '1,48', '1,344', '1,119', '1,358', '1,593', '45,437,445,487', '1,57', '52,569', '37,319', '1,285', '1,337', '1,14', '1,25', '1,328', '37,792', '1,44', '39,444,448,1431,1434,1472', '1,198', '40,271', '49,1501', '1,92', '42,159,161,516', '1,144', '1,5', '1,68,72,1168', '47,791,793,827,829,863,865,899,901,935,937,971,973,1007,1009,1043,1045,1079,1081,1280,1282,1380,1382,1581,1583,1595', '1,659', '1,194,197,702', '1,75,77,86,89,90,93,280,282,1044', '1,1195', '1,31,33,411,414,436', '41,1039', '1,247,249,382', '1,260', '51,819', '42,410', '1,255,306,308', '1,866', '1,12', '1,50', '1,156', '1,171', '40,135', '1,1481', '63,63,97,188', '1,1200', '39,77', '1,169', '1,976', '45,238', '1,1', '1,1386', '45,330,332,908,910,991', '3,35']} 
DEBUG 2024-02-21 22:30:58.677 UTC: 	 Encoded data for curl request: dryrun=0&workflow=crab_SkimB4Mu_2023eraC-v3_stream4_Mini&saveoutput=1&savelogsflag=0&inputdata=%2FParkingDoubleMuonLowMass4%2FRun2023C-22Sep2023_v3-v1%2FMINIAOD&primarydataset=&nonvaliddata=1&dbsurl=https%3A%2F%2Fcmsweb.cern.ch%2Fdbs%2Fprod%2Fglobal%2FDBSReader&useparent=0&ignorelocality=0&splitalgo=LumiBased&algoargs=50&totalunits=0&publication=1&publishdbsurl=https%3A%2F%2Fcmsweb.cern.ch%2Fdbs%2Fprod%2Fphys03%2FDBSWriter&publishname2=SkimB4Mu_2023eraC-v3_stream4_Mini&jobtype=Analysis&generator=pythia&maxjobruntime=1250&numcores=1&maxmemory=2000&priority=10&nonprodsw=1&asyncdest=T2_IT_Bari&requireaccelerator=0&oneEventMode=0&ignoreglobalblacklist=1&partialdataset=0&jobarch=slc7_amd64_gcc11&jobsw=CMSSW_13_0_13&cacheurl=https%3A%2F%2Fcmsweb.cern.ch%2FS3%2Fcrabcache_prod&cachefilename=c21f585968b676319b78458a8dfff0d78967d784c1d5d78343c5cdc38d3be0e5.tar.gz&debugfilename=2f8a2a4db75b6b6aa9bce8545c034367b79921c00bd7717847b057faf052f23e.tar.gz&tfileoutfiles=TreeData.root&runs=367095&runs=367100&runs=367102&runs=367103&runs=367104&runs=367111&runs=367112&runs=367127&runs=367128&runs=367129&runs=367130&runs=367131&runs=367133&runs=367228&runs=367229&runs=367230&runs=367231&runs=367232&runs=367234&runs=367260&runs=367262&runs=367263&runs=367264&runs=367267&runs=367269&runs=367270&runs=367271&runs=367312&runs=367314&runs=367315&runs=367334&runs=367336&runs=367337&runs=367355&runs=367406&runs=367413&runs=367415&runs=367416&runs=367475&runs=367477&runs=367515&runs=367516&runs=367552&runs=367553&runs=367554&runs=367615&runs=367618&runs=367619&runs=367661&runs=367662&runs=367663&runs=367665&runs=367666&runs=367691&runs=367696&runs=367699&runs=367730&runs=367742&runs=367758&runs=367770&runs=367771&runs=367772&runs=367790&runs=367831&runs=367836&runs=367838&runs=367840&runs=367881&runs=367883&runs=367884&runs=367902&runs=367904&runs=367905&runs=367906&runs=367907&runs=367908&runs=367910&runs=368223&runs=368224&runs=368229&runs=368318&runs=368320&runs=368321&runs=368332&runs=368333&runs=368343&runs=368382&runs=368384&runs=368388&runs=368389&runs=368400&runs=368410&runs=368412&runs=368423&runs=368451&runs=368453&runs=368454&runs=368489&runs=368546&runs=368547&runs=368548&runs=368566&runs=368567&runs=368609&runs=368611&runs=368613&runs=368636&runs=368669&runs=368670&runs=368672&runs=368674&runs=368675&runs=368676&runs=368678&runs=368684&runs=368685&runs=368723&runs=368724&runs=368746&runs=368749&runs=368753&runs=368762&runs=368764&runs=368765&runs=368822&runs=368823&lumis=1%2C564&lumis=45%2C390&lumis=1%2C75&lumis=1%2C64&lumis=1%2C1082&lumis=51%2C338&lumis=1%2C1438&lumis=18%2C350&lumis=1%2C2%2C6%2C6%2C11%2C12%2C14%2C15&lumis=1%2C3&lumis=1%2C2%2C6%2C9%2C13%2C126%2C135%2C167&lumis=1%2C149&lumis=1%2C275&lumis=55%2C280%2C285%2C287%2C292%2C294%2C298%2C304&lumis=1%2C34&lumis=1%2C1&lumis=1%2C22&lumis=1%2C996&lumis=1%2C501&lumis=52%2C69%2C72%2C240&lumis=1%2C42%2C49%2C119%2C123%2C271&lumis=10%2C21&lumis=1%2C847&lumis=45%2C322&lumis=1%2C33&lumis=1%2C961&lumis=1%2C135&lumis=53%2C225%2C227%2C269&lumis=1%2C20&lumis=1%2C893&lumis=26%2C324&lumis=1%2C169&lumis=1%2C1046&lumis=60%2C63&lumis=48%2C476&lumis=68%2C448%2C450%2C467%2C469%2C746%2C748%2C750%2C752%2C898%2C900%2C1340%2C1342%2C1367&lumis=1%2C97&lumis=1%2C55&lumis=56%2C634&lumis=1%2C1289&lumis=44%2C668&lumis=1%2C1236&lumis=49%2C59&lumis=1%2C644&lumis=1%2C312&lumis=53%2C484&lumis=18%2C341&lumis=1%2C300%2C302%2C501%2C503%2C579&lumis=50%2C366&lumis=1%2C18&lumis=1%2C1&lumis=1%2C271&lumis=1%2C11%2C16%2C86&lumis=46%2C204&lumis=1%2C856%2C858%2C1920&lumis=1%2C151&lumis=48%2C562&lumis=39%2C443&lumis=52%2C767&lumis=47%2C198&lumis=1%2C91&lumis=1%2C6&lumis=1%2C160&lumis=53%2C504&lumis=48%2C588&lumis=1%2C793&lumis=1%2C570&lumis=14%2C152&lumis=1%2C1050&lumis=1%2C1011&lumis=42%2C273&lumis=1%2C103&lumis=1%2C48&lumis=1%2C344&lumis=1%2C119&lumis=1%2C358&lumis=1%2C593&lumis=45%2C437%2C445%2C487&lumis=1%2C57&lumis=52%2C569&lumis=37%2C319&lumis=1%2C285&lumis=1%2C337&lumis=1%2C14&lumis=1%2C25&lumis=1%2C328&lumis=37%2C792&lumis=1%2C44&lumis=39%2C444%2C448%2C1431%2C1434%2C1472&lumis=1%2C198&lumis=40%2C271&lumis=49%2C1501&lumis=1%2C92&lumis=42%2C159%2C161%2C516&lumis=1%2C144&lumis=1%2C5&lumis=1%2C68%2C72%2C1168&lumis=47%2C791%2C793%2C827%2C829%2C863%2C865%2C899%2C901%2C935%2C937%2C971%2C973%2C1007%2C1009%2C1043%2C1045%2C1079%2C1081%2C1280%2C1282%2C1380%2C1382%2C1581%2C1583%2C1595&lumis=1%2C659&lumis=1%2C194%2C197%2C702&lumis=1%2C75%2C77%2C86%2C89%2C90%2C93%2C280%2C282%2C1044&lumis=1%2C1195&lumis=1%2C31%2C33%2C411%2C414%2C436&lumis=41%2C1039&lumis=1%2C247%2C249%2C382&lumis=1%2C260&lumis=51%2C819&lumis=42%2C410&lumis=1%2C255%2C306%2C308&lumis=1%2C866&lumis=1%2C12&lumis=1%2C50&lumis=1%2C156&lumis=1%2C171&lumis=40%2C135&lumis=1%2C1481&lumis=63%2C63%2C97%2C188&lumis=1%2C1200&lumis=39%2C77&lumis=1%2C169&lumis=1%2C976&lumis=45%2C238&lumis=1%2C1&lumis=1%2C1386&lumis=45%2C330%2C332%2C908%2C910%2C991&lumis=3%2C35
DEBUG 2024-02-21 22:30:58.887 UTC: 	 Result: {'result': [{'RequestName': '240221_223058:mbuonsan_crab_SkimB4Mu_2023eraC-v3_stream4_Mini'}]}
INFO 2024-02-21 22:30:58.888 UTC: 	 Success: Your task has been delivered to the prod CRAB3 server.
INFO 2024-02-21 22:30:58.888 UTC: 	 Task name: 240221_223058:mbuonsan_crab_SkimB4Mu_2023eraC-v3_stream4_Mini
INFO 2024-02-21 22:30:58.888 UTC: 	 Project dir: crab_projects/crab_SkimB4Mu_2023eraC-v3_stream4_Mini
INFO 2024-02-21 22:30:58.888 UTC: 	 Please use ' crab status -d crab_projects/crab_SkimB4Mu_2023eraC-v3_stream4_Mini ' to check how the submission process proceeds.
DEBUG 2024-02-21 22:30:58.888 UTC: 	 About to return
INFO 2024-02-21 22:30:58.894 UTC: 	 Log file is /lustrehome/mbuonsante/B_4mu/CMSSW_13_0_13/src/B4muNtuplizer/CrabSubmission/2023_eraC-v3/crab_projects/crab_SkimB4Mu_2023eraC-v3_stream4_Mini/crab.log
DEBUG 2024-02-22 20:25:21.610 UTC: 	 CRAB Client version: v3.240110
DEBUG 2024-02-22 20:25:21.610 UTC: 	 Running on: Linux ui02.recas.ba.infn.it 3.10.0-1160.80.1.el7.x86_64 #1 SMP Tue Nov 8 15:48:59 UTC 2022 x86_64 x86_64 x86_64 GNU/Linux - CentOS Linux 7 (Core)
DEBUG 2024-02-22 20:25:21.610 UTC: 	 Executing command: 'resubmit'
DEBUG 2024-02-22 20:25:21.610 UTC: 	 Found CRAB cache file /lustrehome/mbuonsante/.crab3
DEBUG 2024-02-22 20:25:21.616 UTC: 	 Checking credentials
DEBUG 2024-02-22 20:25:21.616 UTC: 	 Found proxy file /tmp/x509up_u881331
DEBUG 2024-02-22 20:25:21.616 UTC: 	 Making sure it has proper VOMS extension
DEBUG 2024-02-22 20:25:21.616 UTC: 	 Executing command :
 voms-proxy-info --vo --file /tmp/x509up_u881331
DEBUG 2024-02-22 20:25:22.903 UTC: 	 output : cms

 error: 
 retcode : 0
DEBUG 2024-02-22 20:25:22.903 UTC: 	 Getting proxy life time left
DEBUG 2024-02-22 20:25:22.903 UTC: 	 Executing command :
 voms-proxy-info --actimeleft --timeleft --file /tmp/x509up_u881331
DEBUG 2024-02-22 20:25:24.199 UTC: 	 output : 400493
400492

 error: 
 retcode : 0
DEBUG 2024-02-22 20:25:24.199 UTC: 	 Proxy valid for 111:14:52 hours
DEBUG 2024-02-22 20:25:24.199 UTC: 	 Encoded data for curl request: subresource=delegatedn
DEBUG 2024-02-22 20:25:24.390 UTC: 	 Registering user credentials on myproxy for /DC=ch/DC=cern/OU=computers/CN=crab-(preprod|prod|dev)-tw(01|02|03).cern.ch|/DC=ch/DC=cern/OU=computers/CN=stefanov(m|m2).cern.ch|/DC=ch/DC=cern/OU=computers/CN=dciangot-tw.cern.ch
DEBUG 2024-02-22 20:25:24.390 UTC: 	 Executing command :
 voms-proxy-info --identity --file /tmp/x509up_u881331
DEBUG 2024-02-22 20:25:25.704 UTC: 	 output : /DC=ch/DC=cern/OU=Organic Units/OU=Users/CN=mbuonsan/CN=866052/CN=Marco Buonsante

 error: 
 retcode : 0
DEBUG 2024-02-22 20:25:25.705 UTC: 	 Getting myproxy life time left for db438794163ae221c16ac5cdc1e476b2bc2ff634
DEBUG 2024-02-22 20:25:25.705 UTC: 	 Executing command :
 myproxy-info -s myproxy.cern.ch -l db438794163ae221c16ac5cdc1e476b2bc2ff634
DEBUG 2024-02-22 20:25:26.057 UTC: 	 output : username: db438794163ae221c16ac5cdc1e476b2bc2ff634
owner: /DC=ch/DC=cern/OU=Organic Units/OU=Users/CN=mbuonsan/CN=866052/CN=Marco Buonsante
  renewal policy: /DC=ch/DC=cern/OU=computers/CN=crab-(preprod|prod|dev)-tw(01|02|03).cern.ch|/DC=ch/DC=cern/OU=computers/CN=stefanov(m|m2).cern.ch|/DC=ch/DC=cern/OU=computers/CN=dciangot-tw.cern.ch
  trusted retrieval policy: /DC=ch/DC=cern/OU=computers/CN=crab-(preprod|prod|dev)-tw(01|02|03).cern.ch|/DC=ch/DC=cern/OU=computers/CN=stefanov(m|m2).cern.ch|/DC=ch/DC=cern/OU=computers/CN=dciangot-tw.cern.ch
  timeleft: 471:16:01  (19.6 days)

 error: 
 retcode : 0
DEBUG 2024-02-22 20:25:26.058 UTC: 	 Myproxy is valid: 1696560
DEBUG 2024-02-22 20:25:26.058 UTC: 	 Result of myproxy credential check:
  Credential exists on myproxy: username: db438794163ae221c16ac5cdc1e476b2bc2ff634  - validity: 19 days, 15:16:00
DEBUG 2024-02-22 20:25:26.059 UTC: 	 Encoded data for curl request: subresource=search&workflow=240221_223058%3Ambuonsan_crab_SkimB4Mu_2023eraC-v3_stream4_Mini
DEBUG 2024-02-22 20:25:26.248 UTC: 	 Command use: resubmit
DEBUG 2024-02-22 20:25:26.248 UTC: 	 Options use: ['-d', 'crab_projects/crab_SkimB4Mu_2023eraC-v3_stream4_Mini']
DEBUG 2024-02-22 20:25:26.248 UTC: 	 Encoded data for curl request: subresource=version
DEBUG 2024-02-22 20:25:26.423 UTC: 	 CRABClient version: v3.240110
DEBUG 2024-02-22 20:25:26.423 UTC: 	 Instance is prod
DEBUG 2024-02-22 20:25:26.423 UTC: 	 Server base url is cmsweb.cern.ch
DEBUG 2024-02-22 20:25:26.423 UTC: 	 Command api workflow
DEBUG 2024-02-22 20:25:26.439 UTC: 	 CRAB Client version: v3.240110
DEBUG 2024-02-22 20:25:26.439 UTC: 	 Running on: Linux ui02.recas.ba.infn.it 3.10.0-1160.80.1.el7.x86_64 #1 SMP Tue Nov 8 15:48:59 UTC 2022 x86_64 x86_64 x86_64 GNU/Linux - CentOS Linux 7 (Core)
DEBUG 2024-02-22 20:25:26.439 UTC: 	 Executing command: 'status'
DEBUG 2024-02-22 20:25:26.439 UTC: 	 Found CRAB cache file /lustrehome/mbuonsante/.crab3
DEBUG 2024-02-22 20:25:26.443 UTC: 	 Checking credentials
DEBUG 2024-02-22 20:25:26.443 UTC: 	 Found proxy file /tmp/x509up_u881331
DEBUG 2024-02-22 20:25:26.443 UTC: 	 Making sure it has proper VOMS extension
DEBUG 2024-02-22 20:25:26.443 UTC: 	 Executing command :
 voms-proxy-info --vo --file /tmp/x509up_u881331
DEBUG 2024-02-22 20:25:27.864 UTC: 	 output : cms

 error: 
 retcode : 0
DEBUG 2024-02-22 20:25:27.864 UTC: 	 Getting proxy life time left
DEBUG 2024-02-22 20:25:27.864 UTC: 	 Executing command :
 voms-proxy-info --actimeleft --timeleft --file /tmp/x509up_u881331
DEBUG 2024-02-22 20:25:29.155 UTC: 	 output : 400488
400487

 error: 
 retcode : 0
DEBUG 2024-02-22 20:25:29.155 UTC: 	 Proxy valid for 111:14:47 hours
DEBUG 2024-02-22 20:25:29.156 UTC: 	 Encoded data for curl request: subresource=delegatedn
DEBUG 2024-02-22 20:25:29.360 UTC: 	 Registering user credentials on myproxy for /DC=ch/DC=cern/OU=computers/CN=crab-(preprod|prod|dev)-tw(01|02|03).cern.ch|/DC=ch/DC=cern/OU=computers/CN=stefanov(m|m2).cern.ch|/DC=ch/DC=cern/OU=computers/CN=dciangot-tw.cern.ch
DEBUG 2024-02-22 20:25:29.360 UTC: 	 Executing command :
 voms-proxy-info --identity --file /tmp/x509up_u881331
DEBUG 2024-02-22 20:25:30.720 UTC: 	 output : /DC=ch/DC=cern/OU=Organic Units/OU=Users/CN=mbuonsan/CN=866052/CN=Marco Buonsante

 error: 
 retcode : 0
DEBUG 2024-02-22 20:25:30.720 UTC: 	 Getting myproxy life time left for db438794163ae221c16ac5cdc1e476b2bc2ff634
DEBUG 2024-02-22 20:25:30.720 UTC: 	 Executing command :
 myproxy-info -s myproxy.cern.ch -l db438794163ae221c16ac5cdc1e476b2bc2ff634
DEBUG 2024-02-22 20:25:31.183 UTC: 	 output : username: db438794163ae221c16ac5cdc1e476b2bc2ff634
owner: /DC=ch/DC=cern/OU=Organic Units/OU=Users/CN=mbuonsan/CN=866052/CN=Marco Buonsante
  renewal policy: /DC=ch/DC=cern/OU=computers/CN=crab-(preprod|prod|dev)-tw(01|02|03).cern.ch|/DC=ch/DC=cern/OU=computers/CN=stefanov(m|m2).cern.ch|/DC=ch/DC=cern/OU=computers/CN=dciangot-tw.cern.ch
  trusted retrieval policy: /DC=ch/DC=cern/OU=computers/CN=crab-(preprod|prod|dev)-tw(01|02|03).cern.ch|/DC=ch/DC=cern/OU=computers/CN=stefanov(m|m2).cern.ch|/DC=ch/DC=cern/OU=computers/CN=dciangot-tw.cern.ch
  timeleft: 471:15:56  (19.6 days)

 error: 
 retcode : 0
DEBUG 2024-02-22 20:25:31.183 UTC: 	 Myproxy is valid: 1696500
DEBUG 2024-02-22 20:25:31.183 UTC: 	 Result of myproxy credential check:
  Credential exists on myproxy: username: db438794163ae221c16ac5cdc1e476b2bc2ff634  - validity: 19 days, 15:15:00
DEBUG 2024-02-22 20:25:31.183 UTC: 	 Retrieving username ...
DEBUG 2024-02-22 20:25:31.184 UTC: 	 Retrieving username from CRIC...
DEBUG 2024-02-22 20:25:32.345 UTC: 	 username is mbuonsan
INFO 2024-02-22 20:25:33.942 UTC: 	 Rucio client intialized for account mbuonsan
DEBUG 2024-02-22 20:25:33.942 UTC: 	 Command use: status
DEBUG 2024-02-22 20:25:33.942 UTC: 	 Options use: []
DEBUG 2024-02-22 20:25:33.942 UTC: 	 Encoded data for curl request: subresource=version
DEBUG 2024-02-22 20:25:34.119 UTC: 	 CRABClient version: v3.240110
DEBUG 2024-02-22 20:25:34.119 UTC: 	 Instance is prod
DEBUG 2024-02-22 20:25:34.119 UTC: 	 Server base url is cmsweb.cern.ch
DEBUG 2024-02-22 20:25:34.119 UTC: 	 Command api workflow
DEBUG 2024-02-22 20:25:34.120 UTC: 	 Encoded data for curl request: subresource=search&workflow=240221_223058%3Ambuonsan_crab_SkimB4Mu_2023eraC-v3_stream4_Mini
DEBUG 2024-02-22 20:25:34.325 UTC: 	 Got information from server oracle database: {'desc': {'columns': ['tm_taskname', 'tm_activity', 'panda_jobset_id', 'tm_task_status', 'tm_task_command', 'tm_start_time', 'tm_start_injection', 'tm_end_injection', 'tm_task_failure', 'tm_job_sw', 'tm_job_arch', 'tm_input_dataset', 'tm_nonvalid_input_dataset', 'tm_use_parent', 'tm_site_whitelist', 'tm_site_blacklist', 'tm_split_algo', 'tm_split_args', 'tm_user_sandbox', 'tm_cache_url', 'tm_username', 'tm_user_dn', 'tm_user_vo', 'tm_user_role', 'tm_user_group', 'tm_publish_name', 'tm_publish_groupname', 'tm_asyncdest', 'tm_dbs_url', 'tm_publish_dbs_url', 'tm_publication', 'tm_outfiles', 'tm_tfile_outfiles', 'tm_edm_outfiles', 'tm_job_type', 'tm_generator', 'tm_events_per_lumi', 'tm_arguments', 'panda_resubmitted_jobs', 'tm_save_logs', 'tw_name', 'tm_user_infiles', 'tm_maxjobruntime', 'tm_numcores', 'tm_maxmemory', 'tm_priority', 'tm_output_dataset', 'tm_task_warnings', 'tm_user_webdir', 'tm_scriptexe', 'tm_scriptargs', 'tm_extrajdl', 'tm_asourl', 'tm_collector', 'tm_schedd', 'tm_dry_run', 'tm_user_files', 'tm_transfer_outputs', 'tm_output_lfn', 'tm_ignore_locality', 'tm_fail_limit', 'tm_one_event_mode', 'tm_secondary_input_dataset', 'tm_primary_dataset', 'tm_last_publication', 'tm_debug_files', 'clusterid', 'tm_asodb', 'tm_ignore_global_blacklist', 'tm_submitter_ip_addr', 'tm_totalunits', 'tm_ddm_reqid', 'tm_user_config', 'tm_transfer_container', 'tm_transfer_rule', 'tm_publish_rule', 'tm_multipub_rule']}, 'result': ['240221_223058:mbuonsan_crab_SkimB4Mu_2023eraC-v3_stream4_Mini', 'None', 'None', 'SUBMITTED', 'SUBMIT', '2024-02-21 22:30:58.867177', 'None', '2024-02-21 22:31:40.753581', 'None', 'CMSSW_13_0_13', 'slc7_amd64_gcc11', '/ParkingDoubleMuonLowMass4/Run2023C-22Sep2023_v3-v1/MINIAOD', 'T', '0', '[]', '[]', 'LumiBased', "{'halt_job_on_file_boundaries': False, 'splitOnRun': False, 'lumis_per_job': 50, 'runs': ['367095', '367100', '367102', '367103', '367104', '367111', '367112', '367127', '367128', '367129', '367130', '367131', '367133', '367228', '367229', '367230', '367231', '367232', '367234', '367260', '367262', '367263', '367264', '367267', '367269', '367270', '367271', '367312', '367314', '367315', '367334', '367336', '367337', '367355', '367406', '367413', '367415', '367416', '367475', '367477', '367515', '367516', '367552', '367553', '367554', '367615', '367618', '367619', '367661', '367662', '367663', '367665', '367666', '367691', '367696', '367699', '367730', '367742', '367758', '367770', '367771', '367772', '367790', '367831', '367836', '367838', '367840', '367881', '367883', '367884', '367902', '367904', '367905', '367906', '367907', '367908', '367910', '368223', '368224', '368229', '368318', '368320', '368321', '368332', '368333', '368343', '368382', '368384', '368388', '368389', '368400', '368410', '368412', '368423', '368451', '368453', '368454', '368489', '368546', '368547', '368548', '368566', '368567', '368609', '368611', '368613', '368636', '368669', '368670', '368672', '368674', '368675', '368676', '368678', '368684', '368685', '368723', '368724', '368746', '368749', '368753', '368762', '368764', '368765', '368822', '368823'], 'lumis': ['1,564', '45,390', '1,75', '1,64', '1,1082', '51,338', '1,1438', '18,350', '1,2,6,6,11,12,14,15', '1,3', '1,2,6,9,13,126,135,167', '1,149', '1,275', '55,280,285,287,292,294,298,304', '1,34', '1,1', '1,22', '1,996', '1,501', '52,69,72,240', '1,42,49,119,123,271', '10,21', '1,847', '45,322', '1,33', '1,961', '1,135', '53,225,227,269', '1,20', '1,893', '26,324', '1,169', '1,1046', '60,63', '48,476', '68,448,450,467,469,746,748,750,752,898,900,1340,1342,1367', '1,97', '1,55', '56,634', '1,1289', '44,668', '1,1236', '49,59', '1,644', '1,312', '53,484', '18,341', '1,300,302,501,503,579', '50,366', '1,18', '1,1', '1,271', '1,11,16,86', '46,204', '1,856,858,1920', '1,151', '48,562', '39,443', '52,767', '47,198', '1,91', '1,6', '1,160', '53,504', '48,588', '1,793', '1,570', '14,152', '1,1050', '1,1011', '42,273', '1,103', '1,48', '1,344', '1,119', '1,358', '1,593', '45,437,445,487', '1,57', '52,569', '37,319', '1,285', '1,337', '1,14', '1,25', '1,328', '37,792', '1,44', '39,444,448,1431,1434,1472', '1,198', '40,271', '49,1501', '1,92', '42,159,161,516', '1,144', '1,5', '1,68,72,1168', '47,791,793,827,829,863,865,899,901,935,937,971,973,1007,1009,1043,1045,1079,1081,1280,1282,1380,1382,1581,1583,1595', '1,659', '1,194,197,702', '1,75,77,86,89,90,93,280,282,1044', '1,1195', '1,31,33,411,414,436', '41,1039', '1,247,249,382', '1,260', '51,819', '42,410', '1,255,306,308', '1,866', '1,12', '1,50', '1,156', '1,171', '40,135', '1,1481', '63,63,97,188', '1,1200', '39,77', '1,169', '1,976', '45,238', '1,1', '1,1386', '45,330,332,908,910,991', '3,35']}", 'c21f585968b676319b78458a8dfff0d78967d784c1d5d78343c5cdc38d3be0e5.tar.gz', 'https://cmsweb.cern.ch/S3/crabcache_prod', 'mbuonsan', '/DC=ch/DC=cern/OU=Organic Units/OU=Users/CN=mbuonsan/CN=866052/CN=Marco Buonsante', 'cms', 'None', 'None', 'SkimB4Mu_2023eraC-v3_stream4_Mini-00000000000000000000000000000000', 'F', 'T2_IT_Bari', 'https://cmsweb.cern.ch/dbs/prod/global/DBSReader', 'https://cmsweb.cern.ch/dbs/prod/phys03/DBSWriter', 'T', '[]', "['TreeData.root']", '[]', 'Analysis', 'pythia', 'None', '{}', 'None', 'F', 'crab-prod-tw01', '[]', '1250', '1', '2000', '10', "['/FakeDataset/fakefile-FakePublish-75b715b41bea752c5a72a9a55a8cd910/USER']", '[]', 'http://vocms0195.cern.ch/mon/mbuonsan/240221_223058:mbuonsan_crab_SkimB4Mu_2023eraC-v3_stream4_Mini', 'None', '[]', '[]', 'None', 'cmsgwms-collector-global.cern.ch:9620,cmsgwms-collector-global.fnal.gov:9620', 'crab3@vocms0195.cern.ch', 'F', '[]', 'T', '/store/user/mbuonsan/', 'F', 'None', 'F', 'None', 'ParkingDoubleMuonLowMass4', 'None', '2f8a2a4db75b6b6aa9bce8545c034367b79921c00bd7717847b057faf052f23e.tar.gz', '99128179', 'None', 'T', '188.185.89.194', '0.0', 'None', '{"partialdataset": false, "requireaccelerator": false, "acceleratorparams": null, "inputblocks": null}', 'None', 'None', 'None', 'None']}
INFO 2024-02-22 20:25:34.326 UTC: 	 CRAB project directory:		/lustrehome/mbuonsante/B_4mu/CMSSW_13_0_13/src/B4muNtuplizer/CrabSubmission/2023_eraC-v3/crab_projects/crab_SkimB4Mu_2023eraC-v3_stream4_Mini
INFO 2024-02-22 20:25:34.326 UTC: 	 Task name:			240221_223058:mbuonsan_crab_SkimB4Mu_2023eraC-v3_stream4_Mini
INFO 2024-02-22 20:25:34.326 UTC: 	 Grid scheduler - Task Worker:	crab3@vocms0195.cern.ch - crab-prod-tw01
INFO 2024-02-22 20:25:34.326 UTC: 	 Status on the CRAB server:	SUBMITTED
INFO 2024-02-22 20:25:34.326 UTC: 	 Task URL to use for HELP:	https://cmsweb.cern.ch/crabserver/ui/task/240221_223058%3Ambuonsan_crab_SkimB4Mu_2023eraC-v3_stream4_Mini
INFO 2024-02-22 20:25:34.341 UTC: 	 Dashboard monitoring URL:	https://monit-grafana.cern.ch/d/cmsTMDetail/cms-task-monitoring-task-view?orgId=11&var-user=mbuonsan&var-task=240221_223058%3Ambuonsan_crab_SkimB4Mu_2023eraC-v3_stream4_Mini&from=1708551058000&to=now
DEBUG 2024-02-22 20:25:34.341 UTC: 	 The CRAB server submitted your task to the Grid scheduler (cluster ID: 99128179)
DEBUG 2024-02-22 20:25:34.341 UTC: 	 Webdir is located at http://vocms0195.cern.ch/mon/mbuonsan/240221_223058:mbuonsan_crab_SkimB4Mu_2023eraC-v3_stream4_Mini
DEBUG 2024-02-22 20:25:34.342 UTC: 	 Encoded data for curl request: subresource=webdirprx&workflow=240221_223058%3Ambuonsan_crab_SkimB4Mu_2023eraC-v3_stream4_Mini
DEBUG 2024-02-22 20:25:34.542 UTC: 	 Proxied webdir is located at https://cmsweb.cern.ch:8443/scheddmon/0195/mbuonsan/240221_223058:mbuonsan_crab_SkimB4Mu_2023eraC-v3_stream4_Mini
DEBUG 2024-02-22 20:25:34.542 UTC: 	 Retrieving 'status_cache' file from https://cmsweb.cern.ch:8443/scheddmon/0195/mbuonsan/240221_223058:mbuonsan_crab_SkimB4Mu_2023eraC-v3_stream4_Mini/status_cache.pkl
DEBUG 2024-02-22 20:25:34.542 UTC: 	 Will execute:
curl -sS --capath /etc/grid-security/certificates --cert /tmp/x509up_u881331 --key /tmp/x509up_u881331 -o /tmp/crab_status-cache-ux14s6r1.pkl -w %"{http_code}" "https://cmsweb.cern.ch:8443/scheddmon/0195/mbuonsan/240221_223058:mbuonsan_crab_SkimB4Mu_2023eraC-v3_stream4_Mini/status_cache.pkl"
DEBUG 2024-02-22 20:25:34.542 UTC: 	 Executing command :
 curl -sS --capath /etc/grid-security/certificates --cert /tmp/x509up_u881331 --key /tmp/x509up_u881331 -o /tmp/crab_status-cache-ux14s6r1.pkl -w %"{http_code}" "https://cmsweb.cern.ch:8443/scheddmon/0195/mbuonsan/240221_223058:mbuonsan_crab_SkimB4Mu_2023eraC-v3_stream4_Mini/status_cache.pkl"
DEBUG 2024-02-22 20:25:34.748 UTC: 	 output : 200
 error: 
 retcode : 0
DEBUG 2024-02-22 20:25:34.748 UTC: 	 exitcode: 0
stdout: 200
stderr: 
error details: 
DEBUG 2024-02-22 20:25:34.749 UTC: 	 Got information from status cache file: {'1': {'Retries': 0, 'Restarts': 0, 'SiteHistory': ['Unknown', 'T1_IT_CNAF', 'T1_IT_CNAF'], 'ResidentSetSize': [1084948], 'SubmitTimes': [1708554713.0], 'StartTimes': [1708555135.0], 'EndTimes': [1708559071.0], 'TotalUserCpuTimeHistory': [2408], 'TotalSysCpuTimeHistory': [84], 'WallDurations': [8.0, 239.95669269561768, 3936.0], 'JobIds': ['99128183.0'], 'State': 'finished', 'RecordedSite': True}, '2': {'Retries': 0, 'Restarts': 0, 'SiteHistory': ['Unknown', 'T1_IT_CNAF', 'T1_IT_CNAF'], 'ResidentSetSize': [1277248], 'SubmitTimes': [1708554714.0], 'StartTimes': [1708555133.0], 'EndTimes': [1708556962.0], 'TotalUserCpuTimeHistory': [1521], 'TotalSysCpuTimeHistory': [42], 'WallDurations': [8.0, 241.95669269561768, 1829.0], 'JobIds': ['99128184.0'], 'State': 'finished', 'RecordedSite': True}, '3': {'Retries': 0, 'Restarts': 0, 'SiteHistory': ['Unknown', 'T1_IT_CNAF', 'T1_IT_CNAF'], 'ResidentSetSize': [1264552], 'SubmitTimes': [1708554714.0], 'StartTimes': [1708555135.0], 'EndTimes': [1708556268.0], 'TotalUserCpuTimeHistory': [550], 'TotalSysCpuTimeHistory': [26], 'WallDurations': [9.0, 239.95669269561768, 1133.0], 'JobIds': ['99128185.0'], 'State': 'finished', 'RecordedSite': True}, '4': {'Retries': 0, 'Restarts': 0, 'SiteHistory': ['Unknown', 'T2_DE_DESY', 'T2_DE_DESY'], 'ResidentSetSize': [1329292], 'SubmitTimes': [1708554714.0], 'StartTimes': [1708558046.0], 'EndTimes': [1708558739.0], 'TotalUserCpuTimeHistory': [596], 'TotalSysCpuTimeHistory': [23], 'WallDurations': [9.0, 57.226890563964844, 693.0], 'JobIds': ['99128186.0'], 'State': 'finished', 'RecordedSite': True}, '5': {'Retries': 1, 'Restarts': 0, 'SiteHistory': ['Unknown', 'T2_DE_DESY', 'T2_DE_DESY', 'Unknown', 'T2_DE_DESY', 'T2_DE_DESY'], 'ResidentSetSize': [1483292, 1303168], 'SubmitTimes': [1708554714.0, 1708562032.0], 'StartTimes': [1708558097.0, 1708562656.0], 'EndTimes': [1708560161.0, 1708564909.0], 'TotalUserCpuTimeHistory': [1833, 2011], 'TotalSysCpuTimeHistory': [68, 73], 'WallDurations': [0, 6.226890563964844, 2064.0, 9.0, 277.2597062587738, 2253.0], 'JobIds': ['99128187.0', '99131126.0'], 'State': 'finished', 'RecordedSite': True}, '6': {'Retries': 0, 'Restarts': 0, 'SiteHistory': ['Unknown', 'T2_DE_DESY', 'T2_DE_DESY'], 'ResidentSetSize': [1491772], 'SubmitTimes': [1708554714.0], 'StartTimes': [1708555944.0], 'EndTimes': [1708557570.0], 'TotalUserCpuTimeHistory': [1408], 'TotalSysCpuTimeHistory': [41], 'WallDurations': [9.0, 32.88729000091553, 1626.0], 'JobIds': ['99128188.0'], 'State': 'finished', 'RecordedSite': True}, '7': {'Retries': 0, 'Restarts': 0, 'SiteHistory': ['Unknown', 'T2_DE_DESY', 'T2_DE_DESY'], 'ResidentSetSize': [1477880], 'SubmitTimes': [1708554715.0], 'StartTimes': [1708555943.0], 'EndTimes': [1708557346.0], 'TotalUserCpuTimeHistory': [1183], 'TotalSysCpuTimeHistory': [47], 'WallDurations': [9.0, 33.88729000091553, 1403.0], 'JobIds': ['99128189.0'], 'State': 'finished', 'RecordedSite': True}, '8': {'Retries': 0, 'Restarts': 0, 'SiteHistory': ['Unknown', 'T2_DE_DESY', 'T2_DE_DESY'], 'ResidentSetSize': [1442840], 'SubmitTimes': [1708554715.0], 'StartTimes': [1708555942.0], 'EndTimes': [1708558527.0], 'TotalUserCpuTimeHistory': [2036], 'TotalSysCpuTimeHistory': [66], 'WallDurations': [8.0, 34.88729000091553, 2585.0], 'JobIds': ['99128190.0'], 'State': 'finished', 'RecordedSite': True}, '9': {'Retries': 0, 'Restarts': 0, 'SiteHistory': ['Unknown', 'T2_DE_DESY', 'T2_DE_DESY'], 'ResidentSetSize': [1331860], 'SubmitTimes': [1708554716.0], 'StartTimes': [1708555944.0], 'EndTimes': [1708557439.0], 'TotalUserCpuTimeHistory': [1215], 'TotalSysCpuTimeHistory': [40], 'WallDurations': [9.0, 32.88729000091553, 1495.0], 'JobIds': ['99128191.0'], 'State': 'finished', 'RecordedSite': True}, '10': {'Retries': 0, 'Restarts': 0, 'SiteHistory': ['Unknown', 'T2_DE_DESY', 'T2_DE_DESY'], 'ResidentSetSize': [1472232], 'SubmitTimes': [1708554716.0], 'StartTimes': [1708555943.0], 'EndTimes': [1708557523.0], 'TotalUserCpuTimeHistory': [1304], 'TotalSysCpuTimeHistory': [63], 'WallDurations': [9.0, 33.88729000091553, 1580.0], 'JobIds': ['99128192.0'], 'State': 'finished', 'RecordedSite': True}, '11': {'Retries': 0, 'Restarts': 0, 'SiteHistory': ['Unknown', 'T2_DE_DESY', 'T2_DE_DESY'], 'ResidentSetSize': [1565492], 'SubmitTimes': [1708554716.0], 'StartTimes': [1708555952.0], 'EndTimes': [1708558095.0], 'TotalUserCpuTimeHistory': [1889], 'TotalSysCpuTimeHistory': [62], 'WallDurations': [8.0, 24.887290000915527, 2143.0], 'JobIds': ['99128193.0'], 'State': 'finished', 'RecordedSite': True}, '12': {'Retries': 0, 'Restarts': 0, 'SiteHistory': ['Unknown', 'T2_DE_DESY', 'T2_DE_DESY'], 'ResidentSetSize': [1570144], 'SubmitTimes': [1708554718.0], 'StartTimes': [1708555944.0], 'EndTimes': [1708557847.0], 'TotalUserCpuTimeHistory': [1683], 'TotalSysCpuTimeHistory': [40], 'WallDurations': [8.0, 32.88729000091553, 1903.0], 'JobIds': ['99128194.0'], 'State': 'finished', 'RecordedSite': True}, '13': {'Retries': 0, 'Restarts': 0, 'SiteHistory': ['Unknown', 'T2_DE_DESY', 'T2_DE_DESY'], 'ResidentSetSize': [1572568], 'SubmitTimes': [1708554723.0], 'StartTimes': [1708555944.0], 'EndTimes': [1708557378.0], 'TotalUserCpuTimeHistory': [1258], 'TotalSysCpuTimeHistory': [32], 'WallDurations': [10.0, 32.88729000091553, 1434.0], 'JobIds': ['99128195.0'], 'State': 'finished', 'RecordedSite': True}, '14': {'Retries': 0, 'Restarts': 0, 'SiteHistory': ['Unknown', 'T2_DE_DESY', 'T2_DE_DESY'], 'ResidentSetSize': [1436960], 'SubmitTimes': [1708554723.0], 'StartTimes': [1708555947.0], 'EndTimes': [1708556777.0], 'TotalUserCpuTimeHistory': [718], 'TotalSysCpuTimeHistory': [16], 'WallDurations': [8.0, 29.887290000915527, 830.0], 'JobIds': ['99128196.0'], 'State': 'finished', 'RecordedSite': True}, '15': {'Retries': 0, 'Restarts': 0, 'SiteHistory': ['Unknown', 'T2_CH_CSCS', 'T2_CH_CSCS'], 'ResidentSetSize': [1206964], 'SubmitTimes': [1708554724.0], 'StartTimes': [1708555191.0], 'EndTimes': [1708556690.0], 'TotalUserCpuTimeHistory': [993], 'TotalSysCpuTimeHistory': [25], 'WallDurations': [9.0, 183.95669269561768, 1499.0], 'JobIds': ['99128197.0'], 'State': 'finished', 'RecordedSite': True}, '16': {'Retries': 0, 'Restarts': 0, 'SiteHistory': ['Unknown', 'T2_CH_CSCS', 'T2_CH_CSCS'], 'ResidentSetSize': [1119896], 'SubmitTimes': [1708554724.0], 'StartTimes': [1708555191.0], 'EndTimes': [1708556220.0], 'TotalUserCpuTimeHistory': [665], 'TotalSysCpuTimeHistory': [18], 'WallDurations': [9.0, 183.95669269561768, 1029.0], 'JobIds': ['99128198.0'], 'State': 'finished', 'RecordedSite': True}, '17': {'Retries': 1, 'Restarts': 0, 'SiteHistory': ['Unknown', 'T2_CH_CSCS', 'T2_CH_CSCS', 'T2_CH_CSCS', 'T2_CH_CSCS'], 'ResidentSetSize': [954976, 978252], 'SubmitTimes': [1708554724.0, 1708557946.0], 'StartTimes': [1708555191.0, 1708557962.0], 'EndTimes': [1708556075.0, 1708558919.0], 'TotalUserCpuTimeHistory': [508, 537], 'TotalSysCpuTimeHistory': [14, 15], 'WallDurations': [9.0, 183.95669269561768, 884.0, 8.0, 957.0], 'JobIds': ['99128199.0', '99129922.0'], 'State': 'finished', 'RecordedSite': True}, '18': {'Retries': 0, 'Restarts': 0, 'SiteHistory': ['Unknown', 'T2_CH_CSCS', 'T2_CH_CSCS'], 'ResidentSetSize': [974040], 'SubmitTimes': [1708554724.0], 'StartTimes': [1708555191.0], 'EndTimes': [1708556110.0], 'TotalUserCpuTimeHistory': [570], 'TotalSysCpuTimeHistory': [15], 'WallDurations': [9.0, 183.95669269561768, 919.0], 'JobIds': ['99128200.0'], 'State': 'finished', 'RecordedSite': True}, '19': {'Retries': 0, 'Restarts': 0, 'SiteHistory': ['Unknown', 'T2_CH_CSCS', 'T2_CH_CSCS'], 'ResidentSetSize': [963112], 'SubmitTimes': [1708554725.0], 'StartTimes': [1708555193.0], 'EndTimes': [1708556108.0], 'TotalUserCpuTimeHistory': [499], 'TotalSysCpuTimeHistory': [15], 'WallDurations': [9.0, 181.95669269561768, 915.0], 'JobIds': ['99128201.0'], 'State': 'finished', 'RecordedSite': True}, '20': {'Retries': 0, 'Restarts': 0, 'SiteHistory': ['Unknown', 'T2_CH_CSCS', 'T2_CH_CSCS'], 'ResidentSetSize': [1004636], 'SubmitTimes': [1708554725.0], 'StartTimes': [1708555194.0], 'EndTimes': [1708555716.0], 'TotalUserCpuTimeHistory': [304], 'TotalSysCpuTimeHistory': [9], 'WallDurations': [9.0, 180.95669269561768, 522.0], 'JobIds': ['99128202.0'], 'State': 'finished', 'RecordedSite': True}, '21': {'Retries': 1, 'Restarts': 0, 'SiteHistory': ['Unknown', 'T3_UK_London_QMUL', 'T3_UK_London_QMUL', 'T1_US_FNAL', 'T1_US_FNAL'], 'ResidentSetSize': [939644, 1430348], 'SubmitTimes': [1708554725.0, 1708558191.0], 'StartTimes': [1708555194.0, 1708558334.0], 'EndTimes': [1708556318.0, 1708559273.0], 'TotalUserCpuTimeHistory': [901, 733], 'TotalSysCpuTimeHistory': [26, 19], 'WallDurations': [8.0, 180.95669269561768, 1124.0, 8.0, 939.0], 'JobIds': ['99128203.0', '99129979.0'], 'State': 'finished', 'RecordedSite': True}, '22': {'Retries': 0, 'Restarts': 0, 'SiteHistory': ['Unknown', 'T3_UK_London_QMUL', 'T3_UK_London_QMUL'], 'ResidentSetSize': [1109680], 'SubmitTimes': [1708554725.0], 'StartTimes': [1708555194.0], 'EndTimes': [1708557143.0], 'TotalUserCpuTimeHistory': [1665], 'TotalSysCpuTimeHistory': [46], 'WallDurations': [8.0, 180.95669269561768, 1949.0], 'JobIds': ['99128204.0'], 'State': 'finished', 'RecordedSite': True}, '23': {'Retries': 0, 'Restarts': 0, 'SiteHistory': ['Unknown', 'T3_UK_London_QMUL', 'T3_UK_London_QMUL'], 'ResidentSetSize': [2093848], 'SubmitTimes': [1708554725.0], 'StartTimes': [1708555195.0], 'EndTimes': [1708557505.0], 'TotalUserCpuTimeHistory': [1947], 'TotalSysCpuTimeHistory': [56], 'WallDurations': [9.0, 179.95669269561768, 2310.0], 'JobIds': ['99128205.0'], 'State': 'finished', 'RecordedSite': True}, '24': {'Retries': 0, 'Restarts': 0, 'SiteHistory': ['Unknown', 'T3_UK_London_QMUL', 'T3_UK_London_QMUL'], 'ResidentSetSize': [1258736], 'SubmitTimes': [1708554725.0], 'StartTimes': [1708555194.0], 'EndTimes': [1708557100.0], 'TotalUserCpuTimeHistory': [1636], 'TotalSysCpuTimeHistory': [42], 'WallDurations': [8.0, 180.95669269561768, 1906.0], 'JobIds': ['99128206.0'], 'State': 'finished', 'RecordedSite': True}, '25': {'Retries': 0, 'Restarts': 0, 'SiteHistory': ['Unknown', 'T3_UK_London_QMUL', 'T3_UK_London_QMUL'], 'ResidentSetSize': [1153688], 'SubmitTimes': [1708554726.0], 'StartTimes': [1708555194.0], 'EndTimes': [1708557158.0], 'TotalUserCpuTimeHistory': [1625], 'TotalSysCpuTimeHistory': [53], 'WallDurations': [9.0, 180.95669269561768, 1964.0], 'JobIds': ['99128207.0'], 'State': 'finished', 'RecordedSite': True}, '26': {'Retries': 0, 'Restarts': 0, 'SiteHistory': ['Unknown', 'T3_UK_London_QMUL', 'T3_UK_London_QMUL'], 'ResidentSetSize': [1313240], 'SubmitTimes': [1708554726.0], 'StartTimes': [1708555195.0], 'EndTimes': [1708557240.0], 'TotalUserCpuTimeHistory': [1822], 'TotalSysCpuTimeHistory': [42], 'WallDurations': [9.0, 179.95669269561768, 2045.0], 'JobIds': ['99128208.0'], 'State': 'finished', 'RecordedSite': True}, '27': {'Retries': 0, 'Restarts': 0, 'SiteHistory': ['Unknown', 'T3_UK_London_QMUL', 'T3_UK_London_QMUL'], 'ResidentSetSize': [1223840], 'SubmitTimes': [1708554727.0], 'StartTimes': [1708555194.0], 'EndTimes': [1708557412.0], 'TotalUserCpuTimeHistory': [2011], 'TotalSysCpuTimeHistory': [52], 'WallDurations': [9.0, 180.95669269561768, 2218.0], 'JobIds': ['99128209.0'], 'State': 'finished', 'RecordedSite': True}, '28': {'Retries': 0, 'Restarts': 0, 'SiteHistory': ['Unknown', 'T3_UK_London_QMUL', 'T3_UK_London_QMUL'], 'ResidentSetSize': [1228436], 'SubmitTimes': [1708554727.0], 'StartTimes': [1708555195.0], 'EndTimes': [1708557539.0], 'TotalUserCpuTimeHistory': [2157], 'TotalSysCpuTimeHistory': [52], 'WallDurations': [9.0, 179.95669269561768, 2344.0], 'JobIds': ['99128210.0'], 'State': 'finished', 'RecordedSite': True}, '29': {'Retries': 0, 'Restarts': 0, 'SiteHistory': ['Unknown', 'T3_UK_London_QMUL', 'T3_UK_London_QMUL'], 'ResidentSetSize': [1251316], 'SubmitTimes': [1708554729.0], 'StartTimes': [1708555195.0], 'EndTimes': [1708557863.0], 'TotalUserCpuTimeHistory': [2362], 'TotalSysCpuTimeHistory': [54], 'WallDurations': [9.0, 179.95669269561768, 2668.0], 'JobIds': ['99128211.0'], 'State': 'finished', 'RecordedSite': True}, '30': {'Retries': 0, 'Restarts': 0, 'SiteHistory': ['Unknown', 'T3_UK_London_QMUL', 'T3_UK_London_QMUL'], 'ResidentSetSize': [1189696], 'SubmitTimes': [1708554734.0], 'StartTimes': [1708555196.0], 'EndTimes': [1708556707.0], 'TotalUserCpuTimeHistory': [1338], 'TotalSysCpuTimeHistory': [31], 'WallDurations': [8.0, 178.95669269561768, 1511.0], 'JobIds': ['99128212.0'], 'State': 'finished', 'RecordedSite': True}, '31': {'Retries': 0, 'Restarts': 0, 'SiteHistory': ['Unknown', 'T3_UK_London_QMUL', 'T3_UK_London_QMUL'], 'ResidentSetSize': [1320556], 'SubmitTimes': [1708554734.0], 'StartTimes': [1708555195.0], 'EndTimes': [1708556887.0], 'TotalUserCpuTimeHistory': [1543], 'TotalSysCpuTimeHistory': [32], 'WallDurations': [9.0, 179.95669269561768, 1692.0], 'JobIds': ['99128213.0'], 'State': 'finished', 'RecordedSite': True}, '32': {'Retries': 0, 'Restarts': 0, 'SiteHistory': ['Unknown', 'T3_UK_London_QMUL', 'T3_UK_London_QMUL'], 'ResidentSetSize': [1201888], 'SubmitTimes': [1708554734.0], 'StartTimes': [1708555194.0], 'EndTimes': [1708557318.0], 'TotalUserCpuTimeHistory': [1774], 'TotalSysCpuTimeHistory': [52], 'WallDurations': [9.0, 180.95669269561768, 2124.0], 'JobIds': ['99128214.0'], 'State': 'finished', 'RecordedSite': True}, '33': {'Retries': 0, 'Restarts': 0, 'SiteHistory': ['Unknown', 'T3_UK_London_QMUL', 'T3_UK_London_QMUL'], 'ResidentSetSize': [1101152], 'SubmitTimes': [1708554734.0], 'StartTimes': [1708555196.0], 'EndTimes': [1708556605.0], 'TotalUserCpuTimeHistory': [1175], 'TotalSysCpuTimeHistory': [37], 'WallDurations': [9.0, 178.95669269561768, 1409.0], 'JobIds': ['99128215.0'], 'State': 'finished', 'RecordedSite': True}, '34': {'Retries': 0, 'Restarts': 0, 'SiteHistory': ['Unknown', 'T3_UK_London_QMUL', 'T3_UK_London_QMUL'], 'ResidentSetSize': [950324], 'SubmitTimes': [1708554734.0], 'StartTimes': [1708555196.0], 'EndTimes': [1708556227.0], 'TotalUserCpuTimeHistory': [846], 'TotalSysCpuTimeHistory': [28], 'WallDurations': [9.0, 178.95669269561768, 1031.0], 'JobIds': ['99128216.0'], 'State': 'finished', 'RecordedSite': True}, '35': {'Retries': 0, 'Restarts': 0, 'SiteHistory': ['Unknown', 'T3_UK_London_QMUL', 'T3_UK_London_QMUL'], 'ResidentSetSize': [997360], 'SubmitTimes': [1708554734.0], 'StartTimes': [1708555196.0], 'EndTimes': [1708555735.0], 'TotalUserCpuTimeHistory': [435], 'TotalSysCpuTimeHistory': [14], 'WallDurations': [9.0, 178.95669269561768, 539.0], 'JobIds': ['99128217.0'], 'State': 'finished', 'RecordedSite': True}, '36': {'Retries': 0, 'Restarts': 0, 'SiteHistory': ['Unknown', 'T2_IT_Legnaro', 'T2_IT_Legnaro'], 'ResidentSetSize': [1327124], 'SubmitTimes': [1708554735.0], 'StartTimes': [1708554941.0], 'EndTimes': [1708557586.0], 'TotalUserCpuTimeHistory': [2342], 'TotalSysCpuTimeHistory': [72], 'WallDurations': [9.0, 133.6679117679596, 2645.0], 'JobIds': ['99128218.0'], 'State': 'finished', 'RecordedSite': True}, '37': {'Retries': 0, 'Restarts': 0, 'SiteHistory': ['Unknown', 'T2_IT_Legnaro', 'T2_IT_Legnaro'], 'ResidentSetSize': [1305000], 'SubmitTimes': [1708554735.0], 'StartTimes': [1708555193.0], 'EndTimes': [1708556595.0], 'TotalUserCpuTimeHistory': [1276], 'TotalSysCpuTimeHistory': [29], 'WallDurations': [9.0, 181.95669269561768, 1402.0], 'JobIds': ['99128219.0'], 'State': 'finished', 'RecordedSite': True}, '38': {'Retries': 0, 'Restarts': 0, 'SiteHistory': ['Unknown', 'T2_IT_Legnaro', 'T2_IT_Legnaro'], 'ResidentSetSize': [1297528], 'SubmitTimes': [1708554736.0], 'StartTimes': [1708555195.0], 'EndTimes': [1708557222.0], 'TotalUserCpuTimeHistory': [1804], 'TotalSysCpuTimeHistory': [53], 'WallDurations': [9.0, 179.95669269561768, 2027.0], 'JobIds': ['99128220.0'], 'State': 'finished', 'RecordedSite': True}, '39': {'Retries': 1, 'Restarts': 0, 'SiteHistory': ['Unknown', 'T2_IT_Legnaro', 'T2_IT_Legnaro', 'T2_IT_Legnaro', 'T2_IT_Legnaro'], 'ResidentSetSize': [1298372, 1436620], 'SubmitTimes': [1708554737.0, 1708557911.0], 'StartTimes': [1708555194.0, 1708557933.0], 'EndTimes': [1708556039.0, 1708558686.0], 'TotalUserCpuTimeHistory': [723, 671], 'TotalSysCpuTimeHistory': [23, 16], 'WallDurations': [9.0, 180.95669269561768, 845.0, 9.0, 753.0], 'JobIds': ['99128221.0', '99129914.0'], 'State': 'finished', 'RecordedSite': True}, '40': {'Retries': 2, 'Restarts': 0, 'SiteHistory': ['Unknown', 'T2_IT_Legnaro', 'T2_IT_Legnaro', 'T1_US_FNAL', 'T1_US_FNAL', 'Unknown', 'T2_IT_Legnaro', 'T2_IT_Legnaro'], 'ResidentSetSize': [1259772, 1603752, 1300968], 'SubmitTimes': [1708554737.0, 1708558106.0, 1708561972.0], 'StartTimes': [1708555194.0, 1708558132.0, 1708562163.0], 'EndTimes': [1708556233.0, 1708560039.0, 1708563772.0], 'TotalUserCpuTimeHistory': [934, 1661, 1432], 'TotalSysCpuTimeHistory': [26, 44, 49], 'WallDurations': [8.0, 180.95669269561768, 1039.0, 8.0, 1907.0, 9.0, 167.69354128837585, 1609.0], 'JobIds': ['99128222.0', '99129956.0', '99131124.0'], 'State': 'finished', 'RecordedSite': True}, '44': {'Retries': 0, 'Restarts': 0, 'SiteHistory': ['Unknown', 'T2_IT_Legnaro', 'T2_IT_Legnaro'], 'ResidentSetSize': [1301844], 'SubmitTimes': [1708554738.0], 'StartTimes': [1708555195.0], 'EndTimes': [1708556614.0], 'TotalUserCpuTimeHistory': [1292], 'TotalSysCpuTimeHistory': [32], 'WallDurations': [9.0, 179.95669269561768, 1419.0], 'JobIds': ['99128223.0'], 'State': 'finished', 'RecordedSite': True}, '42': {'Retries': 0, 'Restarts': 0, 'SiteHistory': ['Unknown', 'T2_IT_Legnaro', 'T2_IT_Legnaro'], 'ResidentSetSize': [1223164], 'SubmitTimes': [1708554739.0], 'StartTimes': [1708555195.0], 'EndTimes': [1708555699.0], 'TotalUserCpuTimeHistory': [431], 'TotalSysCpuTimeHistory': [16], 'WallDurations': [8.0, 179.95669269561768, 504.0], 'JobIds': ['99128224.0'], 'State': 'finished', 'RecordedSite': True}, '43': {'Retries': 0, 'Restarts': 0, 'SiteHistory': ['Unknown', 'T2_IT_Legnaro', 'T2_IT_Legnaro'], 'ResidentSetSize': [1319708], 'SubmitTimes': [1708554739.0], 'StartTimes': [1708555195.0], 'EndTimes': [1708555536.0], 'TotalUserCpuTimeHistory': [276], 'TotalSysCpuTimeHistory': [9], 'WallDurations': [8.0, 179.95669269561768, 341.0], 'JobIds': ['99128225.0'], 'State': 'finished', 'RecordedSite': True}, '45': {'Retries': 0, 'Restarts': 0, 'SiteHistory': ['Unknown', 'T2_IT_Legnaro', 'T2_IT_Legnaro'], 'ResidentSetSize': [1305244], 'SubmitTimes': [1708554739.0], 'StartTimes': [1708555195.0], 'EndTimes': [1708556937.0], 'TotalUserCpuTimeHistory': [1599], 'TotalSysCpuTimeHistory': [36], 'WallDurations': [8.0, 179.95669269561768, 1742.0], 'JobIds': ['99128226.0'], 'State': 'finished', 'RecordedSite': True}, '47': {'Retries': 1, 'Restarts': 0, 'SiteHistory': ['Unknown', 'T2_IT_Legnaro', 'T2_IT_Legnaro', 'Unknown', 'T2_IT_Legnaro', 'T2_IT_Legnaro'], 'ResidentSetSize': [1248736, 1444248], 'SubmitTimes': [1708554739.0, 1708558346.0], 'StartTimes': [1708555193.0, 1708558423.0], 'EndTimes': [1708556473.0, 1708559610.0], 'TotalUserCpuTimeHistory': [1141, 1073], 'TotalSysCpuTimeHistory': [27, 24], 'WallDurations': [9.0, 181.95669269561768, 1280.0, 8.0, 286.662930727005, 1187.0], 'JobIds': ['99128227.0', '99130019.0'], 'State': 'finished', 'RecordedSite': True}, '46': {'Retries': 1, 'Restarts': 0, 'SiteHistory': ['Unknown', 'T2_IT_Legnaro', 'T2_IT_Legnaro', 'Unknown', 'T2_IT_Legnaro', 'T2_IT_Legnaro'], 'ResidentSetSize': [1312016, 1311428], 'SubmitTimes': [1708554739.0, 1708558367.0], 'StartTimes': [1708555194.0, 1708558423.0], 'EndTimes': [1708556490.0, 1708560681.0], 'TotalUserCpuTimeHistory': [1156, 2021], 'TotalSysCpuTimeHistory': [25, 50], 'WallDurations': [9.0, 180.95669269561768, 1296.0, 9.0, 286.662930727005, 2258.0], 'JobIds': ['99128228.0', '99130025.0'], 'State': 'finished', 'RecordedSite': True}, '48': {'Retries': 0, 'Restarts': 0, 'SiteHistory': ['Unknown', 'T2_IT_Legnaro', 'T2_IT_Legnaro'], 'ResidentSetSize': [40520], 'SubmitTimes': [1708554739.0], 'StartTimes': [1708555194.0], 'EndTimes': [1708555492.0], 'TotalUserCpuTimeHistory': [240], 'TotalSysCpuTimeHistory': [8], 'WallDurations': [8.0, 180.95669269561768, 298.0], 'JobIds': ['99128229.0'], 'State': 'finished', 'RecordedSite': True}, '49': {'Retries': 0, 'Restarts': 0, 'SiteHistory': ['Unknown', 'T2_IT_Bari', 'T2_IT_Bari'], 'ResidentSetSize': [974696], 'SubmitTimes': [1708554740.0], 'StartTimes': [1708555288.0], 'EndTimes': [1708556076.0], 'TotalUserCpuTimeHistory': [610], 'TotalSysCpuTimeHistory': [23], 'WallDurations': [8.0, 86.95669269561768, 788.0], 'JobIds': ['99128230.0'], 'State': 'finished', 'RecordedSite': True}, '50': {'Retries': 0, 'Restarts': 0, 'SiteHistory': ['Unknown', 'T2_IT_Bari', 'T2_IT_Bari'], 'ResidentSetSize': [1578020], 'SubmitTimes': [1708554745.0], 'StartTimes': [1708555688.0], 'EndTimes': [1708558877.0], 'TotalUserCpuTimeHistory': [2692], 'TotalSysCpuTimeHistory': [74], 'WallDurations': [9.0, 288.8872900009155, 3189.0], 'JobIds': ['99128231.0'], 'State': 'finished', 'RecordedSite': True}, '51': {'Retries': 0, 'Restarts': 0, 'SiteHistory': ['Unknown', 'T2_IT_Bari', 'T2_IT_Bari'], 'ResidentSetSize': [1472572], 'SubmitTimes': [1708554745.0], 'StartTimes': [1708555714.0], 'EndTimes': [1708557743.0], 'TotalUserCpuTimeHistory': [1721], 'TotalSysCpuTimeHistory': [57], 'WallDurations': [8.0, 262.8872900009155, 2029.0], 'JobIds': ['99128232.0'], 'State': 'finished', 'RecordedSite': True}, '52': {'Retries': 0, 'Restarts': 0, 'SiteHistory': ['Unknown', 'T2_IT_Bari', 'T2_IT_Bari'], 'ResidentSetSize': [1428704], 'SubmitTimes': [1708554746.0], 'StartTimes': [1708555825.0], 'EndTimes': [1708556726.0], 'TotalUserCpuTimeHistory': [688], 'TotalSysCpuTimeHistory': [27], 'WallDurations': [9.0, 151.88729000091553, 901.0], 'JobIds': ['99128233.0'], 'State': 'finished', 'RecordedSite': True}, '53': {'Retries': 0, 'Restarts': 0, 'SiteHistory': ['Unknown', 'T2_IT_Bari', 'T2_IT_Bari'], 'ResidentSetSize': [1274628], 'SubmitTimes': [1708554746.0], 'StartTimes': [1708555826.0], 'EndTimes': [1708556370.0], 'TotalUserCpuTimeHistory': [402], 'TotalSysCpuTimeHistory': [18], 'WallDurations': [8.0, 150.88729000091553, 544.0], 'JobIds': ['99128234.0'], 'State': 'finished', 'RecordedSite': True}, '55': {'Retries': 0, 'Restarts': 0, 'SiteHistory': ['Unknown', 'T2_IT_Bari', 'T2_IT_Bari'], 'ResidentSetSize': [1458456], 'SubmitTimes': [1708554746.0], 'StartTimes': [1708555945.0], 'EndTimes': [1708559702.0], 'TotalUserCpuTimeHistory': [3225], 'TotalSysCpuTimeHistory': [117], 'WallDurations': [9.0, 31.887290000915527, 3757.0], 'JobIds': ['99128235.0'], 'State': 'finished', 'RecordedSite': True}, '56': {'Retries': 0, 'Restarts': 0, 'SiteHistory': ['Unknown', 'T2_IT_Bari', 'T2_IT_Bari'], 'ResidentSetSize': [1267100], 'SubmitTimes': [1708554746.0], 'StartTimes': [1708555942.0], 'EndTimes': [1708557372.0], 'TotalUserCpuTimeHistory': [1147], 'TotalSysCpuTimeHistory': [30], 'WallDurations': [9.0, 34.88729000091553, 1430.0], 'JobIds': ['99128236.0'], 'State': 'finished', 'RecordedSite': True}, '57': {'Retries': 0, 'Restarts': 0, 'SiteHistory': ['Unknown', 'T2_IT_Bari', 'T2_IT_Bari'], 'ResidentSetSize': [1260216], 'SubmitTimes': [1708554747.0], 'StartTimes': [1708555944.0], 'EndTimes': [1708556784.0], 'TotalUserCpuTimeHistory': [606], 'TotalSysCpuTimeHistory': [26], 'WallDurations': [9.0, 32.88729000091553, 840.0], 'JobIds': ['99128237.0'], 'State': 'finished', 'RecordedSite': True}, '54': {'Retries': 0, 'Restarts': 0, 'SiteHistory': ['Unknown', 'T2_IT_Bari', 'T2_IT_Bari'], 'ResidentSetSize': [1535912], 'SubmitTimes': [1708554747.0], 'StartTimes': [1708555945.0], 'EndTimes': [1708558795.0], 'TotalUserCpuTimeHistory': [1851], 'TotalSysCpuTimeHistory': [47], 'WallDurations': [8.0, 31.887290000915527, 2850.0], 'JobIds': ['99128239.0'], 'State': 'finished', 'RecordedSite': True}, '68': {'Retries': 0, 'Restarts': 0, 'SiteHistory': ['Unknown', 'T2_IT_Bari', 'T2_IT_Bari'], 'ResidentSetSize': [1563524], 'SubmitTimes': [1708554747.0], 'StartTimes': [1708555944.0], 'EndTimes': [1708558599.0], 'TotalUserCpuTimeHistory': [2326], 'TotalSysCpuTimeHistory': [45], 'WallDurations': [9.0, 32.88729000091553, 2655.0], 'JobIds': ['99128240.0'], 'State': 'finished', 'RecordedSite': True}, '61': {'Retries': 0, 'Restarts': 0, 'SiteHistory': ['Unknown', 'T2_IT_Bari', 'T2_IT_Bari'], 'ResidentSetSize': [1441452], 'SubmitTimes': [1708554747.0], 'StartTimes': [1708555944.0], 'EndTimes': [1708557950.0], 'TotalUserCpuTimeHistory': [1538], 'TotalSysCpuTimeHistory': [56], 'WallDurations': [8.0, 32.88729000091553, 2006.0], 'JobIds': ['99128241.0'], 'State': 'finished', 'RecordedSite': True}, '58': {'Retries': 0, 'Restarts': 0, 'SiteHistory': ['Unknown', 'T2_IT_Bari', 'T2_IT_Bari'], 'ResidentSetSize': [1239588], 'SubmitTimes': [1708554748.0], 'StartTimes': [1708555944.0], 'EndTimes': [1708556614.0], 'TotalUserCpuTimeHistory': [356], 'TotalSysCpuTimeHistory': [18], 'WallDurations': [9.0, 32.88729000091553, 670.0], 'JobIds': ['99128242.0'], 'State': 'finished', 'RecordedSite': True}, '60': {'Retries': 0, 'Restarts': 0, 'SiteHistory': ['Unknown', 'T2_IT_Bari', 'T2_IT_Bari'], 'ResidentSetSize': [1554484], 'SubmitTimes': [1708554748.0], 'StartTimes': [1708555944.0], 'EndTimes': [1708557872.0], 'TotalUserCpuTimeHistory': [1611], 'TotalSysCpuTimeHistory': [37], 'WallDurations': [9.0, 32.88729000091553, 1928.0], 'JobIds': ['99128243.0'], 'State': 'finished', 'RecordedSite': True}, '62': {'Retries': 0, 'Restarts': 0, 'SiteHistory': ['Unknown', 'T2_IT_Bari', 'T2_IT_Bari'], 'ResidentSetSize': [1446456], 'SubmitTimes': [1708554748.0], 'StartTimes': [1708555945.0], 'EndTimes': [1708558749.0], 'TotalUserCpuTimeHistory': [2326], 'TotalSysCpuTimeHistory': [104], 'WallDurations': [9.0, 31.887290000915527, 2804.0], 'JobIds': ['99128244.0'], 'State': 'finished', 'RecordedSite': True}, '63': {'Retries': 0, 'Restarts': 0, 'SiteHistory': ['Unknown', 'T2_IT_Bari', 'T2_IT_Bari'], 'ResidentSetSize': [1468040], 'SubmitTimes': [1708554748.0], 'StartTimes': [1708555945.0], 'EndTimes': [1708558842.0], 'TotalUserCpuTimeHistory': [2062], 'TotalSysCpuTimeHistory': [66], 'WallDurations': [8.0, 31.887290000915527, 2897.0], 'JobIds': ['99128245.0'], 'State': 'finished', 'RecordedSite': True}, '59': {'Retries': 0, 'Restarts': 0, 'SiteHistory': ['Unknown', 'T2_IT_Bari', 'T2_IT_Bari'], 'ResidentSetSize': [1480540], 'SubmitTimes': [1708554748.0], 'StartTimes': [1708555947.0], 'EndTimes': [1708557508.0], 'TotalUserCpuTimeHistory': [1297], 'TotalSysCpuTimeHistory': [44], 'WallDurations': [9.0, 29.887290000915527, 1561.0], 'JobIds': ['99128246.0'], 'State': 'finished', 'RecordedSite': True}, '64': {'Retries': 0, 'Restarts': 0, 'SiteHistory': ['Unknown', 'T2_IT_Bari', 'T2_IT_Bari'], 'ResidentSetSize': [1557004], 'SubmitTimes': [1708554748.0], 'StartTimes': [1708555950.0], 'EndTimes': [1708558617.0], 'TotalUserCpuTimeHistory': [2149], 'TotalSysCpuTimeHistory': [60], 'WallDurations': [9.0, 26.887290000915527, 2667.0], 'JobIds': ['99128247.0'], 'State': 'finished', 'RecordedSite': True}, '65': {'Retries': 0, 'Restarts': 0, 'SiteHistory': ['Unknown', 'T2_IT_Bari', 'T2_IT_Bari'], 'ResidentSetSize': [1546100], 'SubmitTimes': [1708554748.0], 'StartTimes': [1708555950.0], 'EndTimes': [1708558741.0], 'TotalUserCpuTimeHistory': [2332], 'TotalSysCpuTimeHistory': [47], 'WallDurations': [8.0, 26.887290000915527, 2791.0], 'JobIds': ['99128248.0'], 'State': 'finished', 'RecordedSite': True}, '66': {'Retries': 0, 'Restarts': 0, 'SiteHistory': ['Unknown', 'T2_IT_Bari', 'T2_IT_Bari'], 'ResidentSetSize': [1548532], 'SubmitTimes': [1708554749.0], 'StartTimes': [1708555949.0], 'EndTimes': [1708558671.0], 'TotalUserCpuTimeHistory': [2365], 'TotalSysCpuTimeHistory': [49], 'WallDurations': [9.0, 27.887290000915527, 2722.0], 'JobIds': ['99128249.0'], 'State': 'finished', 'RecordedSite': True}, '67': {'Retries': 0, 'Restarts': 0, 'SiteHistory': ['Unknown', 'T2_IT_Bari', 'T2_IT_Bari'], 'ResidentSetSize': [1564376], 'SubmitTimes': [1708554749.0], 'StartTimes': [1708555950.0], 'EndTimes': [1708557839.0], 'TotalUserCpuTimeHistory': [1592], 'TotalSysCpuTimeHistory': [31], 'WallDurations': [9.0, 26.887290000915527, 1889.0], 'JobIds': ['99128250.0'], 'State': 'finished', 'RecordedSite': True}, '71': {'Retries': 1, 'Restarts': 0, 'SiteHistory': ['Unknown', 'T2_DE_RWTH', 'T2_DE_RWTH', 'T1_US_FNAL', 'T1_US_FNAL'], 'ResidentSetSize': [1306224, 1571064], 'SubmitTimes': [1708554749.0, 1708558649.0], 'StartTimes': [1708555194.0, 1708558668.0], 'EndTimes': [1708556778.0, 1708560620.0], 'TotalUserCpuTimeHistory': [1382, 1699], 'TotalSysCpuTimeHistory': [38, 43], 'WallDurations': [9.0, 180.95669269561768, 1584.0, 9.0, 1952.0], 'JobIds': ['99128251.0', '99130429.0'], 'State': 'finished', 'RecordedSite': True}, '69': {'Retries': 0, 'Restarts': 0, 'SiteHistory': ['Unknown', 'T2_IT_Bari', 'T2_IT_Bari'], 'ResidentSetSize': [1545876], 'SubmitTimes': [1708554749.0], 'StartTimes': [1708555950.0], 'EndTimes': [1708559301.0], 'TotalUserCpuTimeHistory': [2180], 'TotalSysCpuTimeHistory': [44], 'WallDurations': [8.0, 26.887290000915527, 3351.0], 'JobIds': ['99128252.0'], 'State': 'finished', 'RecordedSite': True}, '70': {'Retries': 0, 'Restarts': 0, 'SiteHistory': ['Unknown', 'T2_IT_Bari', 'T2_IT_Bari'], 'ResidentSetSize': [1564008], 'SubmitTimes': [1708554749.0], 'StartTimes': [1708555950.0], 'EndTimes': [1708557866.0], 'TotalUserCpuTimeHistory': [1435], 'TotalSysCpuTimeHistory': [33], 'WallDurations': [9.0, 26.887290000915527, 1916.0], 'JobIds': ['99128253.0'], 'State': 'finished', 'RecordedSite': True}, '72': {'Retries': 1, 'Restarts': 0, 'SiteHistory': ['Unknown', 'T2_DE_RWTH', 'T2_DE_RWTH', 'T1_US_FNAL', 'T1_US_FNAL'], 'ResidentSetSize': [1310848, 1575260], 'SubmitTimes': [1708554749.0, 1708558418.0], 'StartTimes': [1708555193.0, 1708558496.0], 'EndTimes': [1708556549.0, 1708560459.0], 'TotalUserCpuTimeHistory': [1183, 1559], 'TotalSysCpuTimeHistory': [28, 35], 'WallDurations': [9.0, 181.95669269561768, 1356.0, 9.0, 1963.0], 'JobIds': ['99128254.0', '99130036.0'], 'State': 'finished', 'RecordedSite': True}, '76': {'Retries': 0, 'Restarts': 0, 'SiteHistory': ['Unknown', 'T2_DE_RWTH', 'T2_DE_RWTH'], 'ResidentSetSize': [1154256], 'SubmitTimes': [1708554749.0], 'StartTimes': [1708555194.0], 'EndTimes': [1708556244.0], 'TotalUserCpuTimeHistory': [873], 'TotalSysCpuTimeHistory': [27], 'WallDurations': [9.0, 180.95669269561768, 1050.0], 'JobIds': ['99128255.0'], 'State': 'finished', 'RecordedSite': True}, '73': {'Retries': 0, 'Restarts': 0, 'SiteHistory': ['Unknown', 'T2_DE_RWTH', 'T2_DE_RWTH'], 'ResidentSetSize': [1273920], 'SubmitTimes': [1708554749.0], 'StartTimes': [1708555194.0], 'EndTimes': [1708557323.0], 'TotalUserCpuTimeHistory': [1864], 'TotalSysCpuTimeHistory': [70], 'WallDurations': [9.0, 180.95669269561768, 2129.0], 'JobIds': ['99128256.0'], 'State': 'finished', 'RecordedSite': True}, '75': {'Retries': 0, 'Restarts': 0, 'SiteHistory': ['Unknown', 'T2_DE_RWTH', 'T2_DE_RWTH'], 'ResidentSetSize': [1269768], 'SubmitTimes': [1708554750.0], 'StartTimes': [1708555195.0], 'EndTimes': [1708557845.0], 'TotalUserCpuTimeHistory': [2334], 'TotalSysCpuTimeHistory': [76], 'WallDurations': [10.0, 179.95669269561768, 2650.0], 'JobIds': ['99128257.0'], 'State': 'finished', 'RecordedSite': True}, '77': {'Retries': 0, 'Restarts': 0, 'SiteHistory': ['Unknown', 'T2_DE_RWTH', 'T2_DE_RWTH'], 'ResidentSetSize': [1157412], 'SubmitTimes': [1708554750.0], 'StartTimes': [1708555194.0], 'EndTimes': [1708556725.0], 'TotalUserCpuTimeHistory': [1301], 'TotalSysCpuTimeHistory': [62], 'WallDurations': [9.0, 180.95669269561768, 1531.0], 'JobIds': ['99128258.0'], 'State': 'finished', 'RecordedSite': True}, '74': {'Retries': 1, 'Restarts': 0, 'SiteHistory': ['Unknown', 'T2_DE_RWTH', 'T2_DE_RWTH', 'T1_US_FNAL', 'T1_US_FNAL'], 'ResidentSetSize': [1316552, 1491972], 'SubmitTimes': [1708554751.0, 1708558221.0], 'StartTimes': [1708555195.0, 1708558384.0], 'EndTimes': [1708556352.0, 1708559880.0], 'TotalUserCpuTimeHistory': [1008, 1296], 'TotalSysCpuTimeHistory': [29, 35], 'WallDurations': [9.0, 179.95669269561768, 1157.0, 9.0, 1496.0], 'JobIds': ['99128259.0', '99129989.0'], 'State': 'finished', 'RecordedSite': True}, '80': {'Retries': 0, 'Restarts': 0, 'SiteHistory': ['Unknown', 'T2_DE_RWTH', 'T2_DE_RWTH'], 'ResidentSetSize': [1128308], 'SubmitTimes': [1708554756.0], 'StartTimes': [1708555194.0], 'EndTimes': [1708556597.0], 'TotalUserCpuTimeHistory': [1140], 'TotalSysCpuTimeHistory': [28], 'WallDurations': [8.0, 180.95669269561768, 1403.0], 'JobIds': ['99128260.0'], 'State': 'finished', 'RecordedSite': True}, '79': {'Retries': 0, 'Restarts': 0, 'SiteHistory': ['Unknown', 'T2_DE_RWTH', 'T2_DE_RWTH'], 'ResidentSetSize': [1212176], 'SubmitTimes': [1708554756.0], 'StartTimes': [1708555195.0], 'EndTimes': [1708556954.0], 'TotalUserCpuTimeHistory': [1577], 'TotalSysCpuTimeHistory': [47], 'WallDurations': [9.0, 179.95669269561768, 1759.0], 'JobIds': ['99128261.0'], 'State': 'finished', 'RecordedSite': True}, '81': {'Retries': 0, 'Restarts': 0, 'SiteHistory': ['Unknown', 'T2_DE_RWTH', 'T2_DE_RWTH'], 'ResidentSetSize': [1111648], 'SubmitTimes': [1708554757.0], 'StartTimes': [1708555196.0], 'EndTimes': [1708556650.0], 'TotalUserCpuTimeHistory': [1269], 'TotalSysCpuTimeHistory': [43], 'WallDurations': [8.0, 178.95669269561768, 1454.0], 'JobIds': ['99128262.0'], 'State': 'finished', 'RecordedSite': True}, '78': {'Retries': 0, 'Restarts': 0, 'SiteHistory': ['Unknown', 'T2_DE_RWTH', 'T2_DE_RWTH'], 'ResidentSetSize': [1294584], 'SubmitTimes': [1708554757.0], 'StartTimes': [1708555195.0], 'EndTimes': [1708557308.0], 'TotalUserCpuTimeHistory': [1692], 'TotalSysCpuTimeHistory': [56], 'WallDurations': [9.0, 179.95669269561768, 2113.0], 'JobIds': ['99128263.0'], 'State': 'finished', 'RecordedSite': True}, '83': {'Retries': 0, 'Restarts': 0, 'SiteHistory': ['Unknown', 'T2_DE_RWTH', 'T2_DE_RWTH'], 'ResidentSetSize': [1249764], 'SubmitTimes': [1708554757.0], 'StartTimes': [1708555195.0], 'EndTimes': [1708556037.0], 'TotalUserCpuTimeHistory': [709], 'TotalSysCpuTimeHistory': [19], 'WallDurations': [9.0, 179.95669269561768, 842.0], 'JobIds': ['99128264.0'], 'State': 'finished', 'RecordedSite': True}, '85': {'Retries': 0, 'Restarts': 0, 'SiteHistory': ['Unknown', 'T2_DE_RWTH', 'T2_DE_RWTH'], 'ResidentSetSize': [1267120], 'SubmitTimes': [1708554757.0], 'StartTimes': [1708555196.0], 'EndTimes': [1708555735.0], 'TotalUserCpuTimeHistory': [459], 'TotalSysCpuTimeHistory': [19], 'WallDurations': [8.0, 178.95669269561768, 539.0], 'JobIds': ['99128265.0'], 'State': 'finished', 'RecordedSite': True}, '93': {'Retries': 0, 'Restarts': 0, 'SiteHistory': ['Unknown', 'T1_UK_RAL', 'T1_UK_RAL'], 'ResidentSetSize': [1327904], 'SubmitTimes': [1708554757.0], 'StartTimes': [1708555135.0], 'EndTimes': [1708558096.0], 'TotalUserCpuTimeHistory': [1935], 'TotalSysCpuTimeHistory': [72], 'WallDurations': [9.0, 239.95669269561768, 2961.0], 'JobIds': ['99128266.0'], 'State': 'finished', 'RecordedSite': True}, '84': {'Retries': 0, 'Restarts': 0, 'SiteHistory': ['Unknown', 'T2_DE_RWTH', 'T2_DE_RWTH'], 'ResidentSetSize': [1288752], 'SubmitTimes': [1708554757.0], 'StartTimes': [1708555196.0], 'EndTimes': [1708555993.0], 'TotalUserCpuTimeHistory': [675], 'TotalSysCpuTimeHistory': [21], 'WallDurations': [8.0, 178.95669269561768, 797.0], 'JobIds': ['99128267.0'], 'State': 'finished', 'RecordedSite': True}, '90': {'Retries': 0, 'Restarts': 0, 'SiteHistory': ['Unknown', 'T1_US_FNAL', 'T1_US_FNAL'], 'ResidentSetSize': [1310640], 'SubmitTimes': [1708554757.0], 'StartTimes': [1708557258.0], 'EndTimes': [1708557978.0], 'TotalUserCpuTimeHistory': [617], 'TotalSysCpuTimeHistory': [16], 'WallDurations': [8.0, 237.57674980163574, 720.0], 'JobIds': ['99128268.0'], 'State': 'finished', 'RecordedSite': True}, '82': {'Retries': 1, 'Restarts': 0, 'SiteHistory': ['Unknown', 'T2_DE_RWTH', 'T2_DE_RWTH', 'T1_US_FNAL', 'T1_US_FNAL'], 'ResidentSetSize': [1112904, 1424528], 'SubmitTimes': [1708554757.0, 1708558171.0], 'StartTimes': [1708555195.0, 1708558199.0], 'EndTimes': [1708556299.0, 1708559270.0], 'TotalUserCpuTimeHistory': [969, 933], 'TotalSysCpuTimeHistory': [27, 24], 'WallDurations': [9.0, 179.95669269561768, 1104.0, 9.0, 1071.0], 'JobIds': ['99128269.0', '99129975.0'], 'State': 'finished', 'RecordedSite': True}, '91': {'Retries': 0, 'Restarts': 0, 'SiteHistory': ['Unknown', 'T1_US_FNAL', 'T1_US_FNAL'], 'ResidentSetSize': [1443676], 'SubmitTimes': [1708554757.0], 'StartTimes': [1708557278.0], 'EndTimes': [1708558545.0], 'TotalUserCpuTimeHistory': [1088], 'TotalSysCpuTimeHistory': [28], 'WallDurations': [10.0, 217.57674980163574, 1267.0], 'JobIds': ['99128270.0'], 'State': 'finished', 'RecordedSite': True}, '87': {'Retries': 0, 'Restarts': 0, 'SiteHistory': ['Unknown', 'T2_BE_UCL', 'T2_BE_UCL'], 'ResidentSetSize': [1513264], 'SubmitTimes': [1708554757.0], 'StartTimes': [1708555943.0], 'EndTimes': [1708556274.0], 'TotalUserCpuTimeHistory': [258], 'TotalSysCpuTimeHistory': [7], 'WallDurations': [9.0, 33.88729000091553, 331.0], 'JobIds': ['99128271.0'], 'State': 'finished', 'RecordedSite': True}, '86': {'Retries': 0, 'Restarts': 0, 'SiteHistory': ['Unknown', 'T2_DE_RWTH', 'T2_DE_RWTH'], 'ResidentSetSize': [1156232], 'SubmitTimes': [1708554757.0], 'StartTimes': [1708555197.0], 'EndTimes': [1708556059.0], 'TotalUserCpuTimeHistory': [744], 'TotalSysCpuTimeHistory': [24], 'WallDurations': [8.0, 177.95669269561768, 862.0], 'JobIds': ['99128272.0'], 'State': 'finished', 'RecordedSite': True}, '88': {'Retries': 0, 'Restarts': 0, 'SiteHistory': ['Unknown', 'T2_HU_Budapest', 'T2_HU_Budapest'], 'ResidentSetSize': [1590872], 'SubmitTimes': [1708554758.0], 'StartTimes': [1708554936.0], 'EndTimes': [1708555583.0], 'TotalUserCpuTimeHistory': [561], 'TotalSysCpuTimeHistory': [18], 'WallDurations': [8.0, 138.6679117679596, 647.0], 'JobIds': ['99128273.0'], 'State': 'finished', 'RecordedSite': True}, '94': {'Retries': 0, 'Restarts': 0, 'SiteHistory': ['Unknown', 'T1_ES_PIC', 'T1_ES_PIC'], 'ResidentSetSize': [1605900], 'SubmitTimes': [1708554758.0], 'StartTimes': [1708555135.0], 'EndTimes': [1708557996.0], 'TotalUserCpuTimeHistory': [2274], 'TotalSysCpuTimeHistory': [67], 'WallDurations': [9.0, 239.95669269561768, 2861.0], 'JobIds': ['99128274.0'], 'State': 'finished', 'RecordedSite': True}, '89': {'Retries': 0, 'Restarts': 0, 'SiteHistory': ['Unknown', 'T1_IT_CNAF', 'T1_IT_CNAF'], 'ResidentSetSize': [1224188], 'SubmitTimes': [1708554759.0], 'StartTimes': [1708555133.0], 'EndTimes': [1708558297.0], 'TotalUserCpuTimeHistory': [2142], 'TotalSysCpuTimeHistory': [66], 'WallDurations': [9.0, 241.95669269561768, 3164.0], 'JobIds': ['99128275.0'], 'State': 'finished', 'RecordedSite': True}, '92': {'Retries': 0, 'Restarts': 0, 'SiteHistory': ['Unknown', 'T1_US_FNAL', 'T1_US_FNAL'], 'ResidentSetSize': [1106048], 'SubmitTimes': [1708554759.0], 'StartTimes': [1708557309.0], 'EndTimes': [1708557428.0], 'TotalUserCpuTimeHistory': [60], 'TotalSysCpuTimeHistory': [5], 'WallDurations': [119.0, 186.57674980163574, 186.57674980163574], 'JobIds': ['99128276.0'], 'State': 'finished', 'RecordedSite': True}, '97': {'Retries': 0, 'Restarts': 0, 'SiteHistory': ['Unknown', 'T1_DE_KIT', 'T1_DE_KIT'], 'ResidentSetSize': [1318600], 'SubmitTimes': [1708554759.0], 'StartTimes': [1708556356.0], 'EndTimes': [1708557421.0], 'TotalUserCpuTimeHistory': [865], 'TotalSysCpuTimeHistory': [46], 'WallDurations': [8.0, 227.02498030662537, 1065.0], 'JobIds': ['99128277.0'], 'State': 'finished', 'RecordedSite': True}, '95': {'Retries': 0, 'Restarts': 0, 'SiteHistory': ['Unknown', 'T1_ES_PIC', 'T1_ES_PIC'], 'ResidentSetSize': [1319440], 'SubmitTimes': [1708554759.0], 'StartTimes': [1708555134.0], 'EndTimes': [1708556415.0], 'TotalUserCpuTimeHistory': [1032], 'TotalSysCpuTimeHistory': [27], 'WallDurations': [8.0, 240.95669269561768, 1281.0], 'JobIds': ['99128278.0'], 'State': 'finished', 'RecordedSite': True}, '96': {'Retries': 0, 'Restarts': 0, 'SiteHistory': ['Unknown', 'T1_DE_KIT', 'T1_DE_KIT'], 'ResidentSetSize': [1472636], 'SubmitTimes': [1708554759.0], 'StartTimes': [1708556533.0], 'EndTimes': [1708557772.0], 'TotalUserCpuTimeHistory': [1046], 'TotalSysCpuTimeHistory': [56], 'WallDurations': [8.0, 50.024980306625366, 1239.0], 'JobIds': ['99128279.0'], 'State': 'finished', 'RecordedSite': True}, '41': {'Retries': 1, 'Restarts': 0, 'SiteHistory': ['Unknown', 'T2_IT_Legnaro', 'T2_IT_Legnaro', 'T1_US_FNAL', 'T1_US_FNAL'], 'ResidentSetSize': [940796, 1265660], 'SubmitTimes': [1708554759.0, 1708557666.0], 'StartTimes': [1708555195.0, 1708557744.0], 'EndTimes': [1708555795.0, 1708558525.0], 'TotalUserCpuTimeHistory': [527, 663], 'TotalSysCpuTimeHistory': [16, 19], 'WallDurations': [9.0, 179.95669269561768, 600.0, 9.0, 781.0], 'JobIds': ['99128280.0', '99129860.0'], 'State': 'finished', 'RecordedSite': True}}
INFO 2024-02-22 20:25:34.750 UTC: 	 Status on the scheduler:	COMPLETED
INFO 2024-02-22 20:25:34.750 UTC: 	 
Jobs status:                    finished     		100.0% (97/97)
DEBUG 2024-02-22 20:25:34.750 UTC: 	 Encoded data for curl request: subresource=publicationstatus&workflow=240221_223058%3Ambuonsan_crab_SkimB4Mu_2023eraC-v3_stream4_Mini&username=mbuonsan
INFO 2024-02-22 20:25:35.234 UTC: 	 
Output dataset:			/FakeDataset/fakefile-FakePublish-75b715b41bea752c5a72a9a55a8cd910/USER
INFO 2024-02-22 20:25:35.234 UTC: 	 
No publication information available yet
INFO 2024-02-22 20:25:35.237 UTC: 	 
Warning: the max jobs runtime is less than 30% of the task requested value (1250 min), please consider to request a lower value for failed jobs (allowed through crab resubmit) and/or improve the jobs splitting (e.g. config.Data.splitting = 'Automatic') in a new task.
INFO 2024-02-22 20:25:35.237 UTC: 	 
Summary of run jobs:
 * Memory: 39MB min, 2044MB max, 1291MB ave
 * Runtime: 0:03:06 min, 1:05:36 max, 0:27:27 ave
 * CPU eff: 35% min, 94% max, 84% ave
 * Waste: 8:51:26 (17% of total)

DEBUG 2024-02-22 20:25:35.238 UTC: 	 Requesting resubmission of failed jobs in task 240221_223058:mbuonsan_crab_SkimB4Mu_2023eraC-v3_stream4_Mini
ERROR 2024-02-22 20:25:35.238 UTC: 	 Found no jobs to resubmit. Only jobs in status failed can be resubmitted. Jobs in status finished can also be resubmitted, but only if the jobids are specified and the force option is set.
ERROR 2024-02-22 20:25:35.238 UTC: 	 Caught ClientException exception
Traceback (most recent call last):
  File "/cvmfs/cms.cern.ch/share/cms/crab-prod/v3.240110.01/bin/crab.py", line 152, in <module>
    client()
  File "/cvmfs/cms.cern.ch/share/cms/crab-prod/v3.240110.01/bin/crab.py", line 137, in __call__
    returnDict = self.cmd()
  File "/cvmfs/cms.cern.ch/share/cms/crab-prod/v3.240110.01/lib/CRABClient/Commands/resubmit.py", line 65, in __call__
    self.jobids = self.processJobIds(jobList)
  File "/cvmfs/cms.cern.ch/share/cms/crab-prod/v3.240110.01/lib/CRABClient/Commands/resubmit.py", line 171, in processJobIds
    raise ConfigurationException(msg)
CRABClient.ClientExceptions.ConfigurationException: Found no jobs to resubmit. Only jobs in status failed can be resubmitted. Jobs in status finished can also be resubmitted, but only if the jobids are specified and the force option is set.
