DEBUG 2024-02-21 22:28:49.151 UTC: 	 CRAB Client version: v3.240110
DEBUG 2024-02-21 22:28:49.152 UTC: 	 Running on: Linux ui02.recas.ba.infn.it 3.10.0-1160.80.1.el7.x86_64 #1 SMP Tue Nov 8 15:48:59 UTC 2022 x86_64 x86_64 x86_64 GNU/Linux - CentOS Linux 7 (Core)
DEBUG 2024-02-21 22:28:49.152 UTC: 	 Executing command: 'submit'
DEBUG 2024-02-21 22:28:49.152 UTC: 	 Found CRAB cache file /lustrehome/mbuonsante/.crab3
INFO 2024-02-21 22:28:49.152 UTC: 	 Will use CRAB configuration file CRAB_stream_6.py
DEBUG 2024-02-21 22:28:49.153 UTC: 	 Loading CRAB configuration file.
DEBUG 2024-02-21 22:28:49.156 UTC: 	 Will use CRAB plugin ANALYSIS (i.e. will run an analysis job type).
DEBUG 2024-02-21 22:28:49.158 UTC: 	 Checking credentials
DEBUG 2024-02-21 22:28:49.158 UTC: 	 Found proxy file /tmp/x509up_u881331
DEBUG 2024-02-21 22:28:49.158 UTC: 	 Making sure it has proper VOMS extension
DEBUG 2024-02-21 22:28:49.158 UTC: 	 Executing command :
 voms-proxy-info --vo --file /tmp/x509up_u881331
DEBUG 2024-02-21 22:28:50.465 UTC: 	 output : cms

 error: 
 retcode : 0
DEBUG 2024-02-21 22:28:50.466 UTC: 	 Getting proxy life time left
DEBUG 2024-02-21 22:28:50.466 UTC: 	 Executing command :
 voms-proxy-info --actimeleft --timeleft --file /tmp/x509up_u881331
DEBUG 2024-02-21 22:28:51.765 UTC: 	 output : 479486
479485

 error: 
 retcode : 0
DEBUG 2024-02-21 22:28:51.766 UTC: 	 Proxy valid for 133:11:25 hours
DEBUG 2024-02-21 22:28:51.766 UTC: 	 Encoded data for curl request: subresource=delegatedn
DEBUG 2024-02-21 22:28:51.937 UTC: 	 Registering user credentials on myproxy for /DC=ch/DC=cern/OU=computers/CN=crab-(preprod|prod|dev)-tw(01|02|03).cern.ch|/DC=ch/DC=cern/OU=computers/CN=stefanov(m|m2).cern.ch|/DC=ch/DC=cern/OU=computers/CN=dciangot-tw.cern.ch
DEBUG 2024-02-21 22:28:51.937 UTC: 	 Executing command :
 voms-proxy-info --identity --file /tmp/x509up_u881331
DEBUG 2024-02-21 22:28:53.318 UTC: 	 output : /DC=ch/DC=cern/OU=Organic Units/OU=Users/CN=mbuonsan/CN=866052/CN=Marco Buonsante

 error: 
 retcode : 0
DEBUG 2024-02-21 22:28:53.318 UTC: 	 Getting myproxy life time left for db438794163ae221c16ac5cdc1e476b2bc2ff634
DEBUG 2024-02-21 22:28:53.318 UTC: 	 Executing command :
 myproxy-info -s myproxy.cern.ch -l db438794163ae221c16ac5cdc1e476b2bc2ff634
DEBUG 2024-02-21 22:28:53.718 UTC: 	 output : username: db438794163ae221c16ac5cdc1e476b2bc2ff634
owner: /DC=ch/DC=cern/OU=Organic Units/OU=Users/CN=mbuonsan/CN=866052/CN=Marco Buonsante
  renewal policy: /DC=ch/DC=cern/OU=computers/CN=crab-(preprod|prod|dev)-tw(01|02|03).cern.ch|/DC=ch/DC=cern/OU=computers/CN=stefanov(m|m2).cern.ch|/DC=ch/DC=cern/OU=computers/CN=dciangot-tw.cern.ch
  trusted retrieval policy: /DC=ch/DC=cern/OU=computers/CN=crab-(preprod|prod|dev)-tw(01|02|03).cern.ch|/DC=ch/DC=cern/OU=computers/CN=stefanov(m|m2).cern.ch|/DC=ch/DC=cern/OU=computers/CN=dciangot-tw.cern.ch
  timeleft: 493:12:34  (20.6 days)

 error: 
 retcode : 0
DEBUG 2024-02-21 22:28:53.719 UTC: 	 Myproxy is valid: 1775520
DEBUG 2024-02-21 22:28:53.719 UTC: 	 Result of myproxy credential check:
  Credential exists on myproxy: username: db438794163ae221c16ac5cdc1e476b2bc2ff634  - validity: 20 days, 13:12:00
DEBUG 2024-02-21 22:28:53.719 UTC: 	 Command use: submit
DEBUG 2024-02-21 22:28:53.719 UTC: 	 Options use: ['-c', 'CRAB_stream_6.py']
DEBUG 2024-02-21 22:28:53.719 UTC: 	 Encoded data for curl request: subresource=version
DEBUG 2024-02-21 22:28:53.900 UTC: 	 CRABClient version: v3.240110
DEBUG 2024-02-21 22:28:53.900 UTC: 	 Instance is prod
DEBUG 2024-02-21 22:28:53.900 UTC: 	 Server base url is cmsweb.cern.ch
DEBUG 2024-02-21 22:28:53.900 UTC: 	 Command api workflow
DEBUG 2024-02-21 22:28:53.900 UTC: 	 Started submission
DEBUG 2024-02-21 22:28:53.900 UTC: 	 Working on /lustrehome/mbuonsante/B_4mu/CMSSW_13_0_13/src/B4muNtuplizer/CrabSubmission/2023_eraC-v2/crab_projects/crab_SkimB4Mu_2023eraC-v2_stream6_Mini
DEBUG 2024-02-21 22:28:53.900 UTC: 	 Encoded data for curl request: subresource=backendurls
DEBUG 2024-02-21 22:28:54.133 UTC: 	 Loading required information from the environment
DEBUG 2024-02-21 22:28:54.133 UTC: 	 Found CMSSW_13_0_13 for slc7_amd64_gcc11 with base /lustrehome/mbuonsante/B_4mu/CMSSW_13_0_13
DEBUG 2024-02-21 22:28:54.133 UTC: 	 Loading required information from the environment
DEBUG 2024-02-21 22:28:54.133 UTC: 	 Found CMSSW_13_0_13 for slc7_amd64_gcc11 with base /lustrehome/mbuonsante/B_4mu/CMSSW_13_0_13
DEBUG 2024-02-21 22:28:54.133 UTC: 	 UNIQUE NAME: tarUUID a59a04da-7773-4a52-a0b8-15f5559451bd 
DEBUG 2024-02-21 22:28:54.133 UTC: 	 self.config: from WMCore.Configuration import Configuration
config = Configuration()
config.section_('General')
config.General.requestName = 'SkimB4Mu_2023eraC-v2_stream6_Mini'
config.General.transferLogs = False
config.General.transferOutputs = True
config.General.workArea = 'crab_projects'
config.section_('JobType')
config.JobType.pluginName = 'Analysis'
config.JobType.psetName = '/lustrehome/mbuonsante/B_4mu/CMSSW_13_0_13/src/B4muNtuplizer/CrabSubmission/2023_eraC-v2/PatAndTree_cfg.py'
config.JobType.allowUndistributedCMSSW = True
config.section_('Data')
config.Data.lumiMask = 'https://cms-service-dqmdc.web.cern.ch/CAF/certification/Collisions23/Cert_Collisions2023_eraC_367095_368823_Golden.json'
config.Data.inputDBS = 'global'
config.Data.inputDataset = '/ParkingDoubleMuonLowMass6/Run2023C-22Sep2023_v2-v1/MINIAOD'
config.Data.splitting = 'LumiBased'
config.Data.allowNonValidInputDataset = True
config.Data.unitsPerJob = 50
config.Data.outputDatasetTag = 'SkimB4Mu_2023eraC-v2_stream6_Mini'
config.section_('Site')
config.Site.ignoreGlobalBlacklist = True
config.Site.storageSite = 'T2_IT_Bari'
config.section_('User')
config.section_('Debug')

DEBUG 2024-02-21 22:28:54.133 UTC: 	 self.config.JobType.psetName: /lustrehome/mbuonsante/B_4mu/CMSSW_13_0_13/src/B4muNtuplizer/CrabSubmission/2023_eraC-v2/PatAndTree_cfg.py
INFO 2024-02-21 22:28:54.133 UTC: 	 Importing CMSSW configuration /lustrehome/mbuonsante/B_4mu/CMSSW_13_0_13/src/B4muNtuplizer/CrabSubmission/2023_eraC-v2/PatAndTree_cfg.py
INFO 2024-02-21 22:28:55.875 UTC: 	 Finished importing CMSSW configuration /lustrehome/mbuonsante/B_4mu/CMSSW_13_0_13/src/B4muNtuplizer/CrabSubmission/2023_eraC-v2/PatAndTree_cfg.py
DEBUG 2024-02-21 22:28:55.875 UTC: 	 Writing CMSSW configuration to /lustrehome/mbuonsante/B_4mu/CMSSW_13_0_13/src/B4muNtuplizer/CrabSubmission/2023_eraC-v2/crab_projects/crab_SkimB4Mu_2023eraC-v2_stream6_Mini/inputs/PSet.py
DEBUG 2024-02-21 22:28:55.976 UTC: 	 The following EDM output files will be collected: []
DEBUG 2024-02-21 22:28:55.976 UTC: 	 The following TFile output files will be collected: ['TreeData.root']
DEBUG 2024-02-21 22:28:55.976 UTC: 	 The following user output files (not listed as PoolOuputModule or TFileService in the CMSSW PSet) will be collected: 
DEBUG 2024-02-21 22:28:55.976 UTC: 	 Loading required information from the environment
DEBUG 2024-02-21 22:28:55.976 UTC: 	 Found CMSSW_13_0_13 for slc7_amd64_gcc11 with base /lustrehome/mbuonsante/B_4mu/CMSSW_13_0_13
DEBUG 2024-02-21 22:28:55.976 UTC: 	 Making tarball in /lustrehome/mbuonsante/B_4mu/CMSSW_13_0_13/src/B4muNtuplizer/CrabSubmission/2023_eraC-v2/crab_projects/crab_SkimB4Mu_2023eraC-v2_stream6_Mini/inputs/a59a04da-7773-4a52-a0b8-15f5559451bddefault.tgz
DEBUG 2024-02-21 22:28:55.977 UTC: 	 Checking directory /lustrehome/mbuonsante/B_4mu/CMSSW_13_0_13/bin
DEBUG 2024-02-21 22:28:55.977 UTC: 	 Adding directory /lustrehome/mbuonsante/B_4mu/CMSSW_13_0_13/bin to tarball
DEBUG 2024-02-21 22:28:55.979 UTC: 	 Checking directory /lustrehome/mbuonsante/B_4mu/CMSSW_13_0_13/python
DEBUG 2024-02-21 22:28:55.979 UTC: 	 Adding directory /lustrehome/mbuonsante/B_4mu/CMSSW_13_0_13/python to tarball
DEBUG 2024-02-21 22:28:56.027 UTC: 	 Checking directory /lustrehome/mbuonsante/B_4mu/CMSSW_13_0_13/cfipython
DEBUG 2024-02-21 22:28:56.027 UTC: 	 Adding directory /lustrehome/mbuonsante/B_4mu/CMSSW_13_0_13/cfipython to tarball
DEBUG 2024-02-21 22:28:56.034 UTC: 	 Checking directory /lustrehome/mbuonsante/B_4mu/CMSSW_13_0_13/lib
DEBUG 2024-02-21 22:28:56.034 UTC: 	 Adding directory /lustrehome/mbuonsante/B_4mu/CMSSW_13_0_13/lib to tarball
DEBUG 2024-02-21 22:28:56.476 UTC: 	 Checking directory /lustrehome/mbuonsante/B_4mu/CMSSW_13_0_13/biglib
DEBUG 2024-02-21 22:28:56.476 UTC: 	 Adding directory /lustrehome/mbuonsante/B_4mu/CMSSW_13_0_13/biglib to tarball
DEBUG 2024-02-21 22:28:56.477 UTC: 	 Checking directory /lustrehome/mbuonsante/B_4mu/CMSSW_13_0_13/module
DEBUG 2024-02-21 22:28:56.477 UTC: 	 Checking directory /lustrehome/mbuonsante/B_4mu/CMSSW_13_0_13/config/SCRAM/hooks
DEBUG 2024-02-21 22:28:56.477 UTC: 	 Adding directory /lustrehome/mbuonsante/B_4mu/CMSSW_13_0_13/config/SCRAM/hooks to tarball
DEBUG 2024-02-21 22:28:56.498 UTC: 	 Adding directory /lustrehome/mbuonsante/B_4mu/CMSSW_13_0_13/src/B4muNtuplizer/SkimTools/python to tarball
DEBUG 2024-02-21 22:28:56.508 UTC: 	 Adding directory /lustrehome/mbuonsante/B_4mu/CMSSW_13_0_13/src/CommonTools/CandAlgos/interface to tarball
DEBUG 2024-02-21 22:28:56.513 UTC: 	 Adding directory /lustrehome/mbuonsante/B_4mu/CMSSW_13_0_13/src/CommonTools/CandAlgos/python to tarball
DEBUG 2024-02-21 22:28:56.709 UTC: 	 Uploading archive /lustrehome/mbuonsante/B_4mu/CMSSW_13_0_13/src/B4muNtuplizer/CrabSubmission/2023_eraC-v2/crab_projects/crab_SkimB4Mu_2023eraC-v2_stream6_Mini/inputs/a59a04da-7773-4a52-a0b8-15f5559451bddefault.tgz (0.644531.1 MB) to the CRAB cache. Using URI https://cmsweb.cern.ch/S3/crabcache_prod
DEBUG 2024-02-21 22:28:57.128 UTC: 	 Encoded data for curl request: subresource=upload&objecttype=sandbox&tarballname=c21f585968b676319b78458a8dfff0d78967d784c1d5d78343c5cdc38d3be0e5.tar.gz
DEBUG 2024-02-21 22:28:57.322 UTC: 	 sandbox c21f585968b676319b78458a8dfff0d78967d784c1d5d78343c5cdc38d3be0e5.tar.gz is already in the S3 store, will not upload again
DEBUG 2024-02-21 22:28:57.322 UTC: 	 Loading required information from the environment
DEBUG 2024-02-21 22:28:57.322 UTC: 	 Found CMSSW_13_0_13 for slc7_amd64_gcc11 with base /lustrehome/mbuonsante/B_4mu/CMSSW_13_0_13
DEBUG 2024-02-21 22:28:57.323 UTC: 	 Making tarball in /lustrehome/mbuonsante/B_4mu/CMSSW_13_0_13/src/B4muNtuplizer/CrabSubmission/2023_eraC-v2/crab_projects/crab_SkimB4Mu_2023eraC-v2_stream6_Mini/inputs/debugFiles.tgz
DEBUG 2024-02-21 22:28:57.327 UTC: 	 Uploading archive /lustrehome/mbuonsante/B_4mu/CMSSW_13_0_13/src/B4muNtuplizer/CrabSubmission/2023_eraC-v2/crab_projects/crab_SkimB4Mu_2023eraC-v2_stream6_Mini/inputs/debugFiles.tgz (2 KB) to the CRAB cache. Using URI https://cmsweb.cern.ch/S3/crabcache_prod
DEBUG 2024-02-21 22:28:57.330 UTC: 	 Encoded data for curl request: subresource=upload&objecttype=sandbox&tarballname=aaf78151597973de88cd821abbe381c9c3165b9cd1d92ced22e076ef155a08d6.tar.gz
DEBUG 2024-02-21 22:28:57.530 UTC: 	 Will execute:
curl -f -v -X POST  -H "User-Agent: CRAB" -F "key=mbuonsan/sandboxes/aaf78151597973de88cd821abbe381c9c3165b9cd1d92ced22e076ef155a08d6.tar.gz" -F "AWSAccessKeyId=ab00fcc889f248c495d2875f15a3badb" -F "policy=eyJleHBpcmF0aW9uIjogIjIwMjQtMDItMjFUMjM6Mjg6NTdaIiwgImNvbmRpdGlvbnMiOiBbeyJidWNrZXQiOiAiY3JhYmNhY2hlX3Byb2QifSwgeyJrZXkiOiAibWJ1b25zYW4vc2FuZGJveGVzL2FhZjc4MTUxNTk3OTczZGU4OGNkODIxYWJiZTM4MWM5YzMxNjViOWNkMWQ5MmNlZDIyZTA3NmVmMTU1YTA4ZDYudGFyLmd6In1dfQ==" -F "signature=weLp6xcDqtGoLYq4fU4v4wRJeXs=" -F "file=@/lustrehome/mbuonsante/B_4mu/CMSSW_13_0_13/src/B4muNtuplizer/CrabSubmission/2023_eraC-v2/crab_projects/crab_SkimB4Mu_2023eraC-v2_stream6_Mini/inputs/debugFiles.tgz" "https://s3.cern.ch/crabcache_prod"
DEBUG 2024-02-21 22:28:57.685 UTC: 	 exitcode: 0
stdout: b''
DEBUG 2024-02-21 22:28:57.685 UTC: 	 sandbox /lustrehome/mbuonsante/B_4mu/CMSSW_13_0_13/src/B4muNtuplizer/CrabSubmission/2023_eraC-v2/crab_projects/crab_SkimB4Mu_2023eraC-v2_stream6_Mini/inputs/debugFiles.tgz successully uploaded to S3
DEBUG 2024-02-21 22:28:57.685 UTC: 	 Result uploading input files: c21f585968b676319b78458a8dfff0d78967d784c1d5d78343c5cdc38d3be0e5.tar.gz 
DEBUG 2024-02-21 22:28:57.685 UTC: 	 Attaching lumi mask https://cms-service-dqmdc.web.cern.ch/CAF/certification/Collisions23/Cert_Collisions2023_eraC_367095_368823_Golden.json to the request
DEBUG 2024-02-21 22:28:57.686 UTC: 	 Downloading lumi-mask from https://cms-service-dqmdc.web.cern.ch/CAF/certification/Collisions23/Cert_Collisions2023_eraC_367095_368823_Golden.json
WARNING 2024-02-21 22:28:57.879 UTC: 	 Warning: The following output files will not be published, as they are not EDM files: ['TreeData.root']
DEBUG 2024-02-21 22:28:57.879 UTC: 	 submit() - self.configuration from WMCore.Configuration import Configuration
config = Configuration()
config.section_('General')
config.General.requestName = 'SkimB4Mu_2023eraC-v2_stream6_Mini'
config.General.transferLogs = False
config.General.transferOutputs = True
config.General.workArea = 'crab_projects'
config.section_('JobType')
config.JobType.pluginName = 'Analysis'
config.JobType.psetName = '/lustrehome/mbuonsante/B_4mu/CMSSW_13_0_13/src/B4muNtuplizer/CrabSubmission/2023_eraC-v2/PatAndTree_cfg.py'
config.JobType.allowUndistributedCMSSW = True
config.section_('Data')
config.Data.lumiMask = 'https://cms-service-dqmdc.web.cern.ch/CAF/certification/Collisions23/Cert_Collisions2023_eraC_367095_368823_Golden.json'
config.Data.inputDBS = 'global'
config.Data.inputDataset = '/ParkingDoubleMuonLowMass6/Run2023C-22Sep2023_v2-v1/MINIAOD'
config.Data.splitting = 'LumiBased'
config.Data.allowNonValidInputDataset = True
config.Data.unitsPerJob = 50
config.Data.outputDatasetTag = 'SkimB4Mu_2023eraC-v2_stream6_Mini'
config.section_('Site')
config.Site.ignoreGlobalBlacklist = True
config.Site.storageSite = 'T2_IT_Bari'
config.section_('User')
config.section_('Debug')

DEBUG 2024-02-21 22:28:57.879 UTC: 	 submit() - self.configreq {'dryrun': 0, 'workflow': 'crab_SkimB4Mu_2023eraC-v2_stream6_Mini', 'saveoutput': 1, 'savelogsflag': 0, 'inputdata': '/ParkingDoubleMuonLowMass6/Run2023C-22Sep2023_v2-v1/MINIAOD', 'primarydataset': '', 'nonvaliddata': 1, 'userfiles': [], 'dbsurl': 'https://cmsweb.cern.ch/dbs/prod/global/DBSReader', 'useparent': 0, 'ignorelocality': 0, 'splitalgo': 'LumiBased', 'algoargs': 50, 'totalunits': 0, 'publication': 1, 'publishdbsurl': 'https://cmsweb.cern.ch/dbs/prod/phys03/DBSWriter', 'publishname2': 'SkimB4Mu_2023eraC-v2_stream6_Mini', 'jobtype': 'Analysis', 'generator': 'pythia', 'addoutputfiles': [], 'maxjobruntime': 1250, 'numcores': 1, 'maxmemory': 2000, 'priority': 10, 'nonprodsw': 1, 'asyncdest': 'T2_IT_Bari', 'requireaccelerator': 0, 'oneEventMode': 0, 'extrajdl': [], 'ignoreglobalblacklist': 1, 'partialdataset': 0, 'inputblocks': []}
DEBUG 2024-02-21 22:28:57.879 UTC: 	 submit() - jobconfig {'addoutputfiles': [], 'tfileoutfiles': ['TreeData.root'], 'edmoutfiles': [], 'jobarch': 'slc7_amd64_gcc11', 'jobsw': 'CMSSW_13_0_13', 'inputdata': '/ParkingDoubleMuonLowMass6/Run2023C-22Sep2023_v2-v1/MINIAOD', 'cacheurl': 'https://cmsweb.cern.ch/S3/crabcache_prod', 'cachefilename': 'c21f585968b676319b78458a8dfff0d78967d784c1d5d78343c5cdc38d3be0e5.tar.gz', 'debugfilename': 'aaf78151597973de88cd821abbe381c9c3165b9cd1d92ced22e076ef155a08d6.tar.gz', 'runs': ['367095', '367100', '367102', '367103', '367104', '367111', '367112', '367127', '367128', '367129', '367130', '367131', '367133', '367228', '367229', '367230', '367231', '367232', '367234', '367260', '367262', '367263', '367264', '367267', '367269', '367270', '367271', '367312', '367314', '367315', '367334', '367336', '367337', '367355', '367406', '367413', '367415', '367416', '367475', '367477', '367515', '367516', '367552', '367553', '367554', '367615', '367618', '367619', '367661', '367662', '367663', '367665', '367666', '367691', '367696', '367699', '367730', '367742', '367758', '367770', '367771', '367772', '367790', '367831', '367836', '367838', '367840', '367881', '367883', '367884', '367902', '367904', '367905', '367906', '367907', '367908', '367910', '368223', '368224', '368229', '368318', '368320', '368321', '368332', '368333', '368343', '368382', '368384', '368388', '368389', '368400', '368410', '368412', '368423', '368451', '368453', '368454', '368489', '368546', '368547', '368548', '368566', '368567', '368609', '368611', '368613', '368636', '368669', '368670', '368672', '368674', '368675', '368676', '368678', '368684', '368685', '368723', '368724', '368746', '368749', '368753', '368762', '368764', '368765', '368822', '368823'], 'lumis': ['1,564', '45,390', '1,75', '1,64', '1,1082', '51,338', '1,1438', '18,350', '1,2,6,6,11,12,14,15', '1,3', '1,2,6,9,13,126,135,167', '1,149', '1,275', '55,280,285,287,292,294,298,304', '1,34', '1,1', '1,22', '1,996', '1,501', '52,69,72,240', '1,42,49,119,123,271', '10,21', '1,847', '45,322', '1,33', '1,961', '1,135', '53,225,227,269', '1,20', '1,893', '26,324', '1,169', '1,1046', '60,63', '48,476', '68,448,450,467,469,746,748,750,752,898,900,1340,1342,1367', '1,97', '1,55', '56,634', '1,1289', '44,668', '1,1236', '49,59', '1,644', '1,312', '53,484', '18,341', '1,300,302,501,503,579', '50,366', '1,18', '1,1', '1,271', '1,11,16,86', '46,204', '1,856,858,1920', '1,151', '48,562', '39,443', '52,767', '47,198', '1,91', '1,6', '1,160', '53,504', '48,588', '1,793', '1,570', '14,152', '1,1050', '1,1011', '42,273', '1,103', '1,48', '1,344', '1,119', '1,358', '1,593', '45,437,445,487', '1,57', '52,569', '37,319', '1,285', '1,337', '1,14', '1,25', '1,328', '37,792', '1,44', '39,444,448,1431,1434,1472', '1,198', '40,271', '49,1501', '1,92', '42,159,161,516', '1,144', '1,5', '1,68,72,1168', '47,791,793,827,829,863,865,899,901,935,937,971,973,1007,1009,1043,1045,1079,1081,1280,1282,1380,1382,1581,1583,1595', '1,659', '1,194,197,702', '1,75,77,86,89,90,93,280,282,1044', '1,1195', '1,31,33,411,414,436', '41,1039', '1,247,249,382', '1,260', '51,819', '42,410', '1,255,306,308', '1,866', '1,12', '1,50', '1,156', '1,171', '40,135', '1,1481', '63,63,97,188', '1,1200', '39,77', '1,169', '1,976', '45,238', '1,1', '1,1386', '45,330,332,908,910,991', '3,35'], 'jobtype': 'Analysis'}
INFO 2024-02-21 22:28:57.879 UTC: 	 Sending the request to the server at cmsweb.cern.ch
DEBUG 2024-02-21 22:28:57.879 UTC: 	 Submitting {'dryrun': 0, 'workflow': 'crab_SkimB4Mu_2023eraC-v2_stream6_Mini', 'saveoutput': 1, 'savelogsflag': 0, 'inputdata': '/ParkingDoubleMuonLowMass6/Run2023C-22Sep2023_v2-v1/MINIAOD', 'primarydataset': '', 'nonvaliddata': 1, 'userfiles': [], 'dbsurl': 'https://cmsweb.cern.ch/dbs/prod/global/DBSReader', 'useparent': 0, 'ignorelocality': 0, 'splitalgo': 'LumiBased', 'algoargs': 50, 'totalunits': 0, 'publication': 1, 'publishdbsurl': 'https://cmsweb.cern.ch/dbs/prod/phys03/DBSWriter', 'publishname2': 'SkimB4Mu_2023eraC-v2_stream6_Mini', 'jobtype': 'Analysis', 'generator': 'pythia', 'addoutputfiles': [], 'maxjobruntime': 1250, 'numcores': 1, 'maxmemory': 2000, 'priority': 10, 'nonprodsw': 1, 'asyncdest': 'T2_IT_Bari', 'requireaccelerator': 0, 'oneEventMode': 0, 'extrajdl': [], 'ignoreglobalblacklist': 1, 'partialdataset': 0, 'inputblocks': [], 'tfileoutfiles': ['TreeData.root'], 'edmoutfiles': [], 'jobarch': 'slc7_amd64_gcc11', 'jobsw': 'CMSSW_13_0_13', 'cacheurl': 'https://cmsweb.cern.ch/S3/crabcache_prod', 'cachefilename': 'c21f585968b676319b78458a8dfff0d78967d784c1d5d78343c5cdc38d3be0e5.tar.gz', 'debugfilename': 'aaf78151597973de88cd821abbe381c9c3165b9cd1d92ced22e076ef155a08d6.tar.gz', 'runs': ['367095', '367100', '367102', '367103', '367104', '367111', '367112', '367127', '367128', '367129', '367130', '367131', '367133', '367228', '367229', '367230', '367231', '367232', '367234', '367260', '367262', '367263', '367264', '367267', '367269', '367270', '367271', '367312', '367314', '367315', '367334', '367336', '367337', '367355', '367406', '367413', '367415', '367416', '367475', '367477', '367515', '367516', '367552', '367553', '367554', '367615', '367618', '367619', '367661', '367662', '367663', '367665', '367666', '367691', '367696', '367699', '367730', '367742', '367758', '367770', '367771', '367772', '367790', '367831', '367836', '367838', '367840', '367881', '367883', '367884', '367902', '367904', '367905', '367906', '367907', '367908', '367910', '368223', '368224', '368229', '368318', '368320', '368321', '368332', '368333', '368343', '368382', '368384', '368388', '368389', '368400', '368410', '368412', '368423', '368451', '368453', '368454', '368489', '368546', '368547', '368548', '368566', '368567', '368609', '368611', '368613', '368636', '368669', '368670', '368672', '368674', '368675', '368676', '368678', '368684', '368685', '368723', '368724', '368746', '368749', '368753', '368762', '368764', '368765', '368822', '368823'], 'lumis': ['1,564', '45,390', '1,75', '1,64', '1,1082', '51,338', '1,1438', '18,350', '1,2,6,6,11,12,14,15', '1,3', '1,2,6,9,13,126,135,167', '1,149', '1,275', '55,280,285,287,292,294,298,304', '1,34', '1,1', '1,22', '1,996', '1,501', '52,69,72,240', '1,42,49,119,123,271', '10,21', '1,847', '45,322', '1,33', '1,961', '1,135', '53,225,227,269', '1,20', '1,893', '26,324', '1,169', '1,1046', '60,63', '48,476', '68,448,450,467,469,746,748,750,752,898,900,1340,1342,1367', '1,97', '1,55', '56,634', '1,1289', '44,668', '1,1236', '49,59', '1,644', '1,312', '53,484', '18,341', '1,300,302,501,503,579', '50,366', '1,18', '1,1', '1,271', '1,11,16,86', '46,204', '1,856,858,1920', '1,151', '48,562', '39,443', '52,767', '47,198', '1,91', '1,6', '1,160', '53,504', '48,588', '1,793', '1,570', '14,152', '1,1050', '1,1011', '42,273', '1,103', '1,48', '1,344', '1,119', '1,358', '1,593', '45,437,445,487', '1,57', '52,569', '37,319', '1,285', '1,337', '1,14', '1,25', '1,328', '37,792', '1,44', '39,444,448,1431,1434,1472', '1,198', '40,271', '49,1501', '1,92', '42,159,161,516', '1,144', '1,5', '1,68,72,1168', '47,791,793,827,829,863,865,899,901,935,937,971,973,1007,1009,1043,1045,1079,1081,1280,1282,1380,1382,1581,1583,1595', '1,659', '1,194,197,702', '1,75,77,86,89,90,93,280,282,1044', '1,1195', '1,31,33,411,414,436', '41,1039', '1,247,249,382', '1,260', '51,819', '42,410', '1,255,306,308', '1,866', '1,12', '1,50', '1,156', '1,171', '40,135', '1,1481', '63,63,97,188', '1,1200', '39,77', '1,169', '1,976', '45,238', '1,1', '1,1386', '45,330,332,908,910,991', '3,35']} 
DEBUG 2024-02-21 22:28:57.881 UTC: 	 Encoded data for curl request: dryrun=0&workflow=crab_SkimB4Mu_2023eraC-v2_stream6_Mini&saveoutput=1&savelogsflag=0&inputdata=%2FParkingDoubleMuonLowMass6%2FRun2023C-22Sep2023_v2-v1%2FMINIAOD&primarydataset=&nonvaliddata=1&dbsurl=https%3A%2F%2Fcmsweb.cern.ch%2Fdbs%2Fprod%2Fglobal%2FDBSReader&useparent=0&ignorelocality=0&splitalgo=LumiBased&algoargs=50&totalunits=0&publication=1&publishdbsurl=https%3A%2F%2Fcmsweb.cern.ch%2Fdbs%2Fprod%2Fphys03%2FDBSWriter&publishname2=SkimB4Mu_2023eraC-v2_stream6_Mini&jobtype=Analysis&generator=pythia&maxjobruntime=1250&numcores=1&maxmemory=2000&priority=10&nonprodsw=1&asyncdest=T2_IT_Bari&requireaccelerator=0&oneEventMode=0&ignoreglobalblacklist=1&partialdataset=0&jobarch=slc7_amd64_gcc11&jobsw=CMSSW_13_0_13&cacheurl=https%3A%2F%2Fcmsweb.cern.ch%2FS3%2Fcrabcache_prod&cachefilename=c21f585968b676319b78458a8dfff0d78967d784c1d5d78343c5cdc38d3be0e5.tar.gz&debugfilename=aaf78151597973de88cd821abbe381c9c3165b9cd1d92ced22e076ef155a08d6.tar.gz&tfileoutfiles=TreeData.root&runs=367095&runs=367100&runs=367102&runs=367103&runs=367104&runs=367111&runs=367112&runs=367127&runs=367128&runs=367129&runs=367130&runs=367131&runs=367133&runs=367228&runs=367229&runs=367230&runs=367231&runs=367232&runs=367234&runs=367260&runs=367262&runs=367263&runs=367264&runs=367267&runs=367269&runs=367270&runs=367271&runs=367312&runs=367314&runs=367315&runs=367334&runs=367336&runs=367337&runs=367355&runs=367406&runs=367413&runs=367415&runs=367416&runs=367475&runs=367477&runs=367515&runs=367516&runs=367552&runs=367553&runs=367554&runs=367615&runs=367618&runs=367619&runs=367661&runs=367662&runs=367663&runs=367665&runs=367666&runs=367691&runs=367696&runs=367699&runs=367730&runs=367742&runs=367758&runs=367770&runs=367771&runs=367772&runs=367790&runs=367831&runs=367836&runs=367838&runs=367840&runs=367881&runs=367883&runs=367884&runs=367902&runs=367904&runs=367905&runs=367906&runs=367907&runs=367908&runs=367910&runs=368223&runs=368224&runs=368229&runs=368318&runs=368320&runs=368321&runs=368332&runs=368333&runs=368343&runs=368382&runs=368384&runs=368388&runs=368389&runs=368400&runs=368410&runs=368412&runs=368423&runs=368451&runs=368453&runs=368454&runs=368489&runs=368546&runs=368547&runs=368548&runs=368566&runs=368567&runs=368609&runs=368611&runs=368613&runs=368636&runs=368669&runs=368670&runs=368672&runs=368674&runs=368675&runs=368676&runs=368678&runs=368684&runs=368685&runs=368723&runs=368724&runs=368746&runs=368749&runs=368753&runs=368762&runs=368764&runs=368765&runs=368822&runs=368823&lumis=1%2C564&lumis=45%2C390&lumis=1%2C75&lumis=1%2C64&lumis=1%2C1082&lumis=51%2C338&lumis=1%2C1438&lumis=18%2C350&lumis=1%2C2%2C6%2C6%2C11%2C12%2C14%2C15&lumis=1%2C3&lumis=1%2C2%2C6%2C9%2C13%2C126%2C135%2C167&lumis=1%2C149&lumis=1%2C275&lumis=55%2C280%2C285%2C287%2C292%2C294%2C298%2C304&lumis=1%2C34&lumis=1%2C1&lumis=1%2C22&lumis=1%2C996&lumis=1%2C501&lumis=52%2C69%2C72%2C240&lumis=1%2C42%2C49%2C119%2C123%2C271&lumis=10%2C21&lumis=1%2C847&lumis=45%2C322&lumis=1%2C33&lumis=1%2C961&lumis=1%2C135&lumis=53%2C225%2C227%2C269&lumis=1%2C20&lumis=1%2C893&lumis=26%2C324&lumis=1%2C169&lumis=1%2C1046&lumis=60%2C63&lumis=48%2C476&lumis=68%2C448%2C450%2C467%2C469%2C746%2C748%2C750%2C752%2C898%2C900%2C1340%2C1342%2C1367&lumis=1%2C97&lumis=1%2C55&lumis=56%2C634&lumis=1%2C1289&lumis=44%2C668&lumis=1%2C1236&lumis=49%2C59&lumis=1%2C644&lumis=1%2C312&lumis=53%2C484&lumis=18%2C341&lumis=1%2C300%2C302%2C501%2C503%2C579&lumis=50%2C366&lumis=1%2C18&lumis=1%2C1&lumis=1%2C271&lumis=1%2C11%2C16%2C86&lumis=46%2C204&lumis=1%2C856%2C858%2C1920&lumis=1%2C151&lumis=48%2C562&lumis=39%2C443&lumis=52%2C767&lumis=47%2C198&lumis=1%2C91&lumis=1%2C6&lumis=1%2C160&lumis=53%2C504&lumis=48%2C588&lumis=1%2C793&lumis=1%2C570&lumis=14%2C152&lumis=1%2C1050&lumis=1%2C1011&lumis=42%2C273&lumis=1%2C103&lumis=1%2C48&lumis=1%2C344&lumis=1%2C119&lumis=1%2C358&lumis=1%2C593&lumis=45%2C437%2C445%2C487&lumis=1%2C57&lumis=52%2C569&lumis=37%2C319&lumis=1%2C285&lumis=1%2C337&lumis=1%2C14&lumis=1%2C25&lumis=1%2C328&lumis=37%2C792&lumis=1%2C44&lumis=39%2C444%2C448%2C1431%2C1434%2C1472&lumis=1%2C198&lumis=40%2C271&lumis=49%2C1501&lumis=1%2C92&lumis=42%2C159%2C161%2C516&lumis=1%2C144&lumis=1%2C5&lumis=1%2C68%2C72%2C1168&lumis=47%2C791%2C793%2C827%2C829%2C863%2C865%2C899%2C901%2C935%2C937%2C971%2C973%2C1007%2C1009%2C1043%2C1045%2C1079%2C1081%2C1280%2C1282%2C1380%2C1382%2C1581%2C1583%2C1595&lumis=1%2C659&lumis=1%2C194%2C197%2C702&lumis=1%2C75%2C77%2C86%2C89%2C90%2C93%2C280%2C282%2C1044&lumis=1%2C1195&lumis=1%2C31%2C33%2C411%2C414%2C436&lumis=41%2C1039&lumis=1%2C247%2C249%2C382&lumis=1%2C260&lumis=51%2C819&lumis=42%2C410&lumis=1%2C255%2C306%2C308&lumis=1%2C866&lumis=1%2C12&lumis=1%2C50&lumis=1%2C156&lumis=1%2C171&lumis=40%2C135&lumis=1%2C1481&lumis=63%2C63%2C97%2C188&lumis=1%2C1200&lumis=39%2C77&lumis=1%2C169&lumis=1%2C976&lumis=45%2C238&lumis=1%2C1&lumis=1%2C1386&lumis=45%2C330%2C332%2C908%2C910%2C991&lumis=3%2C35
DEBUG 2024-02-21 22:28:58.081 UTC: 	 Result: {'result': [{'RequestName': '240221_222858:mbuonsan_crab_SkimB4Mu_2023eraC-v2_stream6_Mini'}]}
INFO 2024-02-21 22:28:58.082 UTC: 	 Success: Your task has been delivered to the prod CRAB3 server.
INFO 2024-02-21 22:28:58.082 UTC: 	 Task name: 240221_222858:mbuonsan_crab_SkimB4Mu_2023eraC-v2_stream6_Mini
INFO 2024-02-21 22:28:58.083 UTC: 	 Project dir: crab_projects/crab_SkimB4Mu_2023eraC-v2_stream6_Mini
INFO 2024-02-21 22:28:58.083 UTC: 	 Please use ' crab status -d crab_projects/crab_SkimB4Mu_2023eraC-v2_stream6_Mini ' to check how the submission process proceeds.
DEBUG 2024-02-21 22:28:58.083 UTC: 	 About to return
INFO 2024-02-21 22:28:58.087 UTC: 	 Log file is /lustrehome/mbuonsante/B_4mu/CMSSW_13_0_13/src/B4muNtuplizer/CrabSubmission/2023_eraC-v2/crab_projects/crab_SkimB4Mu_2023eraC-v2_stream6_Mini/crab.log
DEBUG 2024-02-22 18:05:18.302 UTC: 	 CRAB Client version: v3.240110
DEBUG 2024-02-22 18:05:18.303 UTC: 	 Running on: Linux ui02.recas.ba.infn.it 3.10.0-1160.80.1.el7.x86_64 #1 SMP Tue Nov 8 15:48:59 UTC 2022 x86_64 x86_64 x86_64 GNU/Linux - CentOS Linux 7 (Core)
DEBUG 2024-02-22 18:05:18.303 UTC: 	 Executing command: 'resubmit'
DEBUG 2024-02-22 18:05:18.303 UTC: 	 Found CRAB cache file /lustrehome/mbuonsante/.crab3
DEBUG 2024-02-22 18:05:18.320 UTC: 	 Checking credentials
DEBUG 2024-02-22 18:05:18.320 UTC: 	 Found proxy file /tmp/x509up_u881331
DEBUG 2024-02-22 18:05:18.320 UTC: 	 Making sure it has proper VOMS extension
DEBUG 2024-02-22 18:05:18.320 UTC: 	 Executing command :
 voms-proxy-info --vo --file /tmp/x509up_u881331
DEBUG 2024-02-22 18:05:20.017 UTC: 	 output : cms

 error: 
 retcode : 0
DEBUG 2024-02-22 18:05:20.017 UTC: 	 Getting proxy life time left
DEBUG 2024-02-22 18:05:20.017 UTC: 	 Executing command :
 voms-proxy-info --actimeleft --timeleft --file /tmp/x509up_u881331
DEBUG 2024-02-22 18:05:21.539 UTC: 	 output : 408896
408895

 error: 
 retcode : 0
DEBUG 2024-02-22 18:05:21.539 UTC: 	 Proxy valid for 113:34:55 hours
DEBUG 2024-02-22 18:05:21.540 UTC: 	 Encoded data for curl request: subresource=delegatedn
DEBUG 2024-02-22 18:05:21.741 UTC: 	 Registering user credentials on myproxy for /DC=ch/DC=cern/OU=computers/CN=crab-(preprod|prod|dev)-tw(01|02|03).cern.ch|/DC=ch/DC=cern/OU=computers/CN=stefanov(m|m2).cern.ch|/DC=ch/DC=cern/OU=computers/CN=dciangot-tw.cern.ch
DEBUG 2024-02-22 18:05:21.742 UTC: 	 Executing command :
 voms-proxy-info --identity --file /tmp/x509up_u881331
DEBUG 2024-02-22 18:05:23.137 UTC: 	 output : /DC=ch/DC=cern/OU=Organic Units/OU=Users/CN=mbuonsan/CN=866052/CN=Marco Buonsante

 error: 
 retcode : 0
DEBUG 2024-02-22 18:05:23.137 UTC: 	 Getting myproxy life time left for db438794163ae221c16ac5cdc1e476b2bc2ff634
DEBUG 2024-02-22 18:05:23.137 UTC: 	 Executing command :
 myproxy-info -s myproxy.cern.ch -l db438794163ae221c16ac5cdc1e476b2bc2ff634
DEBUG 2024-02-22 18:05:23.502 UTC: 	 output : username: db438794163ae221c16ac5cdc1e476b2bc2ff634
owner: /DC=ch/DC=cern/OU=Organic Units/OU=Users/CN=mbuonsan/CN=866052/CN=Marco Buonsante
  renewal policy: /DC=ch/DC=cern/OU=computers/CN=crab-(preprod|prod|dev)-tw(01|02|03).cern.ch|/DC=ch/DC=cern/OU=computers/CN=stefanov(m|m2).cern.ch|/DC=ch/DC=cern/OU=computers/CN=dciangot-tw.cern.ch
  trusted retrieval policy: /DC=ch/DC=cern/OU=computers/CN=crab-(preprod|prod|dev)-tw(01|02|03).cern.ch|/DC=ch/DC=cern/OU=computers/CN=stefanov(m|m2).cern.ch|/DC=ch/DC=cern/OU=computers/CN=dciangot-tw.cern.ch
  timeleft: 473:36:04  (19.7 days)

 error: 
 retcode : 0
DEBUG 2024-02-22 18:05:23.502 UTC: 	 Myproxy is valid: 1704960
DEBUG 2024-02-22 18:05:23.502 UTC: 	 Result of myproxy credential check:
  Credential exists on myproxy: username: db438794163ae221c16ac5cdc1e476b2bc2ff634  - validity: 19 days, 17:36:00
DEBUG 2024-02-22 18:05:23.503 UTC: 	 Encoded data for curl request: subresource=search&workflow=240221_222858%3Ambuonsan_crab_SkimB4Mu_2023eraC-v2_stream6_Mini
DEBUG 2024-02-22 18:05:23.709 UTC: 	 Command use: resubmit
DEBUG 2024-02-22 18:05:23.709 UTC: 	 Options use: ['-d', 'crab_projects/crab_SkimB4Mu_2023eraC-v2_stream6_Mini']
DEBUG 2024-02-22 18:05:23.709 UTC: 	 Encoded data for curl request: subresource=version
DEBUG 2024-02-22 18:05:23.952 UTC: 	 CRABClient version: v3.240110
DEBUG 2024-02-22 18:05:23.952 UTC: 	 Instance is prod
DEBUG 2024-02-22 18:05:23.952 UTC: 	 Server base url is cmsweb.cern.ch
DEBUG 2024-02-22 18:05:23.952 UTC: 	 Command api workflow
DEBUG 2024-02-22 18:05:24.009 UTC: 	 CRAB Client version: v3.240110
DEBUG 2024-02-22 18:05:24.009 UTC: 	 Running on: Linux ui02.recas.ba.infn.it 3.10.0-1160.80.1.el7.x86_64 #1 SMP Tue Nov 8 15:48:59 UTC 2022 x86_64 x86_64 x86_64 GNU/Linux - CentOS Linux 7 (Core)
DEBUG 2024-02-22 18:05:24.009 UTC: 	 Executing command: 'status'
DEBUG 2024-02-22 18:05:24.009 UTC: 	 Found CRAB cache file /lustrehome/mbuonsante/.crab3
DEBUG 2024-02-22 18:05:24.015 UTC: 	 Checking credentials
DEBUG 2024-02-22 18:05:24.015 UTC: 	 Found proxy file /tmp/x509up_u881331
DEBUG 2024-02-22 18:05:24.015 UTC: 	 Making sure it has proper VOMS extension
DEBUG 2024-02-22 18:05:24.015 UTC: 	 Executing command :
 voms-proxy-info --vo --file /tmp/x509up_u881331
DEBUG 2024-02-22 18:05:25.773 UTC: 	 output : cms

 error: 
 retcode : 0
DEBUG 2024-02-22 18:05:25.773 UTC: 	 Getting proxy life time left
DEBUG 2024-02-22 18:05:25.773 UTC: 	 Executing command :
 voms-proxy-info --actimeleft --timeleft --file /tmp/x509up_u881331
DEBUG 2024-02-22 18:05:27.264 UTC: 	 output : 408890
408889

 error: 
 retcode : 0
DEBUG 2024-02-22 18:05:27.264 UTC: 	 Proxy valid for 113:34:49 hours
DEBUG 2024-02-22 18:05:27.264 UTC: 	 Encoded data for curl request: subresource=delegatedn
DEBUG 2024-02-22 18:05:27.438 UTC: 	 Registering user credentials on myproxy for /DC=ch/DC=cern/OU=computers/CN=crab-(preprod|prod|dev)-tw(01|02|03).cern.ch|/DC=ch/DC=cern/OU=computers/CN=stefanov(m|m2).cern.ch|/DC=ch/DC=cern/OU=computers/CN=dciangot-tw.cern.ch
DEBUG 2024-02-22 18:05:27.438 UTC: 	 Executing command :
 voms-proxy-info --identity --file /tmp/x509up_u881331
DEBUG 2024-02-22 18:05:28.707 UTC: 	 output : /DC=ch/DC=cern/OU=Organic Units/OU=Users/CN=mbuonsan/CN=866052/CN=Marco Buonsante

 error: 
 retcode : 0
DEBUG 2024-02-22 18:05:28.707 UTC: 	 Getting myproxy life time left for db438794163ae221c16ac5cdc1e476b2bc2ff634
DEBUG 2024-02-22 18:05:28.707 UTC: 	 Executing command :
 myproxy-info -s myproxy.cern.ch -l db438794163ae221c16ac5cdc1e476b2bc2ff634
DEBUG 2024-02-22 18:05:29.089 UTC: 	 output : username: db438794163ae221c16ac5cdc1e476b2bc2ff634
owner: /DC=ch/DC=cern/OU=Organic Units/OU=Users/CN=mbuonsan/CN=866052/CN=Marco Buonsante
  renewal policy: /DC=ch/DC=cern/OU=computers/CN=crab-(preprod|prod|dev)-tw(01|02|03).cern.ch|/DC=ch/DC=cern/OU=computers/CN=stefanov(m|m2).cern.ch|/DC=ch/DC=cern/OU=computers/CN=dciangot-tw.cern.ch
  trusted retrieval policy: /DC=ch/DC=cern/OU=computers/CN=crab-(preprod|prod|dev)-tw(01|02|03).cern.ch|/DC=ch/DC=cern/OU=computers/CN=stefanov(m|m2).cern.ch|/DC=ch/DC=cern/OU=computers/CN=dciangot-tw.cern.ch
  timeleft: 473:35:58  (19.7 days)

 error: 
 retcode : 0
DEBUG 2024-02-22 18:05:29.089 UTC: 	 Myproxy is valid: 1704900
DEBUG 2024-02-22 18:05:29.089 UTC: 	 Result of myproxy credential check:
  Credential exists on myproxy: username: db438794163ae221c16ac5cdc1e476b2bc2ff634  - validity: 19 days, 17:35:00
DEBUG 2024-02-22 18:05:29.089 UTC: 	 Retrieving username ...
DEBUG 2024-02-22 18:05:29.089 UTC: 	 Retrieving username from CRIC...
DEBUG 2024-02-22 18:05:30.091 UTC: 	 username is mbuonsan
INFO 2024-02-22 18:05:31.420 UTC: 	 Rucio client intialized for account mbuonsan
DEBUG 2024-02-22 18:05:31.420 UTC: 	 Command use: status
DEBUG 2024-02-22 18:05:31.420 UTC: 	 Options use: []
DEBUG 2024-02-22 18:05:31.420 UTC: 	 Encoded data for curl request: subresource=version
DEBUG 2024-02-22 18:05:31.613 UTC: 	 CRABClient version: v3.240110
DEBUG 2024-02-22 18:05:31.613 UTC: 	 Instance is prod
DEBUG 2024-02-22 18:05:31.613 UTC: 	 Server base url is cmsweb.cern.ch
DEBUG 2024-02-22 18:05:31.613 UTC: 	 Command api workflow
DEBUG 2024-02-22 18:05:31.613 UTC: 	 Encoded data for curl request: subresource=search&workflow=240221_222858%3Ambuonsan_crab_SkimB4Mu_2023eraC-v2_stream6_Mini
DEBUG 2024-02-22 18:05:31.798 UTC: 	 Got information from server oracle database: {'desc': {'columns': ['tm_taskname', 'tm_activity', 'panda_jobset_id', 'tm_task_status', 'tm_task_command', 'tm_start_time', 'tm_start_injection', 'tm_end_injection', 'tm_task_failure', 'tm_job_sw', 'tm_job_arch', 'tm_input_dataset', 'tm_nonvalid_input_dataset', 'tm_use_parent', 'tm_site_whitelist', 'tm_site_blacklist', 'tm_split_algo', 'tm_split_args', 'tm_user_sandbox', 'tm_cache_url', 'tm_username', 'tm_user_dn', 'tm_user_vo', 'tm_user_role', 'tm_user_group', 'tm_publish_name', 'tm_publish_groupname', 'tm_asyncdest', 'tm_dbs_url', 'tm_publish_dbs_url', 'tm_publication', 'tm_outfiles', 'tm_tfile_outfiles', 'tm_edm_outfiles', 'tm_job_type', 'tm_generator', 'tm_events_per_lumi', 'tm_arguments', 'panda_resubmitted_jobs', 'tm_save_logs', 'tw_name', 'tm_user_infiles', 'tm_maxjobruntime', 'tm_numcores', 'tm_maxmemory', 'tm_priority', 'tm_output_dataset', 'tm_task_warnings', 'tm_user_webdir', 'tm_scriptexe', 'tm_scriptargs', 'tm_extrajdl', 'tm_asourl', 'tm_collector', 'tm_schedd', 'tm_dry_run', 'tm_user_files', 'tm_transfer_outputs', 'tm_output_lfn', 'tm_ignore_locality', 'tm_fail_limit', 'tm_one_event_mode', 'tm_secondary_input_dataset', 'tm_primary_dataset', 'tm_last_publication', 'tm_debug_files', 'clusterid', 'tm_asodb', 'tm_ignore_global_blacklist', 'tm_submitter_ip_addr', 'tm_totalunits', 'tm_ddm_reqid', 'tm_user_config', 'tm_transfer_container', 'tm_transfer_rule', 'tm_publish_rule', 'tm_multipub_rule']}, 'result': ['240221_222858:mbuonsan_crab_SkimB4Mu_2023eraC-v2_stream6_Mini', 'None', 'None', 'SUBMITTED', 'SUBMIT', '2024-02-21 22:28:58.059407', 'None', '2024-02-21 22:30:16.592675', 'None', 'CMSSW_13_0_13', 'slc7_amd64_gcc11', '/ParkingDoubleMuonLowMass6/Run2023C-22Sep2023_v2-v1/MINIAOD', 'T', '0', '[]', '[]', 'LumiBased', "{'halt_job_on_file_boundaries': False, 'splitOnRun': False, 'lumis_per_job': 50, 'runs': ['367095', '367100', '367102', '367103', '367104', '367111', '367112', '367127', '367128', '367129', '367130', '367131', '367133', '367228', '367229', '367230', '367231', '367232', '367234', '367260', '367262', '367263', '367264', '367267', '367269', '367270', '367271', '367312', '367314', '367315', '367334', '367336', '367337', '367355', '367406', '367413', '367415', '367416', '367475', '367477', '367515', '367516', '367552', '367553', '367554', '367615', '367618', '367619', '367661', '367662', '367663', '367665', '367666', '367691', '367696', '367699', '367730', '367742', '367758', '367770', '367771', '367772', '367790', '367831', '367836', '367838', '367840', '367881', '367883', '367884', '367902', '367904', '367905', '367906', '367907', '367908', '367910', '368223', '368224', '368229', '368318', '368320', '368321', '368332', '368333', '368343', '368382', '368384', '368388', '368389', '368400', '368410', '368412', '368423', '368451', '368453', '368454', '368489', '368546', '368547', '368548', '368566', '368567', '368609', '368611', '368613', '368636', '368669', '368670', '368672', '368674', '368675', '368676', '368678', '368684', '368685', '368723', '368724', '368746', '368749', '368753', '368762', '368764', '368765', '368822', '368823'], 'lumis': ['1,564', '45,390', '1,75', '1,64', '1,1082', '51,338', '1,1438', '18,350', '1,2,6,6,11,12,14,15', '1,3', '1,2,6,9,13,126,135,167', '1,149', '1,275', '55,280,285,287,292,294,298,304', '1,34', '1,1', '1,22', '1,996', '1,501', '52,69,72,240', '1,42,49,119,123,271', '10,21', '1,847', '45,322', '1,33', '1,961', '1,135', '53,225,227,269', '1,20', '1,893', '26,324', '1,169', '1,1046', '60,63', '48,476', '68,448,450,467,469,746,748,750,752,898,900,1340,1342,1367', '1,97', '1,55', '56,634', '1,1289', '44,668', '1,1236', '49,59', '1,644', '1,312', '53,484', '18,341', '1,300,302,501,503,579', '50,366', '1,18', '1,1', '1,271', '1,11,16,86', '46,204', '1,856,858,1920', '1,151', '48,562', '39,443', '52,767', '47,198', '1,91', '1,6', '1,160', '53,504', '48,588', '1,793', '1,570', '14,152', '1,1050', '1,1011', '42,273', '1,103', '1,48', '1,344', '1,119', '1,358', '1,593', '45,437,445,487', '1,57', '52,569', '37,319', '1,285', '1,337', '1,14', '1,25', '1,328', '37,792', '1,44', '39,444,448,1431,1434,1472', '1,198', '40,271', '49,1501', '1,92', '42,159,161,516', '1,144', '1,5', '1,68,72,1168', '47,791,793,827,829,863,865,899,901,935,937,971,973,1007,1009,1043,1045,1079,1081,1280,1282,1380,1382,1581,1583,1595', '1,659', '1,194,197,702', '1,75,77,86,89,90,93,280,282,1044', '1,1195', '1,31,33,411,414,436', '41,1039', '1,247,249,382', '1,260', '51,819', '42,410', '1,255,306,308', '1,866', '1,12', '1,50', '1,156', '1,171', '40,135', '1,1481', '63,63,97,188', '1,1200', '39,77', '1,169', '1,976', '45,238', '1,1', '1,1386', '45,330,332,908,910,991', '3,35']}", 'c21f585968b676319b78458a8dfff0d78967d784c1d5d78343c5cdc38d3be0e5.tar.gz', 'https://cmsweb.cern.ch/S3/crabcache_prod', 'mbuonsan', '/DC=ch/DC=cern/OU=Organic Units/OU=Users/CN=mbuonsan/CN=866052/CN=Marco Buonsante', 'cms', 'None', 'None', 'SkimB4Mu_2023eraC-v2_stream6_Mini-00000000000000000000000000000000', 'F', 'T2_IT_Bari', 'https://cmsweb.cern.ch/dbs/prod/global/DBSReader', 'https://cmsweb.cern.ch/dbs/prod/phys03/DBSWriter', 'T', '[]', "['TreeData.root']", '[]', 'Analysis', 'pythia', 'None', '{}', 'None', 'F', 'crab-prod-tw01', '[]', '1250', '1', '2000', '10', "['/FakeDataset/fakefile-FakePublish-17ef4f66009a3a5f235dc96ea1107abc/USER']", '[]', 'http://vocms0121.cern.ch/mon/mbuonsan/240221_222858:mbuonsan_crab_SkimB4Mu_2023eraC-v2_stream6_Mini', 'None', '[]', '[]', 'None', 'cmsgwms-collector-global.cern.ch:9620,cmsgwms-collector-global.fnal.gov:9620', 'crab3@vocms0121.cern.ch', 'F', '[]', 'T', '/store/user/mbuonsan/', 'F', 'None', 'F', 'None', 'ParkingDoubleMuonLowMass6', 'None', 'aaf78151597973de88cd821abbe381c9c3165b9cd1d92ced22e076ef155a08d6.tar.gz', '101430977', 'None', 'T', '188.185.89.202', '0.0', 'None', '{"partialdataset": false, "requireaccelerator": false, "acceleratorparams": null, "inputblocks": null}', 'None', 'None', 'None', 'None']}
INFO 2024-02-22 18:05:31.798 UTC: 	 CRAB project directory:		/lustrehome/mbuonsante/B_4mu/CMSSW_13_0_13/src/B4muNtuplizer/CrabSubmission/2023_eraC-v2/crab_projects/crab_SkimB4Mu_2023eraC-v2_stream6_Mini
INFO 2024-02-22 18:05:31.798 UTC: 	 Task name:			240221_222858:mbuonsan_crab_SkimB4Mu_2023eraC-v2_stream6_Mini
INFO 2024-02-22 18:05:31.798 UTC: 	 Grid scheduler - Task Worker:	crab3@vocms0121.cern.ch - crab-prod-tw01
INFO 2024-02-22 18:05:31.798 UTC: 	 Status on the CRAB server:	SUBMITTED
INFO 2024-02-22 18:05:31.798 UTC: 	 Task URL to use for HELP:	https://cmsweb.cern.ch/crabserver/ui/task/240221_222858%3Ambuonsan_crab_SkimB4Mu_2023eraC-v2_stream6_Mini
INFO 2024-02-22 18:05:31.810 UTC: 	 Dashboard monitoring URL:	https://monit-grafana.cern.ch/d/cmsTMDetail/cms-task-monitoring-task-view?orgId=11&var-user=mbuonsan&var-task=240221_222858%3Ambuonsan_crab_SkimB4Mu_2023eraC-v2_stream6_Mini&from=1708550938000&to=now
DEBUG 2024-02-22 18:05:31.810 UTC: 	 The CRAB server submitted your task to the Grid scheduler (cluster ID: 101430977)
DEBUG 2024-02-22 18:05:31.810 UTC: 	 Webdir is located at http://vocms0121.cern.ch/mon/mbuonsan/240221_222858:mbuonsan_crab_SkimB4Mu_2023eraC-v2_stream6_Mini
DEBUG 2024-02-22 18:05:31.811 UTC: 	 Encoded data for curl request: subresource=webdirprx&workflow=240221_222858%3Ambuonsan_crab_SkimB4Mu_2023eraC-v2_stream6_Mini
DEBUG 2024-02-22 18:05:31.992 UTC: 	 Proxied webdir is located at https://cmsweb.cern.ch:8443/scheddmon/0121/mbuonsan/240221_222858:mbuonsan_crab_SkimB4Mu_2023eraC-v2_stream6_Mini
DEBUG 2024-02-22 18:05:31.992 UTC: 	 Retrieving 'status_cache' file from https://cmsweb.cern.ch:8443/scheddmon/0121/mbuonsan/240221_222858:mbuonsan_crab_SkimB4Mu_2023eraC-v2_stream6_Mini/status_cache.pkl
DEBUG 2024-02-22 18:05:31.992 UTC: 	 Will execute:
curl -sS --capath /etc/grid-security/certificates --cert /tmp/x509up_u881331 --key /tmp/x509up_u881331 -o /tmp/crab_status-cache-rks5sph8.pkl -w %"{http_code}" "https://cmsweb.cern.ch:8443/scheddmon/0121/mbuonsan/240221_222858:mbuonsan_crab_SkimB4Mu_2023eraC-v2_stream6_Mini/status_cache.pkl"
DEBUG 2024-02-22 18:05:31.992 UTC: 	 Executing command :
 curl -sS --capath /etc/grid-security/certificates --cert /tmp/x509up_u881331 --key /tmp/x509up_u881331 -o /tmp/crab_status-cache-rks5sph8.pkl -w %"{http_code}" "https://cmsweb.cern.ch:8443/scheddmon/0121/mbuonsan/240221_222858:mbuonsan_crab_SkimB4Mu_2023eraC-v2_stream6_Mini/status_cache.pkl"
DEBUG 2024-02-22 18:05:32.217 UTC: 	 output : 200
 error: 
 retcode : 0
DEBUG 2024-02-22 18:05:32.217 UTC: 	 exitcode: 0
stdout: 200
stderr: 
error details: 
DEBUG 2024-02-22 18:05:32.218 UTC: 	 Got information from status cache file: {'3': {'Retries': 1, 'Restarts': 0, 'SiteHistory': ['Unknown', 'T1_US_FNAL', 'T1_US_FNAL', 'T1_US_FNAL', 'T1_US_FNAL'], 'ResidentSetSize': [1112768, 1257996], 'SubmitTimes': [1708554622.0, 1708559725.0], 'StartTimes': [1708555410.0, 1708559750.0], 'EndTimes': [1708557853.0, 1708560858.0], 'TotalUserCpuTimeHistory': [1680, 915], 'TotalSysCpuTimeHistory': [50, 25], 'WallDurations': [10.0, 174.16957831382751, 2443.0, 9.0, 1108.0], 'JobIds': ['101431045.0', '101432977.0'], 'State': 'finished', 'RecordedSite': True}, '1': {'Retries': 0, 'Restarts': 0, 'SiteHistory': ['Unknown', 'T1_US_FNAL', 'T1_US_FNAL'], 'ResidentSetSize': [1151056], 'SubmitTimes': [1708554628.0], 'StartTimes': [1708555405.0], 'EndTimes': [1708557303.0], 'TotalUserCpuTimeHistory': [1684], 'TotalSysCpuTimeHistory': [46], 'WallDurations': [9.0, 179.16957831382751, 1898.0], 'JobIds': ['101431048.0'], 'State': 'finished', 'RecordedSite': True}, '2': {'Retries': 0, 'Restarts': 0, 'SiteHistory': ['Unknown', 'T1_US_FNAL', 'T1_US_FNAL'], 'ResidentSetSize': [1121508], 'SubmitTimes': [1708554628.0], 'StartTimes': [1708555405.0], 'EndTimes': [1708557365.0], 'TotalUserCpuTimeHistory': [1683], 'TotalSysCpuTimeHistory': [46], 'WallDurations': [9.0, 179.16957831382751, 1960.0], 'JobIds': ['101431049.0'], 'State': 'finished', 'RecordedSite': True}, '4': {'Retries': 0, 'Restarts': 0, 'SiteHistory': ['Unknown', 'T1_US_FNAL', 'T1_US_FNAL'], 'ResidentSetSize': [1097140], 'SubmitTimes': [1708554628.0], 'StartTimes': [1708555406.0], 'EndTimes': [1708556968.0], 'TotalUserCpuTimeHistory': [1389], 'TotalSysCpuTimeHistory': [38], 'WallDurations': [9.0, 178.16957831382751, 1562.0], 'JobIds': ['101431050.0'], 'State': 'finished', 'RecordedSite': True}, '5': {'Retries': 0, 'Restarts': 0, 'SiteHistory': ['Unknown', 'T1_US_FNAL', 'T1_US_FNAL'], 'ResidentSetSize': [1087956], 'SubmitTimes': [1708554628.0], 'StartTimes': [1708555408.0], 'EndTimes': [1708557020.0], 'TotalUserCpuTimeHistory': [1425], 'TotalSysCpuTimeHistory': [40], 'WallDurations': [9.0, 176.16957831382751, 1612.0], 'JobIds': ['101431051.0'], 'State': 'finished', 'RecordedSite': True}, '6': {'Retries': 0, 'Restarts': 0, 'SiteHistory': ['Unknown', 'T1_US_FNAL', 'T1_US_FNAL'], 'ResidentSetSize': [1112616], 'SubmitTimes': [1708554629.0], 'StartTimes': [1708555402.0], 'EndTimes': [1708557143.0], 'TotalUserCpuTimeHistory': [1444], 'TotalSysCpuTimeHistory': [41], 'WallDurations': [10.0, 182.16957831382751, 1741.0], 'JobIds': ['101431052.0'], 'State': 'finished', 'RecordedSite': True}, '7': {'Retries': 0, 'Restarts': 0, 'SiteHistory': ['Unknown', 'T1_US_FNAL', 'T1_US_FNAL'], 'ResidentSetSize': [960668], 'SubmitTimes': [1708554629.0], 'StartTimes': [1708555402.0], 'EndTimes': [1708556906.0], 'TotalUserCpuTimeHistory': [1336], 'TotalSysCpuTimeHistory': [39], 'WallDurations': [9.0, 182.16957831382751, 1504.0], 'JobIds': ['101431053.0'], 'State': 'finished', 'RecordedSite': True}, '8': {'Retries': 0, 'Restarts': 0, 'SiteHistory': ['Unknown', 'T1_US_FNAL', 'T1_US_FNAL'], 'ResidentSetSize': [958916], 'SubmitTimes': [1708554629.0], 'StartTimes': [1708555400.0], 'EndTimes': [1708557326.0], 'TotalUserCpuTimeHistory': [1311], 'TotalSysCpuTimeHistory': [42], 'WallDurations': [10.0, 184.16957831382751, 1926.0], 'JobIds': ['101431054.0'], 'State': 'finished', 'RecordedSite': True}, '9': {'Retries': 0, 'Restarts': 0, 'SiteHistory': ['Unknown', 'T1_US_FNAL', 'T1_US_FNAL'], 'ResidentSetSize': [953436], 'SubmitTimes': [1708554629.0], 'StartTimes': [1708555399.0], 'EndTimes': [1708556967.0], 'TotalUserCpuTimeHistory': [1164], 'TotalSysCpuTimeHistory': [37], 'WallDurations': [10.0, 185.16957831382751, 1568.0], 'JobIds': ['101431055.0'], 'State': 'finished', 'RecordedSite': True}, '10': {'Retries': 1, 'Restarts': 0, 'SiteHistory': ['Unknown', 'T1_US_FNAL', 'T1_US_FNAL', 'T1_US_FNAL', 'T1_US_FNAL'], 'ResidentSetSize': [940620, 1259824], 'SubmitTimes': [1708554629.0, 1708558514.0], 'StartTimes': [1708555399.0, 1708558530.0], 'EndTimes': [1708556639.0, 1708559774.0], 'TotalUserCpuTimeHistory': [1036, 1072], 'TotalSysCpuTimeHistory': [33, 34], 'WallDurations': [9.0, 185.16957831382751, 1240.0, 9.0, 1244.0], 'JobIds': ['101431056.0', '101432668.0'], 'State': 'finished', 'RecordedSite': True}, '11': {'Retries': 1, 'Restarts': 0, 'SiteHistory': ['Unknown', 'T1_US_FNAL', 'T1_US_FNAL', 'T1_US_FNAL', 'T1_US_FNAL'], 'ResidentSetSize': [971584, 1268900], 'SubmitTimes': [1708554630.0, 1708558479.0], 'StartTimes': [1708555402.0, 1708558499.0], 'EndTimes': [1708556608.0, 1708559643.0], 'TotalUserCpuTimeHistory': [1031, 999], 'TotalSysCpuTimeHistory': [33, 32], 'WallDurations': [9.0, 182.16957831382751, 1206.0, 10.0, 1144.0], 'JobIds': ['101431057.0', '101432667.0'], 'State': 'finished', 'RecordedSite': True}, '12': {'Retries': 1, 'Restarts': 0, 'SiteHistory': ['Unknown', 'T1_US_FNAL', 'T1_US_FNAL', 'Unknown', 'T1_US_FNAL', 'T1_US_FNAL'], 'ResidentSetSize': [985244, 1252524], 'SubmitTimes': [1708554630.0, 1708557687.0], 'StartTimes': [1708555399.0, 1708557701.0], 'EndTimes': [1708555813.0, 1708558120.0], 'TotalUserCpuTimeHistory': [280, 281], 'TotalSysCpuTimeHistory': [15, 14], 'WallDurations': [10.0, 185.16957831382751, 414.0, 9.0, 301.79175567626953, 419.0], 'JobIds': ['101431058.0', '101432477.0'], 'State': 'finished', 'RecordedSite': True}, '13': {'Retries': 0, 'Restarts': 0, 'SiteHistory': ['Unknown', 'T1_US_FNAL', 'T1_US_FNAL'], 'ResidentSetSize': [1150076], 'SubmitTimes': [1708554630.0], 'StartTimes': [1708555400.0], 'EndTimes': [1708558311.0], 'TotalUserCpuTimeHistory': [2277], 'TotalSysCpuTimeHistory': [62], 'WallDurations': [9.0, 184.16957831382751, 2911.0], 'JobIds': ['101431059.0'], 'State': 'finished', 'RecordedSite': True}, '14': {'Retries': 0, 'Restarts': 0, 'SiteHistory': ['Unknown', 'T1_US_FNAL', 'T1_US_FNAL'], 'ResidentSetSize': [1136044], 'SubmitTimes': [1708554630.0], 'StartTimes': [1708555406.0], 'EndTimes': [1708557077.0], 'TotalUserCpuTimeHistory': [1492], 'TotalSysCpuTimeHistory': [37], 'WallDurations': [9.0, 178.16957831382751, 1671.0], 'JobIds': ['101431060.0'], 'State': 'finished', 'RecordedSite': True}, '15': {'Retries': 1, 'Restarts': 0, 'SiteHistory': ['Unknown', 'T1_US_FNAL', 'T1_US_FNAL', 'T1_US_FNAL', 'T1_US_FNAL'], 'ResidentSetSize': [954612, 1298872], 'SubmitTimes': [1708554630.0, 1708557476.0], 'StartTimes': [1708555401.0, 1708557501.0], 'EndTimes': [1708555606.0, 1708557741.0], 'TotalUserCpuTimeHistory': [149, 155], 'TotalSysCpuTimeHistory': [7, 7], 'WallDurations': [9.0, 183.16957831382751, 205.0, 10.0, 240.0], 'JobIds': ['101431061.0', '101432467.0'], 'State': 'finished', 'RecordedSite': True}, '16': {'Retries': 0, 'Restarts': 0, 'SiteHistory': ['Unknown', 'T1_US_FNAL', 'T1_US_FNAL'], 'ResidentSetSize': [1269240], 'SubmitTimes': [1708554630.0], 'StartTimes': [1708555400.0], 'EndTimes': [1708558465.0], 'TotalUserCpuTimeHistory': [2322], 'TotalSysCpuTimeHistory': [68], 'WallDurations': [10.0, 184.16957831382751, 3065.0], 'JobIds': ['101431062.0'], 'State': 'finished', 'RecordedSite': True}, '17': {'Retries': 0, 'Restarts': 0, 'SiteHistory': ['Unknown', 'T1_US_FNAL', 'T1_US_FNAL'], 'ResidentSetSize': [1256644], 'SubmitTimes': [1708554630.0], 'StartTimes': [1708555400.0], 'EndTimes': [1708559530.0], 'TotalUserCpuTimeHistory': [2970], 'TotalSysCpuTimeHistory': [115], 'WallDurations': [9.0, 184.16957831382751, 4130.0], 'JobIds': ['101431063.0'], 'State': 'finished', 'RecordedSite': True}, '18': {'Retries': 0, 'Restarts': 0, 'SiteHistory': ['Unknown', 'T1_US_FNAL', 'T1_US_FNAL'], 'ResidentSetSize': [1152160], 'SubmitTimes': [1708554630.0], 'StartTimes': [1708555402.0], 'EndTimes': [1708557798.0], 'TotalUserCpuTimeHistory': [2165], 'TotalSysCpuTimeHistory': [66], 'WallDurations': [9.0, 182.16957831382751, 2396.0], 'JobIds': ['101431064.0'], 'State': 'finished', 'RecordedSite': True}, '19': {'Retries': 1, 'Restarts': 0, 'SiteHistory': ['Unknown', 'T1_US_FNAL', 'T1_US_FNAL', 'T1_US_FNAL', 'T1_US_FNAL'], 'ResidentSetSize': [1257248, 1309124], 'SubmitTimes': [1708554630.0, 1708559470.0], 'StartTimes': [1708555402.0, 1708559506.0], 'EndTimes': [1708557599.0, 1708563929.0], 'TotalUserCpuTimeHistory': [1828, 2744], 'TotalSysCpuTimeHistory': [51, 119], 'WallDurations': [10.0, 182.16957831382751, 2197.0, 0, 4423.0], 'JobIds': ['101431065.0', '101432794.0'], 'State': 'finished', 'RecordedSite': True}, '20': {'Retries': 0, 'Restarts': 0, 'SiteHistory': ['Unknown', 'T1_US_FNAL', 'T1_US_FNAL'], 'ResidentSetSize': [1571776], 'SubmitTimes': [1708554630.0], 'StartTimes': [1708555406.0], 'EndTimes': [1708559349.0], 'TotalUserCpuTimeHistory': [2902], 'TotalSysCpuTimeHistory': [82], 'WallDurations': [9.0, 178.16957831382751, 3943.0], 'JobIds': ['101431066.0'], 'State': 'finished', 'RecordedSite': True}, '21': {'Retries': 0, 'Restarts': 0, 'SiteHistory': ['Unknown', 'T1_US_FNAL', 'T1_US_FNAL'], 'ResidentSetSize': [1284696], 'SubmitTimes': [1708554630.0], 'StartTimes': [1708555407.0], 'EndTimes': [1708557623.0], 'TotalUserCpuTimeHistory': [1590], 'TotalSysCpuTimeHistory': [44], 'WallDurations': [9.0, 177.16957831382751, 2216.0], 'JobIds': ['101431067.0'], 'State': 'finished', 'RecordedSite': True}, '26': {'Retries': 0, 'Restarts': 0, 'SiteHistory': ['Unknown', 'T1_US_FNAL', 'T1_US_FNAL'], 'ResidentSetSize': [1011016], 'SubmitTimes': [1708554630.0], 'StartTimes': [1708555409.0], 'EndTimes': [1708557123.0], 'TotalUserCpuTimeHistory': [1464], 'TotalSysCpuTimeHistory': [60], 'WallDurations': [8.0, 175.16957831382751, 1714.0], 'JobIds': ['101431068.0'], 'State': 'finished', 'RecordedSite': True}, '25': {'Retries': 0, 'Restarts': 0, 'SiteHistory': ['Unknown', 'T1_US_FNAL', 'T1_US_FNAL'], 'ResidentSetSize': [1198752], 'SubmitTimes': [1708554630.0], 'StartTimes': [1708555402.0], 'EndTimes': [1708557626.0], 'TotalUserCpuTimeHistory': [1990], 'TotalSysCpuTimeHistory': [53], 'WallDurations': [9.0, 182.16957831382751, 2224.0], 'JobIds': ['101431069.0'], 'State': 'finished', 'RecordedSite': True}, '24': {'Retries': 0, 'Restarts': 0, 'SiteHistory': ['Unknown', 'T1_US_FNAL', 'T1_US_FNAL'], 'ResidentSetSize': [1218944], 'SubmitTimes': [1708554630.0], 'StartTimes': [1708555402.0], 'EndTimes': [1708557869.0], 'TotalUserCpuTimeHistory': [2208], 'TotalSysCpuTimeHistory': [54], 'WallDurations': [10.0, 182.16957831382751, 2467.0], 'JobIds': ['101431070.0'], 'State': 'finished', 'RecordedSite': True}, '28': {'Retries': 0, 'Restarts': 0, 'SiteHistory': ['Unknown', 'T1_US_FNAL', 'T1_US_FNAL'], 'ResidentSetSize': [1265004], 'SubmitTimes': [1708554630.0], 'StartTimes': [1708555402.0], 'EndTimes': [1708558242.0], 'TotalUserCpuTimeHistory': [2585], 'TotalSysCpuTimeHistory': [61], 'WallDurations': [9.0, 182.16957831382751, 2840.0], 'JobIds': ['101431071.0'], 'State': 'finished', 'RecordedSite': True}, '29': {'Retries': 1, 'Restarts': 0, 'SiteHistory': ['Unknown', 'T1_US_FNAL', 'T1_US_FNAL', 'T1_US_FNAL', 'T1_US_FNAL'], 'ResidentSetSize': [1258168, 1307460], 'SubmitTimes': [1708554630.0, 1708559560.0], 'StartTimes': [1708555404.0, 1708559585.0], 'EndTimes': [1708557691.0, 1708562858.0], 'TotalUserCpuTimeHistory': [1992, 2909], 'TotalSysCpuTimeHistory': [43, 87], 'WallDurations': [9.0, 180.16957831382751, 2287.0, 9.0, 3273.0], 'JobIds': ['101431072.0', '101432965.0'], 'State': 'finished', 'RecordedSite': True}, '23': {'Retries': 0, 'Restarts': 0, 'SiteHistory': ['Unknown', 'T1_US_FNAL', 'T1_US_FNAL'], 'ResidentSetSize': [1234532], 'SubmitTimes': [1708554630.0], 'StartTimes': [1708555401.0], 'EndTimes': [1708558014.0], 'TotalUserCpuTimeHistory': [2383], 'TotalSysCpuTimeHistory': [55], 'WallDurations': [10.0, 183.16957831382751, 2613.0], 'JobIds': ['101431073.0'], 'State': 'finished', 'RecordedSite': True}, '27': {'Retries': 0, 'Restarts': 0, 'SiteHistory': ['Unknown', 'T1_US_FNAL', 'T1_US_FNAL'], 'ResidentSetSize': [1238952], 'SubmitTimes': [1708554630.0], 'StartTimes': [1708555401.0], 'EndTimes': [1708557560.0], 'TotalUserCpuTimeHistory': [1929], 'TotalSysCpuTimeHistory': [50], 'WallDurations': [10.0, 183.16957831382751, 2159.0], 'JobIds': ['101431074.0'], 'State': 'finished', 'RecordedSite': True}, '30': {'Retries': 0, 'Restarts': 0, 'SiteHistory': ['Unknown', 'T1_US_FNAL', 'T1_US_FNAL'], 'ResidentSetSize': [1393300], 'SubmitTimes': [1708554630.0], 'StartTimes': [1708555407.0], 'EndTimes': [1708558495.0], 'TotalUserCpuTimeHistory': [2819], 'TotalSysCpuTimeHistory': [67], 'WallDurations': [9.0, 177.16957831382751, 3088.0], 'JobIds': ['101431075.0'], 'State': 'finished', 'RecordedSite': True}, '32': {'Retries': 0, 'Restarts': 0, 'SiteHistory': ['Unknown', 'T1_US_FNAL', 'T1_US_FNAL'], 'ResidentSetSize': [1260716], 'SubmitTimes': [1708554630.0], 'StartTimes': [1708555405.0], 'EndTimes': [1708559514.0], 'TotalUserCpuTimeHistory': [3567], 'TotalSysCpuTimeHistory': [170], 'WallDurations': [10.0, 179.16957831382751, 4109.0], 'JobIds': ['101431076.0'], 'State': 'finished', 'RecordedSite': True}, '33': {'Retries': 0, 'Restarts': 0, 'SiteHistory': ['Unknown', 'T1_US_FNAL', 'T1_US_FNAL'], 'ResidentSetSize': [1256236], 'SubmitTimes': [1708554630.0], 'StartTimes': [1708555408.0], 'EndTimes': [1708559487.0], 'TotalUserCpuTimeHistory': [3071], 'TotalSysCpuTimeHistory': [111], 'WallDurations': [9.0, 176.16957831382751, 4079.0], 'JobIds': ['101431077.0'], 'State': 'finished', 'RecordedSite': True}, '31': {'Retries': 0, 'Restarts': 0, 'SiteHistory': ['Unknown', 'T1_US_FNAL', 'T1_US_FNAL'], 'ResidentSetSize': [1373836], 'SubmitTimes': [1708554630.0], 'StartTimes': [1708555403.0], 'EndTimes': [1708558387.0], 'TotalUserCpuTimeHistory': [2685], 'TotalSysCpuTimeHistory': [58], 'WallDurations': [9.0, 181.16957831382751, 2984.0], 'JobIds': ['101431078.0'], 'State': 'finished', 'RecordedSite': True}, '35': {'Retries': 0, 'Restarts': 0, 'SiteHistory': ['Unknown', 'T1_US_FNAL', 'T1_US_FNAL'], 'ResidentSetSize': [1281176], 'SubmitTimes': [1708554630.0], 'StartTimes': [1708555405.0], 'EndTimes': [1708556968.0], 'TotalUserCpuTimeHistory': [1375], 'TotalSysCpuTimeHistory': [32], 'WallDurations': [9.0, 179.16957831382751, 1563.0], 'JobIds': ['101431079.0'], 'State': 'finished', 'RecordedSite': True}, '37': {'Retries': 0, 'Restarts': 0, 'SiteHistory': ['Unknown', 'T1_US_FNAL', 'T1_US_FNAL'], 'ResidentSetSize': [1144164], 'SubmitTimes': [1708554630.0], 'StartTimes': [1708555404.0], 'EndTimes': [1708557871.0], 'TotalUserCpuTimeHistory': [2109], 'TotalSysCpuTimeHistory': [88], 'WallDurations': [10.0, 180.16957831382751, 2467.0], 'JobIds': ['101431080.0'], 'State': 'finished', 'RecordedSite': True}, '34': {'Retries': 0, 'Restarts': 0, 'SiteHistory': ['Unknown', 'T1_US_FNAL', 'T1_US_FNAL'], 'ResidentSetSize': [1246888], 'SubmitTimes': [1708554630.0], 'StartTimes': [1708555404.0], 'EndTimes': [1708558652.0], 'TotalUserCpuTimeHistory': [2951], 'TotalSysCpuTimeHistory': [68], 'WallDurations': [9.0, 180.16957831382751, 3248.0], 'JobIds': ['101431081.0'], 'State': 'finished', 'RecordedSite': True}, '36': {'Retries': 0, 'Restarts': 0, 'SiteHistory': ['Unknown', 'T1_US_FNAL', 'T1_US_FNAL'], 'ResidentSetSize': [1231160], 'SubmitTimes': [1708554630.0], 'StartTimes': [1708555405.0], 'EndTimes': [1708558907.0], 'TotalUserCpuTimeHistory': [3063], 'TotalSysCpuTimeHistory': [145], 'WallDurations': [9.0, 179.16957831382751, 3502.0], 'JobIds': ['101431082.0'], 'State': 'finished', 'RecordedSite': True}, '38': {'Retries': 0, 'Restarts': 0, 'SiteHistory': ['Unknown', 'T1_US_FNAL', 'T1_US_FNAL'], 'ResidentSetSize': [1133020], 'SubmitTimes': [1708554630.0], 'StartTimes': [1708555406.0], 'EndTimes': [1708558013.0], 'TotalUserCpuTimeHistory': [1879], 'TotalSysCpuTimeHistory': [50], 'WallDurations': [9.0, 178.16957831382751, 2607.0], 'JobIds': ['101431083.0'], 'State': 'finished', 'RecordedSite': True}, '39': {'Retries': 0, 'Restarts': 0, 'SiteHistory': ['Unknown', 'T1_US_FNAL', 'T1_US_FNAL'], 'ResidentSetSize': [1119300], 'SubmitTimes': [1708554630.0], 'StartTimes': [1708555406.0], 'EndTimes': [1708557172.0], 'TotalUserCpuTimeHistory': [1539], 'TotalSysCpuTimeHistory': [41], 'WallDurations': [10.0, 178.16957831382751, 1766.0], 'JobIds': ['101431084.0'], 'State': 'finished', 'RecordedSite': True}, '40': {'Retries': 2, 'Restarts': 0, 'SiteHistory': ['Unknown', 'T1_US_FNAL', 'T1_US_FNAL', 'T1_US_FNAL', 'T1_US_FNAL', 'Unknown', 'T1_US_FNAL', 'T1_US_FNAL'], 'ResidentSetSize': [1135776, 1279168, 1471396], 'SubmitTimes': [1708554630.0, 1708559610.0, 1708562980.0], 'StartTimes': [1708555407.0, 1708559619.0, 1708563145.0], 'EndTimes': [1708557740.0, 1708561040.0, 1708564560.0], 'TotalUserCpuTimeHistory': [1830, 1105, 1210], 'TotalSysCpuTimeHistory': [71, 29, 27], 'WallDurations': [10.0, 177.16957831382751, 2333.0, 9.0, 1421.0, 9.0, 285.85383701324463, 1415.0], 'JobIds': ['101431085.0', '101432970.0', '101433332.0'], 'State': 'finished', 'RecordedSite': True}, '41': {'Retries': 0, 'Restarts': 0, 'SiteHistory': ['Unknown', 'T1_US_FNAL', 'T1_US_FNAL'], 'ResidentSetSize': [1109504], 'SubmitTimes': [1708554630.0], 'StartTimes': [1708555405.0], 'EndTimes': [1708557202.0], 'TotalUserCpuTimeHistory': [1596], 'TotalSysCpuTimeHistory': [47], 'WallDurations': [10.0, 179.16957831382751, 1797.0], 'JobIds': ['101431086.0'], 'State': 'finished', 'RecordedSite': True}, '42': {'Retries': 0, 'Restarts': 0, 'SiteHistory': ['Unknown', 'T1_US_FNAL', 'T1_US_FNAL'], 'ResidentSetSize': [1018208], 'SubmitTimes': [1708554630.0], 'StartTimes': [1708555406.0], 'EndTimes': [1708556946.0], 'TotalUserCpuTimeHistory': [1314], 'TotalSysCpuTimeHistory': [51], 'WallDurations': [9.0, 178.16957831382751, 1540.0], 'JobIds': ['101431087.0'], 'State': 'finished', 'RecordedSite': True}, '43': {'Retries': 0, 'Restarts': 0, 'SiteHistory': ['Unknown', 'T1_US_FNAL', 'T1_US_FNAL'], 'ResidentSetSize': [939360], 'SubmitTimes': [1708554630.0], 'StartTimes': [1708555409.0], 'EndTimes': [1708555890.0], 'TotalUserCpuTimeHistory': [326], 'TotalSysCpuTimeHistory': [11], 'WallDurations': [9.0, 175.16957831382751, 481.0], 'JobIds': ['101431088.0'], 'State': 'finished', 'RecordedSite': True}, '47': {'Retries': 0, 'Restarts': 0, 'SiteHistory': ['Unknown', 'T3_UK_London_QMUL', 'T3_UK_London_QMUL'], 'ResidentSetSize': [1284556], 'SubmitTimes': [1708554630.0], 'StartTimes': [1708555192.0], 'EndTimes': [1708557342.0], 'TotalUserCpuTimeHistory': [1850], 'TotalSysCpuTimeHistory': [50], 'WallDurations': [9.0, 91.89006447792053, 2150.0], 'JobIds': ['101431089.0'], 'State': 'finished', 'RecordedSite': True}, '44': {'Retries': 0, 'Restarts': 0, 'SiteHistory': ['Unknown', 'T2_UK_London_IC', 'T2_UK_London_IC'], 'ResidentSetSize': [1305020], 'SubmitTimes': [1708554630.0], 'StartTimes': [1708555192.0], 'EndTimes': [1708557947.0], 'TotalUserCpuTimeHistory': [2503], 'TotalSysCpuTimeHistory': [64], 'WallDurations': [9.0, 91.89006447792053, 2755.0], 'JobIds': ['101431090.0'], 'State': 'finished', 'RecordedSite': True}, '46': {'Retries': 0, 'Restarts': 0, 'SiteHistory': ['Unknown', 'T2_UK_London_IC', 'T2_UK_London_IC'], 'ResidentSetSize': [1308884], 'SubmitTimes': [1708554631.0], 'StartTimes': [1708555192.0], 'EndTimes': [1708556770.0], 'TotalUserCpuTimeHistory': [1339], 'TotalSysCpuTimeHistory': [55], 'WallDurations': [9.0, 91.89006447792053, 1578.0], 'JobIds': ['101431091.0'], 'State': 'finished', 'RecordedSite': True}, '48': {'Retries': 1, 'Restarts': 0, 'SiteHistory': ['Unknown', 'T2_UK_London_IC', 'T2_UK_London_IC', 'T1_US_FNAL', 'T1_US_FNAL'], 'ResidentSetSize': [1622288, 1449488], 'SubmitTimes': [1708554631.0, 1708558556.0], 'StartTimes': [1708555192.0, 1708558560.0], 'EndTimes': [1708556688.0, 1708559697.0], 'TotalUserCpuTimeHistory': [1241, 980], 'TotalSysCpuTimeHistory': [58, 29], 'WallDurations': [9.0, 91.89006447792053, 1496.0, 10.0, 1137.0], 'JobIds': ['101431092.0', '101432671.0'], 'State': 'finished', 'RecordedSite': True}, '45': {'Retries': 0, 'Restarts': 0, 'SiteHistory': ['Unknown', 'T2_UK_London_IC', 'T2_UK_London_IC'], 'ResidentSetSize': [1435736], 'SubmitTimes': [1708554631.0], 'StartTimes': [1708555194.0], 'EndTimes': [1708557526.0], 'TotalUserCpuTimeHistory': [2001], 'TotalSysCpuTimeHistory': [67], 'WallDurations': [8.0, 89.89006447792053, 2332.0], 'JobIds': ['101431093.0'], 'State': 'finished', 'RecordedSite': True}, '49': {'Retries': 0, 'Restarts': 0, 'SiteHistory': ['Unknown', 'T3_UK_London_QMUL', 'T3_UK_London_QMUL'], 'ResidentSetSize': [1119832], 'SubmitTimes': [1708554631.0], 'StartTimes': [1708555192.0], 'EndTimes': [1708557115.0], 'TotalUserCpuTimeHistory': [1616], 'TotalSysCpuTimeHistory': [45], 'WallDurations': [8.0, 91.89006447792053, 1923.0], 'JobIds': ['101431094.0'], 'State': 'finished', 'RecordedSite': True}, '50': {'Retries': 0, 'Restarts': 0, 'SiteHistory': ['Unknown', 'T2_UK_London_IC', 'T2_UK_London_IC'], 'ResidentSetSize': [1603492], 'SubmitTimes': [1708554631.0], 'StartTimes': [1708555192.0], 'EndTimes': [1708557804.0], 'TotalUserCpuTimeHistory': [2226], 'TotalSysCpuTimeHistory': [69], 'WallDurations': [9.0, 91.89006447792053, 2612.0], 'JobIds': ['101431095.0'], 'State': 'finished', 'RecordedSite': True}, '52': {'Retries': 0, 'Restarts': 0, 'SiteHistory': ['Unknown', 'T2_UK_London_IC', 'T2_UK_London_IC'], 'ResidentSetSize': [1305592], 'SubmitTimes': [1708554631.0], 'StartTimes': [1708555192.0], 'EndTimes': [1708558172.0], 'TotalUserCpuTimeHistory': [2304], 'TotalSysCpuTimeHistory': [67], 'WallDurations': [9.0, 91.89006447792053, 2980.0], 'JobIds': ['101431096.0'], 'State': 'finished', 'RecordedSite': True}, '54': {'Retries': 0, 'Restarts': 0, 'SiteHistory': ['Unknown', 'T2_UK_London_IC', 'T2_UK_London_IC'], 'ResidentSetSize': [1295112], 'SubmitTimes': [1708554631.0], 'StartTimes': [1708555192.0], 'EndTimes': [1708556607.0], 'TotalUserCpuTimeHistory': [1198], 'TotalSysCpuTimeHistory': [54], 'WallDurations': [9.0, 91.89006447792053, 1415.0], 'JobIds': ['101431097.0'], 'State': 'finished', 'RecordedSite': True}, '51': {'Retries': 0, 'Restarts': 0, 'SiteHistory': ['Unknown', 'T2_UK_London_IC', 'T2_UK_London_IC'], 'ResidentSetSize': [1607836], 'SubmitTimes': [1708554631.0], 'StartTimes': [1708555194.0], 'EndTimes': [1708557567.0], 'TotalUserCpuTimeHistory': [2015], 'TotalSysCpuTimeHistory': [67], 'WallDurations': [8.0, 89.89006447792053, 2373.0], 'JobIds': ['101431098.0'], 'State': 'finished', 'RecordedSite': True}, '55': {'Retries': 0, 'Restarts': 0, 'SiteHistory': ['Unknown', 'T3_UK_London_QMUL', 'T3_UK_London_QMUL'], 'ResidentSetSize': [1040644], 'SubmitTimes': [1708554631.0], 'StartTimes': [1708555194.0], 'EndTimes': [1708556200.0], 'TotalUserCpuTimeHistory': [815], 'TotalSysCpuTimeHistory': [24], 'WallDurations': [8.0, 89.89006447792053, 1006.0], 'JobIds': ['101431099.0'], 'State': 'finished', 'RecordedSite': True}, '58': {'Retries': 0, 'Restarts': 0, 'SiteHistory': ['Unknown', 'T1_US_FNAL', 'T1_US_FNAL'], 'ResidentSetSize': [1164232], 'SubmitTimes': [1708554631.0], 'StartTimes': [1708555402.0], 'EndTimes': [1708557760.0], 'TotalUserCpuTimeHistory': [2080], 'TotalSysCpuTimeHistory': [54], 'WallDurations': [9.0, 182.16957831382751, 2358.0], 'JobIds': ['101431100.0'], 'State': 'finished', 'RecordedSite': True}, '53': {'Retries': 0, 'Restarts': 0, 'SiteHistory': ['Unknown', 'T3_UK_London_QMUL', 'T3_UK_London_QMUL'], 'ResidentSetSize': [1228268], 'SubmitTimes': [1708554631.0], 'StartTimes': [1708555194.0], 'EndTimes': [1708557318.0], 'TotalUserCpuTimeHistory': [1888], 'TotalSysCpuTimeHistory': [51], 'WallDurations': [8.0, 89.89006447792053, 2124.0], 'JobIds': ['101431101.0'], 'State': 'finished', 'RecordedSite': True}, '56': {'Retries': 1, 'Restarts': 0, 'SiteHistory': ['Unknown', 'T2_HU_Budapest', 'T2_HU_Budapest', 'T1_US_FNAL', 'T1_US_FNAL'], 'ResidentSetSize': [1575124, 1438440], 'SubmitTimes': [1708554631.0, 1708558187.0], 'StartTimes': [1708554971.0, 1708558213.0], 'EndTimes': [1708556317.0, 1708560483.0], 'TotalUserCpuTimeHistory': [1176, 1906], 'TotalSysCpuTimeHistory': [36, 52], 'WallDurations': [9.0, 12.672669410705566, 1346.0, 9.0, 2270.0], 'JobIds': ['101431102.0', '101432639.0'], 'State': 'finished', 'RecordedSite': True}, '60': {'Retries': 0, 'Restarts': 0, 'SiteHistory': ['Unknown', 'T1_US_FNAL', 'T1_US_FNAL'], 'ResidentSetSize': [985300], 'SubmitTimes': [1708554631.0], 'StartTimes': [1708555412.0], 'EndTimes': [1708557051.0], 'TotalUserCpuTimeHistory': [1053], 'TotalSysCpuTimeHistory': [39], 'WallDurations': [10.0, 172.16957831382751, 1639.0], 'JobIds': ['101431103.0'], 'State': 'finished', 'RecordedSite': True}, '59': {'Retries': 1, 'Restarts': 0, 'SiteHistory': ['Unknown', 'T1_US_FNAL', 'T1_US_FNAL', 'T1_US_FNAL', 'T1_US_FNAL'], 'ResidentSetSize': [963764, 38064], 'SubmitTimes': [1708554631.0, 1708557657.0], 'StartTimes': [1708555402.0, 1708557696.0], 'EndTimes': [1708555792.0, 1708557986.0], 'TotalUserCpuTimeHistory': [304, 219], 'TotalSysCpuTimeHistory': [10, 8], 'WallDurations': [10.0, 182.16957831382751, 390.0, 0, 290.0], 'JobIds': ['101431104.0', '101432475.0'], 'State': 'finished', 'RecordedSite': True}, '57': {'Retries': 0, 'Restarts': 0, 'SiteHistory': ['Unknown', 'T1_US_FNAL', 'T1_US_FNAL'], 'ResidentSetSize': [1143848], 'SubmitTimes': [1708554631.0], 'StartTimes': [1708555407.0], 'EndTimes': [1708557098.0], 'TotalUserCpuTimeHistory': [1387], 'TotalSysCpuTimeHistory': [32], 'WallDurations': [10.0, 177.16957831382751, 1691.0], 'JobIds': ['101431105.0'], 'State': 'finished', 'RecordedSite': True}, '62': {'Retries': 0, 'Restarts': 0, 'SiteHistory': ['Unknown', 'T1_US_FNAL', 'T1_US_FNAL'], 'ResidentSetSize': [1256168], 'SubmitTimes': [1708554631.0], 'StartTimes': [1708555403.0], 'EndTimes': [1708559351.0], 'TotalUserCpuTimeHistory': [2722], 'TotalSysCpuTimeHistory': [79], 'WallDurations': [9.0, 181.16957831382751, 3948.0], 'JobIds': ['101431106.0'], 'State': 'finished', 'RecordedSite': True}, '61': {'Retries': 0, 'Restarts': 0, 'SiteHistory': ['Unknown', 'T1_US_FNAL', 'T1_US_FNAL'], 'ResidentSetSize': [1563716], 'SubmitTimes': [1708554631.0], 'StartTimes': [1708555408.0], 'EndTimes': [1708559113.0], 'TotalUserCpuTimeHistory': [2740], 'TotalSysCpuTimeHistory': [80], 'WallDurations': [10.0, 176.16957831382751, 3705.0], 'JobIds': ['101431107.0'], 'State': 'finished', 'RecordedSite': True}, '63': {'Retries': 0, 'Restarts': 0, 'SiteHistory': ['Unknown', 'T1_US_FNAL', 'T1_US_FNAL'], 'ResidentSetSize': [1225756], 'SubmitTimes': [1708554631.0], 'StartTimes': [1708555405.0], 'EndTimes': [1708558175.0], 'TotalUserCpuTimeHistory': [2507], 'TotalSysCpuTimeHistory': [61], 'WallDurations': [9.0, 179.16957831382751, 2770.0], 'JobIds': ['101431108.0'], 'State': 'finished', 'RecordedSite': True}, '65': {'Retries': 0, 'Restarts': 0, 'SiteHistory': ['Unknown', 'T1_US_FNAL', 'T1_US_FNAL'], 'ResidentSetSize': [1095712], 'SubmitTimes': [1708554631.0], 'StartTimes': [1708555410.0], 'EndTimes': [1708557285.0], 'TotalUserCpuTimeHistory': [1612], 'TotalSysCpuTimeHistory': [85], 'WallDurations': [9.0, 174.16957831382751, 1875.0], 'JobIds': ['101431109.0'], 'State': 'finished', 'RecordedSite': True}, '68': {'Retries': 0, 'Restarts': 0, 'SiteHistory': ['Unknown', 'T1_US_FNAL', 'T1_US_FNAL'], 'ResidentSetSize': [1354768], 'SubmitTimes': [1708554631.0], 'StartTimes': [1708555409.0], 'EndTimes': [1708559036.0], 'TotalUserCpuTimeHistory': [2496], 'TotalSysCpuTimeHistory': [94], 'WallDurations': [10.0, 175.16957831382751, 3627.0], 'JobIds': ['101431110.0'], 'State': 'finished', 'RecordedSite': True}, '66': {'Retries': 1, 'Restarts': 0, 'SiteHistory': ['Unknown', 'T1_US_FNAL', 'T1_US_FNAL', 'T1_US_FNAL', 'T1_US_FNAL'], 'ResidentSetSize': [824192, 1270732], 'SubmitTimes': [1708554631.0, 1708557531.0], 'StartTimes': [1708555403.0, 1708557550.0], 'EndTimes': [1708555660.0, 1708557752.0], 'TotalUserCpuTimeHistory': [197, 127], 'TotalSysCpuTimeHistory': [9, 6], 'WallDurations': [10.0, 181.16957831382751, 257.0, 9.0, 202.0], 'JobIds': ['101431111.0', '101432470.0'], 'State': 'finished', 'RecordedSite': True}, '64': {'Retries': 0, 'Restarts': 0, 'SiteHistory': ['Unknown', 'T1_US_FNAL', 'T1_US_FNAL'], 'ResidentSetSize': [1145040], 'SubmitTimes': [1708554631.0], 'StartTimes': [1708555406.0], 'EndTimes': [1708557832.0], 'TotalUserCpuTimeHistory': [2173], 'TotalSysCpuTimeHistory': [61], 'WallDurations': [9.0, 178.16957831382751, 2426.0], 'JobIds': ['101431112.0'], 'State': 'finished', 'RecordedSite': True}, '69': {'Retries': 0, 'Restarts': 0, 'SiteHistory': ['Unknown', 'T1_US_FNAL', 'T1_US_FNAL'], 'ResidentSetSize': [1267940], 'SubmitTimes': [1708554631.0], 'StartTimes': [1708555404.0], 'EndTimes': [1708558047.0], 'TotalUserCpuTimeHistory': [2235], 'TotalSysCpuTimeHistory': [93], 'WallDurations': [8.0, 180.16957831382751, 2643.0], 'JobIds': ['101431113.0'], 'State': 'finished', 'RecordedSite': True}, '67': {'Retries': 0, 'Restarts': 0, 'SiteHistory': ['Unknown', 'T1_US_FNAL', 'T1_US_FNAL'], 'ResidentSetSize': [1250868], 'SubmitTimes': [1708554631.0], 'StartTimes': [1708555405.0], 'EndTimes': [1708558098.0], 'TotalUserCpuTimeHistory': [2448], 'TotalSysCpuTimeHistory': [55], 'WallDurations': [9.0, 179.16957831382751, 2693.0], 'JobIds': ['101431114.0'], 'State': 'finished', 'RecordedSite': True}, '71': {'Retries': 0, 'Restarts': 0, 'SiteHistory': ['Unknown', 'T1_US_FNAL', 'T1_US_FNAL'], 'ResidentSetSize': [1153476], 'SubmitTimes': [1708554631.0], 'StartTimes': [1708555405.0], 'EndTimes': [1708557934.0], 'TotalUserCpuTimeHistory': [2071], 'TotalSysCpuTimeHistory': [129], 'WallDurations': [9.0, 179.16957831382751, 2529.0], 'JobIds': ['101431115.0'], 'State': 'finished', 'RecordedSite': True}, '70': {'Retries': 0, 'Restarts': 0, 'SiteHistory': ['Unknown', 'T1_US_FNAL', 'T1_US_FNAL'], 'ResidentSetSize': [1212856], 'SubmitTimes': [1708554631.0], 'StartTimes': [1708555406.0], 'EndTimes': [1708556702.0], 'TotalUserCpuTimeHistory': [1045], 'TotalSysCpuTimeHistory': [31], 'WallDurations': [9.0, 178.16957831382751, 1296.0], 'JobIds': ['101431116.0'], 'State': 'finished', 'RecordedSite': True}, '74': {'Retries': 0, 'Restarts': 0, 'SiteHistory': ['Unknown', 'T1_US_FNAL', 'T1_US_FNAL'], 'ResidentSetSize': [1207696], 'SubmitTimes': [1708554631.0], 'StartTimes': [1708555406.0], 'EndTimes': [1708558579.0], 'TotalUserCpuTimeHistory': [2383], 'TotalSysCpuTimeHistory': [77], 'WallDurations': [11.0, 178.16957831382751, 3173.0], 'JobIds': ['101431117.0'], 'State': 'finished', 'RecordedSite': True}, '72': {'Retries': 0, 'Restarts': 0, 'SiteHistory': ['Unknown', 'T1_US_FNAL', 'T1_US_FNAL'], 'ResidentSetSize': [1255104], 'SubmitTimes': [1708554631.0], 'StartTimes': [1708555409.0], 'EndTimes': [1708559329.0], 'TotalUserCpuTimeHistory': [3074], 'TotalSysCpuTimeHistory': [96], 'WallDurations': [9.0, 175.16957831382751, 3920.0], 'JobIds': ['101431118.0'], 'State': 'finished', 'RecordedSite': True}, '73': {'Retries': 0, 'Restarts': 0, 'SiteHistory': ['Unknown', 'T1_US_FNAL', 'T1_US_FNAL'], 'ResidentSetSize': [1257480], 'SubmitTimes': [1708554631.0], 'StartTimes': [1708555404.0], 'EndTimes': [1708558400.0], 'TotalUserCpuTimeHistory': [2732], 'TotalSysCpuTimeHistory': [73], 'WallDurations': [10.0, 180.16957831382751, 2996.0], 'JobIds': ['101431119.0'], 'State': 'finished', 'RecordedSite': True}, '75': {'Retries': 0, 'Restarts': 0, 'SiteHistory': ['Unknown', 'T1_US_FNAL', 'T1_US_FNAL'], 'ResidentSetSize': [1040652], 'SubmitTimes': [1708554631.0], 'StartTimes': [1708555406.0], 'EndTimes': [1708555564.0], 'TotalUserCpuTimeHistory': [72], 'TotalSysCpuTimeHistory': [6], 'WallDurations': [158.0, 178.16957831382751, 178.16957831382751], 'JobIds': ['101431120.0'], 'State': 'finished', 'RecordedSite': True}, '77': {'Retries': 0, 'Restarts': 0, 'SiteHistory': ['Unknown', 'T1_RU_JINR', 'T1_RU_JINR'], 'ResidentSetSize': [1167872], 'SubmitTimes': [1708554631.0], 'StartTimes': [1708555401.0], 'EndTimes': [1708556532.0], 'TotalUserCpuTimeHistory': [911], 'TotalSysCpuTimeHistory': [25], 'WallDurations': [9.0, 183.16957831382751, 1131.0], 'JobIds': ['101431121.0'], 'State': 'finished', 'RecordedSite': True}, '76': {'Retries': 0, 'Restarts': 0, 'SiteHistory': ['Unknown', 'T1_US_FNAL', 'T1_US_FNAL'], 'ResidentSetSize': [1392152], 'SubmitTimes': [1708554631.0], 'StartTimes': [1708555403.0], 'EndTimes': [1708557703.0], 'TotalUserCpuTimeHistory': [1907], 'TotalSysCpuTimeHistory': [108], 'WallDurations': [9.0, 181.16957831382751, 2300.0], 'JobIds': ['101431122.0'], 'State': 'finished', 'RecordedSite': True}, '78': {'Retries': 0, 'Restarts': 0, 'SiteHistory': ['Unknown', 'T1_IT_CNAF', 'T1_IT_CNAF'], 'ResidentSetSize': [1239200], 'SubmitTimes': [1708554631.0], 'StartTimes': [1708555134.0], 'EndTimes': [1708555546.0], 'TotalUserCpuTimeHistory': [302], 'TotalSysCpuTimeHistory': [15], 'WallDurations': [8.0, 149.89006447792053, 412.0], 'JobIds': ['101431123.0'], 'State': 'finished', 'RecordedSite': True}, '22': {'Retries': 0, 'Restarts': 0, 'SiteHistory': ['Unknown', 'T1_US_FNAL', 'T1_US_FNAL'], 'ResidentSetSize': [1131748], 'SubmitTimes': [1708554631.0], 'StartTimes': [1708555403.0], 'EndTimes': [1708557265.0], 'TotalUserCpuTimeHistory': [1628], 'TotalSysCpuTimeHistory': [44], 'WallDurations': [9.0, 181.16957831382751, 1862.0], 'JobIds': ['101431124.0'], 'State': 'finished', 'RecordedSite': True}}
INFO 2024-02-22 18:05:32.218 UTC: 	 Status on the scheduler:	COMPLETED
INFO 2024-02-22 18:05:32.219 UTC: 	 
Jobs status:                    finished     		100.0% (78/78)
DEBUG 2024-02-22 18:05:32.219 UTC: 	 Encoded data for curl request: subresource=publicationstatus&workflow=240221_222858%3Ambuonsan_crab_SkimB4Mu_2023eraC-v2_stream6_Mini&username=mbuonsan
INFO 2024-02-22 18:05:32.394 UTC: 	 
Output dataset:			/FakeDataset/fakefile-FakePublish-17ef4f66009a3a5f235dc96ea1107abc/USER
INFO 2024-02-22 18:05:32.394 UTC: 	 
No publication information available yet
INFO 2024-02-22 18:05:32.397 UTC: 	 
Warning: the max jobs runtime is less than 30% of the task requested value (1250 min), please consider to request a lower value for failed jobs (allowed through crab resubmit) and/or improve the jobs splitting (e.g. config.Data.splitting = 'Automatic') in a new task.
INFO 2024-02-22 18:05:32.397 UTC: 	 
Summary of run jobs:
 * Memory: 37MB min, 1570MB max, 1184MB ave
 * Runtime: 0:02:58 min, 1:13:43 max, 0:36:31 ave
 * CPU eff: 44% min, 94% max, 85% ave
 * Waste: 8:45:54 (16% of total)

DEBUG 2024-02-22 18:05:32.398 UTC: 	 Requesting resubmission of failed jobs in task 240221_222858:mbuonsan_crab_SkimB4Mu_2023eraC-v2_stream6_Mini
ERROR 2024-02-22 18:05:32.398 UTC: 	 Found no jobs to resubmit. Only jobs in status failed can be resubmitted. Jobs in status finished can also be resubmitted, but only if the jobids are specified and the force option is set.
ERROR 2024-02-22 18:05:32.399 UTC: 	 Caught ClientException exception
Traceback (most recent call last):
  File "/cvmfs/cms.cern.ch/share/cms/crab-prod/v3.240110.01/bin/crab.py", line 152, in <module>
    client()
  File "/cvmfs/cms.cern.ch/share/cms/crab-prod/v3.240110.01/bin/crab.py", line 137, in __call__
    returnDict = self.cmd()
  File "/cvmfs/cms.cern.ch/share/cms/crab-prod/v3.240110.01/lib/CRABClient/Commands/resubmit.py", line 65, in __call__
    self.jobids = self.processJobIds(jobList)
  File "/cvmfs/cms.cern.ch/share/cms/crab-prod/v3.240110.01/lib/CRABClient/Commands/resubmit.py", line 171, in processJobIds
    raise ConfigurationException(msg)
CRABClient.ClientExceptions.ConfigurationException: Found no jobs to resubmit. Only jobs in status failed can be resubmitted. Jobs in status finished can also be resubmitted, but only if the jobids are specified and the force option is set.
