DEBUG 2024-02-21 22:41:36.920 UTC: 	 CRAB Client version: v3.240110
DEBUG 2024-02-21 22:41:36.920 UTC: 	 Running on: Linux ui02.recas.ba.infn.it 3.10.0-1160.80.1.el7.x86_64 #1 SMP Tue Nov 8 15:48:59 UTC 2022 x86_64 x86_64 x86_64 GNU/Linux - CentOS Linux 7 (Core)
DEBUG 2024-02-21 22:41:36.920 UTC: 	 Executing command: 'submit'
DEBUG 2024-02-21 22:41:36.920 UTC: 	 Found CRAB cache file /lustrehome/mbuonsante/.crab3
INFO 2024-02-21 22:41:36.921 UTC: 	 Will use CRAB configuration file CRAB_stream_0.py
DEBUG 2024-02-21 22:41:36.921 UTC: 	 Loading CRAB configuration file.
DEBUG 2024-02-21 22:41:36.925 UTC: 	 Will use CRAB plugin ANALYSIS (i.e. will run an analysis job type).
DEBUG 2024-02-21 22:41:36.930 UTC: 	 Checking credentials
DEBUG 2024-02-21 22:41:36.930 UTC: 	 Found proxy file /tmp/x509up_u881331
DEBUG 2024-02-21 22:41:36.930 UTC: 	 Making sure it has proper VOMS extension
DEBUG 2024-02-21 22:41:36.930 UTC: 	 Executing command :
 voms-proxy-info --vo --file /tmp/x509up_u881331
DEBUG 2024-02-21 22:41:38.666 UTC: 	 output : cms

 error: 
 retcode : 0
DEBUG 2024-02-21 22:41:38.666 UTC: 	 Getting proxy life time left
DEBUG 2024-02-21 22:41:38.666 UTC: 	 Executing command :
 voms-proxy-info --actimeleft --timeleft --file /tmp/x509up_u881331
DEBUG 2024-02-21 22:41:40.149 UTC: 	 output : 478717
478716

 error: 
 retcode : 0
DEBUG 2024-02-21 22:41:40.149 UTC: 	 Proxy valid for 132:58:36 hours
DEBUG 2024-02-21 22:41:40.150 UTC: 	 Encoded data for curl request: subresource=delegatedn
DEBUG 2024-02-21 22:41:40.328 UTC: 	 Registering user credentials on myproxy for /DC=ch/DC=cern/OU=computers/CN=crab-(preprod|prod|dev)-tw(01|02|03).cern.ch|/DC=ch/DC=cern/OU=computers/CN=stefanov(m|m2).cern.ch|/DC=ch/DC=cern/OU=computers/CN=dciangot-tw.cern.ch
DEBUG 2024-02-21 22:41:40.328 UTC: 	 Executing command :
 voms-proxy-info --identity --file /tmp/x509up_u881331
DEBUG 2024-02-21 22:41:41.969 UTC: 	 output : /DC=ch/DC=cern/OU=Organic Units/OU=Users/CN=mbuonsan/CN=866052/CN=Marco Buonsante

 error: 
 retcode : 0
DEBUG 2024-02-21 22:41:41.970 UTC: 	 Getting myproxy life time left for db438794163ae221c16ac5cdc1e476b2bc2ff634
DEBUG 2024-02-21 22:41:41.970 UTC: 	 Executing command :
 myproxy-info -s myproxy.cern.ch -l db438794163ae221c16ac5cdc1e476b2bc2ff634
DEBUG 2024-02-21 22:41:42.368 UTC: 	 output : username: db438794163ae221c16ac5cdc1e476b2bc2ff634
owner: /DC=ch/DC=cern/OU=Organic Units/OU=Users/CN=mbuonsan/CN=866052/CN=Marco Buonsante
  renewal policy: /DC=ch/DC=cern/OU=computers/CN=crab-(preprod|prod|dev)-tw(01|02|03).cern.ch|/DC=ch/DC=cern/OU=computers/CN=stefanov(m|m2).cern.ch|/DC=ch/DC=cern/OU=computers/CN=dciangot-tw.cern.ch
  trusted retrieval policy: /DC=ch/DC=cern/OU=computers/CN=crab-(preprod|prod|dev)-tw(01|02|03).cern.ch|/DC=ch/DC=cern/OU=computers/CN=stefanov(m|m2).cern.ch|/DC=ch/DC=cern/OU=computers/CN=dciangot-tw.cern.ch
  timeleft: 492:59:45  (20.5 days)

 error: 
 retcode : 0
DEBUG 2024-02-21 22:41:42.368 UTC: 	 Myproxy is valid: 1774740
DEBUG 2024-02-21 22:41:42.368 UTC: 	 Result of myproxy credential check:
  Credential exists on myproxy: username: db438794163ae221c16ac5cdc1e476b2bc2ff634  - validity: 20 days, 12:59:00
DEBUG 2024-02-21 22:41:42.368 UTC: 	 Command use: submit
DEBUG 2024-02-21 22:41:42.368 UTC: 	 Options use: ['-c', 'CRAB_stream_0.py']
DEBUG 2024-02-21 22:41:42.368 UTC: 	 Encoded data for curl request: subresource=version
DEBUG 2024-02-21 22:41:42.558 UTC: 	 CRABClient version: v3.240110
DEBUG 2024-02-21 22:41:42.558 UTC: 	 Instance is prod
DEBUG 2024-02-21 22:41:42.558 UTC: 	 Server base url is cmsweb.cern.ch
DEBUG 2024-02-21 22:41:42.558 UTC: 	 Command api workflow
DEBUG 2024-02-21 22:41:42.558 UTC: 	 Started submission
DEBUG 2024-02-21 22:41:42.558 UTC: 	 Working on /lustrehome/mbuonsante/B_4mu/CMSSW_13_0_13/src/B4muNtuplizer/CrabSubmission/2023_eraD-v2/crab_projects/crab_SkimB4Mu_2023eraD-v2_stream0_Mini
DEBUG 2024-02-21 22:41:42.559 UTC: 	 Encoded data for curl request: subresource=backendurls
DEBUG 2024-02-21 22:41:42.802 UTC: 	 Loading required information from the environment
DEBUG 2024-02-21 22:41:42.802 UTC: 	 Found CMSSW_13_0_13 for slc7_amd64_gcc11 with base /lustrehome/mbuonsante/B_4mu/CMSSW_13_0_13
DEBUG 2024-02-21 22:41:42.802 UTC: 	 Loading required information from the environment
DEBUG 2024-02-21 22:41:42.802 UTC: 	 Found CMSSW_13_0_13 for slc7_amd64_gcc11 with base /lustrehome/mbuonsante/B_4mu/CMSSW_13_0_13
DEBUG 2024-02-21 22:41:42.802 UTC: 	 UNIQUE NAME: tarUUID 8b412008-c568-4e33-b133-745fced2ca0a 
DEBUG 2024-02-21 22:41:42.802 UTC: 	 self.config: from WMCore.Configuration import Configuration
config = Configuration()
config.section_('General')
config.General.requestName = 'SkimB4Mu_2023eraD-v2_stream0_Mini'
config.General.workArea = 'crab_projects'
config.General.transferOutputs = True
config.General.transferLogs = False
config.section_('JobType')
config.JobType.psetName = '/lustrehome/mbuonsante/B_4mu/CMSSW_13_0_13/src/B4muNtuplizer/CrabSubmission/2023_eraD-v2/PatAndTree_cfg.py'
config.JobType.allowUndistributedCMSSW = True
config.JobType.pluginName = 'Analysis'
config.section_('Data')
config.Data.splitting = 'LumiBased'
config.Data.inputDataset = '/ParkingDoubleMuonLowMass0/Run2023D-22Sep2023_v2-v1/MINIAOD'
config.Data.inputDBS = 'global'
config.Data.lumiMask = 'https://cms-service-dqmdc.web.cern.ch/CAF/certification/Collisions23/Cert_Collisions2023_eraD_369803_370790_Golden.json'
config.Data.allowNonValidInputDataset = True
config.Data.outputDatasetTag = 'SkimB4Mu_2023eraD-v2_stream0_Mini'
config.Data.unitsPerJob = 50
config.section_('Site')
config.Site.ignoreGlobalBlacklist = True
config.Site.storageSite = 'T2_IT_Bari'
config.section_('User')
config.section_('Debug')

DEBUG 2024-02-21 22:41:42.802 UTC: 	 self.config.JobType.psetName: /lustrehome/mbuonsante/B_4mu/CMSSW_13_0_13/src/B4muNtuplizer/CrabSubmission/2023_eraD-v2/PatAndTree_cfg.py
INFO 2024-02-21 22:41:42.802 UTC: 	 Importing CMSSW configuration /lustrehome/mbuonsante/B_4mu/CMSSW_13_0_13/src/B4muNtuplizer/CrabSubmission/2023_eraD-v2/PatAndTree_cfg.py
INFO 2024-02-21 22:41:44.693 UTC: 	 Finished importing CMSSW configuration /lustrehome/mbuonsante/B_4mu/CMSSW_13_0_13/src/B4muNtuplizer/CrabSubmission/2023_eraD-v2/PatAndTree_cfg.py
DEBUG 2024-02-21 22:41:44.693 UTC: 	 Writing CMSSW configuration to /lustrehome/mbuonsante/B_4mu/CMSSW_13_0_13/src/B4muNtuplizer/CrabSubmission/2023_eraD-v2/crab_projects/crab_SkimB4Mu_2023eraD-v2_stream0_Mini/inputs/PSet.py
DEBUG 2024-02-21 22:41:44.784 UTC: 	 The following EDM output files will be collected: []
DEBUG 2024-02-21 22:41:44.784 UTC: 	 The following TFile output files will be collected: ['TreeData.root']
DEBUG 2024-02-21 22:41:44.784 UTC: 	 The following user output files (not listed as PoolOuputModule or TFileService in the CMSSW PSet) will be collected: 
DEBUG 2024-02-21 22:41:44.784 UTC: 	 Loading required information from the environment
DEBUG 2024-02-21 22:41:44.784 UTC: 	 Found CMSSW_13_0_13 for slc7_amd64_gcc11 with base /lustrehome/mbuonsante/B_4mu/CMSSW_13_0_13
DEBUG 2024-02-21 22:41:44.785 UTC: 	 Making tarball in /lustrehome/mbuonsante/B_4mu/CMSSW_13_0_13/src/B4muNtuplizer/CrabSubmission/2023_eraD-v2/crab_projects/crab_SkimB4Mu_2023eraD-v2_stream0_Mini/inputs/8b412008-c568-4e33-b133-745fced2ca0adefault.tgz
DEBUG 2024-02-21 22:41:44.785 UTC: 	 Checking directory /lustrehome/mbuonsante/B_4mu/CMSSW_13_0_13/bin
DEBUG 2024-02-21 22:41:44.785 UTC: 	 Adding directory /lustrehome/mbuonsante/B_4mu/CMSSW_13_0_13/bin to tarball
DEBUG 2024-02-21 22:41:44.787 UTC: 	 Checking directory /lustrehome/mbuonsante/B_4mu/CMSSW_13_0_13/python
DEBUG 2024-02-21 22:41:44.787 UTC: 	 Adding directory /lustrehome/mbuonsante/B_4mu/CMSSW_13_0_13/python to tarball
DEBUG 2024-02-21 22:41:44.834 UTC: 	 Checking directory /lustrehome/mbuonsante/B_4mu/CMSSW_13_0_13/cfipython
DEBUG 2024-02-21 22:41:44.834 UTC: 	 Adding directory /lustrehome/mbuonsante/B_4mu/CMSSW_13_0_13/cfipython to tarball
DEBUG 2024-02-21 22:41:44.841 UTC: 	 Checking directory /lustrehome/mbuonsante/B_4mu/CMSSW_13_0_13/lib
DEBUG 2024-02-21 22:41:44.841 UTC: 	 Adding directory /lustrehome/mbuonsante/B_4mu/CMSSW_13_0_13/lib to tarball
DEBUG 2024-02-21 22:41:45.244 UTC: 	 Checking directory /lustrehome/mbuonsante/B_4mu/CMSSW_13_0_13/biglib
DEBUG 2024-02-21 22:41:45.244 UTC: 	 Adding directory /lustrehome/mbuonsante/B_4mu/CMSSW_13_0_13/biglib to tarball
DEBUG 2024-02-21 22:41:45.245 UTC: 	 Checking directory /lustrehome/mbuonsante/B_4mu/CMSSW_13_0_13/module
DEBUG 2024-02-21 22:41:45.245 UTC: 	 Checking directory /lustrehome/mbuonsante/B_4mu/CMSSW_13_0_13/config/SCRAM/hooks
DEBUG 2024-02-21 22:41:45.245 UTC: 	 Adding directory /lustrehome/mbuonsante/B_4mu/CMSSW_13_0_13/config/SCRAM/hooks to tarball
DEBUG 2024-02-21 22:41:45.270 UTC: 	 Adding directory /lustrehome/mbuonsante/B_4mu/CMSSW_13_0_13/src/B4muNtuplizer/SkimTools/python to tarball
DEBUG 2024-02-21 22:41:45.280 UTC: 	 Adding directory /lustrehome/mbuonsante/B_4mu/CMSSW_13_0_13/src/CommonTools/CandAlgos/interface to tarball
DEBUG 2024-02-21 22:41:45.285 UTC: 	 Adding directory /lustrehome/mbuonsante/B_4mu/CMSSW_13_0_13/src/CommonTools/CandAlgos/python to tarball
DEBUG 2024-02-21 22:41:45.429 UTC: 	 Uploading archive /lustrehome/mbuonsante/B_4mu/CMSSW_13_0_13/src/B4muNtuplizer/CrabSubmission/2023_eraD-v2/crab_projects/crab_SkimB4Mu_2023eraD-v2_stream0_Mini/inputs/8b412008-c568-4e33-b133-745fced2ca0adefault.tgz (0.643555.1 MB) to the CRAB cache. Using URI https://cmsweb.cern.ch/S3/crabcache_prod
DEBUG 2024-02-21 22:41:45.811 UTC: 	 Encoded data for curl request: subresource=upload&objecttype=sandbox&tarballname=c21f585968b676319b78458a8dfff0d78967d784c1d5d78343c5cdc38d3be0e5.tar.gz
DEBUG 2024-02-21 22:41:46.004 UTC: 	 sandbox c21f585968b676319b78458a8dfff0d78967d784c1d5d78343c5cdc38d3be0e5.tar.gz is already in the S3 store, will not upload again
DEBUG 2024-02-21 22:41:46.004 UTC: 	 Loading required information from the environment
DEBUG 2024-02-21 22:41:46.004 UTC: 	 Found CMSSW_13_0_13 for slc7_amd64_gcc11 with base /lustrehome/mbuonsante/B_4mu/CMSSW_13_0_13
DEBUG 2024-02-21 22:41:46.004 UTC: 	 Making tarball in /lustrehome/mbuonsante/B_4mu/CMSSW_13_0_13/src/B4muNtuplizer/CrabSubmission/2023_eraD-v2/crab_projects/crab_SkimB4Mu_2023eraD-v2_stream0_Mini/inputs/debugFiles.tgz
DEBUG 2024-02-21 22:41:46.008 UTC: 	 Uploading archive /lustrehome/mbuonsante/B_4mu/CMSSW_13_0_13/src/B4muNtuplizer/CrabSubmission/2023_eraD-v2/crab_projects/crab_SkimB4Mu_2023eraD-v2_stream0_Mini/inputs/debugFiles.tgz (2 KB) to the CRAB cache. Using URI https://cmsweb.cern.ch/S3/crabcache_prod
DEBUG 2024-02-21 22:41:46.011 UTC: 	 Encoded data for curl request: subresource=upload&objecttype=sandbox&tarballname=4e3d7eb91924674df57e2d988ec9f9502c12c0042bc9bba0d54c4542556fbda2.tar.gz
DEBUG 2024-02-21 22:41:46.201 UTC: 	 Will execute:
curl -f -v -X POST  -H "User-Agent: CRAB" -F "key=mbuonsan/sandboxes/4e3d7eb91924674df57e2d988ec9f9502c12c0042bc9bba0d54c4542556fbda2.tar.gz" -F "AWSAccessKeyId=ab00fcc889f248c495d2875f15a3badb" -F "policy=eyJleHBpcmF0aW9uIjogIjIwMjQtMDItMjFUMjM6NDE6NDZaIiwgImNvbmRpdGlvbnMiOiBbeyJidWNrZXQiOiAiY3JhYmNhY2hlX3Byb2QifSwgeyJrZXkiOiAibWJ1b25zYW4vc2FuZGJveGVzLzRlM2Q3ZWI5MTkyNDY3NGRmNTdlMmQ5ODhlYzlmOTUwMmMxMmMwMDQyYmM5YmJhMGQ1NGM0NTQyNTU2ZmJkYTIudGFyLmd6In1dfQ==" -F "signature=TLFJ9SpqneM03U9rj+bzXgILADU=" -F "file=@/lustrehome/mbuonsante/B_4mu/CMSSW_13_0_13/src/B4muNtuplizer/CrabSubmission/2023_eraD-v2/crab_projects/crab_SkimB4Mu_2023eraD-v2_stream0_Mini/inputs/debugFiles.tgz" "https://s3.cern.ch/crabcache_prod"
DEBUG 2024-02-21 22:41:46.372 UTC: 	 exitcode: 0
stdout: b''
DEBUG 2024-02-21 22:41:46.372 UTC: 	 sandbox /lustrehome/mbuonsante/B_4mu/CMSSW_13_0_13/src/B4muNtuplizer/CrabSubmission/2023_eraD-v2/crab_projects/crab_SkimB4Mu_2023eraD-v2_stream0_Mini/inputs/debugFiles.tgz successully uploaded to S3
DEBUG 2024-02-21 22:41:46.372 UTC: 	 Result uploading input files: c21f585968b676319b78458a8dfff0d78967d784c1d5d78343c5cdc38d3be0e5.tar.gz 
DEBUG 2024-02-21 22:41:46.372 UTC: 	 Attaching lumi mask https://cms-service-dqmdc.web.cern.ch/CAF/certification/Collisions23/Cert_Collisions2023_eraD_369803_370790_Golden.json to the request
DEBUG 2024-02-21 22:41:46.372 UTC: 	 Downloading lumi-mask from https://cms-service-dqmdc.web.cern.ch/CAF/certification/Collisions23/Cert_Collisions2023_eraD_369803_370790_Golden.json
WARNING 2024-02-21 22:41:46.600 UTC: 	 Warning: The following output files will not be published, as they are not EDM files: ['TreeData.root']
DEBUG 2024-02-21 22:41:46.600 UTC: 	 submit() - self.configuration from WMCore.Configuration import Configuration
config = Configuration()
config.section_('General')
config.General.requestName = 'SkimB4Mu_2023eraD-v2_stream0_Mini'
config.General.workArea = 'crab_projects'
config.General.transferOutputs = True
config.General.transferLogs = False
config.section_('JobType')
config.JobType.psetName = '/lustrehome/mbuonsante/B_4mu/CMSSW_13_0_13/src/B4muNtuplizer/CrabSubmission/2023_eraD-v2/PatAndTree_cfg.py'
config.JobType.allowUndistributedCMSSW = True
config.JobType.pluginName = 'Analysis'
config.section_('Data')
config.Data.splitting = 'LumiBased'
config.Data.inputDataset = '/ParkingDoubleMuonLowMass0/Run2023D-22Sep2023_v2-v1/MINIAOD'
config.Data.inputDBS = 'global'
config.Data.lumiMask = 'https://cms-service-dqmdc.web.cern.ch/CAF/certification/Collisions23/Cert_Collisions2023_eraD_369803_370790_Golden.json'
config.Data.allowNonValidInputDataset = True
config.Data.outputDatasetTag = 'SkimB4Mu_2023eraD-v2_stream0_Mini'
config.Data.unitsPerJob = 50
config.section_('Site')
config.Site.ignoreGlobalBlacklist = True
config.Site.storageSite = 'T2_IT_Bari'
config.section_('User')
config.section_('Debug')

DEBUG 2024-02-21 22:41:46.600 UTC: 	 submit() - self.configreq {'dryrun': 0, 'workflow': 'crab_SkimB4Mu_2023eraD-v2_stream0_Mini', 'saveoutput': 1, 'savelogsflag': 0, 'inputdata': '/ParkingDoubleMuonLowMass0/Run2023D-22Sep2023_v2-v1/MINIAOD', 'primarydataset': '', 'nonvaliddata': 1, 'userfiles': [], 'dbsurl': 'https://cmsweb.cern.ch/dbs/prod/global/DBSReader', 'useparent': 0, 'ignorelocality': 0, 'splitalgo': 'LumiBased', 'algoargs': 50, 'totalunits': 0, 'publication': 1, 'publishdbsurl': 'https://cmsweb.cern.ch/dbs/prod/phys03/DBSWriter', 'publishname2': 'SkimB4Mu_2023eraD-v2_stream0_Mini', 'jobtype': 'Analysis', 'generator': 'pythia', 'addoutputfiles': [], 'maxjobruntime': 1250, 'numcores': 1, 'maxmemory': 2000, 'priority': 10, 'nonprodsw': 1, 'asyncdest': 'T2_IT_Bari', 'requireaccelerator': 0, 'oneEventMode': 0, 'extrajdl': [], 'ignoreglobalblacklist': 1, 'partialdataset': 0, 'inputblocks': []}
DEBUG 2024-02-21 22:41:46.601 UTC: 	 submit() - jobconfig {'addoutputfiles': [], 'tfileoutfiles': ['TreeData.root'], 'edmoutfiles': [], 'jobarch': 'slc7_amd64_gcc11', 'jobsw': 'CMSSW_13_0_13', 'inputdata': '/ParkingDoubleMuonLowMass0/Run2023D-22Sep2023_v2-v1/MINIAOD', 'cacheurl': 'https://cmsweb.cern.ch/S3/crabcache_prod', 'cachefilename': 'c21f585968b676319b78458a8dfff0d78967d784c1d5d78343c5cdc38d3be0e5.tar.gz', 'debugfilename': '4e3d7eb91924674df57e2d988ec9f9502c12c0042bc9bba0d54c4542556fbda2.tar.gz', 'runs': ['369927', '369943', '369956', '369978', '369998', '369999', '370093', '370097', '370102', '370129', '370144', '370169', '370172', '370175', '370293', '370294', '370300', '370304', '370307', '370321', '370332', '370340', '370354', '370357', '370406', '370436', '370460', '370472', '370497', '370522', '370560', '370579', '370580', '370667', '370717', '370725', '370749', '370753', '370772', '370774', '370775', '370776', '370790'], 'lumis': ['37,376', '1,384', '37,1076', '31,812', '1,179', '1,41', '1,450', '1,356', '1,762', '42,123,125,552', '1,715,717,1329', '46,454,456,490,492,526,528,562,564,598,600,935,1002,1014,1016,1019,1021,1033,1035,1449', '1,300', '92,757,759,1785', '39,1618', '1,668', '1,962', '1,327', '1,708', '39,52', '1,144,146,1523,1525,1968', '24,779', '34,311', '1,801', '37,121,123,738,746,869', '1,31', '8,123', '1,32,34,43', '1,115,117,1419,1426,1436', '48,369', '62,90,92,410', '33,113,120,123', '1,2875', '1,28,30,102', '39,157', '44,392,394,456', '49,173,175,483,485,966,968,1541', '1,249', '29,1247', '1,159', '1,168', '1,326', '54,76'], 'jobtype': 'Analysis'}
INFO 2024-02-21 22:41:46.601 UTC: 	 Sending the request to the server at cmsweb.cern.ch
DEBUG 2024-02-21 22:41:46.601 UTC: 	 Submitting {'dryrun': 0, 'workflow': 'crab_SkimB4Mu_2023eraD-v2_stream0_Mini', 'saveoutput': 1, 'savelogsflag': 0, 'inputdata': '/ParkingDoubleMuonLowMass0/Run2023D-22Sep2023_v2-v1/MINIAOD', 'primarydataset': '', 'nonvaliddata': 1, 'userfiles': [], 'dbsurl': 'https://cmsweb.cern.ch/dbs/prod/global/DBSReader', 'useparent': 0, 'ignorelocality': 0, 'splitalgo': 'LumiBased', 'algoargs': 50, 'totalunits': 0, 'publication': 1, 'publishdbsurl': 'https://cmsweb.cern.ch/dbs/prod/phys03/DBSWriter', 'publishname2': 'SkimB4Mu_2023eraD-v2_stream0_Mini', 'jobtype': 'Analysis', 'generator': 'pythia', 'addoutputfiles': [], 'maxjobruntime': 1250, 'numcores': 1, 'maxmemory': 2000, 'priority': 10, 'nonprodsw': 1, 'asyncdest': 'T2_IT_Bari', 'requireaccelerator': 0, 'oneEventMode': 0, 'extrajdl': [], 'ignoreglobalblacklist': 1, 'partialdataset': 0, 'inputblocks': [], 'tfileoutfiles': ['TreeData.root'], 'edmoutfiles': [], 'jobarch': 'slc7_amd64_gcc11', 'jobsw': 'CMSSW_13_0_13', 'cacheurl': 'https://cmsweb.cern.ch/S3/crabcache_prod', 'cachefilename': 'c21f585968b676319b78458a8dfff0d78967d784c1d5d78343c5cdc38d3be0e5.tar.gz', 'debugfilename': '4e3d7eb91924674df57e2d988ec9f9502c12c0042bc9bba0d54c4542556fbda2.tar.gz', 'runs': ['369927', '369943', '369956', '369978', '369998', '369999', '370093', '370097', '370102', '370129', '370144', '370169', '370172', '370175', '370293', '370294', '370300', '370304', '370307', '370321', '370332', '370340', '370354', '370357', '370406', '370436', '370460', '370472', '370497', '370522', '370560', '370579', '370580', '370667', '370717', '370725', '370749', '370753', '370772', '370774', '370775', '370776', '370790'], 'lumis': ['37,376', '1,384', '37,1076', '31,812', '1,179', '1,41', '1,450', '1,356', '1,762', '42,123,125,552', '1,715,717,1329', '46,454,456,490,492,526,528,562,564,598,600,935,1002,1014,1016,1019,1021,1033,1035,1449', '1,300', '92,757,759,1785', '39,1618', '1,668', '1,962', '1,327', '1,708', '39,52', '1,144,146,1523,1525,1968', '24,779', '34,311', '1,801', '37,121,123,738,746,869', '1,31', '8,123', '1,32,34,43', '1,115,117,1419,1426,1436', '48,369', '62,90,92,410', '33,113,120,123', '1,2875', '1,28,30,102', '39,157', '44,392,394,456', '49,173,175,483,485,966,968,1541', '1,249', '29,1247', '1,159', '1,168', '1,326', '54,76']} 
DEBUG 2024-02-21 22:41:46.602 UTC: 	 Encoded data for curl request: dryrun=0&workflow=crab_SkimB4Mu_2023eraD-v2_stream0_Mini&saveoutput=1&savelogsflag=0&inputdata=%2FParkingDoubleMuonLowMass0%2FRun2023D-22Sep2023_v2-v1%2FMINIAOD&primarydataset=&nonvaliddata=1&dbsurl=https%3A%2F%2Fcmsweb.cern.ch%2Fdbs%2Fprod%2Fglobal%2FDBSReader&useparent=0&ignorelocality=0&splitalgo=LumiBased&algoargs=50&totalunits=0&publication=1&publishdbsurl=https%3A%2F%2Fcmsweb.cern.ch%2Fdbs%2Fprod%2Fphys03%2FDBSWriter&publishname2=SkimB4Mu_2023eraD-v2_stream0_Mini&jobtype=Analysis&generator=pythia&maxjobruntime=1250&numcores=1&maxmemory=2000&priority=10&nonprodsw=1&asyncdest=T2_IT_Bari&requireaccelerator=0&oneEventMode=0&ignoreglobalblacklist=1&partialdataset=0&jobarch=slc7_amd64_gcc11&jobsw=CMSSW_13_0_13&cacheurl=https%3A%2F%2Fcmsweb.cern.ch%2FS3%2Fcrabcache_prod&cachefilename=c21f585968b676319b78458a8dfff0d78967d784c1d5d78343c5cdc38d3be0e5.tar.gz&debugfilename=4e3d7eb91924674df57e2d988ec9f9502c12c0042bc9bba0d54c4542556fbda2.tar.gz&tfileoutfiles=TreeData.root&runs=369927&runs=369943&runs=369956&runs=369978&runs=369998&runs=369999&runs=370093&runs=370097&runs=370102&runs=370129&runs=370144&runs=370169&runs=370172&runs=370175&runs=370293&runs=370294&runs=370300&runs=370304&runs=370307&runs=370321&runs=370332&runs=370340&runs=370354&runs=370357&runs=370406&runs=370436&runs=370460&runs=370472&runs=370497&runs=370522&runs=370560&runs=370579&runs=370580&runs=370667&runs=370717&runs=370725&runs=370749&runs=370753&runs=370772&runs=370774&runs=370775&runs=370776&runs=370790&lumis=37%2C376&lumis=1%2C384&lumis=37%2C1076&lumis=31%2C812&lumis=1%2C179&lumis=1%2C41&lumis=1%2C450&lumis=1%2C356&lumis=1%2C762&lumis=42%2C123%2C125%2C552&lumis=1%2C715%2C717%2C1329&lumis=46%2C454%2C456%2C490%2C492%2C526%2C528%2C562%2C564%2C598%2C600%2C935%2C1002%2C1014%2C1016%2C1019%2C1021%2C1033%2C1035%2C1449&lumis=1%2C300&lumis=92%2C757%2C759%2C1785&lumis=39%2C1618&lumis=1%2C668&lumis=1%2C962&lumis=1%2C327&lumis=1%2C708&lumis=39%2C52&lumis=1%2C144%2C146%2C1523%2C1525%2C1968&lumis=24%2C779&lumis=34%2C311&lumis=1%2C801&lumis=37%2C121%2C123%2C738%2C746%2C869&lumis=1%2C31&lumis=8%2C123&lumis=1%2C32%2C34%2C43&lumis=1%2C115%2C117%2C1419%2C1426%2C1436&lumis=48%2C369&lumis=62%2C90%2C92%2C410&lumis=33%2C113%2C120%2C123&lumis=1%2C2875&lumis=1%2C28%2C30%2C102&lumis=39%2C157&lumis=44%2C392%2C394%2C456&lumis=49%2C173%2C175%2C483%2C485%2C966%2C968%2C1541&lumis=1%2C249&lumis=29%2C1247&lumis=1%2C159&lumis=1%2C168&lumis=1%2C326&lumis=54%2C76
DEBUG 2024-02-21 22:41:46.821 UTC: 	 Result: {'result': [{'RequestName': '240221_224146:mbuonsan_crab_SkimB4Mu_2023eraD-v2_stream0_Mini'}]}
INFO 2024-02-21 22:41:46.822 UTC: 	 Success: Your task has been delivered to the prod CRAB3 server.
INFO 2024-02-21 22:41:46.822 UTC: 	 Task name: 240221_224146:mbuonsan_crab_SkimB4Mu_2023eraD-v2_stream0_Mini
INFO 2024-02-21 22:41:46.822 UTC: 	 Project dir: crab_projects/crab_SkimB4Mu_2023eraD-v2_stream0_Mini
INFO 2024-02-21 22:41:46.822 UTC: 	 Please use ' crab status -d crab_projects/crab_SkimB4Mu_2023eraD-v2_stream0_Mini ' to check how the submission process proceeds.
DEBUG 2024-02-21 22:41:46.822 UTC: 	 About to return
INFO 2024-02-21 22:41:46.827 UTC: 	 Log file is /lustrehome/mbuonsante/B_4mu/CMSSW_13_0_13/src/B4muNtuplizer/CrabSubmission/2023_eraD-v2/crab_projects/crab_SkimB4Mu_2023eraD-v2_stream0_Mini/crab.log
DEBUG 2024-02-22 20:34:07.975 UTC: 	 CRAB Client version: v3.240110
DEBUG 2024-02-22 20:34:07.975 UTC: 	 Running on: Linux ui02.recas.ba.infn.it 3.10.0-1160.80.1.el7.x86_64 #1 SMP Tue Nov 8 15:48:59 UTC 2022 x86_64 x86_64 x86_64 GNU/Linux - CentOS Linux 7 (Core)
DEBUG 2024-02-22 20:34:07.975 UTC: 	 Executing command: 'resubmit'
DEBUG 2024-02-22 20:34:07.975 UTC: 	 Found CRAB cache file /lustrehome/mbuonsante/.crab3
DEBUG 2024-02-22 20:34:07.994 UTC: 	 Checking credentials
DEBUG 2024-02-22 20:34:07.994 UTC: 	 Found proxy file /tmp/x509up_u881331
DEBUG 2024-02-22 20:34:07.994 UTC: 	 Making sure it has proper VOMS extension
DEBUG 2024-02-22 20:34:07.994 UTC: 	 Executing command :
 voms-proxy-info --vo --file /tmp/x509up_u881331
DEBUG 2024-02-22 20:34:09.208 UTC: 	 output : cms

 error: 
 retcode : 0
DEBUG 2024-02-22 20:34:09.209 UTC: 	 Getting proxy life time left
DEBUG 2024-02-22 20:34:09.209 UTC: 	 Executing command :
 voms-proxy-info --actimeleft --timeleft --file /tmp/x509up_u881331
DEBUG 2024-02-22 20:34:10.574 UTC: 	 output : 399967
399966

 error: 
 retcode : 0
DEBUG 2024-02-22 20:34:10.574 UTC: 	 Proxy valid for 111:06:06 hours
DEBUG 2024-02-22 20:34:10.575 UTC: 	 Encoded data for curl request: subresource=delegatedn
DEBUG 2024-02-22 20:34:10.745 UTC: 	 Registering user credentials on myproxy for /DC=ch/DC=cern/OU=computers/CN=crab-(preprod|prod|dev)-tw(01|02|03).cern.ch|/DC=ch/DC=cern/OU=computers/CN=stefanov(m|m2).cern.ch|/DC=ch/DC=cern/OU=computers/CN=dciangot-tw.cern.ch
DEBUG 2024-02-22 20:34:10.745 UTC: 	 Executing command :
 voms-proxy-info --identity --file /tmp/x509up_u881331
DEBUG 2024-02-22 20:34:11.891 UTC: 	 output : /DC=ch/DC=cern/OU=Organic Units/OU=Users/CN=mbuonsan/CN=866052/CN=Marco Buonsante

 error: 
 retcode : 0
DEBUG 2024-02-22 20:34:11.892 UTC: 	 Getting myproxy life time left for db438794163ae221c16ac5cdc1e476b2bc2ff634
DEBUG 2024-02-22 20:34:11.892 UTC: 	 Executing command :
 myproxy-info -s myproxy.cern.ch -l db438794163ae221c16ac5cdc1e476b2bc2ff634
DEBUG 2024-02-22 20:34:12.602 UTC: 	 output : username: db438794163ae221c16ac5cdc1e476b2bc2ff634
owner: /DC=ch/DC=cern/OU=Organic Units/OU=Users/CN=mbuonsan/CN=866052/CN=Marco Buonsante
  renewal policy: /DC=ch/DC=cern/OU=computers/CN=crab-(preprod|prod|dev)-tw(01|02|03).cern.ch|/DC=ch/DC=cern/OU=computers/CN=stefanov(m|m2).cern.ch|/DC=ch/DC=cern/OU=computers/CN=dciangot-tw.cern.ch
  trusted retrieval policy: /DC=ch/DC=cern/OU=computers/CN=crab-(preprod|prod|dev)-tw(01|02|03).cern.ch|/DC=ch/DC=cern/OU=computers/CN=stefanov(m|m2).cern.ch|/DC=ch/DC=cern/OU=computers/CN=dciangot-tw.cern.ch
  timeleft: 471:07:15  (19.6 days)

 error: 
 retcode : 0
DEBUG 2024-02-22 20:34:12.602 UTC: 	 Myproxy is valid: 1696020
DEBUG 2024-02-22 20:34:12.602 UTC: 	 Result of myproxy credential check:
  Credential exists on myproxy: username: db438794163ae221c16ac5cdc1e476b2bc2ff634  - validity: 19 days, 15:07:00
DEBUG 2024-02-22 20:34:12.603 UTC: 	 Encoded data for curl request: subresource=search&workflow=240221_224146%3Ambuonsan_crab_SkimB4Mu_2023eraD-v2_stream0_Mini
DEBUG 2024-02-22 20:34:12.802 UTC: 	 Command use: resubmit
DEBUG 2024-02-22 20:34:12.803 UTC: 	 Options use: ['-d', 'crab_projects/crab_SkimB4Mu_2023eraD-v2_stream0_Mini']
DEBUG 2024-02-22 20:34:12.803 UTC: 	 Encoded data for curl request: subresource=version
DEBUG 2024-02-22 20:34:12.982 UTC: 	 CRABClient version: v3.240110
DEBUG 2024-02-22 20:34:12.982 UTC: 	 Instance is prod
DEBUG 2024-02-22 20:34:12.982 UTC: 	 Server base url is cmsweb.cern.ch
DEBUG 2024-02-22 20:34:12.982 UTC: 	 Command api workflow
DEBUG 2024-02-22 20:34:13.006 UTC: 	 CRAB Client version: v3.240110
DEBUG 2024-02-22 20:34:13.007 UTC: 	 Running on: Linux ui02.recas.ba.infn.it 3.10.0-1160.80.1.el7.x86_64 #1 SMP Tue Nov 8 15:48:59 UTC 2022 x86_64 x86_64 x86_64 GNU/Linux - CentOS Linux 7 (Core)
DEBUG 2024-02-22 20:34:13.007 UTC: 	 Executing command: 'status'
DEBUG 2024-02-22 20:34:13.007 UTC: 	 Found CRAB cache file /lustrehome/mbuonsante/.crab3
DEBUG 2024-02-22 20:34:13.010 UTC: 	 Checking credentials
DEBUG 2024-02-22 20:34:13.010 UTC: 	 Found proxy file /tmp/x509up_u881331
DEBUG 2024-02-22 20:34:13.010 UTC: 	 Making sure it has proper VOMS extension
DEBUG 2024-02-22 20:34:13.010 UTC: 	 Executing command :
 voms-proxy-info --vo --file /tmp/x509up_u881331
DEBUG 2024-02-22 20:34:14.144 UTC: 	 output : cms

 error: 
 retcode : 0
DEBUG 2024-02-22 20:34:14.144 UTC: 	 Getting proxy life time left
DEBUG 2024-02-22 20:34:14.144 UTC: 	 Executing command :
 voms-proxy-info --actimeleft --timeleft --file /tmp/x509up_u881331
DEBUG 2024-02-22 20:34:15.317 UTC: 	 output : 399962
399961

 error: 
 retcode : 0
DEBUG 2024-02-22 20:34:15.318 UTC: 	 Proxy valid for 111:06:01 hours
DEBUG 2024-02-22 20:34:15.318 UTC: 	 Encoded data for curl request: subresource=delegatedn
DEBUG 2024-02-22 20:34:15.493 UTC: 	 Registering user credentials on myproxy for /DC=ch/DC=cern/OU=computers/CN=crab-(preprod|prod|dev)-tw(01|02|03).cern.ch|/DC=ch/DC=cern/OU=computers/CN=stefanov(m|m2).cern.ch|/DC=ch/DC=cern/OU=computers/CN=dciangot-tw.cern.ch
DEBUG 2024-02-22 20:34:15.493 UTC: 	 Executing command :
 voms-proxy-info --identity --file /tmp/x509up_u881331
DEBUG 2024-02-22 20:34:16.668 UTC: 	 output : /DC=ch/DC=cern/OU=Organic Units/OU=Users/CN=mbuonsan/CN=866052/CN=Marco Buonsante

 error: 
 retcode : 0
DEBUG 2024-02-22 20:34:16.668 UTC: 	 Getting myproxy life time left for db438794163ae221c16ac5cdc1e476b2bc2ff634
DEBUG 2024-02-22 20:34:16.668 UTC: 	 Executing command :
 myproxy-info -s myproxy.cern.ch -l db438794163ae221c16ac5cdc1e476b2bc2ff634
DEBUG 2024-02-22 20:34:16.993 UTC: 	 output : username: db438794163ae221c16ac5cdc1e476b2bc2ff634
owner: /DC=ch/DC=cern/OU=Organic Units/OU=Users/CN=mbuonsan/CN=866052/CN=Marco Buonsante
  renewal policy: /DC=ch/DC=cern/OU=computers/CN=crab-(preprod|prod|dev)-tw(01|02|03).cern.ch|/DC=ch/DC=cern/OU=computers/CN=stefanov(m|m2).cern.ch|/DC=ch/DC=cern/OU=computers/CN=dciangot-tw.cern.ch
  trusted retrieval policy: /DC=ch/DC=cern/OU=computers/CN=crab-(preprod|prod|dev)-tw(01|02|03).cern.ch|/DC=ch/DC=cern/OU=computers/CN=stefanov(m|m2).cern.ch|/DC=ch/DC=cern/OU=computers/CN=dciangot-tw.cern.ch
  timeleft: 471:07:11  (19.6 days)

 error: 
 retcode : 0
DEBUG 2024-02-22 20:34:16.993 UTC: 	 Myproxy is valid: 1696020
DEBUG 2024-02-22 20:34:16.993 UTC: 	 Result of myproxy credential check:
  Credential exists on myproxy: username: db438794163ae221c16ac5cdc1e476b2bc2ff634  - validity: 19 days, 15:07:00
DEBUG 2024-02-22 20:34:16.994 UTC: 	 Retrieving username ...
DEBUG 2024-02-22 20:34:16.994 UTC: 	 Retrieving username from CRIC...
DEBUG 2024-02-22 20:34:18.004 UTC: 	 username is mbuonsan
INFO 2024-02-22 20:34:19.387 UTC: 	 Rucio client intialized for account mbuonsan
DEBUG 2024-02-22 20:34:19.388 UTC: 	 Command use: status
DEBUG 2024-02-22 20:34:19.388 UTC: 	 Options use: []
DEBUG 2024-02-22 20:34:19.388 UTC: 	 Encoded data for curl request: subresource=version
DEBUG 2024-02-22 20:34:19.556 UTC: 	 CRABClient version: v3.240110
DEBUG 2024-02-22 20:34:19.556 UTC: 	 Instance is prod
DEBUG 2024-02-22 20:34:19.557 UTC: 	 Server base url is cmsweb.cern.ch
DEBUG 2024-02-22 20:34:19.557 UTC: 	 Command api workflow
DEBUG 2024-02-22 20:34:19.557 UTC: 	 Encoded data for curl request: subresource=search&workflow=240221_224146%3Ambuonsan_crab_SkimB4Mu_2023eraD-v2_stream0_Mini
DEBUG 2024-02-22 20:34:19.751 UTC: 	 Got information from server oracle database: {'desc': {'columns': ['tm_taskname', 'tm_activity', 'panda_jobset_id', 'tm_task_status', 'tm_task_command', 'tm_start_time', 'tm_start_injection', 'tm_end_injection', 'tm_task_failure', 'tm_job_sw', 'tm_job_arch', 'tm_input_dataset', 'tm_nonvalid_input_dataset', 'tm_use_parent', 'tm_site_whitelist', 'tm_site_blacklist', 'tm_split_algo', 'tm_split_args', 'tm_user_sandbox', 'tm_cache_url', 'tm_username', 'tm_user_dn', 'tm_user_vo', 'tm_user_role', 'tm_user_group', 'tm_publish_name', 'tm_publish_groupname', 'tm_asyncdest', 'tm_dbs_url', 'tm_publish_dbs_url', 'tm_publication', 'tm_outfiles', 'tm_tfile_outfiles', 'tm_edm_outfiles', 'tm_job_type', 'tm_generator', 'tm_events_per_lumi', 'tm_arguments', 'panda_resubmitted_jobs', 'tm_save_logs', 'tw_name', 'tm_user_infiles', 'tm_maxjobruntime', 'tm_numcores', 'tm_maxmemory', 'tm_priority', 'tm_output_dataset', 'tm_task_warnings', 'tm_user_webdir', 'tm_scriptexe', 'tm_scriptargs', 'tm_extrajdl', 'tm_asourl', 'tm_collector', 'tm_schedd', 'tm_dry_run', 'tm_user_files', 'tm_transfer_outputs', 'tm_output_lfn', 'tm_ignore_locality', 'tm_fail_limit', 'tm_one_event_mode', 'tm_secondary_input_dataset', 'tm_primary_dataset', 'tm_last_publication', 'tm_debug_files', 'clusterid', 'tm_asodb', 'tm_ignore_global_blacklist', 'tm_submitter_ip_addr', 'tm_totalunits', 'tm_ddm_reqid', 'tm_user_config', 'tm_transfer_container', 'tm_transfer_rule', 'tm_publish_rule', 'tm_multipub_rule']}, 'result': ['240221_224146:mbuonsan_crab_SkimB4Mu_2023eraD-v2_stream0_Mini', 'None', 'None', 'SUBMITTED', 'SUBMIT', '2024-02-21 22:41:46.798769', 'None', '2024-02-21 22:46:53.949969', 'None', 'CMSSW_13_0_13', 'slc7_amd64_gcc11', '/ParkingDoubleMuonLowMass0/Run2023D-22Sep2023_v2-v1/MINIAOD', 'T', '0', '[]', '[]', 'LumiBased', "{'halt_job_on_file_boundaries': False, 'splitOnRun': False, 'lumis_per_job': 50, 'runs': ['369927', '369943', '369956', '369978', '369998', '369999', '370093', '370097', '370102', '370129', '370144', '370169', '370172', '370175', '370293', '370294', '370300', '370304', '370307', '370321', '370332', '370340', '370354', '370357', '370406', '370436', '370460', '370472', '370497', '370522', '370560', '370579', '370580', '370667', '370717', '370725', '370749', '370753', '370772', '370774', '370775', '370776', '370790'], 'lumis': ['37,376', '1,384', '37,1076', '31,812', '1,179', '1,41', '1,450', '1,356', '1,762', '42,123,125,552', '1,715,717,1329', '46,454,456,490,492,526,528,562,564,598,600,935,1002,1014,1016,1019,1021,1033,1035,1449', '1,300', '92,757,759,1785', '39,1618', '1,668', '1,962', '1,327', '1,708', '39,52', '1,144,146,1523,1525,1968', '24,779', '34,311', '1,801', '37,121,123,738,746,869', '1,31', '8,123', '1,32,34,43', '1,115,117,1419,1426,1436', '48,369', '62,90,92,410', '33,113,120,123', '1,2875', '1,28,30,102', '39,157', '44,392,394,456', '49,173,175,483,485,966,968,1541', '1,249', '29,1247', '1,159', '1,168', '1,326', '54,76']}", 'c21f585968b676319b78458a8dfff0d78967d784c1d5d78343c5cdc38d3be0e5.tar.gz', 'https://cmsweb.cern.ch/S3/crabcache_prod', 'mbuonsan', '/DC=ch/DC=cern/OU=Organic Units/OU=Users/CN=mbuonsan/CN=866052/CN=Marco Buonsante', 'cms', 'None', 'None', 'SkimB4Mu_2023eraD-v2_stream0_Mini-00000000000000000000000000000000', 'F', 'T2_IT_Bari', 'https://cmsweb.cern.ch/dbs/prod/global/DBSReader', 'https://cmsweb.cern.ch/dbs/prod/phys03/DBSWriter', 'T', '[]', "['TreeData.root']", '[]', 'Analysis', 'pythia', 'None', '{}', 'None', 'F', 'crab-prod-tw01', '[]', '1250', '1', '2000', '10', "['/FakeDataset/fakefile-FakePublish-5c48fdd2c92775b9c8a59aa86bd55445/USER']", '[]', 'http://vocms0195.cern.ch/mon/mbuonsan/240221_224146:mbuonsan_crab_SkimB4Mu_2023eraD-v2_stream0_Mini', 'None', '[]', '[]', 'None', 'cmsgwms-collector-global.cern.ch:9620,cmsgwms-collector-global.fnal.gov:9620', 'crab3@vocms0195.cern.ch', 'F', '[]', 'T', '/store/user/mbuonsan/', 'F', 'None', 'F', 'None', 'ParkingDoubleMuonLowMass0', 'None', '4e3d7eb91924674df57e2d988ec9f9502c12c0042bc9bba0d54c4542556fbda2.tar.gz', '99128903', 'None', 'T', '188.185.89.202', '0.0', 'None', '{"partialdataset": false, "requireaccelerator": false, "acceleratorparams": null, "inputblocks": null}', 'None', 'None', 'None', 'None']}
INFO 2024-02-22 20:34:19.751 UTC: 	 CRAB project directory:		/lustrehome/mbuonsante/B_4mu/CMSSW_13_0_13/src/B4muNtuplizer/CrabSubmission/2023_eraD-v2/crab_projects/crab_SkimB4Mu_2023eraD-v2_stream0_Mini
INFO 2024-02-22 20:34:19.751 UTC: 	 Task name:			240221_224146:mbuonsan_crab_SkimB4Mu_2023eraD-v2_stream0_Mini
INFO 2024-02-22 20:34:19.751 UTC: 	 Grid scheduler - Task Worker:	crab3@vocms0195.cern.ch - crab-prod-tw01
INFO 2024-02-22 20:34:19.751 UTC: 	 Status on the CRAB server:	SUBMITTED
INFO 2024-02-22 20:34:19.751 UTC: 	 Task URL to use for HELP:	https://cmsweb.cern.ch/crabserver/ui/task/240221_224146%3Ambuonsan_crab_SkimB4Mu_2023eraD-v2_stream0_Mini
INFO 2024-02-22 20:34:19.762 UTC: 	 Dashboard monitoring URL:	https://monit-grafana.cern.ch/d/cmsTMDetail/cms-task-monitoring-task-view?orgId=11&var-user=mbuonsan&var-task=240221_224146%3Ambuonsan_crab_SkimB4Mu_2023eraD-v2_stream0_Mini&from=1708551706000&to=now
DEBUG 2024-02-22 20:34:19.762 UTC: 	 The CRAB server submitted your task to the Grid scheduler (cluster ID: 99128903)
DEBUG 2024-02-22 20:34:19.762 UTC: 	 Webdir is located at http://vocms0195.cern.ch/mon/mbuonsan/240221_224146:mbuonsan_crab_SkimB4Mu_2023eraD-v2_stream0_Mini
DEBUG 2024-02-22 20:34:19.762 UTC: 	 Encoded data for curl request: subresource=webdirprx&workflow=240221_224146%3Ambuonsan_crab_SkimB4Mu_2023eraD-v2_stream0_Mini
DEBUG 2024-02-22 20:34:19.931 UTC: 	 Proxied webdir is located at https://cmsweb.cern.ch:8443/scheddmon/0195/mbuonsan/240221_224146:mbuonsan_crab_SkimB4Mu_2023eraD-v2_stream0_Mini
DEBUG 2024-02-22 20:34:19.931 UTC: 	 Retrieving 'status_cache' file from https://cmsweb.cern.ch:8443/scheddmon/0195/mbuonsan/240221_224146:mbuonsan_crab_SkimB4Mu_2023eraD-v2_stream0_Mini/status_cache.pkl
DEBUG 2024-02-22 20:34:19.931 UTC: 	 Will execute:
curl -sS --capath /etc/grid-security/certificates --cert /tmp/x509up_u881331 --key /tmp/x509up_u881331 -o /tmp/crab_status-cache-6xqae4mk.pkl -w %"{http_code}" "https://cmsweb.cern.ch:8443/scheddmon/0195/mbuonsan/240221_224146:mbuonsan_crab_SkimB4Mu_2023eraD-v2_stream0_Mini/status_cache.pkl"
DEBUG 2024-02-22 20:34:19.931 UTC: 	 Executing command :
 curl -sS --capath /etc/grid-security/certificates --cert /tmp/x509up_u881331 --key /tmp/x509up_u881331 -o /tmp/crab_status-cache-6xqae4mk.pkl -w %"{http_code}" "https://cmsweb.cern.ch:8443/scheddmon/0195/mbuonsan/240221_224146:mbuonsan_crab_SkimB4Mu_2023eraD-v2_stream0_Mini/status_cache.pkl"
DEBUG 2024-02-22 20:34:20.133 UTC: 	 output : 200
 error: 
 retcode : 0
DEBUG 2024-02-22 20:34:20.134 UTC: 	 exitcode: 0
stdout: 200
stderr: 
error details: 
DEBUG 2024-02-22 20:34:20.135 UTC: 	 Got information from status cache file: {'3': {'Retries': 0, 'Restarts': 0, 'SiteHistory': ['Unknown', 'T2_FR_IPHC', 'T2_FR_IPHC'], 'ResidentSetSize': [1564248], 'SubmitTimes': [1708555625.0], 'StartTimes': [1708557190.0], 'EndTimes': [1708559270.0], 'TotalUserCpuTimeHistory': [1673], 'TotalSysCpuTimeHistory': [47], 'WallDurations': [10.0, 297.563099861145, 2080.0], 'JobIds': ['99128908.0'], 'State': 'finished', 'RecordedSite': True}, '12': {'Retries': 1, 'Restarts': 0, 'SiteHistory': ['Unknown', 'T2_FR_IPHC', 'T2_FR_IPHC', 'T1_US_FNAL', 'T1_US_FNAL'], 'ResidentSetSize': [1308064, 1312880], 'SubmitTimes': [1708555625.0, 1708558427.0], 'StartTimes': [1708555949.0, 1708558510.0], 'EndTimes': [1708556553.0, 1708559450.0], 'TotalUserCpuTimeHistory': [534, 796], 'TotalSysCpuTimeHistory': [13, 26], 'WallDurations': [8.0, 31.218778371810913, 604.0, 9.0, 940.0], 'JobIds': ['99128910.0', '99130039.0'], 'State': 'finished', 'RecordedSite': True}, '18': {'Retries': 0, 'Restarts': 0, 'SiteHistory': ['Unknown', 'T2_DE_DESY', 'T2_DE_DESY'], 'ResidentSetSize': [1567568], 'SubmitTimes': [1708555625.0], 'StartTimes': [1708557431.0], 'EndTimes': [1708560449.0], 'TotalUserCpuTimeHistory': [2726], 'TotalSysCpuTimeHistory': [89], 'WallDurations': [8.0, 56.56309986114502, 3018.0], 'JobIds': ['99128911.0'], 'State': 'finished', 'RecordedSite': True}, '1': {'Retries': 0, 'Restarts': 0, 'SiteHistory': ['Unknown', 'T2_FR_IPHC', 'T2_FR_IPHC'], 'ResidentSetSize': [1570240], 'SubmitTimes': [1708555625.0], 'StartTimes': [1708557279.0], 'EndTimes': [1708559207.0], 'TotalUserCpuTimeHistory': [1699], 'TotalSysCpuTimeHistory': [46], 'WallDurations': [9.0, 208.56309986114502, 1928.0], 'JobIds': ['99128912.0'], 'State': 'finished', 'RecordedSite': True}, '2': {'Retries': 0, 'Restarts': 0, 'SiteHistory': ['Unknown', 'T2_FR_IPHC', 'T2_FR_IPHC'], 'ResidentSetSize': [1559872], 'SubmitTimes': [1708555625.0], 'StartTimes': [1708557660.0], 'EndTimes': [1708559470.0], 'TotalUserCpuTimeHistory': [1499], 'TotalSysCpuTimeHistory': [31], 'WallDurations': [8.0, 129.01592993736267, 1810.0], 'JobIds': ['99128913.0'], 'State': 'finished', 'RecordedSite': True}, '4': {'Retries': 0, 'Restarts': 0, 'SiteHistory': ['Unknown', 'T2_FR_IPHC', 'T2_FR_IPHC'], 'ResidentSetSize': [1554804], 'SubmitTimes': [1708555625.0], 'StartTimes': [1708557660.0], 'EndTimes': [1708559653.0], 'TotalUserCpuTimeHistory': [1763], 'TotalSysCpuTimeHistory': [40], 'WallDurations': [8.0, 129.01592993736267, 1993.0], 'JobIds': ['99128914.0'], 'State': 'finished', 'RecordedSite': True}, '5': {'Retries': 0, 'Restarts': 0, 'SiteHistory': ['Unknown', 'T2_FR_IPHC', 'T2_FR_IPHC'], 'ResidentSetSize': [1565996], 'SubmitTimes': [1708555625.0], 'StartTimes': [1708557661.0], 'EndTimes': [1708559219.0], 'TotalUserCpuTimeHistory': [1385], 'TotalSysCpuTimeHistory': [32], 'WallDurations': [8.0, 128.01592993736267, 1558.0], 'JobIds': ['99128915.0'], 'State': 'finished', 'RecordedSite': True}, '6': {'Retries': 0, 'Restarts': 0, 'SiteHistory': ['Unknown', 'T2_FR_IPHC', 'T2_FR_IPHC'], 'ResidentSetSize': [1556652], 'SubmitTimes': [1708555625.0], 'StartTimes': [1708556477.0], 'EndTimes': [1708558597.0], 'TotalUserCpuTimeHistory': [1643], 'TotalSysCpuTimeHistory': [41], 'WallDurations': [9.0, 105.17748022079468, 2120.0], 'JobIds': ['99128916.0'], 'State': 'finished', 'RecordedSite': True}, '7': {'Retries': 0, 'Restarts': 0, 'SiteHistory': ['Unknown', 'T2_FR_IPHC', 'T2_FR_IPHC'], 'ResidentSetSize': [1523648], 'SubmitTimes': [1708555625.0], 'StartTimes': [1708556556.0], 'EndTimes': [1708558713.0], 'TotalUserCpuTimeHistory': [1797], 'TotalSysCpuTimeHistory': [44], 'WallDurations': [9.0, 26.177480220794678, 2157.0], 'JobIds': ['99128917.0'], 'State': 'finished', 'RecordedSite': True}, '8': {'Retries': 0, 'Restarts': 0, 'SiteHistory': ['Unknown', 'T2_FR_IPHC', 'T2_FR_IPHC'], 'ResidentSetSize': [1554940], 'SubmitTimes': [1708555625.0], 'StartTimes': [1708556748.0], 'EndTimes': [1708558052.0], 'TotalUserCpuTimeHistory': [1170], 'TotalSysCpuTimeHistory': [30], 'WallDurations': [9.0, 136.53084564208984, 1304.0], 'JobIds': ['99128918.0'], 'State': 'finished', 'RecordedSite': True}, '9': {'Retries': 0, 'Restarts': 0, 'SiteHistory': ['Unknown', 'T2_FR_IPHC', 'T2_FR_IPHC'], 'ResidentSetSize': [1544160], 'SubmitTimes': [1708555625.0], 'StartTimes': [1708556804.0], 'EndTimes': [1708558682.0], 'TotalUserCpuTimeHistory': [1497], 'TotalSysCpuTimeHistory': [52], 'WallDurations': [8.0, 80.53084564208984, 1878.0], 'JobIds': ['99128919.0'], 'State': 'finished', 'RecordedSite': True}, '10': {'Retries': 0, 'Restarts': 0, 'SiteHistory': ['Unknown', 'T2_FR_IPHC', 'T2_FR_IPHC'], 'ResidentSetSize': [1414568], 'SubmitTimes': [1708555625.0], 'StartTimes': [1708556989.0], 'EndTimes': [1708558304.0], 'TotalUserCpuTimeHistory': [952], 'TotalSysCpuTimeHistory': [33], 'WallDurations': [9.0, 197.08938002586365, 1315.0], 'JobIds': ['99128920.0'], 'State': 'finished', 'RecordedSite': True}, '11': {'Retries': 0, 'Restarts': 0, 'SiteHistory': ['Unknown', 'T2_FR_IPHC', 'T2_FR_IPHC'], 'ResidentSetSize': [1259432], 'SubmitTimes': [1708555625.0], 'StartTimes': [1708557022.0], 'EndTimes': [1708557186.0], 'TotalUserCpuTimeHistory': [115], 'TotalSysCpuTimeHistory': [5], 'WallDurations': [163.0, 164.08938002586365, 164.0], 'JobIds': ['99128921.0'], 'State': 'finished', 'RecordedSite': True}, '13': {'Retries': 0, 'Restarts': 0, 'SiteHistory': ['Unknown', 'T2_DE_DESY', 'T2_DE_DESY'], 'ResidentSetSize': [1319016], 'SubmitTimes': [1708555625.0], 'StartTimes': [1708557519.0], 'EndTimes': [1708558304.0], 'TotalUserCpuTimeHistory': [697], 'TotalSysCpuTimeHistory': [18], 'WallDurations': [9.0, 270.01592993736267, 785.0], 'JobIds': ['99128922.0'], 'State': 'finished', 'RecordedSite': True}, '14': {'Retries': 0, 'Restarts': 0, 'SiteHistory': ['Unknown', 'T2_DE_DESY', 'T2_DE_DESY'], 'ResidentSetSize': [1485236], 'SubmitTimes': [1708555625.0], 'StartTimes': [1708557539.0], 'EndTimes': [1708558457.0], 'TotalUserCpuTimeHistory': [822], 'TotalSysCpuTimeHistory': [25], 'WallDurations': [8.0, 250.01592993736267, 918.0], 'JobIds': ['99128923.0'], 'State': 'finished', 'RecordedSite': True}, '15': {'Retries': 0, 'Restarts': 0, 'SiteHistory': ['Unknown', 'T2_DE_DESY', 'T2_DE_DESY'], 'ResidentSetSize': [1441532], 'SubmitTimes': [1708555625.0], 'StartTimes': [1708557571.0], 'EndTimes': [1708558758.0], 'TotalUserCpuTimeHistory': [1044], 'TotalSysCpuTimeHistory': [31], 'WallDurations': [10.0, 218.01592993736267, 1187.0], 'JobIds': ['99128924.0'], 'State': 'finished', 'RecordedSite': True}, '16': {'Retries': 0, 'Restarts': 0, 'SiteHistory': ['Unknown', 'T2_DE_DESY', 'T2_DE_DESY'], 'ResidentSetSize': [1564904], 'SubmitTimes': [1708555625.0], 'StartTimes': [1708557572.0], 'EndTimes': [1708559284.0], 'TotalUserCpuTimeHistory': [1460], 'TotalSysCpuTimeHistory': [39], 'WallDurations': [9.0, 217.01592993736267, 1712.0], 'JobIds': ['99128925.0'], 'State': 'finished', 'RecordedSite': True}, '17': {'Retries': 0, 'Restarts': 0, 'SiteHistory': ['Unknown', 'T2_DE_DESY', 'T2_DE_DESY'], 'ResidentSetSize': [1567520], 'SubmitTimes': [1708555625.0], 'StartTimes': [1708557601.0], 'EndTimes': [1708559326.0], 'TotalUserCpuTimeHistory': [1568], 'TotalSysCpuTimeHistory': [38], 'WallDurations': [8.0, 188.01592993736267, 1725.0], 'JobIds': ['99128926.0'], 'State': 'finished', 'RecordedSite': True}, '19': {'Retries': 0, 'Restarts': 0, 'SiteHistory': ['Unknown', 'T2_DE_DESY', 'T2_DE_DESY'], 'ResidentSetSize': [1573860], 'SubmitTimes': [1708555625.0], 'StartTimes': [1708557636.0], 'EndTimes': [1708558993.0], 'TotalUserCpuTimeHistory': [1206], 'TotalSysCpuTimeHistory': [36], 'WallDurations': [9.0, 153.01592993736267, 1357.0], 'JobIds': ['99128927.0'], 'State': 'finished', 'RecordedSite': True}, '20': {'Retries': 0, 'Restarts': 0, 'SiteHistory': ['Unknown', 'T2_DE_DESY', 'T2_DE_DESY'], 'ResidentSetSize': [1573864], 'SubmitTimes': [1708555625.0], 'StartTimes': [1708557650.0], 'EndTimes': [1708559286.0], 'TotalUserCpuTimeHistory': [1394], 'TotalSysCpuTimeHistory': [34], 'WallDurations': [9.0, 139.01592993736267, 1636.0], 'JobIds': ['99128928.0'], 'State': 'finished', 'RecordedSite': True}, '23': {'Retries': 0, 'Restarts': 0, 'SiteHistory': ['Unknown', 'T2_DE_DESY', 'T2_DE_DESY'], 'ResidentSetSize': [1560060], 'SubmitTimes': [1708555626.0], 'StartTimes': [1708557668.0], 'EndTimes': [1708559812.0], 'TotalUserCpuTimeHistory': [1952], 'TotalSysCpuTimeHistory': [41], 'WallDurations': [8.0, 121.01592993736267, 2144.0], 'JobIds': ['99128929.0'], 'State': 'finished', 'RecordedSite': True}, '22': {'Retries': 0, 'Restarts': 0, 'SiteHistory': ['Unknown', 'T2_DE_DESY', 'T2_DE_DESY'], 'ResidentSetSize': [1448988], 'SubmitTimes': [1708555626.0], 'StartTimes': [1708557692.0], 'EndTimes': [1708561299.0], 'TotalUserCpuTimeHistory': [3111], 'TotalSysCpuTimeHistory': [93], 'WallDurations': [9.0, 97.01592993736267, 3607.0], 'JobIds': ['99128930.0'], 'State': 'finished', 'RecordedSite': True}, '25': {'Retries': 0, 'Restarts': 0, 'SiteHistory': ['Unknown', 'T2_DE_DESY', 'T2_DE_DESY'], 'ResidentSetSize': [1568572], 'SubmitTimes': [1708555626.0], 'StartTimes': [1708557716.0], 'EndTimes': [1708559745.0], 'TotalUserCpuTimeHistory': [1852], 'TotalSysCpuTimeHistory': [39], 'WallDurations': [9.0, 73.01592993736267, 2029.0], 'JobIds': ['99128931.0'], 'State': 'finished', 'RecordedSite': True}, '26': {'Retries': 0, 'Restarts': 0, 'SiteHistory': ['Unknown', 'T2_DE_DESY', 'T2_DE_DESY'], 'ResidentSetSize': [1545648], 'SubmitTimes': [1708555626.0], 'StartTimes': [1708557718.0], 'EndTimes': [1708559803.0], 'TotalUserCpuTimeHistory': [1867], 'TotalSysCpuTimeHistory': [59], 'WallDurations': [9.0, 71.01592993736267, 2085.0], 'JobIds': ['99128932.0'], 'State': 'finished', 'RecordedSite': True}, '28': {'Retries': 0, 'Restarts': 0, 'SiteHistory': ['Unknown', 'T2_DE_DESY', 'T2_DE_DESY'], 'ResidentSetSize': [1562028], 'SubmitTimes': [1708555626.0], 'StartTimes': [1708557736.0], 'EndTimes': [1708559569.0], 'TotalUserCpuTimeHistory': [1684], 'TotalSysCpuTimeHistory': [35], 'WallDurations': [9.0, 53.01592993736267, 1833.0], 'JobIds': ['99128933.0'], 'State': 'finished', 'RecordedSite': True}, '24': {'Retries': 0, 'Restarts': 0, 'SiteHistory': ['Unknown', 'T2_DE_DESY', 'T2_DE_DESY'], 'ResidentSetSize': [1468264], 'SubmitTimes': [1708555626.0], 'StartTimes': [1708557752.0], 'EndTimes': [1708558832.0], 'TotalUserCpuTimeHistory': [981], 'TotalSysCpuTimeHistory': [25], 'WallDurations': [8.0, 37.01592993736267, 1080.0], 'JobIds': ['99128934.0'], 'State': 'finished', 'RecordedSite': True}, '27': {'Retries': 0, 'Restarts': 0, 'SiteHistory': ['Unknown', 'T2_DE_DESY', 'T2_DE_DESY'], 'ResidentSetSize': [1456520], 'SubmitTimes': [1708555626.0], 'StartTimes': [1708557768.0], 'EndTimes': [1708559175.0], 'TotalUserCpuTimeHistory': [1250], 'TotalSysCpuTimeHistory': [36], 'WallDurations': [8.0, 21.01592993736267, 1407.0], 'JobIds': ['99128935.0'], 'State': 'finished', 'RecordedSite': True}, '30': {'Retries': 0, 'Restarts': 0, 'SiteHistory': ['Unknown', 'T2_DE_DESY', 'T2_DE_DESY'], 'ResidentSetSize': [1444204], 'SubmitTimes': [1708555626.0], 'StartTimes': [1708557779.0], 'EndTimes': [1708559259.0], 'TotalUserCpuTimeHistory': [1241], 'TotalSysCpuTimeHistory': [36], 'WallDurations': [9.0, 10.015929937362671, 1480.0], 'JobIds': ['99128936.0'], 'State': 'finished', 'RecordedSite': True}, '29': {'Retries': 0, 'Restarts': 0, 'SiteHistory': ['Unknown', 'T2_DE_DESY', 'T2_DE_DESY'], 'ResidentSetSize': [1565236], 'SubmitTimes': [1708555626.0], 'StartTimes': [1708557787.0], 'EndTimes': [1708559396.0], 'TotalUserCpuTimeHistory': [1419], 'TotalSysCpuTimeHistory': [41], 'WallDurations': [0, 2.015929937362671, 1609.0], 'JobIds': ['99128937.0'], 'State': 'finished', 'RecordedSite': True}, '31': {'Retries': 0, 'Restarts': 0, 'SiteHistory': ['Unknown', 'T2_DE_DESY', 'T2_DE_DESY'], 'ResidentSetSize': [1274864], 'SubmitTimes': [1708555626.0], 'StartTimes': [1708557832.0], 'EndTimes': [1708558845.0], 'TotalUserCpuTimeHistory': [874], 'TotalSysCpuTimeHistory': [36], 'WallDurations': [8.0, 259.1058385372162, 1013.0], 'JobIds': ['99128938.0'], 'State': 'finished', 'RecordedSite': True}, '33': {'Retries': 0, 'Restarts': 0, 'SiteHistory': ['Unknown', 'T1_ES_PIC', 'T1_ES_PIC'], 'ResidentSetSize': [1840672], 'SubmitTimes': [1708555626.0], 'StartTimes': [1708555971.0], 'EndTimes': [1708558444.0], 'TotalUserCpuTimeHistory': [1945], 'TotalSysCpuTimeHistory': [77], 'WallDurations': [0, 9.218778371810913, 2473.0], 'JobIds': ['99128939.0'], 'State': 'finished', 'RecordedSite': True}, '35': {'Retries': 0, 'Restarts': 0, 'SiteHistory': ['Unknown', 'T1_ES_PIC', 'T1_ES_PIC'], 'ResidentSetSize': [1845988], 'SubmitTimes': [1708555626.0], 'StartTimes': [1708556338.0], 'EndTimes': [1708559318.0], 'TotalUserCpuTimeHistory': [2355], 'TotalSysCpuTimeHistory': [87], 'WallDurations': [8.0, 244.17748022079468, 2980.0], 'JobIds': ['99128940.0'], 'State': 'finished', 'RecordedSite': True}, '34': {'Retries': 0, 'Restarts': 0, 'SiteHistory': ['Unknown', 'T1_ES_PIC', 'T1_ES_PIC'], 'ResidentSetSize': [1561076], 'SubmitTimes': [1708555626.0], 'StartTimes': [1708556419.0], 'EndTimes': [1708558196.0], 'TotalUserCpuTimeHistory': [1490], 'TotalSysCpuTimeHistory': [49], 'WallDurations': [8.0, 163.17748022079468, 1777.0], 'JobIds': ['99128941.0'], 'State': 'finished', 'RecordedSite': True}, '32': {'Retries': 0, 'Restarts': 0, 'SiteHistory': ['Unknown', 'T2_CH_CSCS', 'T2_CH_CSCS'], 'ResidentSetSize': [1432244], 'SubmitTimes': [1708555626.0], 'StartTimes': [1708556223.0], 'EndTimes': [1708557095.0], 'TotalUserCpuTimeHistory': [480], 'TotalSysCpuTimeHistory': [18], 'WallDurations': [9.0, 57.463950395584106, 872.0], 'JobIds': ['99128942.0'], 'State': 'finished', 'RecordedSite': True}, '37': {'Retries': 0, 'Restarts': 0, 'SiteHistory': ['Unknown', 'T1_ES_PIC', 'T1_ES_PIC'], 'ResidentSetSize': [1552848], 'SubmitTimes': [1708555626.0], 'StartTimes': [1708556779.0], 'EndTimes': [1708558729.0], 'TotalUserCpuTimeHistory': [1535], 'TotalSysCpuTimeHistory': [50], 'WallDurations': [9.0, 105.53084564208984, 1950.0], 'JobIds': ['99128943.0'], 'State': 'finished', 'RecordedSite': True}, '38': {'Retries': 0, 'Restarts': 0, 'SiteHistory': ['Unknown', 'T1_ES_PIC', 'T1_ES_PIC'], 'ResidentSetSize': [1692028], 'SubmitTimes': [1708555626.0], 'StartTimes': [1708556961.0], 'EndTimes': [1708558803.0], 'TotalUserCpuTimeHistory': [1455], 'TotalSysCpuTimeHistory': [75], 'WallDurations': [8.0, 225.08938002586365, 1842.0], 'JobIds': ['99128944.0'], 'State': 'finished', 'RecordedSite': True}, '40': {'Retries': 0, 'Restarts': 0, 'SiteHistory': ['Unknown', 'T1_ES_PIC', 'T1_ES_PIC'], 'ResidentSetSize': [1263884], 'SubmitTimes': [1708555626.0], 'StartTimes': [1708557391.0], 'EndTimes': [1708557711.0], 'TotalUserCpuTimeHistory': [239], 'TotalSysCpuTimeHistory': [10], 'WallDurations': [8.0, 96.56309986114502, 320.0], 'JobIds': ['99128945.0'], 'State': 'finished', 'RecordedSite': True}, '36': {'Retries': 0, 'Restarts': 0, 'SiteHistory': ['Unknown', 'T1_ES_PIC', 'T1_ES_PIC'], 'ResidentSetSize': [1452252], 'SubmitTimes': [1708555626.0], 'StartTimes': [1708557714.0], 'EndTimes': [1708559939.0], 'TotalUserCpuTimeHistory': [1895], 'TotalSysCpuTimeHistory': [57], 'WallDurations': [8.0, 75.01592993736267, 2225.0], 'JobIds': ['99128946.0'], 'State': 'finished', 'RecordedSite': True}, '39': {'Retries': 0, 'Restarts': 0, 'SiteHistory': ['Unknown', 'T1_US_FNAL', 'T1_US_FNAL'], 'ResidentSetSize': [1411212], 'SubmitTimes': [1708555626.0], 'StartTimes': [1708557844.0], 'EndTimes': [1708558886.0], 'TotalUserCpuTimeHistory': [886], 'TotalSysCpuTimeHistory': [28], 'WallDurations': [8.0, 247.1058385372162, 1042.0], 'JobIds': ['99128947.0'], 'State': 'finished', 'RecordedSite': True}, '42': {'Retries': 0, 'Restarts': 0, 'SiteHistory': ['T2_UK_SGrid_RALPP', 'T2_UK_SGrid_RALPP'], 'ResidentSetSize': [1451200], 'SubmitTimes': [1708555626.0], 'StartTimes': [1708555678.0], 'EndTimes': [1708557596.0], 'TotalUserCpuTimeHistory': [1523], 'TotalSysCpuTimeHistory': [43], 'WallDurations': [0, 1918.0], 'JobIds': ['99128948.0'], 'State': 'finished', 'RecordedSite': True}, '44': {'Retries': 1, 'Restarts': 0, 'SiteHistory': ['Unknown', 'T2_IT_Legnaro', 'T2_IT_Legnaro', 'T2_IT_Legnaro', 'T2_IT_Legnaro'], 'ResidentSetSize': [86684, 12968], 'SubmitTimes': [1708555626.0, 1708557895.0], 'StartTimes': [1708555796.0, 1708557933.0], 'EndTimes': [1708556020.0, 1708558156.0], 'TotalUserCpuTimeHistory': [164, 172], 'TotalSysCpuTimeHistory': [5, 5], 'WallDurations': [10.0, 184.2187783718109, 224.0, 8.0, 223.0], 'JobIds': ['99128949.0', '99129908.0'], 'State': 'finished', 'RecordedSite': True}, '48': {'Retries': 0, 'Restarts': 0, 'SiteHistory': ['Unknown', 'T2_IT_Bari', 'T2_IT_Bari'], 'ResidentSetSize': [1560136], 'SubmitTimes': [1708555626.0], 'StartTimes': [1708555947.0], 'EndTimes': [1708558159.0], 'TotalUserCpuTimeHistory': [1883], 'TotalSysCpuTimeHistory': [58], 'WallDurations': [8.0, 33.21877837181091, 2212.0], 'JobIds': ['99128950.0'], 'State': 'finished', 'RecordedSite': True}, '41': {'Retries': 0, 'Restarts': 0, 'SiteHistory': ['T2_UK_SGrid_RALPP', 'T2_UK_SGrid_RALPP'], 'ResidentSetSize': [1561092], 'SubmitTimes': [1708555626.0], 'StartTimes': [1708555679.0], 'EndTimes': [1708558267.0], 'TotalUserCpuTimeHistory': [2338], 'TotalSysCpuTimeHistory': [51], 'WallDurations': [0, 2588.0], 'JobIds': ['99128951.0'], 'State': 'finished', 'RecordedSite': True}, '47': {'Retries': 0, 'Restarts': 0, 'SiteHistory': ['Unknown', 'T2_IT_Bari', 'T2_IT_Bari'], 'ResidentSetSize': [1431504], 'SubmitTimes': [1708555626.0], 'StartTimes': [1708555951.0], 'EndTimes': [1708557903.0], 'TotalUserCpuTimeHistory': [1403], 'TotalSysCpuTimeHistory': [64], 'WallDurations': [10.0, 29.218778371810913, 1952.0], 'JobIds': ['99128952.0'], 'State': 'finished', 'RecordedSite': True}, '49': {'Retries': 0, 'Restarts': 0, 'SiteHistory': ['Unknown', 'T2_IT_Bari', 'T2_IT_Bari'], 'ResidentSetSize': [1556660], 'SubmitTimes': [1708555626.0], 'StartTimes': [1708555951.0], 'EndTimes': [1708558925.0], 'TotalUserCpuTimeHistory': [2546], 'TotalSysCpuTimeHistory': [58], 'WallDurations': [9.0, 29.218778371810913, 2974.0], 'JobIds': ['99128953.0'], 'State': 'finished', 'RecordedSite': True}, '43': {'Retries': 0, 'Restarts': 0, 'SiteHistory': ['Unknown', 'T2_TR_METU', 'T2_TR_METU'], 'ResidentSetSize': [1109468], 'SubmitTimes': [1708555626.0], 'StartTimes': [1708555950.0], 'EndTimes': [1708558183.0], 'TotalUserCpuTimeHistory': [1931], 'TotalSysCpuTimeHistory': [83], 'WallDurations': [9.0, 30.218778371810913, 2233.0], 'JobIds': ['99128954.0'], 'State': 'finished', 'RecordedSite': True}, '45': {'Retries': 0, 'Restarts': 0, 'SiteHistory': ['Unknown', 'T2_IT_Bari', 'T2_IT_Bari'], 'ResidentSetSize': [1437444], 'SubmitTimes': [1708555626.0], 'StartTimes': [1708555948.0], 'EndTimes': [1708558460.0], 'TotalUserCpuTimeHistory': [2028], 'TotalSysCpuTimeHistory': [113], 'WallDurations': [9.0, 32.21877837181091, 2512.0], 'JobIds': ['99128955.0'], 'State': 'finished', 'RecordedSite': True}, '46': {'Retries': 0, 'Restarts': 0, 'SiteHistory': ['Unknown', 'T2_IT_Bari', 'T2_IT_Bari'], 'ResidentSetSize': [1418604], 'SubmitTimes': [1708555626.0], 'StartTimes': [1708555952.0], 'EndTimes': [1708558097.0], 'TotalUserCpuTimeHistory': [1736], 'TotalSysCpuTimeHistory': [112], 'WallDurations': [8.0, 28.218778371810913, 2145.0], 'JobIds': ['99128956.0'], 'State': 'finished', 'RecordedSite': True}, '51': {'Retries': 0, 'Restarts': 0, 'SiteHistory': ['Unknown', 'T2_IT_Bari', 'T2_IT_Bari'], 'ResidentSetSize': [1560452], 'SubmitTimes': [1708555627.0], 'StartTimes': [1708555952.0], 'EndTimes': [1708558575.0], 'TotalUserCpuTimeHistory': [2196], 'TotalSysCpuTimeHistory': [54], 'WallDurations': [9.0, 28.218778371810913, 2623.0], 'JobIds': ['99128957.0'], 'State': 'finished', 'RecordedSite': True}, '50': {'Retries': 0, 'Restarts': 0, 'SiteHistory': ['Unknown', 'T2_IT_Bari', 'T2_IT_Bari'], 'ResidentSetSize': [1550360], 'SubmitTimes': [1708555627.0], 'StartTimes': [1708555952.0], 'EndTimes': [1708560423.0], 'TotalUserCpuTimeHistory': [3182], 'TotalSysCpuTimeHistory': [96], 'WallDurations': [9.0, 28.218778371810913, 4471.0], 'JobIds': ['99128958.0'], 'State': 'finished', 'RecordedSite': True}, '52': {'Retries': 0, 'Restarts': 0, 'SiteHistory': ['Unknown', 'T2_IT_Bari', 'T2_IT_Bari'], 'ResidentSetSize': [1536428], 'SubmitTimes': [1708555628.0], 'StartTimes': [1708555953.0], 'EndTimes': [1708559575.0], 'TotalUserCpuTimeHistory': [3141], 'TotalSysCpuTimeHistory': [115], 'WallDurations': [9.0, 27.218778371810913, 3622.0], 'JobIds': ['99128959.0'], 'State': 'finished', 'RecordedSite': True}, '53': {'Retries': 0, 'Restarts': 0, 'SiteHistory': ['Unknown', 'T2_IT_Bari', 'T2_IT_Bari'], 'ResidentSetSize': [1568880], 'SubmitTimes': [1708555628.0], 'StartTimes': [1708556048.0], 'EndTimes': [1708557674.0], 'TotalUserCpuTimeHistory': [1364], 'TotalSysCpuTimeHistory': [36], 'WallDurations': [9.0, 232.4639503955841, 1626.0], 'JobIds': ['99128960.0'], 'State': 'finished', 'RecordedSite': True}, '54': {'Retries': 0, 'Restarts': 0, 'SiteHistory': ['Unknown', 'T2_IT_Bari', 'T2_IT_Bari'], 'ResidentSetSize': [2532164], 'SubmitTimes': [1708555628.0], 'StartTimes': [1708556066.0], 'EndTimes': [1708559013.0], 'TotalUserCpuTimeHistory': [2432], 'TotalSysCpuTimeHistory': [57], 'WallDurations': [9.0, 214.4639503955841, 2947.0], 'JobIds': ['99128961.0'], 'State': 'finished', 'RecordedSite': True}, '56': {'Retries': 0, 'Restarts': 0, 'SiteHistory': ['Unknown', 'T2_IT_Bari', 'T2_IT_Bari'], 'ResidentSetSize': [1563884], 'SubmitTimes': [1708555628.0], 'StartTimes': [1708556078.0], 'EndTimes': [1708557709.0], 'TotalUserCpuTimeHistory': [1372], 'TotalSysCpuTimeHistory': [29], 'WallDurations': [9.0, 202.4639503955841, 1631.0], 'JobIds': ['99128962.0'], 'State': 'finished', 'RecordedSite': True}, '57': {'Retries': 0, 'Restarts': 0, 'SiteHistory': ['Unknown', 'T2_IT_Bari', 'T2_IT_Bari'], 'ResidentSetSize': [1546900], 'SubmitTimes': [1708555628.0], 'StartTimes': [1708556179.0], 'EndTimes': [1708558037.0], 'TotalUserCpuTimeHistory': [1526], 'TotalSysCpuTimeHistory': [32], 'WallDurations': [8.0, 101.4639503955841, 1858.0], 'JobIds': ['99128963.0'], 'State': 'finished', 'RecordedSite': True}, '58': {'Retries': 0, 'Restarts': 0, 'SiteHistory': ['Unknown', 'T2_IT_Bari', 'T2_IT_Bari'], 'ResidentSetSize': [1534412], 'SubmitTimes': [1708555628.0], 'StartTimes': [1708556179.0], 'EndTimes': [1708557504.0], 'TotalUserCpuTimeHistory': [1062], 'TotalSysCpuTimeHistory': [30], 'WallDurations': [9.0, 101.4639503955841, 1325.0], 'JobIds': ['99128964.0'], 'State': 'finished', 'RecordedSite': True}, '59': {'Retries': 0, 'Restarts': 0, 'SiteHistory': ['Unknown', 'T2_IT_Bari', 'T2_IT_Bari'], 'ResidentSetSize': [1520100], 'SubmitTimes': [1708555628.0], 'StartTimes': [1708556358.0], 'EndTimes': [1708558631.0], 'TotalUserCpuTimeHistory': [1989], 'TotalSysCpuTimeHistory': [40], 'WallDurations': [9.0, 224.17748022079468, 2273.0], 'JobIds': ['99128965.0'], 'State': 'finished', 'RecordedSite': True}, '55': {'Retries': 0, 'Restarts': 0, 'SiteHistory': ['Unknown', 'T2_IT_Bari', 'T2_IT_Bari'], 'ResidentSetSize': [1552388], 'SubmitTimes': [1708555629.0], 'StartTimes': [1708556371.0], 'EndTimes': [1708558437.0], 'TotalUserCpuTimeHistory': [1779], 'TotalSysCpuTimeHistory': [36], 'WallDurations': [9.0, 211.17748022079468, 2066.0], 'JobIds': ['99128966.0'], 'State': 'finished', 'RecordedSite': True}, '60': {'Retries': 0, 'Restarts': 0, 'SiteHistory': ['Unknown', 'T2_IT_Bari', 'T2_IT_Bari'], 'ResidentSetSize': [1441480], 'SubmitTimes': [1708555629.0], 'StartTimes': [1708556379.0], 'EndTimes': [1708558230.0], 'TotalUserCpuTimeHistory': [1574], 'TotalSysCpuTimeHistory': [42], 'WallDurations': [10.0, 203.17748022079468, 1851.0], 'JobIds': ['99128967.0'], 'State': 'finished', 'RecordedSite': True}, '61': {'Retries': 0, 'Restarts': 0, 'SiteHistory': ['Unknown', 'T2_IT_Bari', 'T2_IT_Bari'], 'ResidentSetSize': [1441612], 'SubmitTimes': [1708555629.0], 'StartTimes': [1708556388.0], 'EndTimes': [1708558498.0], 'TotalUserCpuTimeHistory': [1799], 'TotalSysCpuTimeHistory': [45], 'WallDurations': [8.0, 194.17748022079468, 2110.0], 'JobIds': ['99128968.0'], 'State': 'finished', 'RecordedSite': True}, '63': {'Retries': 0, 'Restarts': 0, 'SiteHistory': ['Unknown', 'T2_IT_Bari', 'T2_IT_Bari'], 'ResidentSetSize': [1433428], 'SubmitTimes': [1708555629.0], 'StartTimes': [1708556483.0], 'EndTimes': [1708558409.0], 'TotalUserCpuTimeHistory': [1654], 'TotalSysCpuTimeHistory': [38], 'WallDurations': [9.0, 99.17748022079468, 1926.0], 'JobIds': ['99128969.0'], 'State': 'finished', 'RecordedSite': True}, '64': {'Retries': 0, 'Restarts': 0, 'SiteHistory': ['Unknown', 'T2_IT_Bari', 'T2_IT_Bari'], 'ResidentSetSize': [1301148], 'SubmitTimes': [1708555629.0], 'StartTimes': [1708556545.0], 'EndTimes': [1708557458.0], 'TotalUserCpuTimeHistory': [730], 'TotalSysCpuTimeHistory': [25], 'WallDurations': [8.0, 37.17748022079468, 913.0], 'JobIds': ['99128970.0'], 'State': 'finished', 'RecordedSite': True}, '65': {'Retries': 0, 'Restarts': 0, 'SiteHistory': ['Unknown', 'T2_IT_Bari', 'T2_IT_Bari'], 'ResidentSetSize': [1258296], 'SubmitTimes': [1708555629.0], 'StartTimes': [1708556582.0], 'EndTimes': [1708557784.0], 'TotalUserCpuTimeHistory': [1004], 'TotalSysCpuTimeHistory': [26], 'WallDurations': [0, 8.0, 1202.0], 'JobIds': ['99128971.0'], 'State': 'finished', 'RecordedSite': True}, '62': {'Retries': 0, 'Restarts': 0, 'SiteHistory': ['Unknown', 'T2_IT_Bari', 'T2_IT_Bari'], 'ResidentSetSize': [1431732], 'SubmitTimes': [1708555629.0], 'StartTimes': [1708556616.0], 'EndTimes': [1708557973.0], 'TotalUserCpuTimeHistory': [1003], 'TotalSysCpuTimeHistory': [26], 'WallDurations': [10.0, 268.53084564208984, 1357.0], 'JobIds': ['99128972.0'], 'State': 'finished', 'RecordedSite': True}, '66': {'Retries': 0, 'Restarts': 0, 'SiteHistory': ['Unknown', 'T2_IT_Bari', 'T2_IT_Bari'], 'ResidentSetSize': [1264572], 'SubmitTimes': [1708555629.0], 'StartTimes': [1708556706.0], 'EndTimes': [1708557506.0], 'TotalUserCpuTimeHistory': [647], 'TotalSysCpuTimeHistory': [19], 'WallDurations': [9.0, 178.53084564208984, 800.0], 'JobIds': ['99128973.0'], 'State': 'finished', 'RecordedSite': True}, '67': {'Retries': 0, 'Restarts': 0, 'SiteHistory': ['Unknown', 'T2_IT_Bari', 'T2_IT_Bari'], 'ResidentSetSize': [1266816], 'SubmitTimes': [1708555629.0], 'StartTimes': [1708556728.0], 'EndTimes': [1708557398.0], 'TotalUserCpuTimeHistory': [520], 'TotalSysCpuTimeHistory': [16], 'WallDurations': [9.0, 156.53084564208984, 670.0], 'JobIds': ['99128974.0'], 'State': 'finished', 'RecordedSite': True}, '69': {'Retries': 0, 'Restarts': 0, 'SiteHistory': ['Unknown', 'T2_IT_Bari', 'T2_IT_Bari'], 'ResidentSetSize': [1455096], 'SubmitTimes': [1708555629.0], 'StartTimes': [1708556788.0], 'EndTimes': [1708558643.0], 'TotalUserCpuTimeHistory': [1444], 'TotalSysCpuTimeHistory': [37], 'WallDurations': [8.0, 96.53084564208984, 1855.0], 'JobIds': ['99128975.0'], 'State': 'finished', 'RecordedSite': True}, '68': {'Retries': 0, 'Restarts': 0, 'SiteHistory': ['Unknown', 'T2_IT_Bari', 'T2_IT_Bari'], 'ResidentSetSize': [1246648], 'SubmitTimes': [1708555629.0], 'StartTimes': [1708556983.0], 'EndTimes': [1708558092.0], 'TotalUserCpuTimeHistory': [877], 'TotalSysCpuTimeHistory': [32], 'WallDurations': [8.0, 203.08938002586365, 1109.0], 'JobIds': ['99128976.0'], 'State': 'finished', 'RecordedSite': True}, '75': {'Retries': 0, 'Restarts': 0, 'SiteHistory': ['Unknown', 'T2_IT_Bari', 'T2_IT_Bari'], 'ResidentSetSize': [1549176], 'SubmitTimes': [1708555629.0], 'StartTimes': [1708557009.0], 'EndTimes': [1708560016.0], 'TotalUserCpuTimeHistory': [2650], 'TotalSysCpuTimeHistory': [51], 'WallDurations': [8.0, 177.08938002586365, 3007.0], 'JobIds': ['99128977.0'], 'State': 'finished', 'RecordedSite': True}, '70': {'Retries': 0, 'Restarts': 0, 'SiteHistory': ['Unknown', 'T2_IT_Bari', 'T2_IT_Bari'], 'ResidentSetSize': [1551664], 'SubmitTimes': [1708555629.0], 'StartTimes': [1708557011.0], 'EndTimes': [1708559676.0], 'TotalUserCpuTimeHistory': [2287], 'TotalSysCpuTimeHistory': [47], 'WallDurations': [9.0, 175.08938002586365, 2665.0], 'JobIds': ['99128978.0'], 'State': 'finished', 'RecordedSite': True}, '73': {'Retries': 0, 'Restarts': 0, 'SiteHistory': ['Unknown', 'T2_IT_Bari', 'T2_IT_Bari'], 'ResidentSetSize': [1549368], 'SubmitTimes': [1708555629.0], 'StartTimes': [1708557011.0], 'EndTimes': [1708560180.0], 'TotalUserCpuTimeHistory': [2750], 'TotalSysCpuTimeHistory': [52], 'WallDurations': [9.0, 175.08938002586365, 3169.0], 'JobIds': ['99128979.0'], 'State': 'finished', 'RecordedSite': True}, '74': {'Retries': 0, 'Restarts': 0, 'SiteHistory': ['Unknown', 'T2_IT_Bari', 'T2_IT_Bari'], 'ResidentSetSize': [1458232], 'SubmitTimes': [1708555629.0], 'StartTimes': [1708557162.0], 'EndTimes': [1708559283.0], 'TotalUserCpuTimeHistory': [1850], 'TotalSysCpuTimeHistory': [51], 'WallDurations': [8.0, 24.089380025863647, 2121.0], 'JobIds': ['99128980.0'], 'State': 'finished', 'RecordedSite': True}, '78': {'Retries': 0, 'Restarts': 0, 'SiteHistory': ['Unknown', 'T2_IT_Bari', 'T2_IT_Bari'], 'ResidentSetSize': [1214760], 'SubmitTimes': [1708555629.0], 'StartTimes': [1708557221.0], 'EndTimes': [1708558162.0], 'TotalUserCpuTimeHistory': [751], 'TotalSysCpuTimeHistory': [26], 'WallDurations': [9.0, 266.563099861145, 941.0], 'JobIds': ['99128981.0'], 'State': 'finished', 'RecordedSite': True}, '76': {'Retries': 0, 'Restarts': 0, 'SiteHistory': ['Unknown', 'T2_IT_Bari', 'T2_IT_Bari'], 'ResidentSetSize': [1426732], 'SubmitTimes': [1708555629.0], 'StartTimes': [1708557374.0], 'EndTimes': [1708559915.0], 'TotalUserCpuTimeHistory': [2104], 'TotalSysCpuTimeHistory': [63], 'WallDurations': [9.0, 113.56309986114502, 2541.0], 'JobIds': ['99128982.0'], 'State': 'finished', 'RecordedSite': True}, '77': {'Retries': 0, 'Restarts': 0, 'SiteHistory': ['Unknown', 'T2_IT_Bari', 'T2_IT_Bari'], 'ResidentSetSize': [1269860], 'SubmitTimes': [1708555629.0], 'StartTimes': [1708557400.0], 'EndTimes': [1708558122.0], 'TotalUserCpuTimeHistory': [541], 'TotalSysCpuTimeHistory': [18], 'WallDurations': [8.0, 87.56309986114502, 722.0], 'JobIds': ['99128983.0'], 'State': 'finished', 'RecordedSite': True}, '71': {'Retries': 0, 'Restarts': 0, 'SiteHistory': ['Unknown', 'T2_IT_Bari', 'T2_IT_Bari'], 'ResidentSetSize': [1450272], 'SubmitTimes': [1708555629.0], 'StartTimes': [1708557409.0], 'EndTimes': [1708560626.0], 'TotalUserCpuTimeHistory': [2638], 'TotalSysCpuTimeHistory': [48], 'WallDurations': [8.0, 78.56309986114502, 3217.0], 'JobIds': ['99128984.0'], 'State': 'finished', 'RecordedSite': True}, '72': {'Retries': 0, 'Restarts': 0, 'SiteHistory': ['Unknown', 'T2_IT_Bari', 'T2_IT_Bari'], 'ResidentSetSize': [1450032], 'SubmitTimes': [1708555629.0], 'StartTimes': [1708557454.0], 'EndTimes': [1708561363.0], 'TotalUserCpuTimeHistory': [3419], 'TotalSysCpuTimeHistory': [79], 'WallDurations': [9.0, 33.56309986114502, 3909.0], 'JobIds': ['99128985.0'], 'State': 'finished', 'RecordedSite': True}, '80': {'Retries': 0, 'Restarts': 0, 'SiteHistory': ['Unknown', 'T2_FI_HIP', 'T2_FI_HIP'], 'ResidentSetSize': [1630644], 'SubmitTimes': [1708555629.0], 'StartTimes': [1708557246.0], 'EndTimes': [1708559176.0], 'TotalUserCpuTimeHistory': [1702], 'TotalSysCpuTimeHistory': [52], 'WallDurations': [9.0, 241.56309986114502, 1930.0], 'JobIds': ['99128986.0'], 'State': 'finished', 'RecordedSite': True}, '81': {'Retries': 0, 'Restarts': 0, 'SiteHistory': ['Unknown', 'T2_FI_HIP', 'T2_FI_HIP'], 'ResidentSetSize': [1562512], 'SubmitTimes': [1708555629.0], 'StartTimes': [1708557282.0], 'EndTimes': [1708559751.0], 'TotalUserCpuTimeHistory': [2251], 'TotalSysCpuTimeHistory': [59], 'WallDurations': [8.0, 205.56309986114502, 2469.0], 'JobIds': ['99128987.0'], 'State': 'finished', 'RecordedSite': True}, '79': {'Retries': 0, 'Restarts': 0, 'SiteHistory': ['Unknown', 'T2_IT_Bari', 'T2_IT_Bari'], 'ResidentSetSize': [27924], 'SubmitTimes': [1708555629.0], 'StartTimes': [1708557460.0], 'EndTimes': [1708557522.0], 'TotalUserCpuTimeHistory': [14], 'TotalSysCpuTimeHistory': [3], 'WallDurations': [8.0, 27.56309986114502, 62.0], 'JobIds': ['99128988.0'], 'State': 'finished', 'RecordedSite': True}, '83': {'Retries': 0, 'Restarts': 0, 'SiteHistory': ['Unknown', 'T2_FI_HIP', 'T2_FI_HIP'], 'ResidentSetSize': [1546916], 'SubmitTimes': [1708555629.0], 'StartTimes': [1708557358.0], 'EndTimes': [1708558799.0], 'TotalUserCpuTimeHistory': [1292], 'TotalSysCpuTimeHistory': [34], 'WallDurations': [9.0, 129.56309986114502, 1441.0], 'JobIds': ['99128989.0'], 'State': 'finished', 'RecordedSite': True}, '82': {'Retries': 0, 'Restarts': 0, 'SiteHistory': ['Unknown', 'T2_FI_HIP', 'T2_FI_HIP'], 'ResidentSetSize': [1545568], 'SubmitTimes': [1708555629.0], 'StartTimes': [1708557367.0], 'EndTimes': [1708559454.0], 'TotalUserCpuTimeHistory': [1954], 'TotalSysCpuTimeHistory': [49], 'WallDurations': [8.0, 120.56309986114502, 2087.0], 'JobIds': ['99128990.0'], 'State': 'finished', 'RecordedSite': True}, '85': {'Retries': 1, 'Restarts': 0, 'SiteHistory': ['Unknown', 'T2_BE_IIHE', 'T2_BE_IIHE', 'T1_US_FNAL', 'T1_US_FNAL'], 'ResidentSetSize': [1313864, 1312360], 'SubmitTimes': [1708555629.0, 1708558473.0], 'StartTimes': [1708555952.0, 1708558530.0], 'EndTimes': [1708556599.0, 1708559104.0], 'TotalUserCpuTimeHistory': [558, 472], 'TotalSysCpuTimeHistory': [14, 11], 'WallDurations': [9.0, 28.218778371810913, 647.0, 9.0, 574.0], 'JobIds': ['99128991.0', '99130048.0'], 'State': 'finished', 'RecordedSite': True}, '87': {'Retries': 0, 'Restarts': 0, 'SiteHistory': ['Unknown', 'T1_IT_CNAF', 'T1_IT_CNAF'], 'ResidentSetSize': [1428544], 'SubmitTimes': [1708555629.0], 'StartTimes': [1708556760.0], 'EndTimes': [1708560342.0], 'TotalUserCpuTimeHistory': [2882], 'TotalSysCpuTimeHistory': [79], 'WallDurations': [8.0, 124.53084564208984, 3582.0], 'JobIds': ['99128992.0'], 'State': 'finished', 'RecordedSite': True}, '84': {'Retries': 0, 'Restarts': 0, 'SiteHistory': ['Unknown', 'T2_ES_CIEMAT', 'T2_ES_CIEMAT'], 'ResidentSetSize': [1290580], 'SubmitTimes': [1708555629.0], 'StartTimes': [1708555948.0], 'EndTimes': [1708556130.0], 'TotalUserCpuTimeHistory': [144], 'TotalSysCpuTimeHistory': [5], 'WallDurations': [8.0, 32.21877837181091, 182.0], 'JobIds': ['99128993.0'], 'State': 'finished', 'RecordedSite': True}, '86': {'Retries': 0, 'Restarts': 0, 'SiteHistory': ['Unknown', 'T1_IT_CNAF', 'T1_IT_CNAF'], 'ResidentSetSize': [1520084], 'SubmitTimes': [1708555629.0], 'StartTimes': [1708556963.0], 'EndTimes': [1708559089.0], 'TotalUserCpuTimeHistory': [1677], 'TotalSysCpuTimeHistory': [48], 'WallDurations': [9.0, 223.08938002586365, 2126.0], 'JobIds': ['99128994.0'], 'State': 'finished', 'RecordedSite': True}, '88': {'Retries': 0, 'Restarts': 0, 'SiteHistory': ['Unknown', 'T1_IT_CNAF', 'T1_IT_CNAF'], 'ResidentSetSize': [1512076], 'SubmitTimes': [1708555629.0], 'StartTimes': [1708557190.0], 'EndTimes': [1708560456.0], 'TotalUserCpuTimeHistory': [2928], 'TotalSysCpuTimeHistory': [73], 'WallDurations': [8.0, 297.563099861145, 3266.0], 'JobIds': ['99128995.0'], 'State': 'finished', 'RecordedSite': True}, '90': {'Retries': 1, 'Restarts': 0, 'SiteHistory': ['Unknown', 'T1_IT_CNAF', 'T1_IT_CNAF', 'Unknown', 'T1_US_FNAL', 'T1_US_FNAL'], 'ResidentSetSize': [1402788, 1443716], 'SubmitTimes': [1708555630.0, 1708564374.0], 'StartTimes': [1708557243.0, 1708564639.0], 'EndTimes': [1708558891.0, 1708566159.0], 'TotalUserCpuTimeHistory': [1381, 1380], 'TotalSysCpuTimeHistory': [44, 36], 'WallDurations': [9.0, 244.56309986114502, 1648.0, 9.0, 96.65141606330872, 1520.0], 'JobIds': ['99128996.0', '99131262.0'], 'State': 'finished', 'RecordedSite': True}, '91': {'Retries': 0, 'Restarts': 0, 'SiteHistory': ['Unknown', 'T1_DE_KIT', 'T1_DE_KIT'], 'ResidentSetSize': [1314388], 'SubmitTimes': [1708555635.0], 'StartTimes': [1708556668.0], 'EndTimes': [1708558123.0], 'TotalUserCpuTimeHistory': [1258], 'TotalSysCpuTimeHistory': [64], 'WallDurations': [8.0, 216.53084564208984, 1455.0], 'JobIds': ['99128998.0'], 'State': 'finished', 'RecordedSite': True}, '89': {'Retries': 0, 'Restarts': 0, 'SiteHistory': ['Unknown', 'T1_US_FNAL', 'T1_US_FNAL'], 'ResidentSetSize': [1473608], 'SubmitTimes': [1708555635.0], 'StartTimes': [1708557851.0], 'EndTimes': [1708559229.0], 'TotalUserCpuTimeHistory': [1230], 'TotalSysCpuTimeHistory': [31], 'WallDurations': [9.0, 240.1058385372162, 1378.0], 'JobIds': ['99128999.0'], 'State': 'finished', 'RecordedSite': True}, '92': {'Retries': 0, 'Restarts': 0, 'SiteHistory': ['Unknown', 'T1_DE_KIT', 'T1_DE_KIT'], 'ResidentSetSize': [1417088], 'SubmitTimes': [1708555635.0], 'StartTimes': [1708556694.0], 'EndTimes': [1708557895.0], 'TotalUserCpuTimeHistory': [1027], 'TotalSysCpuTimeHistory': [48], 'WallDurations': [9.0, 190.53084564208984, 1201.0], 'JobIds': ['99129000.0'], 'State': 'finished', 'RecordedSite': True}, '95': {'Retries': 0, 'Restarts': 0, 'SiteHistory': ['Unknown', 'T1_US_FNAL', 'T1_US_FNAL'], 'ResidentSetSize': [1237336], 'SubmitTimes': [1708555635.0], 'StartTimes': [1708557983.0], 'EndTimes': [1708558079.0], 'TotalUserCpuTimeHistory': [44], 'TotalSysCpuTimeHistory': [3], 'WallDurations': [96.0, 108.10583853721619, 108.10583853721619], 'JobIds': ['99129001.0'], 'State': 'finished', 'RecordedSite': True}, '93': {'Retries': 0, 'Restarts': 0, 'SiteHistory': ['Unknown', 'T1_IT_CNAF', 'T1_IT_CNAF'], 'ResidentSetSize': [1281852], 'SubmitTimes': [1708555635.0], 'StartTimes': [1708558023.0], 'EndTimes': [1708560036.0], 'TotalUserCpuTimeHistory': [1557], 'TotalSysCpuTimeHistory': [50], 'WallDurations': [9.0, 68.10583853721619, 2013.0], 'JobIds': ['99129003.0'], 'State': 'finished', 'RecordedSite': True}, '21': {'Retries': 1, 'Restarts': 0, 'SiteHistory': ['Unknown', 'T2_DE_DESY', 'T2_DE_DESY', 'Unknown', 'T1_US_FNAL', 'T1_US_FNAL'], 'ResidentSetSize': [1466048, 1316424], 'SubmitTimes': [1708555635.0, 1708561952.0], 'StartTimes': [1708557849.0, 1708562230.0], 'EndTimes': [1708560082.0, 1708564964.0], 'TotalUserCpuTimeHistory': [2063, 2408], 'TotalSysCpuTimeHistory': [42, 50], 'WallDurations': [8.0, 242.1058385372162, 2233.0, 9.0, 96.3992075920105, 2734.0], 'JobIds': ['99129004.0', '99131123.0'], 'State': 'finished', 'RecordedSite': True}, '94': {'Retries': 0, 'Restarts': 0, 'SiteHistory': ['Unknown', 'T1_US_FNAL', 'T1_US_FNAL'], 'ResidentSetSize': [1404892], 'SubmitTimes': [1708555635.0], 'StartTimes': [1708558065.0], 'EndTimes': [1708559021.0], 'TotalUserCpuTimeHistory': [791], 'TotalSysCpuTimeHistory': [25], 'WallDurations': [9.0, 26.105838537216187, 956.0], 'JobIds': ['99129005.0'], 'State': 'finished', 'RecordedSite': True}}
INFO 2024-02-22 20:34:20.135 UTC: 	 Status on the scheduler:	COMPLETED
INFO 2024-02-22 20:34:20.135 UTC: 	 
Jobs status:                    finished     		100.0% (95/95)
DEBUG 2024-02-22 20:34:20.135 UTC: 	 Encoded data for curl request: subresource=publicationstatus&workflow=240221_224146%3Ambuonsan_crab_SkimB4Mu_2023eraD-v2_stream0_Mini&username=mbuonsan
INFO 2024-02-22 20:34:20.308 UTC: 	 
Output dataset:			/FakeDataset/fakefile-FakePublish-5c48fdd2c92775b9c8a59aa86bd55445/USER
INFO 2024-02-22 20:34:20.308 UTC: 	 
No publication information available yet
INFO 2024-02-22 20:34:20.311 UTC: 	 
Warning: the max jobs runtime is less than 30% of the task requested value (1250 min), please consider to request a lower value for failed jobs (allowed through crab resubmit) and/or improve the jobs splitting (e.g. config.Data.splitting = 'Automatic') in a new task.
INFO 2024-02-22 20:34:20.311 UTC: 	 
Summary of run jobs:
 * Memory: 12MB min, 2472MB max, 1416MB ave
 * Runtime: 0:01:02 min, 1:14:31 max, 0:30:28 ave
 * CPU eff: 27% min, 96% max, 87% ave
 * Waste: 5:13:05 (10% of total)

DEBUG 2024-02-22 20:34:20.312 UTC: 	 Requesting resubmission of failed jobs in task 240221_224146:mbuonsan_crab_SkimB4Mu_2023eraD-v2_stream0_Mini
ERROR 2024-02-22 20:34:20.312 UTC: 	 Found no jobs to resubmit. Only jobs in status failed can be resubmitted. Jobs in status finished can also be resubmitted, but only if the jobids are specified and the force option is set.
ERROR 2024-02-22 20:34:20.312 UTC: 	 Caught ClientException exception
Traceback (most recent call last):
  File "/cvmfs/cms.cern.ch/share/cms/crab-prod/v3.240110.01/bin/crab.py", line 152, in <module>
    client()
  File "/cvmfs/cms.cern.ch/share/cms/crab-prod/v3.240110.01/bin/crab.py", line 137, in __call__
    returnDict = self.cmd()
  File "/cvmfs/cms.cern.ch/share/cms/crab-prod/v3.240110.01/lib/CRABClient/Commands/resubmit.py", line 65, in __call__
    self.jobids = self.processJobIds(jobList)
  File "/cvmfs/cms.cern.ch/share/cms/crab-prod/v3.240110.01/lib/CRABClient/Commands/resubmit.py", line 171, in processJobIds
    raise ConfigurationException(msg)
CRABClient.ClientExceptions.ConfigurationException: Found no jobs to resubmit. Only jobs in status failed can be resubmitted. Jobs in status finished can also be resubmitted, but only if the jobids are specified and the force option is set.
