DEBUG 2024-02-21 22:30:32.113 UTC: 	 CRAB Client version: v3.240110
DEBUG 2024-02-21 22:30:32.113 UTC: 	 Running on: Linux ui02.recas.ba.infn.it 3.10.0-1160.80.1.el7.x86_64 #1 SMP Tue Nov 8 15:48:59 UTC 2022 x86_64 x86_64 x86_64 GNU/Linux - CentOS Linux 7 (Core)
DEBUG 2024-02-21 22:30:32.113 UTC: 	 Executing command: 'submit'
DEBUG 2024-02-21 22:30:32.113 UTC: 	 Found CRAB cache file /lustrehome/mbuonsante/.crab3
INFO 2024-02-21 22:30:32.114 UTC: 	 Will use CRAB configuration file CRAB_stream_3.py
DEBUG 2024-02-21 22:30:32.114 UTC: 	 Loading CRAB configuration file.
DEBUG 2024-02-21 22:30:32.116 UTC: 	 Will use CRAB plugin ANALYSIS (i.e. will run an analysis job type).
DEBUG 2024-02-21 22:30:32.118 UTC: 	 Checking credentials
DEBUG 2024-02-21 22:30:32.119 UTC: 	 Found proxy file /tmp/x509up_u881331
DEBUG 2024-02-21 22:30:32.119 UTC: 	 Making sure it has proper VOMS extension
DEBUG 2024-02-21 22:30:32.119 UTC: 	 Executing command :
 voms-proxy-info --vo --file /tmp/x509up_u881331
DEBUG 2024-02-21 22:30:33.870 UTC: 	 output : cms

 error: 
 retcode : 0
DEBUG 2024-02-21 22:30:33.870 UTC: 	 Getting proxy life time left
DEBUG 2024-02-21 22:30:33.870 UTC: 	 Executing command :
 voms-proxy-info --actimeleft --timeleft --file /tmp/x509up_u881331
DEBUG 2024-02-21 22:30:35.560 UTC: 	 output : 479382
479381

 error: 
 retcode : 0
DEBUG 2024-02-21 22:30:35.560 UTC: 	 Proxy valid for 133:09:41 hours
DEBUG 2024-02-21 22:30:35.560 UTC: 	 Encoded data for curl request: subresource=delegatedn
DEBUG 2024-02-21 22:30:35.733 UTC: 	 Registering user credentials on myproxy for /DC=ch/DC=cern/OU=computers/CN=crab-(preprod|prod|dev)-tw(01|02|03).cern.ch|/DC=ch/DC=cern/OU=computers/CN=stefanov(m|m2).cern.ch|/DC=ch/DC=cern/OU=computers/CN=dciangot-tw.cern.ch
DEBUG 2024-02-21 22:30:35.733 UTC: 	 Executing command :
 voms-proxy-info --identity --file /tmp/x509up_u881331
DEBUG 2024-02-21 22:30:37.296 UTC: 	 output : /DC=ch/DC=cern/OU=Organic Units/OU=Users/CN=mbuonsan/CN=866052/CN=Marco Buonsante

 error: 
 retcode : 0
DEBUG 2024-02-21 22:30:37.296 UTC: 	 Getting myproxy life time left for db438794163ae221c16ac5cdc1e476b2bc2ff634
DEBUG 2024-02-21 22:30:37.296 UTC: 	 Executing command :
 myproxy-info -s myproxy.cern.ch -l db438794163ae221c16ac5cdc1e476b2bc2ff634
DEBUG 2024-02-21 22:30:37.697 UTC: 	 output : username: db438794163ae221c16ac5cdc1e476b2bc2ff634
owner: /DC=ch/DC=cern/OU=Organic Units/OU=Users/CN=mbuonsan/CN=866052/CN=Marco Buonsante
  renewal policy: /DC=ch/DC=cern/OU=computers/CN=crab-(preprod|prod|dev)-tw(01|02|03).cern.ch|/DC=ch/DC=cern/OU=computers/CN=stefanov(m|m2).cern.ch|/DC=ch/DC=cern/OU=computers/CN=dciangot-tw.cern.ch
  trusted retrieval policy: /DC=ch/DC=cern/OU=computers/CN=crab-(preprod|prod|dev)-tw(01|02|03).cern.ch|/DC=ch/DC=cern/OU=computers/CN=stefanov(m|m2).cern.ch|/DC=ch/DC=cern/OU=computers/CN=dciangot-tw.cern.ch
  timeleft: 493:10:50  (20.5 days)

 error: 
 retcode : 0
DEBUG 2024-02-21 22:30:37.697 UTC: 	 Myproxy is valid: 1775400
DEBUG 2024-02-21 22:30:37.697 UTC: 	 Result of myproxy credential check:
  Credential exists on myproxy: username: db438794163ae221c16ac5cdc1e476b2bc2ff634  - validity: 20 days, 13:10:00
DEBUG 2024-02-21 22:30:37.697 UTC: 	 Command use: submit
DEBUG 2024-02-21 22:30:37.697 UTC: 	 Options use: ['-c', 'CRAB_stream_3.py']
DEBUG 2024-02-21 22:30:37.697 UTC: 	 Encoded data for curl request: subresource=version
DEBUG 2024-02-21 22:30:37.876 UTC: 	 CRABClient version: v3.240110
DEBUG 2024-02-21 22:30:37.876 UTC: 	 Instance is prod
DEBUG 2024-02-21 22:30:37.876 UTC: 	 Server base url is cmsweb.cern.ch
DEBUG 2024-02-21 22:30:37.876 UTC: 	 Command api workflow
DEBUG 2024-02-21 22:30:37.876 UTC: 	 Started submission
DEBUG 2024-02-21 22:30:37.876 UTC: 	 Working on /lustrehome/mbuonsante/B_4mu/CMSSW_13_0_13/src/B4muNtuplizer/CrabSubmission/2023_eraC-v3/crab_projects/crab_SkimB4Mu_2023eraC-v3_stream3_Mini
DEBUG 2024-02-21 22:30:37.876 UTC: 	 Encoded data for curl request: subresource=backendurls
DEBUG 2024-02-21 22:30:38.123 UTC: 	 Loading required information from the environment
DEBUG 2024-02-21 22:30:38.123 UTC: 	 Found CMSSW_13_0_13 for slc7_amd64_gcc11 with base /lustrehome/mbuonsante/B_4mu/CMSSW_13_0_13
DEBUG 2024-02-21 22:30:38.123 UTC: 	 Loading required information from the environment
DEBUG 2024-02-21 22:30:38.123 UTC: 	 Found CMSSW_13_0_13 for slc7_amd64_gcc11 with base /lustrehome/mbuonsante/B_4mu/CMSSW_13_0_13
DEBUG 2024-02-21 22:30:38.123 UTC: 	 UNIQUE NAME: tarUUID 006b28cf-2a99-4104-969a-de8de33a3c7b 
DEBUG 2024-02-21 22:30:38.123 UTC: 	 self.config: from WMCore.Configuration import Configuration
config = Configuration()
config.section_('General')
config.General.requestName = 'SkimB4Mu_2023eraC-v3_stream3_Mini'
config.General.transferLogs = False
config.General.workArea = 'crab_projects'
config.General.transferOutputs = True
config.section_('JobType')
config.JobType.pluginName = 'Analysis'
config.JobType.allowUndistributedCMSSW = True
config.JobType.psetName = '/lustrehome/mbuonsante/B_4mu/CMSSW_13_0_13/src/B4muNtuplizer/CrabSubmission/2023_eraC-v3/PatAndTree_cfg.py'
config.section_('Data')
config.Data.inputDBS = 'global'
config.Data.lumiMask = 'https://cms-service-dqmdc.web.cern.ch/CAF/certification/Collisions23/Cert_Collisions2023_eraC_367095_368823_Golden.json'
config.Data.unitsPerJob = 50
config.Data.inputDataset = '/ParkingDoubleMuonLowMass3/Run2023C-22Sep2023_v3-v1/MINIAOD'
config.Data.splitting = 'LumiBased'
config.Data.outputDatasetTag = 'SkimB4Mu_2023eraC-v3_stream3_Mini'
config.Data.allowNonValidInputDataset = True
config.section_('Site')
config.Site.storageSite = 'T2_IT_Bari'
config.Site.ignoreGlobalBlacklist = True
config.section_('User')
config.section_('Debug')

DEBUG 2024-02-21 22:30:38.123 UTC: 	 self.config.JobType.psetName: /lustrehome/mbuonsante/B_4mu/CMSSW_13_0_13/src/B4muNtuplizer/CrabSubmission/2023_eraC-v3/PatAndTree_cfg.py
INFO 2024-02-21 22:30:38.123 UTC: 	 Importing CMSSW configuration /lustrehome/mbuonsante/B_4mu/CMSSW_13_0_13/src/B4muNtuplizer/CrabSubmission/2023_eraC-v3/PatAndTree_cfg.py
INFO 2024-02-21 22:30:39.908 UTC: 	 Finished importing CMSSW configuration /lustrehome/mbuonsante/B_4mu/CMSSW_13_0_13/src/B4muNtuplizer/CrabSubmission/2023_eraC-v3/PatAndTree_cfg.py
DEBUG 2024-02-21 22:30:39.908 UTC: 	 Writing CMSSW configuration to /lustrehome/mbuonsante/B_4mu/CMSSW_13_0_13/src/B4muNtuplizer/CrabSubmission/2023_eraC-v3/crab_projects/crab_SkimB4Mu_2023eraC-v3_stream3_Mini/inputs/PSet.py
DEBUG 2024-02-21 22:30:40.016 UTC: 	 The following EDM output files will be collected: []
DEBUG 2024-02-21 22:30:40.016 UTC: 	 The following TFile output files will be collected: ['TreeData.root']
DEBUG 2024-02-21 22:30:40.016 UTC: 	 The following user output files (not listed as PoolOuputModule or TFileService in the CMSSW PSet) will be collected: 
DEBUG 2024-02-21 22:30:40.016 UTC: 	 Loading required information from the environment
DEBUG 2024-02-21 22:30:40.016 UTC: 	 Found CMSSW_13_0_13 for slc7_amd64_gcc11 with base /lustrehome/mbuonsante/B_4mu/CMSSW_13_0_13
DEBUG 2024-02-21 22:30:40.016 UTC: 	 Making tarball in /lustrehome/mbuonsante/B_4mu/CMSSW_13_0_13/src/B4muNtuplizer/CrabSubmission/2023_eraC-v3/crab_projects/crab_SkimB4Mu_2023eraC-v3_stream3_Mini/inputs/006b28cf-2a99-4104-969a-de8de33a3c7bdefault.tgz
DEBUG 2024-02-21 22:30:40.017 UTC: 	 Checking directory /lustrehome/mbuonsante/B_4mu/CMSSW_13_0_13/bin
DEBUG 2024-02-21 22:30:40.017 UTC: 	 Adding directory /lustrehome/mbuonsante/B_4mu/CMSSW_13_0_13/bin to tarball
DEBUG 2024-02-21 22:30:40.019 UTC: 	 Checking directory /lustrehome/mbuonsante/B_4mu/CMSSW_13_0_13/python
DEBUG 2024-02-21 22:30:40.019 UTC: 	 Adding directory /lustrehome/mbuonsante/B_4mu/CMSSW_13_0_13/python to tarball
DEBUG 2024-02-21 22:30:40.088 UTC: 	 Checking directory /lustrehome/mbuonsante/B_4mu/CMSSW_13_0_13/cfipython
DEBUG 2024-02-21 22:30:40.088 UTC: 	 Adding directory /lustrehome/mbuonsante/B_4mu/CMSSW_13_0_13/cfipython to tarball
DEBUG 2024-02-21 22:30:40.097 UTC: 	 Checking directory /lustrehome/mbuonsante/B_4mu/CMSSW_13_0_13/lib
DEBUG 2024-02-21 22:30:40.097 UTC: 	 Adding directory /lustrehome/mbuonsante/B_4mu/CMSSW_13_0_13/lib to tarball
DEBUG 2024-02-21 22:30:40.547 UTC: 	 Checking directory /lustrehome/mbuonsante/B_4mu/CMSSW_13_0_13/biglib
DEBUG 2024-02-21 22:30:40.547 UTC: 	 Adding directory /lustrehome/mbuonsante/B_4mu/CMSSW_13_0_13/biglib to tarball
DEBUG 2024-02-21 22:30:40.548 UTC: 	 Checking directory /lustrehome/mbuonsante/B_4mu/CMSSW_13_0_13/module
DEBUG 2024-02-21 22:30:40.548 UTC: 	 Checking directory /lustrehome/mbuonsante/B_4mu/CMSSW_13_0_13/config/SCRAM/hooks
DEBUG 2024-02-21 22:30:40.548 UTC: 	 Adding directory /lustrehome/mbuonsante/B_4mu/CMSSW_13_0_13/config/SCRAM/hooks to tarball
DEBUG 2024-02-21 22:30:40.572 UTC: 	 Adding directory /lustrehome/mbuonsante/B_4mu/CMSSW_13_0_13/src/B4muNtuplizer/SkimTools/python to tarball
DEBUG 2024-02-21 22:30:40.584 UTC: 	 Adding directory /lustrehome/mbuonsante/B_4mu/CMSSW_13_0_13/src/CommonTools/CandAlgos/interface to tarball
DEBUG 2024-02-21 22:30:40.589 UTC: 	 Adding directory /lustrehome/mbuonsante/B_4mu/CMSSW_13_0_13/src/CommonTools/CandAlgos/python to tarball
DEBUG 2024-02-21 22:30:40.748 UTC: 	 Uploading archive /lustrehome/mbuonsante/B_4mu/CMSSW_13_0_13/src/B4muNtuplizer/CrabSubmission/2023_eraC-v3/crab_projects/crab_SkimB4Mu_2023eraC-v3_stream3_Mini/inputs/006b28cf-2a99-4104-969a-de8de33a3c7bdefault.tgz (0.644531.1 MB) to the CRAB cache. Using URI https://cmsweb.cern.ch/S3/crabcache_prod
DEBUG 2024-02-21 22:30:41.210 UTC: 	 Encoded data for curl request: subresource=upload&objecttype=sandbox&tarballname=c21f585968b676319b78458a8dfff0d78967d784c1d5d78343c5cdc38d3be0e5.tar.gz
DEBUG 2024-02-21 22:30:41.418 UTC: 	 sandbox c21f585968b676319b78458a8dfff0d78967d784c1d5d78343c5cdc38d3be0e5.tar.gz is already in the S3 store, will not upload again
DEBUG 2024-02-21 22:30:41.418 UTC: 	 Loading required information from the environment
DEBUG 2024-02-21 22:30:41.418 UTC: 	 Found CMSSW_13_0_13 for slc7_amd64_gcc11 with base /lustrehome/mbuonsante/B_4mu/CMSSW_13_0_13
DEBUG 2024-02-21 22:30:41.418 UTC: 	 Making tarball in /lustrehome/mbuonsante/B_4mu/CMSSW_13_0_13/src/B4muNtuplizer/CrabSubmission/2023_eraC-v3/crab_projects/crab_SkimB4Mu_2023eraC-v3_stream3_Mini/inputs/debugFiles.tgz
DEBUG 2024-02-21 22:30:41.423 UTC: 	 Uploading archive /lustrehome/mbuonsante/B_4mu/CMSSW_13_0_13/src/B4muNtuplizer/CrabSubmission/2023_eraC-v3/crab_projects/crab_SkimB4Mu_2023eraC-v3_stream3_Mini/inputs/debugFiles.tgz (2 KB) to the CRAB cache. Using URI https://cmsweb.cern.ch/S3/crabcache_prod
DEBUG 2024-02-21 22:30:41.426 UTC: 	 Encoded data for curl request: subresource=upload&objecttype=sandbox&tarballname=133239c5f9e5bee2496b84041ae6bdfa0626eb43f1b9166eade9c79e964bffc1.tar.gz
DEBUG 2024-02-21 22:30:41.631 UTC: 	 Will execute:
curl -f -v -X POST  -H "User-Agent: CRAB" -F "key=mbuonsan/sandboxes/133239c5f9e5bee2496b84041ae6bdfa0626eb43f1b9166eade9c79e964bffc1.tar.gz" -F "AWSAccessKeyId=ab00fcc889f248c495d2875f15a3badb" -F "policy=eyJleHBpcmF0aW9uIjogIjIwMjQtMDItMjFUMjM6MzA6NDFaIiwgImNvbmRpdGlvbnMiOiBbeyJidWNrZXQiOiAiY3JhYmNhY2hlX3Byb2QifSwgeyJrZXkiOiAibWJ1b25zYW4vc2FuZGJveGVzLzEzMzIzOWM1ZjllNWJlZTI0OTZiODQwNDFhZTZiZGZhMDYyNmViNDNmMWI5MTY2ZWFkZTljNzllOTY0YmZmYzEudGFyLmd6In1dfQ==" -F "signature=Wmdmm6JS+Ntxl9feuBEjx4xyjzI=" -F "file=@/lustrehome/mbuonsante/B_4mu/CMSSW_13_0_13/src/B4muNtuplizer/CrabSubmission/2023_eraC-v3/crab_projects/crab_SkimB4Mu_2023eraC-v3_stream3_Mini/inputs/debugFiles.tgz" "https://s3.cern.ch/crabcache_prod"
DEBUG 2024-02-21 22:30:41.807 UTC: 	 exitcode: 0
stdout: b''
DEBUG 2024-02-21 22:30:41.807 UTC: 	 sandbox /lustrehome/mbuonsante/B_4mu/CMSSW_13_0_13/src/B4muNtuplizer/CrabSubmission/2023_eraC-v3/crab_projects/crab_SkimB4Mu_2023eraC-v3_stream3_Mini/inputs/debugFiles.tgz successully uploaded to S3
DEBUG 2024-02-21 22:30:41.807 UTC: 	 Result uploading input files: c21f585968b676319b78458a8dfff0d78967d784c1d5d78343c5cdc38d3be0e5.tar.gz 
DEBUG 2024-02-21 22:30:41.807 UTC: 	 Attaching lumi mask https://cms-service-dqmdc.web.cern.ch/CAF/certification/Collisions23/Cert_Collisions2023_eraC_367095_368823_Golden.json to the request
DEBUG 2024-02-21 22:30:41.807 UTC: 	 Downloading lumi-mask from https://cms-service-dqmdc.web.cern.ch/CAF/certification/Collisions23/Cert_Collisions2023_eraC_367095_368823_Golden.json
WARNING 2024-02-21 22:30:42.007 UTC: 	 Warning: The following output files will not be published, as they are not EDM files: ['TreeData.root']
DEBUG 2024-02-21 22:30:42.007 UTC: 	 submit() - self.configuration from WMCore.Configuration import Configuration
config = Configuration()
config.section_('General')
config.General.requestName = 'SkimB4Mu_2023eraC-v3_stream3_Mini'
config.General.transferLogs = False
config.General.workArea = 'crab_projects'
config.General.transferOutputs = True
config.section_('JobType')
config.JobType.pluginName = 'Analysis'
config.JobType.allowUndistributedCMSSW = True
config.JobType.psetName = '/lustrehome/mbuonsante/B_4mu/CMSSW_13_0_13/src/B4muNtuplizer/CrabSubmission/2023_eraC-v3/PatAndTree_cfg.py'
config.section_('Data')
config.Data.inputDBS = 'global'
config.Data.lumiMask = 'https://cms-service-dqmdc.web.cern.ch/CAF/certification/Collisions23/Cert_Collisions2023_eraC_367095_368823_Golden.json'
config.Data.unitsPerJob = 50
config.Data.inputDataset = '/ParkingDoubleMuonLowMass3/Run2023C-22Sep2023_v3-v1/MINIAOD'
config.Data.splitting = 'LumiBased'
config.Data.outputDatasetTag = 'SkimB4Mu_2023eraC-v3_stream3_Mini'
config.Data.allowNonValidInputDataset = True
config.section_('Site')
config.Site.storageSite = 'T2_IT_Bari'
config.Site.ignoreGlobalBlacklist = True
config.section_('User')
config.section_('Debug')

DEBUG 2024-02-21 22:30:42.007 UTC: 	 submit() - self.configreq {'dryrun': 0, 'workflow': 'crab_SkimB4Mu_2023eraC-v3_stream3_Mini', 'saveoutput': 1, 'savelogsflag': 0, 'inputdata': '/ParkingDoubleMuonLowMass3/Run2023C-22Sep2023_v3-v1/MINIAOD', 'primarydataset': '', 'nonvaliddata': 1, 'userfiles': [], 'dbsurl': 'https://cmsweb.cern.ch/dbs/prod/global/DBSReader', 'useparent': 0, 'ignorelocality': 0, 'splitalgo': 'LumiBased', 'algoargs': 50, 'totalunits': 0, 'publication': 1, 'publishdbsurl': 'https://cmsweb.cern.ch/dbs/prod/phys03/DBSWriter', 'publishname2': 'SkimB4Mu_2023eraC-v3_stream3_Mini', 'jobtype': 'Analysis', 'generator': 'pythia', 'addoutputfiles': [], 'maxjobruntime': 1250, 'numcores': 1, 'maxmemory': 2000, 'priority': 10, 'nonprodsw': 1, 'asyncdest': 'T2_IT_Bari', 'requireaccelerator': 0, 'oneEventMode': 0, 'extrajdl': [], 'ignoreglobalblacklist': 1, 'partialdataset': 0, 'inputblocks': []}
DEBUG 2024-02-21 22:30:42.007 UTC: 	 submit() - jobconfig {'addoutputfiles': [], 'tfileoutfiles': ['TreeData.root'], 'edmoutfiles': [], 'jobarch': 'slc7_amd64_gcc11', 'jobsw': 'CMSSW_13_0_13', 'inputdata': '/ParkingDoubleMuonLowMass3/Run2023C-22Sep2023_v3-v1/MINIAOD', 'cacheurl': 'https://cmsweb.cern.ch/S3/crabcache_prod', 'cachefilename': 'c21f585968b676319b78458a8dfff0d78967d784c1d5d78343c5cdc38d3be0e5.tar.gz', 'debugfilename': '133239c5f9e5bee2496b84041ae6bdfa0626eb43f1b9166eade9c79e964bffc1.tar.gz', 'runs': ['367095', '367100', '367102', '367103', '367104', '367111', '367112', '367127', '367128', '367129', '367130', '367131', '367133', '367228', '367229', '367230', '367231', '367232', '367234', '367260', '367262', '367263', '367264', '367267', '367269', '367270', '367271', '367312', '367314', '367315', '367334', '367336', '367337', '367355', '367406', '367413', '367415', '367416', '367475', '367477', '367515', '367516', '367552', '367553', '367554', '367615', '367618', '367619', '367661', '367662', '367663', '367665', '367666', '367691', '367696', '367699', '367730', '367742', '367758', '367770', '367771', '367772', '367790', '367831', '367836', '367838', '367840', '367881', '367883', '367884', '367902', '367904', '367905', '367906', '367907', '367908', '367910', '368223', '368224', '368229', '368318', '368320', '368321', '368332', '368333', '368343', '368382', '368384', '368388', '368389', '368400', '368410', '368412', '368423', '368451', '368453', '368454', '368489', '368546', '368547', '368548', '368566', '368567', '368609', '368611', '368613', '368636', '368669', '368670', '368672', '368674', '368675', '368676', '368678', '368684', '368685', '368723', '368724', '368746', '368749', '368753', '368762', '368764', '368765', '368822', '368823'], 'lumis': ['1,564', '45,390', '1,75', '1,64', '1,1082', '51,338', '1,1438', '18,350', '1,2,6,6,11,12,14,15', '1,3', '1,2,6,9,13,126,135,167', '1,149', '1,275', '55,280,285,287,292,294,298,304', '1,34', '1,1', '1,22', '1,996', '1,501', '52,69,72,240', '1,42,49,119,123,271', '10,21', '1,847', '45,322', '1,33', '1,961', '1,135', '53,225,227,269', '1,20', '1,893', '26,324', '1,169', '1,1046', '60,63', '48,476', '68,448,450,467,469,746,748,750,752,898,900,1340,1342,1367', '1,97', '1,55', '56,634', '1,1289', '44,668', '1,1236', '49,59', '1,644', '1,312', '53,484', '18,341', '1,300,302,501,503,579', '50,366', '1,18', '1,1', '1,271', '1,11,16,86', '46,204', '1,856,858,1920', '1,151', '48,562', '39,443', '52,767', '47,198', '1,91', '1,6', '1,160', '53,504', '48,588', '1,793', '1,570', '14,152', '1,1050', '1,1011', '42,273', '1,103', '1,48', '1,344', '1,119', '1,358', '1,593', '45,437,445,487', '1,57', '52,569', '37,319', '1,285', '1,337', '1,14', '1,25', '1,328', '37,792', '1,44', '39,444,448,1431,1434,1472', '1,198', '40,271', '49,1501', '1,92', '42,159,161,516', '1,144', '1,5', '1,68,72,1168', '47,791,793,827,829,863,865,899,901,935,937,971,973,1007,1009,1043,1045,1079,1081,1280,1282,1380,1382,1581,1583,1595', '1,659', '1,194,197,702', '1,75,77,86,89,90,93,280,282,1044', '1,1195', '1,31,33,411,414,436', '41,1039', '1,247,249,382', '1,260', '51,819', '42,410', '1,255,306,308', '1,866', '1,12', '1,50', '1,156', '1,171', '40,135', '1,1481', '63,63,97,188', '1,1200', '39,77', '1,169', '1,976', '45,238', '1,1', '1,1386', '45,330,332,908,910,991', '3,35'], 'jobtype': 'Analysis'}
INFO 2024-02-21 22:30:42.007 UTC: 	 Sending the request to the server at cmsweb.cern.ch
DEBUG 2024-02-21 22:30:42.008 UTC: 	 Submitting {'dryrun': 0, 'workflow': 'crab_SkimB4Mu_2023eraC-v3_stream3_Mini', 'saveoutput': 1, 'savelogsflag': 0, 'inputdata': '/ParkingDoubleMuonLowMass3/Run2023C-22Sep2023_v3-v1/MINIAOD', 'primarydataset': '', 'nonvaliddata': 1, 'userfiles': [], 'dbsurl': 'https://cmsweb.cern.ch/dbs/prod/global/DBSReader', 'useparent': 0, 'ignorelocality': 0, 'splitalgo': 'LumiBased', 'algoargs': 50, 'totalunits': 0, 'publication': 1, 'publishdbsurl': 'https://cmsweb.cern.ch/dbs/prod/phys03/DBSWriter', 'publishname2': 'SkimB4Mu_2023eraC-v3_stream3_Mini', 'jobtype': 'Analysis', 'generator': 'pythia', 'addoutputfiles': [], 'maxjobruntime': 1250, 'numcores': 1, 'maxmemory': 2000, 'priority': 10, 'nonprodsw': 1, 'asyncdest': 'T2_IT_Bari', 'requireaccelerator': 0, 'oneEventMode': 0, 'extrajdl': [], 'ignoreglobalblacklist': 1, 'partialdataset': 0, 'inputblocks': [], 'tfileoutfiles': ['TreeData.root'], 'edmoutfiles': [], 'jobarch': 'slc7_amd64_gcc11', 'jobsw': 'CMSSW_13_0_13', 'cacheurl': 'https://cmsweb.cern.ch/S3/crabcache_prod', 'cachefilename': 'c21f585968b676319b78458a8dfff0d78967d784c1d5d78343c5cdc38d3be0e5.tar.gz', 'debugfilename': '133239c5f9e5bee2496b84041ae6bdfa0626eb43f1b9166eade9c79e964bffc1.tar.gz', 'runs': ['367095', '367100', '367102', '367103', '367104', '367111', '367112', '367127', '367128', '367129', '367130', '367131', '367133', '367228', '367229', '367230', '367231', '367232', '367234', '367260', '367262', '367263', '367264', '367267', '367269', '367270', '367271', '367312', '367314', '367315', '367334', '367336', '367337', '367355', '367406', '367413', '367415', '367416', '367475', '367477', '367515', '367516', '367552', '367553', '367554', '367615', '367618', '367619', '367661', '367662', '367663', '367665', '367666', '367691', '367696', '367699', '367730', '367742', '367758', '367770', '367771', '367772', '367790', '367831', '367836', '367838', '367840', '367881', '367883', '367884', '367902', '367904', '367905', '367906', '367907', '367908', '367910', '368223', '368224', '368229', '368318', '368320', '368321', '368332', '368333', '368343', '368382', '368384', '368388', '368389', '368400', '368410', '368412', '368423', '368451', '368453', '368454', '368489', '368546', '368547', '368548', '368566', '368567', '368609', '368611', '368613', '368636', '368669', '368670', '368672', '368674', '368675', '368676', '368678', '368684', '368685', '368723', '368724', '368746', '368749', '368753', '368762', '368764', '368765', '368822', '368823'], 'lumis': ['1,564', '45,390', '1,75', '1,64', '1,1082', '51,338', '1,1438', '18,350', '1,2,6,6,11,12,14,15', '1,3', '1,2,6,9,13,126,135,167', '1,149', '1,275', '55,280,285,287,292,294,298,304', '1,34', '1,1', '1,22', '1,996', '1,501', '52,69,72,240', '1,42,49,119,123,271', '10,21', '1,847', '45,322', '1,33', '1,961', '1,135', '53,225,227,269', '1,20', '1,893', '26,324', '1,169', '1,1046', '60,63', '48,476', '68,448,450,467,469,746,748,750,752,898,900,1340,1342,1367', '1,97', '1,55', '56,634', '1,1289', '44,668', '1,1236', '49,59', '1,644', '1,312', '53,484', '18,341', '1,300,302,501,503,579', '50,366', '1,18', '1,1', '1,271', '1,11,16,86', '46,204', '1,856,858,1920', '1,151', '48,562', '39,443', '52,767', '47,198', '1,91', '1,6', '1,160', '53,504', '48,588', '1,793', '1,570', '14,152', '1,1050', '1,1011', '42,273', '1,103', '1,48', '1,344', '1,119', '1,358', '1,593', '45,437,445,487', '1,57', '52,569', '37,319', '1,285', '1,337', '1,14', '1,25', '1,328', '37,792', '1,44', '39,444,448,1431,1434,1472', '1,198', '40,271', '49,1501', '1,92', '42,159,161,516', '1,144', '1,5', '1,68,72,1168', '47,791,793,827,829,863,865,899,901,935,937,971,973,1007,1009,1043,1045,1079,1081,1280,1282,1380,1382,1581,1583,1595', '1,659', '1,194,197,702', '1,75,77,86,89,90,93,280,282,1044', '1,1195', '1,31,33,411,414,436', '41,1039', '1,247,249,382', '1,260', '51,819', '42,410', '1,255,306,308', '1,866', '1,12', '1,50', '1,156', '1,171', '40,135', '1,1481', '63,63,97,188', '1,1200', '39,77', '1,169', '1,976', '45,238', '1,1', '1,1386', '45,330,332,908,910,991', '3,35']} 
DEBUG 2024-02-21 22:30:42.010 UTC: 	 Encoded data for curl request: dryrun=0&workflow=crab_SkimB4Mu_2023eraC-v3_stream3_Mini&saveoutput=1&savelogsflag=0&inputdata=%2FParkingDoubleMuonLowMass3%2FRun2023C-22Sep2023_v3-v1%2FMINIAOD&primarydataset=&nonvaliddata=1&dbsurl=https%3A%2F%2Fcmsweb.cern.ch%2Fdbs%2Fprod%2Fglobal%2FDBSReader&useparent=0&ignorelocality=0&splitalgo=LumiBased&algoargs=50&totalunits=0&publication=1&publishdbsurl=https%3A%2F%2Fcmsweb.cern.ch%2Fdbs%2Fprod%2Fphys03%2FDBSWriter&publishname2=SkimB4Mu_2023eraC-v3_stream3_Mini&jobtype=Analysis&generator=pythia&maxjobruntime=1250&numcores=1&maxmemory=2000&priority=10&nonprodsw=1&asyncdest=T2_IT_Bari&requireaccelerator=0&oneEventMode=0&ignoreglobalblacklist=1&partialdataset=0&jobarch=slc7_amd64_gcc11&jobsw=CMSSW_13_0_13&cacheurl=https%3A%2F%2Fcmsweb.cern.ch%2FS3%2Fcrabcache_prod&cachefilename=c21f585968b676319b78458a8dfff0d78967d784c1d5d78343c5cdc38d3be0e5.tar.gz&debugfilename=133239c5f9e5bee2496b84041ae6bdfa0626eb43f1b9166eade9c79e964bffc1.tar.gz&tfileoutfiles=TreeData.root&runs=367095&runs=367100&runs=367102&runs=367103&runs=367104&runs=367111&runs=367112&runs=367127&runs=367128&runs=367129&runs=367130&runs=367131&runs=367133&runs=367228&runs=367229&runs=367230&runs=367231&runs=367232&runs=367234&runs=367260&runs=367262&runs=367263&runs=367264&runs=367267&runs=367269&runs=367270&runs=367271&runs=367312&runs=367314&runs=367315&runs=367334&runs=367336&runs=367337&runs=367355&runs=367406&runs=367413&runs=367415&runs=367416&runs=367475&runs=367477&runs=367515&runs=367516&runs=367552&runs=367553&runs=367554&runs=367615&runs=367618&runs=367619&runs=367661&runs=367662&runs=367663&runs=367665&runs=367666&runs=367691&runs=367696&runs=367699&runs=367730&runs=367742&runs=367758&runs=367770&runs=367771&runs=367772&runs=367790&runs=367831&runs=367836&runs=367838&runs=367840&runs=367881&runs=367883&runs=367884&runs=367902&runs=367904&runs=367905&runs=367906&runs=367907&runs=367908&runs=367910&runs=368223&runs=368224&runs=368229&runs=368318&runs=368320&runs=368321&runs=368332&runs=368333&runs=368343&runs=368382&runs=368384&runs=368388&runs=368389&runs=368400&runs=368410&runs=368412&runs=368423&runs=368451&runs=368453&runs=368454&runs=368489&runs=368546&runs=368547&runs=368548&runs=368566&runs=368567&runs=368609&runs=368611&runs=368613&runs=368636&runs=368669&runs=368670&runs=368672&runs=368674&runs=368675&runs=368676&runs=368678&runs=368684&runs=368685&runs=368723&runs=368724&runs=368746&runs=368749&runs=368753&runs=368762&runs=368764&runs=368765&runs=368822&runs=368823&lumis=1%2C564&lumis=45%2C390&lumis=1%2C75&lumis=1%2C64&lumis=1%2C1082&lumis=51%2C338&lumis=1%2C1438&lumis=18%2C350&lumis=1%2C2%2C6%2C6%2C11%2C12%2C14%2C15&lumis=1%2C3&lumis=1%2C2%2C6%2C9%2C13%2C126%2C135%2C167&lumis=1%2C149&lumis=1%2C275&lumis=55%2C280%2C285%2C287%2C292%2C294%2C298%2C304&lumis=1%2C34&lumis=1%2C1&lumis=1%2C22&lumis=1%2C996&lumis=1%2C501&lumis=52%2C69%2C72%2C240&lumis=1%2C42%2C49%2C119%2C123%2C271&lumis=10%2C21&lumis=1%2C847&lumis=45%2C322&lumis=1%2C33&lumis=1%2C961&lumis=1%2C135&lumis=53%2C225%2C227%2C269&lumis=1%2C20&lumis=1%2C893&lumis=26%2C324&lumis=1%2C169&lumis=1%2C1046&lumis=60%2C63&lumis=48%2C476&lumis=68%2C448%2C450%2C467%2C469%2C746%2C748%2C750%2C752%2C898%2C900%2C1340%2C1342%2C1367&lumis=1%2C97&lumis=1%2C55&lumis=56%2C634&lumis=1%2C1289&lumis=44%2C668&lumis=1%2C1236&lumis=49%2C59&lumis=1%2C644&lumis=1%2C312&lumis=53%2C484&lumis=18%2C341&lumis=1%2C300%2C302%2C501%2C503%2C579&lumis=50%2C366&lumis=1%2C18&lumis=1%2C1&lumis=1%2C271&lumis=1%2C11%2C16%2C86&lumis=46%2C204&lumis=1%2C856%2C858%2C1920&lumis=1%2C151&lumis=48%2C562&lumis=39%2C443&lumis=52%2C767&lumis=47%2C198&lumis=1%2C91&lumis=1%2C6&lumis=1%2C160&lumis=53%2C504&lumis=48%2C588&lumis=1%2C793&lumis=1%2C570&lumis=14%2C152&lumis=1%2C1050&lumis=1%2C1011&lumis=42%2C273&lumis=1%2C103&lumis=1%2C48&lumis=1%2C344&lumis=1%2C119&lumis=1%2C358&lumis=1%2C593&lumis=45%2C437%2C445%2C487&lumis=1%2C57&lumis=52%2C569&lumis=37%2C319&lumis=1%2C285&lumis=1%2C337&lumis=1%2C14&lumis=1%2C25&lumis=1%2C328&lumis=37%2C792&lumis=1%2C44&lumis=39%2C444%2C448%2C1431%2C1434%2C1472&lumis=1%2C198&lumis=40%2C271&lumis=49%2C1501&lumis=1%2C92&lumis=42%2C159%2C161%2C516&lumis=1%2C144&lumis=1%2C5&lumis=1%2C68%2C72%2C1168&lumis=47%2C791%2C793%2C827%2C829%2C863%2C865%2C899%2C901%2C935%2C937%2C971%2C973%2C1007%2C1009%2C1043%2C1045%2C1079%2C1081%2C1280%2C1282%2C1380%2C1382%2C1581%2C1583%2C1595&lumis=1%2C659&lumis=1%2C194%2C197%2C702&lumis=1%2C75%2C77%2C86%2C89%2C90%2C93%2C280%2C282%2C1044&lumis=1%2C1195&lumis=1%2C31%2C33%2C411%2C414%2C436&lumis=41%2C1039&lumis=1%2C247%2C249%2C382&lumis=1%2C260&lumis=51%2C819&lumis=42%2C410&lumis=1%2C255%2C306%2C308&lumis=1%2C866&lumis=1%2C12&lumis=1%2C50&lumis=1%2C156&lumis=1%2C171&lumis=40%2C135&lumis=1%2C1481&lumis=63%2C63%2C97%2C188&lumis=1%2C1200&lumis=39%2C77&lumis=1%2C169&lumis=1%2C976&lumis=45%2C238&lumis=1%2C1&lumis=1%2C1386&lumis=45%2C330%2C332%2C908%2C910%2C991&lumis=3%2C35
DEBUG 2024-02-21 22:30:42.214 UTC: 	 Result: {'result': [{'RequestName': '240221_223042:mbuonsan_crab_SkimB4Mu_2023eraC-v3_stream3_Mini'}]}
INFO 2024-02-21 22:30:42.215 UTC: 	 Success: Your task has been delivered to the prod CRAB3 server.
INFO 2024-02-21 22:30:42.216 UTC: 	 Task name: 240221_223042:mbuonsan_crab_SkimB4Mu_2023eraC-v3_stream3_Mini
INFO 2024-02-21 22:30:42.216 UTC: 	 Project dir: crab_projects/crab_SkimB4Mu_2023eraC-v3_stream3_Mini
INFO 2024-02-21 22:30:42.216 UTC: 	 Please use ' crab status -d crab_projects/crab_SkimB4Mu_2023eraC-v3_stream3_Mini ' to check how the submission process proceeds.
DEBUG 2024-02-21 22:30:42.216 UTC: 	 About to return
INFO 2024-02-21 22:30:42.224 UTC: 	 Log file is /lustrehome/mbuonsante/B_4mu/CMSSW_13_0_13/src/B4muNtuplizer/CrabSubmission/2023_eraC-v3/crab_projects/crab_SkimB4Mu_2023eraC-v3_stream3_Mini/crab.log
DEBUG 2024-02-22 20:25:01.371 UTC: 	 CRAB Client version: v3.240110
DEBUG 2024-02-22 20:25:01.371 UTC: 	 Running on: Linux ui02.recas.ba.infn.it 3.10.0-1160.80.1.el7.x86_64 #1 SMP Tue Nov 8 15:48:59 UTC 2022 x86_64 x86_64 x86_64 GNU/Linux - CentOS Linux 7 (Core)
DEBUG 2024-02-22 20:25:01.371 UTC: 	 Executing command: 'resubmit'
DEBUG 2024-02-22 20:25:01.371 UTC: 	 Found CRAB cache file /lustrehome/mbuonsante/.crab3
DEBUG 2024-02-22 20:25:01.377 UTC: 	 Checking credentials
DEBUG 2024-02-22 20:25:01.377 UTC: 	 Found proxy file /tmp/x509up_u881331
DEBUG 2024-02-22 20:25:01.378 UTC: 	 Making sure it has proper VOMS extension
DEBUG 2024-02-22 20:25:01.378 UTC: 	 Executing command :
 voms-proxy-info --vo --file /tmp/x509up_u881331
DEBUG 2024-02-22 20:25:03.022 UTC: 	 output : cms

 error: 
 retcode : 0
DEBUG 2024-02-22 20:25:03.023 UTC: 	 Getting proxy life time left
DEBUG 2024-02-22 20:25:03.023 UTC: 	 Executing command :
 voms-proxy-info --actimeleft --timeleft --file /tmp/x509up_u881331
DEBUG 2024-02-22 20:25:04.393 UTC: 	 output : 400513
400512

 error: 
 retcode : 0
DEBUG 2024-02-22 20:25:04.393 UTC: 	 Proxy valid for 111:15:12 hours
DEBUG 2024-02-22 20:25:04.393 UTC: 	 Encoded data for curl request: subresource=delegatedn
DEBUG 2024-02-22 20:25:04.558 UTC: 	 Registering user credentials on myproxy for /DC=ch/DC=cern/OU=computers/CN=crab-(preprod|prod|dev)-tw(01|02|03).cern.ch|/DC=ch/DC=cern/OU=computers/CN=stefanov(m|m2).cern.ch|/DC=ch/DC=cern/OU=computers/CN=dciangot-tw.cern.ch
DEBUG 2024-02-22 20:25:04.558 UTC: 	 Executing command :
 voms-proxy-info --identity --file /tmp/x509up_u881331
DEBUG 2024-02-22 20:25:06.383 UTC: 	 output : /DC=ch/DC=cern/OU=Organic Units/OU=Users/CN=mbuonsan/CN=866052/CN=Marco Buonsante

 error: 
 retcode : 0
DEBUG 2024-02-22 20:25:06.383 UTC: 	 Getting myproxy life time left for db438794163ae221c16ac5cdc1e476b2bc2ff634
DEBUG 2024-02-22 20:25:06.383 UTC: 	 Executing command :
 myproxy-info -s myproxy.cern.ch -l db438794163ae221c16ac5cdc1e476b2bc2ff634
DEBUG 2024-02-22 20:25:06.860 UTC: 	 output : username: db438794163ae221c16ac5cdc1e476b2bc2ff634
owner: /DC=ch/DC=cern/OU=Organic Units/OU=Users/CN=mbuonsan/CN=866052/CN=Marco Buonsante
  renewal policy: /DC=ch/DC=cern/OU=computers/CN=crab-(preprod|prod|dev)-tw(01|02|03).cern.ch|/DC=ch/DC=cern/OU=computers/CN=stefanov(m|m2).cern.ch|/DC=ch/DC=cern/OU=computers/CN=dciangot-tw.cern.ch
  trusted retrieval policy: /DC=ch/DC=cern/OU=computers/CN=crab-(preprod|prod|dev)-tw(01|02|03).cern.ch|/DC=ch/DC=cern/OU=computers/CN=stefanov(m|m2).cern.ch|/DC=ch/DC=cern/OU=computers/CN=dciangot-tw.cern.ch
  timeleft: 471:16:21  (19.6 days)

 error: 
 retcode : 0
DEBUG 2024-02-22 20:25:06.860 UTC: 	 Myproxy is valid: 1696560
DEBUG 2024-02-22 20:25:06.860 UTC: 	 Result of myproxy credential check:
  Credential exists on myproxy: username: db438794163ae221c16ac5cdc1e476b2bc2ff634  - validity: 19 days, 15:16:00
DEBUG 2024-02-22 20:25:06.862 UTC: 	 Encoded data for curl request: subresource=search&workflow=240221_223042%3Ambuonsan_crab_SkimB4Mu_2023eraC-v3_stream3_Mini
DEBUG 2024-02-22 20:25:07.123 UTC: 	 Command use: resubmit
DEBUG 2024-02-22 20:25:07.124 UTC: 	 Options use: ['-d', 'crab_projects/crab_SkimB4Mu_2023eraC-v3_stream3_Mini']
DEBUG 2024-02-22 20:25:07.125 UTC: 	 Encoded data for curl request: subresource=version
DEBUG 2024-02-22 20:25:07.363 UTC: 	 CRABClient version: v3.240110
DEBUG 2024-02-22 20:25:07.363 UTC: 	 Instance is prod
DEBUG 2024-02-22 20:25:07.363 UTC: 	 Server base url is cmsweb.cern.ch
DEBUG 2024-02-22 20:25:07.363 UTC: 	 Command api workflow
DEBUG 2024-02-22 20:25:07.413 UTC: 	 CRAB Client version: v3.240110
DEBUG 2024-02-22 20:25:07.413 UTC: 	 Running on: Linux ui02.recas.ba.infn.it 3.10.0-1160.80.1.el7.x86_64 #1 SMP Tue Nov 8 15:48:59 UTC 2022 x86_64 x86_64 x86_64 GNU/Linux - CentOS Linux 7 (Core)
DEBUG 2024-02-22 20:25:07.413 UTC: 	 Executing command: 'status'
DEBUG 2024-02-22 20:25:07.413 UTC: 	 Found CRAB cache file /lustrehome/mbuonsante/.crab3
DEBUG 2024-02-22 20:25:07.419 UTC: 	 Checking credentials
DEBUG 2024-02-22 20:25:07.419 UTC: 	 Found proxy file /tmp/x509up_u881331
DEBUG 2024-02-22 20:25:07.419 UTC: 	 Making sure it has proper VOMS extension
DEBUG 2024-02-22 20:25:07.419 UTC: 	 Executing command :
 voms-proxy-info --vo --file /tmp/x509up_u881331
DEBUG 2024-02-22 20:25:09.067 UTC: 	 output : cms

 error: 
 retcode : 0
DEBUG 2024-02-22 20:25:09.067 UTC: 	 Getting proxy life time left
DEBUG 2024-02-22 20:25:09.067 UTC: 	 Executing command :
 voms-proxy-info --actimeleft --timeleft --file /tmp/x509up_u881331
DEBUG 2024-02-22 20:25:10.664 UTC: 	 output : 400507
400506

 error: 
 retcode : 0
DEBUG 2024-02-22 20:25:10.664 UTC: 	 Proxy valid for 111:15:06 hours
DEBUG 2024-02-22 20:25:10.665 UTC: 	 Encoded data for curl request: subresource=delegatedn
DEBUG 2024-02-22 20:25:10.878 UTC: 	 Registering user credentials on myproxy for /DC=ch/DC=cern/OU=computers/CN=crab-(preprod|prod|dev)-tw(01|02|03).cern.ch|/DC=ch/DC=cern/OU=computers/CN=stefanov(m|m2).cern.ch|/DC=ch/DC=cern/OU=computers/CN=dciangot-tw.cern.ch
DEBUG 2024-02-22 20:25:10.878 UTC: 	 Executing command :
 voms-proxy-info --identity --file /tmp/x509up_u881331
DEBUG 2024-02-22 20:25:13.066 UTC: 	 output : /DC=ch/DC=cern/OU=Organic Units/OU=Users/CN=mbuonsan/CN=866052/CN=Marco Buonsante

 error: 
 retcode : 0
DEBUG 2024-02-22 20:25:13.066 UTC: 	 Getting myproxy life time left for db438794163ae221c16ac5cdc1e476b2bc2ff634
DEBUG 2024-02-22 20:25:13.066 UTC: 	 Executing command :
 myproxy-info -s myproxy.cern.ch -l db438794163ae221c16ac5cdc1e476b2bc2ff634
DEBUG 2024-02-22 20:25:13.520 UTC: 	 output : username: db438794163ae221c16ac5cdc1e476b2bc2ff634
owner: /DC=ch/DC=cern/OU=Organic Units/OU=Users/CN=mbuonsan/CN=866052/CN=Marco Buonsante
  renewal policy: /DC=ch/DC=cern/OU=computers/CN=crab-(preprod|prod|dev)-tw(01|02|03).cern.ch|/DC=ch/DC=cern/OU=computers/CN=stefanov(m|m2).cern.ch|/DC=ch/DC=cern/OU=computers/CN=dciangot-tw.cern.ch
  trusted retrieval policy: /DC=ch/DC=cern/OU=computers/CN=crab-(preprod|prod|dev)-tw(01|02|03).cern.ch|/DC=ch/DC=cern/OU=computers/CN=stefanov(m|m2).cern.ch|/DC=ch/DC=cern/OU=computers/CN=dciangot-tw.cern.ch
  timeleft: 471:16:14  (19.6 days)

 error: 
 retcode : 0
DEBUG 2024-02-22 20:25:13.521 UTC: 	 Myproxy is valid: 1696560
DEBUG 2024-02-22 20:25:13.521 UTC: 	 Result of myproxy credential check:
  Credential exists on myproxy: username: db438794163ae221c16ac5cdc1e476b2bc2ff634  - validity: 19 days, 15:16:00
DEBUG 2024-02-22 20:25:13.521 UTC: 	 Retrieving username ...
DEBUG 2024-02-22 20:25:13.521 UTC: 	 Retrieving username from CRIC...
DEBUG 2024-02-22 20:25:14.677 UTC: 	 username is mbuonsan
INFO 2024-02-22 20:25:16.662 UTC: 	 Rucio client intialized for account mbuonsan
DEBUG 2024-02-22 20:25:16.663 UTC: 	 Command use: status
DEBUG 2024-02-22 20:25:16.663 UTC: 	 Options use: []
DEBUG 2024-02-22 20:25:16.663 UTC: 	 Encoded data for curl request: subresource=version
DEBUG 2024-02-22 20:25:16.871 UTC: 	 CRABClient version: v3.240110
DEBUG 2024-02-22 20:25:16.871 UTC: 	 Instance is prod
DEBUG 2024-02-22 20:25:16.871 UTC: 	 Server base url is cmsweb.cern.ch
DEBUG 2024-02-22 20:25:16.871 UTC: 	 Command api workflow
DEBUG 2024-02-22 20:25:16.871 UTC: 	 Encoded data for curl request: subresource=search&workflow=240221_223042%3Ambuonsan_crab_SkimB4Mu_2023eraC-v3_stream3_Mini
DEBUG 2024-02-22 20:25:17.060 UTC: 	 Got information from server oracle database: {'desc': {'columns': ['tm_taskname', 'tm_activity', 'panda_jobset_id', 'tm_task_status', 'tm_task_command', 'tm_start_time', 'tm_start_injection', 'tm_end_injection', 'tm_task_failure', 'tm_job_sw', 'tm_job_arch', 'tm_input_dataset', 'tm_nonvalid_input_dataset', 'tm_use_parent', 'tm_site_whitelist', 'tm_site_blacklist', 'tm_split_algo', 'tm_split_args', 'tm_user_sandbox', 'tm_cache_url', 'tm_username', 'tm_user_dn', 'tm_user_vo', 'tm_user_role', 'tm_user_group', 'tm_publish_name', 'tm_publish_groupname', 'tm_asyncdest', 'tm_dbs_url', 'tm_publish_dbs_url', 'tm_publication', 'tm_outfiles', 'tm_tfile_outfiles', 'tm_edm_outfiles', 'tm_job_type', 'tm_generator', 'tm_events_per_lumi', 'tm_arguments', 'panda_resubmitted_jobs', 'tm_save_logs', 'tw_name', 'tm_user_infiles', 'tm_maxjobruntime', 'tm_numcores', 'tm_maxmemory', 'tm_priority', 'tm_output_dataset', 'tm_task_warnings', 'tm_user_webdir', 'tm_scriptexe', 'tm_scriptargs', 'tm_extrajdl', 'tm_asourl', 'tm_collector', 'tm_schedd', 'tm_dry_run', 'tm_user_files', 'tm_transfer_outputs', 'tm_output_lfn', 'tm_ignore_locality', 'tm_fail_limit', 'tm_one_event_mode', 'tm_secondary_input_dataset', 'tm_primary_dataset', 'tm_last_publication', 'tm_debug_files', 'clusterid', 'tm_asodb', 'tm_ignore_global_blacklist', 'tm_submitter_ip_addr', 'tm_totalunits', 'tm_ddm_reqid', 'tm_user_config', 'tm_transfer_container', 'tm_transfer_rule', 'tm_publish_rule', 'tm_multipub_rule']}, 'result': ['240221_223042:mbuonsan_crab_SkimB4Mu_2023eraC-v3_stream3_Mini', 'None', 'None', 'SUBMITTED', 'SUBMIT', '2024-02-21 22:30:42.194532', 'None', '2024-02-21 22:31:34.133599', 'None', 'CMSSW_13_0_13', 'slc7_amd64_gcc11', '/ParkingDoubleMuonLowMass3/Run2023C-22Sep2023_v3-v1/MINIAOD', 'T', '0', '[]', '[]', 'LumiBased', "{'halt_job_on_file_boundaries': False, 'splitOnRun': False, 'lumis_per_job': 50, 'runs': ['367095', '367100', '367102', '367103', '367104', '367111', '367112', '367127', '367128', '367129', '367130', '367131', '367133', '367228', '367229', '367230', '367231', '367232', '367234', '367260', '367262', '367263', '367264', '367267', '367269', '367270', '367271', '367312', '367314', '367315', '367334', '367336', '367337', '367355', '367406', '367413', '367415', '367416', '367475', '367477', '367515', '367516', '367552', '367553', '367554', '367615', '367618', '367619', '367661', '367662', '367663', '367665', '367666', '367691', '367696', '367699', '367730', '367742', '367758', '367770', '367771', '367772', '367790', '367831', '367836', '367838', '367840', '367881', '367883', '367884', '367902', '367904', '367905', '367906', '367907', '367908', '367910', '368223', '368224', '368229', '368318', '368320', '368321', '368332', '368333', '368343', '368382', '368384', '368388', '368389', '368400', '368410', '368412', '368423', '368451', '368453', '368454', '368489', '368546', '368547', '368548', '368566', '368567', '368609', '368611', '368613', '368636', '368669', '368670', '368672', '368674', '368675', '368676', '368678', '368684', '368685', '368723', '368724', '368746', '368749', '368753', '368762', '368764', '368765', '368822', '368823'], 'lumis': ['1,564', '45,390', '1,75', '1,64', '1,1082', '51,338', '1,1438', '18,350', '1,2,6,6,11,12,14,15', '1,3', '1,2,6,9,13,126,135,167', '1,149', '1,275', '55,280,285,287,292,294,298,304', '1,34', '1,1', '1,22', '1,996', '1,501', '52,69,72,240', '1,42,49,119,123,271', '10,21', '1,847', '45,322', '1,33', '1,961', '1,135', '53,225,227,269', '1,20', '1,893', '26,324', '1,169', '1,1046', '60,63', '48,476', '68,448,450,467,469,746,748,750,752,898,900,1340,1342,1367', '1,97', '1,55', '56,634', '1,1289', '44,668', '1,1236', '49,59', '1,644', '1,312', '53,484', '18,341', '1,300,302,501,503,579', '50,366', '1,18', '1,1', '1,271', '1,11,16,86', '46,204', '1,856,858,1920', '1,151', '48,562', '39,443', '52,767', '47,198', '1,91', '1,6', '1,160', '53,504', '48,588', '1,793', '1,570', '14,152', '1,1050', '1,1011', '42,273', '1,103', '1,48', '1,344', '1,119', '1,358', '1,593', '45,437,445,487', '1,57', '52,569', '37,319', '1,285', '1,337', '1,14', '1,25', '1,328', '37,792', '1,44', '39,444,448,1431,1434,1472', '1,198', '40,271', '49,1501', '1,92', '42,159,161,516', '1,144', '1,5', '1,68,72,1168', '47,791,793,827,829,863,865,899,901,935,937,971,973,1007,1009,1043,1045,1079,1081,1280,1282,1380,1382,1581,1583,1595', '1,659', '1,194,197,702', '1,75,77,86,89,90,93,280,282,1044', '1,1195', '1,31,33,411,414,436', '41,1039', '1,247,249,382', '1,260', '51,819', '42,410', '1,255,306,308', '1,866', '1,12', '1,50', '1,156', '1,171', '40,135', '1,1481', '63,63,97,188', '1,1200', '39,77', '1,169', '1,976', '45,238', '1,1', '1,1386', '45,330,332,908,910,991', '3,35']}", 'c21f585968b676319b78458a8dfff0d78967d784c1d5d78343c5cdc38d3be0e5.tar.gz', 'https://cmsweb.cern.ch/S3/crabcache_prod', 'mbuonsan', '/DC=ch/DC=cern/OU=Organic Units/OU=Users/CN=mbuonsan/CN=866052/CN=Marco Buonsante', 'cms', 'None', 'None', 'SkimB4Mu_2023eraC-v3_stream3_Mini-00000000000000000000000000000000', 'F', 'T2_IT_Bari', 'https://cmsweb.cern.ch/dbs/prod/global/DBSReader', 'https://cmsweb.cern.ch/dbs/prod/phys03/DBSWriter', 'T', '[]', "['TreeData.root']", '[]', 'Analysis', 'pythia', 'None', '{}', 'None', 'F', 'crab-prod-tw01', '[]', '1250', '1', '2000', '10', "['/FakeDataset/fakefile-FakePublish-f58de8915d900c66ca044f440aec4d7e/USER']", '[]', 'http://vocms0137.cern.ch/mon/mbuonsan/240221_223042:mbuonsan_crab_SkimB4Mu_2023eraC-v3_stream3_Mini', 'None', '[]', '[]', 'None', 'cmsgwms-collector-global.cern.ch:9620,cmsgwms-collector-global.fnal.gov:9620', 'crab3@vocms0137.cern.ch', 'F', '[]', 'T', '/store/user/mbuonsan/', 'F', 'None', 'F', 'None', 'ParkingDoubleMuonLowMass3', 'None', '133239c5f9e5bee2496b84041ae6bdfa0626eb43f1b9166eade9c79e964bffc1.tar.gz', '101954344', 'None', 'T', '188.185.89.202', '0.0', 'None', '{"partialdataset": false, "requireaccelerator": false, "acceleratorparams": null, "inputblocks": null}', 'None', 'None', 'None', 'None']}
INFO 2024-02-22 20:25:17.060 UTC: 	 CRAB project directory:		/lustrehome/mbuonsante/B_4mu/CMSSW_13_0_13/src/B4muNtuplizer/CrabSubmission/2023_eraC-v3/crab_projects/crab_SkimB4Mu_2023eraC-v3_stream3_Mini
INFO 2024-02-22 20:25:17.060 UTC: 	 Task name:			240221_223042:mbuonsan_crab_SkimB4Mu_2023eraC-v3_stream3_Mini
INFO 2024-02-22 20:25:17.060 UTC: 	 Grid scheduler - Task Worker:	crab3@vocms0137.cern.ch - crab-prod-tw01
INFO 2024-02-22 20:25:17.060 UTC: 	 Status on the CRAB server:	SUBMITTED
INFO 2024-02-22 20:25:17.060 UTC: 	 Task URL to use for HELP:	https://cmsweb.cern.ch/crabserver/ui/task/240221_223042%3Ambuonsan_crab_SkimB4Mu_2023eraC-v3_stream3_Mini
INFO 2024-02-22 20:25:17.076 UTC: 	 Dashboard monitoring URL:	https://monit-grafana.cern.ch/d/cmsTMDetail/cms-task-monitoring-task-view?orgId=11&var-user=mbuonsan&var-task=240221_223042%3Ambuonsan_crab_SkimB4Mu_2023eraC-v3_stream3_Mini&from=1708551042000&to=now
DEBUG 2024-02-22 20:25:17.076 UTC: 	 The CRAB server submitted your task to the Grid scheduler (cluster ID: 101954344)
DEBUG 2024-02-22 20:25:17.076 UTC: 	 Webdir is located at http://vocms0137.cern.ch/mon/mbuonsan/240221_223042:mbuonsan_crab_SkimB4Mu_2023eraC-v3_stream3_Mini
DEBUG 2024-02-22 20:25:17.076 UTC: 	 Encoded data for curl request: subresource=webdirprx&workflow=240221_223042%3Ambuonsan_crab_SkimB4Mu_2023eraC-v3_stream3_Mini
DEBUG 2024-02-22 20:25:17.273 UTC: 	 Proxied webdir is located at https://cmsweb.cern.ch:8443/scheddmon/0137/mbuonsan/240221_223042:mbuonsan_crab_SkimB4Mu_2023eraC-v3_stream3_Mini
DEBUG 2024-02-22 20:25:17.273 UTC: 	 Retrieving 'status_cache' file from https://cmsweb.cern.ch:8443/scheddmon/0137/mbuonsan/240221_223042:mbuonsan_crab_SkimB4Mu_2023eraC-v3_stream3_Mini/status_cache.pkl
DEBUG 2024-02-22 20:25:17.273 UTC: 	 Will execute:
curl -sS --capath /etc/grid-security/certificates --cert /tmp/x509up_u881331 --key /tmp/x509up_u881331 -o /tmp/crab_status-cache-g8ci_5dq.pkl -w %"{http_code}" "https://cmsweb.cern.ch:8443/scheddmon/0137/mbuonsan/240221_223042:mbuonsan_crab_SkimB4Mu_2023eraC-v3_stream3_Mini/status_cache.pkl"
DEBUG 2024-02-22 20:25:17.273 UTC: 	 Executing command :
 curl -sS --capath /etc/grid-security/certificates --cert /tmp/x509up_u881331 --key /tmp/x509up_u881331 -o /tmp/crab_status-cache-g8ci_5dq.pkl -w %"{http_code}" "https://cmsweb.cern.ch:8443/scheddmon/0137/mbuonsan/240221_223042:mbuonsan_crab_SkimB4Mu_2023eraC-v3_stream3_Mini/status_cache.pkl"
DEBUG 2024-02-22 20:25:17.581 UTC: 	 output : 200
 error: 
 retcode : 0
DEBUG 2024-02-22 20:25:17.581 UTC: 	 exitcode: 0
stdout: 200
stderr: 
error details: 
DEBUG 2024-02-22 20:25:17.583 UTC: 	 Got information from status cache file: {'4': {'Retries': 1, 'Restarts': 0, 'SiteHistory': ['Unknown', 'T2_US_Wisconsin', 'T2_US_Wisconsin', 'Unknown', 'T2_US_Wisconsin', 'T2_US_Wisconsin'], 'ResidentSetSize': [1522936, 1715088], 'SubmitTimes': [1708554705.0, 1708558603.0], 'StartTimes': [1708555053.0, 1708558794.0], 'EndTimes': [1708556734.0, 1708560329.0], 'TotalUserCpuTimeHistory': [1443, 1284], 'TotalSysCpuTimeHistory': [42, 53], 'WallDurations': [0, 8.216638326644897, 1681.0, 8.0, 191.5845913887024, 1535.0], 'JobIds': ['101954352.0', '101956444.0'], 'State': 'finished', 'RecordedSite': True}, '1': {'Retries': 0, 'Restarts': 0, 'SiteHistory': ['Unknown', 'T2_US_Wisconsin', 'T2_US_Wisconsin'], 'ResidentSetSize': [1514372], 'SubmitTimes': [1708554705.0], 'StartTimes': [1708555053.0], 'EndTimes': [1708555528.0], 'TotalUserCpuTimeHistory': [391], 'TotalSysCpuTimeHistory': [15], 'WallDurations': [0, 8.216638326644897, 475.0], 'JobIds': ['101954353.0'], 'State': 'finished', 'RecordedSite': True}, '2': {'Retries': 0, 'Restarts': 0, 'SiteHistory': ['Unknown', 'T2_US_Wisconsin', 'T2_US_Wisconsin'], 'ResidentSetSize': [1538960], 'SubmitTimes': [1708554705.0], 'StartTimes': [1708555053.0], 'EndTimes': [1708557354.0], 'TotalUserCpuTimeHistory': [1947], 'TotalSysCpuTimeHistory': [59], 'WallDurations': [0, 8.216638326644897, 2301.0], 'JobIds': ['101954354.0'], 'State': 'finished', 'RecordedSite': True}, '3': {'Retries': 0, 'Restarts': 0, 'SiteHistory': ['Unknown', 'T2_US_Wisconsin', 'T2_US_Wisconsin'], 'ResidentSetSize': [1557120], 'SubmitTimes': [1708554705.0], 'StartTimes': [1708555052.0], 'EndTimes': [1708556913.0], 'TotalUserCpuTimeHistory': [1620], 'TotalSysCpuTimeHistory': [44], 'WallDurations': [0, 9.216638326644897, 1861.0], 'JobIds': ['101954355.0'], 'State': 'finished', 'RecordedSite': True}, '5': {'Retries': 0, 'Restarts': 0, 'SiteHistory': ['Unknown', 'T2_US_Wisconsin', 'T2_US_Wisconsin'], 'ResidentSetSize': [1521396], 'SubmitTimes': [1708554705.0], 'StartTimes': [1708555053.0], 'EndTimes': [1708557184.0], 'TotalUserCpuTimeHistory': [1826], 'TotalSysCpuTimeHistory': [62], 'WallDurations': [0, 8.216638326644897, 2131.0], 'JobIds': ['101954356.0'], 'State': 'finished', 'RecordedSite': True}, '7': {'Retries': 1, 'Restarts': 0, 'SiteHistory': ['Unknown', 'T2_US_Wisconsin', 'T2_US_Wisconsin', 'T2_US_Wisconsin', 'T2_US_Wisconsin'], 'ResidentSetSize': [1519480, 1707292], 'SubmitTimes': [1708554705.0, 1708557803.0], 'StartTimes': [1708554821.0, 1708557822.0], 'EndTimes': [1708555936.0, 1708559193.0], 'TotalUserCpuTimeHistory': [955, 1228], 'TotalSysCpuTimeHistory': [24, 23], 'WallDurations': [8.0, 240.2166383266449, 1115.0, 8.0, 1371.0], 'JobIds': ['101954357.0', '101956038.0'], 'State': 'finished', 'RecordedSite': True}, '6': {'Retries': 1, 'Restarts': 0, 'SiteHistory': ['Unknown', 'T2_US_Wisconsin', 'T2_US_Wisconsin', 'T2_US_Wisconsin', 'T2_US_Wisconsin'], 'ResidentSetSize': [1532132, 1532080], 'SubmitTimes': [1708554705.0, 1708559721.0], 'StartTimes': [1708554825.0, 1708559729.0], 'EndTimes': [1708557853.0, 1708562665.0], 'TotalUserCpuTimeHistory': [2735, 2657], 'TotalSysCpuTimeHistory': [76, 64], 'WallDurations': [8.0, 236.2166383266449, 3028.0, 8.0, 2936.0], 'JobIds': ['101954358.0', '101956611.0'], 'State': 'finished', 'RecordedSite': True}, '9': {'Retries': 1, 'Restarts': 0, 'SiteHistory': ['Unknown', 'T2_US_Wisconsin', 'T2_US_Wisconsin', 'T2_IT_Bari', 'T2_IT_Bari'], 'ResidentSetSize': [1586340, 1311712], 'SubmitTimes': [1708554705.0, 1708558123.0], 'StartTimes': [1708554820.0, 1708558200.0], 'EndTimes': [1708556249.0, 1708560237.0], 'TotalUserCpuTimeHistory': [1175, 1661], 'TotalSysCpuTimeHistory': [47, 56], 'WallDurations': [9.0, 241.2166383266449, 1429.0, 8.0, 2037.0], 'JobIds': ['101954359.0', '101956079.0'], 'State': 'finished', 'RecordedSite': True}, '10': {'Retries': 1, 'Restarts': 0, 'SiteHistory': ['Unknown', 'T2_US_Wisconsin', 'T2_US_Wisconsin', 'T2_IT_Bari', 'T2_IT_Bari'], 'ResidentSetSize': [1550584, 1298912], 'SubmitTimes': [1708554705.0, 1708559621.0], 'StartTimes': [1708554820.0, 1708559649.0], 'EndTimes': [1708557755.0, 1708561234.0], 'TotalUserCpuTimeHistory': [2626, 1103], 'TotalSysCpuTimeHistory': [73, 34], 'WallDurations': [9.0, 241.2166383266449, 2935.0, 9.0, 1585.0], 'JobIds': ['101954360.0', '101956602.0'], 'State': 'finished', 'RecordedSite': True}, '8': {'Retries': 0, 'Restarts': 0, 'SiteHistory': ['Unknown', 'T2_US_Wisconsin', 'T2_US_Wisconsin'], 'ResidentSetSize': [1574528], 'SubmitTimes': [1708554705.0], 'StartTimes': [1708554821.0], 'EndTimes': [1708557185.0], 'TotalUserCpuTimeHistory': [2053], 'TotalSysCpuTimeHistory': [75], 'WallDurations': [8.0, 240.2166383266449, 2364.0], 'JobIds': ['101954361.0'], 'State': 'finished', 'RecordedSite': True}, '13': {'Retries': 0, 'Restarts': 0, 'SiteHistory': ['Unknown', 'T2_US_Wisconsin', 'T2_US_Wisconsin'], 'ResidentSetSize': [1579800], 'SubmitTimes': [1708554705.0], 'StartTimes': [1708554821.0], 'EndTimes': [1708557096.0], 'TotalUserCpuTimeHistory': [2015], 'TotalSysCpuTimeHistory': [59], 'WallDurations': [8.0, 240.2166383266449, 2275.0], 'JobIds': ['101954362.0'], 'State': 'finished', 'RecordedSite': True}, '15': {'Retries': 0, 'Restarts': 0, 'SiteHistory': ['Unknown', 'T2_US_Wisconsin', 'T2_US_Wisconsin'], 'ResidentSetSize': [1521916], 'SubmitTimes': [1708554705.0], 'StartTimes': [1708554822.0], 'EndTimes': [1708556488.0], 'TotalUserCpuTimeHistory': [1412], 'TotalSysCpuTimeHistory': [68], 'WallDurations': [9.0, 239.2166383266449, 1666.0], 'JobIds': ['101954363.0'], 'State': 'finished', 'RecordedSite': True}, '11': {'Retries': 1, 'Restarts': 0, 'SiteHistory': ['Unknown', 'T2_US_Wisconsin', 'T2_US_Wisconsin', 'T2_IT_Bari', 'T2_IT_Bari'], 'ResidentSetSize': [1622264, 1294180], 'SubmitTimes': [1708554705.0, 1708557963.0], 'StartTimes': [1708554821.0, 1708557981.0], 'EndTimes': [1708556091.0, 1708559308.0], 'TotalUserCpuTimeHistory': [1088, 802], 'TotalSysCpuTimeHistory': [26, 22], 'WallDurations': [9.0, 240.2166383266449, 1270.0, 8.0, 1327.0], 'JobIds': ['101954364.0', '101956055.0'], 'State': 'finished', 'RecordedSite': True}, '16': {'Retries': 0, 'Restarts': 0, 'SiteHistory': ['Unknown', 'T2_US_Wisconsin', 'T2_US_Wisconsin'], 'ResidentSetSize': [1563392], 'SubmitTimes': [1708554705.0], 'StartTimes': [1708554822.0], 'EndTimes': [1708557269.0], 'TotalUserCpuTimeHistory': [2084], 'TotalSysCpuTimeHistory': [70], 'WallDurations': [9.0, 239.2166383266449, 2447.0], 'JobIds': ['101954365.0'], 'State': 'finished', 'RecordedSite': True}, '12': {'Retries': 0, 'Restarts': 0, 'SiteHistory': ['Unknown', 'T2_US_Wisconsin', 'T2_US_Wisconsin'], 'ResidentSetSize': [1562824], 'SubmitTimes': [1708554705.0], 'StartTimes': [1708554825.0], 'EndTimes': [1708555546.0], 'TotalUserCpuTimeHistory': [579], 'TotalSysCpuTimeHistory': [24], 'WallDurations': [9.0, 236.2166383266449, 721.0], 'JobIds': ['101954366.0'], 'State': 'finished', 'RecordedSite': True}, '14': {'Retries': 0, 'Restarts': 0, 'SiteHistory': ['Unknown', 'T2_US_Wisconsin', 'T2_US_Wisconsin'], 'ResidentSetSize': [1544272], 'SubmitTimes': [1708554705.0], 'StartTimes': [1708554821.0], 'EndTimes': [1708558081.0], 'TotalUserCpuTimeHistory': [2918], 'TotalSysCpuTimeHistory': [73], 'WallDurations': [9.0, 240.2166383266449, 3260.0], 'JobIds': ['101954367.0'], 'State': 'finished', 'RecordedSite': True}, '18': {'Retries': 0, 'Restarts': 0, 'SiteHistory': ['Unknown', 'T2_US_Wisconsin', 'T2_US_Wisconsin'], 'ResidentSetSize': [1556976], 'SubmitTimes': [1708554706.0], 'StartTimes': [1708554821.0], 'EndTimes': [1708557147.0], 'TotalUserCpuTimeHistory': [2050], 'TotalSysCpuTimeHistory': [66], 'WallDurations': [9.0, 240.2166383266449, 2326.0], 'JobIds': ['101954368.0'], 'State': 'finished', 'RecordedSite': True}, '17': {'Retries': 1, 'Restarts': 0, 'SiteHistory': ['Unknown', 'T2_US_Wisconsin', 'T2_US_Wisconsin', 'T2_US_Wisconsin', 'T2_US_Wisconsin'], 'ResidentSetSize': [1546536, 1769832], 'SubmitTimes': [1708554706.0, 1708558386.0], 'StartTimes': [1708554823.0, 1708558529.0], 'EndTimes': [1708556513.0, 1708560458.0], 'TotalUserCpuTimeHistory': [1444, 1704], 'TotalSysCpuTimeHistory': [48, 36], 'WallDurations': [9.0, 238.2166383266449, 1690.0, 9.0, 1929.0], 'JobIds': ['101954369.0', '101956128.0'], 'State': 'finished', 'RecordedSite': True}, '19': {'Retries': 0, 'Restarts': 0, 'SiteHistory': ['Unknown', 'T2_US_Wisconsin', 'T2_US_Wisconsin'], 'ResidentSetSize': [1499040], 'SubmitTimes': [1708554706.0], 'StartTimes': [1708554823.0], 'EndTimes': [1708556998.0], 'TotalUserCpuTimeHistory': [1859], 'TotalSysCpuTimeHistory': [70], 'WallDurations': [9.0, 238.2166383266449, 2175.0], 'JobIds': ['101954370.0'], 'State': 'finished', 'RecordedSite': True}, '20': {'Retries': 1, 'Restarts': 0, 'SiteHistory': ['Unknown', 'T2_US_Wisconsin', 'T2_US_Wisconsin', 'T2_US_Wisconsin', 'T2_US_Wisconsin'], 'ResidentSetSize': [1472200, 1554736], 'SubmitTimes': [1708554706.0, 1708557908.0], 'StartTimes': [1708554821.0, 1708558042.0], 'EndTimes': [1708556038.0, 1708558581.0], 'TotalUserCpuTimeHistory': [1015, 413], 'TotalSysCpuTimeHistory': [45, 12], 'WallDurations': [8.0, 240.2166383266449, 1217.0, 8.0, 539.0], 'JobIds': ['101954371.0', '101956047.0'], 'State': 'finished', 'RecordedSite': True}, '22': {'Retries': 0, 'Restarts': 0, 'SiteHistory': ['Unknown', 'T2_US_Wisconsin', 'T2_US_Wisconsin'], 'ResidentSetSize': [1543528], 'SubmitTimes': [1708554706.0], 'StartTimes': [1708554821.0], 'EndTimes': [1708557434.0], 'TotalUserCpuTimeHistory': [2285], 'TotalSysCpuTimeHistory': [74], 'WallDurations': [8.0, 240.2166383266449, 2613.0], 'JobIds': ['101954372.0'], 'State': 'finished', 'RecordedSite': True}, '27': {'Retries': 0, 'Restarts': 0, 'SiteHistory': ['Unknown', 'T2_US_Wisconsin', 'T2_US_Wisconsin'], 'ResidentSetSize': [1520084], 'SubmitTimes': [1708554706.0], 'StartTimes': [1708554822.0], 'EndTimes': [1708557375.0], 'TotalUserCpuTimeHistory': [2281], 'TotalSysCpuTimeHistory': [69], 'WallDurations': [8.0, 239.2166383266449, 2553.0], 'JobIds': ['101954373.0'], 'State': 'finished', 'RecordedSite': True}, '24': {'Retries': 1, 'Restarts': 0, 'SiteHistory': ['Unknown', 'T2_US_Wisconsin', 'T2_US_Wisconsin', 'T2_US_Wisconsin', 'T2_US_Wisconsin'], 'ResidentSetSize': [1547832, 1661148], 'SubmitTimes': [1708554706.0, 1708557818.0], 'StartTimes': [1708554822.0, 1708557857.0], 'EndTimes': [1708555946.0, 1708559363.0], 'TotalUserCpuTimeHistory': [946, 1357], 'TotalSysCpuTimeHistory': [33, 35], 'WallDurations': [8.0, 239.2166383266449, 1124.0, 8.0, 1506.0], 'JobIds': ['101954374.0', '101956040.0'], 'State': 'finished', 'RecordedSite': True}, '23': {'Retries': 0, 'Restarts': 0, 'SiteHistory': ['Unknown', 'T2_US_Wisconsin', 'T2_US_Wisconsin'], 'ResidentSetSize': [1541124], 'SubmitTimes': [1708554706.0], 'StartTimes': [1708554820.0], 'EndTimes': [1708558089.0], 'TotalUserCpuTimeHistory': [2900], 'TotalSysCpuTimeHistory': [83], 'WallDurations': [10.0, 241.2166383266449, 3269.0], 'JobIds': ['101954375.0'], 'State': 'finished', 'RecordedSite': True}, '25': {'Retries': 0, 'Restarts': 0, 'SiteHistory': ['Unknown', 'T2_US_Wisconsin', 'T2_US_Wisconsin'], 'ResidentSetSize': [1526728], 'SubmitTimes': [1708554706.0], 'StartTimes': [1708554825.0], 'EndTimes': [1708555150.0], 'TotalUserCpuTimeHistory': [242], 'TotalSysCpuTimeHistory': [10], 'WallDurations': [8.0, 236.2166383266449, 325.0], 'JobIds': ['101954376.0'], 'State': 'finished', 'RecordedSite': True}, '26': {'Retries': 0, 'Restarts': 0, 'SiteHistory': ['Unknown', 'T2_US_Wisconsin', 'T2_US_Wisconsin'], 'ResidentSetSize': [1577012], 'SubmitTimes': [1708554706.0], 'StartTimes': [1708554825.0], 'EndTimes': [1708556599.0], 'TotalUserCpuTimeHistory': [1526], 'TotalSysCpuTimeHistory': [50], 'WallDurations': [8.0, 236.2166383266449, 1774.0], 'JobIds': ['101954377.0'], 'State': 'finished', 'RecordedSite': True}, '29': {'Retries': 0, 'Restarts': 0, 'SiteHistory': ['Unknown', 'T2_US_Wisconsin', 'T2_US_Wisconsin'], 'ResidentSetSize': [1535104], 'SubmitTimes': [1708554706.0], 'StartTimes': [1708554825.0], 'EndTimes': [1708558082.0], 'TotalUserCpuTimeHistory': [2899], 'TotalSysCpuTimeHistory': [78], 'WallDurations': [8.0, 236.2166383266449, 3257.0], 'JobIds': ['101954378.0'], 'State': 'finished', 'RecordedSite': True}, '28': {'Retries': 0, 'Restarts': 0, 'SiteHistory': ['Unknown', 'T2_US_Wisconsin', 'T2_US_Wisconsin'], 'ResidentSetSize': [1592264], 'SubmitTimes': [1708554706.0], 'StartTimes': [1708554821.0], 'EndTimes': [1708557205.0], 'TotalUserCpuTimeHistory': [2056], 'TotalSysCpuTimeHistory': [64], 'WallDurations': [9.0, 240.2166383266449, 2384.0], 'JobIds': ['101954379.0'], 'State': 'finished', 'RecordedSite': True}, '30': {'Retries': 0, 'Restarts': 0, 'SiteHistory': ['Unknown', 'T2_US_Wisconsin', 'T2_US_Wisconsin'], 'ResidentSetSize': [1528628], 'SubmitTimes': [1708554706.0], 'StartTimes': [1708554823.0], 'EndTimes': [1708557307.0], 'TotalUserCpuTimeHistory': [2207], 'TotalSysCpuTimeHistory': [57], 'WallDurations': [8.0, 238.2166383266449, 2484.0], 'JobIds': ['101954380.0'], 'State': 'finished', 'RecordedSite': True}, '31': {'Retries': 0, 'Restarts': 0, 'SiteHistory': ['Unknown', 'T2_US_Wisconsin', 'T2_US_Wisconsin'], 'ResidentSetSize': [1559696], 'SubmitTimes': [1708554706.0], 'StartTimes': [1708554822.0], 'EndTimes': [1708557509.0], 'TotalUserCpuTimeHistory': [2382], 'TotalSysCpuTimeHistory': [60], 'WallDurations': [9.0, 239.2166383266449, 2687.0], 'JobIds': ['101954381.0'], 'State': 'finished', 'RecordedSite': True}, '32': {'Retries': 1, 'Restarts': 0, 'SiteHistory': ['Unknown', 'T2_US_Wisconsin', 'T2_US_Wisconsin', 'T2_US_Wisconsin', 'T2_US_Wisconsin'], 'ResidentSetSize': [1537120, 1329200], 'SubmitTimes': [1708554706.0, 1708559929.0], 'StartTimes': [1708554823.0, 1708560033.0], 'EndTimes': [1708558055.0, 1708563087.0], 'TotalUserCpuTimeHistory': [2839, 2738], 'TotalSysCpuTimeHistory': [88, 70], 'WallDurations': [8.0, 238.2166383266449, 3232.0, 8.0, 3054.0], 'JobIds': ['101954382.0', '101956628.0'], 'State': 'finished', 'RecordedSite': True}, '33': {'Retries': 0, 'Restarts': 0, 'SiteHistory': ['Unknown', 'T2_US_Wisconsin', 'T2_US_Wisconsin'], 'ResidentSetSize': [1543952], 'SubmitTimes': [1708554706.0], 'StartTimes': [1708554822.0], 'EndTimes': [1708557344.0], 'TotalUserCpuTimeHistory': [2196], 'TotalSysCpuTimeHistory': [71], 'WallDurations': [9.0, 239.2166383266449, 2522.0], 'JobIds': ['101954383.0'], 'State': 'finished', 'RecordedSite': True}, '37': {'Retries': 1, 'Restarts': 0, 'SiteHistory': ['Unknown', 'T2_US_Wisconsin', 'T2_US_Wisconsin', 'T2_US_Wisconsin', 'T2_US_Wisconsin'], 'ResidentSetSize': [1571388, 1658392], 'SubmitTimes': [1708554706.0, 1708557948.0], 'StartTimes': [1708554825.0, 1708558043.0], 'EndTimes': [1708556076.0, 1708560158.0], 'TotalUserCpuTimeHistory': [1042, 1866], 'TotalSysCpuTimeHistory': [41, 60], 'WallDurations': [8.0, 236.2166383266449, 1251.0, 8.0, 2115.0], 'JobIds': ['101954384.0', '101956051.0'], 'State': 'finished', 'RecordedSite': True}, '34': {'Retries': 0, 'Restarts': 0, 'SiteHistory': ['Unknown', 'T2_US_Wisconsin', 'T2_US_Wisconsin'], 'ResidentSetSize': [1471432], 'SubmitTimes': [1708554706.0], 'StartTimes': [1708554825.0], 'EndTimes': [1708557500.0], 'TotalUserCpuTimeHistory': [2299], 'TotalSysCpuTimeHistory': [88], 'WallDurations': [8.0, 236.2166383266449, 2675.0], 'JobIds': ['101954385.0'], 'State': 'finished', 'RecordedSite': True}, '36': {'Retries': 0, 'Restarts': 0, 'SiteHistory': ['Unknown', 'T2_US_Wisconsin', 'T2_US_Wisconsin'], 'ResidentSetSize': [1518816], 'SubmitTimes': [1708554706.0], 'StartTimes': [1708554826.0], 'EndTimes': [1708557195.0], 'TotalUserCpuTimeHistory': [2101], 'TotalSysCpuTimeHistory': [61], 'WallDurations': [8.0, 235.2166383266449, 2369.0], 'JobIds': ['101954386.0'], 'State': 'finished', 'RecordedSite': True}, '35': {'Retries': 1, 'Restarts': 0, 'SiteHistory': ['Unknown', 'T2_US_Wisconsin', 'T2_US_Wisconsin', 'T2_US_Wisconsin', 'T2_US_Wisconsin'], 'ResidentSetSize': [1587204, 1746128], 'SubmitTimes': [1708554706.0, 1708558699.0], 'StartTimes': [1708554826.0, 1708558795.0], 'EndTimes': [1708556827.0, 1708560586.0], 'TotalUserCpuTimeHistory': [1735, 1526], 'TotalSysCpuTimeHistory': [63, 58], 'WallDurations': [8.0, 235.2166383266449, 2001.0, 10.0, 1791.0], 'JobIds': ['101954387.0', '101956506.0'], 'State': 'finished', 'RecordedSite': True}, '39': {'Retries': 0, 'Restarts': 0, 'SiteHistory': ['Unknown', 'T2_US_Wisconsin', 'T2_US_Wisconsin'], 'ResidentSetSize': [1552648], 'SubmitTimes': [1708554706.0], 'StartTimes': [1708554826.0], 'EndTimes': [1708556877.0], 'TotalUserCpuTimeHistory': [1764], 'TotalSysCpuTimeHistory': [51], 'WallDurations': [8.0, 235.2166383266449, 2051.0], 'JobIds': ['101954388.0'], 'State': 'finished', 'RecordedSite': True}, '40': {'Retries': 0, 'Restarts': 0, 'SiteHistory': ['Unknown', 'T2_US_Wisconsin', 'T2_US_Wisconsin'], 'ResidentSetSize': [1540188], 'SubmitTimes': [1708554706.0], 'StartTimes': [1708554825.0], 'EndTimes': [1708555702.0], 'TotalUserCpuTimeHistory': [716], 'TotalSysCpuTimeHistory': [25], 'WallDurations': [8.0, 236.2166383266449, 877.0], 'JobIds': ['101954389.0'], 'State': 'finished', 'RecordedSite': True}, '42': {'Retries': 1, 'Restarts': 0, 'SiteHistory': ['Unknown', 'T2_US_Wisconsin', 'T2_US_Wisconsin', 'Unknown', 'T2_IT_Legnaro', 'T2_IT_Legnaro'], 'ResidentSetSize': [1534324, 1300872], 'SubmitTimes': [1708554706.0, 1708558643.0], 'StartTimes': [1708554820.0, 1708558695.0], 'EndTimes': [1708556770.0, 1708560264.0], 'TotalUserCpuTimeHistory': [1674, 1453], 'TotalSysCpuTimeHistory': [52, 31], 'WallDurations': [8.0, 241.2166383266449, 1950.0, 8.0, 290.5845913887024, 1569.0], 'JobIds': ['101954390.0', '101956501.0'], 'State': 'finished', 'RecordedSite': True}, '41': {'Retries': 0, 'Restarts': 0, 'SiteHistory': ['Unknown', 'T2_US_Wisconsin', 'T2_US_Wisconsin'], 'ResidentSetSize': [1577264], 'SubmitTimes': [1708554706.0], 'StartTimes': [1708554825.0], 'EndTimes': [1708556875.0], 'TotalUserCpuTimeHistory': [1750], 'TotalSysCpuTimeHistory': [62], 'WallDurations': [8.0, 236.2166383266449, 2050.0], 'JobIds': ['101954391.0'], 'State': 'finished', 'RecordedSite': True}, '38': {'Retries': 0, 'Restarts': 0, 'SiteHistory': ['Unknown', 'T2_US_Wisconsin', 'T2_US_Wisconsin'], 'ResidentSetSize': [1487364], 'SubmitTimes': [1708554706.0], 'StartTimes': [1708554825.0], 'EndTimes': [1708557014.0], 'TotalUserCpuTimeHistory': [1937], 'TotalSysCpuTimeHistory': [55], 'WallDurations': [8.0, 236.2166383266449, 2189.0], 'JobIds': ['101954392.0'], 'State': 'finished', 'RecordedSite': True}, '44': {'Retries': 0, 'Restarts': 0, 'SiteHistory': ['Unknown', 'T2_US_Wisconsin', 'T2_US_Wisconsin'], 'ResidentSetSize': [1595016], 'SubmitTimes': [1708554706.0], 'StartTimes': [1708554822.0], 'EndTimes': [1708556108.0], 'TotalUserCpuTimeHistory': [1064], 'TotalSysCpuTimeHistory': [34], 'WallDurations': [9.0, 239.2166383266449, 1286.0], 'JobIds': ['101954393.0'], 'State': 'finished', 'RecordedSite': True}, '48': {'Retries': 1, 'Restarts': 0, 'SiteHistory': ['Unknown', 'T2_US_Wisconsin', 'T2_US_Wisconsin', 'T2_IT_Legnaro', 'T2_IT_Legnaro'], 'ResidentSetSize': [1521484, 1313800], 'SubmitTimes': [1708554706.0, 1708557858.0], 'StartTimes': [1708554826.0, 1708557882.0], 'EndTimes': [1708555987.0, 1708558533.0], 'TotalUserCpuTimeHistory': [1026, 581], 'TotalSysCpuTimeHistory': [26, 14], 'WallDurations': [9.0, 235.2166383266449, 1161.0, 8.0, 651.0], 'JobIds': ['101954394.0', '101956042.0'], 'State': 'finished', 'RecordedSite': True}, '43': {'Retries': 0, 'Restarts': 0, 'SiteHistory': ['Unknown', 'T2_US_Wisconsin', 'T2_US_Wisconsin'], 'ResidentSetSize': [1593320], 'SubmitTimes': [1708554706.0], 'StartTimes': [1708554825.0], 'EndTimes': [1708556967.0], 'TotalUserCpuTimeHistory': [1839], 'TotalSysCpuTimeHistory': [45], 'WallDurations': [8.0, 236.2166383266449, 2142.0], 'JobIds': ['101954395.0'], 'State': 'finished', 'RecordedSite': True}, '47': {'Retries': 1, 'Restarts': 0, 'SiteHistory': ['Unknown', 'T2_US_Wisconsin', 'T2_US_Wisconsin', 'T2_US_Wisconsin', 'T2_US_Wisconsin'], 'ResidentSetSize': [1520200, 1531232], 'SubmitTimes': [1708554706.0, 1708559919.0], 'StartTimes': [1708554825.0, 1708560033.0], 'EndTimes': [1708558053.0, 1708562053.0], 'TotalUserCpuTimeHistory': [2826, 1720], 'TotalSysCpuTimeHistory': [79, 58], 'WallDurations': [8.0, 236.2166383266449, 3228.0, 8.0, 2020.0], 'JobIds': ['101954396.0', '101956627.0'], 'State': 'finished', 'RecordedSite': True}, '46': {'Retries': 1, 'Restarts': 0, 'SiteHistory': ['Unknown', 'T2_US_Wisconsin', 'T2_US_Wisconsin', 'T1_IT_CNAF', 'T1_IT_CNAF'], 'ResidentSetSize': [1542984, 1274212], 'SubmitTimes': [1708554707.0, 1708559868.0], 'StartTimes': [1708554825.0, 1708559883.0], 'EndTimes': [1708557993.0, 1708562119.0], 'TotalUserCpuTimeHistory': [2712, 1802], 'TotalSysCpuTimeHistory': [87, 54], 'WallDurations': [8.0, 236.2166383266449, 3168.0, 8.0, 2236.0], 'JobIds': ['101954397.0', '101956625.0'], 'State': 'finished', 'RecordedSite': True}, '45': {'Retries': 1, 'Restarts': 0, 'SiteHistory': ['Unknown', 'T2_US_Wisconsin', 'T2_US_Wisconsin', 'T2_US_Wisconsin', 'T2_US_Wisconsin'], 'ResidentSetSize': [1504628, 1651352], 'SubmitTimes': [1708554707.0, 1708558542.0], 'StartTimes': [1708554825.0, 1708558585.0], 'EndTimes': [1708556667.0, 1708559390.0], 'TotalUserCpuTimeHistory': [1506, 626], 'TotalSysCpuTimeHistory': [76, 23], 'WallDurations': [8.0, 236.2166383266449, 1842.0, 8.0, 805.0], 'JobIds': ['101954398.0', '101956146.0'], 'State': 'finished', 'RecordedSite': True}, '49': {'Retries': 0, 'Restarts': 0, 'SiteHistory': ['Unknown', 'T2_US_Wisconsin', 'T2_US_Wisconsin'], 'ResidentSetSize': [1550604], 'SubmitTimes': [1708554707.0], 'StartTimes': [1708554825.0], 'EndTimes': [1708557559.0], 'TotalUserCpuTimeHistory': [2403], 'TotalSysCpuTimeHistory': [71], 'WallDurations': [8.0, 236.2166383266449, 2734.0], 'JobIds': ['101954399.0'], 'State': 'finished', 'RecordedSite': True}, '51': {'Retries': 1, 'Restarts': 0, 'SiteHistory': ['Unknown', 'T2_US_Wisconsin', 'T2_US_Wisconsin', 'T2_IT_Legnaro', 'T2_IT_Legnaro'], 'ResidentSetSize': [1540028, 1197480], 'SubmitTimes': [1708554707.0, 1708558552.0], 'StartTimes': [1708554825.0, 1708558601.0], 'EndTimes': [1708556683.0, 1708559417.0], 'TotalUserCpuTimeHistory': [1612, 718], 'TotalSysCpuTimeHistory': [53, 22], 'WallDurations': [8.0, 236.2166383266449, 1858.0, 8.0, 816.0], 'JobIds': ['101954400.0', '101956150.0'], 'State': 'finished', 'RecordedSite': True}, '53': {'Retries': 0, 'Restarts': 0, 'SiteHistory': ['Unknown', 'T2_US_Wisconsin', 'T2_US_Wisconsin'], 'ResidentSetSize': [1533900], 'SubmitTimes': [1708554707.0], 'StartTimes': [1708554827.0], 'EndTimes': [1708557791.0], 'TotalUserCpuTimeHistory': [2667], 'TotalSysCpuTimeHistory': [82], 'WallDurations': [9.0, 234.2166383266449, 2964.0], 'JobIds': ['101954401.0'], 'State': 'finished', 'RecordedSite': True}, '52': {'Retries': 0, 'Restarts': 0, 'SiteHistory': ['Unknown', 'T2_US_Wisconsin', 'T2_US_Wisconsin'], 'ResidentSetSize': [1475252], 'SubmitTimes': [1708554707.0], 'StartTimes': [1708555048.0], 'EndTimes': [1708555374.0], 'TotalUserCpuTimeHistory': [253], 'TotalSysCpuTimeHistory': [13], 'WallDurations': [9.0, 13.216638326644897, 326.0], 'JobIds': ['101954402.0'], 'State': 'finished', 'RecordedSite': True}, '50': {'Retries': 1, 'Restarts': 0, 'SiteHistory': ['Unknown', 'T2_US_Wisconsin', 'T2_US_Wisconsin', 'T2_US_Wisconsin', 'T2_US_Wisconsin'], 'ResidentSetSize': [1597012, 1577476], 'SubmitTimes': [1708554707.0, 1708557556.0], 'StartTimes': [1708555051.0, 1708557564.0], 'EndTimes': [1708555681.0, 1708558917.0], 'TotalUserCpuTimeHistory': [508, 1148], 'TotalSysCpuTimeHistory': [17, 43], 'WallDurations': [8.0, 10.216638326644897, 630.0, 9.0, 1353.0], 'JobIds': ['101954403.0', '101956012.0'], 'State': 'finished', 'RecordedSite': True}, '54': {'Retries': 1, 'Restarts': 0, 'SiteHistory': ['Unknown', 'T2_US_Wisconsin', 'T2_US_Wisconsin', 'T2_IT_Bari', 'T2_IT_Bari'], 'ResidentSetSize': [1532680, 1307600], 'SubmitTimes': [1708554707.0, 1708558542.0], 'StartTimes': [1708555051.0, 1708558599.0], 'EndTimes': [1708556674.0, 1708560713.0], 'TotalUserCpuTimeHistory': [1353, 1655], 'TotalSysCpuTimeHistory': [45, 65], 'WallDurations': [9.0, 10.216638326644897, 1623.0, 8.0, 2114.0], 'JobIds': ['101954404.0', '101956147.0'], 'State': 'finished', 'RecordedSite': True}, '58': {'Retries': 0, 'Restarts': 0, 'SiteHistory': ['Unknown', 'T2_US_Wisconsin', 'T2_US_Wisconsin'], 'ResidentSetSize': [1541532], 'SubmitTimes': [1708554707.0], 'StartTimes': [1708555049.0], 'EndTimes': [1708558307.0], 'TotalUserCpuTimeHistory': [2881], 'TotalSysCpuTimeHistory': [73], 'WallDurations': [9.0, 12.216638326644897, 3258.0], 'JobIds': ['101954405.0'], 'State': 'finished', 'RecordedSite': True}, '56': {'Retries': 0, 'Restarts': 0, 'SiteHistory': ['Unknown', 'T2_US_Wisconsin', 'T2_US_Wisconsin'], 'ResidentSetSize': [1538388], 'SubmitTimes': [1708554707.0], 'StartTimes': [1708555051.0], 'EndTimes': [1708556275.0], 'TotalUserCpuTimeHistory': [1044], 'TotalSysCpuTimeHistory': [34], 'WallDurations': [8.0, 10.216638326644897, 1224.0], 'JobIds': ['101954406.0'], 'State': 'finished', 'RecordedSite': True}, '59': {'Retries': 1, 'Restarts': 0, 'SiteHistory': ['Unknown', 'T2_US_Wisconsin', 'T2_US_Wisconsin', 'T2_DE_DESY', 'T2_DE_DESY'], 'ResidentSetSize': [1528840, 1325748], 'SubmitTimes': [1708554707.0, 1708557938.0], 'StartTimes': [1708555048.0, 1708557973.0], 'EndTimes': [1708556068.0, 1708558602.0], 'TotalUserCpuTimeHistory': [903, 554], 'TotalSysCpuTimeHistory': [21, 13], 'WallDurations': [9.0, 13.216638326644897, 1020.0, 8.0, 629.0], 'JobIds': ['101954407.0', '101956049.0'], 'State': 'finished', 'RecordedSite': True}, '55': {'Retries': 0, 'Restarts': 0, 'SiteHistory': ['Unknown', 'T2_US_Wisconsin', 'T2_US_Wisconsin'], 'ResidentSetSize': [1515196], 'SubmitTimes': [1708554707.0], 'StartTimes': [1708555050.0], 'EndTimes': [1708555928.0], 'TotalUserCpuTimeHistory': [760], 'TotalSysCpuTimeHistory': [20], 'WallDurations': [9.0, 11.216638326644897, 878.0], 'JobIds': ['101954408.0'], 'State': 'finished', 'RecordedSite': True}, '57': {'Retries': 0, 'Restarts': 0, 'SiteHistory': ['Unknown', 'T2_US_Wisconsin', 'T2_US_Wisconsin'], 'ResidentSetSize': [1501800], 'SubmitTimes': [1708554707.0], 'StartTimes': [1708555051.0], 'EndTimes': [1708556947.0], 'TotalUserCpuTimeHistory': [1629], 'TotalSysCpuTimeHistory': [65], 'WallDurations': [9.0, 10.216638326644897, 1896.0], 'JobIds': ['101954409.0'], 'State': 'finished', 'RecordedSite': True}, '60': {'Retries': 1, 'Restarts': 0, 'SiteHistory': ['Unknown', 'T2_US_Wisconsin', 'T2_US_Wisconsin', 'T2_US_Wisconsin', 'T2_US_Wisconsin'], 'ResidentSetSize': [1537012, 1609552], 'SubmitTimes': [1708554707.0, 1708557687.0], 'StartTimes': [1708555049.0, 1708557776.0], 'EndTimes': [1708555818.0, 1708559246.0], 'TotalUserCpuTimeHistory': [599, 1260], 'TotalSysCpuTimeHistory': [21, 41], 'WallDurations': [8.0, 12.216638326644897, 769.0, 10.0, 1470.0], 'JobIds': ['101954410.0', '101956027.0'], 'State': 'finished', 'RecordedSite': True}, '61': {'Retries': 1, 'Restarts': 0, 'SiteHistory': ['Unknown', 'T2_US_Wisconsin', 'T2_US_Wisconsin', 'Unknown', 'T2_DE_DESY', 'T2_DE_DESY'], 'ResidentSetSize': [1557092, 1286060], 'SubmitTimes': [1708554707.0, 1708559846.0], 'StartTimes': [1708555049.0, 1708559902.0], 'EndTimes': [1708557976.0, 1708561012.0], 'TotalUserCpuTimeHistory': [2520, 989], 'TotalSysCpuTimeHistory': [75, 30], 'WallDurations': [8.0, 12.216638326644897, 2927.0, 9.0, 296.06926941871643, 1110.0], 'JobIds': ['101954411.0', '101956621.0'], 'State': 'finished', 'RecordedSite': True}, '62': {'Retries': 0, 'Restarts': 0, 'SiteHistory': ['Unknown', 'T2_US_Wisconsin', 'T2_US_Wisconsin'], 'ResidentSetSize': [1535332], 'SubmitTimes': [1708554707.0], 'StartTimes': [1708555050.0], 'EndTimes': [1708557817.0], 'TotalUserCpuTimeHistory': [2365], 'TotalSysCpuTimeHistory': [77], 'WallDurations': [8.0, 11.216638326644897, 2767.0], 'JobIds': ['101954412.0'], 'State': 'finished', 'RecordedSite': True}, '63': {'Retries': 0, 'Restarts': 0, 'SiteHistory': ['Unknown', 'T2_US_Wisconsin', 'T2_US_Wisconsin'], 'ResidentSetSize': [1570448], 'SubmitTimes': [1708554707.0], 'StartTimes': [1708555051.0], 'EndTimes': [1708557058.0], 'TotalUserCpuTimeHistory': [1731], 'TotalSysCpuTimeHistory': [62], 'WallDurations': [8.0, 10.216638326644897, 2007.0], 'JobIds': ['101954413.0'], 'State': 'finished', 'RecordedSite': True}, '64': {'Retries': 1, 'Restarts': 0, 'SiteHistory': ['Unknown', 'T2_US_Wisconsin', 'T2_US_Wisconsin', 'Unknown', 'T2_DE_DESY', 'T2_DE_DESY'], 'ResidentSetSize': [1586376, 1328152], 'SubmitTimes': [1708554707.0, 1708558356.0], 'StartTimes': [1708555051.0, 1708558457.0], 'EndTimes': [1708556483.0, 1708559348.0], 'TotalUserCpuTimeHistory': [1136, 763], 'TotalSysCpuTimeHistory': [36, 25], 'WallDurations': [9.0, 10.216638326644897, 1432.0, 8.0, 225.14253282546997, 891.0], 'JobIds': ['101954414.0', '101956122.0'], 'State': 'finished', 'RecordedSite': True}, '65': {'Retries': 0, 'Restarts': 0, 'SiteHistory': ['Unknown', 'T2_US_Wisconsin', 'T2_US_Wisconsin'], 'ResidentSetSize': [1375332], 'SubmitTimes': [1708554707.0], 'StartTimes': [1708555054.0], 'EndTimes': [1708556039.0], 'TotalUserCpuTimeHistory': [816], 'TotalSysCpuTimeHistory': [25], 'WallDurations': [0, 7.2166383266448975, 985.0], 'JobIds': ['101954415.0'], 'State': 'finished', 'RecordedSite': True}, '66': {'Retries': 1, 'Restarts': 0, 'SiteHistory': ['Unknown', 'T2_US_Wisconsin', 'T2_US_Wisconsin', 'T2_US_Wisconsin', 'T2_US_Wisconsin'], 'ResidentSetSize': [1551932, 1574696], 'SubmitTimes': [1708554707.0, 1708557737.0], 'StartTimes': [1708555049.0, 1708557776.0], 'EndTimes': [1708555865.0, 1708558967.0], 'TotalUserCpuTimeHistory': [637, 969], 'TotalSysCpuTimeHistory': [24, 40], 'WallDurations': [8.0, 12.216638326644897, 816.0, 10.0, 1191.0], 'JobIds': ['101954416.0', '101956031.0'], 'State': 'finished', 'RecordedSite': True}, '68': {'Retries': 1, 'Restarts': 0, 'SiteHistory': ['Unknown', 'T2_US_Wisconsin', 'T2_US_Wisconsin', 'T2_US_Wisconsin', 'T2_US_Wisconsin'], 'ResidentSetSize': [1575424, 1576588], 'SubmitTimes': [1708554707.0, 1708557621.0], 'StartTimes': [1708555051.0, 1708557759.0], 'EndTimes': [1708555750.0, 1708559259.0], 'TotalUserCpuTimeHistory': [571, 1302], 'TotalSysCpuTimeHistory': [16, 47], 'WallDurations': [10.0, 10.216638326644897, 699.0, 9.0, 1500.0], 'JobIds': ['101954417.0', '101956019.0'], 'State': 'finished', 'RecordedSite': True}, '69': {'Retries': 0, 'Restarts': 0, 'SiteHistory': ['Unknown', 'T2_US_Wisconsin', 'T2_US_Wisconsin'], 'ResidentSetSize': [1543856], 'SubmitTimes': [1708554707.0], 'StartTimes': [1708555049.0], 'EndTimes': [1708556494.0], 'TotalUserCpuTimeHistory': [1231], 'TotalSysCpuTimeHistory': [49], 'WallDurations': [8.0, 12.216638326644897, 1445.0], 'JobIds': ['101954418.0'], 'State': 'finished', 'RecordedSite': True}, '72': {'Retries': 0, 'Restarts': 0, 'SiteHistory': ['Unknown', 'T2_US_Wisconsin', 'T2_US_Wisconsin'], 'ResidentSetSize': [1503976], 'SubmitTimes': [1708554707.0], 'StartTimes': [1708555050.0], 'EndTimes': [1708557505.0], 'TotalUserCpuTimeHistory': [2143], 'TotalSysCpuTimeHistory': [65], 'WallDurations': [9.0, 11.216638326644897, 2455.0], 'JobIds': ['101954419.0'], 'State': 'finished', 'RecordedSite': True}, '73': {'Retries': 0, 'Restarts': 0, 'SiteHistory': ['Unknown', 'T2_US_Wisconsin', 'T2_US_Wisconsin'], 'ResidentSetSize': [1524088], 'SubmitTimes': [1708554707.0], 'StartTimes': [1708555049.0], 'EndTimes': [1708555673.0], 'TotalUserCpuTimeHistory': [518], 'TotalSysCpuTimeHistory': [12], 'WallDurations': [8.0, 12.216638326644897, 624.0], 'JobIds': ['101954420.0'], 'State': 'finished', 'RecordedSite': True}, '71': {'Retries': 0, 'Restarts': 0, 'SiteHistory': ['Unknown', 'T2_US_Wisconsin', 'T2_US_Wisconsin'], 'ResidentSetSize': [1504156], 'SubmitTimes': [1708554707.0], 'StartTimes': [1708555053.0], 'EndTimes': [1708555482.0], 'TotalUserCpuTimeHistory': [320], 'TotalSysCpuTimeHistory': [11], 'WallDurations': [8.0, 8.216638326644897, 429.0], 'JobIds': ['101954421.0'], 'State': 'finished', 'RecordedSite': True}, '75': {'Retries': 0, 'Restarts': 0, 'SiteHistory': ['Unknown', 'T2_US_Vanderbilt', 'T2_US_Vanderbilt'], 'ResidentSetSize': [1282576], 'SubmitTimes': [1708554707.0], 'StartTimes': [1708554826.0], 'EndTimes': [1708559715.0], 'TotalUserCpuTimeHistory': [3256], 'TotalSysCpuTimeHistory': [117], 'WallDurations': [10.0, 235.2166383266449, 4889.0], 'JobIds': ['101954422.0'], 'State': 'finished', 'RecordedSite': True}, '77': {'Retries': 0, 'Restarts': 0, 'SiteHistory': ['Unknown', 'T2_US_Vanderbilt', 'T2_US_Vanderbilt'], 'ResidentSetSize': [1273688], 'SubmitTimes': [1708554707.0], 'StartTimes': [1708554823.0], 'EndTimes': [1708557808.0], 'TotalUserCpuTimeHistory': [2311], 'TotalSysCpuTimeHistory': [68], 'WallDurations': [10.0, 238.2166383266449, 2985.0], 'JobIds': ['101954423.0'], 'State': 'finished', 'RecordedSite': True}, '70': {'Retries': 0, 'Restarts': 0, 'SiteHistory': ['Unknown', 'T2_US_Wisconsin', 'T2_US_Wisconsin'], 'ResidentSetSize': [1403940], 'SubmitTimes': [1708554707.0], 'StartTimes': [1708555053.0], 'EndTimes': [1708555622.0], 'TotalUserCpuTimeHistory': [443], 'TotalSysCpuTimeHistory': [13], 'WallDurations': [0, 8.216638326644897, 569.0], 'JobIds': ['101954424.0'], 'State': 'finished', 'RecordedSite': True}, '74': {'Retries': 1, 'Restarts': 0, 'SiteHistory': ['Unknown', 'T2_US_Vanderbilt', 'T2_US_Vanderbilt', 'Unknown', 'T2_US_Vanderbilt', 'T2_US_Vanderbilt'], 'ResidentSetSize': [1206972, 1307084], 'SubmitTimes': [1708554707.0, 1708558361.0], 'StartTimes': [1708555052.0, 1708558396.0], 'EndTimes': [1708556490.0, 1708559772.0], 'TotalUserCpuTimeHistory': [1081, 969], 'TotalSysCpuTimeHistory': [41, 36], 'WallDurations': [0, 9.216638326644897, 1438.0, 9.0, 286.14253282546997, 1376.0], 'JobIds': ['101954425.0', '101956125.0'], 'State': 'finished', 'RecordedSite': True}, '76': {'Retries': 0, 'Restarts': 0, 'SiteHistory': ['Unknown', 'T2_US_Vanderbilt', 'T2_US_Vanderbilt'], 'ResidentSetSize': [1246016], 'SubmitTimes': [1708554707.0], 'StartTimes': [1708554821.0], 'EndTimes': [1708559167.0], 'TotalUserCpuTimeHistory': [3592], 'TotalSysCpuTimeHistory': [109], 'WallDurations': [9.0, 240.2166383266449, 4346.0], 'JobIds': ['101954426.0'], 'State': 'finished', 'RecordedSite': True}, '67': {'Retries': 1, 'Restarts': 0, 'SiteHistory': ['Unknown', 'T2_US_Wisconsin', 'T2_US_Wisconsin', 'T2_US_Wisconsin', 'T2_US_Wisconsin'], 'ResidentSetSize': [1534424, 1644300], 'SubmitTimes': [1708554708.0, 1708558210.0], 'StartTimes': [1708555050.0, 1708558291.0], 'EndTimes': [1708556340.0, 1708559569.0], 'TotalUserCpuTimeHistory': [1097, 1054], 'TotalSysCpuTimeHistory': [31, 43], 'WallDurations': [8.0, 11.216638326644897, 1290.0, 9.0, 1278.0], 'JobIds': ['101954427.0', '101956100.0'], 'State': 'finished', 'RecordedSite': True}, '79': {'Retries': 0, 'Restarts': 0, 'SiteHistory': ['Unknown', 'T2_US_Vanderbilt', 'T2_US_Vanderbilt'], 'ResidentSetSize': [1262020], 'SubmitTimes': [1708554708.0], 'StartTimes': [1708554825.0], 'EndTimes': [1708558508.0], 'TotalUserCpuTimeHistory': [2892], 'TotalSysCpuTimeHistory': [69], 'WallDurations': [9.0, 236.2166383266449, 3683.0], 'JobIds': ['101954428.0'], 'State': 'finished', 'RecordedSite': True}, '80': {'Retries': 1, 'Restarts': 0, 'SiteHistory': ['Unknown', 'T2_US_Vanderbilt', 'T2_US_Vanderbilt', 'T2_US_Vanderbilt', 'T2_US_Vanderbilt'], 'ResidentSetSize': [1253916, 1260552], 'SubmitTimes': [1708554708.0, 1708559686.0], 'StartTimes': [1708554823.0, 1708559724.0], 'EndTimes': [1708557814.0, 1708564623.0], 'TotalUserCpuTimeHistory': [1681, 3357], 'TotalSysCpuTimeHistory': [49, 111], 'WallDurations': [8.0, 238.2166383266449, 2991.0, 10.0, 4899.0], 'JobIds': ['101954429.0', '101956609.0'], 'State': 'finished', 'RecordedSite': True}, '81': {'Retries': 0, 'Restarts': 0, 'SiteHistory': ['Unknown', 'T2_US_Vanderbilt', 'T2_US_Vanderbilt'], 'ResidentSetSize': [1141392], 'SubmitTimes': [1708554708.0], 'StartTimes': [1708554834.0], 'EndTimes': [1708558115.0], 'TotalUserCpuTimeHistory': [2050], 'TotalSysCpuTimeHistory': [69], 'WallDurations': [11.0, 227.2166383266449, 3281.0], 'JobIds': ['101954430.0'], 'State': 'finished', 'RecordedSite': True}, '78': {'Retries': 0, 'Restarts': 0, 'SiteHistory': ['Unknown', 'T2_US_Vanderbilt', 'T2_US_Vanderbilt'], 'ResidentSetSize': [1244924], 'SubmitTimes': [1708554708.0], 'StartTimes': [1708554825.0], 'EndTimes': [1708559173.0], 'TotalUserCpuTimeHistory': [2864], 'TotalSysCpuTimeHistory': [80], 'WallDurations': [9.0, 236.2166383266449, 4348.0], 'JobIds': ['101954431.0'], 'State': 'finished', 'RecordedSite': True}, '83': {'Retries': 0, 'Restarts': 0, 'SiteHistory': ['Unknown', 'T2_US_Vanderbilt', 'T2_US_Vanderbilt'], 'ResidentSetSize': [1224992], 'SubmitTimes': [1708554708.0], 'StartTimes': [1708554823.0], 'EndTimes': [1708558931.0], 'TotalUserCpuTimeHistory': [2579], 'TotalSysCpuTimeHistory': [96], 'WallDurations': [10.0, 238.2166383266449, 4108.0], 'JobIds': ['101954432.0'], 'State': 'finished', 'RecordedSite': True}, '82': {'Retries': 1, 'Restarts': 0, 'SiteHistory': ['Unknown', 'T2_US_Vanderbilt', 'T2_US_Vanderbilt', 'Unknown', 'T2_DE_DESY', 'T2_DE_DESY'], 'ResidentSetSize': [1264276, 1268544], 'SubmitTimes': [1708554708.0, 1708559863.0], 'StartTimes': [1708554820.0, 1708559903.0], 'EndTimes': [1708557991.0, 1708561880.0], 'TotalUserCpuTimeHistory': [2499, 1745], 'TotalSysCpuTimeHistory': [70, 47], 'WallDurations': [10.0, 241.2166383266449, 3171.0, 8.0, 295.06926941871643, 1977.0], 'JobIds': ['101954433.0', '101956623.0'], 'State': 'finished', 'RecordedSite': True}, '86': {'Retries': 0, 'Restarts': 0, 'SiteHistory': ['Unknown', 'T2_US_Vanderbilt', 'T2_US_Vanderbilt'], 'ResidentSetSize': [1175532], 'SubmitTimes': [1708554708.0], 'StartTimes': [1708554825.0], 'EndTimes': [1708556001.0], 'TotalUserCpuTimeHistory': [628], 'TotalSysCpuTimeHistory': [24], 'WallDurations': [9.0, 236.2166383266449, 1176.0], 'JobIds': ['101954434.0'], 'State': 'finished', 'RecordedSite': True}, '84': {'Retries': 0, 'Restarts': 0, 'SiteHistory': ['Unknown', 'T2_US_Vanderbilt', 'T2_US_Vanderbilt'], 'ResidentSetSize': [1243376], 'SubmitTimes': [1708554708.0], 'StartTimes': [1708554823.0], 'EndTimes': [1708556807.0], 'TotalUserCpuTimeHistory': [1337], 'TotalSysCpuTimeHistory': [49], 'WallDurations': [10.0, 238.2166383266449, 1984.0], 'JobIds': ['101954435.0'], 'State': 'finished', 'RecordedSite': True}, '88': {'Retries': 0, 'Restarts': 0, 'SiteHistory': ['Unknown', 'T2_US_Vanderbilt', 'T2_US_Vanderbilt'], 'ResidentSetSize': [1290532], 'SubmitTimes': [1708554708.0], 'StartTimes': [1708554825.0], 'EndTimes': [1708558391.0], 'TotalUserCpuTimeHistory': [2607], 'TotalSysCpuTimeHistory': [64], 'WallDurations': [9.0, 236.2166383266449, 3566.0], 'JobIds': ['101954436.0'], 'State': 'finished', 'RecordedSite': True}, '89': {'Retries': 0, 'Restarts': 0, 'SiteHistory': ['Unknown', 'T2_US_Vanderbilt', 'T2_US_Vanderbilt'], 'ResidentSetSize': [1309776], 'SubmitTimes': [1708554708.0], 'StartTimes': [1708554826.0], 'EndTimes': [1708560725.0], 'TotalUserCpuTimeHistory': [3965], 'TotalSysCpuTimeHistory': [129], 'WallDurations': [10.0, 235.2166383266449, 5899.0], 'JobIds': ['101954437.0'], 'State': 'finished', 'RecordedSite': True}, '92': {'Retries': 1, 'Restarts': 0, 'SiteHistory': ['Unknown', 'T2_US_Vanderbilt', 'T2_US_Vanderbilt', 'Unknown', 'T2_DE_DESY', 'T2_DE_DESY'], 'ResidentSetSize': [1215672, 1298156], 'SubmitTimes': [1708554708.0, 1708559786.0], 'StartTimes': [1708554823.0, 1708559902.0], 'EndTimes': [1708557914.0, 1708562287.0], 'TotalUserCpuTimeHistory': [2267, 2160], 'TotalSysCpuTimeHistory': [65, 75], 'WallDurations': [9.0, 238.2166383266449, 3091.0, 9.0, 296.06926941871643, 2385.0], 'JobIds': ['101954438.0', '101956616.0'], 'State': 'finished', 'RecordedSite': True}, '87': {'Retries': 0, 'Restarts': 0, 'SiteHistory': ['Unknown', 'T2_US_Vanderbilt', 'T2_US_Vanderbilt'], 'ResidentSetSize': [1147632], 'SubmitTimes': [1708554708.0], 'StartTimes': [1708554823.0], 'EndTimes': [1708556865.0], 'TotalUserCpuTimeHistory': [1553], 'TotalSysCpuTimeHistory': [51], 'WallDurations': [9.0, 238.2166383266449, 2042.0], 'JobIds': ['101954439.0'], 'State': 'finished', 'RecordedSite': True}, '85': {'Retries': 0, 'Restarts': 0, 'SiteHistory': ['Unknown', 'T2_US_Vanderbilt', 'T2_US_Vanderbilt'], 'ResidentSetSize': [1253676], 'SubmitTimes': [1708554708.0], 'StartTimes': [1708554823.0], 'EndTimes': [1708556517.0], 'TotalUserCpuTimeHistory': [1340], 'TotalSysCpuTimeHistory': [60], 'WallDurations': [10.0, 238.2166383266449, 1694.0], 'JobIds': ['101954440.0'], 'State': 'finished', 'RecordedSite': True}, '93': {'Retries': 0, 'Restarts': 0, 'SiteHistory': ['Unknown', 'T2_US_Wisconsin', 'T2_US_Wisconsin'], 'ResidentSetSize': [1489308], 'SubmitTimes': [1708554708.0], 'StartTimes': [1708555049.0], 'EndTimes': [1708555286.0], 'TotalUserCpuTimeHistory': [182], 'TotalSysCpuTimeHistory': [7], 'WallDurations': [9.0, 12.216638326644897, 237.0], 'JobIds': ['101954441.0'], 'State': 'finished', 'RecordedSite': True}, '90': {'Retries': 0, 'Restarts': 0, 'SiteHistory': ['Unknown', 'T2_US_Vanderbilt', 'T2_US_Vanderbilt'], 'ResidentSetSize': [1239804], 'SubmitTimes': [1708554708.0], 'StartTimes': [1708554825.0], 'EndTimes': [1708560229.0], 'TotalUserCpuTimeHistory': [4085], 'TotalSysCpuTimeHistory': [108], 'WallDurations': [9.0, 236.2166383266449, 5404.0], 'JobIds': ['101954442.0'], 'State': 'finished', 'RecordedSite': True}, '91': {'Retries': 0, 'Restarts': 0, 'SiteHistory': ['Unknown', 'T2_US_Vanderbilt', 'T2_US_Vanderbilt'], 'ResidentSetSize': [1250528], 'SubmitTimes': [1708554708.0], 'StartTimes': [1708554823.0], 'EndTimes': [1708558085.0], 'TotalUserCpuTimeHistory': [2500], 'TotalSysCpuTimeHistory': [63], 'WallDurations': [9.0, 238.2166383266449, 3262.0], 'JobIds': ['101954443.0'], 'State': 'finished', 'RecordedSite': True}, '95': {'Retries': 1, 'Restarts': 0, 'SiteHistory': ['Unknown', 'T2_US_Wisconsin', 'T2_US_Wisconsin', 'T2_US_Wisconsin', 'T2_US_Wisconsin'], 'ResidentSetSize': [1610336, 1699232], 'SubmitTimes': [1708554708.0, 1708558163.0], 'StartTimes': [1708555051.0, 1708558292.0], 'EndTimes': [1708556291.0, 1708560407.0], 'TotalUserCpuTimeHistory': [1025, 1845], 'TotalSysCpuTimeHistory': [30, 51], 'WallDurations': [8.0, 10.216638326644897, 1240.0, 9.0, 2115.0], 'JobIds': ['101954444.0', '101956088.0'], 'State': 'finished', 'RecordedSite': True}, '96': {'Retries': 0, 'Restarts': 0, 'SiteHistory': ['Unknown', 'T2_US_Wisconsin', 'T2_US_Wisconsin'], 'ResidentSetSize': [1540424], 'SubmitTimes': [1708554708.0], 'StartTimes': [1708555050.0], 'EndTimes': [1708556164.0], 'TotalUserCpuTimeHistory': [908], 'TotalSysCpuTimeHistory': [37], 'WallDurations': [8.0, 11.216638326644897, 1114.0], 'JobIds': ['101954445.0'], 'State': 'finished', 'RecordedSite': True}, '98': {'Retries': 0, 'Restarts': 0, 'SiteHistory': ['Unknown', 'T2_US_Wisconsin', 'T2_US_Wisconsin'], 'ResidentSetSize': [1525324], 'SubmitTimes': [1708554708.0], 'StartTimes': [1708555053.0], 'EndTimes': [1708555944.0], 'TotalUserCpuTimeHistory': [724], 'TotalSysCpuTimeHistory': [24], 'WallDurations': [0, 8.216638326644897, 891.0], 'JobIds': ['101954446.0'], 'State': 'finished', 'RecordedSite': True}, '94': {'Retries': 1, 'Restarts': 0, 'SiteHistory': ['Unknown', 'T2_US_Wisconsin', 'T2_US_Wisconsin', 'T2_US_Wisconsin', 'T2_US_Wisconsin'], 'ResidentSetSize': [1548200, 1666024], 'SubmitTimes': [1708554708.0, 1708558461.0], 'StartTimes': [1708555050.0, 1708558529.0], 'EndTimes': [1708556586.0, 1708559780.0], 'TotalUserCpuTimeHistory': [1285, 1010], 'TotalSysCpuTimeHistory': [46, 47], 'WallDurations': [9.0, 11.216638326644897, 1536.0, 9.0, 1251.0], 'JobIds': ['101954447.0', '101956136.0'], 'State': 'finished', 'RecordedSite': True}, '97': {'Retries': 1, 'Restarts': 0, 'SiteHistory': ['Unknown', 'T2_US_Wisconsin', 'T2_US_Wisconsin', 'T2_US_Wisconsin', 'T2_US_Wisconsin'], 'ResidentSetSize': [1611444, 1699136], 'SubmitTimes': [1708554708.0, 1708557763.0], 'StartTimes': [1708555049.0, 1708557777.0], 'EndTimes': [1708555890.0, 1708559724.0], 'TotalUserCpuTimeHistory': [691, 1699], 'TotalSysCpuTimeHistory': [21, 53], 'WallDurations': [8.0, 12.216638326644897, 841.0, 8.0, 1947.0], 'JobIds': ['101954448.0', '101956035.0'], 'State': 'finished', 'RecordedSite': True}, '99': {'Retries': 1, 'Restarts': 0, 'SiteHistory': ['Unknown', 'T2_US_Wisconsin', 'T2_US_Wisconsin', 'T2_US_Wisconsin', 'T2_US_Wisconsin'], 'ResidentSetSize': [1519824, 1514368], 'SubmitTimes': [1708554708.0, 1708557858.0], 'StartTimes': [1708555053.0, 1708557997.0], 'EndTimes': [1708555991.0, 1708559374.0], 'TotalUserCpuTimeHistory': [796, 1182], 'TotalSysCpuTimeHistory': [22, 38], 'WallDurations': [0, 8.216638326644897, 938.0, 9.0, 1377.0], 'JobIds': ['101954449.0', '101956043.0'], 'State': 'finished', 'RecordedSite': True}, '100': {'Retries': 1, 'Restarts': 0, 'SiteHistory': ['Unknown', 'T2_US_Wisconsin', 'T2_US_Wisconsin', 'T2_US_Wisconsin', 'T2_US_Wisconsin'], 'ResidentSetSize': [1491356, 1594680], 'SubmitTimes': [1708554708.0, 1708557958.0], 'StartTimes': [1708555053.0, 1708558042.0], 'EndTimes': [1708556087.0, 1708559118.0], 'TotalUserCpuTimeHistory': [819, 883], 'TotalSysCpuTimeHistory': [35, 34], 'WallDurations': [0, 8.216638326644897, 1034.0, 9.0, 1076.0], 'JobIds': ['101954450.0', '101956053.0'], 'State': 'finished', 'RecordedSite': True}, '21': {'Retries': 0, 'Restarts': 0, 'SiteHistory': ['Unknown', 'T2_US_Wisconsin', 'T2_US_Wisconsin'], 'ResidentSetSize': [1489792], 'SubmitTimes': [1708554708.0], 'StartTimes': [1708555052.0], 'EndTimes': [1708556411.0], 'TotalUserCpuTimeHistory': [1096], 'TotalSysCpuTimeHistory': [46], 'WallDurations': [8.0, 9.216638326644897, 1359.0], 'JobIds': ['101954451.0'], 'State': 'finished', 'RecordedSite': True}}
INFO 2024-02-22 20:25:17.583 UTC: 	 Status on the scheduler:	COMPLETED
INFO 2024-02-22 20:25:17.583 UTC: 	 
Jobs status:                    finished     		100.0% (100/100)
DEBUG 2024-02-22 20:25:17.584 UTC: 	 Encoded data for curl request: subresource=publicationstatus&workflow=240221_223042%3Ambuonsan_crab_SkimB4Mu_2023eraC-v3_stream3_Mini&username=mbuonsan
INFO 2024-02-22 20:25:17.767 UTC: 	 
Output dataset:			/FakeDataset/fakefile-FakePublish-f58de8915d900c66ca044f440aec4d7e/USER
INFO 2024-02-22 20:25:17.768 UTC: 	 
No publication information available yet
INFO 2024-02-22 20:25:17.771 UTC: 	 
Warning: the max jobs runtime is less than 30% of the task requested value (1250 min), please consider to request a lower value for failed jobs (allowed through crab resubmit) and/or improve the jobs splitting (e.g. config.Data.splitting = 'Automatic') in a new task.
INFO 2024-02-22 20:25:17.771 UTC: 	 
Summary of run jobs:
 * Memory: 1557MB min, 1728MB max, 1435MB ave
 * Runtime: 0:03:57 min, 1:38:19 max, 0:34:00 ave
 * CPU eff: 55% min, 95% max, 84% ave
 * Waste: 22:29:39 (28% of total)

DEBUG 2024-02-22 20:25:17.772 UTC: 	 Requesting resubmission of failed jobs in task 240221_223042:mbuonsan_crab_SkimB4Mu_2023eraC-v3_stream3_Mini
ERROR 2024-02-22 20:25:17.772 UTC: 	 Found no jobs to resubmit. Only jobs in status failed can be resubmitted. Jobs in status finished can also be resubmitted, but only if the jobids are specified and the force option is set.
ERROR 2024-02-22 20:25:17.772 UTC: 	 Caught ClientException exception
Traceback (most recent call last):
  File "/cvmfs/cms.cern.ch/share/cms/crab-prod/v3.240110.01/bin/crab.py", line 152, in <module>
    client()
  File "/cvmfs/cms.cern.ch/share/cms/crab-prod/v3.240110.01/bin/crab.py", line 137, in __call__
    returnDict = self.cmd()
  File "/cvmfs/cms.cern.ch/share/cms/crab-prod/v3.240110.01/lib/CRABClient/Commands/resubmit.py", line 65, in __call__
    self.jobids = self.processJobIds(jobList)
  File "/cvmfs/cms.cern.ch/share/cms/crab-prod/v3.240110.01/lib/CRABClient/Commands/resubmit.py", line 171, in processJobIds
    raise ConfigurationException(msg)
CRABClient.ClientExceptions.ConfigurationException: Found no jobs to resubmit. Only jobs in status failed can be resubmitted. Jobs in status finished can also be resubmitted, but only if the jobids are specified and the force option is set.
