DEBUG 2024-02-21 22:42:55.312 UTC: 	 CRAB Client version: v3.240110
DEBUG 2024-02-21 22:42:55.312 UTC: 	 Running on: Linux ui02.recas.ba.infn.it 3.10.0-1160.80.1.el7.x86_64 #1 SMP Tue Nov 8 15:48:59 UTC 2022 x86_64 x86_64 x86_64 GNU/Linux - CentOS Linux 7 (Core)
DEBUG 2024-02-21 22:42:55.312 UTC: 	 Executing command: 'submit'
DEBUG 2024-02-21 22:42:55.313 UTC: 	 Found CRAB cache file /lustrehome/mbuonsante/.crab3
INFO 2024-02-21 22:42:55.313 UTC: 	 Will use CRAB configuration file CRAB_stream_5.py
DEBUG 2024-02-21 22:42:55.313 UTC: 	 Loading CRAB configuration file.
DEBUG 2024-02-21 22:42:55.316 UTC: 	 Will use CRAB plugin ANALYSIS (i.e. will run an analysis job type).
DEBUG 2024-02-21 22:42:55.318 UTC: 	 Checking credentials
DEBUG 2024-02-21 22:42:55.318 UTC: 	 Found proxy file /tmp/x509up_u881331
DEBUG 2024-02-21 22:42:55.318 UTC: 	 Making sure it has proper VOMS extension
DEBUG 2024-02-21 22:42:55.318 UTC: 	 Executing command :
 voms-proxy-info --vo --file /tmp/x509up_u881331
DEBUG 2024-02-21 22:42:56.729 UTC: 	 output : cms

 error: 
 retcode : 0
DEBUG 2024-02-21 22:42:56.729 UTC: 	 Getting proxy life time left
DEBUG 2024-02-21 22:42:56.729 UTC: 	 Executing command :
 voms-proxy-info --actimeleft --timeleft --file /tmp/x509up_u881331
DEBUG 2024-02-21 22:42:57.944 UTC: 	 output : 478640
478639

 error: 
 retcode : 0
DEBUG 2024-02-21 22:42:57.945 UTC: 	 Proxy valid for 132:57:19 hours
DEBUG 2024-02-21 22:42:57.945 UTC: 	 Encoded data for curl request: subresource=delegatedn
DEBUG 2024-02-21 22:42:58.120 UTC: 	 Registering user credentials on myproxy for /DC=ch/DC=cern/OU=computers/CN=crab-(preprod|prod|dev)-tw(01|02|03).cern.ch|/DC=ch/DC=cern/OU=computers/CN=stefanov(m|m2).cern.ch|/DC=ch/DC=cern/OU=computers/CN=dciangot-tw.cern.ch
DEBUG 2024-02-21 22:42:58.120 UTC: 	 Executing command :
 voms-proxy-info --identity --file /tmp/x509up_u881331
DEBUG 2024-02-21 22:42:59.324 UTC: 	 output : /DC=ch/DC=cern/OU=Organic Units/OU=Users/CN=mbuonsan/CN=866052/CN=Marco Buonsante

 error: 
 retcode : 0
DEBUG 2024-02-21 22:42:59.325 UTC: 	 Getting myproxy life time left for db438794163ae221c16ac5cdc1e476b2bc2ff634
DEBUG 2024-02-21 22:42:59.325 UTC: 	 Executing command :
 myproxy-info -s myproxy.cern.ch -l db438794163ae221c16ac5cdc1e476b2bc2ff634
DEBUG 2024-02-21 22:42:59.656 UTC: 	 output : username: db438794163ae221c16ac5cdc1e476b2bc2ff634
owner: /DC=ch/DC=cern/OU=Organic Units/OU=Users/CN=mbuonsan/CN=866052/CN=Marco Buonsante
  renewal policy: /DC=ch/DC=cern/OU=computers/CN=crab-(preprod|prod|dev)-tw(01|02|03).cern.ch|/DC=ch/DC=cern/OU=computers/CN=stefanov(m|m2).cern.ch|/DC=ch/DC=cern/OU=computers/CN=dciangot-tw.cern.ch
  trusted retrieval policy: /DC=ch/DC=cern/OU=computers/CN=crab-(preprod|prod|dev)-tw(01|02|03).cern.ch|/DC=ch/DC=cern/OU=computers/CN=stefanov(m|m2).cern.ch|/DC=ch/DC=cern/OU=computers/CN=dciangot-tw.cern.ch
  timeleft: 492:58:28  (20.5 days)

 error: 
 retcode : 0
DEBUG 2024-02-21 22:42:59.656 UTC: 	 Myproxy is valid: 1774680
DEBUG 2024-02-21 22:42:59.656 UTC: 	 Result of myproxy credential check:
  Credential exists on myproxy: username: db438794163ae221c16ac5cdc1e476b2bc2ff634  - validity: 20 days, 12:58:00
DEBUG 2024-02-21 22:42:59.656 UTC: 	 Command use: submit
DEBUG 2024-02-21 22:42:59.656 UTC: 	 Options use: ['-c', 'CRAB_stream_5.py']
DEBUG 2024-02-21 22:42:59.656 UTC: 	 Encoded data for curl request: subresource=version
DEBUG 2024-02-21 22:42:59.832 UTC: 	 CRABClient version: v3.240110
DEBUG 2024-02-21 22:42:59.832 UTC: 	 Instance is prod
DEBUG 2024-02-21 22:42:59.832 UTC: 	 Server base url is cmsweb.cern.ch
DEBUG 2024-02-21 22:42:59.832 UTC: 	 Command api workflow
DEBUG 2024-02-21 22:42:59.833 UTC: 	 Started submission
DEBUG 2024-02-21 22:42:59.833 UTC: 	 Working on /lustrehome/mbuonsante/B_4mu/CMSSW_13_0_13/src/B4muNtuplizer/CrabSubmission/2023_eraD-v2/crab_projects/crab_SkimB4Mu_2023eraD-v2_stream5_Mini
DEBUG 2024-02-21 22:42:59.833 UTC: 	 Encoded data for curl request: subresource=backendurls
DEBUG 2024-02-21 22:43:00.054 UTC: 	 Loading required information from the environment
DEBUG 2024-02-21 22:43:00.055 UTC: 	 Found CMSSW_13_0_13 for slc7_amd64_gcc11 with base /lustrehome/mbuonsante/B_4mu/CMSSW_13_0_13
DEBUG 2024-02-21 22:43:00.055 UTC: 	 Loading required information from the environment
DEBUG 2024-02-21 22:43:00.055 UTC: 	 Found CMSSW_13_0_13 for slc7_amd64_gcc11 with base /lustrehome/mbuonsante/B_4mu/CMSSW_13_0_13
DEBUG 2024-02-21 22:43:00.055 UTC: 	 UNIQUE NAME: tarUUID 455c3110-5903-4347-9513-f0023110bd46 
DEBUG 2024-02-21 22:43:00.055 UTC: 	 self.config: from WMCore.Configuration import Configuration
config = Configuration()
config.section_('General')
config.General.requestName = 'SkimB4Mu_2023eraD-v2_stream5_Mini'
config.General.transferOutputs = True
config.General.transferLogs = False
config.General.workArea = 'crab_projects'
config.section_('JobType')
config.JobType.pluginName = 'Analysis'
config.JobType.psetName = '/lustrehome/mbuonsante/B_4mu/CMSSW_13_0_13/src/B4muNtuplizer/CrabSubmission/2023_eraD-v2/PatAndTree_cfg.py'
config.JobType.allowUndistributedCMSSW = True
config.section_('Data')
config.Data.inputDataset = '/ParkingDoubleMuonLowMass5/Run2023D-22Sep2023_v2-v1/MINIAOD'
config.Data.lumiMask = 'https://cms-service-dqmdc.web.cern.ch/CAF/certification/Collisions23/Cert_Collisions2023_eraD_369803_370790_Golden.json'
config.Data.allowNonValidInputDataset = True
config.Data.inputDBS = 'global'
config.Data.outputDatasetTag = 'SkimB4Mu_2023eraD-v2_stream5_Mini'
config.Data.unitsPerJob = 50
config.Data.splitting = 'LumiBased'
config.section_('Site')
config.Site.storageSite = 'T2_IT_Bari'
config.Site.ignoreGlobalBlacklist = True
config.section_('User')
config.section_('Debug')

DEBUG 2024-02-21 22:43:00.055 UTC: 	 self.config.JobType.psetName: /lustrehome/mbuonsante/B_4mu/CMSSW_13_0_13/src/B4muNtuplizer/CrabSubmission/2023_eraD-v2/PatAndTree_cfg.py
INFO 2024-02-21 22:43:00.055 UTC: 	 Importing CMSSW configuration /lustrehome/mbuonsante/B_4mu/CMSSW_13_0_13/src/B4muNtuplizer/CrabSubmission/2023_eraD-v2/PatAndTree_cfg.py
INFO 2024-02-21 22:43:01.915 UTC: 	 Finished importing CMSSW configuration /lustrehome/mbuonsante/B_4mu/CMSSW_13_0_13/src/B4muNtuplizer/CrabSubmission/2023_eraD-v2/PatAndTree_cfg.py
DEBUG 2024-02-21 22:43:01.915 UTC: 	 Writing CMSSW configuration to /lustrehome/mbuonsante/B_4mu/CMSSW_13_0_13/src/B4muNtuplizer/CrabSubmission/2023_eraD-v2/crab_projects/crab_SkimB4Mu_2023eraD-v2_stream5_Mini/inputs/PSet.py
DEBUG 2024-02-21 22:43:02.006 UTC: 	 The following EDM output files will be collected: []
DEBUG 2024-02-21 22:43:02.006 UTC: 	 The following TFile output files will be collected: ['TreeData.root']
DEBUG 2024-02-21 22:43:02.006 UTC: 	 The following user output files (not listed as PoolOuputModule or TFileService in the CMSSW PSet) will be collected: 
DEBUG 2024-02-21 22:43:02.006 UTC: 	 Loading required information from the environment
DEBUG 2024-02-21 22:43:02.006 UTC: 	 Found CMSSW_13_0_13 for slc7_amd64_gcc11 with base /lustrehome/mbuonsante/B_4mu/CMSSW_13_0_13
DEBUG 2024-02-21 22:43:02.006 UTC: 	 Making tarball in /lustrehome/mbuonsante/B_4mu/CMSSW_13_0_13/src/B4muNtuplizer/CrabSubmission/2023_eraD-v2/crab_projects/crab_SkimB4Mu_2023eraD-v2_stream5_Mini/inputs/455c3110-5903-4347-9513-f0023110bd46default.tgz
DEBUG 2024-02-21 22:43:02.007 UTC: 	 Checking directory /lustrehome/mbuonsante/B_4mu/CMSSW_13_0_13/bin
DEBUG 2024-02-21 22:43:02.007 UTC: 	 Adding directory /lustrehome/mbuonsante/B_4mu/CMSSW_13_0_13/bin to tarball
DEBUG 2024-02-21 22:43:02.008 UTC: 	 Checking directory /lustrehome/mbuonsante/B_4mu/CMSSW_13_0_13/python
DEBUG 2024-02-21 22:43:02.008 UTC: 	 Adding directory /lustrehome/mbuonsante/B_4mu/CMSSW_13_0_13/python to tarball
DEBUG 2024-02-21 22:43:02.057 UTC: 	 Checking directory /lustrehome/mbuonsante/B_4mu/CMSSW_13_0_13/cfipython
DEBUG 2024-02-21 22:43:02.057 UTC: 	 Adding directory /lustrehome/mbuonsante/B_4mu/CMSSW_13_0_13/cfipython to tarball
DEBUG 2024-02-21 22:43:02.065 UTC: 	 Checking directory /lustrehome/mbuonsante/B_4mu/CMSSW_13_0_13/lib
DEBUG 2024-02-21 22:43:02.065 UTC: 	 Adding directory /lustrehome/mbuonsante/B_4mu/CMSSW_13_0_13/lib to tarball
DEBUG 2024-02-21 22:43:02.494 UTC: 	 Checking directory /lustrehome/mbuonsante/B_4mu/CMSSW_13_0_13/biglib
DEBUG 2024-02-21 22:43:02.494 UTC: 	 Adding directory /lustrehome/mbuonsante/B_4mu/CMSSW_13_0_13/biglib to tarball
DEBUG 2024-02-21 22:43:02.495 UTC: 	 Checking directory /lustrehome/mbuonsante/B_4mu/CMSSW_13_0_13/module
DEBUG 2024-02-21 22:43:02.495 UTC: 	 Checking directory /lustrehome/mbuonsante/B_4mu/CMSSW_13_0_13/config/SCRAM/hooks
DEBUG 2024-02-21 22:43:02.495 UTC: 	 Adding directory /lustrehome/mbuonsante/B_4mu/CMSSW_13_0_13/config/SCRAM/hooks to tarball
DEBUG 2024-02-21 22:43:02.523 UTC: 	 Adding directory /lustrehome/mbuonsante/B_4mu/CMSSW_13_0_13/src/B4muNtuplizer/SkimTools/python to tarball
DEBUG 2024-02-21 22:43:02.534 UTC: 	 Adding directory /lustrehome/mbuonsante/B_4mu/CMSSW_13_0_13/src/CommonTools/CandAlgos/interface to tarball
DEBUG 2024-02-21 22:43:02.539 UTC: 	 Adding directory /lustrehome/mbuonsante/B_4mu/CMSSW_13_0_13/src/CommonTools/CandAlgos/python to tarball
DEBUG 2024-02-21 22:43:02.689 UTC: 	 Uploading archive /lustrehome/mbuonsante/B_4mu/CMSSW_13_0_13/src/B4muNtuplizer/CrabSubmission/2023_eraD-v2/crab_projects/crab_SkimB4Mu_2023eraD-v2_stream5_Mini/inputs/455c3110-5903-4347-9513-f0023110bd46default.tgz (0.644531.1 MB) to the CRAB cache. Using URI https://cmsweb.cern.ch/S3/crabcache_prod
DEBUG 2024-02-21 22:43:03.154 UTC: 	 Encoded data for curl request: subresource=upload&objecttype=sandbox&tarballname=c21f585968b676319b78458a8dfff0d78967d784c1d5d78343c5cdc38d3be0e5.tar.gz
DEBUG 2024-02-21 22:43:03.366 UTC: 	 sandbox c21f585968b676319b78458a8dfff0d78967d784c1d5d78343c5cdc38d3be0e5.tar.gz is already in the S3 store, will not upload again
DEBUG 2024-02-21 22:43:03.367 UTC: 	 Loading required information from the environment
DEBUG 2024-02-21 22:43:03.367 UTC: 	 Found CMSSW_13_0_13 for slc7_amd64_gcc11 with base /lustrehome/mbuonsante/B_4mu/CMSSW_13_0_13
DEBUG 2024-02-21 22:43:03.367 UTC: 	 Making tarball in /lustrehome/mbuonsante/B_4mu/CMSSW_13_0_13/src/B4muNtuplizer/CrabSubmission/2023_eraD-v2/crab_projects/crab_SkimB4Mu_2023eraD-v2_stream5_Mini/inputs/debugFiles.tgz
DEBUG 2024-02-21 22:43:03.372 UTC: 	 Uploading archive /lustrehome/mbuonsante/B_4mu/CMSSW_13_0_13/src/B4muNtuplizer/CrabSubmission/2023_eraD-v2/crab_projects/crab_SkimB4Mu_2023eraD-v2_stream5_Mini/inputs/debugFiles.tgz (2 KB) to the CRAB cache. Using URI https://cmsweb.cern.ch/S3/crabcache_prod
DEBUG 2024-02-21 22:43:03.374 UTC: 	 Encoded data for curl request: subresource=upload&objecttype=sandbox&tarballname=92935e42527dc16ba453ff9a9614b8ea6d71538c82c0692208c53c209eea60a5.tar.gz
DEBUG 2024-02-21 22:43:03.595 UTC: 	 Will execute:
curl -f -v -X POST  -H "User-Agent: CRAB" -F "key=mbuonsan/sandboxes/92935e42527dc16ba453ff9a9614b8ea6d71538c82c0692208c53c209eea60a5.tar.gz" -F "AWSAccessKeyId=ab00fcc889f248c495d2875f15a3badb" -F "policy=eyJleHBpcmF0aW9uIjogIjIwMjQtMDItMjFUMjM6NDM6MDNaIiwgImNvbmRpdGlvbnMiOiBbeyJidWNrZXQiOiAiY3JhYmNhY2hlX3Byb2QifSwgeyJrZXkiOiAibWJ1b25zYW4vc2FuZGJveGVzLzkyOTM1ZTQyNTI3ZGMxNmJhNDUzZmY5YTk2MTRiOGVhNmQ3MTUzOGM4MmMwNjkyMjA4YzUzYzIwOWVlYTYwYTUudGFyLmd6In1dfQ==" -F "signature=BZ6EVeOGzrdMmZV2WH5kw+ARF0E=" -F "file=@/lustrehome/mbuonsante/B_4mu/CMSSW_13_0_13/src/B4muNtuplizer/CrabSubmission/2023_eraD-v2/crab_projects/crab_SkimB4Mu_2023eraD-v2_stream5_Mini/inputs/debugFiles.tgz" "https://s3.cern.ch/crabcache_prod"
DEBUG 2024-02-21 22:43:03.738 UTC: 	 exitcode: 0
stdout: b''
DEBUG 2024-02-21 22:43:03.738 UTC: 	 sandbox /lustrehome/mbuonsante/B_4mu/CMSSW_13_0_13/src/B4muNtuplizer/CrabSubmission/2023_eraD-v2/crab_projects/crab_SkimB4Mu_2023eraD-v2_stream5_Mini/inputs/debugFiles.tgz successully uploaded to S3
DEBUG 2024-02-21 22:43:03.738 UTC: 	 Result uploading input files: c21f585968b676319b78458a8dfff0d78967d784c1d5d78343c5cdc38d3be0e5.tar.gz 
DEBUG 2024-02-21 22:43:03.738 UTC: 	 Attaching lumi mask https://cms-service-dqmdc.web.cern.ch/CAF/certification/Collisions23/Cert_Collisions2023_eraD_369803_370790_Golden.json to the request
DEBUG 2024-02-21 22:43:03.739 UTC: 	 Downloading lumi-mask from https://cms-service-dqmdc.web.cern.ch/CAF/certification/Collisions23/Cert_Collisions2023_eraD_369803_370790_Golden.json
WARNING 2024-02-21 22:43:03.932 UTC: 	 Warning: The following output files will not be published, as they are not EDM files: ['TreeData.root']
DEBUG 2024-02-21 22:43:03.933 UTC: 	 submit() - self.configuration from WMCore.Configuration import Configuration
config = Configuration()
config.section_('General')
config.General.requestName = 'SkimB4Mu_2023eraD-v2_stream5_Mini'
config.General.transferOutputs = True
config.General.transferLogs = False
config.General.workArea = 'crab_projects'
config.section_('JobType')
config.JobType.pluginName = 'Analysis'
config.JobType.psetName = '/lustrehome/mbuonsante/B_4mu/CMSSW_13_0_13/src/B4muNtuplizer/CrabSubmission/2023_eraD-v2/PatAndTree_cfg.py'
config.JobType.allowUndistributedCMSSW = True
config.section_('Data')
config.Data.inputDataset = '/ParkingDoubleMuonLowMass5/Run2023D-22Sep2023_v2-v1/MINIAOD'
config.Data.lumiMask = 'https://cms-service-dqmdc.web.cern.ch/CAF/certification/Collisions23/Cert_Collisions2023_eraD_369803_370790_Golden.json'
config.Data.allowNonValidInputDataset = True
config.Data.inputDBS = 'global'
config.Data.outputDatasetTag = 'SkimB4Mu_2023eraD-v2_stream5_Mini'
config.Data.unitsPerJob = 50
config.Data.splitting = 'LumiBased'
config.section_('Site')
config.Site.storageSite = 'T2_IT_Bari'
config.Site.ignoreGlobalBlacklist = True
config.section_('User')
config.section_('Debug')

DEBUG 2024-02-21 22:43:03.933 UTC: 	 submit() - self.configreq {'dryrun': 0, 'workflow': 'crab_SkimB4Mu_2023eraD-v2_stream5_Mini', 'saveoutput': 1, 'savelogsflag': 0, 'inputdata': '/ParkingDoubleMuonLowMass5/Run2023D-22Sep2023_v2-v1/MINIAOD', 'primarydataset': '', 'nonvaliddata': 1, 'userfiles': [], 'dbsurl': 'https://cmsweb.cern.ch/dbs/prod/global/DBSReader', 'useparent': 0, 'ignorelocality': 0, 'splitalgo': 'LumiBased', 'algoargs': 50, 'totalunits': 0, 'publication': 1, 'publishdbsurl': 'https://cmsweb.cern.ch/dbs/prod/phys03/DBSWriter', 'publishname2': 'SkimB4Mu_2023eraD-v2_stream5_Mini', 'jobtype': 'Analysis', 'generator': 'pythia', 'addoutputfiles': [], 'maxjobruntime': 1250, 'numcores': 1, 'maxmemory': 2000, 'priority': 10, 'nonprodsw': 1, 'asyncdest': 'T2_IT_Bari', 'requireaccelerator': 0, 'oneEventMode': 0, 'extrajdl': [], 'ignoreglobalblacklist': 1, 'partialdataset': 0, 'inputblocks': []}
DEBUG 2024-02-21 22:43:03.933 UTC: 	 submit() - jobconfig {'addoutputfiles': [], 'tfileoutfiles': ['TreeData.root'], 'edmoutfiles': [], 'jobarch': 'slc7_amd64_gcc11', 'jobsw': 'CMSSW_13_0_13', 'inputdata': '/ParkingDoubleMuonLowMass5/Run2023D-22Sep2023_v2-v1/MINIAOD', 'cacheurl': 'https://cmsweb.cern.ch/S3/crabcache_prod', 'cachefilename': 'c21f585968b676319b78458a8dfff0d78967d784c1d5d78343c5cdc38d3be0e5.tar.gz', 'debugfilename': '92935e42527dc16ba453ff9a9614b8ea6d71538c82c0692208c53c209eea60a5.tar.gz', 'runs': ['369927', '369943', '369956', '369978', '369998', '369999', '370093', '370097', '370102', '370129', '370144', '370169', '370172', '370175', '370293', '370294', '370300', '370304', '370307', '370321', '370332', '370340', '370354', '370357', '370406', '370436', '370460', '370472', '370497', '370522', '370560', '370579', '370580', '370667', '370717', '370725', '370749', '370753', '370772', '370774', '370775', '370776', '370790'], 'lumis': ['37,376', '1,384', '37,1076', '31,812', '1,179', '1,41', '1,450', '1,356', '1,762', '42,123,125,552', '1,715,717,1329', '46,454,456,490,492,526,528,562,564,598,600,935,1002,1014,1016,1019,1021,1033,1035,1449', '1,300', '92,757,759,1785', '39,1618', '1,668', '1,962', '1,327', '1,708', '39,52', '1,144,146,1523,1525,1968', '24,779', '34,311', '1,801', '37,121,123,738,746,869', '1,31', '8,123', '1,32,34,43', '1,115,117,1419,1426,1436', '48,369', '62,90,92,410', '33,113,120,123', '1,2875', '1,28,30,102', '39,157', '44,392,394,456', '49,173,175,483,485,966,968,1541', '1,249', '29,1247', '1,159', '1,168', '1,326', '54,76'], 'jobtype': 'Analysis'}
INFO 2024-02-21 22:43:03.933 UTC: 	 Sending the request to the server at cmsweb.cern.ch
DEBUG 2024-02-21 22:43:03.933 UTC: 	 Submitting {'dryrun': 0, 'workflow': 'crab_SkimB4Mu_2023eraD-v2_stream5_Mini', 'saveoutput': 1, 'savelogsflag': 0, 'inputdata': '/ParkingDoubleMuonLowMass5/Run2023D-22Sep2023_v2-v1/MINIAOD', 'primarydataset': '', 'nonvaliddata': 1, 'userfiles': [], 'dbsurl': 'https://cmsweb.cern.ch/dbs/prod/global/DBSReader', 'useparent': 0, 'ignorelocality': 0, 'splitalgo': 'LumiBased', 'algoargs': 50, 'totalunits': 0, 'publication': 1, 'publishdbsurl': 'https://cmsweb.cern.ch/dbs/prod/phys03/DBSWriter', 'publishname2': 'SkimB4Mu_2023eraD-v2_stream5_Mini', 'jobtype': 'Analysis', 'generator': 'pythia', 'addoutputfiles': [], 'maxjobruntime': 1250, 'numcores': 1, 'maxmemory': 2000, 'priority': 10, 'nonprodsw': 1, 'asyncdest': 'T2_IT_Bari', 'requireaccelerator': 0, 'oneEventMode': 0, 'extrajdl': [], 'ignoreglobalblacklist': 1, 'partialdataset': 0, 'inputblocks': [], 'tfileoutfiles': ['TreeData.root'], 'edmoutfiles': [], 'jobarch': 'slc7_amd64_gcc11', 'jobsw': 'CMSSW_13_0_13', 'cacheurl': 'https://cmsweb.cern.ch/S3/crabcache_prod', 'cachefilename': 'c21f585968b676319b78458a8dfff0d78967d784c1d5d78343c5cdc38d3be0e5.tar.gz', 'debugfilename': '92935e42527dc16ba453ff9a9614b8ea6d71538c82c0692208c53c209eea60a5.tar.gz', 'runs': ['369927', '369943', '369956', '369978', '369998', '369999', '370093', '370097', '370102', '370129', '370144', '370169', '370172', '370175', '370293', '370294', '370300', '370304', '370307', '370321', '370332', '370340', '370354', '370357', '370406', '370436', '370460', '370472', '370497', '370522', '370560', '370579', '370580', '370667', '370717', '370725', '370749', '370753', '370772', '370774', '370775', '370776', '370790'], 'lumis': ['37,376', '1,384', '37,1076', '31,812', '1,179', '1,41', '1,450', '1,356', '1,762', '42,123,125,552', '1,715,717,1329', '46,454,456,490,492,526,528,562,564,598,600,935,1002,1014,1016,1019,1021,1033,1035,1449', '1,300', '92,757,759,1785', '39,1618', '1,668', '1,962', '1,327', '1,708', '39,52', '1,144,146,1523,1525,1968', '24,779', '34,311', '1,801', '37,121,123,738,746,869', '1,31', '8,123', '1,32,34,43', '1,115,117,1419,1426,1436', '48,369', '62,90,92,410', '33,113,120,123', '1,2875', '1,28,30,102', '39,157', '44,392,394,456', '49,173,175,483,485,966,968,1541', '1,249', '29,1247', '1,159', '1,168', '1,326', '54,76']} 
DEBUG 2024-02-21 22:43:03.934 UTC: 	 Encoded data for curl request: dryrun=0&workflow=crab_SkimB4Mu_2023eraD-v2_stream5_Mini&saveoutput=1&savelogsflag=0&inputdata=%2FParkingDoubleMuonLowMass5%2FRun2023D-22Sep2023_v2-v1%2FMINIAOD&primarydataset=&nonvaliddata=1&dbsurl=https%3A%2F%2Fcmsweb.cern.ch%2Fdbs%2Fprod%2Fglobal%2FDBSReader&useparent=0&ignorelocality=0&splitalgo=LumiBased&algoargs=50&totalunits=0&publication=1&publishdbsurl=https%3A%2F%2Fcmsweb.cern.ch%2Fdbs%2Fprod%2Fphys03%2FDBSWriter&publishname2=SkimB4Mu_2023eraD-v2_stream5_Mini&jobtype=Analysis&generator=pythia&maxjobruntime=1250&numcores=1&maxmemory=2000&priority=10&nonprodsw=1&asyncdest=T2_IT_Bari&requireaccelerator=0&oneEventMode=0&ignoreglobalblacklist=1&partialdataset=0&jobarch=slc7_amd64_gcc11&jobsw=CMSSW_13_0_13&cacheurl=https%3A%2F%2Fcmsweb.cern.ch%2FS3%2Fcrabcache_prod&cachefilename=c21f585968b676319b78458a8dfff0d78967d784c1d5d78343c5cdc38d3be0e5.tar.gz&debugfilename=92935e42527dc16ba453ff9a9614b8ea6d71538c82c0692208c53c209eea60a5.tar.gz&tfileoutfiles=TreeData.root&runs=369927&runs=369943&runs=369956&runs=369978&runs=369998&runs=369999&runs=370093&runs=370097&runs=370102&runs=370129&runs=370144&runs=370169&runs=370172&runs=370175&runs=370293&runs=370294&runs=370300&runs=370304&runs=370307&runs=370321&runs=370332&runs=370340&runs=370354&runs=370357&runs=370406&runs=370436&runs=370460&runs=370472&runs=370497&runs=370522&runs=370560&runs=370579&runs=370580&runs=370667&runs=370717&runs=370725&runs=370749&runs=370753&runs=370772&runs=370774&runs=370775&runs=370776&runs=370790&lumis=37%2C376&lumis=1%2C384&lumis=37%2C1076&lumis=31%2C812&lumis=1%2C179&lumis=1%2C41&lumis=1%2C450&lumis=1%2C356&lumis=1%2C762&lumis=42%2C123%2C125%2C552&lumis=1%2C715%2C717%2C1329&lumis=46%2C454%2C456%2C490%2C492%2C526%2C528%2C562%2C564%2C598%2C600%2C935%2C1002%2C1014%2C1016%2C1019%2C1021%2C1033%2C1035%2C1449&lumis=1%2C300&lumis=92%2C757%2C759%2C1785&lumis=39%2C1618&lumis=1%2C668&lumis=1%2C962&lumis=1%2C327&lumis=1%2C708&lumis=39%2C52&lumis=1%2C144%2C146%2C1523%2C1525%2C1968&lumis=24%2C779&lumis=34%2C311&lumis=1%2C801&lumis=37%2C121%2C123%2C738%2C746%2C869&lumis=1%2C31&lumis=8%2C123&lumis=1%2C32%2C34%2C43&lumis=1%2C115%2C117%2C1419%2C1426%2C1436&lumis=48%2C369&lumis=62%2C90%2C92%2C410&lumis=33%2C113%2C120%2C123&lumis=1%2C2875&lumis=1%2C28%2C30%2C102&lumis=39%2C157&lumis=44%2C392%2C394%2C456&lumis=49%2C173%2C175%2C483%2C485%2C966%2C968%2C1541&lumis=1%2C249&lumis=29%2C1247&lumis=1%2C159&lumis=1%2C168&lumis=1%2C326&lumis=54%2C76
DEBUG 2024-02-21 22:43:04.151 UTC: 	 Result: {'result': [{'RequestName': '240221_224304:mbuonsan_crab_SkimB4Mu_2023eraD-v2_stream5_Mini'}]}
INFO 2024-02-21 22:43:04.153 UTC: 	 Success: Your task has been delivered to the prod CRAB3 server.
INFO 2024-02-21 22:43:04.153 UTC: 	 Task name: 240221_224304:mbuonsan_crab_SkimB4Mu_2023eraD-v2_stream5_Mini
INFO 2024-02-21 22:43:04.153 UTC: 	 Project dir: crab_projects/crab_SkimB4Mu_2023eraD-v2_stream5_Mini
INFO 2024-02-21 22:43:04.153 UTC: 	 Please use ' crab status -d crab_projects/crab_SkimB4Mu_2023eraD-v2_stream5_Mini ' to check how the submission process proceeds.
DEBUG 2024-02-21 22:43:04.153 UTC: 	 About to return
INFO 2024-02-21 22:43:04.158 UTC: 	 Log file is /lustrehome/mbuonsante/B_4mu/CMSSW_13_0_13/src/B4muNtuplizer/CrabSubmission/2023_eraD-v2/crab_projects/crab_SkimB4Mu_2023eraD-v2_stream5_Mini/crab.log
DEBUG 2024-02-22 20:35:22.856 UTC: 	 CRAB Client version: v3.240110
DEBUG 2024-02-22 20:35:22.857 UTC: 	 Running on: Linux ui02.recas.ba.infn.it 3.10.0-1160.80.1.el7.x86_64 #1 SMP Tue Nov 8 15:48:59 UTC 2022 x86_64 x86_64 x86_64 GNU/Linux - CentOS Linux 7 (Core)
DEBUG 2024-02-22 20:35:22.857 UTC: 	 Executing command: 'resubmit'
DEBUG 2024-02-22 20:35:22.857 UTC: 	 Found CRAB cache file /lustrehome/mbuonsante/.crab3
DEBUG 2024-02-22 20:35:22.862 UTC: 	 Checking credentials
DEBUG 2024-02-22 20:35:22.862 UTC: 	 Found proxy file /tmp/x509up_u881331
DEBUG 2024-02-22 20:35:22.862 UTC: 	 Making sure it has proper VOMS extension
DEBUG 2024-02-22 20:35:22.862 UTC: 	 Executing command :
 voms-proxy-info --vo --file /tmp/x509up_u881331
DEBUG 2024-02-22 20:35:23.889 UTC: 	 output : cms

 error: 
 retcode : 0
DEBUG 2024-02-22 20:35:23.889 UTC: 	 Getting proxy life time left
DEBUG 2024-02-22 20:35:23.889 UTC: 	 Executing command :
 voms-proxy-info --actimeleft --timeleft --file /tmp/x509up_u881331
DEBUG 2024-02-22 20:35:24.973 UTC: 	 output : 399893
399892

 error: 
 retcode : 0
DEBUG 2024-02-22 20:35:24.973 UTC: 	 Proxy valid for 111:04:52 hours
DEBUG 2024-02-22 20:35:24.973 UTC: 	 Encoded data for curl request: subresource=delegatedn
DEBUG 2024-02-22 20:35:25.174 UTC: 	 Registering user credentials on myproxy for /DC=ch/DC=cern/OU=computers/CN=crab-(preprod|prod|dev)-tw(01|02|03).cern.ch|/DC=ch/DC=cern/OU=computers/CN=stefanov(m|m2).cern.ch|/DC=ch/DC=cern/OU=computers/CN=dciangot-tw.cern.ch
DEBUG 2024-02-22 20:35:25.175 UTC: 	 Executing command :
 voms-proxy-info --identity --file /tmp/x509up_u881331
DEBUG 2024-02-22 20:35:26.280 UTC: 	 output : /DC=ch/DC=cern/OU=Organic Units/OU=Users/CN=mbuonsan/CN=866052/CN=Marco Buonsante

 error: 
 retcode : 0
DEBUG 2024-02-22 20:35:26.280 UTC: 	 Getting myproxy life time left for db438794163ae221c16ac5cdc1e476b2bc2ff634
DEBUG 2024-02-22 20:35:26.281 UTC: 	 Executing command :
 myproxy-info -s myproxy.cern.ch -l db438794163ae221c16ac5cdc1e476b2bc2ff634
DEBUG 2024-02-22 20:35:26.611 UTC: 	 output : username: db438794163ae221c16ac5cdc1e476b2bc2ff634
owner: /DC=ch/DC=cern/OU=Organic Units/OU=Users/CN=mbuonsan/CN=866052/CN=Marco Buonsante
  renewal policy: /DC=ch/DC=cern/OU=computers/CN=crab-(preprod|prod|dev)-tw(01|02|03).cern.ch|/DC=ch/DC=cern/OU=computers/CN=stefanov(m|m2).cern.ch|/DC=ch/DC=cern/OU=computers/CN=dciangot-tw.cern.ch
  trusted retrieval policy: /DC=ch/DC=cern/OU=computers/CN=crab-(preprod|prod|dev)-tw(01|02|03).cern.ch|/DC=ch/DC=cern/OU=computers/CN=stefanov(m|m2).cern.ch|/DC=ch/DC=cern/OU=computers/CN=dciangot-tw.cern.ch
  timeleft: 471:06:01  (19.6 days)

 error: 
 retcode : 0
DEBUG 2024-02-22 20:35:26.611 UTC: 	 Myproxy is valid: 1695960
DEBUG 2024-02-22 20:35:26.612 UTC: 	 Result of myproxy credential check:
  Credential exists on myproxy: username: db438794163ae221c16ac5cdc1e476b2bc2ff634  - validity: 19 days, 15:06:00
DEBUG 2024-02-22 20:35:26.612 UTC: 	 Encoded data for curl request: subresource=search&workflow=240221_224304%3Ambuonsan_crab_SkimB4Mu_2023eraD-v2_stream5_Mini
DEBUG 2024-02-22 20:35:26.797 UTC: 	 Command use: resubmit
DEBUG 2024-02-22 20:35:26.797 UTC: 	 Options use: ['-d', 'crab_projects/crab_SkimB4Mu_2023eraD-v2_stream5_Mini']
DEBUG 2024-02-22 20:35:26.797 UTC: 	 Encoded data for curl request: subresource=version
DEBUG 2024-02-22 20:35:26.962 UTC: 	 CRABClient version: v3.240110
DEBUG 2024-02-22 20:35:26.963 UTC: 	 Instance is prod
DEBUG 2024-02-22 20:35:26.963 UTC: 	 Server base url is cmsweb.cern.ch
DEBUG 2024-02-22 20:35:26.963 UTC: 	 Command api workflow
DEBUG 2024-02-22 20:35:26.976 UTC: 	 CRAB Client version: v3.240110
DEBUG 2024-02-22 20:35:26.976 UTC: 	 Running on: Linux ui02.recas.ba.infn.it 3.10.0-1160.80.1.el7.x86_64 #1 SMP Tue Nov 8 15:48:59 UTC 2022 x86_64 x86_64 x86_64 GNU/Linux - CentOS Linux 7 (Core)
DEBUG 2024-02-22 20:35:26.976 UTC: 	 Executing command: 'status'
DEBUG 2024-02-22 20:35:26.976 UTC: 	 Found CRAB cache file /lustrehome/mbuonsante/.crab3
DEBUG 2024-02-22 20:35:26.978 UTC: 	 Checking credentials
DEBUG 2024-02-22 20:35:26.978 UTC: 	 Found proxy file /tmp/x509up_u881331
DEBUG 2024-02-22 20:35:26.978 UTC: 	 Making sure it has proper VOMS extension
DEBUG 2024-02-22 20:35:26.978 UTC: 	 Executing command :
 voms-proxy-info --vo --file /tmp/x509up_u881331
DEBUG 2024-02-22 20:35:28.064 UTC: 	 output : cms

 error: 
 retcode : 0
DEBUG 2024-02-22 20:35:28.065 UTC: 	 Getting proxy life time left
DEBUG 2024-02-22 20:35:28.065 UTC: 	 Executing command :
 voms-proxy-info --actimeleft --timeleft --file /tmp/x509up_u881331
DEBUG 2024-02-22 20:35:29.096 UTC: 	 output : 399888
399887

 error: 
 retcode : 0
DEBUG 2024-02-22 20:35:29.096 UTC: 	 Proxy valid for 111:04:47 hours
DEBUG 2024-02-22 20:35:29.096 UTC: 	 Encoded data for curl request: subresource=delegatedn
DEBUG 2024-02-22 20:35:29.262 UTC: 	 Registering user credentials on myproxy for /DC=ch/DC=cern/OU=computers/CN=crab-(preprod|prod|dev)-tw(01|02|03).cern.ch|/DC=ch/DC=cern/OU=computers/CN=stefanov(m|m2).cern.ch|/DC=ch/DC=cern/OU=computers/CN=dciangot-tw.cern.ch
DEBUG 2024-02-22 20:35:29.263 UTC: 	 Executing command :
 voms-proxy-info --identity --file /tmp/x509up_u881331
DEBUG 2024-02-22 20:35:30.311 UTC: 	 output : /DC=ch/DC=cern/OU=Organic Units/OU=Users/CN=mbuonsan/CN=866052/CN=Marco Buonsante

 error: 
 retcode : 0
DEBUG 2024-02-22 20:35:30.311 UTC: 	 Getting myproxy life time left for db438794163ae221c16ac5cdc1e476b2bc2ff634
DEBUG 2024-02-22 20:35:30.311 UTC: 	 Executing command :
 myproxy-info -s myproxy.cern.ch -l db438794163ae221c16ac5cdc1e476b2bc2ff634
DEBUG 2024-02-22 20:35:30.635 UTC: 	 output : username: db438794163ae221c16ac5cdc1e476b2bc2ff634
owner: /DC=ch/DC=cern/OU=Organic Units/OU=Users/CN=mbuonsan/CN=866052/CN=Marco Buonsante
  renewal policy: /DC=ch/DC=cern/OU=computers/CN=crab-(preprod|prod|dev)-tw(01|02|03).cern.ch|/DC=ch/DC=cern/OU=computers/CN=stefanov(m|m2).cern.ch|/DC=ch/DC=cern/OU=computers/CN=dciangot-tw.cern.ch
  trusted retrieval policy: /DC=ch/DC=cern/OU=computers/CN=crab-(preprod|prod|dev)-tw(01|02|03).cern.ch|/DC=ch/DC=cern/OU=computers/CN=stefanov(m|m2).cern.ch|/DC=ch/DC=cern/OU=computers/CN=dciangot-tw.cern.ch
  timeleft: 471:05:57  (19.6 days)

 error: 
 retcode : 0
DEBUG 2024-02-22 20:35:30.636 UTC: 	 Myproxy is valid: 1695900
DEBUG 2024-02-22 20:35:30.636 UTC: 	 Result of myproxy credential check:
  Credential exists on myproxy: username: db438794163ae221c16ac5cdc1e476b2bc2ff634  - validity: 19 days, 15:05:00
DEBUG 2024-02-22 20:35:30.636 UTC: 	 Retrieving username ...
DEBUG 2024-02-22 20:35:30.636 UTC: 	 Retrieving username from CRIC...
DEBUG 2024-02-22 20:35:31.699 UTC: 	 username is mbuonsan
INFO 2024-02-22 20:35:33.241 UTC: 	 Rucio client intialized for account mbuonsan
DEBUG 2024-02-22 20:35:33.242 UTC: 	 Command use: status
DEBUG 2024-02-22 20:35:33.242 UTC: 	 Options use: []
DEBUG 2024-02-22 20:35:33.242 UTC: 	 Encoded data for curl request: subresource=version
DEBUG 2024-02-22 20:35:33.433 UTC: 	 CRABClient version: v3.240110
DEBUG 2024-02-22 20:35:33.433 UTC: 	 Instance is prod
DEBUG 2024-02-22 20:35:33.433 UTC: 	 Server base url is cmsweb.cern.ch
DEBUG 2024-02-22 20:35:33.433 UTC: 	 Command api workflow
DEBUG 2024-02-22 20:35:33.433 UTC: 	 Encoded data for curl request: subresource=search&workflow=240221_224304%3Ambuonsan_crab_SkimB4Mu_2023eraD-v2_stream5_Mini
DEBUG 2024-02-22 20:35:33.606 UTC: 	 Got information from server oracle database: {'desc': {'columns': ['tm_taskname', 'tm_activity', 'panda_jobset_id', 'tm_task_status', 'tm_task_command', 'tm_start_time', 'tm_start_injection', 'tm_end_injection', 'tm_task_failure', 'tm_job_sw', 'tm_job_arch', 'tm_input_dataset', 'tm_nonvalid_input_dataset', 'tm_use_parent', 'tm_site_whitelist', 'tm_site_blacklist', 'tm_split_algo', 'tm_split_args', 'tm_user_sandbox', 'tm_cache_url', 'tm_username', 'tm_user_dn', 'tm_user_vo', 'tm_user_role', 'tm_user_group', 'tm_publish_name', 'tm_publish_groupname', 'tm_asyncdest', 'tm_dbs_url', 'tm_publish_dbs_url', 'tm_publication', 'tm_outfiles', 'tm_tfile_outfiles', 'tm_edm_outfiles', 'tm_job_type', 'tm_generator', 'tm_events_per_lumi', 'tm_arguments', 'panda_resubmitted_jobs', 'tm_save_logs', 'tw_name', 'tm_user_infiles', 'tm_maxjobruntime', 'tm_numcores', 'tm_maxmemory', 'tm_priority', 'tm_output_dataset', 'tm_task_warnings', 'tm_user_webdir', 'tm_scriptexe', 'tm_scriptargs', 'tm_extrajdl', 'tm_asourl', 'tm_collector', 'tm_schedd', 'tm_dry_run', 'tm_user_files', 'tm_transfer_outputs', 'tm_output_lfn', 'tm_ignore_locality', 'tm_fail_limit', 'tm_one_event_mode', 'tm_secondary_input_dataset', 'tm_primary_dataset', 'tm_last_publication', 'tm_debug_files', 'clusterid', 'tm_asodb', 'tm_ignore_global_blacklist', 'tm_submitter_ip_addr', 'tm_totalunits', 'tm_ddm_reqid', 'tm_user_config', 'tm_transfer_container', 'tm_transfer_rule', 'tm_publish_rule', 'tm_multipub_rule']}, 'result': ['240221_224304:mbuonsan_crab_SkimB4Mu_2023eraD-v2_stream5_Mini', 'None', 'None', 'SUBMITTED', 'SUBMIT', '2024-02-21 22:43:04.127740', 'None', '2024-02-21 22:46:43.866831', 'None', 'CMSSW_13_0_13', 'slc7_amd64_gcc11', '/ParkingDoubleMuonLowMass5/Run2023D-22Sep2023_v2-v1/MINIAOD', 'T', '0', '[]', '[]', 'LumiBased', "{'halt_job_on_file_boundaries': False, 'splitOnRun': False, 'lumis_per_job': 50, 'runs': ['369927', '369943', '369956', '369978', '369998', '369999', '370093', '370097', '370102', '370129', '370144', '370169', '370172', '370175', '370293', '370294', '370300', '370304', '370307', '370321', '370332', '370340', '370354', '370357', '370406', '370436', '370460', '370472', '370497', '370522', '370560', '370579', '370580', '370667', '370717', '370725', '370749', '370753', '370772', '370774', '370775', '370776', '370790'], 'lumis': ['37,376', '1,384', '37,1076', '31,812', '1,179', '1,41', '1,450', '1,356', '1,762', '42,123,125,552', '1,715,717,1329', '46,454,456,490,492,526,528,562,564,598,600,935,1002,1014,1016,1019,1021,1033,1035,1449', '1,300', '92,757,759,1785', '39,1618', '1,668', '1,962', '1,327', '1,708', '39,52', '1,144,146,1523,1525,1968', '24,779', '34,311', '1,801', '37,121,123,738,746,869', '1,31', '8,123', '1,32,34,43', '1,115,117,1419,1426,1436', '48,369', '62,90,92,410', '33,113,120,123', '1,2875', '1,28,30,102', '39,157', '44,392,394,456', '49,173,175,483,485,966,968,1541', '1,249', '29,1247', '1,159', '1,168', '1,326', '54,76']}", 'c21f585968b676319b78458a8dfff0d78967d784c1d5d78343c5cdc38d3be0e5.tar.gz', 'https://cmsweb.cern.ch/S3/crabcache_prod', 'mbuonsan', '/DC=ch/DC=cern/OU=Organic Units/OU=Users/CN=mbuonsan/CN=866052/CN=Marco Buonsante', 'cms', 'None', 'None', 'SkimB4Mu_2023eraD-v2_stream5_Mini-00000000000000000000000000000000', 'F', 'T2_IT_Bari', 'https://cmsweb.cern.ch/dbs/prod/global/DBSReader', 'https://cmsweb.cern.ch/dbs/prod/phys03/DBSWriter', 'T', '[]', "['TreeData.root']", '[]', 'Analysis', 'pythia', 'None', '{}', 'None', 'F', 'crab-prod-tw01', '[]', '1250', '1', '2000', '10', "['/FakeDataset/fakefile-FakePublish-100212f1e8d77573c26dae286f2032ed/USER']", '[]', 'http://vocms0107.cern.ch/mon/mbuonsan/240221_224304:mbuonsan_crab_SkimB4Mu_2023eraD-v2_stream5_Mini', 'None', '[]', '[]', 'None', 'cmsgwms-collector-global.cern.ch:9620,cmsgwms-collector-global.fnal.gov:9620', 'crab3@vocms0107.cern.ch', 'F', '[]', 'T', '/store/user/mbuonsan/', 'F', 'None', 'F', 'None', 'ParkingDoubleMuonLowMass5', 'None', '92935e42527dc16ba453ff9a9614b8ea6d71538c82c0692208c53c209eea60a5.tar.gz', '103554628', 'None', 'T', '188.185.89.202', '0.0', 'None', '{"partialdataset": false, "requireaccelerator": false, "acceleratorparams": null, "inputblocks": null}', 'None', 'None', 'None', 'None']}
INFO 2024-02-22 20:35:33.606 UTC: 	 CRAB project directory:		/lustrehome/mbuonsante/B_4mu/CMSSW_13_0_13/src/B4muNtuplizer/CrabSubmission/2023_eraD-v2/crab_projects/crab_SkimB4Mu_2023eraD-v2_stream5_Mini
INFO 2024-02-22 20:35:33.606 UTC: 	 Task name:			240221_224304:mbuonsan_crab_SkimB4Mu_2023eraD-v2_stream5_Mini
INFO 2024-02-22 20:35:33.606 UTC: 	 Grid scheduler - Task Worker:	crab3@vocms0107.cern.ch - crab-prod-tw01
INFO 2024-02-22 20:35:33.606 UTC: 	 Status on the CRAB server:	SUBMITTED
INFO 2024-02-22 20:35:33.606 UTC: 	 Task URL to use for HELP:	https://cmsweb.cern.ch/crabserver/ui/task/240221_224304%3Ambuonsan_crab_SkimB4Mu_2023eraD-v2_stream5_Mini
INFO 2024-02-22 20:35:33.616 UTC: 	 Dashboard monitoring URL:	https://monit-grafana.cern.ch/d/cmsTMDetail/cms-task-monitoring-task-view?orgId=11&var-user=mbuonsan&var-task=240221_224304%3Ambuonsan_crab_SkimB4Mu_2023eraD-v2_stream5_Mini&from=1708551784000&to=now
DEBUG 2024-02-22 20:35:33.616 UTC: 	 The CRAB server submitted your task to the Grid scheduler (cluster ID: 103554628)
DEBUG 2024-02-22 20:35:33.616 UTC: 	 Webdir is located at http://vocms0107.cern.ch/mon/mbuonsan/240221_224304:mbuonsan_crab_SkimB4Mu_2023eraD-v2_stream5_Mini
DEBUG 2024-02-22 20:35:33.616 UTC: 	 Encoded data for curl request: subresource=webdirprx&workflow=240221_224304%3Ambuonsan_crab_SkimB4Mu_2023eraD-v2_stream5_Mini
DEBUG 2024-02-22 20:35:33.793 UTC: 	 Proxied webdir is located at https://cmsweb.cern.ch:8443/scheddmon/0107/mbuonsan/240221_224304:mbuonsan_crab_SkimB4Mu_2023eraD-v2_stream5_Mini
DEBUG 2024-02-22 20:35:33.793 UTC: 	 Retrieving 'status_cache' file from https://cmsweb.cern.ch:8443/scheddmon/0107/mbuonsan/240221_224304:mbuonsan_crab_SkimB4Mu_2023eraD-v2_stream5_Mini/status_cache.pkl
DEBUG 2024-02-22 20:35:33.793 UTC: 	 Will execute:
curl -sS --capath /etc/grid-security/certificates --cert /tmp/x509up_u881331 --key /tmp/x509up_u881331 -o /tmp/crab_status-cache-lds1noml.pkl -w %"{http_code}" "https://cmsweb.cern.ch:8443/scheddmon/0107/mbuonsan/240221_224304:mbuonsan_crab_SkimB4Mu_2023eraD-v2_stream5_Mini/status_cache.pkl"
DEBUG 2024-02-22 20:35:33.793 UTC: 	 Executing command :
 curl -sS --capath /etc/grid-security/certificates --cert /tmp/x509up_u881331 --key /tmp/x509up_u881331 -o /tmp/crab_status-cache-lds1noml.pkl -w %"{http_code}" "https://cmsweb.cern.ch:8443/scheddmon/0107/mbuonsan/240221_224304:mbuonsan_crab_SkimB4Mu_2023eraD-v2_stream5_Mini/status_cache.pkl"
DEBUG 2024-02-22 20:35:33.990 UTC: 	 output : 200
 error: 
 retcode : 0
DEBUG 2024-02-22 20:35:33.991 UTC: 	 exitcode: 0
stdout: 200
stderr: 
error details: 
DEBUG 2024-02-22 20:35:33.992 UTC: 	 Got information from status cache file: {'2': {'Retries': 0, 'Restarts': 0, 'SiteHistory': ['Unknown', 'T3_UK_SGrid_Oxford', 'T3_UK_SGrid_Oxford'], 'ResidentSetSize': [86864], 'SubmitTimes': [1708555608.0], 'StartTimes': [1708555676.0], 'EndTimes': [1708555737.0], 'TotalUserCpuTimeHistory': [0], 'TotalSysCpuTimeHistory': [1], 'WallDurations': [61.0, 293.26701378822327, 293.26701378822327], 'JobIds': ['103554630.0'], 'State': 'failed', 'RecordedSite': True, 'Error': [8001, "Error while running CMSSW:\nFatal Exception\nAn exception of category 'SiteLocalConfigService' occurred while\n   [0] Constructing the EventProcessor\n   [1] Constructing input source of type PoolSource\n   [2] edm::SiteLocalConfigService::storageDescriptionPath()\nException Message:\nFail to convert path to the storage description, /cvmfs/cms.cern.ch/SITECONF/local/storage.json, to the canonical absolute path. Path exists?\n", {'type': 'Fatal Exception', 'details': "An exception of category 'SiteLocalConfigService' occurred while\n   [0] Constructing the EventProcessor\n   [1] Constructing input source of type PoolSource\n   [2] edm::SiteLocalConfigService::storageDescriptionPath()\nException Message:\nFail to convert path to the storage description, /cvmfs/cms.cern.ch/SITECONF/local/storage.json, to the canonical absolute path. Path exists?", 'exitCode': 8001}]}, '1': {'Retries': 0, 'Restarts': 0, 'SiteHistory': ['Unknown', 'T3_UK_SGrid_Oxford', 'T3_UK_SGrid_Oxford'], 'ResidentSetSize': [85740], 'SubmitTimes': [1708555608.0], 'StartTimes': [1708555676.0], 'EndTimes': [1708555739.0], 'TotalUserCpuTimeHistory': [0], 'TotalSysCpuTimeHistory': [1], 'WallDurations': [63.0, 293.26701378822327, 293.26701378822327], 'JobIds': ['103554631.0'], 'State': 'failed', 'RecordedSite': True, 'Error': [8001, "Error while running CMSSW:\nFatal Exception\nAn exception of category 'SiteLocalConfigService' occurred while\n   [0] Constructing the EventProcessor\n   [1] Constructing input source of type PoolSource\n   [2] edm::SiteLocalConfigService::storageDescriptionPath()\nException Message:\nFail to convert path to the storage description, /cvmfs/cms.cern.ch/SITECONF/local/storage.json, to the canonical absolute path. Path exists?\n", {'type': 'Fatal Exception', 'details': "An exception of category 'SiteLocalConfigService' occurred while\n   [0] Constructing the EventProcessor\n   [1] Constructing input source of type PoolSource\n   [2] edm::SiteLocalConfigService::storageDescriptionPath()\nException Message:\nFail to convert path to the storage description, /cvmfs/cms.cern.ch/SITECONF/local/storage.json, to the canonical absolute path. Path exists?", 'exitCode': 8001}]}, '3': {'Retries': 0, 'Restarts': 0, 'SiteHistory': ['Unknown', 'T2_US_Caltech', 'T2_US_Caltech'], 'ResidentSetSize': [1492152], 'SubmitTimes': [1708555608.0], 'StartTimes': [1708557069.0], 'EndTimes': [1708557328.0], 'TotalUserCpuTimeHistory': [181], 'TotalSysCpuTimeHistory': [8], 'WallDurations': [9.0, 105.57438158988953, 259.0], 'JobIds': ['103554632.0'], 'State': 'finished', 'RecordedSite': True}, '4': {'Retries': 0, 'Restarts': 0, 'SiteHistory': ['Unknown', 'T2_IT_Legnaro', 'T2_IT_Legnaro'], 'ResidentSetSize': [1286320], 'SubmitTimes': [1708555608.0], 'StartTimes': [1708556644.0], 'EndTimes': [1708557137.0], 'TotalUserCpuTimeHistory': [421], 'TotalSysCpuTimeHistory': [15], 'WallDurations': [9.0, 228.90932536125183, 493.0], 'JobIds': ['103554633.0'], 'State': 'finished', 'RecordedSite': True}, '5': {'Retries': 0, 'Restarts': 0, 'SiteHistory': ['Unknown', 'T2_IT_Legnaro', 'T2_IT_Legnaro'], 'ResidentSetSize': [1251172], 'SubmitTimes': [1708555608.0], 'StartTimes': [1708556691.0], 'EndTimes': [1708557199.0], 'TotalUserCpuTimeHistory': [424], 'TotalSysCpuTimeHistory': [19], 'WallDurations': [9.0, 181.90932536125183, 508.0], 'JobIds': ['103554634.0'], 'State': 'finished', 'RecordedSite': True}, '6': {'Retries': 0, 'Restarts': 0, 'SiteHistory': ['Unknown', 'T2_US_Caltech', 'T2_US_Caltech'], 'ResidentSetSize': [1566912], 'SubmitTimes': [1708555608.0], 'StartTimes': [1708555824.0], 'EndTimes': [1708556881.0], 'TotalUserCpuTimeHistory': [738], 'TotalSysCpuTimeHistory': [33], 'WallDurations': [9.0, 145.26701378822327, 1057.0], 'JobIds': ['103554635.0'], 'State': 'finished', 'RecordedSite': True}, '7': {'Retries': 0, 'Restarts': 0, 'SiteHistory': ['Unknown', 'T2_US_Caltech', 'T2_US_Caltech'], 'ResidentSetSize': [1728976], 'SubmitTimes': [1708555608.0], 'StartTimes': [1708556172.0], 'EndTimes': [1708557528.0], 'TotalUserCpuTimeHistory': [1028], 'TotalSysCpuTimeHistory': [36], 'WallDurations': [9.0, 97.48716306686401, 1356.0], 'JobIds': ['103554636.0'], 'State': 'finished', 'RecordedSite': True}, '11': {'Retries': 0, 'Restarts': 0, 'SiteHistory': ['Unknown', 'T2_US_Caltech', 'T2_US_Caltech'], 'ResidentSetSize': [1845364], 'SubmitTimes': [1708555608.0], 'StartTimes': [1708556276.0], 'EndTimes': [1708558820.0], 'TotalUserCpuTimeHistory': [2172], 'TotalSysCpuTimeHistory': [43], 'WallDurations': [9.0, 293.73712944984436, 2544.0], 'JobIds': ['103554637.0'], 'State': 'finished', 'RecordedSite': True}, '8': {'Retries': 0, 'Restarts': 0, 'SiteHistory': ['Unknown', 'T2_US_Caltech', 'T2_US_Caltech'], 'ResidentSetSize': [1707908], 'SubmitTimes': [1708555608.0], 'StartTimes': [1708556328.0], 'EndTimes': [1708558540.0], 'TotalUserCpuTimeHistory': [1604], 'TotalSysCpuTimeHistory': [57], 'WallDurations': [9.0, 241.73712944984436, 2212.0], 'JobIds': ['103554638.0'], 'State': 'finished', 'RecordedSite': True}, '9': {'Retries': 0, 'Restarts': 0, 'SiteHistory': ['Unknown', 'T2_US_Caltech', 'T2_US_Caltech'], 'ResidentSetSize': [1840956], 'SubmitTimes': [1708555608.0], 'StartTimes': [1708556406.0], 'EndTimes': [1708558287.0], 'TotalUserCpuTimeHistory': [1345], 'TotalSysCpuTimeHistory': [38], 'WallDurations': [8.0, 163.73712944984436, 1881.0], 'JobIds': ['103554639.0'], 'State': 'finished', 'RecordedSite': True}, '10': {'Retries': 0, 'Restarts': 0, 'SiteHistory': ['Unknown', 'T2_US_Caltech', 'T2_US_Caltech'], 'ResidentSetSize': [1844696], 'SubmitTimes': [1708555614.0], 'StartTimes': [1708556418.0], 'EndTimes': [1708558875.0], 'TotalUserCpuTimeHistory': [2086], 'TotalSysCpuTimeHistory': [45], 'WallDurations': [9.0, 151.73712944984436, 2457.0], 'JobIds': ['103554641.0'], 'State': 'finished', 'RecordedSite': True}, '12': {'Retries': 0, 'Restarts': 0, 'SiteHistory': ['Unknown', 'T2_US_Caltech', 'T2_US_Caltech'], 'ResidentSetSize': [1839020], 'SubmitTimes': [1708555614.0], 'StartTimes': [1708556499.0], 'EndTimes': [1708559166.0], 'TotalUserCpuTimeHistory': [2080], 'TotalSysCpuTimeHistory': [49], 'WallDurations': [9.0, 70.73712944984436, 2667.0], 'JobIds': ['103554642.0'], 'State': 'finished', 'RecordedSite': True}, '13': {'Retries': 0, 'Restarts': 0, 'SiteHistory': ['Unknown', 'T2_US_Caltech', 'T2_US_Caltech'], 'ResidentSetSize': [1845760], 'SubmitTimes': [1708555614.0], 'StartTimes': [1708556571.0], 'EndTimes': [1708558673.0], 'TotalUserCpuTimeHistory': [1462], 'TotalSysCpuTimeHistory': [27], 'WallDurations': [9.0, 301.90932536125183, 2102.0], 'JobIds': ['103554643.0'], 'State': 'finished', 'RecordedSite': True}, '14': {'Retries': 0, 'Restarts': 0, 'SiteHistory': ['Unknown', 'T2_US_Caltech', 'T2_US_Caltech'], 'ResidentSetSize': [1772020], 'SubmitTimes': [1708555614.0], 'StartTimes': [1708556612.0], 'EndTimes': [1708559444.0], 'TotalUserCpuTimeHistory': [2374], 'TotalSysCpuTimeHistory': [56], 'WallDurations': [10.0, 260.90932536125183, 2832.0], 'JobIds': ['103554644.0'], 'State': 'finished', 'RecordedSite': True}, '15': {'Retries': 0, 'Restarts': 0, 'SiteHistory': ['Unknown', 'T2_US_Caltech', 'T2_US_Caltech'], 'ResidentSetSize': [1841532], 'SubmitTimes': [1708555614.0], 'StartTimes': [1708556617.0], 'EndTimes': [1708558984.0], 'TotalUserCpuTimeHistory': [2008], 'TotalSysCpuTimeHistory': [42], 'WallDurations': [10.0, 255.90932536125183, 2367.0], 'JobIds': ['103554645.0'], 'State': 'finished', 'RecordedSite': True}, '16': {'Retries': 0, 'Restarts': 0, 'SiteHistory': ['Unknown', 'T2_US_Caltech', 'T2_US_Caltech'], 'ResidentSetSize': [1849236], 'SubmitTimes': [1708555614.0], 'StartTimes': [1708556638.0], 'EndTimes': [1708559486.0], 'TotalUserCpuTimeHistory': [2122], 'TotalSysCpuTimeHistory': [48], 'WallDurations': [9.0, 234.90932536125183, 2848.0], 'JobIds': ['103554646.0'], 'State': 'finished', 'RecordedSite': True}, '17': {'Retries': 0, 'Restarts': 0, 'SiteHistory': ['Unknown', 'T2_US_Caltech', 'T2_US_Caltech'], 'ResidentSetSize': [1729368], 'SubmitTimes': [1708555614.0], 'StartTimes': [1708556660.0], 'EndTimes': [1708559191.0], 'TotalUserCpuTimeHistory': [1845], 'TotalSysCpuTimeHistory': [40], 'WallDurations': [10.0, 212.90932536125183, 2531.0], 'JobIds': ['103554647.0'], 'State': 'finished', 'RecordedSite': True}, '18': {'Retries': 0, 'Restarts': 0, 'SiteHistory': ['Unknown', 'T2_US_Caltech', 'T2_US_Caltech'], 'ResidentSetSize': [1703400], 'SubmitTimes': [1708555614.0], 'StartTimes': [1708556664.0], 'EndTimes': [1708558079.0], 'TotalUserCpuTimeHistory': [1165], 'TotalSysCpuTimeHistory': [30], 'WallDurations': [8.0, 208.90932536125183, 1415.0], 'JobIds': ['103554648.0'], 'State': 'finished', 'RecordedSite': True}, '19': {'Retries': 0, 'Restarts': 0, 'SiteHistory': ['Unknown', 'T2_US_Caltech', 'T2_US_Caltech'], 'ResidentSetSize': [1837904], 'SubmitTimes': [1708555614.0], 'StartTimes': [1708556686.0], 'EndTimes': [1708558950.0], 'TotalUserCpuTimeHistory': [1890], 'TotalSysCpuTimeHistory': [42], 'WallDurations': [9.0, 186.90932536125183, 2264.0], 'JobIds': ['103554649.0'], 'State': 'finished', 'RecordedSite': True}, '20': {'Retries': 0, 'Restarts': 0, 'SiteHistory': ['Unknown', 'T2_US_Caltech', 'T2_US_Caltech'], 'ResidentSetSize': [1895524], 'SubmitTimes': [1708555614.0], 'StartTimes': [1708556692.0], 'EndTimes': [1708560508.0], 'TotalUserCpuTimeHistory': [3396], 'TotalSysCpuTimeHistory': [57], 'WallDurations': [9.0, 180.90932536125183, 3816.0], 'JobIds': ['103554650.0'], 'State': 'finished', 'RecordedSite': True}, '21': {'Retries': 0, 'Restarts': 0, 'SiteHistory': ['Unknown', 'T2_US_Caltech', 'T2_US_Caltech'], 'ResidentSetSize': [1843520], 'SubmitTimes': [1708555614.0], 'StartTimes': [1708556741.0], 'EndTimes': [1708558359.0], 'TotalUserCpuTimeHistory': [1271], 'TotalSysCpuTimeHistory': [23], 'WallDurations': [9.0, 131.90932536125183, 1618.0], 'JobIds': ['103554651.0'], 'State': 'finished', 'RecordedSite': True}, '22': {'Retries': 0, 'Restarts': 0, 'SiteHistory': ['Unknown', 'T2_US_Caltech', 'T2_US_Caltech'], 'ResidentSetSize': [1840432], 'SubmitTimes': [1708555614.0], 'StartTimes': [1708556741.0], 'EndTimes': [1708558524.0], 'TotalUserCpuTimeHistory': [1382], 'TotalSysCpuTimeHistory': [29], 'WallDurations': [9.0, 131.90932536125183, 1783.0], 'JobIds': ['103554652.0'], 'State': 'finished', 'RecordedSite': True}, '23': {'Retries': 0, 'Restarts': 0, 'SiteHistory': ['Unknown', 'T2_US_Caltech', 'T2_US_Caltech'], 'ResidentSetSize': [1842924], 'SubmitTimes': [1708555614.0], 'StartTimes': [1708556779.0], 'EndTimes': [1708559282.0], 'TotalUserCpuTimeHistory': [2038], 'TotalSysCpuTimeHistory': [50], 'WallDurations': [9.0, 93.90932536125183, 2503.0], 'JobIds': ['103554653.0'], 'State': 'finished', 'RecordedSite': True}, '24': {'Retries': 0, 'Restarts': 0, 'SiteHistory': ['Unknown', 'T2_US_Caltech', 'T2_US_Caltech'], 'ResidentSetSize': [1856836], 'SubmitTimes': [1708555614.0], 'StartTimes': [1708556826.0], 'EndTimes': [1708560271.0], 'TotalUserCpuTimeHistory': [3058], 'TotalSysCpuTimeHistory': [76], 'WallDurations': [9.0, 46.90932536125183, 3445.0], 'JobIds': ['103554654.0'], 'State': 'finished', 'RecordedSite': True}, '25': {'Retries': 0, 'Restarts': 0, 'SiteHistory': ['Unknown', 'T2_US_Caltech', 'T2_US_Caltech'], 'ResidentSetSize': [1702472], 'SubmitTimes': [1708555614.0], 'StartTimes': [1708556833.0], 'EndTimes': [1708558612.0], 'TotalUserCpuTimeHistory': [1464], 'TotalSysCpuTimeHistory': [40], 'WallDurations': [9.0, 39.90932536125183, 1779.0], 'JobIds': ['103554655.0'], 'State': 'finished', 'RecordedSite': True}, '26': {'Retries': 0, 'Restarts': 0, 'SiteHistory': ['Unknown', 'T2_US_Caltech', 'T2_US_Caltech'], 'ResidentSetSize': [1536828], 'SubmitTimes': [1708555614.0], 'StartTimes': [1708556886.0], 'EndTimes': [1708557465.0], 'TotalUserCpuTimeHistory': [423], 'TotalSysCpuTimeHistory': [11], 'WallDurations': [9.0, 288.5743815898895, 579.0], 'JobIds': ['103554656.0'], 'State': 'finished', 'RecordedSite': True}, '27': {'Retries': 0, 'Restarts': 0, 'SiteHistory': ['Unknown', 'T2_IT_Legnaro', 'T2_IT_Legnaro'], 'ResidentSetSize': [1450492], 'SubmitTimes': [1708555614.0], 'StartTimes': [1708556439.0], 'EndTimes': [1708558184.0], 'TotalUserCpuTimeHistory': [1560], 'TotalSysCpuTimeHistory': [48], 'WallDurations': [8.0, 130.73712944984436, 1745.0], 'JobIds': ['103554657.0'], 'State': 'finished', 'RecordedSite': True}, '28': {'Retries': 0, 'Restarts': 0, 'SiteHistory': ['Unknown', 'T2_DE_RWTH', 'T2_DE_RWTH'], 'ResidentSetSize': [1569728], 'SubmitTimes': [1708555614.0], 'StartTimes': [1708556448.0], 'EndTimes': [1708559292.0], 'TotalUserCpuTimeHistory': [2499], 'TotalSysCpuTimeHistory': [70], 'WallDurations': [8.0, 121.73712944984436, 2844.0], 'JobIds': ['103554658.0'], 'State': 'finished', 'RecordedSite': True}, '29': {'Retries': 0, 'Restarts': 0, 'SiteHistory': ['Unknown', 'T2_DE_RWTH', 'T2_DE_RWTH'], 'ResidentSetSize': [1561080], 'SubmitTimes': [1708555614.0], 'StartTimes': [1708556447.0], 'EndTimes': [1708558566.0], 'TotalUserCpuTimeHistory': [1860], 'TotalSysCpuTimeHistory': [40], 'WallDurations': [9.0, 122.73712944984436, 2119.0], 'JobIds': ['103554659.0'], 'State': 'finished', 'RecordedSite': True}, '30': {'Retries': 0, 'Restarts': 0, 'SiteHistory': ['Unknown', 'T2_DE_RWTH', 'T2_DE_RWTH'], 'ResidentSetSize': [1409440], 'SubmitTimes': [1708555614.0], 'StartTimes': [1708556447.0], 'EndTimes': [1708557309.0], 'TotalUserCpuTimeHistory': [729], 'TotalSysCpuTimeHistory': [18], 'WallDurations': [10.0, 122.73712944984436, 862.0], 'JobIds': ['103554660.0'], 'State': 'finished', 'RecordedSite': True}, '32': {'Retries': 0, 'Restarts': 0, 'SiteHistory': ['Unknown', 'T2_US_Caltech', 'T2_US_Caltech'], 'ResidentSetSize': [1379204], 'SubmitTimes': [1708555614.0], 'StartTimes': [1708556903.0], 'EndTimes': [1708557141.0], 'TotalUserCpuTimeHistory': [156], 'TotalSysCpuTimeHistory': [5], 'WallDurations': [238.0, 271.5743815898895, 271.5743815898895], 'JobIds': ['103554661.0'], 'State': 'finished', 'RecordedSite': True}, '33': {'Retries': 0, 'Restarts': 0, 'SiteHistory': ['Unknown', 'T2_US_Caltech', 'T2_US_Caltech'], 'ResidentSetSize': [1499896], 'SubmitTimes': [1708555614.0], 'StartTimes': [1708556952.0], 'EndTimes': [1708557373.0], 'TotalUserCpuTimeHistory': [276], 'TotalSysCpuTimeHistory': [10], 'WallDurations': [9.0, 222.57438158988953, 421.0], 'JobIds': ['103554662.0'], 'State': 'finished', 'RecordedSite': True}, '34': {'Retries': 0, 'Restarts': 0, 'SiteHistory': ['Unknown', 'T2_US_Caltech', 'T2_US_Caltech'], 'ResidentSetSize': [1731976], 'SubmitTimes': [1708555614.0], 'StartTimes': [1708556967.0], 'EndTimes': [1708558208.0], 'TotalUserCpuTimeHistory': [896], 'TotalSysCpuTimeHistory': [16], 'WallDurations': [8.0, 207.57438158988953, 1241.0], 'JobIds': ['103554663.0'], 'State': 'finished', 'RecordedSite': True}, '37': {'Retries': 0, 'Restarts': 0, 'SiteHistory': ['Unknown', 'T2_US_Caltech', 'T2_US_Caltech'], 'ResidentSetSize': [1532528], 'SubmitTimes': [1708555614.0], 'StartTimes': [1708556982.0], 'EndTimes': [1708557926.0], 'TotalUserCpuTimeHistory': [685], 'TotalSysCpuTimeHistory': [32], 'WallDurations': [9.0, 192.57438158988953, 944.0], 'JobIds': ['103554664.0'], 'State': 'finished', 'RecordedSite': True}, '36': {'Retries': 0, 'Restarts': 0, 'SiteHistory': ['Unknown', 'T2_US_Caltech', 'T2_US_Caltech'], 'ResidentSetSize': [1699652], 'SubmitTimes': [1708555615.0], 'StartTimes': [1708557021.0], 'EndTimes': [1708558936.0], 'TotalUserCpuTimeHistory': [1614], 'TotalSysCpuTimeHistory': [40], 'WallDurations': [8.0, 153.57438158988953, 1915.0], 'JobIds': ['103554665.0'], 'State': 'finished', 'RecordedSite': True}, '38': {'Retries': 0, 'Restarts': 0, 'SiteHistory': ['Unknown', 'T2_US_Caltech', 'T2_US_Caltech'], 'ResidentSetSize': [1532468], 'SubmitTimes': [1708555615.0], 'StartTimes': [1708557027.0], 'EndTimes': [1708558797.0], 'TotalUserCpuTimeHistory': [1370], 'TotalSysCpuTimeHistory': [40], 'WallDurations': [9.0, 147.57438158988953, 1770.0], 'JobIds': ['103554666.0'], 'State': 'finished', 'RecordedSite': True}, '39': {'Retries': 0, 'Restarts': 0, 'SiteHistory': ['Unknown', 'T2_US_Caltech', 'T2_US_Caltech'], 'ResidentSetSize': [1544524], 'SubmitTimes': [1708555615.0], 'StartTimes': [1708557042.0], 'EndTimes': [1708558205.0], 'TotalUserCpuTimeHistory': [891], 'TotalSysCpuTimeHistory': [27], 'WallDurations': [9.0, 132.57438158988953, 1163.0], 'JobIds': ['103554667.0'], 'State': 'finished', 'RecordedSite': True}, '41': {'Retries': 0, 'Restarts': 0, 'SiteHistory': ['Unknown', 'T2_FR_IPHC', 'T2_FR_IPHC'], 'ResidentSetSize': [1559552], 'SubmitTimes': [1708555615.0], 'StartTimes': [1708556440.0], 'EndTimes': [1708558674.0], 'TotalUserCpuTimeHistory': [1855], 'TotalSysCpuTimeHistory': [57], 'WallDurations': [9.0, 129.73712944984436, 2234.0], 'JobIds': ['103554668.0'], 'State': 'finished', 'RecordedSite': True}, '40': {'Retries': 0, 'Restarts': 0, 'SiteHistory': ['Unknown', 'T2_FR_IPHC', 'T2_FR_IPHC'], 'ResidentSetSize': [1445616], 'SubmitTimes': [1708555615.0], 'StartTimes': [1708556440.0], 'EndTimes': [1708557551.0], 'TotalUserCpuTimeHistory': [1011], 'TotalSysCpuTimeHistory': [24], 'WallDurations': [8.0, 129.73712944984436, 1111.0], 'JobIds': ['103554669.0'], 'State': 'finished', 'RecordedSite': True}, '35': {'Retries': 0, 'Restarts': 0, 'SiteHistory': ['Unknown', 'T2_US_Caltech', 'T2_US_Caltech'], 'ResidentSetSize': [1838088], 'SubmitTimes': [1708555615.0], 'StartTimes': [1708557062.0], 'EndTimes': [1708559070.0], 'TotalUserCpuTimeHistory': [1641], 'TotalSysCpuTimeHistory': [31], 'WallDurations': [9.0, 112.57438158988953, 2008.0], 'JobIds': ['103554670.0'], 'State': 'finished', 'RecordedSite': True}, '45': {'Retries': 0, 'Restarts': 0, 'SiteHistory': ['Unknown', 'T2_IT_Legnaro', 'T2_IT_Legnaro'], 'ResidentSetSize': [1420208], 'SubmitTimes': [1708555615.0], 'StartTimes': [1708556444.0], 'EndTimes': [1708557965.0], 'TotalUserCpuTimeHistory': [1344], 'TotalSysCpuTimeHistory': [45], 'WallDurations': [9.0, 125.73712944984436, 1521.0], 'JobIds': ['103554671.0'], 'State': 'finished', 'RecordedSite': True}, '42': {'Retries': 0, 'Restarts': 0, 'SiteHistory': ['Unknown', 'T2_FR_IPHC', 'T2_FR_IPHC'], 'ResidentSetSize': [1569848], 'SubmitTimes': [1708555615.0], 'StartTimes': [1708556445.0], 'EndTimes': [1708557811.0], 'TotalUserCpuTimeHistory': [1236], 'TotalSysCpuTimeHistory': [28], 'WallDurations': [8.0, 124.73712944984436, 1366.0], 'JobIds': ['103554672.0'], 'State': 'finished', 'RecordedSite': True}, '44': {'Retries': 0, 'Restarts': 0, 'SiteHistory': ['Unknown', 'T2_IT_Legnaro', 'T2_IT_Legnaro'], 'ResidentSetSize': [1420868], 'SubmitTimes': [1708555615.0], 'StartTimes': [1708556445.0], 'EndTimes': [1708557844.0], 'TotalUserCpuTimeHistory': [1269], 'TotalSysCpuTimeHistory': [33], 'WallDurations': [8.0, 124.73712944984436, 1399.0], 'JobIds': ['103554673.0'], 'State': 'finished', 'RecordedSite': True}, '43': {'Retries': 0, 'Restarts': 0, 'SiteHistory': ['Unknown', 'T2_IT_Legnaro', 'T2_IT_Legnaro'], 'ResidentSetSize': [1554808], 'SubmitTimes': [1708555615.0], 'StartTimes': [1708556444.0], 'EndTimes': [1708557846.0], 'TotalUserCpuTimeHistory': [1284], 'TotalSysCpuTimeHistory': [29], 'WallDurations': [8.0, 125.73712944984436, 1402.0], 'JobIds': ['103554674.0'], 'State': 'finished', 'RecordedSite': True}, '46': {'Retries': 0, 'Restarts': 0, 'SiteHistory': ['Unknown', 'T2_IT_Legnaro', 'T2_IT_Legnaro'], 'ResidentSetSize': [1432492], 'SubmitTimes': [1708555615.0], 'StartTimes': [1708556443.0], 'EndTimes': [1708557744.0], 'TotalUserCpuTimeHistory': [1165], 'TotalSysCpuTimeHistory': [31], 'WallDurations': [9.0, 126.73712944984436, 1301.0], 'JobIds': ['103554675.0'], 'State': 'finished', 'RecordedSite': True}, '47': {'Retries': 0, 'Restarts': 0, 'SiteHistory': ['T3_UK_London_QMUL', 'T3_UK_London_QMUL'], 'ResidentSetSize': [1259388], 'SubmitTimes': [1708555615.0], 'StartTimes': [1708555661.0], 'EndTimes': [1708556527.0], 'TotalUserCpuTimeHistory': [691], 'TotalSysCpuTimeHistory': [22], 'WallDurations': [0, 866.0], 'JobIds': ['103554676.0'], 'State': 'finished', 'RecordedSite': True}, '48': {'Retries': 0, 'Restarts': 0, 'SiteHistory': ['Unknown', 'T2_US_Caltech', 'T2_US_Caltech'], 'ResidentSetSize': [1740852], 'SubmitTimes': [1708555615.0], 'StartTimes': [1708557067.0], 'EndTimes': [1708561625.0], 'TotalUserCpuTimeHistory': [2876], 'TotalSysCpuTimeHistory': [63], 'WallDurations': [9.0, 107.57438158988953, 4558.0], 'JobIds': ['103554677.0'], 'State': 'finished', 'RecordedSite': True}, '49': {'Retries': 0, 'Restarts': 0, 'SiteHistory': ['Unknown', 'T2_US_Caltech', 'T2_US_Caltech'], 'ResidentSetSize': [1829628], 'SubmitTimes': [1708555615.0], 'StartTimes': [1708557069.0], 'EndTimes': [1708559888.0], 'TotalUserCpuTimeHistory': [2335], 'TotalSysCpuTimeHistory': [55], 'WallDurations': [9.0, 105.57438158988953, 2819.0], 'JobIds': ['103554678.0'], 'State': 'finished', 'RecordedSite': True}, '50': {'Retries': 0, 'Restarts': 0, 'SiteHistory': ['Unknown', 'T2_US_Caltech', 'T2_US_Caltech'], 'ResidentSetSize': [1807768], 'SubmitTimes': [1708555615.0], 'StartTimes': [1708557067.0], 'EndTimes': [1708560753.0], 'TotalUserCpuTimeHistory': [2782], 'TotalSysCpuTimeHistory': [73], 'WallDurations': [9.0, 107.57438158988953, 3686.0], 'JobIds': ['103554679.0'], 'State': 'finished', 'RecordedSite': True}, '51': {'Retries': 0, 'Restarts': 0, 'SiteHistory': ['Unknown', 'T2_US_Caltech', 'T2_US_Caltech'], 'ResidentSetSize': [1853828], 'SubmitTimes': [1708555615.0], 'StartTimes': [1708557069.0], 'EndTimes': [1708561295.0], 'TotalUserCpuTimeHistory': [2392], 'TotalSysCpuTimeHistory': [37], 'WallDurations': [9.0, 105.57438158988953, 4226.0], 'JobIds': ['103554680.0'], 'State': 'finished', 'RecordedSite': True}, '52': {'Retries': 0, 'Restarts': 0, 'SiteHistory': ['Unknown', 'T2_US_Caltech', 'T2_US_Caltech'], 'ResidentSetSize': [1710512], 'SubmitTimes': [1708555615.0], 'StartTimes': [1708557069.0], 'EndTimes': [1708558796.0], 'TotalUserCpuTimeHistory': [997], 'TotalSysCpuTimeHistory': [28], 'WallDurations': [9.0, 105.57438158988953, 1727.0], 'JobIds': ['103554681.0'], 'State': 'finished', 'RecordedSite': True}, '53': {'Retries': 1, 'Restarts': 0, 'SiteHistory': ['Unknown', 'T2_HU_Budapest', 'T2_HU_Budapest', 'Unknown', 'T2_HU_Budapest', 'T2_HU_Budapest'], 'ResidentSetSize': [1693884, 1269992], 'SubmitTimes': [1708555615.0, 1708559595.0], 'StartTimes': [1708556441.0, 1708559654.0], 'EndTimes': [1708557726.0, 1708562366.0], 'TotalUserCpuTimeHistory': [1096, 2234.0], 'TotalSysCpuTimeHistory': [43, 82.0], 'WallDurations': [8.0, 128.73712944984436, 1285.0, 9.0, 246.29041743278503, 2712.0], 'JobIds': ['103554682.0', '103555109.0'], 'State': 'finished', 'RecordedSite': True}, '55': {'Retries': 0, 'Restarts': 0, 'SiteHistory': ['Unknown', 'T2_HU_Budapest', 'T2_HU_Budapest'], 'ResidentSetSize': [1875544], 'SubmitTimes': [1708555615.0], 'StartTimes': [1708556440.0], 'EndTimes': [1708558301.0], 'TotalUserCpuTimeHistory': [1634], 'TotalSysCpuTimeHistory': [49], 'WallDurations': [9.0, 129.73712944984436, 1861.0], 'JobIds': ['103554683.0'], 'State': 'finished', 'RecordedSite': True}, '60': {'Retries': 0, 'Restarts': 0, 'SiteHistory': ['Unknown', 'T2_HU_Budapest', 'T2_HU_Budapest'], 'ResidentSetSize': [1818256], 'SubmitTimes': [1708555615.0], 'StartTimes': [1708556441.0], 'EndTimes': [1708558158.0], 'TotalUserCpuTimeHistory': [1539], 'TotalSysCpuTimeHistory': [41], 'WallDurations': [9.0, 128.73712944984436, 1717.0], 'JobIds': ['103554684.0'], 'State': 'finished', 'RecordedSite': True}, '57': {'Retries': 0, 'Restarts': 0, 'SiteHistory': ['Unknown', 'T2_HU_Budapest', 'T2_HU_Budapest'], 'ResidentSetSize': [1860588], 'SubmitTimes': [1708555615.0], 'StartTimes': [1708556443.0], 'EndTimes': [1708558937.0], 'TotalUserCpuTimeHistory': [2209], 'TotalSysCpuTimeHistory': [61], 'WallDurations': [8.0, 126.73712944984436, 2494.0], 'JobIds': ['103554685.0'], 'State': 'finished', 'RecordedSite': True}, '54': {'Retries': 0, 'Restarts': 0, 'SiteHistory': ['Unknown', 'T2_HU_Budapest', 'T2_HU_Budapest'], 'ResidentSetSize': [1721804], 'SubmitTimes': [1708555615.0], 'StartTimes': [1708556441.0], 'EndTimes': [1708558188.0], 'TotalUserCpuTimeHistory': [1533], 'TotalSysCpuTimeHistory': [56], 'WallDurations': [8.0, 128.73712944984436, 1747.0], 'JobIds': ['103554686.0'], 'State': 'finished', 'RecordedSite': True}, '61': {'Retries': 0, 'Restarts': 0, 'SiteHistory': ['Unknown', 'T2_HU_Budapest', 'T2_HU_Budapest'], 'ResidentSetSize': [1744928], 'SubmitTimes': [1708555615.0], 'StartTimes': [1708556441.0], 'EndTimes': [1708558326.0], 'TotalUserCpuTimeHistory': [1629], 'TotalSysCpuTimeHistory': [51], 'WallDurations': [9.0, 128.73712944984436, 1885.0], 'JobIds': ['103554687.0'], 'State': 'finished', 'RecordedSite': True}, '56': {'Retries': 0, 'Restarts': 0, 'SiteHistory': ['Unknown', 'T2_US_Caltech', 'T2_US_Caltech'], 'ResidentSetSize': [1838580], 'SubmitTimes': [1708555615.0], 'StartTimes': [1708557067.0], 'EndTimes': [1708559341.0], 'TotalUserCpuTimeHistory': [1861], 'TotalSysCpuTimeHistory': [34], 'WallDurations': [9.0, 107.57438158988953, 2274.0], 'JobIds': ['103554688.0'], 'State': 'finished', 'RecordedSite': True}, '58': {'Retries': 0, 'Restarts': 0, 'SiteHistory': ['Unknown', 'T2_US_Caltech', 'T2_US_Caltech'], 'ResidentSetSize': [1840752], 'SubmitTimes': [1708555615.0], 'StartTimes': [1708557067.0], 'EndTimes': [1708560394.0], 'TotalUserCpuTimeHistory': [2892], 'TotalSysCpuTimeHistory': [47], 'WallDurations': [9.0, 107.57438158988953, 3327.0], 'JobIds': ['103554689.0'], 'State': 'finished', 'RecordedSite': True}, '59': {'Retries': 0, 'Restarts': 0, 'SiteHistory': ['Unknown', 'T2_US_Caltech', 'T2_US_Caltech'], 'ResidentSetSize': [1810232], 'SubmitTimes': [1708555615.0], 'StartTimes': [1708557071.0], 'EndTimes': [1708559521.0], 'TotalUserCpuTimeHistory': [1901], 'TotalSysCpuTimeHistory': [41], 'WallDurations': [9.0, 103.57438158988953, 2450.0], 'JobIds': ['103554690.0'], 'State': 'finished', 'RecordedSite': True}, '62': {'Retries': 0, 'Restarts': 0, 'SiteHistory': ['Unknown', 'T2_US_Caltech', 'T2_US_Caltech'], 'ResidentSetSize': [1709840], 'SubmitTimes': [1708555615.0], 'StartTimes': [1708557072.0], 'EndTimes': [1708558793.0], 'TotalUserCpuTimeHistory': [1306], 'TotalSysCpuTimeHistory': [26], 'WallDurations': [9.0, 102.57438158988953, 1721.0], 'JobIds': ['103554691.0'], 'State': 'finished', 'RecordedSite': True}, '63': {'Retries': 0, 'Restarts': 0, 'SiteHistory': ['Unknown', 'T2_US_Caltech', 'T2_US_Caltech'], 'ResidentSetSize': [1710076], 'SubmitTimes': [1708555615.0], 'StartTimes': [1708557070.0], 'EndTimes': [1708558533.0], 'TotalUserCpuTimeHistory': [1098], 'TotalSysCpuTimeHistory': [27], 'WallDurations': [9.0, 104.57438158988953, 1463.0], 'JobIds': ['103554692.0'], 'State': 'finished', 'RecordedSite': True}, '64': {'Retries': 0, 'Restarts': 0, 'SiteHistory': ['Unknown', 'T2_US_Caltech', 'T2_US_Caltech'], 'ResidentSetSize': [1560788], 'SubmitTimes': [1708555615.0], 'StartTimes': [1708557070.0], 'EndTimes': [1708558391.0], 'TotalUserCpuTimeHistory': [1094], 'TotalSysCpuTimeHistory': [30], 'WallDurations': [9.0, 104.57438158988953, 1321.0], 'JobIds': ['103554693.0'], 'State': 'finished', 'RecordedSite': True}, '66': {'Retries': 0, 'Restarts': 0, 'SiteHistory': ['Unknown', 'T2_US_Caltech', 'T2_US_Caltech'], 'ResidentSetSize': [1811176], 'SubmitTimes': [1708555616.0], 'StartTimes': [1708557067.0], 'EndTimes': [1708559481.0], 'TotalUserCpuTimeHistory': [1967], 'TotalSysCpuTimeHistory': [44], 'WallDurations': [9.0, 107.57438158988953, 2414.0], 'JobIds': ['103554694.0'], 'State': 'finished', 'RecordedSite': True}, '65': {'Retries': 0, 'Restarts': 0, 'SiteHistory': ['Unknown', 'T2_US_Caltech', 'T2_US_Caltech'], 'ResidentSetSize': [1804192], 'SubmitTimes': [1708555616.0], 'StartTimes': [1708557071.0], 'EndTimes': [1708560555.0], 'TotalUserCpuTimeHistory': [3079], 'TotalSysCpuTimeHistory': [64], 'WallDurations': [9.0, 103.57438158988953, 3484.0], 'JobIds': ['103554695.0'], 'State': 'finished', 'RecordedSite': True}, '70': {'Retries': 0, 'Restarts': 0, 'SiteHistory': ['Unknown', 'T2_CH_CSCS', 'T2_CH_CSCS'], 'ResidentSetSize': [1444348], 'SubmitTimes': [1708555616.0], 'StartTimes': [1708555843.0], 'EndTimes': [1708560142.0], 'TotalUserCpuTimeHistory': [1140], 'TotalSysCpuTimeHistory': [30], 'WallDurations': [10.0, 126.26701378822327, 4299.0], 'JobIds': ['103554696.0'], 'State': 'finished', 'RecordedSite': True}, '67': {'Retries': 0, 'Restarts': 0, 'SiteHistory': ['Unknown', 'T2_US_Caltech', 'T2_US_Caltech'], 'ResidentSetSize': [1849092], 'SubmitTimes': [1708555616.0], 'StartTimes': [1708557070.0], 'EndTimes': [1708560754.0], 'TotalUserCpuTimeHistory': [3206], 'TotalSysCpuTimeHistory': [53], 'WallDurations': [9.0, 104.57438158988953, 3684.0], 'JobIds': ['103554697.0'], 'State': 'finished', 'RecordedSite': True}, '68': {'Retries': 0, 'Restarts': 0, 'SiteHistory': ['Unknown', 'T2_US_Caltech', 'T2_US_Caltech'], 'ResidentSetSize': [1600384], 'SubmitTimes': [1708555616.0], 'StartTimes': [1708557071.0], 'EndTimes': [1708557378.0], 'TotalUserCpuTimeHistory': [233], 'TotalSysCpuTimeHistory': [6], 'WallDurations': [10.0, 103.57438158988953, 307.0], 'JobIds': ['103554698.0'], 'State': 'finished', 'RecordedSite': True}, '69': {'Retries': 0, 'Restarts': 0, 'SiteHistory': ['Unknown', 'T2_CH_CSCS', 'T2_CH_CSCS'], 'ResidentSetSize': [1575472], 'SubmitTimes': [1708555616.0], 'StartTimes': [1708555959.0], 'EndTimes': [1708557118.0], 'TotalUserCpuTimeHistory': [694], 'TotalSysCpuTimeHistory': [18], 'WallDurations': [9.0, 10.267013788223267, 1159.0], 'JobIds': ['103554699.0'], 'State': 'finished', 'RecordedSite': True}, '71': {'Retries': 0, 'Restarts': 0, 'SiteHistory': ['Unknown', 'T2_CH_CSCS', 'T2_CH_CSCS'], 'ResidentSetSize': [1594276], 'SubmitTimes': [1708555616.0], 'StartTimes': [1708555997.0], 'EndTimes': [1708558537.0], 'TotalUserCpuTimeHistory': [1652], 'TotalSysCpuTimeHistory': [35], 'WallDurations': [9.0, 272.487163066864, 2540.0], 'JobIds': ['103554700.0'], 'State': 'finished', 'RecordedSite': True}, '72': {'Retries': 0, 'Restarts': 0, 'SiteHistory': ['Unknown', 'T2_CH_CSCS', 'T2_CH_CSCS'], 'ResidentSetSize': [1374648], 'SubmitTimes': [1708555616.0], 'StartTimes': [1708556440.0], 'EndTimes': [1708559107.0], 'TotalUserCpuTimeHistory': [1691], 'TotalSysCpuTimeHistory': [34], 'WallDurations': [8.0, 129.73712944984436, 2667.0], 'JobIds': ['103554701.0'], 'State': 'finished', 'RecordedSite': True}, '73': {'Retries': 0, 'Restarts': 0, 'SiteHistory': ['Unknown', 'T2_CH_CSCS', 'T2_CH_CSCS'], 'ResidentSetSize': [1598456], 'SubmitTimes': [1708555616.0], 'StartTimes': [1708556440.0], 'EndTimes': [1708558857.0], 'TotalUserCpuTimeHistory': [1580], 'TotalSysCpuTimeHistory': [29], 'WallDurations': [8.0, 129.73712944984436, 2417.0], 'JobIds': ['103554702.0'], 'State': 'finished', 'RecordedSite': True}, '74': {'Retries': 0, 'Restarts': 0, 'SiteHistory': ['Unknown', 'T2_CH_CSCS', 'T2_CH_CSCS'], 'ResidentSetSize': [1478704], 'SubmitTimes': [1708555616.0], 'StartTimes': [1708556440.0], 'EndTimes': [1708559032.0], 'TotalUserCpuTimeHistory': [1629], 'TotalSysCpuTimeHistory': [31], 'WallDurations': [9.0, 129.73712944984436, 2592.0], 'JobIds': ['103554703.0'], 'State': 'finished', 'RecordedSite': True}, '75': {'Retries': 0, 'Restarts': 0, 'SiteHistory': ['Unknown', 'T2_CH_CSCS', 'T2_CH_CSCS'], 'ResidentSetSize': [1459744], 'SubmitTimes': [1708555616.0], 'StartTimes': [1708556440.0], 'EndTimes': [1708559083.0], 'TotalUserCpuTimeHistory': [1619], 'TotalSysCpuTimeHistory': [33], 'WallDurations': [8.0, 129.73712944984436, 2643.0], 'JobIds': ['103554704.0'], 'State': 'finished', 'RecordedSite': True}, '76': {'Retries': 0, 'Restarts': 0, 'SiteHistory': ['Unknown', 'T2_CH_CSCS', 'T2_CH_CSCS'], 'ResidentSetSize': [1376600], 'SubmitTimes': [1708555616.0], 'StartTimes': [1708556440.0], 'EndTimes': [1708561399.0], 'TotalUserCpuTimeHistory': [1659], 'TotalSysCpuTimeHistory': [31], 'WallDurations': [8.0, 129.73712944984436, 4959.0], 'JobIds': ['103554705.0'], 'State': 'finished', 'RecordedSite': True}, '78': {'Retries': 0, 'Restarts': 0, 'SiteHistory': ['Unknown', 'T2_CH_CSCS', 'T2_CH_CSCS'], 'ResidentSetSize': [1249292], 'SubmitTimes': [1708555616.0], 'StartTimes': [1708556439.0], 'EndTimes': [1708562261.0], 'TotalUserCpuTimeHistory': [1571], 'TotalSysCpuTimeHistory': [30], 'WallDurations': [9.0, 130.73712944984436, 5822.0], 'JobIds': ['103554706.0'], 'State': 'finished', 'RecordedSite': True}, '79': {'Retries': 0, 'Restarts': 0, 'SiteHistory': ['Unknown', 'T2_CH_CSCS', 'T2_CH_CSCS'], 'ResidentSetSize': [1229472], 'SubmitTimes': [1708555616.0], 'StartTimes': [1708556441.0], 'EndTimes': [1708558412.0], 'TotalUserCpuTimeHistory': [1189], 'TotalSysCpuTimeHistory': [30], 'WallDurations': [8.0, 128.73712944984436, 1971.0], 'JobIds': ['103554707.0'], 'State': 'finished', 'RecordedSite': True}, '81': {'Retries': 0, 'Restarts': 0, 'SiteHistory': ['Unknown', 'T2_CH_CSCS', 'T2_CH_CSCS'], 'ResidentSetSize': [1431656], 'SubmitTimes': [1708555617.0], 'StartTimes': [1708556440.0], 'EndTimes': [1708556554.0], 'TotalUserCpuTimeHistory': [34], 'TotalSysCpuTimeHistory': [2], 'WallDurations': [114.0, 129.73712944984436, 129.73712944984436], 'JobIds': ['103554708.0'], 'State': 'finished', 'RecordedSite': True}, '77': {'Retries': 0, 'Restarts': 0, 'SiteHistory': ['Unknown', 'T2_CH_CSCS', 'T2_CH_CSCS'], 'ResidentSetSize': [1246100], 'SubmitTimes': [1708555617.0], 'StartTimes': [1708556441.0], 'EndTimes': [1708559412.0], 'TotalUserCpuTimeHistory': [1548], 'TotalSysCpuTimeHistory': [33], 'WallDurations': [8.0, 128.73712944984436, 2971.0], 'JobIds': ['103554709.0'], 'State': 'finished', 'RecordedSite': True}, '80': {'Retries': 0, 'Restarts': 0, 'SiteHistory': ['Unknown', 'T2_CH_CSCS', 'T2_CH_CSCS'], 'ResidentSetSize': [1563580], 'SubmitTimes': [1708555617.0], 'StartTimes': [1708556442.0], 'EndTimes': [1708557954.0], 'TotalUserCpuTimeHistory': [906], 'TotalSysCpuTimeHistory': [20], 'WallDurations': [9.0, 127.73712944984436, 1512.0], 'JobIds': ['103554710.0'], 'State': 'finished', 'RecordedSite': True}, '82': {'Retries': 0, 'Restarts': 0, 'SiteHistory': ['Unknown', 'T2_CH_CSCS', 'T2_CH_CSCS'], 'ResidentSetSize': [1241712], 'SubmitTimes': [1708555617.0], 'StartTimes': [1708556440.0], 'EndTimes': [1708559302.0], 'TotalUserCpuTimeHistory': [1671], 'TotalSysCpuTimeHistory': [38], 'WallDurations': [9.0, 129.73712944984436, 2862.0], 'JobIds': ['103554711.0'], 'State': 'finished', 'RecordedSite': True}, '83': {'Retries': 0, 'Restarts': 0, 'SiteHistory': ['Unknown', 'T2_CH_CSCS', 'T2_CH_CSCS'], 'ResidentSetSize': [1239080], 'SubmitTimes': [1708555617.0], 'StartTimes': [1708556443.0], 'EndTimes': [1708562313.0], 'TotalUserCpuTimeHistory': [1568.0], 'TotalSysCpuTimeHistory': [32.0], 'WallDurations': [8.0, 126.73712944984436, 5870.0], 'JobIds': ['103554712.0'], 'State': 'finished', 'RecordedSite': True}, '84': {'Retries': 0, 'Restarts': 0, 'SiteHistory': ['Unknown', 'T2_CH_CSCS', 'T2_CH_CSCS'], 'ResidentSetSize': [1247484], 'SubmitTimes': [1708555617.0], 'StartTimes': [1708556444.0], 'EndTimes': [1708558764.0], 'TotalUserCpuTimeHistory': [1483], 'TotalSysCpuTimeHistory': [37], 'WallDurations': [8.0, 125.73712944984436, 2320.0], 'JobIds': ['103554713.0'], 'State': 'finished', 'RecordedSite': True}, '85': {'Retries': 0, 'Restarts': 0, 'SiteHistory': ['Unknown', 'T2_CH_CSCS', 'T2_CH_CSCS'], 'ResidentSetSize': [1394976], 'SubmitTimes': [1708555617.0], 'StartTimes': [1708556443.0], 'EndTimes': [1708558981.0], 'TotalUserCpuTimeHistory': [1613], 'TotalSysCpuTimeHistory': [32], 'WallDurations': [8.0, 126.73712944984436, 2538.0], 'JobIds': ['103554714.0'], 'State': 'finished', 'RecordedSite': True}, '88': {'Retries': 0, 'Restarts': 0, 'SiteHistory': ['Unknown', 'T2_CH_CSCS', 'T2_CH_CSCS'], 'ResidentSetSize': [1281440], 'SubmitTimes': [1708555617.0], 'StartTimes': [1708556443.0], 'EndTimes': [1708557603.0], 'TotalUserCpuTimeHistory': [652], 'TotalSysCpuTimeHistory': [18], 'WallDurations': [9.0, 126.73712944984436, 1160.0], 'JobIds': ['103554715.0'], 'State': 'finished', 'RecordedSite': True}, '86': {'Retries': 0, 'Restarts': 0, 'SiteHistory': ['Unknown', 'T2_CH_CSCS', 'T2_CH_CSCS'], 'ResidentSetSize': [1320160], 'SubmitTimes': [1708555617.0], 'StartTimes': [1708556443.0], 'EndTimes': [1708558368.0], 'TotalUserCpuTimeHistory': [1182], 'TotalSysCpuTimeHistory': [30], 'WallDurations': [9.0, 126.73712944984436, 1925.0], 'JobIds': ['103554716.0'], 'State': 'finished', 'RecordedSite': True}, '87': {'Retries': 0, 'Restarts': 0, 'SiteHistory': ['Unknown', 'T2_CH_CSCS', 'T2_CH_CSCS'], 'ResidentSetSize': [1396736], 'SubmitTimes': [1708555617.0], 'StartTimes': [1708556445.0], 'EndTimes': [1708557713.0], 'TotalUserCpuTimeHistory': [703], 'TotalSysCpuTimeHistory': [18], 'WallDurations': [9.0, 124.73712944984436, 1268.0], 'JobIds': ['103554717.0'], 'State': 'finished', 'RecordedSite': True}, '93': {'Retries': 0, 'Restarts': 0, 'SiteHistory': ['Unknown', 'T2_US_Caltech', 'T2_US_Caltech'], 'ResidentSetSize': [1688692], 'SubmitTimes': [1708555617.0], 'StartTimes': [1708557069.0], 'EndTimes': [1708558861.0], 'TotalUserCpuTimeHistory': [1492], 'TotalSysCpuTimeHistory': [38], 'WallDurations': [9.0, 105.57438158988953, 1792.0], 'JobIds': ['103554718.0'], 'State': 'finished', 'RecordedSite': True}, '89': {'Retries': 0, 'Restarts': 0, 'SiteHistory': ['Unknown', 'T2_CH_CSCS', 'T2_CH_CSCS'], 'ResidentSetSize': [1295176], 'SubmitTimes': [1708555617.0], 'StartTimes': [1708556440.0], 'EndTimes': [1708557508.0], 'TotalUserCpuTimeHistory': [628], 'TotalSysCpuTimeHistory': [17], 'WallDurations': [9.0, 129.73712944984436, 1068.0], 'JobIds': ['103554719.0'], 'State': 'finished', 'RecordedSite': True}, '90': {'Retries': 0, 'Restarts': 0, 'SiteHistory': ['Unknown', 'T2_CH_CSCS', 'T2_CH_CSCS'], 'ResidentSetSize': [1391232], 'SubmitTimes': [1708555617.0], 'StartTimes': [1708556446.0], 'EndTimes': [1708556968.0], 'TotalUserCpuTimeHistory': [309], 'TotalSysCpuTimeHistory': [10], 'WallDurations': [9.0, 123.73712944984436, 522.0], 'JobIds': ['103554720.0'], 'State': 'finished', 'RecordedSite': True}, '92': {'Retries': 0, 'Restarts': 0, 'SiteHistory': ['Unknown', 'T2_US_Caltech', 'T2_US_Caltech'], 'ResidentSetSize': [1822376], 'SubmitTimes': [1708555617.0], 'StartTimes': [1708557070.0], 'EndTimes': [1708559697.0], 'TotalUserCpuTimeHistory': [2264], 'TotalSysCpuTimeHistory': [62], 'WallDurations': [9.0, 104.57438158988953, 2627.0], 'JobIds': ['103554721.0'], 'State': 'finished', 'RecordedSite': True}, '94': {'Retries': 0, 'Restarts': 0, 'SiteHistory': ['Unknown', 'T2_US_Caltech', 'T2_US_Caltech'], 'ResidentSetSize': [1832028], 'SubmitTimes': [1708555617.0], 'StartTimes': [1708557070.0], 'EndTimes': [1708559182.0], 'TotalUserCpuTimeHistory': [1685], 'TotalSysCpuTimeHistory': [33], 'WallDurations': [9.0, 104.57438158988953, 2112.0], 'JobIds': ['103554722.0'], 'State': 'finished', 'RecordedSite': True}, '91': {'Retries': 0, 'Restarts': 0, 'SiteHistory': ['Unknown', 'T2_US_Caltech', 'T2_US_Caltech'], 'ResidentSetSize': [1731508], 'SubmitTimes': [1708555617.0], 'StartTimes': [1708557072.0], 'EndTimes': [1708559002.0], 'TotalUserCpuTimeHistory': [1548], 'TotalSysCpuTimeHistory': [40], 'WallDurations': [9.0, 102.57438158988953, 1930.0], 'JobIds': ['103554723.0'], 'State': 'finished', 'RecordedSite': True}, '95': {'Retries': 0, 'Restarts': 0, 'SiteHistory': ['Unknown', 'T2_US_Caltech', 'T2_US_Caltech'], 'ResidentSetSize': [1676284], 'SubmitTimes': [1708555617.0], 'StartTimes': [1708557070.0], 'EndTimes': [1708558312.0], 'TotalUserCpuTimeHistory': [961], 'TotalSysCpuTimeHistory': [20], 'WallDurations': [9.0, 104.57438158988953, 1242.0], 'JobIds': ['103554724.0'], 'State': 'finished', 'RecordedSite': True}, '96': {'Retries': 0, 'Restarts': 0, 'SiteHistory': ['Unknown', 'T2_US_Caltech', 'T2_US_Caltech'], 'ResidentSetSize': [1544768], 'SubmitTimes': [1708555617.0], 'StartTimes': [1708557072.0], 'EndTimes': [1708557478.0], 'TotalUserCpuTimeHistory': [305], 'TotalSysCpuTimeHistory': [9], 'WallDurations': [10.0, 102.57438158988953, 406.0], 'JobIds': ['103554725.0'], 'State': 'finished', 'RecordedSite': True}, '31': {'Retries': 0, 'Restarts': 0, 'SiteHistory': ['Unknown', 'T1_RU_JINR', 'T1_RU_JINR'], 'ResidentSetSize': [1179436], 'SubmitTimes': [1708555617.0], 'StartTimes': [1708556387.0], 'EndTimes': [1708556495.0], 'TotalUserCpuTimeHistory': [52], 'TotalSysCpuTimeHistory': [5], 'WallDurations': [108.0, 182.73712944984436, 182.73712944984436], 'JobIds': ['103554726.0'], 'State': 'finished', 'RecordedSite': True}}
INFO 2024-02-22 20:35:33.992 UTC: 	 Status on the scheduler:	FAILED
INFO 2024-02-22 20:35:33.992 UTC: 	 
Jobs status:                    failed       		  2.1% ( 2/96)
INFO 2024-02-22 20:35:33.992 UTC: 	 				finished     		 97.9% (94/96)
DEBUG 2024-02-22 20:35:33.993 UTC: 	 Encoded data for curl request: subresource=publicationstatus&workflow=240221_224304%3Ambuonsan_crab_SkimB4Mu_2023eraD-v2_stream5_Mini&username=mbuonsan
INFO 2024-02-22 20:35:34.169 UTC: 	 
Output dataset:			/FakeDataset/fakefile-FakePublish-100212f1e8d77573c26dae286f2032ed/USER
INFO 2024-02-22 20:35:34.169 UTC: 	 
No publication information available yet
INFO 2024-02-22 20:35:34.170 UTC: 	 
Error Summary: (use crab status --verboseErrors for details about the errors)

 2 jobs failed with exit code 8001

Have a look at https://twiki.cern.ch/twiki/bin/viewauth/CMSPublic/JobExitCodes for a description of the exit codes.
INFO 2024-02-22 20:35:34.176 UTC: 	 
Warning: the max jobs runtime is less than 30% of the task requested value (1250 min), please consider to request a lower value for failed jobs (allowed through crab resubmit) and/or improve the jobs splitting (e.g. config.Data.splitting = 'Automatic') in a new task.
INFO 2024-02-22 20:35:34.176 UTC: 	 
Summary of run jobs:
 * Memory: 83MB min, 1851MB max, 1534MB ave
 * Runtime: 0:02:09 min, 1:37:50 max, 0:33:38 ave
 * CPU eff: 0% min, 94% max, 73% ave
 * Waste: 4:36:33 (8% of total)

DEBUG 2024-02-22 20:35:34.176 UTC: 	 Requesting resubmission of failed jobs in task 240221_224304:mbuonsan_crab_SkimB4Mu_2023eraD-v2_stream5_Mini
INFO 2024-02-22 20:35:34.176 UTC: 	 Sending resubmit request to the server.
DEBUG 2024-02-22 20:35:34.177 UTC: 	 Submitting {'workflow': '240221_224304:mbuonsan_crab_SkimB4Mu_2023eraD-v2_stream5_Mini', 'subresource': 'resubmit2', 'jobids': ['2', '1'], 'publication': 0} 
DEBUG 2024-02-22 20:35:34.177 UTC: 	 Encoded data for curl request: workflow=240221_224304%3Ambuonsan_crab_SkimB4Mu_2023eraD-v2_stream5_Mini&subresource=resubmit2&publication=0&jobids=2&jobids=1
DEBUG 2024-02-22 20:35:34.368 UTC: 	 Result: {'desc': {'columns': ['tm_site_blacklist', 'tm_site_whitelist', 'tm_maxjobruntime', 'tm_maxmemory', 'tm_numcores', 'tm_priority']}, 'result': [{'result': 'ok'}]}
INFO 2024-02-22 20:35:34.368 UTC: 	 Resubmit request sent to the server.
INFO 2024-02-22 20:35:34.368 UTC: 	 Please use ' crab status ' to check how the resubmission process proceeds.
Notice it may take a couple of minutes for the resubmission to get fully processed.
INFO 2024-02-22 20:35:34.379 UTC: 	 Log file is /lustrehome/mbuonsante/B_4mu/CMSSW_13_0_13/src/B4muNtuplizer/CrabSubmission/2023_eraD-v2/crab_projects/crab_SkimB4Mu_2023eraD-v2_stream5_Mini/crab.log
