DEBUG 2024-02-21 22:31:21.840 UTC: 	 CRAB Client version: v3.240110
DEBUG 2024-02-21 22:31:21.841 UTC: 	 Running on: Linux ui02.recas.ba.infn.it 3.10.0-1160.80.1.el7.x86_64 #1 SMP Tue Nov 8 15:48:59 UTC 2022 x86_64 x86_64 x86_64 GNU/Linux - CentOS Linux 7 (Core)
DEBUG 2024-02-21 22:31:21.841 UTC: 	 Executing command: 'submit'
DEBUG 2024-02-21 22:31:21.841 UTC: 	 Found CRAB cache file /lustrehome/mbuonsante/.crab3
INFO 2024-02-21 22:31:21.842 UTC: 	 Will use CRAB configuration file CRAB_stream_6.py
DEBUG 2024-02-21 22:31:21.842 UTC: 	 Loading CRAB configuration file.
DEBUG 2024-02-21 22:31:21.844 UTC: 	 Will use CRAB plugin ANALYSIS (i.e. will run an analysis job type).
DEBUG 2024-02-21 22:31:21.846 UTC: 	 Checking credentials
DEBUG 2024-02-21 22:31:21.846 UTC: 	 Found proxy file /tmp/x509up_u881331
DEBUG 2024-02-21 22:31:21.846 UTC: 	 Making sure it has proper VOMS extension
DEBUG 2024-02-21 22:31:21.846 UTC: 	 Executing command :
 voms-proxy-info --vo --file /tmp/x509up_u881331
DEBUG 2024-02-21 22:31:23.297 UTC: 	 output : cms

 error: 
 retcode : 0
DEBUG 2024-02-21 22:31:23.297 UTC: 	 Getting proxy life time left
DEBUG 2024-02-21 22:31:23.297 UTC: 	 Executing command :
 voms-proxy-info --actimeleft --timeleft --file /tmp/x509up_u881331
DEBUG 2024-02-21 22:31:24.582 UTC: 	 output : 479333
479332

 error: 
 retcode : 0
DEBUG 2024-02-21 22:31:24.582 UTC: 	 Proxy valid for 133:08:52 hours
DEBUG 2024-02-21 22:31:24.583 UTC: 	 Encoded data for curl request: subresource=delegatedn
DEBUG 2024-02-21 22:31:24.774 UTC: 	 Registering user credentials on myproxy for /DC=ch/DC=cern/OU=computers/CN=crab-(preprod|prod|dev)-tw(01|02|03).cern.ch|/DC=ch/DC=cern/OU=computers/CN=stefanov(m|m2).cern.ch|/DC=ch/DC=cern/OU=computers/CN=dciangot-tw.cern.ch
DEBUG 2024-02-21 22:31:24.774 UTC: 	 Executing command :
 voms-proxy-info --identity --file /tmp/x509up_u881331
DEBUG 2024-02-21 22:31:26.004 UTC: 	 output : /DC=ch/DC=cern/OU=Organic Units/OU=Users/CN=mbuonsan/CN=866052/CN=Marco Buonsante

 error: 
 retcode : 0
DEBUG 2024-02-21 22:31:26.004 UTC: 	 Getting myproxy life time left for db438794163ae221c16ac5cdc1e476b2bc2ff634
DEBUG 2024-02-21 22:31:26.004 UTC: 	 Executing command :
 myproxy-info -s myproxy.cern.ch -l db438794163ae221c16ac5cdc1e476b2bc2ff634
DEBUG 2024-02-21 22:31:26.393 UTC: 	 output : username: db438794163ae221c16ac5cdc1e476b2bc2ff634
owner: /DC=ch/DC=cern/OU=Organic Units/OU=Users/CN=mbuonsan/CN=866052/CN=Marco Buonsante
  renewal policy: /DC=ch/DC=cern/OU=computers/CN=crab-(preprod|prod|dev)-tw(01|02|03).cern.ch|/DC=ch/DC=cern/OU=computers/CN=stefanov(m|m2).cern.ch|/DC=ch/DC=cern/OU=computers/CN=dciangot-tw.cern.ch
  trusted retrieval policy: /DC=ch/DC=cern/OU=computers/CN=crab-(preprod|prod|dev)-tw(01|02|03).cern.ch|/DC=ch/DC=cern/OU=computers/CN=stefanov(m|m2).cern.ch|/DC=ch/DC=cern/OU=computers/CN=dciangot-tw.cern.ch
  timeleft: 493:10:01  (20.5 days)

 error: 
 retcode : 0
DEBUG 2024-02-21 22:31:26.393 UTC: 	 Myproxy is valid: 1775400
DEBUG 2024-02-21 22:31:26.393 UTC: 	 Result of myproxy credential check:
  Credential exists on myproxy: username: db438794163ae221c16ac5cdc1e476b2bc2ff634  - validity: 20 days, 13:10:00
DEBUG 2024-02-21 22:31:26.393 UTC: 	 Command use: submit
DEBUG 2024-02-21 22:31:26.393 UTC: 	 Options use: ['-c', 'CRAB_stream_6.py']
DEBUG 2024-02-21 22:31:26.393 UTC: 	 Encoded data for curl request: subresource=version
DEBUG 2024-02-21 22:31:26.575 UTC: 	 CRABClient version: v3.240110
DEBUG 2024-02-21 22:31:26.575 UTC: 	 Instance is prod
DEBUG 2024-02-21 22:31:26.575 UTC: 	 Server base url is cmsweb.cern.ch
DEBUG 2024-02-21 22:31:26.575 UTC: 	 Command api workflow
DEBUG 2024-02-21 22:31:26.575 UTC: 	 Started submission
DEBUG 2024-02-21 22:31:26.575 UTC: 	 Working on /lustrehome/mbuonsante/B_4mu/CMSSW_13_0_13/src/B4muNtuplizer/CrabSubmission/2023_eraC-v3/crab_projects/crab_SkimB4Mu_2023eraC-v3_stream6_Mini
DEBUG 2024-02-21 22:31:26.576 UTC: 	 Encoded data for curl request: subresource=backendurls
DEBUG 2024-02-21 22:31:26.826 UTC: 	 Loading required information from the environment
DEBUG 2024-02-21 22:31:26.826 UTC: 	 Found CMSSW_13_0_13 for slc7_amd64_gcc11 with base /lustrehome/mbuonsante/B_4mu/CMSSW_13_0_13
DEBUG 2024-02-21 22:31:26.826 UTC: 	 Loading required information from the environment
DEBUG 2024-02-21 22:31:26.826 UTC: 	 Found CMSSW_13_0_13 for slc7_amd64_gcc11 with base /lustrehome/mbuonsante/B_4mu/CMSSW_13_0_13
DEBUG 2024-02-21 22:31:26.826 UTC: 	 UNIQUE NAME: tarUUID dc3bceea-a81c-4516-ab5b-b1f5787f44d5 
DEBUG 2024-02-21 22:31:26.826 UTC: 	 self.config: from WMCore.Configuration import Configuration
config = Configuration()
config.section_('General')
config.General.requestName = 'SkimB4Mu_2023eraC-v3_stream6_Mini'
config.General.workArea = 'crab_projects'
config.General.transferLogs = False
config.General.transferOutputs = True
config.section_('JobType')
config.JobType.psetName = '/lustrehome/mbuonsante/B_4mu/CMSSW_13_0_13/src/B4muNtuplizer/CrabSubmission/2023_eraC-v3/PatAndTree_cfg.py'
config.JobType.allowUndistributedCMSSW = True
config.JobType.pluginName = 'Analysis'
config.section_('Data')
config.Data.inputDBS = 'global'
config.Data.outputDatasetTag = 'SkimB4Mu_2023eraC-v3_stream6_Mini'
config.Data.inputDataset = '/ParkingDoubleMuonLowMass6/Run2023C-22Sep2023_v3-v1/MINIAOD'
config.Data.unitsPerJob = 50
config.Data.allowNonValidInputDataset = True
config.Data.lumiMask = 'https://cms-service-dqmdc.web.cern.ch/CAF/certification/Collisions23/Cert_Collisions2023_eraC_367095_368823_Golden.json'
config.Data.splitting = 'LumiBased'
config.section_('Site')
config.Site.storageSite = 'T2_IT_Bari'
config.Site.ignoreGlobalBlacklist = True
config.section_('User')
config.section_('Debug')

DEBUG 2024-02-21 22:31:26.826 UTC: 	 self.config.JobType.psetName: /lustrehome/mbuonsante/B_4mu/CMSSW_13_0_13/src/B4muNtuplizer/CrabSubmission/2023_eraC-v3/PatAndTree_cfg.py
INFO 2024-02-21 22:31:26.826 UTC: 	 Importing CMSSW configuration /lustrehome/mbuonsante/B_4mu/CMSSW_13_0_13/src/B4muNtuplizer/CrabSubmission/2023_eraC-v3/PatAndTree_cfg.py
INFO 2024-02-21 22:31:28.619 UTC: 	 Finished importing CMSSW configuration /lustrehome/mbuonsante/B_4mu/CMSSW_13_0_13/src/B4muNtuplizer/CrabSubmission/2023_eraC-v3/PatAndTree_cfg.py
DEBUG 2024-02-21 22:31:28.620 UTC: 	 Writing CMSSW configuration to /lustrehome/mbuonsante/B_4mu/CMSSW_13_0_13/src/B4muNtuplizer/CrabSubmission/2023_eraC-v3/crab_projects/crab_SkimB4Mu_2023eraC-v3_stream6_Mini/inputs/PSet.py
DEBUG 2024-02-21 22:31:28.711 UTC: 	 The following EDM output files will be collected: []
DEBUG 2024-02-21 22:31:28.711 UTC: 	 The following TFile output files will be collected: ['TreeData.root']
DEBUG 2024-02-21 22:31:28.711 UTC: 	 The following user output files (not listed as PoolOuputModule or TFileService in the CMSSW PSet) will be collected: 
DEBUG 2024-02-21 22:31:28.711 UTC: 	 Loading required information from the environment
DEBUG 2024-02-21 22:31:28.711 UTC: 	 Found CMSSW_13_0_13 for slc7_amd64_gcc11 with base /lustrehome/mbuonsante/B_4mu/CMSSW_13_0_13
DEBUG 2024-02-21 22:31:28.711 UTC: 	 Making tarball in /lustrehome/mbuonsante/B_4mu/CMSSW_13_0_13/src/B4muNtuplizer/CrabSubmission/2023_eraC-v3/crab_projects/crab_SkimB4Mu_2023eraC-v3_stream6_Mini/inputs/dc3bceea-a81c-4516-ab5b-b1f5787f44d5default.tgz
DEBUG 2024-02-21 22:31:28.712 UTC: 	 Checking directory /lustrehome/mbuonsante/B_4mu/CMSSW_13_0_13/bin
DEBUG 2024-02-21 22:31:28.712 UTC: 	 Adding directory /lustrehome/mbuonsante/B_4mu/CMSSW_13_0_13/bin to tarball
DEBUG 2024-02-21 22:31:28.713 UTC: 	 Checking directory /lustrehome/mbuonsante/B_4mu/CMSSW_13_0_13/python
DEBUG 2024-02-21 22:31:28.714 UTC: 	 Adding directory /lustrehome/mbuonsante/B_4mu/CMSSW_13_0_13/python to tarball
DEBUG 2024-02-21 22:31:28.761 UTC: 	 Checking directory /lustrehome/mbuonsante/B_4mu/CMSSW_13_0_13/cfipython
DEBUG 2024-02-21 22:31:28.761 UTC: 	 Adding directory /lustrehome/mbuonsante/B_4mu/CMSSW_13_0_13/cfipython to tarball
DEBUG 2024-02-21 22:31:28.768 UTC: 	 Checking directory /lustrehome/mbuonsante/B_4mu/CMSSW_13_0_13/lib
DEBUG 2024-02-21 22:31:28.769 UTC: 	 Adding directory /lustrehome/mbuonsante/B_4mu/CMSSW_13_0_13/lib to tarball
DEBUG 2024-02-21 22:31:29.179 UTC: 	 Checking directory /lustrehome/mbuonsante/B_4mu/CMSSW_13_0_13/biglib
DEBUG 2024-02-21 22:31:29.179 UTC: 	 Adding directory /lustrehome/mbuonsante/B_4mu/CMSSW_13_0_13/biglib to tarball
DEBUG 2024-02-21 22:31:29.181 UTC: 	 Checking directory /lustrehome/mbuonsante/B_4mu/CMSSW_13_0_13/module
DEBUG 2024-02-21 22:31:29.181 UTC: 	 Checking directory /lustrehome/mbuonsante/B_4mu/CMSSW_13_0_13/config/SCRAM/hooks
DEBUG 2024-02-21 22:31:29.181 UTC: 	 Adding directory /lustrehome/mbuonsante/B_4mu/CMSSW_13_0_13/config/SCRAM/hooks to tarball
DEBUG 2024-02-21 22:31:29.202 UTC: 	 Adding directory /lustrehome/mbuonsante/B_4mu/CMSSW_13_0_13/src/B4muNtuplizer/SkimTools/python to tarball
DEBUG 2024-02-21 22:31:29.213 UTC: 	 Adding directory /lustrehome/mbuonsante/B_4mu/CMSSW_13_0_13/src/CommonTools/CandAlgos/interface to tarball
DEBUG 2024-02-21 22:31:29.218 UTC: 	 Adding directory /lustrehome/mbuonsante/B_4mu/CMSSW_13_0_13/src/CommonTools/CandAlgos/python to tarball
DEBUG 2024-02-21 22:31:29.364 UTC: 	 Uploading archive /lustrehome/mbuonsante/B_4mu/CMSSW_13_0_13/src/B4muNtuplizer/CrabSubmission/2023_eraC-v3/crab_projects/crab_SkimB4Mu_2023eraC-v3_stream6_Mini/inputs/dc3bceea-a81c-4516-ab5b-b1f5787f44d5default.tgz (0.643555.1 MB) to the CRAB cache. Using URI https://cmsweb.cern.ch/S3/crabcache_prod
DEBUG 2024-02-21 22:31:29.785 UTC: 	 Encoded data for curl request: subresource=upload&objecttype=sandbox&tarballname=c21f585968b676319b78458a8dfff0d78967d784c1d5d78343c5cdc38d3be0e5.tar.gz
DEBUG 2024-02-21 22:31:29.984 UTC: 	 sandbox c21f585968b676319b78458a8dfff0d78967d784c1d5d78343c5cdc38d3be0e5.tar.gz is already in the S3 store, will not upload again
DEBUG 2024-02-21 22:31:29.984 UTC: 	 Loading required information from the environment
DEBUG 2024-02-21 22:31:29.984 UTC: 	 Found CMSSW_13_0_13 for slc7_amd64_gcc11 with base /lustrehome/mbuonsante/B_4mu/CMSSW_13_0_13
DEBUG 2024-02-21 22:31:29.984 UTC: 	 Making tarball in /lustrehome/mbuonsante/B_4mu/CMSSW_13_0_13/src/B4muNtuplizer/CrabSubmission/2023_eraC-v3/crab_projects/crab_SkimB4Mu_2023eraC-v3_stream6_Mini/inputs/debugFiles.tgz
DEBUG 2024-02-21 22:31:29.989 UTC: 	 Uploading archive /lustrehome/mbuonsante/B_4mu/CMSSW_13_0_13/src/B4muNtuplizer/CrabSubmission/2023_eraC-v3/crab_projects/crab_SkimB4Mu_2023eraC-v3_stream6_Mini/inputs/debugFiles.tgz (2 KB) to the CRAB cache. Using URI https://cmsweb.cern.ch/S3/crabcache_prod
DEBUG 2024-02-21 22:31:29.995 UTC: 	 Encoded data for curl request: subresource=upload&objecttype=sandbox&tarballname=ed85e3dc005bf0644e06b96f1b1c3a9900d33a1b5a1bbc5d6a2a79f01e718ca1.tar.gz
DEBUG 2024-02-21 22:31:30.211 UTC: 	 Will execute:
curl -f -v -X POST  -H "User-Agent: CRAB" -F "key=mbuonsan/sandboxes/ed85e3dc005bf0644e06b96f1b1c3a9900d33a1b5a1bbc5d6a2a79f01e718ca1.tar.gz" -F "AWSAccessKeyId=ab00fcc889f248c495d2875f15a3badb" -F "policy=eyJleHBpcmF0aW9uIjogIjIwMjQtMDItMjFUMjM6MzE6MzBaIiwgImNvbmRpdGlvbnMiOiBbeyJidWNrZXQiOiAiY3JhYmNhY2hlX3Byb2QifSwgeyJrZXkiOiAibWJ1b25zYW4vc2FuZGJveGVzL2VkODVlM2RjMDA1YmYwNjQ0ZTA2Yjk2ZjFiMWMzYTk5MDBkMzNhMWI1YTFiYmM1ZDZhMmE3OWYwMWU3MThjYTEudGFyLmd6In1dfQ==" -F "signature=GmJ+6hOTEbHewgrBB7im5ct+XH0=" -F "file=@/lustrehome/mbuonsante/B_4mu/CMSSW_13_0_13/src/B4muNtuplizer/CrabSubmission/2023_eraC-v3/crab_projects/crab_SkimB4Mu_2023eraC-v3_stream6_Mini/inputs/debugFiles.tgz" "https://s3.cern.ch/crabcache_prod"
DEBUG 2024-02-21 22:31:30.386 UTC: 	 exitcode: 0
stdout: b''
DEBUG 2024-02-21 22:31:30.386 UTC: 	 sandbox /lustrehome/mbuonsante/B_4mu/CMSSW_13_0_13/src/B4muNtuplizer/CrabSubmission/2023_eraC-v3/crab_projects/crab_SkimB4Mu_2023eraC-v3_stream6_Mini/inputs/debugFiles.tgz successully uploaded to S3
DEBUG 2024-02-21 22:31:30.386 UTC: 	 Result uploading input files: c21f585968b676319b78458a8dfff0d78967d784c1d5d78343c5cdc38d3be0e5.tar.gz 
DEBUG 2024-02-21 22:31:30.386 UTC: 	 Attaching lumi mask https://cms-service-dqmdc.web.cern.ch/CAF/certification/Collisions23/Cert_Collisions2023_eraC_367095_368823_Golden.json to the request
DEBUG 2024-02-21 22:31:30.387 UTC: 	 Downloading lumi-mask from https://cms-service-dqmdc.web.cern.ch/CAF/certification/Collisions23/Cert_Collisions2023_eraC_367095_368823_Golden.json
WARNING 2024-02-21 22:31:30.631 UTC: 	 Warning: The following output files will not be published, as they are not EDM files: ['TreeData.root']
DEBUG 2024-02-21 22:31:30.640 UTC: 	 submit() - self.configuration from WMCore.Configuration import Configuration
config = Configuration()
config.section_('General')
config.General.requestName = 'SkimB4Mu_2023eraC-v3_stream6_Mini'
config.General.workArea = 'crab_projects'
config.General.transferLogs = False
config.General.transferOutputs = True
config.section_('JobType')
config.JobType.psetName = '/lustrehome/mbuonsante/B_4mu/CMSSW_13_0_13/src/B4muNtuplizer/CrabSubmission/2023_eraC-v3/PatAndTree_cfg.py'
config.JobType.allowUndistributedCMSSW = True
config.JobType.pluginName = 'Analysis'
config.section_('Data')
config.Data.inputDBS = 'global'
config.Data.outputDatasetTag = 'SkimB4Mu_2023eraC-v3_stream6_Mini'
config.Data.inputDataset = '/ParkingDoubleMuonLowMass6/Run2023C-22Sep2023_v3-v1/MINIAOD'
config.Data.unitsPerJob = 50
config.Data.allowNonValidInputDataset = True
config.Data.lumiMask = 'https://cms-service-dqmdc.web.cern.ch/CAF/certification/Collisions23/Cert_Collisions2023_eraC_367095_368823_Golden.json'
config.Data.splitting = 'LumiBased'
config.section_('Site')
config.Site.storageSite = 'T2_IT_Bari'
config.Site.ignoreGlobalBlacklist = True
config.section_('User')
config.section_('Debug')

DEBUG 2024-02-21 22:31:30.640 UTC: 	 submit() - self.configreq {'dryrun': 0, 'workflow': 'crab_SkimB4Mu_2023eraC-v3_stream6_Mini', 'saveoutput': 1, 'savelogsflag': 0, 'inputdata': '/ParkingDoubleMuonLowMass6/Run2023C-22Sep2023_v3-v1/MINIAOD', 'primarydataset': '', 'nonvaliddata': 1, 'userfiles': [], 'dbsurl': 'https://cmsweb.cern.ch/dbs/prod/global/DBSReader', 'useparent': 0, 'ignorelocality': 0, 'splitalgo': 'LumiBased', 'algoargs': 50, 'totalunits': 0, 'publication': 1, 'publishdbsurl': 'https://cmsweb.cern.ch/dbs/prod/phys03/DBSWriter', 'publishname2': 'SkimB4Mu_2023eraC-v3_stream6_Mini', 'jobtype': 'Analysis', 'generator': 'pythia', 'addoutputfiles': [], 'maxjobruntime': 1250, 'numcores': 1, 'maxmemory': 2000, 'priority': 10, 'nonprodsw': 1, 'asyncdest': 'T2_IT_Bari', 'requireaccelerator': 0, 'oneEventMode': 0, 'extrajdl': [], 'ignoreglobalblacklist': 1, 'partialdataset': 0, 'inputblocks': []}
DEBUG 2024-02-21 22:31:30.640 UTC: 	 submit() - jobconfig {'addoutputfiles': [], 'tfileoutfiles': ['TreeData.root'], 'edmoutfiles': [], 'jobarch': 'slc7_amd64_gcc11', 'jobsw': 'CMSSW_13_0_13', 'inputdata': '/ParkingDoubleMuonLowMass6/Run2023C-22Sep2023_v3-v1/MINIAOD', 'cacheurl': 'https://cmsweb.cern.ch/S3/crabcache_prod', 'cachefilename': 'c21f585968b676319b78458a8dfff0d78967d784c1d5d78343c5cdc38d3be0e5.tar.gz', 'debugfilename': 'ed85e3dc005bf0644e06b96f1b1c3a9900d33a1b5a1bbc5d6a2a79f01e718ca1.tar.gz', 'runs': ['367095', '367100', '367102', '367103', '367104', '367111', '367112', '367127', '367128', '367129', '367130', '367131', '367133', '367228', '367229', '367230', '367231', '367232', '367234', '367260', '367262', '367263', '367264', '367267', '367269', '367270', '367271', '367312', '367314', '367315', '367334', '367336', '367337', '367355', '367406', '367413', '367415', '367416', '367475', '367477', '367515', '367516', '367552', '367553', '367554', '367615', '367618', '367619', '367661', '367662', '367663', '367665', '367666', '367691', '367696', '367699', '367730', '367742', '367758', '367770', '367771', '367772', '367790', '367831', '367836', '367838', '367840', '367881', '367883', '367884', '367902', '367904', '367905', '367906', '367907', '367908', '367910', '368223', '368224', '368229', '368318', '368320', '368321', '368332', '368333', '368343', '368382', '368384', '368388', '368389', '368400', '368410', '368412', '368423', '368451', '368453', '368454', '368489', '368546', '368547', '368548', '368566', '368567', '368609', '368611', '368613', '368636', '368669', '368670', '368672', '368674', '368675', '368676', '368678', '368684', '368685', '368723', '368724', '368746', '368749', '368753', '368762', '368764', '368765', '368822', '368823'], 'lumis': ['1,564', '45,390', '1,75', '1,64', '1,1082', '51,338', '1,1438', '18,350', '1,2,6,6,11,12,14,15', '1,3', '1,2,6,9,13,126,135,167', '1,149', '1,275', '55,280,285,287,292,294,298,304', '1,34', '1,1', '1,22', '1,996', '1,501', '52,69,72,240', '1,42,49,119,123,271', '10,21', '1,847', '45,322', '1,33', '1,961', '1,135', '53,225,227,269', '1,20', '1,893', '26,324', '1,169', '1,1046', '60,63', '48,476', '68,448,450,467,469,746,748,750,752,898,900,1340,1342,1367', '1,97', '1,55', '56,634', '1,1289', '44,668', '1,1236', '49,59', '1,644', '1,312', '53,484', '18,341', '1,300,302,501,503,579', '50,366', '1,18', '1,1', '1,271', '1,11,16,86', '46,204', '1,856,858,1920', '1,151', '48,562', '39,443', '52,767', '47,198', '1,91', '1,6', '1,160', '53,504', '48,588', '1,793', '1,570', '14,152', '1,1050', '1,1011', '42,273', '1,103', '1,48', '1,344', '1,119', '1,358', '1,593', '45,437,445,487', '1,57', '52,569', '37,319', '1,285', '1,337', '1,14', '1,25', '1,328', '37,792', '1,44', '39,444,448,1431,1434,1472', '1,198', '40,271', '49,1501', '1,92', '42,159,161,516', '1,144', '1,5', '1,68,72,1168', '47,791,793,827,829,863,865,899,901,935,937,971,973,1007,1009,1043,1045,1079,1081,1280,1282,1380,1382,1581,1583,1595', '1,659', '1,194,197,702', '1,75,77,86,89,90,93,280,282,1044', '1,1195', '1,31,33,411,414,436', '41,1039', '1,247,249,382', '1,260', '51,819', '42,410', '1,255,306,308', '1,866', '1,12', '1,50', '1,156', '1,171', '40,135', '1,1481', '63,63,97,188', '1,1200', '39,77', '1,169', '1,976', '45,238', '1,1', '1,1386', '45,330,332,908,910,991', '3,35'], 'jobtype': 'Analysis'}
INFO 2024-02-21 22:31:30.640 UTC: 	 Sending the request to the server at cmsweb.cern.ch
DEBUG 2024-02-21 22:31:30.640 UTC: 	 Submitting {'dryrun': 0, 'workflow': 'crab_SkimB4Mu_2023eraC-v3_stream6_Mini', 'saveoutput': 1, 'savelogsflag': 0, 'inputdata': '/ParkingDoubleMuonLowMass6/Run2023C-22Sep2023_v3-v1/MINIAOD', 'primarydataset': '', 'nonvaliddata': 1, 'userfiles': [], 'dbsurl': 'https://cmsweb.cern.ch/dbs/prod/global/DBSReader', 'useparent': 0, 'ignorelocality': 0, 'splitalgo': 'LumiBased', 'algoargs': 50, 'totalunits': 0, 'publication': 1, 'publishdbsurl': 'https://cmsweb.cern.ch/dbs/prod/phys03/DBSWriter', 'publishname2': 'SkimB4Mu_2023eraC-v3_stream6_Mini', 'jobtype': 'Analysis', 'generator': 'pythia', 'addoutputfiles': [], 'maxjobruntime': 1250, 'numcores': 1, 'maxmemory': 2000, 'priority': 10, 'nonprodsw': 1, 'asyncdest': 'T2_IT_Bari', 'requireaccelerator': 0, 'oneEventMode': 0, 'extrajdl': [], 'ignoreglobalblacklist': 1, 'partialdataset': 0, 'inputblocks': [], 'tfileoutfiles': ['TreeData.root'], 'edmoutfiles': [], 'jobarch': 'slc7_amd64_gcc11', 'jobsw': 'CMSSW_13_0_13', 'cacheurl': 'https://cmsweb.cern.ch/S3/crabcache_prod', 'cachefilename': 'c21f585968b676319b78458a8dfff0d78967d784c1d5d78343c5cdc38d3be0e5.tar.gz', 'debugfilename': 'ed85e3dc005bf0644e06b96f1b1c3a9900d33a1b5a1bbc5d6a2a79f01e718ca1.tar.gz', 'runs': ['367095', '367100', '367102', '367103', '367104', '367111', '367112', '367127', '367128', '367129', '367130', '367131', '367133', '367228', '367229', '367230', '367231', '367232', '367234', '367260', '367262', '367263', '367264', '367267', '367269', '367270', '367271', '367312', '367314', '367315', '367334', '367336', '367337', '367355', '367406', '367413', '367415', '367416', '367475', '367477', '367515', '367516', '367552', '367553', '367554', '367615', '367618', '367619', '367661', '367662', '367663', '367665', '367666', '367691', '367696', '367699', '367730', '367742', '367758', '367770', '367771', '367772', '367790', '367831', '367836', '367838', '367840', '367881', '367883', '367884', '367902', '367904', '367905', '367906', '367907', '367908', '367910', '368223', '368224', '368229', '368318', '368320', '368321', '368332', '368333', '368343', '368382', '368384', '368388', '368389', '368400', '368410', '368412', '368423', '368451', '368453', '368454', '368489', '368546', '368547', '368548', '368566', '368567', '368609', '368611', '368613', '368636', '368669', '368670', '368672', '368674', '368675', '368676', '368678', '368684', '368685', '368723', '368724', '368746', '368749', '368753', '368762', '368764', '368765', '368822', '368823'], 'lumis': ['1,564', '45,390', '1,75', '1,64', '1,1082', '51,338', '1,1438', '18,350', '1,2,6,6,11,12,14,15', '1,3', '1,2,6,9,13,126,135,167', '1,149', '1,275', '55,280,285,287,292,294,298,304', '1,34', '1,1', '1,22', '1,996', '1,501', '52,69,72,240', '1,42,49,119,123,271', '10,21', '1,847', '45,322', '1,33', '1,961', '1,135', '53,225,227,269', '1,20', '1,893', '26,324', '1,169', '1,1046', '60,63', '48,476', '68,448,450,467,469,746,748,750,752,898,900,1340,1342,1367', '1,97', '1,55', '56,634', '1,1289', '44,668', '1,1236', '49,59', '1,644', '1,312', '53,484', '18,341', '1,300,302,501,503,579', '50,366', '1,18', '1,1', '1,271', '1,11,16,86', '46,204', '1,856,858,1920', '1,151', '48,562', '39,443', '52,767', '47,198', '1,91', '1,6', '1,160', '53,504', '48,588', '1,793', '1,570', '14,152', '1,1050', '1,1011', '42,273', '1,103', '1,48', '1,344', '1,119', '1,358', '1,593', '45,437,445,487', '1,57', '52,569', '37,319', '1,285', '1,337', '1,14', '1,25', '1,328', '37,792', '1,44', '39,444,448,1431,1434,1472', '1,198', '40,271', '49,1501', '1,92', '42,159,161,516', '1,144', '1,5', '1,68,72,1168', '47,791,793,827,829,863,865,899,901,935,937,971,973,1007,1009,1043,1045,1079,1081,1280,1282,1380,1382,1581,1583,1595', '1,659', '1,194,197,702', '1,75,77,86,89,90,93,280,282,1044', '1,1195', '1,31,33,411,414,436', '41,1039', '1,247,249,382', '1,260', '51,819', '42,410', '1,255,306,308', '1,866', '1,12', '1,50', '1,156', '1,171', '40,135', '1,1481', '63,63,97,188', '1,1200', '39,77', '1,169', '1,976', '45,238', '1,1', '1,1386', '45,330,332,908,910,991', '3,35']} 
DEBUG 2024-02-21 22:31:30.643 UTC: 	 Encoded data for curl request: dryrun=0&workflow=crab_SkimB4Mu_2023eraC-v3_stream6_Mini&saveoutput=1&savelogsflag=0&inputdata=%2FParkingDoubleMuonLowMass6%2FRun2023C-22Sep2023_v3-v1%2FMINIAOD&primarydataset=&nonvaliddata=1&dbsurl=https%3A%2F%2Fcmsweb.cern.ch%2Fdbs%2Fprod%2Fglobal%2FDBSReader&useparent=0&ignorelocality=0&splitalgo=LumiBased&algoargs=50&totalunits=0&publication=1&publishdbsurl=https%3A%2F%2Fcmsweb.cern.ch%2Fdbs%2Fprod%2Fphys03%2FDBSWriter&publishname2=SkimB4Mu_2023eraC-v3_stream6_Mini&jobtype=Analysis&generator=pythia&maxjobruntime=1250&numcores=1&maxmemory=2000&priority=10&nonprodsw=1&asyncdest=T2_IT_Bari&requireaccelerator=0&oneEventMode=0&ignoreglobalblacklist=1&partialdataset=0&jobarch=slc7_amd64_gcc11&jobsw=CMSSW_13_0_13&cacheurl=https%3A%2F%2Fcmsweb.cern.ch%2FS3%2Fcrabcache_prod&cachefilename=c21f585968b676319b78458a8dfff0d78967d784c1d5d78343c5cdc38d3be0e5.tar.gz&debugfilename=ed85e3dc005bf0644e06b96f1b1c3a9900d33a1b5a1bbc5d6a2a79f01e718ca1.tar.gz&tfileoutfiles=TreeData.root&runs=367095&runs=367100&runs=367102&runs=367103&runs=367104&runs=367111&runs=367112&runs=367127&runs=367128&runs=367129&runs=367130&runs=367131&runs=367133&runs=367228&runs=367229&runs=367230&runs=367231&runs=367232&runs=367234&runs=367260&runs=367262&runs=367263&runs=367264&runs=367267&runs=367269&runs=367270&runs=367271&runs=367312&runs=367314&runs=367315&runs=367334&runs=367336&runs=367337&runs=367355&runs=367406&runs=367413&runs=367415&runs=367416&runs=367475&runs=367477&runs=367515&runs=367516&runs=367552&runs=367553&runs=367554&runs=367615&runs=367618&runs=367619&runs=367661&runs=367662&runs=367663&runs=367665&runs=367666&runs=367691&runs=367696&runs=367699&runs=367730&runs=367742&runs=367758&runs=367770&runs=367771&runs=367772&runs=367790&runs=367831&runs=367836&runs=367838&runs=367840&runs=367881&runs=367883&runs=367884&runs=367902&runs=367904&runs=367905&runs=367906&runs=367907&runs=367908&runs=367910&runs=368223&runs=368224&runs=368229&runs=368318&runs=368320&runs=368321&runs=368332&runs=368333&runs=368343&runs=368382&runs=368384&runs=368388&runs=368389&runs=368400&runs=368410&runs=368412&runs=368423&runs=368451&runs=368453&runs=368454&runs=368489&runs=368546&runs=368547&runs=368548&runs=368566&runs=368567&runs=368609&runs=368611&runs=368613&runs=368636&runs=368669&runs=368670&runs=368672&runs=368674&runs=368675&runs=368676&runs=368678&runs=368684&runs=368685&runs=368723&runs=368724&runs=368746&runs=368749&runs=368753&runs=368762&runs=368764&runs=368765&runs=368822&runs=368823&lumis=1%2C564&lumis=45%2C390&lumis=1%2C75&lumis=1%2C64&lumis=1%2C1082&lumis=51%2C338&lumis=1%2C1438&lumis=18%2C350&lumis=1%2C2%2C6%2C6%2C11%2C12%2C14%2C15&lumis=1%2C3&lumis=1%2C2%2C6%2C9%2C13%2C126%2C135%2C167&lumis=1%2C149&lumis=1%2C275&lumis=55%2C280%2C285%2C287%2C292%2C294%2C298%2C304&lumis=1%2C34&lumis=1%2C1&lumis=1%2C22&lumis=1%2C996&lumis=1%2C501&lumis=52%2C69%2C72%2C240&lumis=1%2C42%2C49%2C119%2C123%2C271&lumis=10%2C21&lumis=1%2C847&lumis=45%2C322&lumis=1%2C33&lumis=1%2C961&lumis=1%2C135&lumis=53%2C225%2C227%2C269&lumis=1%2C20&lumis=1%2C893&lumis=26%2C324&lumis=1%2C169&lumis=1%2C1046&lumis=60%2C63&lumis=48%2C476&lumis=68%2C448%2C450%2C467%2C469%2C746%2C748%2C750%2C752%2C898%2C900%2C1340%2C1342%2C1367&lumis=1%2C97&lumis=1%2C55&lumis=56%2C634&lumis=1%2C1289&lumis=44%2C668&lumis=1%2C1236&lumis=49%2C59&lumis=1%2C644&lumis=1%2C312&lumis=53%2C484&lumis=18%2C341&lumis=1%2C300%2C302%2C501%2C503%2C579&lumis=50%2C366&lumis=1%2C18&lumis=1%2C1&lumis=1%2C271&lumis=1%2C11%2C16%2C86&lumis=46%2C204&lumis=1%2C856%2C858%2C1920&lumis=1%2C151&lumis=48%2C562&lumis=39%2C443&lumis=52%2C767&lumis=47%2C198&lumis=1%2C91&lumis=1%2C6&lumis=1%2C160&lumis=53%2C504&lumis=48%2C588&lumis=1%2C793&lumis=1%2C570&lumis=14%2C152&lumis=1%2C1050&lumis=1%2C1011&lumis=42%2C273&lumis=1%2C103&lumis=1%2C48&lumis=1%2C344&lumis=1%2C119&lumis=1%2C358&lumis=1%2C593&lumis=45%2C437%2C445%2C487&lumis=1%2C57&lumis=52%2C569&lumis=37%2C319&lumis=1%2C285&lumis=1%2C337&lumis=1%2C14&lumis=1%2C25&lumis=1%2C328&lumis=37%2C792&lumis=1%2C44&lumis=39%2C444%2C448%2C1431%2C1434%2C1472&lumis=1%2C198&lumis=40%2C271&lumis=49%2C1501&lumis=1%2C92&lumis=42%2C159%2C161%2C516&lumis=1%2C144&lumis=1%2C5&lumis=1%2C68%2C72%2C1168&lumis=47%2C791%2C793%2C827%2C829%2C863%2C865%2C899%2C901%2C935%2C937%2C971%2C973%2C1007%2C1009%2C1043%2C1045%2C1079%2C1081%2C1280%2C1282%2C1380%2C1382%2C1581%2C1583%2C1595&lumis=1%2C659&lumis=1%2C194%2C197%2C702&lumis=1%2C75%2C77%2C86%2C89%2C90%2C93%2C280%2C282%2C1044&lumis=1%2C1195&lumis=1%2C31%2C33%2C411%2C414%2C436&lumis=41%2C1039&lumis=1%2C247%2C249%2C382&lumis=1%2C260&lumis=51%2C819&lumis=42%2C410&lumis=1%2C255%2C306%2C308&lumis=1%2C866&lumis=1%2C12&lumis=1%2C50&lumis=1%2C156&lumis=1%2C171&lumis=40%2C135&lumis=1%2C1481&lumis=63%2C63%2C97%2C188&lumis=1%2C1200&lumis=39%2C77&lumis=1%2C169&lumis=1%2C976&lumis=45%2C238&lumis=1%2C1&lumis=1%2C1386&lumis=45%2C330%2C332%2C908%2C910%2C991&lumis=3%2C35
DEBUG 2024-02-21 22:31:30.842 UTC: 	 Result: {'result': [{'RequestName': '240221_223130:mbuonsan_crab_SkimB4Mu_2023eraC-v3_stream6_Mini'}]}
INFO 2024-02-21 22:31:30.843 UTC: 	 Success: Your task has been delivered to the prod CRAB3 server.
INFO 2024-02-21 22:31:30.843 UTC: 	 Task name: 240221_223130:mbuonsan_crab_SkimB4Mu_2023eraC-v3_stream6_Mini
INFO 2024-02-21 22:31:30.843 UTC: 	 Project dir: crab_projects/crab_SkimB4Mu_2023eraC-v3_stream6_Mini
INFO 2024-02-21 22:31:30.843 UTC: 	 Please use ' crab status -d crab_projects/crab_SkimB4Mu_2023eraC-v3_stream6_Mini ' to check how the submission process proceeds.
DEBUG 2024-02-21 22:31:30.844 UTC: 	 About to return
INFO 2024-02-21 22:31:30.849 UTC: 	 Log file is /lustrehome/mbuonsante/B_4mu/CMSSW_13_0_13/src/B4muNtuplizer/CrabSubmission/2023_eraC-v3/crab_projects/crab_SkimB4Mu_2023eraC-v3_stream6_Mini/crab.log
DEBUG 2024-02-22 20:25:58.221 UTC: 	 CRAB Client version: v3.240110
DEBUG 2024-02-22 20:25:58.222 UTC: 	 Running on: Linux ui02.recas.ba.infn.it 3.10.0-1160.80.1.el7.x86_64 #1 SMP Tue Nov 8 15:48:59 UTC 2022 x86_64 x86_64 x86_64 GNU/Linux - CentOS Linux 7 (Core)
DEBUG 2024-02-22 20:25:58.222 UTC: 	 Executing command: 'resubmit'
DEBUG 2024-02-22 20:25:58.222 UTC: 	 Found CRAB cache file /lustrehome/mbuonsante/.crab3
DEBUG 2024-02-22 20:25:58.235 UTC: 	 Checking credentials
DEBUG 2024-02-22 20:25:58.235 UTC: 	 Found proxy file /tmp/x509up_u881331
DEBUG 2024-02-22 20:25:58.235 UTC: 	 Making sure it has proper VOMS extension
DEBUG 2024-02-22 20:25:58.235 UTC: 	 Executing command :
 voms-proxy-info --vo --file /tmp/x509up_u881331
DEBUG 2024-02-22 20:25:59.458 UTC: 	 output : cms

 error: 
 retcode : 0
DEBUG 2024-02-22 20:25:59.458 UTC: 	 Getting proxy life time left
DEBUG 2024-02-22 20:25:59.458 UTC: 	 Executing command :
 voms-proxy-info --actimeleft --timeleft --file /tmp/x509up_u881331
DEBUG 2024-02-22 20:26:00.535 UTC: 	 output : 400457
400456

 error: 
 retcode : 0
DEBUG 2024-02-22 20:26:00.536 UTC: 	 Proxy valid for 111:14:16 hours
DEBUG 2024-02-22 20:26:00.536 UTC: 	 Encoded data for curl request: subresource=delegatedn
DEBUG 2024-02-22 20:26:00.705 UTC: 	 Registering user credentials on myproxy for /DC=ch/DC=cern/OU=computers/CN=crab-(preprod|prod|dev)-tw(01|02|03).cern.ch|/DC=ch/DC=cern/OU=computers/CN=stefanov(m|m2).cern.ch|/DC=ch/DC=cern/OU=computers/CN=dciangot-tw.cern.ch
DEBUG 2024-02-22 20:26:00.705 UTC: 	 Executing command :
 voms-proxy-info --identity --file /tmp/x509up_u881331
DEBUG 2024-02-22 20:26:01.946 UTC: 	 output : /DC=ch/DC=cern/OU=Organic Units/OU=Users/CN=mbuonsan/CN=866052/CN=Marco Buonsante

 error: 
 retcode : 0
DEBUG 2024-02-22 20:26:01.947 UTC: 	 Getting myproxy life time left for db438794163ae221c16ac5cdc1e476b2bc2ff634
DEBUG 2024-02-22 20:26:01.947 UTC: 	 Executing command :
 myproxy-info -s myproxy.cern.ch -l db438794163ae221c16ac5cdc1e476b2bc2ff634
DEBUG 2024-02-22 20:26:07.378 UTC: 	 output : username: db438794163ae221c16ac5cdc1e476b2bc2ff634
owner: /DC=ch/DC=cern/OU=Organic Units/OU=Users/CN=mbuonsan/CN=866052/CN=Marco Buonsante
  renewal policy: /DC=ch/DC=cern/OU=computers/CN=crab-(preprod|prod|dev)-tw(01|02|03).cern.ch|/DC=ch/DC=cern/OU=computers/CN=stefanov(m|m2).cern.ch|/DC=ch/DC=cern/OU=computers/CN=dciangot-tw.cern.ch
  trusted retrieval policy: /DC=ch/DC=cern/OU=computers/CN=crab-(preprod|prod|dev)-tw(01|02|03).cern.ch|/DC=ch/DC=cern/OU=computers/CN=stefanov(m|m2).cern.ch|/DC=ch/DC=cern/OU=computers/CN=dciangot-tw.cern.ch
  timeleft: 471:15:20  (19.6 days)

 error: 
 retcode : 0
DEBUG 2024-02-22 20:26:07.378 UTC: 	 Myproxy is valid: 1696500
DEBUG 2024-02-22 20:26:07.378 UTC: 	 Result of myproxy credential check:
  Credential exists on myproxy: username: db438794163ae221c16ac5cdc1e476b2bc2ff634  - validity: 19 days, 15:15:00
DEBUG 2024-02-22 20:26:07.379 UTC: 	 Encoded data for curl request: subresource=search&workflow=240221_223130%3Ambuonsan_crab_SkimB4Mu_2023eraC-v3_stream6_Mini
DEBUG 2024-02-22 20:26:07.586 UTC: 	 Command use: resubmit
DEBUG 2024-02-22 20:26:07.586 UTC: 	 Options use: ['-d', 'crab_projects/crab_SkimB4Mu_2023eraC-v3_stream6_Mini']
DEBUG 2024-02-22 20:26:07.587 UTC: 	 Encoded data for curl request: subresource=version
DEBUG 2024-02-22 20:26:07.792 UTC: 	 CRABClient version: v3.240110
DEBUG 2024-02-22 20:26:07.792 UTC: 	 Instance is prod
DEBUG 2024-02-22 20:26:07.792 UTC: 	 Server base url is cmsweb.cern.ch
DEBUG 2024-02-22 20:26:07.792 UTC: 	 Command api workflow
DEBUG 2024-02-22 20:26:07.815 UTC: 	 CRAB Client version: v3.240110
DEBUG 2024-02-22 20:26:07.815 UTC: 	 Running on: Linux ui02.recas.ba.infn.it 3.10.0-1160.80.1.el7.x86_64 #1 SMP Tue Nov 8 15:48:59 UTC 2022 x86_64 x86_64 x86_64 GNU/Linux - CentOS Linux 7 (Core)
DEBUG 2024-02-22 20:26:07.815 UTC: 	 Executing command: 'status'
DEBUG 2024-02-22 20:26:07.815 UTC: 	 Found CRAB cache file /lustrehome/mbuonsante/.crab3
DEBUG 2024-02-22 20:26:07.819 UTC: 	 Checking credentials
DEBUG 2024-02-22 20:26:07.820 UTC: 	 Found proxy file /tmp/x509up_u881331
DEBUG 2024-02-22 20:26:07.820 UTC: 	 Making sure it has proper VOMS extension
DEBUG 2024-02-22 20:26:07.820 UTC: 	 Executing command :
 voms-proxy-info --vo --file /tmp/x509up_u881331
DEBUG 2024-02-22 20:26:09.214 UTC: 	 output : cms

 error: 
 retcode : 0
DEBUG 2024-02-22 20:26:09.214 UTC: 	 Getting proxy life time left
DEBUG 2024-02-22 20:26:09.214 UTC: 	 Executing command :
 voms-proxy-info --actimeleft --timeleft --file /tmp/x509up_u881331
DEBUG 2024-02-22 20:26:10.487 UTC: 	 output : 400447
400446

 error: 
 retcode : 0
DEBUG 2024-02-22 20:26:10.487 UTC: 	 Proxy valid for 111:14:06 hours
DEBUG 2024-02-22 20:26:10.487 UTC: 	 Encoded data for curl request: subresource=delegatedn
DEBUG 2024-02-22 20:26:10.676 UTC: 	 Registering user credentials on myproxy for /DC=ch/DC=cern/OU=computers/CN=crab-(preprod|prod|dev)-tw(01|02|03).cern.ch|/DC=ch/DC=cern/OU=computers/CN=stefanov(m|m2).cern.ch|/DC=ch/DC=cern/OU=computers/CN=dciangot-tw.cern.ch
DEBUG 2024-02-22 20:26:10.677 UTC: 	 Executing command :
 voms-proxy-info --identity --file /tmp/x509up_u881331
DEBUG 2024-02-22 20:26:11.931 UTC: 	 output : /DC=ch/DC=cern/OU=Organic Units/OU=Users/CN=mbuonsan/CN=866052/CN=Marco Buonsante

 error: 
 retcode : 0
DEBUG 2024-02-22 20:26:11.932 UTC: 	 Getting myproxy life time left for db438794163ae221c16ac5cdc1e476b2bc2ff634
DEBUG 2024-02-22 20:26:11.932 UTC: 	 Executing command :
 myproxy-info -s myproxy.cern.ch -l db438794163ae221c16ac5cdc1e476b2bc2ff634
DEBUG 2024-02-22 20:26:12.319 UTC: 	 output : username: db438794163ae221c16ac5cdc1e476b2bc2ff634
owner: /DC=ch/DC=cern/OU=Organic Units/OU=Users/CN=mbuonsan/CN=866052/CN=Marco Buonsante
  renewal policy: /DC=ch/DC=cern/OU=computers/CN=crab-(preprod|prod|dev)-tw(01|02|03).cern.ch|/DC=ch/DC=cern/OU=computers/CN=stefanov(m|m2).cern.ch|/DC=ch/DC=cern/OU=computers/CN=dciangot-tw.cern.ch
  trusted retrieval policy: /DC=ch/DC=cern/OU=computers/CN=crab-(preprod|prod|dev)-tw(01|02|03).cern.ch|/DC=ch/DC=cern/OU=computers/CN=stefanov(m|m2).cern.ch|/DC=ch/DC=cern/OU=computers/CN=dciangot-tw.cern.ch
  timeleft: 471:15:15  (19.6 days)

 error: 
 retcode : 0
DEBUG 2024-02-22 20:26:12.319 UTC: 	 Myproxy is valid: 1696500
DEBUG 2024-02-22 20:26:12.319 UTC: 	 Result of myproxy credential check:
  Credential exists on myproxy: username: db438794163ae221c16ac5cdc1e476b2bc2ff634  - validity: 19 days, 15:15:00
DEBUG 2024-02-22 20:26:12.320 UTC: 	 Retrieving username ...
DEBUG 2024-02-22 20:26:12.320 UTC: 	 Retrieving username from CRIC...
DEBUG 2024-02-22 20:26:13.363 UTC: 	 username is mbuonsan
INFO 2024-02-22 20:26:14.822 UTC: 	 Rucio client intialized for account mbuonsan
DEBUG 2024-02-22 20:26:14.822 UTC: 	 Command use: status
DEBUG 2024-02-22 20:26:14.822 UTC: 	 Options use: []
DEBUG 2024-02-22 20:26:14.823 UTC: 	 Encoded data for curl request: subresource=version
DEBUG 2024-02-22 20:26:15.001 UTC: 	 CRABClient version: v3.240110
DEBUG 2024-02-22 20:26:15.001 UTC: 	 Instance is prod
DEBUG 2024-02-22 20:26:15.002 UTC: 	 Server base url is cmsweb.cern.ch
DEBUG 2024-02-22 20:26:15.002 UTC: 	 Command api workflow
DEBUG 2024-02-22 20:26:15.002 UTC: 	 Encoded data for curl request: subresource=search&workflow=240221_223130%3Ambuonsan_crab_SkimB4Mu_2023eraC-v3_stream6_Mini
DEBUG 2024-02-22 20:26:15.186 UTC: 	 Got information from server oracle database: {'desc': {'columns': ['tm_taskname', 'tm_activity', 'panda_jobset_id', 'tm_task_status', 'tm_task_command', 'tm_start_time', 'tm_start_injection', 'tm_end_injection', 'tm_task_failure', 'tm_job_sw', 'tm_job_arch', 'tm_input_dataset', 'tm_nonvalid_input_dataset', 'tm_use_parent', 'tm_site_whitelist', 'tm_site_blacklist', 'tm_split_algo', 'tm_split_args', 'tm_user_sandbox', 'tm_cache_url', 'tm_username', 'tm_user_dn', 'tm_user_vo', 'tm_user_role', 'tm_user_group', 'tm_publish_name', 'tm_publish_groupname', 'tm_asyncdest', 'tm_dbs_url', 'tm_publish_dbs_url', 'tm_publication', 'tm_outfiles', 'tm_tfile_outfiles', 'tm_edm_outfiles', 'tm_job_type', 'tm_generator', 'tm_events_per_lumi', 'tm_arguments', 'panda_resubmitted_jobs', 'tm_save_logs', 'tw_name', 'tm_user_infiles', 'tm_maxjobruntime', 'tm_numcores', 'tm_maxmemory', 'tm_priority', 'tm_output_dataset', 'tm_task_warnings', 'tm_user_webdir', 'tm_scriptexe', 'tm_scriptargs', 'tm_extrajdl', 'tm_asourl', 'tm_collector', 'tm_schedd', 'tm_dry_run', 'tm_user_files', 'tm_transfer_outputs', 'tm_output_lfn', 'tm_ignore_locality', 'tm_fail_limit', 'tm_one_event_mode', 'tm_secondary_input_dataset', 'tm_primary_dataset', 'tm_last_publication', 'tm_debug_files', 'clusterid', 'tm_asodb', 'tm_ignore_global_blacklist', 'tm_submitter_ip_addr', 'tm_totalunits', 'tm_ddm_reqid', 'tm_user_config', 'tm_transfer_container', 'tm_transfer_rule', 'tm_publish_rule', 'tm_multipub_rule']}, 'result': ['240221_223130:mbuonsan_crab_SkimB4Mu_2023eraC-v3_stream6_Mini', 'None', 'None', 'SUBMITTED', 'SUBMIT', '2024-02-21 22:31:30.819757', 'None', '2024-02-21 22:35:00.974955', 'None', 'CMSSW_13_0_13', 'slc7_amd64_gcc11', '/ParkingDoubleMuonLowMass6/Run2023C-22Sep2023_v3-v1/MINIAOD', 'T', '0', '[]', '[]', 'LumiBased', "{'halt_job_on_file_boundaries': False, 'splitOnRun': False, 'lumis_per_job': 50, 'runs': ['367095', '367100', '367102', '367103', '367104', '367111', '367112', '367127', '367128', '367129', '367130', '367131', '367133', '367228', '367229', '367230', '367231', '367232', '367234', '367260', '367262', '367263', '367264', '367267', '367269', '367270', '367271', '367312', '367314', '367315', '367334', '367336', '367337', '367355', '367406', '367413', '367415', '367416', '367475', '367477', '367515', '367516', '367552', '367553', '367554', '367615', '367618', '367619', '367661', '367662', '367663', '367665', '367666', '367691', '367696', '367699', '367730', '367742', '367758', '367770', '367771', '367772', '367790', '367831', '367836', '367838', '367840', '367881', '367883', '367884', '367902', '367904', '367905', '367906', '367907', '367908', '367910', '368223', '368224', '368229', '368318', '368320', '368321', '368332', '368333', '368343', '368382', '368384', '368388', '368389', '368400', '368410', '368412', '368423', '368451', '368453', '368454', '368489', '368546', '368547', '368548', '368566', '368567', '368609', '368611', '368613', '368636', '368669', '368670', '368672', '368674', '368675', '368676', '368678', '368684', '368685', '368723', '368724', '368746', '368749', '368753', '368762', '368764', '368765', '368822', '368823'], 'lumis': ['1,564', '45,390', '1,75', '1,64', '1,1082', '51,338', '1,1438', '18,350', '1,2,6,6,11,12,14,15', '1,3', '1,2,6,9,13,126,135,167', '1,149', '1,275', '55,280,285,287,292,294,298,304', '1,34', '1,1', '1,22', '1,996', '1,501', '52,69,72,240', '1,42,49,119,123,271', '10,21', '1,847', '45,322', '1,33', '1,961', '1,135', '53,225,227,269', '1,20', '1,893', '26,324', '1,169', '1,1046', '60,63', '48,476', '68,448,450,467,469,746,748,750,752,898,900,1340,1342,1367', '1,97', '1,55', '56,634', '1,1289', '44,668', '1,1236', '49,59', '1,644', '1,312', '53,484', '18,341', '1,300,302,501,503,579', '50,366', '1,18', '1,1', '1,271', '1,11,16,86', '46,204', '1,856,858,1920', '1,151', '48,562', '39,443', '52,767', '47,198', '1,91', '1,6', '1,160', '53,504', '48,588', '1,793', '1,570', '14,152', '1,1050', '1,1011', '42,273', '1,103', '1,48', '1,344', '1,119', '1,358', '1,593', '45,437,445,487', '1,57', '52,569', '37,319', '1,285', '1,337', '1,14', '1,25', '1,328', '37,792', '1,44', '39,444,448,1431,1434,1472', '1,198', '40,271', '49,1501', '1,92', '42,159,161,516', '1,144', '1,5', '1,68,72,1168', '47,791,793,827,829,863,865,899,901,935,937,971,973,1007,1009,1043,1045,1079,1081,1280,1282,1380,1382,1581,1583,1595', '1,659', '1,194,197,702', '1,75,77,86,89,90,93,280,282,1044', '1,1195', '1,31,33,411,414,436', '41,1039', '1,247,249,382', '1,260', '51,819', '42,410', '1,255,306,308', '1,866', '1,12', '1,50', '1,156', '1,171', '40,135', '1,1481', '63,63,97,188', '1,1200', '39,77', '1,169', '1,976', '45,238', '1,1', '1,1386', '45,330,332,908,910,991', '3,35']}", 'c21f585968b676319b78458a8dfff0d78967d784c1d5d78343c5cdc38d3be0e5.tar.gz', 'https://cmsweb.cern.ch/S3/crabcache_prod', 'mbuonsan', '/DC=ch/DC=cern/OU=Organic Units/OU=Users/CN=mbuonsan/CN=866052/CN=Marco Buonsante', 'cms', 'None', 'None', 'SkimB4Mu_2023eraC-v3_stream6_Mini-00000000000000000000000000000000', 'F', 'T2_IT_Bari', 'https://cmsweb.cern.ch/dbs/prod/global/DBSReader', 'https://cmsweb.cern.ch/dbs/prod/phys03/DBSWriter', 'T', '[]', "['TreeData.root']", '[]', 'Analysis', 'pythia', 'None', '{}', 'None', 'F', 'crab-prod-tw01', '[]', '1250', '1', '2000', '10', "['/FakeDataset/fakefile-FakePublish-ee48e3670b6bd3aaf8abc1a799757700/USER']", "['The CRAB3 server got a non-critical error while checking stageout permissions. Please use checkwrite to check if everything is fine.']", 'http://vocms0144.cern.ch/mon/mbuonsan/240221_223130:mbuonsan_crab_SkimB4Mu_2023eraC-v3_stream6_Mini', 'None', '[]', '[]', 'None', 'cmsgwms-collector-global.cern.ch:9620,cmsgwms-collector-global.fnal.gov:9620', 'crab3@vocms0144.cern.ch', 'F', '[]', 'T', '/store/user/mbuonsan/', 'F', 'None', 'F', 'None', 'ParkingDoubleMuonLowMass6', 'None', 'ed85e3dc005bf0644e06b96f1b1c3a9900d33a1b5a1bbc5d6a2a79f01e718ca1.tar.gz', '103686788', 'None', 'T', '188.185.89.202', '0.0', 'None', '{"partialdataset": false, "requireaccelerator": false, "acceleratorparams": null, "inputblocks": null}', 'None', 'None', 'None', 'None']}
INFO 2024-02-22 20:26:15.186 UTC: 	 CRAB project directory:		/lustrehome/mbuonsante/B_4mu/CMSSW_13_0_13/src/B4muNtuplizer/CrabSubmission/2023_eraC-v3/crab_projects/crab_SkimB4Mu_2023eraC-v3_stream6_Mini
INFO 2024-02-22 20:26:15.186 UTC: 	 Task name:			240221_223130:mbuonsan_crab_SkimB4Mu_2023eraC-v3_stream6_Mini
INFO 2024-02-22 20:26:15.186 UTC: 	 Grid scheduler - Task Worker:	crab3@vocms0144.cern.ch - crab-prod-tw01
INFO 2024-02-22 20:26:15.186 UTC: 	 Status on the CRAB server:	SUBMITTED
INFO 2024-02-22 20:26:15.186 UTC: 	 Task URL to use for HELP:	https://cmsweb.cern.ch/crabserver/ui/task/240221_223130%3Ambuonsan_crab_SkimB4Mu_2023eraC-v3_stream6_Mini
INFO 2024-02-22 20:26:15.197 UTC: 	 Dashboard monitoring URL:	https://monit-grafana.cern.ch/d/cmsTMDetail/cms-task-monitoring-task-view?orgId=11&var-user=mbuonsan&var-task=240221_223130%3Ambuonsan_crab_SkimB4Mu_2023eraC-v3_stream6_Mini&from=1708551090000&to=now
WARNING 2024-02-22 20:26:15.197 UTC: 	 Warning:			The CRAB3 server got a non-critical error while checking stageout permissions. Please use checkwrite to check if everything is fine.
DEBUG 2024-02-22 20:26:15.197 UTC: 	 The CRAB server submitted your task to the Grid scheduler (cluster ID: 103686788)
DEBUG 2024-02-22 20:26:15.197 UTC: 	 Webdir is located at http://vocms0144.cern.ch/mon/mbuonsan/240221_223130:mbuonsan_crab_SkimB4Mu_2023eraC-v3_stream6_Mini
DEBUG 2024-02-22 20:26:15.197 UTC: 	 Encoded data for curl request: subresource=webdirprx&workflow=240221_223130%3Ambuonsan_crab_SkimB4Mu_2023eraC-v3_stream6_Mini
DEBUG 2024-02-22 20:26:15.405 UTC: 	 Proxied webdir is located at https://cmsweb.cern.ch:8443/scheddmon/0144/mbuonsan/240221_223130:mbuonsan_crab_SkimB4Mu_2023eraC-v3_stream6_Mini
DEBUG 2024-02-22 20:26:15.405 UTC: 	 Retrieving 'status_cache' file from https://cmsweb.cern.ch:8443/scheddmon/0144/mbuonsan/240221_223130:mbuonsan_crab_SkimB4Mu_2023eraC-v3_stream6_Mini/status_cache.pkl
DEBUG 2024-02-22 20:26:15.405 UTC: 	 Will execute:
curl -sS --capath /etc/grid-security/certificates --cert /tmp/x509up_u881331 --key /tmp/x509up_u881331 -o /tmp/crab_status-cache-dgjouloq.pkl -w %"{http_code}" "https://cmsweb.cern.ch:8443/scheddmon/0144/mbuonsan/240221_223130:mbuonsan_crab_SkimB4Mu_2023eraC-v3_stream6_Mini/status_cache.pkl"
DEBUG 2024-02-22 20:26:15.405 UTC: 	 Executing command :
 curl -sS --capath /etc/grid-security/certificates --cert /tmp/x509up_u881331 --key /tmp/x509up_u881331 -o /tmp/crab_status-cache-dgjouloq.pkl -w %"{http_code}" "https://cmsweb.cern.ch:8443/scheddmon/0144/mbuonsan/240221_223130:mbuonsan_crab_SkimB4Mu_2023eraC-v3_stream6_Mini/status_cache.pkl"
DEBUG 2024-02-22 20:26:15.630 UTC: 	 output : 200
 error: 
 retcode : 0
DEBUG 2024-02-22 20:26:15.630 UTC: 	 exitcode: 0
stdout: 200
stderr: 
error details: 
DEBUG 2024-02-22 20:26:15.631 UTC: 	 Got information from status cache file: {'3': {'Retries': 0, 'Restarts': 0, 'SiteHistory': ['Unknown', 'T2_FI_HIP', 'T2_FI_HIP'], 'ResidentSetSize': [1641368], 'SubmitTimes': [1708554905.0], 'StartTimes': [1708563354.0], 'EndTimes': [1708564930.0], 'TotalUserCpuTimeHistory': [1412], 'TotalSysCpuTimeHistory': [33], 'WallDurations': [8.0, 73.72897458076477, 1576.0], 'JobIds': ['103686790.0'], 'State': 'finished', 'RecordedSite': True}, '1': {'Retries': 0, 'Restarts': 0, 'SiteHistory': ['Unknown', 'T2_FI_HIP', 'T2_FI_HIP'], 'ResidentSetSize': [1322876], 'SubmitTimes': [1708554910.0], 'StartTimes': [1708563356.0], 'EndTimes': [1708564191.0], 'TotalUserCpuTimeHistory': [666], 'TotalSysCpuTimeHistory': [25], 'WallDurations': [9.0, 71.72897458076477, 835.0], 'JobIds': ['103686792.0'], 'State': 'finished', 'RecordedSite': True}, '6': {'Retries': 0, 'Restarts': 0, 'SiteHistory': ['Unknown', 'T1_US_FNAL', 'T1_US_FNAL'], 'ResidentSetSize': [1457520], 'SubmitTimes': [1708554911.0], 'StartTimes': [1708559151.0], 'EndTimes': [1708560556.0], 'TotalUserCpuTimeHistory': [1209], 'TotalSysCpuTimeHistory': [29], 'WallDurations': [9.0, 44.16753172874451, 1405.0], 'JobIds': ['103686793.0'], 'State': 'finished', 'RecordedSite': True}, '2': {'Retries': 0, 'Restarts': 0, 'SiteHistory': ['Unknown', 'T1_US_FNAL', 'T1_US_FNAL'], 'ResidentSetSize': [1565288], 'SubmitTimes': [1708554911.0], 'StartTimes': [1708563382.0], 'EndTimes': [1708564979.0], 'TotalUserCpuTimeHistory': [1412], 'TotalSysCpuTimeHistory': [30], 'WallDurations': [10.0, 45.72897458076477, 1597.0], 'JobIds': ['103686794.0'], 'State': 'finished', 'RecordedSite': True}, '4': {'Retries': 0, 'Restarts': 0, 'SiteHistory': ['Unknown', 'T1_US_FNAL', 'T1_US_FNAL'], 'ResidentSetSize': [1321864], 'SubmitTimes': [1708554911.0], 'StartTimes': [1708563385.0], 'EndTimes': [1708564406.0], 'TotalUserCpuTimeHistory': [862], 'TotalSysCpuTimeHistory': [33], 'WallDurations': [9.0, 42.72897458076477, 1021.0], 'JobIds': ['103686795.0'], 'State': 'finished', 'RecordedSite': True}, '5': {'Retries': 0, 'Restarts': 0, 'SiteHistory': ['Unknown', 'T1_US_FNAL', 'T1_US_FNAL'], 'ResidentSetSize': [1611604], 'SubmitTimes': [1708554911.0], 'StartTimes': [1708563386.0], 'EndTimes': [1708565065.0], 'TotalUserCpuTimeHistory': [1456], 'TotalSysCpuTimeHistory': [38], 'WallDurations': [9.0, 41.72897458076477, 1679.0], 'JobIds': ['103686796.0'], 'State': 'finished', 'RecordedSite': True}, '8': {'Retries': 0, 'Restarts': 0, 'SiteHistory': ['Unknown', 'T1_US_FNAL', 'T1_US_FNAL'], 'ResidentSetSize': [1473904], 'SubmitTimes': [1708554911.0], 'StartTimes': [1708559167.0], 'EndTimes': [1708560429.0], 'TotalUserCpuTimeHistory': [1090], 'TotalSysCpuTimeHistory': [29], 'WallDurations': [9.0, 28.167531728744507, 1262.0], 'JobIds': ['103686797.0'], 'State': 'finished', 'RecordedSite': True}, '9': {'Retries': 0, 'Restarts': 0, 'SiteHistory': ['Unknown', 'T1_US_FNAL', 'T1_US_FNAL'], 'ResidentSetSize': [1272896], 'SubmitTimes': [1708554911.0], 'StartTimes': [1708559208.0], 'EndTimes': [1708559917.0], 'TotalUserCpuTimeHistory': [570], 'TotalSysCpuTimeHistory': [17], 'WallDurations': [9.0, 291.67000555992126, 709.0], 'JobIds': ['103686798.0'], 'State': 'finished', 'RecordedSite': True}, '10': {'Retries': 0, 'Restarts': 0, 'SiteHistory': ['Unknown', 'T1_US_FNAL', 'T1_US_FNAL'], 'ResidentSetSize': [1258496], 'SubmitTimes': [1708554911.0], 'StartTimes': [1708559221.0], 'EndTimes': [1708559961.0], 'TotalUserCpuTimeHistory': [524], 'TotalSysCpuTimeHistory': [17], 'WallDurations': [9.0, 278.67000555992126, 740.0], 'JobIds': ['103686799.0'], 'State': 'finished', 'RecordedSite': True}, '7': {'Retries': 0, 'Restarts': 0, 'SiteHistory': ['Unknown', 'T1_US_FNAL', 'T1_US_FNAL'], 'ResidentSetSize': [1317568], 'SubmitTimes': [1708554911.0], 'StartTimes': [1708559230.0], 'EndTimes': [1708561034.0], 'TotalUserCpuTimeHistory': [1221], 'TotalSysCpuTimeHistory': [30], 'WallDurations': [9.0, 269.67000555992126, 1804.0], 'JobIds': ['103686800.0'], 'State': 'finished', 'RecordedSite': True}, '13': {'Retries': 0, 'Restarts': 0, 'SiteHistory': ['Unknown', 'T2_IT_Legnaro', 'T2_IT_Legnaro'], 'ResidentSetSize': [1555044], 'SubmitTimes': [1708554911.0], 'StartTimes': [1708557218.0], 'EndTimes': [1708558494.0], 'TotalUserCpuTimeHistory': [1157], 'TotalSysCpuTimeHistory': [27], 'WallDurations': [10.0, 158.46516466140747, 1276.0], 'JobIds': ['103686801.0'], 'State': 'finished', 'RecordedSite': True}, '16': {'Retries': 0, 'Restarts': 0, 'SiteHistory': ['Unknown', 'T3_UK_London_RHUL', 'T3_UK_London_RHUL'], 'ResidentSetSize': [1271968], 'SubmitTimes': [1708554911.0], 'StartTimes': [1708555191.0], 'EndTimes': [1708558509.0], 'TotalUserCpuTimeHistory': [2675], 'TotalSysCpuTimeHistory': [122], 'WallDurations': [8.0, 75.04503059387207, 3318.0], 'JobIds': ['103686802.0'], 'State': 'finished', 'RecordedSite': True}, '11': {'Retries': 0, 'Restarts': 0, 'SiteHistory': ['Unknown', 'T1_US_FNAL', 'T1_US_FNAL'], 'ResidentSetSize': [1342220], 'SubmitTimes': [1708554911.0], 'StartTimes': [1708559273.0], 'EndTimes': [1708560782.0], 'TotalUserCpuTimeHistory': [1319], 'TotalSysCpuTimeHistory': [46], 'WallDurations': [9.0, 226.67000555992126, 1509.0], 'JobIds': ['103686803.0'], 'State': 'finished', 'RecordedSite': True}, '12': {'Retries': 0, 'Restarts': 0, 'SiteHistory': ['Unknown', 'T1_US_FNAL', 'T1_US_FNAL'], 'ResidentSetSize': [1329032], 'SubmitTimes': [1708554911.0], 'StartTimes': [1708559285.0], 'EndTimes': [1708560583.0], 'TotalUserCpuTimeHistory': [950], 'TotalSysCpuTimeHistory': [25], 'WallDurations': [9.0, 214.67000555992126, 1298.0], 'JobIds': ['103686804.0'], 'State': 'finished', 'RecordedSite': True}, '18': {'Retries': 0, 'Restarts': 0, 'SiteHistory': ['Unknown', 'T3_UK_London_QMUL', 'T3_UK_London_QMUL'], 'ResidentSetSize': [1231252], 'SubmitTimes': [1708554911.0], 'StartTimes': [1708555265.0], 'EndTimes': [1708557688.0], 'TotalUserCpuTimeHistory': [1966], 'TotalSysCpuTimeHistory': [51], 'WallDurations': [0, 1.0450305938720703, 2423.0], 'JobIds': ['103686805.0'], 'State': 'finished', 'RecordedSite': True}, '14': {'Retries': 0, 'Restarts': 0, 'SiteHistory': ['Unknown', 'T2_IT_Legnaro', 'T2_IT_Legnaro'], 'ResidentSetSize': [1445632], 'SubmitTimes': [1708554911.0], 'StartTimes': [1708557218.0], 'EndTimes': [1708557976.0], 'TotalUserCpuTimeHistory': [675], 'TotalSysCpuTimeHistory': [16], 'WallDurations': [9.0, 158.46516466140747, 758.0], 'JobIds': ['103686806.0'], 'State': 'finished', 'RecordedSite': True}, '17': {'Retries': 0, 'Restarts': 0, 'SiteHistory': ['Unknown', 'T3_UK_London_QMUL', 'T3_UK_London_QMUL'], 'ResidentSetSize': [1224724], 'SubmitTimes': [1708554911.0], 'StartTimes': [1708555302.0], 'EndTimes': [1708557069.0], 'TotalUserCpuTimeHistory': [1526], 'TotalSysCpuTimeHistory': [37], 'WallDurations': [9.0, 264.2817602157593, 1767.0], 'JobIds': ['103686807.0'], 'State': 'finished', 'RecordedSite': True}, '19': {'Retries': 0, 'Restarts': 0, 'SiteHistory': ['Unknown', 'T3_UK_London_QMUL', 'T3_UK_London_QMUL'], 'ResidentSetSize': [1133296], 'SubmitTimes': [1708554911.0], 'StartTimes': [1708555315.0], 'EndTimes': [1708557230.0], 'TotalUserCpuTimeHistory': [1701], 'TotalSysCpuTimeHistory': [44], 'WallDurations': [8.0, 251.28176021575928, 1915.0], 'JobIds': ['103686808.0'], 'State': 'finished', 'RecordedSite': True}, '15': {'Retries': 0, 'Restarts': 0, 'SiteHistory': ['Unknown', 'T3_UK_London_QMUL', 'T3_UK_London_QMUL'], 'ResidentSetSize': [1163184], 'SubmitTimes': [1708554911.0], 'StartTimes': [1708555320.0], 'EndTimes': [1708557437.0], 'TotalUserCpuTimeHistory': [1666], 'TotalSysCpuTimeHistory': [49], 'WallDurations': [8.0, 246.28176021575928, 2117.0], 'JobIds': ['103686809.0'], 'State': 'finished', 'RecordedSite': True}, '20': {'Retries': 0, 'Restarts': 0, 'SiteHistory': ['Unknown', 'T3_UK_London_QMUL', 'T3_UK_London_QMUL'], 'ResidentSetSize': [1257128], 'SubmitTimes': [1708554911.0], 'StartTimes': [1708555417.0], 'EndTimes': [1708558805.0], 'TotalUserCpuTimeHistory': [2554], 'TotalSysCpuTimeHistory': [69], 'WallDurations': [8.0, 149.28176021575928, 3388.0], 'JobIds': ['103686810.0'], 'State': 'finished', 'RecordedSite': True}, '23': {'Retries': 0, 'Restarts': 0, 'SiteHistory': ['Unknown', 'T3_UK_London_QMUL', 'T3_UK_London_QMUL'], 'ResidentSetSize': [1115756], 'SubmitTimes': [1708554911.0], 'StartTimes': [1708555437.0], 'EndTimes': [1708557528.0], 'TotalUserCpuTimeHistory': [1354], 'TotalSysCpuTimeHistory': [47], 'WallDurations': [9.0, 129.28176021575928, 2091.0], 'JobIds': ['103686811.0'], 'State': 'finished', 'RecordedSite': True}, '21': {'Retries': 0, 'Restarts': 0, 'SiteHistory': ['Unknown', 'T3_UK_London_QMUL', 'T3_UK_London_QMUL'], 'ResidentSetSize': [1155592], 'SubmitTimes': [1708554911.0], 'StartTimes': [1708555439.0], 'EndTimes': [1708557562.0], 'TotalUserCpuTimeHistory': [1640], 'TotalSysCpuTimeHistory': [46], 'WallDurations': [9.0, 127.28176021575928, 2123.0], 'JobIds': ['103686812.0'], 'State': 'finished', 'RecordedSite': True}, '25': {'Retries': 0, 'Restarts': 0, 'SiteHistory': ['Unknown', 'T2_UK_SGrid_RALPP', 'T2_UK_SGrid_RALPP'], 'ResidentSetSize': [963636], 'SubmitTimes': [1708554911.0], 'StartTimes': [1708555437.0], 'EndTimes': [1708556288.0], 'TotalUserCpuTimeHistory': [627], 'TotalSysCpuTimeHistory': [21], 'WallDurations': [9.0, 129.28176021575928, 851.0], 'JobIds': ['103686813.0'], 'State': 'finished', 'RecordedSite': True}, '30': {'Retries': 0, 'Restarts': 0, 'SiteHistory': ['Unknown', 'T2_TR_METU', 'T2_TR_METU'], 'ResidentSetSize': [1185640], 'SubmitTimes': [1708554911.0], 'StartTimes': [1708557410.0], 'EndTimes': [1708560885.0], 'TotalUserCpuTimeHistory': [3091], 'TotalSysCpuTimeHistory': [108], 'WallDurations': [9.0, 268.39823818206787, 3475.0], 'JobIds': ['103686814.0'], 'State': 'finished', 'RecordedSite': True}, '29': {'Retries': 0, 'Restarts': 0, 'SiteHistory': ['Unknown', 'T3_UK_London_QMUL', 'T3_UK_London_QMUL'], 'ResidentSetSize': [1209452], 'SubmitTimes': [1708554911.0], 'StartTimes': [1708555438.0], 'EndTimes': [1708557412.0], 'TotalUserCpuTimeHistory': [1637], 'TotalSysCpuTimeHistory': [32], 'WallDurations': [9.0, 128.28176021575928, 1974.0], 'JobIds': ['103686815.0'], 'State': 'finished', 'RecordedSite': True}, '26': {'Retries': 0, 'Restarts': 0, 'SiteHistory': ['Unknown', 'T2_UK_SGrid_RALPP', 'T2_UK_SGrid_RALPP'], 'ResidentSetSize': [1134024], 'SubmitTimes': [1708554911.0], 'StartTimes': [1708555439.0], 'EndTimes': [1708556566.0], 'TotalUserCpuTimeHistory': [732], 'TotalSysCpuTimeHistory': [36], 'WallDurations': [9.0, 127.28176021575928, 1127.0], 'JobIds': ['103686816.0'], 'State': 'finished', 'RecordedSite': True}, '24': {'Retries': 0, 'Restarts': 0, 'SiteHistory': ['Unknown', 'T3_UK_London_QMUL', 'T3_UK_London_QMUL'], 'ResidentSetSize': [972744], 'SubmitTimes': [1708554911.0], 'StartTimes': [1708555438.0], 'EndTimes': [1708556634.0], 'TotalUserCpuTimeHistory': [992], 'TotalSysCpuTimeHistory': [39], 'WallDurations': [9.0, 128.28176021575928, 1196.0], 'JobIds': ['103686817.0'], 'State': 'finished', 'RecordedSite': True}, '27': {'Retries': 0, 'Restarts': 0, 'SiteHistory': ['Unknown', 'T3_UK_London_QMUL', 'T3_UK_London_QMUL'], 'ResidentSetSize': [1266920], 'SubmitTimes': [1708554911.0], 'StartTimes': [1708555441.0], 'EndTimes': [1708557673.0], 'TotalUserCpuTimeHistory': [1759], 'TotalSysCpuTimeHistory': [50], 'WallDurations': [8.0, 125.28176021575928, 2232.0], 'JobIds': ['103686818.0'], 'State': 'finished', 'RecordedSite': True}, '34': {'Retries': 0, 'Restarts': 0, 'SiteHistory': ['Unknown', 'T2_FR_GRIF', 'T2_FR_GRIF'], 'ResidentSetSize': [1460912], 'SubmitTimes': [1708554911.0], 'StartTimes': [1708557207.0], 'EndTimes': [1708559110.0], 'TotalUserCpuTimeHistory': [1435], 'TotalSysCpuTimeHistory': [33], 'WallDurations': [9.0, 169.46516466140747, 1903.0], 'JobIds': ['103686819.0'], 'State': 'finished', 'RecordedSite': True}, '31': {'Retries': 0, 'Restarts': 0, 'SiteHistory': ['Unknown', 'T2_TR_METU', 'T2_TR_METU'], 'ResidentSetSize': [1095608], 'SubmitTimes': [1708554911.0], 'StartTimes': [1708557409.0], 'EndTimes': [1708559922.0], 'TotalUserCpuTimeHistory': [2073], 'TotalSysCpuTimeHistory': [106], 'WallDurations': [10.0, 269.39823818206787, 2513.0], 'JobIds': ['103686820.0'], 'State': 'finished', 'RecordedSite': True}, '32': {'Retries': 0, 'Restarts': 0, 'SiteHistory': ['Unknown', 'T2_HU_Budapest', 'T2_HU_Budapest'], 'ResidentSetSize': [1595400], 'SubmitTimes': [1708554911.0], 'StartTimes': [1708554972.0], 'EndTimes': [1708555819.0], 'TotalUserCpuTimeHistory': [723], 'TotalSysCpuTimeHistory': [24], 'WallDurations': [8.0, 294.04503059387207, 847.0], 'JobIds': ['103686821.0'], 'State': 'finished', 'RecordedSite': True}, '38': {'Retries': 0, 'Restarts': 0, 'SiteHistory': ['Unknown', 'T2_FR_GRIF', 'T2_FR_GRIF'], 'ResidentSetSize': [1332004], 'SubmitTimes': [1708554911.0], 'StartTimes': [1708557218.0], 'EndTimes': [1708559980.0], 'TotalUserCpuTimeHistory': [2325], 'TotalSysCpuTimeHistory': [79], 'WallDurations': [9.0, 158.46516466140747, 2762.0], 'JobIds': ['103686822.0'], 'State': 'finished', 'RecordedSite': True}, '28': {'Retries': 0, 'Restarts': 0, 'SiteHistory': ['Unknown', 'T3_UK_London_QMUL', 'T3_UK_London_QMUL'], 'ResidentSetSize': [1233600], 'SubmitTimes': [1708554911.0], 'StartTimes': [1708555438.0], 'EndTimes': [1708558820.0], 'TotalUserCpuTimeHistory': [2627], 'TotalSysCpuTimeHistory': [73], 'WallDurations': [9.0, 128.28176021575928, 3382.0], 'JobIds': ['103686823.0'], 'State': 'finished', 'RecordedSite': True}, '33': {'Retries': 1, 'Restarts': 0, 'SiteHistory': ['Unknown', 'T2_FR_GRIF', 'T2_FR_GRIF', 'T1_US_FNAL', 'T1_US_FNAL'], 'ResidentSetSize': [1192140, 1283416], 'SubmitTimes': [1708554911.0, 1708563771.0], 'StartTimes': [1708557217.0, 1708563776.0], 'EndTimes': [1708561897.0, 1708564509.0], 'TotalUserCpuTimeHistory': [498, 569], 'TotalSysCpuTimeHistory': [36, 20], 'WallDurations': [9.0, 159.46516466140747, 4680.0, 9.0, 733.0], 'JobIds': ['103686824.0', '103689306.0'], 'State': 'finished', 'RecordedSite': True}, '35': {'Retries': 0, 'Restarts': 0, 'SiteHistory': ['Unknown', 'T2_FR_GRIF', 'T2_FR_GRIF'], 'ResidentSetSize': [69180], 'SubmitTimes': [1708554911.0], 'StartTimes': [1708557218.0], 'EndTimes': [1708557452.0], 'TotalUserCpuTimeHistory': [147], 'TotalSysCpuTimeHistory': [10], 'WallDurations': [9.0, 158.46516466140747, 234.0], 'JobIds': ['103686825.0'], 'State': 'finished', 'RecordedSite': True}, '36': {'Retries': 0, 'Restarts': 0, 'SiteHistory': ['Unknown', 'T2_FR_GRIF', 'T2_FR_GRIF'], 'ResidentSetSize': [1285096], 'SubmitTimes': [1708554912.0], 'StartTimes': [1708557216.0], 'EndTimes': [1708559587.0], 'TotalUserCpuTimeHistory': [2072], 'TotalSysCpuTimeHistory': [66], 'WallDurations': [9.0, 160.46516466140747, 2371.0], 'JobIds': ['103686826.0'], 'State': 'finished', 'RecordedSite': True}, '37': {'Retries': 0, 'Restarts': 0, 'SiteHistory': ['Unknown', 'T2_FR_GRIF', 'T2_FR_GRIF'], 'ResidentSetSize': [1592844], 'SubmitTimes': [1708554912.0], 'StartTimes': [1708557217.0], 'EndTimes': [1708558859.0], 'TotalUserCpuTimeHistory': [1429], 'TotalSysCpuTimeHistory': [41], 'WallDurations': [9.0, 159.46516466140747, 1642.0], 'JobIds': ['103686827.0'], 'State': 'finished', 'RecordedSite': True}, '41': {'Retries': 0, 'Restarts': 0, 'SiteHistory': ['Unknown', 'T2_FR_GRIF', 'T2_FR_GRIF'], 'ResidentSetSize': [1383588], 'SubmitTimes': [1708554912.0], 'StartTimes': [1708557217.0], 'EndTimes': [1708559144.0], 'TotalUserCpuTimeHistory': [1587], 'TotalSysCpuTimeHistory': [51], 'WallDurations': [8.0, 159.46516466140747, 1927.0], 'JobIds': ['103686828.0'], 'State': 'finished', 'RecordedSite': True}, '39': {'Retries': 0, 'Restarts': 0, 'SiteHistory': ['Unknown', 'T2_FR_GRIF', 'T2_FR_GRIF'], 'ResidentSetSize': [1601788], 'SubmitTimes': [1708554912.0], 'StartTimes': [1708557219.0], 'EndTimes': [1708559638.0], 'TotalUserCpuTimeHistory': [2042], 'TotalSysCpuTimeHistory': [62], 'WallDurations': [9.0, 157.46516466140747, 2419.0], 'JobIds': ['103686829.0'], 'State': 'finished', 'RecordedSite': True}, '45': {'Retries': 0, 'Restarts': 0, 'SiteHistory': ['Unknown', 'T2_FR_GRIF', 'T2_FR_GRIF'], 'ResidentSetSize': [1423612], 'SubmitTimes': [1708554912.0], 'StartTimes': [1708557224.0], 'EndTimes': [1708560166.0], 'TotalUserCpuTimeHistory': [2459], 'TotalSysCpuTimeHistory': [79], 'WallDurations': [10.0, 152.46516466140747, 2942.0], 'JobIds': ['103686830.0'], 'State': 'finished', 'RecordedSite': True}, '40': {'Retries': 0, 'Restarts': 0, 'SiteHistory': ['Unknown', 'T2_FR_GRIF', 'T2_FR_GRIF'], 'ResidentSetSize': [1603936], 'SubmitTimes': [1708554912.0], 'StartTimes': [1708557224.0], 'EndTimes': [1708558950.0], 'TotalUserCpuTimeHistory': [1446], 'TotalSysCpuTimeHistory': [48], 'WallDurations': [9.0, 152.46516466140747, 1726.0], 'JobIds': ['103686831.0'], 'State': 'finished', 'RecordedSite': True}, '43': {'Retries': 0, 'Restarts': 0, 'SiteHistory': ['Unknown', 'T2_FR_GRIF', 'T2_FR_GRIF'], 'ResidentSetSize': [1423068], 'SubmitTimes': [1708554912.0], 'StartTimes': [1708557224.0], 'EndTimes': [1708558803.0], 'TotalUserCpuTimeHistory': [1318], 'TotalSysCpuTimeHistory': [43], 'WallDurations': [9.0, 152.46516466140747, 1579.0], 'JobIds': ['103686832.0'], 'State': 'finished', 'RecordedSite': True}, '42': {'Retries': 0, 'Restarts': 0, 'SiteHistory': ['Unknown', 'T2_FR_GRIF', 'T2_FR_GRIF'], 'ResidentSetSize': [1467480], 'SubmitTimes': [1708554912.0], 'StartTimes': [1708557226.0], 'EndTimes': [1708559160.0], 'TotalUserCpuTimeHistory': [1625], 'TotalSysCpuTimeHistory': [67], 'WallDurations': [9.0, 150.46516466140747, 1934.0], 'JobIds': ['103686833.0'], 'State': 'finished', 'RecordedSite': True}, '47': {'Retries': 0, 'Restarts': 0, 'SiteHistory': ['Unknown', 'T2_FR_GRIF', 'T2_FR_GRIF'], 'ResidentSetSize': [1404232], 'SubmitTimes': [1708554912.0], 'StartTimes': [1708557225.0], 'EndTimes': [1708559899.0], 'TotalUserCpuTimeHistory': [2287], 'TotalSysCpuTimeHistory': [69], 'WallDurations': [8.0, 151.46516466140747, 2674.0], 'JobIds': ['103686834.0'], 'State': 'finished', 'RecordedSite': True}, '49': {'Retries': 0, 'Restarts': 0, 'SiteHistory': ['Unknown', 'T2_FR_GRIF', 'T2_FR_GRIF'], 'ResidentSetSize': [1257228], 'SubmitTimes': [1708554912.0], 'StartTimes': [1708557227.0], 'EndTimes': [1708559385.0], 'TotalUserCpuTimeHistory': [1797], 'TotalSysCpuTimeHistory': [82], 'WallDurations': [8.0, 149.46516466140747, 2158.0], 'JobIds': ['103686835.0'], 'State': 'finished', 'RecordedSite': True}, '44': {'Retries': 0, 'Restarts': 0, 'SiteHistory': ['Unknown', 'T2_FR_GRIF', 'T2_FR_GRIF'], 'ResidentSetSize': [1580996], 'SubmitTimes': [1708554912.0], 'StartTimes': [1708557225.0], 'EndTimes': [1708559558.0], 'TotalUserCpuTimeHistory': [2032], 'TotalSysCpuTimeHistory': [58], 'WallDurations': [9.0, 151.46516466140747, 2333.0], 'JobIds': ['103686836.0'], 'State': 'finished', 'RecordedSite': True}, '46': {'Retries': 0, 'Restarts': 0, 'SiteHistory': ['Unknown', 'T2_FR_GRIF', 'T2_FR_GRIF'], 'ResidentSetSize': [1487668], 'SubmitTimes': [1708554912.0], 'StartTimes': [1708557227.0], 'EndTimes': [1708558722.0], 'TotalUserCpuTimeHistory': [1291], 'TotalSysCpuTimeHistory': [37], 'WallDurations': [8.0, 149.46516466140747, 1495.0], 'JobIds': ['103686837.0'], 'State': 'finished', 'RecordedSite': True}, '51': {'Retries': 0, 'Restarts': 0, 'SiteHistory': ['Unknown', 'T2_FR_GRIF', 'T2_FR_GRIF'], 'ResidentSetSize': [1557048], 'SubmitTimes': [1708554912.0], 'StartTimes': [1708557228.0], 'EndTimes': [1708559344.0], 'TotalUserCpuTimeHistory': [1840], 'TotalSysCpuTimeHistory': [49], 'WallDurations': [8.0, 148.46516466140747, 2116.0], 'JobIds': ['103686838.0'], 'State': 'finished', 'RecordedSite': True}, '52': {'Retries': 0, 'Restarts': 0, 'SiteHistory': ['Unknown', 'T2_FR_GRIF', 'T2_FR_GRIF'], 'ResidentSetSize': [1253288], 'SubmitTimes': [1708554912.0], 'StartTimes': [1708557227.0], 'EndTimes': [1708561821.0], 'TotalUserCpuTimeHistory': [1753], 'TotalSysCpuTimeHistory': [73], 'WallDurations': [9.0, 149.46516466140747, 4594.0], 'JobIds': ['103686839.0'], 'State': 'finished', 'RecordedSite': True}, '50': {'Retries': 0, 'Restarts': 0, 'SiteHistory': ['Unknown', 'T2_FR_GRIF', 'T2_FR_GRIF'], 'ResidentSetSize': [1135836], 'SubmitTimes': [1708554912.0], 'StartTimes': [1708557228.0], 'EndTimes': [1708558839.0], 'TotalUserCpuTimeHistory': [1276], 'TotalSysCpuTimeHistory': [66], 'WallDurations': [8.0, 148.46516466140747, 1611.0], 'JobIds': ['103686840.0'], 'State': 'finished', 'RecordedSite': True}, '48': {'Retries': 0, 'Restarts': 0, 'SiteHistory': ['Unknown', 'T2_FR_GRIF', 'T2_FR_GRIF'], 'ResidentSetSize': [1568740], 'SubmitTimes': [1708554912.0], 'StartTimes': [1708557228.0], 'EndTimes': [1708559422.0], 'TotalUserCpuTimeHistory': [1950], 'TotalSysCpuTimeHistory': [47], 'WallDurations': [9.0, 148.46516466140747, 2194.0], 'JobIds': ['103686841.0'], 'State': 'finished', 'RecordedSite': True}, '54': {'Retries': 0, 'Restarts': 0, 'SiteHistory': ['Unknown', 'T2_FR_GRIF', 'T2_FR_GRIF'], 'ResidentSetSize': [1230852], 'SubmitTimes': [1708554912.0], 'StartTimes': [1708557406.0], 'EndTimes': [1708557561.0], 'TotalUserCpuTimeHistory': [82], 'TotalSysCpuTimeHistory': [7], 'WallDurations': [155.0, 272.39823818206787, 272.39823818206787], 'JobIds': ['103686842.0'], 'State': 'finished', 'RecordedSite': True}, '53': {'Retries': 0, 'Restarts': 0, 'SiteHistory': ['Unknown', 'T2_FR_GRIF', 'T2_FR_GRIF'], 'ResidentSetSize': [1247928], 'SubmitTimes': [1708554912.0], 'StartTimes': [1708557407.0], 'EndTimes': [1708557804.0], 'TotalUserCpuTimeHistory': [326], 'TotalSysCpuTimeHistory': [13], 'WallDurations': [9.0, 271.39823818206787, 397.0], 'JobIds': ['103686843.0'], 'State': 'finished', 'RecordedSite': True}, '55': {'Retries': 0, 'Restarts': 0, 'SiteHistory': ['Unknown', 'T1_US_FNAL', 'T1_US_FNAL'], 'ResidentSetSize': [1477252], 'SubmitTimes': [1708554912.0], 'StartTimes': [1708559311.0], 'EndTimes': [1708560700.0], 'TotalUserCpuTimeHistory': [1194], 'TotalSysCpuTimeHistory': [30], 'WallDurations': [9.0, 188.67000555992126, 1389.0], 'JobIds': ['103686844.0'], 'State': 'finished', 'RecordedSite': True}, '56': {'Retries': 0, 'Restarts': 0, 'SiteHistory': ['Unknown', 'T1_US_FNAL', 'T1_US_FNAL'], 'ResidentSetSize': [1309736], 'SubmitTimes': [1708554912.0], 'StartTimes': [1708559333.0], 'EndTimes': [1708560298.0], 'TotalUserCpuTimeHistory': [874], 'TotalSysCpuTimeHistory': [22], 'WallDurations': [10.0, 166.67000555992126, 965.0], 'JobIds': ['103686845.0'], 'State': 'finished', 'RecordedSite': True}, '58': {'Retries': 0, 'Restarts': 0, 'SiteHistory': ['Unknown', 'T2_ES_CIEMAT', 'T2_ES_CIEMAT'], 'ResidentSetSize': [1327256], 'SubmitTimes': [1708554912.0], 'StartTimes': [1708557228.0], 'EndTimes': [1708558181.0], 'TotalUserCpuTimeHistory': [840], 'TotalSysCpuTimeHistory': [32], 'WallDurations': [8.0, 148.46516466140747, 953.0], 'JobIds': ['103686846.0'], 'State': 'finished', 'RecordedSite': True}, '59': {'Retries': 0, 'Restarts': 0, 'SiteHistory': ['Unknown', 'T2_ES_CIEMAT', 'T2_ES_CIEMAT'], 'ResidentSetSize': [1482708], 'SubmitTimes': [1708554912.0], 'StartTimes': [1708557229.0], 'EndTimes': [1708558324.0], 'TotalUserCpuTimeHistory': [965], 'TotalSysCpuTimeHistory': [42], 'WallDurations': [10.0, 147.46516466140747, 1095.0], 'JobIds': ['103686847.0'], 'State': 'finished', 'RecordedSite': True}, '57': {'Retries': 0, 'Restarts': 0, 'SiteHistory': ['Unknown', 'T2_ES_IFCA', 'T2_ES_IFCA'], 'ResidentSetSize': [1334800], 'SubmitTimes': [1708554912.0], 'StartTimes': [1708557307.0], 'EndTimes': [1708560397.0], 'TotalUserCpuTimeHistory': [721], 'TotalSysCpuTimeHistory': [43], 'WallDurations': [8.0, 69.46516466140747, 3090.0], 'JobIds': ['103686848.0'], 'State': 'finished', 'RecordedSite': True}, '60': {'Retries': 0, 'Restarts': 0, 'SiteHistory': ['Unknown', 'T2_ES_CIEMAT', 'T2_ES_CIEMAT'], 'ResidentSetSize': [1465296], 'SubmitTimes': [1708554912.0], 'StartTimes': [1708557228.0], 'EndTimes': [1708558627.0], 'TotalUserCpuTimeHistory': [1276], 'TotalSysCpuTimeHistory': [38], 'WallDurations': [8.0, 148.46516466140747, 1399.0], 'JobIds': ['103686849.0'], 'State': 'finished', 'RecordedSite': True}, '65': {'Retries': 0, 'Restarts': 0, 'SiteHistory': ['Unknown', 'T2_ES_CIEMAT', 'T2_ES_CIEMAT'], 'ResidentSetSize': [1329332], 'SubmitTimes': [1708554912.0], 'StartTimes': [1708557450.0], 'EndTimes': [1708558829.0], 'TotalUserCpuTimeHistory': [1250], 'TotalSysCpuTimeHistory': [35], 'WallDurations': [9.0, 228.39823818206787, 1379.0], 'JobIds': ['103686850.0'], 'State': 'finished', 'RecordedSite': True}, '63': {'Retries': 0, 'Restarts': 0, 'SiteHistory': ['Unknown', 'T2_ES_CIEMAT', 'T2_ES_CIEMAT'], 'ResidentSetSize': [1329344], 'SubmitTimes': [1708554912.0], 'StartTimes': [1708557587.0], 'EndTimes': [1708558513.0], 'TotalUserCpuTimeHistory': [792], 'TotalSysCpuTimeHistory': [35], 'WallDurations': [10.0, 91.39823818206787, 926.0], 'JobIds': ['103686851.0'], 'State': 'finished', 'RecordedSite': True}, '64': {'Retries': 0, 'Restarts': 0, 'SiteHistory': ['Unknown', 'T2_ES_CIEMAT', 'T2_ES_CIEMAT'], 'ResidentSetSize': [1292504], 'SubmitTimes': [1708554912.0], 'StartTimes': [1708557897.0], 'EndTimes': [1708558862.0], 'TotalUserCpuTimeHistory': [860], 'TotalSysCpuTimeHistory': [34], 'WallDurations': [9.0, 84.53304696083069, 965.0], 'JobIds': ['103686852.0'], 'State': 'finished', 'RecordedSite': True}, '61': {'Retries': 0, 'Restarts': 0, 'SiteHistory': ['Unknown', 'T2_ES_CIEMAT', 'T2_ES_CIEMAT'], 'ResidentSetSize': [1471720], 'SubmitTimes': [1708554912.0], 'StartTimes': [1708558026.0], 'EndTimes': [1708559612.0], 'TotalUserCpuTimeHistory': [1436], 'TotalSysCpuTimeHistory': [43], 'WallDurations': [9.0, 259.3521656990051, 1586.0], 'JobIds': ['103686853.0'], 'State': 'finished', 'RecordedSite': True}, '67': {'Retries': 0, 'Restarts': 0, 'SiteHistory': ['Unknown', 'T2_ES_CIEMAT', 'T2_ES_CIEMAT'], 'ResidentSetSize': [1467928], 'SubmitTimes': [1708554912.0], 'StartTimes': [1708558060.0], 'EndTimes': [1708559497.0], 'TotalUserCpuTimeHistory': [1300], 'TotalSysCpuTimeHistory': [31], 'WallDurations': [9.0, 225.35216569900513, 1437.0], 'JobIds': ['103686854.0'], 'State': 'finished', 'RecordedSite': True}, '66': {'Retries': 0, 'Restarts': 0, 'SiteHistory': ['Unknown', 'T2_ES_CIEMAT', 'T2_ES_CIEMAT'], 'ResidentSetSize': [1457504], 'SubmitTimes': [1708554912.0], 'StartTimes': [1708558093.0], 'EndTimes': [1708559733.0], 'TotalUserCpuTimeHistory': [1470], 'TotalSysCpuTimeHistory': [33], 'WallDurations': [9.0, 192.35216569900513, 1640.0], 'JobIds': ['103686855.0'], 'State': 'finished', 'RecordedSite': True}, '68': {'Retries': 0, 'Restarts': 0, 'SiteHistory': ['Unknown', 'T2_ES_CIEMAT', 'T2_ES_CIEMAT'], 'ResidentSetSize': [1475212], 'SubmitTimes': [1708554912.0], 'StartTimes': [1708558145.0], 'EndTimes': [1708559806.0], 'TotalUserCpuTimeHistory': [1450], 'TotalSysCpuTimeHistory': [40], 'WallDurations': [9.0, 140.35216569900513, 1661.0], 'JobIds': ['103686856.0'], 'State': 'finished', 'RecordedSite': True}, '62': {'Retries': 0, 'Restarts': 0, 'SiteHistory': ['Unknown', 'T2_ES_CIEMAT', 'T2_ES_CIEMAT'], 'ResidentSetSize': [1328832], 'SubmitTimes': [1708554912.0], 'StartTimes': [1708558185.0], 'EndTimes': [1708560139.0], 'TotalUserCpuTimeHistory': [1468], 'TotalSysCpuTimeHistory': [52], 'WallDurations': [9.0, 100.35216569900513, 1954.0], 'JobIds': ['103686857.0'], 'State': 'finished', 'RecordedSite': True}, '69': {'Retries': 0, 'Restarts': 0, 'SiteHistory': ['Unknown', 'T2_ES_CIEMAT', 'T2_ES_CIEMAT'], 'ResidentSetSize': [1326160], 'SubmitTimes': [1708554912.0], 'StartTimes': [1708558197.0], 'EndTimes': [1708559487.0], 'TotalUserCpuTimeHistory': [1177], 'TotalSysCpuTimeHistory': [28], 'WallDurations': [8.0, 88.35216569900513, 1290.0], 'JobIds': ['103686858.0'], 'State': 'finished', 'RecordedSite': True}, '70': {'Retries': 0, 'Restarts': 0, 'SiteHistory': ['Unknown', 'T2_ES_CIEMAT', 'T2_ES_CIEMAT'], 'ResidentSetSize': [1393360], 'SubmitTimes': [1708554912.0], 'StartTimes': [1708558237.0], 'EndTimes': [1708559095.0], 'TotalUserCpuTimeHistory': [763], 'TotalSysCpuTimeHistory': [22], 'WallDurations': [8.0, 48.35216569900513, 858.0], 'JobIds': ['103686859.0'], 'State': 'finished', 'RecordedSite': True}, '71': {'Retries': 0, 'Restarts': 0, 'SiteHistory': ['Unknown', 'T2_ES_CIEMAT', 'T2_ES_CIEMAT'], 'ResidentSetSize': [1275356], 'SubmitTimes': [1708554912.0], 'StartTimes': [1708558253.0], 'EndTimes': [1708559212.0], 'TotalUserCpuTimeHistory': [877], 'TotalSysCpuTimeHistory': [24], 'WallDurations': [9.0, 32.35216569900513, 959.0], 'JobIds': ['103686860.0'], 'State': 'finished', 'RecordedSite': True}, '72': {'Retries': 0, 'Restarts': 0, 'SiteHistory': ['Unknown', 'T2_ES_CIEMAT', 'T2_ES_CIEMAT'], 'ResidentSetSize': [1269784], 'SubmitTimes': [1708554912.0], 'StartTimes': [1708558313.0], 'EndTimes': [1708559378.0], 'TotalUserCpuTimeHistory': [954], 'TotalSysCpuTimeHistory': [32], 'WallDurations': [8.0, 275.51190066337585, 1065.0], 'JobIds': ['103686861.0'], 'State': 'finished', 'RecordedSite': True}, '73': {'Retries': 0, 'Restarts': 0, 'SiteHistory': ['Unknown', 'T2_ES_CIEMAT', 'T2_ES_CIEMAT'], 'ResidentSetSize': [1278984], 'SubmitTimes': [1708554912.0], 'StartTimes': [1708558327.0], 'EndTimes': [1708559320.0], 'TotalUserCpuTimeHistory': [887], 'TotalSysCpuTimeHistory': [29], 'WallDurations': [9.0, 261.51190066337585, 993.0], 'JobIds': ['103686862.0'], 'State': 'finished', 'RecordedSite': True}, '74': {'Retries': 0, 'Restarts': 0, 'SiteHistory': ['Unknown', 'T2_ES_CIEMAT', 'T2_ES_CIEMAT'], 'ResidentSetSize': [1297800], 'SubmitTimes': [1708554912.0], 'StartTimes': [1708558366.0], 'EndTimes': [1708559358.0], 'TotalUserCpuTimeHistory': [881], 'TotalSysCpuTimeHistory': [29], 'WallDurations': [9.0, 222.51190066337585, 992.0], 'JobIds': ['103686863.0'], 'State': 'finished', 'RecordedSite': True}, '77': {'Retries': 0, 'Restarts': 0, 'SiteHistory': ['Unknown', 'T2_ES_CIEMAT', 'T2_ES_CIEMAT'], 'ResidentSetSize': [1414984], 'SubmitTimes': [1708554913.0], 'StartTimes': [1708558383.0], 'EndTimes': [1708559160.0], 'TotalUserCpuTimeHistory': [668], 'TotalSysCpuTimeHistory': [27], 'WallDurations': [9.0, 205.51190066337585, 777.0], 'JobIds': ['103686864.0'], 'State': 'finished', 'RecordedSite': True}, '79': {'Retries': 0, 'Restarts': 0, 'SiteHistory': ['Unknown', 'T2_ES_CIEMAT', 'T2_ES_CIEMAT'], 'ResidentSetSize': [1285628], 'SubmitTimes': [1708554914.0], 'StartTimes': [1708558424.0], 'EndTimes': [1708559475.0], 'TotalUserCpuTimeHistory': [945], 'TotalSysCpuTimeHistory': [34], 'WallDurations': [9.0, 164.51190066337585, 1051.0], 'JobIds': ['103686865.0'], 'State': 'finished', 'RecordedSite': True}, '75': {'Retries': 0, 'Restarts': 0, 'SiteHistory': ['Unknown', 'T2_ES_CIEMAT', 'T2_ES_CIEMAT'], 'ResidentSetSize': [1327280], 'SubmitTimes': [1708554914.0], 'StartTimes': [1708558426.0], 'EndTimes': [1708559513.0], 'TotalUserCpuTimeHistory': [963], 'TotalSysCpuTimeHistory': [33], 'WallDurations': [8.0, 162.51190066337585, 1087.0], 'JobIds': ['103686867.0'], 'State': 'finished', 'RecordedSite': True}, '78': {'Retries': 0, 'Restarts': 0, 'SiteHistory': ['Unknown', 'T2_ES_CIEMAT', 'T2_ES_CIEMAT'], 'ResidentSetSize': [1245184], 'SubmitTimes': [1708554914.0], 'StartTimes': [1708558469.0], 'EndTimes': [1708559425.0], 'TotalUserCpuTimeHistory': [861], 'TotalSysCpuTimeHistory': [26], 'WallDurations': [10.0, 119.51190066337585, 956.0], 'JobIds': ['103686868.0'], 'State': 'finished', 'RecordedSite': True}, '81': {'Retries': 1, 'Restarts': 0, 'SiteHistory': ['Unknown', 'T2_ES_CIEMAT', 'T2_ES_CIEMAT', 'T1_US_FNAL', 'T1_US_FNAL'], 'ResidentSetSize': [1317952, 1493040], 'SubmitTimes': [1708554914.0, 1708563404.0], 'StartTimes': [1708558474.0, 1708563414.0], 'EndTimes': [1708559731.0, 1708565583.0], 'TotalUserCpuTimeHistory': [1145, 1945], 'TotalSysCpuTimeHistory': [27, 50], 'WallDurations': [8.0, 114.51190066337585, 1257.0, 9.0, 2169.0], 'JobIds': ['103686869.0', '103689294.0'], 'State': 'finished', 'RecordedSite': True}, '76': {'Retries': 0, 'Restarts': 0, 'SiteHistory': ['Unknown', 'T2_ES_CIEMAT', 'T2_ES_CIEMAT'], 'ResidentSetSize': [1253404], 'SubmitTimes': [1708554914.0], 'StartTimes': [1708558505.0], 'EndTimes': [1708559505.0], 'TotalUserCpuTimeHistory': [890], 'TotalSysCpuTimeHistory': [25], 'WallDurations': [8.0, 83.51190066337585, 1000.0], 'JobIds': ['103686870.0'], 'State': 'finished', 'RecordedSite': True}, '83': {'Retries': 0, 'Restarts': 0, 'SiteHistory': ['Unknown', 'T1_DE_KIT', 'T1_DE_KIT'], 'ResidentSetSize': [1432708], 'SubmitTimes': [1708554914.0], 'StartTimes': [1708557445.0], 'EndTimes': [1708559492.0], 'TotalUserCpuTimeHistory': [1877], 'TotalSysCpuTimeHistory': [66], 'WallDurations': [8.0, 233.39823818206787, 2047.0], 'JobIds': ['103686871.0'], 'State': 'finished', 'RecordedSite': True}, '80': {'Retries': 0, 'Restarts': 0, 'SiteHistory': ['Unknown', 'T2_ES_CIEMAT', 'T2_ES_CIEMAT'], 'ResidentSetSize': [1310364], 'SubmitTimes': [1708554914.0], 'StartTimes': [1708558511.0], 'EndTimes': [1708560105.0], 'TotalUserCpuTimeHistory': [1449], 'TotalSysCpuTimeHistory': [45], 'WallDurations': [9.0, 77.51190066337585, 1594.0], 'JobIds': ['103686872.0'], 'State': 'finished', 'RecordedSite': True}, '87': {'Retries': 0, 'Restarts': 0, 'SiteHistory': ['Unknown', 'T2_DE_RWTH', 'T2_DE_RWTH'], 'ResidentSetSize': [1442104], 'SubmitTimes': [1708554914.0], 'StartTimes': [1708557217.0], 'EndTimes': [1708557982.0], 'TotalUserCpuTimeHistory': [587], 'TotalSysCpuTimeHistory': [15], 'WallDurations': [8.0, 159.46516466140747, 765.0], 'JobIds': ['103686873.0'], 'State': 'finished', 'RecordedSite': True}, '82': {'Retries': 0, 'Restarts': 0, 'SiteHistory': ['Unknown', 'T2_ES_CIEMAT', 'T2_ES_CIEMAT'], 'ResidentSetSize': [1314348], 'SubmitTimes': [1708554914.0], 'StartTimes': [1708558518.0], 'EndTimes': [1708560500.0], 'TotalUserCpuTimeHistory': [1836], 'TotalSysCpuTimeHistory': [52], 'WallDurations': [8.0, 70.51190066337585, 1982.0], 'JobIds': ['103686874.0'], 'State': 'finished', 'RecordedSite': True}, '85': {'Retries': 0, 'Restarts': 0, 'SiteHistory': ['Unknown', 'T2_DE_RWTH', 'T2_DE_RWTH'], 'ResidentSetSize': [1335356], 'SubmitTimes': [1708554914.0], 'StartTimes': [1708557217.0], 'EndTimes': [1708557889.0], 'TotalUserCpuTimeHistory': [558], 'TotalSysCpuTimeHistory': [20], 'WallDurations': [8.0, 159.46516466140747, 672.0], 'JobIds': ['103686875.0'], 'State': 'finished', 'RecordedSite': True}, '89': {'Retries': 1, 'Restarts': 0, 'SiteHistory': ['Unknown', 'T2_BR_SPRACE', 'T2_BR_SPRACE', 'Unknown', 'T2_BR_SPRACE', 'T2_BR_SPRACE'], 'ResidentSetSize': [1601156, 1525004], 'SubmitTimes': [1708554914.0, 1708557221.0], 'StartTimes': [1708554979.0, 1708557418.0], 'EndTimes': [1708555349.0, 1708558283.0], 'TotalUserCpuTimeHistory': [280, 735], 'TotalSysCpuTimeHistory': [12, 22], 'WallDurations': [9.0, 287.04503059387207, 370.0, 8.0, 260.39823818206787, 865.0], 'JobIds': ['103686876.0', '103688619.0'], 'State': 'finished', 'RecordedSite': True}, '84': {'Retries': 0, 'Restarts': 0, 'SiteHistory': ['Unknown', 'T2_DE_RWTH', 'T2_DE_RWTH'], 'ResidentSetSize': [1333380], 'SubmitTimes': [1708554914.0], 'StartTimes': [1708557217.0], 'EndTimes': [1708557989.0], 'TotalUserCpuTimeHistory': [642], 'TotalSysCpuTimeHistory': [29], 'WallDurations': [9.0, 159.46516466140747, 772.0], 'JobIds': ['103686877.0'], 'State': 'finished', 'RecordedSite': True}, '86': {'Retries': 0, 'Restarts': 0, 'SiteHistory': ['Unknown', 'T2_DE_RWTH', 'T2_DE_RWTH'], 'ResidentSetSize': [1579812], 'SubmitTimes': [1708554914.0], 'StartTimes': [1708557219.0], 'EndTimes': [1708558688.0], 'TotalUserCpuTimeHistory': [1282], 'TotalSysCpuTimeHistory': [29], 'WallDurations': [9.0, 157.46516466140747, 1469.0], 'JobIds': ['103686878.0'], 'State': 'finished', 'RecordedSite': True}, '88': {'Retries': 0, 'Restarts': 0, 'SiteHistory': ['Unknown', 'T2_BR_SPRACE', 'T2_BR_SPRACE'], 'ResidentSetSize': [1586716], 'SubmitTimes': [1708554914.0], 'StartTimes': [1708554979.0], 'EndTimes': [1708555445.0], 'TotalUserCpuTimeHistory': [379], 'TotalSysCpuTimeHistory': [18], 'WallDurations': [10.0, 287.04503059387207, 466.0], 'JobIds': ['103686879.0'], 'State': 'finished', 'RecordedSite': True}, '91': {'Retries': 0, 'Restarts': 0, 'SiteHistory': ['Unknown', 'T2_IT_Legnaro', 'T2_IT_Legnaro'], 'ResidentSetSize': [1450736], 'SubmitTimes': [1708554914.0], 'StartTimes': [1708557219.0], 'EndTimes': [1708558841.0], 'TotalUserCpuTimeHistory': [1434], 'TotalSysCpuTimeHistory': [45], 'WallDurations': [9.0, 157.46516466140747, 1622.0], 'JobIds': ['103686880.0'], 'State': 'finished', 'RecordedSite': True}, '90': {'Retries': 0, 'Restarts': 0, 'SiteHistory': ['Unknown', 'T2_IT_Legnaro', 'T2_IT_Legnaro'], 'ResidentSetSize': [1302928], 'SubmitTimes': [1708554914.0], 'StartTimes': [1708557218.0], 'EndTimes': [1708557887.0], 'TotalUserCpuTimeHistory': [589], 'TotalSysCpuTimeHistory': [17], 'WallDurations': [9.0, 158.46516466140747, 669.0], 'JobIds': ['103686881.0'], 'State': 'finished', 'RecordedSite': True}, '92': {'Retries': 0, 'Restarts': 0, 'SiteHistory': ['Unknown', 'T2_IT_Legnaro', 'T2_IT_Legnaro'], 'ResidentSetSize': [1554092], 'SubmitTimes': [1708554914.0], 'StartTimes': [1708557220.0], 'EndTimes': [1708558200.0], 'TotalUserCpuTimeHistory': [883], 'TotalSysCpuTimeHistory': [20], 'WallDurations': [8.0, 156.46516466140747, 980.0], 'JobIds': ['103686882.0'], 'State': 'finished', 'RecordedSite': True}, '94': {'Retries': 0, 'Restarts': 0, 'SiteHistory': ['Unknown', 'T2_IT_Legnaro', 'T2_IT_Legnaro'], 'ResidentSetSize': [1549128], 'SubmitTimes': [1708554914.0], 'StartTimes': [1708557221.0], 'EndTimes': [1708559307.0], 'TotalUserCpuTimeHistory': [1919], 'TotalSysCpuTimeHistory': [42], 'WallDurations': [8.0, 155.46516466140747, 2086.0], 'JobIds': ['103686883.0'], 'State': 'finished', 'RecordedSite': True}, '93': {'Retries': 0, 'Restarts': 0, 'SiteHistory': ['Unknown', 'T2_IT_Legnaro', 'T2_IT_Legnaro'], 'ResidentSetSize': [1552936], 'SubmitTimes': [1708554915.0], 'StartTimes': [1708557219.0], 'EndTimes': [1708558846.0], 'TotalUserCpuTimeHistory': [1483], 'TotalSysCpuTimeHistory': [34], 'WallDurations': [9.0, 157.46516466140747, 1627.0], 'JobIds': ['103686884.0'], 'State': 'finished', 'RecordedSite': True}, '96': {'Retries': 0, 'Restarts': 0, 'SiteHistory': ['Unknown', 'T2_IT_Legnaro', 'T2_IT_Legnaro'], 'ResidentSetSize': [1555500], 'SubmitTimes': [1708554915.0], 'StartTimes': [1708557219.0], 'EndTimes': [1708558847.0], 'TotalUserCpuTimeHistory': [1432], 'TotalSysCpuTimeHistory': [41], 'WallDurations': [9.0, 157.46516466140747, 1628.0], 'JobIds': ['103686885.0'], 'State': 'finished', 'RecordedSite': True}, '95': {'Retries': 0, 'Restarts': 0, 'SiteHistory': ['Unknown', 'T2_IT_Legnaro', 'T2_IT_Legnaro'], 'ResidentSetSize': [1568136], 'SubmitTimes': [1708554915.0], 'StartTimes': [1708557219.0], 'EndTimes': [1708558616.0], 'TotalUserCpuTimeHistory': [1276], 'TotalSysCpuTimeHistory': [29], 'WallDurations': [9.0, 157.46516466140747, 1397.0], 'JobIds': ['103686886.0'], 'State': 'finished', 'RecordedSite': True}, '98': {'Retries': 0, 'Restarts': 0, 'SiteHistory': ['Unknown', 'T2_IT_Legnaro', 'T2_IT_Legnaro'], 'ResidentSetSize': [1308920], 'SubmitTimes': [1708554915.0], 'StartTimes': [1708557220.0], 'EndTimes': [1708557618.0], 'TotalUserCpuTimeHistory': [329], 'TotalSysCpuTimeHistory': [9], 'WallDurations': [8.0, 156.46516466140747, 398.0], 'JobIds': ['103686887.0'], 'State': 'finished', 'RecordedSite': True}, '97': {'Retries': 0, 'Restarts': 0, 'SiteHistory': ['Unknown', 'T2_IT_Legnaro', 'T2_IT_Legnaro'], 'ResidentSetSize': [1554900], 'SubmitTimes': [1708554915.0], 'StartTimes': [1708557221.0], 'EndTimes': [1708559080.0], 'TotalUserCpuTimeHistory': [1715], 'TotalSysCpuTimeHistory': [38], 'WallDurations': [9.0, 155.46516466140747, 1859.0], 'JobIds': ['103686888.0'], 'State': 'finished', 'RecordedSite': True}, '22': {'Retries': 0, 'Restarts': 0, 'SiteHistory': ['Unknown', 'T2_UK_SGrid_RALPP', 'T2_UK_SGrid_RALPP'], 'ResidentSetSize': [1435320], 'SubmitTimes': [1708554915.0], 'StartTimes': [1708555440.0], 'EndTimes': [1708557171.0], 'TotalUserCpuTimeHistory': [1334], 'TotalSysCpuTimeHistory': [41], 'WallDurations': [9.0, 126.28176021575928, 1731.0], 'JobIds': ['103686889.0'], 'State': 'finished', 'RecordedSite': True}, '99': {'Retries': 0, 'Restarts': 0, 'SiteHistory': ['Unknown', 'T1_DE_KIT', 'T1_DE_KIT'], 'ResidentSetSize': [1329944], 'SubmitTimes': [1708554915.0], 'StartTimes': [1708557473.0], 'EndTimes': [1708558906.0], 'TotalUserCpuTimeHistory': [1220], 'TotalSysCpuTimeHistory': [74], 'WallDurations': [8.0, 205.39823818206787, 1433.0], 'JobIds': ['103686890.0'], 'State': 'finished', 'RecordedSite': True}, '100': {'Retries': 0, 'Restarts': 0, 'SiteHistory': ['Unknown', 'T1_DE_KIT', 'T1_DE_KIT'], 'ResidentSetSize': [1463376], 'SubmitTimes': [1708554915.0], 'StartTimes': [1708557583.0], 'EndTimes': [1708558673.0], 'TotalUserCpuTimeHistory': [956], 'TotalSysCpuTimeHistory': [47], 'WallDurations': [9.0, 95.39823818206787, 1090.0], 'JobIds': ['103686891.0'], 'State': 'finished', 'RecordedSite': True}}
INFO 2024-02-22 20:26:15.631 UTC: 	 Status on the scheduler:	COMPLETED
INFO 2024-02-22 20:26:15.632 UTC: 	 
Jobs status:                    finished     		100.0% (100/100)
DEBUG 2024-02-22 20:26:15.632 UTC: 	 Encoded data for curl request: subresource=publicationstatus&workflow=240221_223130%3Ambuonsan_crab_SkimB4Mu_2023eraC-v3_stream6_Mini&username=mbuonsan
INFO 2024-02-22 20:26:15.839 UTC: 	 
Output dataset:			/FakeDataset/fakefile-FakePublish-ee48e3670b6bd3aaf8abc1a799757700/USER
INFO 2024-02-22 20:26:15.840 UTC: 	 
No publication information available yet
INFO 2024-02-22 20:26:15.843 UTC: 	 
Warning: the max jobs runtime is less than 30% of the task requested value (1250 min), please consider to request a lower value for failed jobs (allowed through crab resubmit) and/or improve the jobs splitting (e.g. config.Data.splitting = 'Automatic') in a new task.
INFO 2024-02-22 20:26:15.843 UTC: 	 
Summary of run jobs:
 * Memory: 67MB min, 1602MB max, 1325MB ave
 * Runtime: 0:03:54 min, 1:16:34 max, 0:26:10 ave
 * CPU eff: 25% min, 95% max, 84% ave
 * Waste: 6:30:29 (13% of total)

DEBUG 2024-02-22 20:26:15.844 UTC: 	 Requesting resubmission of failed jobs in task 240221_223130:mbuonsan_crab_SkimB4Mu_2023eraC-v3_stream6_Mini
ERROR 2024-02-22 20:26:15.844 UTC: 	 Found no jobs to resubmit. Only jobs in status failed can be resubmitted. Jobs in status finished can also be resubmitted, but only if the jobids are specified and the force option is set.
ERROR 2024-02-22 20:26:15.844 UTC: 	 Caught ClientException exception
Traceback (most recent call last):
  File "/cvmfs/cms.cern.ch/share/cms/crab-prod/v3.240110.01/bin/crab.py", line 152, in <module>
    client()
  File "/cvmfs/cms.cern.ch/share/cms/crab-prod/v3.240110.01/bin/crab.py", line 137, in __call__
    returnDict = self.cmd()
  File "/cvmfs/cms.cern.ch/share/cms/crab-prod/v3.240110.01/lib/CRABClient/Commands/resubmit.py", line 65, in __call__
    self.jobids = self.processJobIds(jobList)
  File "/cvmfs/cms.cern.ch/share/cms/crab-prod/v3.240110.01/lib/CRABClient/Commands/resubmit.py", line 171, in processJobIds
    raise ConfigurationException(msg)
CRABClient.ClientExceptions.ConfigurationException: Found no jobs to resubmit. Only jobs in status failed can be resubmitted. Jobs in status finished can also be resubmitted, but only if the jobids are specified and the force option is set.
