DEBUG 2024-02-21 22:31:35.644 UTC: 	 CRAB Client version: v3.240110
DEBUG 2024-02-21 22:31:35.644 UTC: 	 Running on: Linux ui02.recas.ba.infn.it 3.10.0-1160.80.1.el7.x86_64 #1 SMP Tue Nov 8 15:48:59 UTC 2022 x86_64 x86_64 x86_64 GNU/Linux - CentOS Linux 7 (Core)
DEBUG 2024-02-21 22:31:35.644 UTC: 	 Executing command: 'submit'
DEBUG 2024-02-21 22:31:35.644 UTC: 	 Found CRAB cache file /lustrehome/mbuonsante/.crab3
INFO 2024-02-21 22:31:35.645 UTC: 	 Will use CRAB configuration file CRAB_stream_7.py
DEBUG 2024-02-21 22:31:35.646 UTC: 	 Loading CRAB configuration file.
DEBUG 2024-02-21 22:31:35.648 UTC: 	 Will use CRAB plugin ANALYSIS (i.e. will run an analysis job type).
DEBUG 2024-02-21 22:31:35.650 UTC: 	 Checking credentials
DEBUG 2024-02-21 22:31:35.650 UTC: 	 Found proxy file /tmp/x509up_u881331
DEBUG 2024-02-21 22:31:35.650 UTC: 	 Making sure it has proper VOMS extension
DEBUG 2024-02-21 22:31:35.650 UTC: 	 Executing command :
 voms-proxy-info --vo --file /tmp/x509up_u881331
DEBUG 2024-02-21 22:31:37.172 UTC: 	 output : cms

 error: 
 retcode : 0
DEBUG 2024-02-21 22:31:37.172 UTC: 	 Getting proxy life time left
DEBUG 2024-02-21 22:31:37.172 UTC: 	 Executing command :
 voms-proxy-info --actimeleft --timeleft --file /tmp/x509up_u881331
DEBUG 2024-02-21 22:31:38.677 UTC: 	 output : 479319
479318

 error: 
 retcode : 0
DEBUG 2024-02-21 22:31:38.677 UTC: 	 Proxy valid for 133:08:38 hours
DEBUG 2024-02-21 22:31:38.677 UTC: 	 Encoded data for curl request: subresource=delegatedn
DEBUG 2024-02-21 22:31:38.858 UTC: 	 Registering user credentials on myproxy for /DC=ch/DC=cern/OU=computers/CN=crab-(preprod|prod|dev)-tw(01|02|03).cern.ch|/DC=ch/DC=cern/OU=computers/CN=stefanov(m|m2).cern.ch|/DC=ch/DC=cern/OU=computers/CN=dciangot-tw.cern.ch
DEBUG 2024-02-21 22:31:38.859 UTC: 	 Executing command :
 voms-proxy-info --identity --file /tmp/x509up_u881331
DEBUG 2024-02-21 22:31:40.294 UTC: 	 output : /DC=ch/DC=cern/OU=Organic Units/OU=Users/CN=mbuonsan/CN=866052/CN=Marco Buonsante

 error: 
 retcode : 0
DEBUG 2024-02-21 22:31:40.294 UTC: 	 Getting myproxy life time left for db438794163ae221c16ac5cdc1e476b2bc2ff634
DEBUG 2024-02-21 22:31:40.294 UTC: 	 Executing command :
 myproxy-info -s myproxy.cern.ch -l db438794163ae221c16ac5cdc1e476b2bc2ff634
DEBUG 2024-02-21 22:31:40.690 UTC: 	 output : username: db438794163ae221c16ac5cdc1e476b2bc2ff634
owner: /DC=ch/DC=cern/OU=Organic Units/OU=Users/CN=mbuonsan/CN=866052/CN=Marco Buonsante
  renewal policy: /DC=ch/DC=cern/OU=computers/CN=crab-(preprod|prod|dev)-tw(01|02|03).cern.ch|/DC=ch/DC=cern/OU=computers/CN=stefanov(m|m2).cern.ch|/DC=ch/DC=cern/OU=computers/CN=dciangot-tw.cern.ch
  trusted retrieval policy: /DC=ch/DC=cern/OU=computers/CN=crab-(preprod|prod|dev)-tw(01|02|03).cern.ch|/DC=ch/DC=cern/OU=computers/CN=stefanov(m|m2).cern.ch|/DC=ch/DC=cern/OU=computers/CN=dciangot-tw.cern.ch
  timeleft: 493:09:47  (20.5 days)

 error: 
 retcode : 0
DEBUG 2024-02-21 22:31:40.690 UTC: 	 Myproxy is valid: 1775340
DEBUG 2024-02-21 22:31:40.690 UTC: 	 Result of myproxy credential check:
  Credential exists on myproxy: username: db438794163ae221c16ac5cdc1e476b2bc2ff634  - validity: 20 days, 13:09:00
DEBUG 2024-02-21 22:31:40.690 UTC: 	 Command use: submit
DEBUG 2024-02-21 22:31:40.690 UTC: 	 Options use: ['-c', 'CRAB_stream_7.py']
DEBUG 2024-02-21 22:31:40.690 UTC: 	 Encoded data for curl request: subresource=version
DEBUG 2024-02-21 22:31:40.894 UTC: 	 CRABClient version: v3.240110
DEBUG 2024-02-21 22:31:40.894 UTC: 	 Instance is prod
DEBUG 2024-02-21 22:31:40.894 UTC: 	 Server base url is cmsweb.cern.ch
DEBUG 2024-02-21 22:31:40.894 UTC: 	 Command api workflow
DEBUG 2024-02-21 22:31:40.894 UTC: 	 Started submission
DEBUG 2024-02-21 22:31:40.895 UTC: 	 Working on /lustrehome/mbuonsante/B_4mu/CMSSW_13_0_13/src/B4muNtuplizer/CrabSubmission/2023_eraC-v3/crab_projects/crab_SkimB4Mu_2023eraC-v3_stream7_Mini
DEBUG 2024-02-21 22:31:40.895 UTC: 	 Encoded data for curl request: subresource=backendurls
DEBUG 2024-02-21 22:31:41.140 UTC: 	 Loading required information from the environment
DEBUG 2024-02-21 22:31:41.141 UTC: 	 Found CMSSW_13_0_13 for slc7_amd64_gcc11 with base /lustrehome/mbuonsante/B_4mu/CMSSW_13_0_13
DEBUG 2024-02-21 22:31:41.141 UTC: 	 Loading required information from the environment
DEBUG 2024-02-21 22:31:41.141 UTC: 	 Found CMSSW_13_0_13 for slc7_amd64_gcc11 with base /lustrehome/mbuonsante/B_4mu/CMSSW_13_0_13
DEBUG 2024-02-21 22:31:41.141 UTC: 	 UNIQUE NAME: tarUUID 252af6f0-e529-4cc6-857c-658160f6d66c 
DEBUG 2024-02-21 22:31:41.141 UTC: 	 self.config: from WMCore.Configuration import Configuration
config = Configuration()
config.section_('General')
config.General.transferLogs = False
config.General.transferOutputs = True
config.General.workArea = 'crab_projects'
config.General.requestName = 'SkimB4Mu_2023eraC-v3_stream7_Mini'
config.section_('JobType')
config.JobType.allowUndistributedCMSSW = True
config.JobType.pluginName = 'Analysis'
config.JobType.psetName = '/lustrehome/mbuonsante/B_4mu/CMSSW_13_0_13/src/B4muNtuplizer/CrabSubmission/2023_eraC-v3/PatAndTree_cfg.py'
config.section_('Data')
config.Data.lumiMask = 'https://cms-service-dqmdc.web.cern.ch/CAF/certification/Collisions23/Cert_Collisions2023_eraC_367095_368823_Golden.json'
config.Data.allowNonValidInputDataset = True
config.Data.outputDatasetTag = 'SkimB4Mu_2023eraC-v3_stream7_Mini'
config.Data.unitsPerJob = 50
config.Data.splitting = 'LumiBased'
config.Data.inputDataset = '/ParkingDoubleMuonLowMass7/Run2023C-22Sep2023_v3-v1/MINIAOD'
config.Data.inputDBS = 'global'
config.section_('Site')
config.Site.storageSite = 'T2_IT_Bari'
config.Site.ignoreGlobalBlacklist = True
config.section_('User')
config.section_('Debug')

DEBUG 2024-02-21 22:31:41.141 UTC: 	 self.config.JobType.psetName: /lustrehome/mbuonsante/B_4mu/CMSSW_13_0_13/src/B4muNtuplizer/CrabSubmission/2023_eraC-v3/PatAndTree_cfg.py
INFO 2024-02-21 22:31:41.141 UTC: 	 Importing CMSSW configuration /lustrehome/mbuonsante/B_4mu/CMSSW_13_0_13/src/B4muNtuplizer/CrabSubmission/2023_eraC-v3/PatAndTree_cfg.py
INFO 2024-02-21 22:31:43.155 UTC: 	 Finished importing CMSSW configuration /lustrehome/mbuonsante/B_4mu/CMSSW_13_0_13/src/B4muNtuplizer/CrabSubmission/2023_eraC-v3/PatAndTree_cfg.py
DEBUG 2024-02-21 22:31:43.155 UTC: 	 Writing CMSSW configuration to /lustrehome/mbuonsante/B_4mu/CMSSW_13_0_13/src/B4muNtuplizer/CrabSubmission/2023_eraC-v3/crab_projects/crab_SkimB4Mu_2023eraC-v3_stream7_Mini/inputs/PSet.py
DEBUG 2024-02-21 22:31:43.335 UTC: 	 The following EDM output files will be collected: []
DEBUG 2024-02-21 22:31:43.336 UTC: 	 The following TFile output files will be collected: ['TreeData.root']
DEBUG 2024-02-21 22:31:43.336 UTC: 	 The following user output files (not listed as PoolOuputModule or TFileService in the CMSSW PSet) will be collected: 
DEBUG 2024-02-21 22:31:43.336 UTC: 	 Loading required information from the environment
DEBUG 2024-02-21 22:31:43.336 UTC: 	 Found CMSSW_13_0_13 for slc7_amd64_gcc11 with base /lustrehome/mbuonsante/B_4mu/CMSSW_13_0_13
DEBUG 2024-02-21 22:31:43.336 UTC: 	 Making tarball in /lustrehome/mbuonsante/B_4mu/CMSSW_13_0_13/src/B4muNtuplizer/CrabSubmission/2023_eraC-v3/crab_projects/crab_SkimB4Mu_2023eraC-v3_stream7_Mini/inputs/252af6f0-e529-4cc6-857c-658160f6d66cdefault.tgz
DEBUG 2024-02-21 22:31:43.336 UTC: 	 Checking directory /lustrehome/mbuonsante/B_4mu/CMSSW_13_0_13/bin
DEBUG 2024-02-21 22:31:43.336 UTC: 	 Adding directory /lustrehome/mbuonsante/B_4mu/CMSSW_13_0_13/bin to tarball
DEBUG 2024-02-21 22:31:43.338 UTC: 	 Checking directory /lustrehome/mbuonsante/B_4mu/CMSSW_13_0_13/python
DEBUG 2024-02-21 22:31:43.338 UTC: 	 Adding directory /lustrehome/mbuonsante/B_4mu/CMSSW_13_0_13/python to tarball
DEBUG 2024-02-21 22:31:43.397 UTC: 	 Checking directory /lustrehome/mbuonsante/B_4mu/CMSSW_13_0_13/cfipython
DEBUG 2024-02-21 22:31:43.397 UTC: 	 Adding directory /lustrehome/mbuonsante/B_4mu/CMSSW_13_0_13/cfipython to tarball
DEBUG 2024-02-21 22:31:43.405 UTC: 	 Checking directory /lustrehome/mbuonsante/B_4mu/CMSSW_13_0_13/lib
DEBUG 2024-02-21 22:31:43.405 UTC: 	 Adding directory /lustrehome/mbuonsante/B_4mu/CMSSW_13_0_13/lib to tarball
DEBUG 2024-02-21 22:31:43.834 UTC: 	 Checking directory /lustrehome/mbuonsante/B_4mu/CMSSW_13_0_13/biglib
DEBUG 2024-02-21 22:31:43.834 UTC: 	 Adding directory /lustrehome/mbuonsante/B_4mu/CMSSW_13_0_13/biglib to tarball
DEBUG 2024-02-21 22:31:43.835 UTC: 	 Checking directory /lustrehome/mbuonsante/B_4mu/CMSSW_13_0_13/module
DEBUG 2024-02-21 22:31:43.835 UTC: 	 Checking directory /lustrehome/mbuonsante/B_4mu/CMSSW_13_0_13/config/SCRAM/hooks
DEBUG 2024-02-21 22:31:43.835 UTC: 	 Adding directory /lustrehome/mbuonsante/B_4mu/CMSSW_13_0_13/config/SCRAM/hooks to tarball
DEBUG 2024-02-21 22:31:43.857 UTC: 	 Adding directory /lustrehome/mbuonsante/B_4mu/CMSSW_13_0_13/src/B4muNtuplizer/SkimTools/python to tarball
DEBUG 2024-02-21 22:31:43.867 UTC: 	 Adding directory /lustrehome/mbuonsante/B_4mu/CMSSW_13_0_13/src/CommonTools/CandAlgos/interface to tarball
DEBUG 2024-02-21 22:31:43.871 UTC: 	 Adding directory /lustrehome/mbuonsante/B_4mu/CMSSW_13_0_13/src/CommonTools/CandAlgos/python to tarball
DEBUG 2024-02-21 22:31:44.015 UTC: 	 Uploading archive /lustrehome/mbuonsante/B_4mu/CMSSW_13_0_13/src/B4muNtuplizer/CrabSubmission/2023_eraC-v3/crab_projects/crab_SkimB4Mu_2023eraC-v3_stream7_Mini/inputs/252af6f0-e529-4cc6-857c-658160f6d66cdefault.tgz (0.643555.1 MB) to the CRAB cache. Using URI https://cmsweb.cern.ch/S3/crabcache_prod
DEBUG 2024-02-21 22:31:44.403 UTC: 	 Encoded data for curl request: subresource=upload&objecttype=sandbox&tarballname=c21f585968b676319b78458a8dfff0d78967d784c1d5d78343c5cdc38d3be0e5.tar.gz
DEBUG 2024-02-21 22:31:44.594 UTC: 	 sandbox c21f585968b676319b78458a8dfff0d78967d784c1d5d78343c5cdc38d3be0e5.tar.gz is already in the S3 store, will not upload again
DEBUG 2024-02-21 22:31:44.594 UTC: 	 Loading required information from the environment
DEBUG 2024-02-21 22:31:44.594 UTC: 	 Found CMSSW_13_0_13 for slc7_amd64_gcc11 with base /lustrehome/mbuonsante/B_4mu/CMSSW_13_0_13
DEBUG 2024-02-21 22:31:44.594 UTC: 	 Making tarball in /lustrehome/mbuonsante/B_4mu/CMSSW_13_0_13/src/B4muNtuplizer/CrabSubmission/2023_eraC-v3/crab_projects/crab_SkimB4Mu_2023eraC-v3_stream7_Mini/inputs/debugFiles.tgz
DEBUG 2024-02-21 22:31:44.602 UTC: 	 Uploading archive /lustrehome/mbuonsante/B_4mu/CMSSW_13_0_13/src/B4muNtuplizer/CrabSubmission/2023_eraC-v3/crab_projects/crab_SkimB4Mu_2023eraC-v3_stream7_Mini/inputs/debugFiles.tgz (2 KB) to the CRAB cache. Using URI https://cmsweb.cern.ch/S3/crabcache_prod
DEBUG 2024-02-21 22:31:44.607 UTC: 	 Encoded data for curl request: subresource=upload&objecttype=sandbox&tarballname=b1aebf00dc389b18cf9e69fe853792c8d7d533ed257e3af0269384c94457406f.tar.gz
DEBUG 2024-02-21 22:31:44.801 UTC: 	 Will execute:
curl -f -v -X POST  -H "User-Agent: CRAB" -F "key=mbuonsan/sandboxes/b1aebf00dc389b18cf9e69fe853792c8d7d533ed257e3af0269384c94457406f.tar.gz" -F "AWSAccessKeyId=ab00fcc889f248c495d2875f15a3badb" -F "policy=eyJleHBpcmF0aW9uIjogIjIwMjQtMDItMjFUMjM6MzE6NDRaIiwgImNvbmRpdGlvbnMiOiBbeyJidWNrZXQiOiAiY3JhYmNhY2hlX3Byb2QifSwgeyJrZXkiOiAibWJ1b25zYW4vc2FuZGJveGVzL2IxYWViZjAwZGMzODliMThjZjllNjlmZTg1Mzc5MmM4ZDdkNTMzZWQyNTdlM2FmMDI2OTM4NGM5NDQ1NzQwNmYudGFyLmd6In1dfQ==" -F "signature=mhEPgMipFfMThzpyUzh0oRTCnLA=" -F "file=@/lustrehome/mbuonsante/B_4mu/CMSSW_13_0_13/src/B4muNtuplizer/CrabSubmission/2023_eraC-v3/crab_projects/crab_SkimB4Mu_2023eraC-v3_stream7_Mini/inputs/debugFiles.tgz" "https://s3.cern.ch/crabcache_prod"
DEBUG 2024-02-21 22:31:44.949 UTC: 	 exitcode: 0
stdout: b''
DEBUG 2024-02-21 22:31:44.949 UTC: 	 sandbox /lustrehome/mbuonsante/B_4mu/CMSSW_13_0_13/src/B4muNtuplizer/CrabSubmission/2023_eraC-v3/crab_projects/crab_SkimB4Mu_2023eraC-v3_stream7_Mini/inputs/debugFiles.tgz successully uploaded to S3
DEBUG 2024-02-21 22:31:44.949 UTC: 	 Result uploading input files: c21f585968b676319b78458a8dfff0d78967d784c1d5d78343c5cdc38d3be0e5.tar.gz 
DEBUG 2024-02-21 22:31:44.949 UTC: 	 Attaching lumi mask https://cms-service-dqmdc.web.cern.ch/CAF/certification/Collisions23/Cert_Collisions2023_eraC_367095_368823_Golden.json to the request
DEBUG 2024-02-21 22:31:44.949 UTC: 	 Downloading lumi-mask from https://cms-service-dqmdc.web.cern.ch/CAF/certification/Collisions23/Cert_Collisions2023_eraC_367095_368823_Golden.json
WARNING 2024-02-21 22:31:45.145 UTC: 	 Warning: The following output files will not be published, as they are not EDM files: ['TreeData.root']
DEBUG 2024-02-21 22:31:45.146 UTC: 	 submit() - self.configuration from WMCore.Configuration import Configuration
config = Configuration()
config.section_('General')
config.General.transferLogs = False
config.General.transferOutputs = True
config.General.workArea = 'crab_projects'
config.General.requestName = 'SkimB4Mu_2023eraC-v3_stream7_Mini'
config.section_('JobType')
config.JobType.allowUndistributedCMSSW = True
config.JobType.pluginName = 'Analysis'
config.JobType.psetName = '/lustrehome/mbuonsante/B_4mu/CMSSW_13_0_13/src/B4muNtuplizer/CrabSubmission/2023_eraC-v3/PatAndTree_cfg.py'
config.section_('Data')
config.Data.lumiMask = 'https://cms-service-dqmdc.web.cern.ch/CAF/certification/Collisions23/Cert_Collisions2023_eraC_367095_368823_Golden.json'
config.Data.allowNonValidInputDataset = True
config.Data.outputDatasetTag = 'SkimB4Mu_2023eraC-v3_stream7_Mini'
config.Data.unitsPerJob = 50
config.Data.splitting = 'LumiBased'
config.Data.inputDataset = '/ParkingDoubleMuonLowMass7/Run2023C-22Sep2023_v3-v1/MINIAOD'
config.Data.inputDBS = 'global'
config.section_('Site')
config.Site.storageSite = 'T2_IT_Bari'
config.Site.ignoreGlobalBlacklist = True
config.section_('User')
config.section_('Debug')

DEBUG 2024-02-21 22:31:45.146 UTC: 	 submit() - self.configreq {'dryrun': 0, 'workflow': 'crab_SkimB4Mu_2023eraC-v3_stream7_Mini', 'saveoutput': 1, 'savelogsflag': 0, 'inputdata': '/ParkingDoubleMuonLowMass7/Run2023C-22Sep2023_v3-v1/MINIAOD', 'primarydataset': '', 'nonvaliddata': 1, 'userfiles': [], 'dbsurl': 'https://cmsweb.cern.ch/dbs/prod/global/DBSReader', 'useparent': 0, 'ignorelocality': 0, 'splitalgo': 'LumiBased', 'algoargs': 50, 'totalunits': 0, 'publication': 1, 'publishdbsurl': 'https://cmsweb.cern.ch/dbs/prod/phys03/DBSWriter', 'publishname2': 'SkimB4Mu_2023eraC-v3_stream7_Mini', 'jobtype': 'Analysis', 'generator': 'pythia', 'addoutputfiles': [], 'maxjobruntime': 1250, 'numcores': 1, 'maxmemory': 2000, 'priority': 10, 'nonprodsw': 1, 'asyncdest': 'T2_IT_Bari', 'requireaccelerator': 0, 'oneEventMode': 0, 'extrajdl': [], 'ignoreglobalblacklist': 1, 'partialdataset': 0, 'inputblocks': []}
DEBUG 2024-02-21 22:31:45.146 UTC: 	 submit() - jobconfig {'addoutputfiles': [], 'tfileoutfiles': ['TreeData.root'], 'edmoutfiles': [], 'jobarch': 'slc7_amd64_gcc11', 'jobsw': 'CMSSW_13_0_13', 'inputdata': '/ParkingDoubleMuonLowMass7/Run2023C-22Sep2023_v3-v1/MINIAOD', 'cacheurl': 'https://cmsweb.cern.ch/S3/crabcache_prod', 'cachefilename': 'c21f585968b676319b78458a8dfff0d78967d784c1d5d78343c5cdc38d3be0e5.tar.gz', 'debugfilename': 'b1aebf00dc389b18cf9e69fe853792c8d7d533ed257e3af0269384c94457406f.tar.gz', 'runs': ['367095', '367100', '367102', '367103', '367104', '367111', '367112', '367127', '367128', '367129', '367130', '367131', '367133', '367228', '367229', '367230', '367231', '367232', '367234', '367260', '367262', '367263', '367264', '367267', '367269', '367270', '367271', '367312', '367314', '367315', '367334', '367336', '367337', '367355', '367406', '367413', '367415', '367416', '367475', '367477', '367515', '367516', '367552', '367553', '367554', '367615', '367618', '367619', '367661', '367662', '367663', '367665', '367666', '367691', '367696', '367699', '367730', '367742', '367758', '367770', '367771', '367772', '367790', '367831', '367836', '367838', '367840', '367881', '367883', '367884', '367902', '367904', '367905', '367906', '367907', '367908', '367910', '368223', '368224', '368229', '368318', '368320', '368321', '368332', '368333', '368343', '368382', '368384', '368388', '368389', '368400', '368410', '368412', '368423', '368451', '368453', '368454', '368489', '368546', '368547', '368548', '368566', '368567', '368609', '368611', '368613', '368636', '368669', '368670', '368672', '368674', '368675', '368676', '368678', '368684', '368685', '368723', '368724', '368746', '368749', '368753', '368762', '368764', '368765', '368822', '368823'], 'lumis': ['1,564', '45,390', '1,75', '1,64', '1,1082', '51,338', '1,1438', '18,350', '1,2,6,6,11,12,14,15', '1,3', '1,2,6,9,13,126,135,167', '1,149', '1,275', '55,280,285,287,292,294,298,304', '1,34', '1,1', '1,22', '1,996', '1,501', '52,69,72,240', '1,42,49,119,123,271', '10,21', '1,847', '45,322', '1,33', '1,961', '1,135', '53,225,227,269', '1,20', '1,893', '26,324', '1,169', '1,1046', '60,63', '48,476', '68,448,450,467,469,746,748,750,752,898,900,1340,1342,1367', '1,97', '1,55', '56,634', '1,1289', '44,668', '1,1236', '49,59', '1,644', '1,312', '53,484', '18,341', '1,300,302,501,503,579', '50,366', '1,18', '1,1', '1,271', '1,11,16,86', '46,204', '1,856,858,1920', '1,151', '48,562', '39,443', '52,767', '47,198', '1,91', '1,6', '1,160', '53,504', '48,588', '1,793', '1,570', '14,152', '1,1050', '1,1011', '42,273', '1,103', '1,48', '1,344', '1,119', '1,358', '1,593', '45,437,445,487', '1,57', '52,569', '37,319', '1,285', '1,337', '1,14', '1,25', '1,328', '37,792', '1,44', '39,444,448,1431,1434,1472', '1,198', '40,271', '49,1501', '1,92', '42,159,161,516', '1,144', '1,5', '1,68,72,1168', '47,791,793,827,829,863,865,899,901,935,937,971,973,1007,1009,1043,1045,1079,1081,1280,1282,1380,1382,1581,1583,1595', '1,659', '1,194,197,702', '1,75,77,86,89,90,93,280,282,1044', '1,1195', '1,31,33,411,414,436', '41,1039', '1,247,249,382', '1,260', '51,819', '42,410', '1,255,306,308', '1,866', '1,12', '1,50', '1,156', '1,171', '40,135', '1,1481', '63,63,97,188', '1,1200', '39,77', '1,169', '1,976', '45,238', '1,1', '1,1386', '45,330,332,908,910,991', '3,35'], 'jobtype': 'Analysis'}
INFO 2024-02-21 22:31:45.146 UTC: 	 Sending the request to the server at cmsweb.cern.ch
DEBUG 2024-02-21 22:31:45.146 UTC: 	 Submitting {'dryrun': 0, 'workflow': 'crab_SkimB4Mu_2023eraC-v3_stream7_Mini', 'saveoutput': 1, 'savelogsflag': 0, 'inputdata': '/ParkingDoubleMuonLowMass7/Run2023C-22Sep2023_v3-v1/MINIAOD', 'primarydataset': '', 'nonvaliddata': 1, 'userfiles': [], 'dbsurl': 'https://cmsweb.cern.ch/dbs/prod/global/DBSReader', 'useparent': 0, 'ignorelocality': 0, 'splitalgo': 'LumiBased', 'algoargs': 50, 'totalunits': 0, 'publication': 1, 'publishdbsurl': 'https://cmsweb.cern.ch/dbs/prod/phys03/DBSWriter', 'publishname2': 'SkimB4Mu_2023eraC-v3_stream7_Mini', 'jobtype': 'Analysis', 'generator': 'pythia', 'addoutputfiles': [], 'maxjobruntime': 1250, 'numcores': 1, 'maxmemory': 2000, 'priority': 10, 'nonprodsw': 1, 'asyncdest': 'T2_IT_Bari', 'requireaccelerator': 0, 'oneEventMode': 0, 'extrajdl': [], 'ignoreglobalblacklist': 1, 'partialdataset': 0, 'inputblocks': [], 'tfileoutfiles': ['TreeData.root'], 'edmoutfiles': [], 'jobarch': 'slc7_amd64_gcc11', 'jobsw': 'CMSSW_13_0_13', 'cacheurl': 'https://cmsweb.cern.ch/S3/crabcache_prod', 'cachefilename': 'c21f585968b676319b78458a8dfff0d78967d784c1d5d78343c5cdc38d3be0e5.tar.gz', 'debugfilename': 'b1aebf00dc389b18cf9e69fe853792c8d7d533ed257e3af0269384c94457406f.tar.gz', 'runs': ['367095', '367100', '367102', '367103', '367104', '367111', '367112', '367127', '367128', '367129', '367130', '367131', '367133', '367228', '367229', '367230', '367231', '367232', '367234', '367260', '367262', '367263', '367264', '367267', '367269', '367270', '367271', '367312', '367314', '367315', '367334', '367336', '367337', '367355', '367406', '367413', '367415', '367416', '367475', '367477', '367515', '367516', '367552', '367553', '367554', '367615', '367618', '367619', '367661', '367662', '367663', '367665', '367666', '367691', '367696', '367699', '367730', '367742', '367758', '367770', '367771', '367772', '367790', '367831', '367836', '367838', '367840', '367881', '367883', '367884', '367902', '367904', '367905', '367906', '367907', '367908', '367910', '368223', '368224', '368229', '368318', '368320', '368321', '368332', '368333', '368343', '368382', '368384', '368388', '368389', '368400', '368410', '368412', '368423', '368451', '368453', '368454', '368489', '368546', '368547', '368548', '368566', '368567', '368609', '368611', '368613', '368636', '368669', '368670', '368672', '368674', '368675', '368676', '368678', '368684', '368685', '368723', '368724', '368746', '368749', '368753', '368762', '368764', '368765', '368822', '368823'], 'lumis': ['1,564', '45,390', '1,75', '1,64', '1,1082', '51,338', '1,1438', '18,350', '1,2,6,6,11,12,14,15', '1,3', '1,2,6,9,13,126,135,167', '1,149', '1,275', '55,280,285,287,292,294,298,304', '1,34', '1,1', '1,22', '1,996', '1,501', '52,69,72,240', '1,42,49,119,123,271', '10,21', '1,847', '45,322', '1,33', '1,961', '1,135', '53,225,227,269', '1,20', '1,893', '26,324', '1,169', '1,1046', '60,63', '48,476', '68,448,450,467,469,746,748,750,752,898,900,1340,1342,1367', '1,97', '1,55', '56,634', '1,1289', '44,668', '1,1236', '49,59', '1,644', '1,312', '53,484', '18,341', '1,300,302,501,503,579', '50,366', '1,18', '1,1', '1,271', '1,11,16,86', '46,204', '1,856,858,1920', '1,151', '48,562', '39,443', '52,767', '47,198', '1,91', '1,6', '1,160', '53,504', '48,588', '1,793', '1,570', '14,152', '1,1050', '1,1011', '42,273', '1,103', '1,48', '1,344', '1,119', '1,358', '1,593', '45,437,445,487', '1,57', '52,569', '37,319', '1,285', '1,337', '1,14', '1,25', '1,328', '37,792', '1,44', '39,444,448,1431,1434,1472', '1,198', '40,271', '49,1501', '1,92', '42,159,161,516', '1,144', '1,5', '1,68,72,1168', '47,791,793,827,829,863,865,899,901,935,937,971,973,1007,1009,1043,1045,1079,1081,1280,1282,1380,1382,1581,1583,1595', '1,659', '1,194,197,702', '1,75,77,86,89,90,93,280,282,1044', '1,1195', '1,31,33,411,414,436', '41,1039', '1,247,249,382', '1,260', '51,819', '42,410', '1,255,306,308', '1,866', '1,12', '1,50', '1,156', '1,171', '40,135', '1,1481', '63,63,97,188', '1,1200', '39,77', '1,169', '1,976', '45,238', '1,1', '1,1386', '45,330,332,908,910,991', '3,35']} 
DEBUG 2024-02-21 22:31:45.147 UTC: 	 Encoded data for curl request: dryrun=0&workflow=crab_SkimB4Mu_2023eraC-v3_stream7_Mini&saveoutput=1&savelogsflag=0&inputdata=%2FParkingDoubleMuonLowMass7%2FRun2023C-22Sep2023_v3-v1%2FMINIAOD&primarydataset=&nonvaliddata=1&dbsurl=https%3A%2F%2Fcmsweb.cern.ch%2Fdbs%2Fprod%2Fglobal%2FDBSReader&useparent=0&ignorelocality=0&splitalgo=LumiBased&algoargs=50&totalunits=0&publication=1&publishdbsurl=https%3A%2F%2Fcmsweb.cern.ch%2Fdbs%2Fprod%2Fphys03%2FDBSWriter&publishname2=SkimB4Mu_2023eraC-v3_stream7_Mini&jobtype=Analysis&generator=pythia&maxjobruntime=1250&numcores=1&maxmemory=2000&priority=10&nonprodsw=1&asyncdest=T2_IT_Bari&requireaccelerator=0&oneEventMode=0&ignoreglobalblacklist=1&partialdataset=0&jobarch=slc7_amd64_gcc11&jobsw=CMSSW_13_0_13&cacheurl=https%3A%2F%2Fcmsweb.cern.ch%2FS3%2Fcrabcache_prod&cachefilename=c21f585968b676319b78458a8dfff0d78967d784c1d5d78343c5cdc38d3be0e5.tar.gz&debugfilename=b1aebf00dc389b18cf9e69fe853792c8d7d533ed257e3af0269384c94457406f.tar.gz&tfileoutfiles=TreeData.root&runs=367095&runs=367100&runs=367102&runs=367103&runs=367104&runs=367111&runs=367112&runs=367127&runs=367128&runs=367129&runs=367130&runs=367131&runs=367133&runs=367228&runs=367229&runs=367230&runs=367231&runs=367232&runs=367234&runs=367260&runs=367262&runs=367263&runs=367264&runs=367267&runs=367269&runs=367270&runs=367271&runs=367312&runs=367314&runs=367315&runs=367334&runs=367336&runs=367337&runs=367355&runs=367406&runs=367413&runs=367415&runs=367416&runs=367475&runs=367477&runs=367515&runs=367516&runs=367552&runs=367553&runs=367554&runs=367615&runs=367618&runs=367619&runs=367661&runs=367662&runs=367663&runs=367665&runs=367666&runs=367691&runs=367696&runs=367699&runs=367730&runs=367742&runs=367758&runs=367770&runs=367771&runs=367772&runs=367790&runs=367831&runs=367836&runs=367838&runs=367840&runs=367881&runs=367883&runs=367884&runs=367902&runs=367904&runs=367905&runs=367906&runs=367907&runs=367908&runs=367910&runs=368223&runs=368224&runs=368229&runs=368318&runs=368320&runs=368321&runs=368332&runs=368333&runs=368343&runs=368382&runs=368384&runs=368388&runs=368389&runs=368400&runs=368410&runs=368412&runs=368423&runs=368451&runs=368453&runs=368454&runs=368489&runs=368546&runs=368547&runs=368548&runs=368566&runs=368567&runs=368609&runs=368611&runs=368613&runs=368636&runs=368669&runs=368670&runs=368672&runs=368674&runs=368675&runs=368676&runs=368678&runs=368684&runs=368685&runs=368723&runs=368724&runs=368746&runs=368749&runs=368753&runs=368762&runs=368764&runs=368765&runs=368822&runs=368823&lumis=1%2C564&lumis=45%2C390&lumis=1%2C75&lumis=1%2C64&lumis=1%2C1082&lumis=51%2C338&lumis=1%2C1438&lumis=18%2C350&lumis=1%2C2%2C6%2C6%2C11%2C12%2C14%2C15&lumis=1%2C3&lumis=1%2C2%2C6%2C9%2C13%2C126%2C135%2C167&lumis=1%2C149&lumis=1%2C275&lumis=55%2C280%2C285%2C287%2C292%2C294%2C298%2C304&lumis=1%2C34&lumis=1%2C1&lumis=1%2C22&lumis=1%2C996&lumis=1%2C501&lumis=52%2C69%2C72%2C240&lumis=1%2C42%2C49%2C119%2C123%2C271&lumis=10%2C21&lumis=1%2C847&lumis=45%2C322&lumis=1%2C33&lumis=1%2C961&lumis=1%2C135&lumis=53%2C225%2C227%2C269&lumis=1%2C20&lumis=1%2C893&lumis=26%2C324&lumis=1%2C169&lumis=1%2C1046&lumis=60%2C63&lumis=48%2C476&lumis=68%2C448%2C450%2C467%2C469%2C746%2C748%2C750%2C752%2C898%2C900%2C1340%2C1342%2C1367&lumis=1%2C97&lumis=1%2C55&lumis=56%2C634&lumis=1%2C1289&lumis=44%2C668&lumis=1%2C1236&lumis=49%2C59&lumis=1%2C644&lumis=1%2C312&lumis=53%2C484&lumis=18%2C341&lumis=1%2C300%2C302%2C501%2C503%2C579&lumis=50%2C366&lumis=1%2C18&lumis=1%2C1&lumis=1%2C271&lumis=1%2C11%2C16%2C86&lumis=46%2C204&lumis=1%2C856%2C858%2C1920&lumis=1%2C151&lumis=48%2C562&lumis=39%2C443&lumis=52%2C767&lumis=47%2C198&lumis=1%2C91&lumis=1%2C6&lumis=1%2C160&lumis=53%2C504&lumis=48%2C588&lumis=1%2C793&lumis=1%2C570&lumis=14%2C152&lumis=1%2C1050&lumis=1%2C1011&lumis=42%2C273&lumis=1%2C103&lumis=1%2C48&lumis=1%2C344&lumis=1%2C119&lumis=1%2C358&lumis=1%2C593&lumis=45%2C437%2C445%2C487&lumis=1%2C57&lumis=52%2C569&lumis=37%2C319&lumis=1%2C285&lumis=1%2C337&lumis=1%2C14&lumis=1%2C25&lumis=1%2C328&lumis=37%2C792&lumis=1%2C44&lumis=39%2C444%2C448%2C1431%2C1434%2C1472&lumis=1%2C198&lumis=40%2C271&lumis=49%2C1501&lumis=1%2C92&lumis=42%2C159%2C161%2C516&lumis=1%2C144&lumis=1%2C5&lumis=1%2C68%2C72%2C1168&lumis=47%2C791%2C793%2C827%2C829%2C863%2C865%2C899%2C901%2C935%2C937%2C971%2C973%2C1007%2C1009%2C1043%2C1045%2C1079%2C1081%2C1280%2C1282%2C1380%2C1382%2C1581%2C1583%2C1595&lumis=1%2C659&lumis=1%2C194%2C197%2C702&lumis=1%2C75%2C77%2C86%2C89%2C90%2C93%2C280%2C282%2C1044&lumis=1%2C1195&lumis=1%2C31%2C33%2C411%2C414%2C436&lumis=41%2C1039&lumis=1%2C247%2C249%2C382&lumis=1%2C260&lumis=51%2C819&lumis=42%2C410&lumis=1%2C255%2C306%2C308&lumis=1%2C866&lumis=1%2C12&lumis=1%2C50&lumis=1%2C156&lumis=1%2C171&lumis=40%2C135&lumis=1%2C1481&lumis=63%2C63%2C97%2C188&lumis=1%2C1200&lumis=39%2C77&lumis=1%2C169&lumis=1%2C976&lumis=45%2C238&lumis=1%2C1&lumis=1%2C1386&lumis=45%2C330%2C332%2C908%2C910%2C991&lumis=3%2C35
DEBUG 2024-02-21 22:31:45.328 UTC: 	 Result: {'result': [{'RequestName': '240221_223145:mbuonsan_crab_SkimB4Mu_2023eraC-v3_stream7_Mini'}]}
INFO 2024-02-21 22:31:45.329 UTC: 	 Success: Your task has been delivered to the prod CRAB3 server.
INFO 2024-02-21 22:31:45.331 UTC: 	 Task name: 240221_223145:mbuonsan_crab_SkimB4Mu_2023eraC-v3_stream7_Mini
INFO 2024-02-21 22:31:45.332 UTC: 	 Project dir: crab_projects/crab_SkimB4Mu_2023eraC-v3_stream7_Mini
INFO 2024-02-21 22:31:45.332 UTC: 	 Please use ' crab status -d crab_projects/crab_SkimB4Mu_2023eraC-v3_stream7_Mini ' to check how the submission process proceeds.
DEBUG 2024-02-21 22:31:45.332 UTC: 	 About to return
INFO 2024-02-21 22:31:45.344 UTC: 	 Log file is /lustrehome/mbuonsante/B_4mu/CMSSW_13_0_13/src/B4muNtuplizer/CrabSubmission/2023_eraC-v3/crab_projects/crab_SkimB4Mu_2023eraC-v3_stream7_Mini/crab.log
DEBUG 2024-02-22 20:26:19.374 UTC: 	 CRAB Client version: v3.240110
DEBUG 2024-02-22 20:26:19.374 UTC: 	 Running on: Linux ui02.recas.ba.infn.it 3.10.0-1160.80.1.el7.x86_64 #1 SMP Tue Nov 8 15:48:59 UTC 2022 x86_64 x86_64 x86_64 GNU/Linux - CentOS Linux 7 (Core)
DEBUG 2024-02-22 20:26:19.374 UTC: 	 Executing command: 'resubmit'
DEBUG 2024-02-22 20:26:19.375 UTC: 	 Found CRAB cache file /lustrehome/mbuonsante/.crab3
DEBUG 2024-02-22 20:26:19.399 UTC: 	 Checking credentials
DEBUG 2024-02-22 20:26:19.399 UTC: 	 Found proxy file /tmp/x509up_u881331
DEBUG 2024-02-22 20:26:19.399 UTC: 	 Making sure it has proper VOMS extension
DEBUG 2024-02-22 20:26:19.399 UTC: 	 Executing command :
 voms-proxy-info --vo --file /tmp/x509up_u881331
DEBUG 2024-02-22 20:26:20.991 UTC: 	 output : cms

 error: 
 retcode : 0
DEBUG 2024-02-22 20:26:20.991 UTC: 	 Getting proxy life time left
DEBUG 2024-02-22 20:26:20.991 UTC: 	 Executing command :
 voms-proxy-info --actimeleft --timeleft --file /tmp/x509up_u881331
DEBUG 2024-02-22 20:26:22.479 UTC: 	 output : 400435
400434

 error: 
 retcode : 0
DEBUG 2024-02-22 20:26:22.479 UTC: 	 Proxy valid for 111:13:54 hours
DEBUG 2024-02-22 20:26:22.479 UTC: 	 Encoded data for curl request: subresource=delegatedn
DEBUG 2024-02-22 20:26:22.701 UTC: 	 Registering user credentials on myproxy for /DC=ch/DC=cern/OU=computers/CN=crab-(preprod|prod|dev)-tw(01|02|03).cern.ch|/DC=ch/DC=cern/OU=computers/CN=stefanov(m|m2).cern.ch|/DC=ch/DC=cern/OU=computers/CN=dciangot-tw.cern.ch
DEBUG 2024-02-22 20:26:22.701 UTC: 	 Executing command :
 voms-proxy-info --identity --file /tmp/x509up_u881331
DEBUG 2024-02-22 20:26:24.039 UTC: 	 output : /DC=ch/DC=cern/OU=Organic Units/OU=Users/CN=mbuonsan/CN=866052/CN=Marco Buonsante

 error: 
 retcode : 0
DEBUG 2024-02-22 20:26:24.039 UTC: 	 Getting myproxy life time left for db438794163ae221c16ac5cdc1e476b2bc2ff634
DEBUG 2024-02-22 20:26:24.039 UTC: 	 Executing command :
 myproxy-info -s myproxy.cern.ch -l db438794163ae221c16ac5cdc1e476b2bc2ff634
DEBUG 2024-02-22 20:26:24.567 UTC: 	 output : username: db438794163ae221c16ac5cdc1e476b2bc2ff634
owner: /DC=ch/DC=cern/OU=Organic Units/OU=Users/CN=mbuonsan/CN=866052/CN=Marco Buonsante
  renewal policy: /DC=ch/DC=cern/OU=computers/CN=crab-(preprod|prod|dev)-tw(01|02|03).cern.ch|/DC=ch/DC=cern/OU=computers/CN=stefanov(m|m2).cern.ch|/DC=ch/DC=cern/OU=computers/CN=dciangot-tw.cern.ch
  trusted retrieval policy: /DC=ch/DC=cern/OU=computers/CN=crab-(preprod|prod|dev)-tw(01|02|03).cern.ch|/DC=ch/DC=cern/OU=computers/CN=stefanov(m|m2).cern.ch|/DC=ch/DC=cern/OU=computers/CN=dciangot-tw.cern.ch
  timeleft: 471:15:03  (19.6 days)

 error: 
 retcode : 0
DEBUG 2024-02-22 20:26:24.567 UTC: 	 Myproxy is valid: 1696500
DEBUG 2024-02-22 20:26:24.567 UTC: 	 Result of myproxy credential check:
  Credential exists on myproxy: username: db438794163ae221c16ac5cdc1e476b2bc2ff634  - validity: 19 days, 15:15:00
DEBUG 2024-02-22 20:26:24.568 UTC: 	 Encoded data for curl request: subresource=search&workflow=240221_223145%3Ambuonsan_crab_SkimB4Mu_2023eraC-v3_stream7_Mini
DEBUG 2024-02-22 20:26:24.743 UTC: 	 Command use: resubmit
DEBUG 2024-02-22 20:26:24.744 UTC: 	 Options use: ['-d', 'crab_projects/crab_SkimB4Mu_2023eraC-v3_stream7_Mini']
DEBUG 2024-02-22 20:26:24.744 UTC: 	 Encoded data for curl request: subresource=version
DEBUG 2024-02-22 20:26:24.909 UTC: 	 CRABClient version: v3.240110
DEBUG 2024-02-22 20:26:24.909 UTC: 	 Instance is prod
DEBUG 2024-02-22 20:26:24.909 UTC: 	 Server base url is cmsweb.cern.ch
DEBUG 2024-02-22 20:26:24.909 UTC: 	 Command api workflow
DEBUG 2024-02-22 20:26:24.922 UTC: 	 CRAB Client version: v3.240110
DEBUG 2024-02-22 20:26:24.922 UTC: 	 Running on: Linux ui02.recas.ba.infn.it 3.10.0-1160.80.1.el7.x86_64 #1 SMP Tue Nov 8 15:48:59 UTC 2022 x86_64 x86_64 x86_64 GNU/Linux - CentOS Linux 7 (Core)
DEBUG 2024-02-22 20:26:24.922 UTC: 	 Executing command: 'status'
DEBUG 2024-02-22 20:26:24.922 UTC: 	 Found CRAB cache file /lustrehome/mbuonsante/.crab3
DEBUG 2024-02-22 20:26:24.925 UTC: 	 Checking credentials
DEBUG 2024-02-22 20:26:24.925 UTC: 	 Found proxy file /tmp/x509up_u881331
DEBUG 2024-02-22 20:26:24.925 UTC: 	 Making sure it has proper VOMS extension
DEBUG 2024-02-22 20:26:24.926 UTC: 	 Executing command :
 voms-proxy-info --vo --file /tmp/x509up_u881331
DEBUG 2024-02-22 20:26:25.899 UTC: 	 output : cms

 error: 
 retcode : 0
DEBUG 2024-02-22 20:26:25.900 UTC: 	 Getting proxy life time left
DEBUG 2024-02-22 20:26:25.900 UTC: 	 Executing command :
 voms-proxy-info --actimeleft --timeleft --file /tmp/x509up_u881331
DEBUG 2024-02-22 20:26:27.056 UTC: 	 output : 400430
400429

 error: 
 retcode : 0
DEBUG 2024-02-22 20:26:27.057 UTC: 	 Proxy valid for 111:13:49 hours
DEBUG 2024-02-22 20:26:27.057 UTC: 	 Encoded data for curl request: subresource=delegatedn
DEBUG 2024-02-22 20:26:27.232 UTC: 	 Registering user credentials on myproxy for /DC=ch/DC=cern/OU=computers/CN=crab-(preprod|prod|dev)-tw(01|02|03).cern.ch|/DC=ch/DC=cern/OU=computers/CN=stefanov(m|m2).cern.ch|/DC=ch/DC=cern/OU=computers/CN=dciangot-tw.cern.ch
DEBUG 2024-02-22 20:26:27.233 UTC: 	 Executing command :
 voms-proxy-info --identity --file /tmp/x509up_u881331
DEBUG 2024-02-22 20:26:28.319 UTC: 	 output : /DC=ch/DC=cern/OU=Organic Units/OU=Users/CN=mbuonsan/CN=866052/CN=Marco Buonsante

 error: 
 retcode : 0
DEBUG 2024-02-22 20:26:28.319 UTC: 	 Getting myproxy life time left for db438794163ae221c16ac5cdc1e476b2bc2ff634
DEBUG 2024-02-22 20:26:28.319 UTC: 	 Executing command :
 myproxy-info -s myproxy.cern.ch -l db438794163ae221c16ac5cdc1e476b2bc2ff634
DEBUG 2024-02-22 20:26:28.704 UTC: 	 output : username: db438794163ae221c16ac5cdc1e476b2bc2ff634
owner: /DC=ch/DC=cern/OU=Organic Units/OU=Users/CN=mbuonsan/CN=866052/CN=Marco Buonsante
  renewal policy: /DC=ch/DC=cern/OU=computers/CN=crab-(preprod|prod|dev)-tw(01|02|03).cern.ch|/DC=ch/DC=cern/OU=computers/CN=stefanov(m|m2).cern.ch|/DC=ch/DC=cern/OU=computers/CN=dciangot-tw.cern.ch
  trusted retrieval policy: /DC=ch/DC=cern/OU=computers/CN=crab-(preprod|prod|dev)-tw(01|02|03).cern.ch|/DC=ch/DC=cern/OU=computers/CN=stefanov(m|m2).cern.ch|/DC=ch/DC=cern/OU=computers/CN=dciangot-tw.cern.ch
  timeleft: 471:14:59  (19.6 days)

 error: 
 retcode : 0
DEBUG 2024-02-22 20:26:28.704 UTC: 	 Myproxy is valid: 1696440
DEBUG 2024-02-22 20:26:28.704 UTC: 	 Result of myproxy credential check:
  Credential exists on myproxy: username: db438794163ae221c16ac5cdc1e476b2bc2ff634  - validity: 19 days, 15:14:00
DEBUG 2024-02-22 20:26:28.704 UTC: 	 Retrieving username ...
DEBUG 2024-02-22 20:26:28.704 UTC: 	 Retrieving username from CRIC...
DEBUG 2024-02-22 20:26:29.736 UTC: 	 username is mbuonsan
INFO 2024-02-22 20:26:31.002 UTC: 	 Rucio client intialized for account mbuonsan
DEBUG 2024-02-22 20:26:31.003 UTC: 	 Command use: status
DEBUG 2024-02-22 20:26:31.003 UTC: 	 Options use: []
DEBUG 2024-02-22 20:26:31.003 UTC: 	 Encoded data for curl request: subresource=version
DEBUG 2024-02-22 20:26:31.179 UTC: 	 CRABClient version: v3.240110
DEBUG 2024-02-22 20:26:31.179 UTC: 	 Instance is prod
DEBUG 2024-02-22 20:26:31.179 UTC: 	 Server base url is cmsweb.cern.ch
DEBUG 2024-02-22 20:26:31.179 UTC: 	 Command api workflow
DEBUG 2024-02-22 20:26:31.180 UTC: 	 Encoded data for curl request: subresource=search&workflow=240221_223145%3Ambuonsan_crab_SkimB4Mu_2023eraC-v3_stream7_Mini
DEBUG 2024-02-22 20:26:31.359 UTC: 	 Got information from server oracle database: {'desc': {'columns': ['tm_taskname', 'tm_activity', 'panda_jobset_id', 'tm_task_status', 'tm_task_command', 'tm_start_time', 'tm_start_injection', 'tm_end_injection', 'tm_task_failure', 'tm_job_sw', 'tm_job_arch', 'tm_input_dataset', 'tm_nonvalid_input_dataset', 'tm_use_parent', 'tm_site_whitelist', 'tm_site_blacklist', 'tm_split_algo', 'tm_split_args', 'tm_user_sandbox', 'tm_cache_url', 'tm_username', 'tm_user_dn', 'tm_user_vo', 'tm_user_role', 'tm_user_group', 'tm_publish_name', 'tm_publish_groupname', 'tm_asyncdest', 'tm_dbs_url', 'tm_publish_dbs_url', 'tm_publication', 'tm_outfiles', 'tm_tfile_outfiles', 'tm_edm_outfiles', 'tm_job_type', 'tm_generator', 'tm_events_per_lumi', 'tm_arguments', 'panda_resubmitted_jobs', 'tm_save_logs', 'tw_name', 'tm_user_infiles', 'tm_maxjobruntime', 'tm_numcores', 'tm_maxmemory', 'tm_priority', 'tm_output_dataset', 'tm_task_warnings', 'tm_user_webdir', 'tm_scriptexe', 'tm_scriptargs', 'tm_extrajdl', 'tm_asourl', 'tm_collector', 'tm_schedd', 'tm_dry_run', 'tm_user_files', 'tm_transfer_outputs', 'tm_output_lfn', 'tm_ignore_locality', 'tm_fail_limit', 'tm_one_event_mode', 'tm_secondary_input_dataset', 'tm_primary_dataset', 'tm_last_publication', 'tm_debug_files', 'clusterid', 'tm_asodb', 'tm_ignore_global_blacklist', 'tm_submitter_ip_addr', 'tm_totalunits', 'tm_ddm_reqid', 'tm_user_config', 'tm_transfer_container', 'tm_transfer_rule', 'tm_publish_rule', 'tm_multipub_rule']}, 'result': ['240221_223145:mbuonsan_crab_SkimB4Mu_2023eraC-v3_stream7_Mini', 'None', 'None', 'SUBMITTED', 'SUBMIT', '2024-02-21 22:31:45.303849', 'None', '2024-02-21 22:34:11.812614', 'None', 'CMSSW_13_0_13', 'slc7_amd64_gcc11', '/ParkingDoubleMuonLowMass7/Run2023C-22Sep2023_v3-v1/MINIAOD', 'T', '0', '[]', '[]', 'LumiBased', "{'halt_job_on_file_boundaries': False, 'splitOnRun': False, 'lumis_per_job': 50, 'runs': ['367095', '367100', '367102', '367103', '367104', '367111', '367112', '367127', '367128', '367129', '367130', '367131', '367133', '367228', '367229', '367230', '367231', '367232', '367234', '367260', '367262', '367263', '367264', '367267', '367269', '367270', '367271', '367312', '367314', '367315', '367334', '367336', '367337', '367355', '367406', '367413', '367415', '367416', '367475', '367477', '367515', '367516', '367552', '367553', '367554', '367615', '367618', '367619', '367661', '367662', '367663', '367665', '367666', '367691', '367696', '367699', '367730', '367742', '367758', '367770', '367771', '367772', '367790', '367831', '367836', '367838', '367840', '367881', '367883', '367884', '367902', '367904', '367905', '367906', '367907', '367908', '367910', '368223', '368224', '368229', '368318', '368320', '368321', '368332', '368333', '368343', '368382', '368384', '368388', '368389', '368400', '368410', '368412', '368423', '368451', '368453', '368454', '368489', '368546', '368547', '368548', '368566', '368567', '368609', '368611', '368613', '368636', '368669', '368670', '368672', '368674', '368675', '368676', '368678', '368684', '368685', '368723', '368724', '368746', '368749', '368753', '368762', '368764', '368765', '368822', '368823'], 'lumis': ['1,564', '45,390', '1,75', '1,64', '1,1082', '51,338', '1,1438', '18,350', '1,2,6,6,11,12,14,15', '1,3', '1,2,6,9,13,126,135,167', '1,149', '1,275', '55,280,285,287,292,294,298,304', '1,34', '1,1', '1,22', '1,996', '1,501', '52,69,72,240', '1,42,49,119,123,271', '10,21', '1,847', '45,322', '1,33', '1,961', '1,135', '53,225,227,269', '1,20', '1,893', '26,324', '1,169', '1,1046', '60,63', '48,476', '68,448,450,467,469,746,748,750,752,898,900,1340,1342,1367', '1,97', '1,55', '56,634', '1,1289', '44,668', '1,1236', '49,59', '1,644', '1,312', '53,484', '18,341', '1,300,302,501,503,579', '50,366', '1,18', '1,1', '1,271', '1,11,16,86', '46,204', '1,856,858,1920', '1,151', '48,562', '39,443', '52,767', '47,198', '1,91', '1,6', '1,160', '53,504', '48,588', '1,793', '1,570', '14,152', '1,1050', '1,1011', '42,273', '1,103', '1,48', '1,344', '1,119', '1,358', '1,593', '45,437,445,487', '1,57', '52,569', '37,319', '1,285', '1,337', '1,14', '1,25', '1,328', '37,792', '1,44', '39,444,448,1431,1434,1472', '1,198', '40,271', '49,1501', '1,92', '42,159,161,516', '1,144', '1,5', '1,68,72,1168', '47,791,793,827,829,863,865,899,901,935,937,971,973,1007,1009,1043,1045,1079,1081,1280,1282,1380,1382,1581,1583,1595', '1,659', '1,194,197,702', '1,75,77,86,89,90,93,280,282,1044', '1,1195', '1,31,33,411,414,436', '41,1039', '1,247,249,382', '1,260', '51,819', '42,410', '1,255,306,308', '1,866', '1,12', '1,50', '1,156', '1,171', '40,135', '1,1481', '63,63,97,188', '1,1200', '39,77', '1,169', '1,976', '45,238', '1,1', '1,1386', '45,330,332,908,910,991', '3,35']}", 'c21f585968b676319b78458a8dfff0d78967d784c1d5d78343c5cdc38d3be0e5.tar.gz', 'https://cmsweb.cern.ch/S3/crabcache_prod', 'mbuonsan', '/DC=ch/DC=cern/OU=Organic Units/OU=Users/CN=mbuonsan/CN=866052/CN=Marco Buonsante', 'cms', 'None', 'None', 'SkimB4Mu_2023eraC-v3_stream7_Mini-00000000000000000000000000000000', 'F', 'T2_IT_Bari', 'https://cmsweb.cern.ch/dbs/prod/global/DBSReader', 'https://cmsweb.cern.ch/dbs/prod/phys03/DBSWriter', 'T', '[]', "['TreeData.root']", '[]', 'Analysis', 'pythia', 'None', '{}', 'None', 'F', 'crab-prod-tw01', '[]', '1250', '1', '2000', '10', "['/FakeDataset/fakefile-FakePublish-e7907a36e226490a3660fc16f2e09d58/USER']", '[]', 'http://vocms0144.cern.ch/mon/mbuonsan/240221_223145:mbuonsan_crab_SkimB4Mu_2023eraC-v3_stream7_Mini', 'None', '[]', '[]', 'None', 'cmsgwms-collector-global.cern.ch:9620,cmsgwms-collector-global.fnal.gov:9620', 'crab3@vocms0144.cern.ch', 'F', '[]', 'T', '/store/user/mbuonsan/', 'F', 'None', 'F', 'None', 'ParkingDoubleMuonLowMass7', 'None', 'b1aebf00dc389b18cf9e69fe853792c8d7d533ed257e3af0269384c94457406f.tar.gz', '103686676', 'None', 'T', '137.138.154.184', '0.0', 'None', '{"partialdataset": false, "requireaccelerator": false, "acceleratorparams": null, "inputblocks": null}', 'None', 'None', 'None', 'None']}
INFO 2024-02-22 20:26:31.359 UTC: 	 CRAB project directory:		/lustrehome/mbuonsante/B_4mu/CMSSW_13_0_13/src/B4muNtuplizer/CrabSubmission/2023_eraC-v3/crab_projects/crab_SkimB4Mu_2023eraC-v3_stream7_Mini
INFO 2024-02-22 20:26:31.359 UTC: 	 Task name:			240221_223145:mbuonsan_crab_SkimB4Mu_2023eraC-v3_stream7_Mini
INFO 2024-02-22 20:26:31.359 UTC: 	 Grid scheduler - Task Worker:	crab3@vocms0144.cern.ch - crab-prod-tw01
INFO 2024-02-22 20:26:31.359 UTC: 	 Status on the CRAB server:	SUBMITTED
INFO 2024-02-22 20:26:31.359 UTC: 	 Task URL to use for HELP:	https://cmsweb.cern.ch/crabserver/ui/task/240221_223145%3Ambuonsan_crab_SkimB4Mu_2023eraC-v3_stream7_Mini
INFO 2024-02-22 20:26:31.373 UTC: 	 Dashboard monitoring URL:	https://monit-grafana.cern.ch/d/cmsTMDetail/cms-task-monitoring-task-view?orgId=11&var-user=mbuonsan&var-task=240221_223145%3Ambuonsan_crab_SkimB4Mu_2023eraC-v3_stream7_Mini&from=1708551105000&to=now
DEBUG 2024-02-22 20:26:31.373 UTC: 	 The CRAB server submitted your task to the Grid scheduler (cluster ID: 103686676)
DEBUG 2024-02-22 20:26:31.373 UTC: 	 Webdir is located at http://vocms0144.cern.ch/mon/mbuonsan/240221_223145:mbuonsan_crab_SkimB4Mu_2023eraC-v3_stream7_Mini
DEBUG 2024-02-22 20:26:31.373 UTC: 	 Encoded data for curl request: subresource=webdirprx&workflow=240221_223145%3Ambuonsan_crab_SkimB4Mu_2023eraC-v3_stream7_Mini
DEBUG 2024-02-22 20:26:31.552 UTC: 	 Proxied webdir is located at https://cmsweb.cern.ch:8443/scheddmon/0144/mbuonsan/240221_223145:mbuonsan_crab_SkimB4Mu_2023eraC-v3_stream7_Mini
DEBUG 2024-02-22 20:26:31.553 UTC: 	 Retrieving 'status_cache' file from https://cmsweb.cern.ch:8443/scheddmon/0144/mbuonsan/240221_223145:mbuonsan_crab_SkimB4Mu_2023eraC-v3_stream7_Mini/status_cache.pkl
DEBUG 2024-02-22 20:26:31.553 UTC: 	 Will execute:
curl -sS --capath /etc/grid-security/certificates --cert /tmp/x509up_u881331 --key /tmp/x509up_u881331 -o /tmp/crab_status-cache-c94625q0.pkl -w %"{http_code}" "https://cmsweb.cern.ch:8443/scheddmon/0144/mbuonsan/240221_223145:mbuonsan_crab_SkimB4Mu_2023eraC-v3_stream7_Mini/status_cache.pkl"
DEBUG 2024-02-22 20:26:31.553 UTC: 	 Executing command :
 curl -sS --capath /etc/grid-security/certificates --cert /tmp/x509up_u881331 --key /tmp/x509up_u881331 -o /tmp/crab_status-cache-c94625q0.pkl -w %"{http_code}" "https://cmsweb.cern.ch:8443/scheddmon/0144/mbuonsan/240221_223145:mbuonsan_crab_SkimB4Mu_2023eraC-v3_stream7_Mini/status_cache.pkl"
DEBUG 2024-02-22 20:26:31.749 UTC: 	 output : 200
 error: 
 retcode : 0
DEBUG 2024-02-22 20:26:31.749 UTC: 	 exitcode: 0
stdout: 200
stderr: 
error details: 
DEBUG 2024-02-22 20:26:31.751 UTC: 	 Got information from status cache file: {'1': {'Retries': 0, 'Restarts': 0, 'SiteHistory': ['Unknown', 'T2_UK_SGrid_RALPP', 'T2_UK_SGrid_RALPP'], 'ResidentSetSize': [1163608], 'SubmitTimes': [1708554861.0], 'StartTimes': [1708555440.0], 'EndTimes': [1708556635.0], 'TotalUserCpuTimeHistory': [965], 'TotalSysCpuTimeHistory': [31], 'WallDurations': [9.0, 79.22335195541382, 1195.0], 'JobIds': ['103686680.0'], 'State': 'finished', 'RecordedSite': True}, '2': {'Retries': 0, 'Restarts': 0, 'SiteHistory': ['Unknown', 'T2_UK_SGrid_RALPP', 'T2_UK_SGrid_RALPP'], 'ResidentSetSize': [1571936], 'SubmitTimes': [1708554861.0], 'StartTimes': [1708555440.0], 'EndTimes': [1708556981.0], 'TotalUserCpuTimeHistory': [1358], 'TotalSysCpuTimeHistory': [35], 'WallDurations': [9.0, 79.22335195541382, 1541.0], 'JobIds': ['103686681.0'], 'State': 'finished', 'RecordedSite': True}, '5': {'Retries': 0, 'Restarts': 0, 'SiteHistory': ['Unknown', 'T2_UK_SGrid_RALPP', 'T2_UK_SGrid_RALPP'], 'ResidentSetSize': [1186764], 'SubmitTimes': [1708554861.0], 'StartTimes': [1708555440.0], 'EndTimes': [1708557173.0], 'TotalUserCpuTimeHistory': [1526], 'TotalSysCpuTimeHistory': [42], 'WallDurations': [9.0, 79.22335195541382, 1733.0], 'JobIds': ['103686682.0'], 'State': 'finished', 'RecordedSite': True}, '3': {'Retries': 1, 'Restarts': 0, 'SiteHistory': ['Unknown', 'T2_UK_SGrid_RALPP', 'T2_UK_SGrid_RALPP', 'T2_IT_Legnaro', 'T2_IT_Legnaro'], 'ResidentSetSize': [1357260, 1537660], 'SubmitTimes': [1708554861.0, 1708561086.0], 'StartTimes': [1708555441.0, 1708561156.0], 'EndTimes': [1708557415.0, 1708562799.0], 'TotalUserCpuTimeHistory': [1630, 1498], 'TotalSysCpuTimeHistory': [57, 43], 'WallDurations': [9.0, 78.22335195541382, 1974.0, 9.0, 1643.0], 'JobIds': ['103686683.0', '103689159.0'], 'State': 'finished', 'RecordedSite': True}, '4': {'Retries': 0, 'Restarts': 0, 'SiteHistory': ['Unknown', 'T2_UK_SGrid_RALPP', 'T2_UK_SGrid_RALPP'], 'ResidentSetSize': [1490376], 'SubmitTimes': [1708554861.0], 'StartTimes': [1708555443.0], 'EndTimes': [1708557070.0], 'TotalUserCpuTimeHistory': [1273], 'TotalSysCpuTimeHistory': [47], 'WallDurations': [8.0, 76.22335195541382, 1627.0], 'JobIds': ['103686684.0'], 'State': 'finished', 'RecordedSite': True}, '6': {'Retries': 0, 'Restarts': 0, 'SiteHistory': ['Unknown', 'T3_UK_London_QMUL', 'T3_UK_London_QMUL'], 'ResidentSetSize': [1234676], 'SubmitTimes': [1708554861.0], 'StartTimes': [1708554921.0], 'EndTimes': [1708558379.0], 'TotalUserCpuTimeHistory': [2410], 'TotalSysCpuTimeHistory': [70], 'WallDurations': [9.0, 297.9813470840454, 3458.0], 'JobIds': ['103686685.0'], 'State': 'finished', 'RecordedSite': True}, '9': {'Retries': 0, 'Restarts': 0, 'SiteHistory': ['Unknown', 'T2_IT_Rome', 'T2_IT_Rome'], 'ResidentSetSize': [1257068], 'SubmitTimes': [1708554861.0], 'StartTimes': [1708555196.0], 'EndTimes': [1708556345.0], 'TotalUserCpuTimeHistory': [911], 'TotalSysCpuTimeHistory': [27], 'WallDurations': [9.0, 22.98134708404541, 1149.0], 'JobIds': ['103686686.0'], 'State': 'finished', 'RecordedSite': True}, '7': {'Retries': 0, 'Restarts': 0, 'SiteHistory': ['Unknown', 'T3_UK_London_QMUL', 'T3_UK_London_QMUL'], 'ResidentSetSize': [942164], 'SubmitTimes': [1708554861.0], 'StartTimes': [1708554987.0], 'EndTimes': [1708555867.0], 'TotalUserCpuTimeHistory': [639], 'TotalSysCpuTimeHistory': [23], 'WallDurations': [8.0, 231.9813470840454, 880.0], 'JobIds': ['103686687.0'], 'State': 'finished', 'RecordedSite': True}, '10': {'Retries': 0, 'Restarts': 0, 'SiteHistory': ['Unknown', 'T2_IT_Rome', 'T2_IT_Rome'], 'ResidentSetSize': [1254732], 'SubmitTimes': [1708554861.0], 'StartTimes': [1708555197.0], 'EndTimes': [1708556881.0], 'TotalUserCpuTimeHistory': [1367], 'TotalSysCpuTimeHistory': [37], 'WallDurations': [9.0, 21.98134708404541, 1684.0], 'JobIds': ['103686688.0'], 'State': 'finished', 'RecordedSite': True}, '13': {'Retries': 0, 'Restarts': 0, 'SiteHistory': ['Unknown', 'T2_IT_Rome', 'T2_IT_Rome'], 'ResidentSetSize': [1296988], 'SubmitTimes': [1708554861.0], 'StartTimes': [1708555197.0], 'EndTimes': [1708556629.0], 'TotalUserCpuTimeHistory': [1180], 'TotalSysCpuTimeHistory': [40], 'WallDurations': [8.0, 21.98134708404541, 1432.0], 'JobIds': ['103686689.0'], 'State': 'finished', 'RecordedSite': True}, '8': {'Retries': 0, 'Restarts': 0, 'SiteHistory': ['T2_UK_London_IC', 'T2_UK_London_IC'], 'ResidentSetSize': [1620512], 'SubmitTimes': [1708554861.0], 'StartTimes': [1708554888.0], 'EndTimes': [1708555756.0], 'TotalUserCpuTimeHistory': [709], 'TotalSysCpuTimeHistory': [33], 'WallDurations': [9.0, 868.0], 'JobIds': ['103686690.0'], 'State': 'finished', 'RecordedSite': True}, '11': {'Retries': 0, 'Restarts': 0, 'SiteHistory': ['Unknown', 'T2_IT_Rome', 'T2_IT_Rome'], 'ResidentSetSize': [1139524], 'SubmitTimes': [1708554861.0], 'StartTimes': [1708555198.0], 'EndTimes': [1708556207.0], 'TotalUserCpuTimeHistory': [811], 'TotalSysCpuTimeHistory': [38], 'WallDurations': [8.0, 20.98134708404541, 1009.0], 'JobIds': ['103686691.0'], 'State': 'finished', 'RecordedSite': True}, '17': {'Retries': 0, 'Restarts': 0, 'SiteHistory': ['Unknown', 'T2_IT_Rome', 'T2_IT_Rome'], 'ResidentSetSize': [932788], 'SubmitTimes': [1708554861.0], 'StartTimes': [1708555198.0], 'EndTimes': [1708555826.0], 'TotalUserCpuTimeHistory': [480], 'TotalSysCpuTimeHistory': [25], 'WallDurations': [8.0, 20.98134708404541, 628.0], 'JobIds': ['103686692.0'], 'State': 'finished', 'RecordedSite': True}, '20': {'Retries': 0, 'Restarts': 0, 'SiteHistory': ['Unknown', 'T2_IT_Rome', 'T2_IT_Rome'], 'ResidentSetSize': [1207784], 'SubmitTimes': [1708554861.0], 'StartTimes': [1708555197.0], 'EndTimes': [1708555678.0], 'TotalUserCpuTimeHistory': [344], 'TotalSysCpuTimeHistory': [16], 'WallDurations': [9.0, 21.98134708404541, 481.0], 'JobIds': ['103686693.0'], 'State': 'finished', 'RecordedSite': True}, '14': {'Retries': 0, 'Restarts': 0, 'SiteHistory': ['Unknown', 'T2_IT_Rome', 'T2_IT_Rome'], 'ResidentSetSize': [941780], 'SubmitTimes': [1708554861.0], 'StartTimes': [1708555196.0], 'EndTimes': [1708555791.0], 'TotalUserCpuTimeHistory': [462], 'TotalSysCpuTimeHistory': [13], 'WallDurations': [9.0, 22.98134708404541, 595.0], 'JobIds': ['103686694.0'], 'State': 'finished', 'RecordedSite': True}, '16': {'Retries': 0, 'Restarts': 0, 'SiteHistory': ['Unknown', 'T2_IT_Rome', 'T2_IT_Rome'], 'ResidentSetSize': [944936], 'SubmitTimes': [1708554861.0], 'StartTimes': [1708555198.0], 'EndTimes': [1708556115.0], 'TotalUserCpuTimeHistory': [739], 'TotalSysCpuTimeHistory': [29], 'WallDurations': [8.0, 20.98134708404541, 917.0], 'JobIds': ['103686695.0'], 'State': 'finished', 'RecordedSite': True}, '18': {'Retries': 0, 'Restarts': 0, 'SiteHistory': ['Unknown', 'T2_IT_Rome', 'T2_IT_Rome'], 'ResidentSetSize': [1254372], 'SubmitTimes': [1708554861.0], 'StartTimes': [1708555197.0], 'EndTimes': [1708555740.0], 'TotalUserCpuTimeHistory': [411], 'TotalSysCpuTimeHistory': [14], 'WallDurations': [9.0, 21.98134708404541, 543.0], 'JobIds': ['103686696.0'], 'State': 'finished', 'RecordedSite': True}, '19': {'Retries': 0, 'Restarts': 0, 'SiteHistory': ['Unknown', 'T2_IT_Rome', 'T2_IT_Rome'], 'ResidentSetSize': [982640], 'SubmitTimes': [1708554861.0], 'StartTimes': [1708555197.0], 'EndTimes': [1708555818.0], 'TotalUserCpuTimeHistory': [470], 'TotalSysCpuTimeHistory': [25], 'WallDurations': [8.0, 21.98134708404541, 621.0], 'JobIds': ['103686697.0'], 'State': 'finished', 'RecordedSite': True}, '12': {'Retries': 0, 'Restarts': 0, 'SiteHistory': ['Unknown', 'T2_IT_Rome', 'T2_IT_Rome'], 'ResidentSetSize': [1277072], 'SubmitTimes': [1708554861.0], 'StartTimes': [1708555197.0], 'EndTimes': [1708556488.0], 'TotalUserCpuTimeHistory': [1071], 'TotalSysCpuTimeHistory': [43], 'WallDurations': [8.0, 21.98134708404541, 1291.0], 'JobIds': ['103686698.0'], 'State': 'finished', 'RecordedSite': True}, '15': {'Retries': 0, 'Restarts': 0, 'SiteHistory': ['Unknown', 'T2_IT_Rome', 'T2_IT_Rome'], 'ResidentSetSize': [1094772], 'SubmitTimes': [1708554861.0], 'StartTimes': [1708555197.0], 'EndTimes': [1708557011.0], 'TotalUserCpuTimeHistory': [1545], 'TotalSysCpuTimeHistory': [52], 'WallDurations': [9.0, 21.98134708404541, 1814.0], 'JobIds': ['103686699.0'], 'State': 'finished', 'RecordedSite': True}, '22': {'Retries': 0, 'Restarts': 0, 'SiteHistory': ['Unknown', 'T2_IT_Rome', 'T2_IT_Rome'], 'ResidentSetSize': [1273140], 'SubmitTimes': [1708554861.0], 'StartTimes': [1708555199.0], 'EndTimes': [1708556731.0], 'TotalUserCpuTimeHistory': [1287], 'TotalSysCpuTimeHistory': [42], 'WallDurations': [8.0, 19.98134708404541, 1532.0], 'JobIds': ['103686700.0'], 'State': 'finished', 'RecordedSite': True}, '23': {'Retries': 0, 'Restarts': 0, 'SiteHistory': ['Unknown', 'T2_IT_Rome', 'T2_IT_Rome'], 'ResidentSetSize': [1160988], 'SubmitTimes': [1708554861.0], 'StartTimes': [1708555197.0], 'EndTimes': [1708556182.0], 'TotalUserCpuTimeHistory': [720], 'TotalSysCpuTimeHistory': [18], 'WallDurations': [8.0, 21.98134708404541, 985.0], 'JobIds': ['103686701.0'], 'State': 'finished', 'RecordedSite': True}, '26': {'Retries': 0, 'Restarts': 0, 'SiteHistory': ['Unknown', 'T2_IT_Rome', 'T2_IT_Rome'], 'ResidentSetSize': [1223564], 'SubmitTimes': [1708554861.0], 'StartTimes': [1708555199.0], 'EndTimes': [1708558518.0], 'TotalUserCpuTimeHistory': [2901], 'TotalSysCpuTimeHistory': [76], 'WallDurations': [8.0, 19.98134708404541, 3319.0], 'JobIds': ['103686702.0'], 'State': 'finished', 'RecordedSite': True}, '24': {'Retries': 0, 'Restarts': 0, 'SiteHistory': ['Unknown', 'T2_IT_Rome', 'T2_IT_Rome'], 'ResidentSetSize': [1134088], 'SubmitTimes': [1708554861.0], 'StartTimes': [1708555197.0], 'EndTimes': [1708556607.0], 'TotalUserCpuTimeHistory': [1161], 'TotalSysCpuTimeHistory': [28], 'WallDurations': [9.0, 21.98134708404541, 1410.0], 'JobIds': ['103686703.0'], 'State': 'finished', 'RecordedSite': True}, '27': {'Retries': 0, 'Restarts': 0, 'SiteHistory': ['Unknown', 'T2_IT_Rome', 'T2_IT_Rome'], 'ResidentSetSize': [1244380], 'SubmitTimes': [1708554861.0], 'StartTimes': [1708555198.0], 'EndTimes': [1708558547.0], 'TotalUserCpuTimeHistory': [2952], 'TotalSysCpuTimeHistory': [78], 'WallDurations': [8.0, 20.98134708404541, 3349.0], 'JobIds': ['103686704.0'], 'State': 'finished', 'RecordedSite': True}, '30': {'Retries': 0, 'Restarts': 0, 'SiteHistory': ['Unknown', 'T2_IT_Rome', 'T2_IT_Rome'], 'ResidentSetSize': [1298580], 'SubmitTimes': [1708554862.0], 'StartTimes': [1708555198.0], 'EndTimes': [1708557382.0], 'TotalUserCpuTimeHistory': [1856], 'TotalSysCpuTimeHistory': [55], 'WallDurations': [9.0, 20.98134708404541, 2184.0], 'JobIds': ['103686705.0'], 'State': 'finished', 'RecordedSite': True}, '34': {'Retries': 0, 'Restarts': 0, 'SiteHistory': ['Unknown', 'T2_IT_Rome', 'T2_IT_Rome'], 'ResidentSetSize': [1244176], 'SubmitTimes': [1708554862.0], 'StartTimes': [1708555199.0], 'EndTimes': [1708557095.0], 'TotalUserCpuTimeHistory': [1575], 'TotalSysCpuTimeHistory': [53], 'WallDurations': [8.0, 19.98134708404541, 1896.0], 'JobIds': ['103686706.0'], 'State': 'finished', 'RecordedSite': True}, '25': {'Retries': 0, 'Restarts': 0, 'SiteHistory': ['Unknown', 'T2_IT_Rome', 'T2_IT_Rome'], 'ResidentSetSize': [1251540], 'SubmitTimes': [1708554862.0], 'StartTimes': [1708555200.0], 'EndTimes': [1708558403.0], 'TotalUserCpuTimeHistory': [2814], 'TotalSysCpuTimeHistory': [75], 'WallDurations': [8.0, 18.98134708404541, 3203.0], 'JobIds': ['103686707.0'], 'State': 'finished', 'RecordedSite': True}, '33': {'Retries': 0, 'Restarts': 0, 'SiteHistory': ['Unknown', 'T2_IT_Rome', 'T2_IT_Rome'], 'ResidentSetSize': [1251836], 'SubmitTimes': [1708554862.0], 'StartTimes': [1708555198.0], 'EndTimes': [1708557151.0], 'TotalUserCpuTimeHistory': [1630], 'TotalSysCpuTimeHistory': [36], 'WallDurations': [8.0, 20.98134708404541, 1953.0], 'JobIds': ['103686708.0'], 'State': 'finished', 'RecordedSite': True}, '28': {'Retries': 0, 'Restarts': 0, 'SiteHistory': ['Unknown', 'T2_IT_Rome', 'T2_IT_Rome'], 'ResidentSetSize': [1245736], 'SubmitTimes': [1708554862.0], 'StartTimes': [1708555199.0], 'EndTimes': [1708558479.0], 'TotalUserCpuTimeHistory': [2898], 'TotalSysCpuTimeHistory': [78], 'WallDurations': [8.0, 19.98134708404541, 3280.0], 'JobIds': ['103686709.0'], 'State': 'finished', 'RecordedSite': True}, '29': {'Retries': 0, 'Restarts': 0, 'SiteHistory': ['Unknown', 'T2_IT_Rome', 'T2_IT_Rome'], 'ResidentSetSize': [1251372], 'SubmitTimes': [1708554862.0], 'StartTimes': [1708555199.0], 'EndTimes': [1708558559.0], 'TotalUserCpuTimeHistory': [2908], 'TotalSysCpuTimeHistory': [78], 'WallDurations': [9.0, 19.98134708404541, 3360.0], 'JobIds': ['103686710.0'], 'State': 'finished', 'RecordedSite': True}, '32': {'Retries': 0, 'Restarts': 0, 'SiteHistory': ['Unknown', 'T2_IT_Rome', 'T2_IT_Rome'], 'ResidentSetSize': [1237748], 'SubmitTimes': [1708554862.0], 'StartTimes': [1708555200.0], 'EndTimes': [1708558466.0], 'TotalUserCpuTimeHistory': [2881], 'TotalSysCpuTimeHistory': [77], 'WallDurations': [8.0, 18.98134708404541, 3266.0], 'JobIds': ['103686711.0'], 'State': 'finished', 'RecordedSite': True}, '37': {'Retries': 0, 'Restarts': 0, 'SiteHistory': ['Unknown', 'T2_IN_TIFR', 'T2_IN_TIFR'], 'ResidentSetSize': [954196], 'SubmitTimes': [1708554862.0], 'StartTimes': [1708555037.0], 'EndTimes': [1708565060.0], 'TotalUserCpuTimeHistory': [472.0], 'TotalSysCpuTimeHistory': [65.0], 'WallDurations': [8.0, 181.9813470840454, 10023.0], 'JobIds': ['103686712.0'], 'State': 'finished', 'RecordedSite': True}, '38': {'Retries': 0, 'Restarts': 0, 'SiteHistory': ['Unknown', 'T2_US_Caltech', 'T2_US_Caltech'], 'ResidentSetSize': [1574392], 'SubmitTimes': [1708554862.0], 'StartTimes': [1708556282.0], 'EndTimes': [1708556385.0], 'TotalUserCpuTimeHistory': [54], 'TotalSysCpuTimeHistory': [5], 'WallDurations': [103.0, 141.25469827651978, 141.25469827651978], 'JobIds': ['103686713.0'], 'State': 'finished', 'RecordedSite': True}, '39': {'Retries': 0, 'Restarts': 0, 'SiteHistory': ['Unknown', 'T2_US_Caltech', 'T2_US_Caltech'], 'ResidentSetSize': [1760544], 'SubmitTimes': [1708554862.0], 'StartTimes': [1708556286.0], 'EndTimes': [1708558081.0], 'TotalUserCpuTimeHistory': [1314], 'TotalSysCpuTimeHistory': [32], 'WallDurations': [9.0, 137.25469827651978, 1795.0], 'JobIds': ['103686714.0'], 'State': 'finished', 'RecordedSite': True}, '31': {'Retries': 0, 'Restarts': 0, 'SiteHistory': ['Unknown', 'T2_IT_Rome', 'T2_IT_Rome'], 'ResidentSetSize': [1252840], 'SubmitTimes': [1708554862.0], 'StartTimes': [1708555201.0], 'EndTimes': [1708558565.0], 'TotalUserCpuTimeHistory': [2914], 'TotalSysCpuTimeHistory': [79], 'WallDurations': [8.0, 17.98134708404541, 3364.0], 'JobIds': ['103686715.0'], 'State': 'finished', 'RecordedSite': True}, '35': {'Retries': 0, 'Restarts': 0, 'SiteHistory': ['Unknown', 'T2_IT_Rome', 'T2_IT_Rome'], 'ResidentSetSize': [994980], 'SubmitTimes': [1708554862.0], 'StartTimes': [1708555255.0], 'EndTimes': [1708556086.0], 'TotalUserCpuTimeHistory': [718], 'TotalSysCpuTimeHistory': [23], 'WallDurations': [9.0, 264.2233519554138, 831.0], 'JobIds': ['103686716.0'], 'State': 'finished', 'RecordedSite': True}, '36': {'Retries': 0, 'Restarts': 0, 'SiteHistory': ['Unknown', 'T2_IN_TIFR', 'T2_IN_TIFR'], 'ResidentSetSize': [904556], 'SubmitTimes': [1708554862.0], 'StartTimes': [1708555049.0], 'EndTimes': [1708556150.0], 'TotalUserCpuTimeHistory': [16], 'TotalSysCpuTimeHistory': [6], 'WallDurations': [8.0, 169.9813470840454, 1101.0], 'JobIds': ['103686717.0'], 'State': 'failed', 'RecordedSite': True, 'Error': [8001, "Error while running CMSSW:\nFatal Exception\nAn exception of category 'FileReadError' occurred while\n   [0] Processing  Event run: 367661 lumi: 160 event: 234905384 stream: 0\n   [1] Running path 'B4MuSkim'\n   [2] Prefetching for module SimpleEventCounter/'InitialPlots'\n   [3] While reading from source std::vector<pat::Muon> slimmedMuons '' PAT\n   [4] Rethrowing an exception that happened on a different read request.\n   [5] Processing  Event run: 367661 lumi: 160 event: 234905384 stream: 0\n   [6] Running path 'B4MuSkim'\n   [7] Prefetching for module HLTHighLevel/'B4MuHLTFilter'\n   [8] While reading from source edm::TriggerResults TriggerResults '' HLT\n   [9] Reading branch edmTriggerResults_TriggerResults__HLT.\n   [10] Calling XrdFile::readv()\n   [11] XrdAdaptor::ClientRequest::HandleResponse() failure while running connection recovery\n   [12] Handling XrdAdaptor::RequestManager::requestFailure()\n   [13] In XrdAdaptor::RequestManager::OpenHandler::HandleResponseWithHosts()\nException Message:\nXrdCl::File::Open(name='root://xrootd-cms.infn.it//store/data/Run2023C/ParkingDoubleMuonLowMass7/MINIAOD/22Sep2023_v3-v1/2560000/f4e10fdf-b6a2-43cd-a529-1e0d84a18fdb.root', flags=0x10, permissions=0660) => error '[ERROR] Operation expired' (errno=0, code=206)\n   Additional Info:\n      [a] Original error: '[ERROR] Operation expired' (errno=0, code=206, source=ceph-gw10.gridpp.rl.ac.uk:1094 (site T1_UK_RAL)).\n      [b] Original failed source is ceph-gw10.gridpp.rl.ac.uk:1094 (site T1_UK_RAL)\n      [c] Disabled source: ceph-gw10.gridpp.rl.ac.uk:1094\n", {'type': 'Fatal Exception', 'details': "An exception of category 'FileReadError' occurred while\n   [0] Processing  Event run: 367661 lumi: 160 event: 234905384 stream: 0\n   [1] Running path 'B4MuSkim'\n   [2] Prefetching for module SimpleEventCounter/'InitialPlots'\n   [3] While reading from source std::vector<pat::Muon> slimmedMuons '' PAT\n   [4] Rethrowing an exception that happened on a different read request.\n   [5] Processing  Event run: 367661 lumi: 160 event: 234905384 stream: 0\n   [6] Running path 'B4MuSkim'\n   [7] Prefetching for module HLTHighLevel/'B4MuHLTFilter'\n   [8] While reading from source edm::TriggerResults TriggerResults '' HLT\n   [9] Reading branch edmTriggerResults_TriggerResults__HLT.\n   [10] Calling XrdFile::readv()\n   [11] XrdAdaptor::ClientRequest::HandleResponse() failure while running connection recovery\n   [12] Handling XrdAdaptor::RequestManager::requestFailure()\n   [13] In XrdAdaptor::RequestManager::OpenHandler::HandleResponseWithHosts()\nException Message:\nXrdCl::File::Open(name='root://xrootd-cms.infn.it//store/data/Run2023C/ParkingDoubleMuonLowMass7/MINIAOD/22Sep2023_v3-v1/2560000/f4e10fdf-b6a2-43cd-a529-1e0d84a18fdb.root', flags=0x10, permissions=0660) => error '[ERROR] Operation expired' (errno=0, code=206)\n   Additional Info:\n      [a] Original error: '[ERROR] Operation expired' (errno=0, code=206, source=ceph-gw10.gridpp.rl.ac.uk:1094 (site T1_UK_RAL)).\n      [b] Original failed source is ceph-gw10.gridpp.rl.ac.uk:1094 (site T1_UK_RAL)\n      [c] Disabled source: ceph-gw10.gridpp.rl.ac.uk:1094", 'exitCode': 8001}]}, '40': {'Retries': 0, 'Restarts': 0, 'SiteHistory': ['Unknown', 'T2_US_Caltech', 'T2_US_Caltech'], 'ResidentSetSize': [1753112], 'SubmitTimes': [1708554862.0], 'StartTimes': [1708556295.0], 'EndTimes': [1708558229.0], 'TotalUserCpuTimeHistory': [1424], 'TotalSysCpuTimeHistory': [29], 'WallDurations': [8.0, 128.25469827651978, 1934.0], 'JobIds': ['103686718.0'], 'State': 'finished', 'RecordedSite': True}, '41': {'Retries': 0, 'Restarts': 0, 'SiteHistory': ['Unknown', 'T2_US_Caltech', 'T2_US_Caltech'], 'ResidentSetSize': [1846172], 'SubmitTimes': [1708554862.0], 'StartTimes': [1708556282.0], 'EndTimes': [1708559893.0], 'TotalUserCpuTimeHistory': [3229], 'TotalSysCpuTimeHistory': [66], 'WallDurations': [9.0, 141.25469827651978, 3611.0], 'JobIds': ['103686719.0'], 'State': 'finished', 'RecordedSite': True}, '42': {'Retries': 0, 'Restarts': 0, 'SiteHistory': ['Unknown', 'T2_US_Caltech', 'T2_US_Caltech'], 'ResidentSetSize': [1742024], 'SubmitTimes': [1708554862.0], 'StartTimes': [1708556284.0], 'EndTimes': [1708559029.0], 'TotalUserCpuTimeHistory': [2163], 'TotalSysCpuTimeHistory': [75], 'WallDurations': [9.0, 139.25469827651978, 2745.0], 'JobIds': ['103686720.0'], 'State': 'finished', 'RecordedSite': True}, '43': {'Retries': 0, 'Restarts': 0, 'SiteHistory': ['Unknown', 'T2_US_Caltech', 'T2_US_Caltech'], 'ResidentSetSize': [1561828], 'SubmitTimes': [1708554862.0], 'StartTimes': [1708556284.0], 'EndTimes': [1708557238.0], 'TotalUserCpuTimeHistory': [787], 'TotalSysCpuTimeHistory': [25], 'WallDurations': [9.0, 139.25469827651978, 954.0], 'JobIds': ['103686721.0'], 'State': 'finished', 'RecordedSite': True}, '44': {'Retries': 0, 'Restarts': 0, 'SiteHistory': ['Unknown', 'T2_US_Caltech', 'T2_US_Caltech'], 'ResidentSetSize': [1776452], 'SubmitTimes': [1708554862.0], 'StartTimes': [1708556284.0], 'EndTimes': [1708558121.0], 'TotalUserCpuTimeHistory': [1473], 'TotalSysCpuTimeHistory': [32], 'WallDurations': [9.0, 139.25469827651978, 1837.0], 'JobIds': ['103686722.0'], 'State': 'finished', 'RecordedSite': True}, '48': {'Retries': 0, 'Restarts': 0, 'SiteHistory': ['Unknown', 'T2_US_Caltech', 'T2_US_Caltech'], 'ResidentSetSize': [1606592], 'SubmitTimes': [1708554862.0], 'StartTimes': [1708556284.0], 'EndTimes': [1708556678.0], 'TotalUserCpuTimeHistory': [271], 'TotalSysCpuTimeHistory': [6], 'WallDurations': [9.0, 139.25469827651978, 394.0], 'JobIds': ['103686723.0'], 'State': 'finished', 'RecordedSite': True}, '45': {'Retries': 0, 'Restarts': 0, 'SiteHistory': ['Unknown', 'T2_US_Caltech', 'T2_US_Caltech'], 'ResidentSetSize': [1832892], 'SubmitTimes': [1708554862.0], 'StartTimes': [1708556289.0], 'EndTimes': [1708559537.0], 'TotalUserCpuTimeHistory': [2670], 'TotalSysCpuTimeHistory': [57], 'WallDurations': [10.0, 134.25469827651978, 3248.0], 'JobIds': ['103686724.0'], 'State': 'finished', 'RecordedSite': True}, '46': {'Retries': 0, 'Restarts': 0, 'SiteHistory': ['Unknown', 'T2_US_Caltech', 'T2_US_Caltech'], 'ResidentSetSize': [1833516], 'SubmitTimes': [1708554862.0], 'StartTimes': [1708556286.0], 'EndTimes': [1708558663.0], 'TotalUserCpuTimeHistory': [1896], 'TotalSysCpuTimeHistory': [41], 'WallDurations': [10.0, 137.25469827651978, 2377.0], 'JobIds': ['103686725.0'], 'State': 'finished', 'RecordedSite': True}, '50': {'Retries': 0, 'Restarts': 0, 'SiteHistory': ['Unknown', 'T2_US_Caltech', 'T2_US_Caltech'], 'ResidentSetSize': [1642724], 'SubmitTimes': [1708554862.0], 'StartTimes': [1708556284.0], 'EndTimes': [1708563339.0], 'TotalUserCpuTimeHistory': [1395], 'TotalSysCpuTimeHistory': [54], 'WallDurations': [9.0, 139.25469827651978, 7055.0], 'JobIds': ['103686726.0'], 'State': 'finished', 'RecordedSite': True}, '49': {'Retries': 0, 'Restarts': 0, 'SiteHistory': ['Unknown', 'T2_US_Caltech', 'T2_US_Caltech'], 'ResidentSetSize': [1543784], 'SubmitTimes': [1708554862.0], 'StartTimes': [1708556284.0], 'EndTimes': [1708557569.0], 'TotalUserCpuTimeHistory': [1011], 'TotalSysCpuTimeHistory': [27], 'WallDurations': [9.0, 139.25469827651978, 1285.0], 'JobIds': ['103686727.0'], 'State': 'finished', 'RecordedSite': True}, '51': {'Retries': 0, 'Restarts': 0, 'SiteHistory': ['Unknown', 'T2_US_Caltech', 'T2_US_Caltech'], 'ResidentSetSize': [1510972], 'SubmitTimes': [1708554862.0], 'StartTimes': [1708556282.0], 'EndTimes': [1708556708.0], 'TotalUserCpuTimeHistory': [262], 'TotalSysCpuTimeHistory': [9], 'WallDurations': [9.0, 141.25469827651978, 426.0], 'JobIds': ['103686728.0'], 'State': 'finished', 'RecordedSite': True}, '47': {'Retries': 1, 'Restarts': 0, 'SiteHistory': ['Unknown', 'T2_US_Caltech', 'T2_US_Caltech', 'Unknown', 'T2_FI_HIP', 'T2_FI_HIP'], 'ResidentSetSize': [1848536, 1322888], 'SubmitTimes': [1708554863.0, 1708562380.0], 'StartTimes': [1708556285.0, 1708562533.0], 'EndTimes': [1708558701.0, 1708564588.0], 'TotalUserCpuTimeHistory': [1915, 1871], 'TotalSysCpuTimeHistory': [38, 62], 'WallDurations': [9.0, 138.25469827651978, 2416.0, 9.0, 231.18114757537842, 2055.0], 'JobIds': ['103686729.0', '103689247.0'], 'State': 'finished', 'RecordedSite': True}, '52': {'Retries': 0, 'Restarts': 0, 'SiteHistory': ['Unknown', 'T2_US_Caltech', 'T2_US_Caltech'], 'ResidentSetSize': [1685080], 'SubmitTimes': [1708554863.0], 'StartTimes': [1708556283.0], 'EndTimes': [1708557584.0], 'TotalUserCpuTimeHistory': [991], 'TotalSysCpuTimeHistory': [26], 'WallDurations': [9.0, 140.25469827651978, 1301.0], 'JobIds': ['103686730.0'], 'State': 'finished', 'RecordedSite': True}, '53': {'Retries': 0, 'Restarts': 0, 'SiteHistory': ['Unknown', 'T2_US_Caltech', 'T2_US_Caltech'], 'ResidentSetSize': [1682556], 'SubmitTimes': [1708554863.0], 'StartTimes': [1708556284.0], 'EndTimes': [1708558558.0], 'TotalUserCpuTimeHistory': [1865], 'TotalSysCpuTimeHistory': [58], 'WallDurations': [9.0, 139.25469827651978, 2274.0], 'JobIds': ['103686731.0'], 'State': 'finished', 'RecordedSite': True}, '54': {'Retries': 0, 'Restarts': 0, 'SiteHistory': ['Unknown', 'T2_US_Caltech', 'T2_US_Caltech'], 'ResidentSetSize': [1737096], 'SubmitTimes': [1708554863.0], 'StartTimes': [1708556285.0], 'EndTimes': [1708557702.0], 'TotalUserCpuTimeHistory': [1152], 'TotalSysCpuTimeHistory': [25], 'WallDurations': [9.0, 138.25469827651978, 1417.0], 'JobIds': ['103686732.0'], 'State': 'finished', 'RecordedSite': True}, '55': {'Retries': 0, 'Restarts': 0, 'SiteHistory': ['Unknown', 'T2_US_Caltech', 'T2_US_Caltech'], 'ResidentSetSize': [1736680], 'SubmitTimes': [1708554863.0], 'StartTimes': [1708556285.0], 'EndTimes': [1708558169.0], 'TotalUserCpuTimeHistory': [1541], 'TotalSysCpuTimeHistory': [41], 'WallDurations': [10.0, 138.25469827651978, 1884.0], 'JobIds': ['103686733.0'], 'State': 'finished', 'RecordedSite': True}, '56': {'Retries': 0, 'Restarts': 0, 'SiteHistory': ['Unknown', 'T2_US_Caltech', 'T2_US_Caltech'], 'ResidentSetSize': [1851664], 'SubmitTimes': [1708554863.0], 'StartTimes': [1708556285.0], 'EndTimes': [1708559232.0], 'TotalUserCpuTimeHistory': [2503], 'TotalSysCpuTimeHistory': [58], 'WallDurations': [9.0, 138.25469827651978, 2947.0], 'JobIds': ['103686734.0'], 'State': 'finished', 'RecordedSite': True}, '57': {'Retries': 0, 'Restarts': 0, 'SiteHistory': ['Unknown', 'T2_US_Caltech', 'T2_US_Caltech'], 'ResidentSetSize': [1864212], 'SubmitTimes': [1708554863.0], 'StartTimes': [1708556285.0], 'EndTimes': [1708560268.0], 'TotalUserCpuTimeHistory': [3426], 'TotalSysCpuTimeHistory': [79], 'WallDurations': [10.0, 138.25469827651978, 3983.0], 'JobIds': ['103686735.0'], 'State': 'finished', 'RecordedSite': True}, '58': {'Retries': 1, 'Restarts': 0, 'SiteHistory': ['Unknown', 'T2_US_Caltech', 'T2_US_Caltech', 'T2_US_Caltech', 'T2_US_Caltech'], 'ResidentSetSize': [1730560, 1517620], 'SubmitTimes': [1708554863.0, 1708559944.0], 'StartTimes': [1708556290.0, 1708560006.0], 'EndTimes': [1708558070.0, 1708562849.0], 'TotalUserCpuTimeHistory': [1415, 2569], 'TotalSysCpuTimeHistory': [24, 56], 'WallDurations': [9.0, 133.25469827651978, 1780.0, 10.0, 2843.0], 'JobIds': ['103686736.0', '103689097.0'], 'State': 'finished', 'RecordedSite': True}, '59': {'Retries': 0, 'Restarts': 0, 'SiteHistory': ['Unknown', 'T2_US_Caltech', 'T2_US_Caltech'], 'ResidentSetSize': [1500556], 'SubmitTimes': [1708554863.0], 'StartTimes': [1708556289.0], 'EndTimes': [1708557112.0], 'TotalUserCpuTimeHistory': [568], 'TotalSysCpuTimeHistory': [26], 'WallDurations': [9.0, 134.25469827651978, 823.0], 'JobIds': ['103686737.0'], 'State': 'finished', 'RecordedSite': True}, '60': {'Retries': 0, 'Restarts': 0, 'SiteHistory': ['Unknown', 'T2_US_Caltech', 'T2_US_Caltech'], 'ResidentSetSize': [1732296], 'SubmitTimes': [1708554863.0], 'StartTimes': [1708556287.0], 'EndTimes': [1708558630.0], 'TotalUserCpuTimeHistory': [1896], 'TotalSysCpuTimeHistory': [55], 'WallDurations': [9.0, 136.25469827651978, 2343.0], 'JobIds': ['103686738.0'], 'State': 'finished', 'RecordedSite': True}, '61': {'Retries': 0, 'Restarts': 0, 'SiteHistory': ['Unknown', 'T2_US_Caltech', 'T2_US_Caltech'], 'ResidentSetSize': [1847532], 'SubmitTimes': [1708554863.0], 'StartTimes': [1708556285.0], 'EndTimes': [1708558469.0], 'TotalUserCpuTimeHistory': [1788], 'TotalSysCpuTimeHistory': [42], 'WallDurations': [9.0, 138.25469827651978, 2184.0], 'JobIds': ['103686739.0'], 'State': 'finished', 'RecordedSite': True}, '62': {'Retries': 0, 'Restarts': 0, 'SiteHistory': ['Unknown', 'T2_US_Caltech', 'T2_US_Caltech'], 'ResidentSetSize': [1840332], 'SubmitTimes': [1708554863.0], 'StartTimes': [1708556291.0], 'EndTimes': [1708558671.0], 'TotalUserCpuTimeHistory': [1909], 'TotalSysCpuTimeHistory': [34], 'WallDurations': [8.0, 132.25469827651978, 2380.0], 'JobIds': ['103686740.0'], 'State': 'finished', 'RecordedSite': True}, '64': {'Retries': 0, 'Restarts': 0, 'SiteHistory': ['Unknown', 'T2_US_Caltech', 'T2_US_Caltech'], 'ResidentSetSize': [1746880], 'SubmitTimes': [1708554863.0], 'StartTimes': [1708556295.0], 'EndTimes': [1708558632.0], 'TotalUserCpuTimeHistory': [1943], 'TotalSysCpuTimeHistory': [49], 'WallDurations': [9.0, 128.25469827651978, 2337.0], 'JobIds': ['103686741.0'], 'State': 'finished', 'RecordedSite': True}, '63': {'Retries': 0, 'Restarts': 0, 'SiteHistory': ['Unknown', 'T2_US_Caltech', 'T2_US_Caltech'], 'ResidentSetSize': [1809232], 'SubmitTimes': [1708554863.0], 'StartTimes': [1708556284.0], 'EndTimes': [1708560750.0], 'TotalUserCpuTimeHistory': [3878], 'TotalSysCpuTimeHistory': [85], 'WallDurations': [10.0, 139.25469827651978, 4466.0], 'JobIds': ['103686742.0'], 'State': 'finished', 'RecordedSite': True}, '66': {'Retries': 0, 'Restarts': 0, 'SiteHistory': ['Unknown', 'T2_US_Caltech', 'T2_US_Caltech'], 'ResidentSetSize': [1563252], 'SubmitTimes': [1708554863.0], 'StartTimes': [1708556287.0], 'EndTimes': [1708557306.0], 'TotalUserCpuTimeHistory': [768], 'TotalSysCpuTimeHistory': [23], 'WallDurations': [8.0, 136.25469827651978, 1019.0], 'JobIds': ['103686743.0'], 'State': 'finished', 'RecordedSite': True}, '67': {'Retries': 0, 'Restarts': 0, 'SiteHistory': ['Unknown', 'T2_US_Caltech', 'T2_US_Caltech'], 'ResidentSetSize': [1581096], 'SubmitTimes': [1708554863.0], 'StartTimes': [1708556294.0], 'EndTimes': [1708557291.0], 'TotalUserCpuTimeHistory': [660], 'TotalSysCpuTimeHistory': [20], 'WallDurations': [9.0, 129.25469827651978, 997.0], 'JobIds': ['103686744.0'], 'State': 'finished', 'RecordedSite': True}, '65': {'Retries': 0, 'Restarts': 0, 'SiteHistory': ['Unknown', 'T2_US_Caltech', 'T2_US_Caltech'], 'ResidentSetSize': [1662432], 'SubmitTimes': [1708554863.0], 'StartTimes': [1708556295.0], 'EndTimes': [1708558224.0], 'TotalUserCpuTimeHistory': [1549], 'TotalSysCpuTimeHistory': [43], 'WallDurations': [9.0, 128.25469827651978, 1929.0], 'JobIds': ['103686745.0'], 'State': 'finished', 'RecordedSite': True}, '70': {'Retries': 0, 'Restarts': 0, 'SiteHistory': ['Unknown', 'T2_US_Caltech', 'T2_US_Caltech'], 'ResidentSetSize': [1764356], 'SubmitTimes': [1708554863.0], 'StartTimes': [1708556291.0], 'EndTimes': [1708558472.0], 'TotalUserCpuTimeHistory': [1732], 'TotalSysCpuTimeHistory': [54], 'WallDurations': [9.0, 132.25469827651978, 2181.0], 'JobIds': ['103686746.0'], 'State': 'finished', 'RecordedSite': True}, '69': {'Retries': 0, 'Restarts': 0, 'SiteHistory': ['Unknown', 'T2_US_Caltech', 'T2_US_Caltech'], 'ResidentSetSize': [1887028], 'SubmitTimes': [1708554863.0], 'StartTimes': [1708556286.0], 'EndTimes': [1708560203.0], 'TotalUserCpuTimeHistory': [3347], 'TotalSysCpuTimeHistory': [86], 'WallDurations': [9.0, 137.25469827651978, 3917.0], 'JobIds': ['103686747.0'], 'State': 'finished', 'RecordedSite': True}, '68': {'Retries': 1, 'Restarts': 0, 'SiteHistory': ['Unknown', 'T2_US_Caltech', 'T2_US_Caltech', 'T2_US_Caltech', 'T2_US_Caltech'], 'ResidentSetSize': [1752044, 1288508], 'SubmitTimes': [1708554863.0, 1708559909.0], 'StartTimes': [1708556287.0, 1708559976.0], 'EndTimes': [1708558039.0, 1708561829.0], 'TotalUserCpuTimeHistory': [1427, 1600], 'TotalSysCpuTimeHistory': [39, 38], 'WallDurations': [9.0, 136.25469827651978, 1752.0, 10.0, 1853.0], 'JobIds': ['103686748.0', '103689090.0'], 'State': 'finished', 'RecordedSite': True}, '72': {'Retries': 0, 'Restarts': 0, 'SiteHistory': ['Unknown', 'T2_US_Caltech', 'T2_US_Caltech'], 'ResidentSetSize': [1559548], 'SubmitTimes': [1708554863.0], 'StartTimes': [1708556288.0], 'EndTimes': [1708557309.0], 'TotalUserCpuTimeHistory': [689], 'TotalSysCpuTimeHistory': [37], 'WallDurations': [9.0, 135.25469827651978, 1021.0], 'JobIds': ['103686749.0'], 'State': 'finished', 'RecordedSite': True}, '78': {'Retries': 0, 'Restarts': 0, 'SiteHistory': ['Unknown', 'T2_US_Caltech', 'T2_US_Caltech'], 'ResidentSetSize': [1846344], 'SubmitTimes': [1708554864.0], 'StartTimes': [1708556285.0], 'EndTimes': [1708559312.0], 'TotalUserCpuTimeHistory': [2134], 'TotalSysCpuTimeHistory': [37], 'WallDurations': [9.0, 138.25469827651978, 3027.0], 'JobIds': ['103686750.0'], 'State': 'finished', 'RecordedSite': True}, '73': {'Retries': 0, 'Restarts': 0, 'SiteHistory': ['Unknown', 'T2_US_Caltech', 'T2_US_Caltech'], 'ResidentSetSize': [1607016], 'SubmitTimes': [1708554864.0], 'StartTimes': [1708556287.0], 'EndTimes': [1708557274.0], 'TotalUserCpuTimeHistory': [728], 'TotalSysCpuTimeHistory': [25], 'WallDurations': [9.0, 136.25469827651978, 987.0], 'JobIds': ['103686751.0'], 'State': 'finished', 'RecordedSite': True}, '74': {'Retries': 0, 'Restarts': 0, 'SiteHistory': ['Unknown', 'T2_US_Caltech', 'T2_US_Caltech'], 'ResidentSetSize': [1553120], 'SubmitTimes': [1708554864.0], 'StartTimes': [1708556287.0], 'EndTimes': [1708556688.0], 'TotalUserCpuTimeHistory': [262], 'TotalSysCpuTimeHistory': [8], 'WallDurations': [9.0, 136.25469827651978, 401.0], 'JobIds': ['103686752.0'], 'State': 'finished', 'RecordedSite': True}, '75': {'Retries': 0, 'Restarts': 0, 'SiteHistory': ['Unknown', 'T2_US_Caltech', 'T2_US_Caltech'], 'ResidentSetSize': [1707352], 'SubmitTimes': [1708554864.0], 'StartTimes': [1708556287.0], 'EndTimes': [1708559390.0], 'TotalUserCpuTimeHistory': [2585], 'TotalSysCpuTimeHistory': [82], 'WallDurations': [10.0, 136.25469827651978, 3103.0], 'JobIds': ['103686753.0'], 'State': 'finished', 'RecordedSite': True}, '76': {'Retries': 0, 'Restarts': 0, 'SiteHistory': ['Unknown', 'T2_US_Caltech', 'T2_US_Caltech'], 'ResidentSetSize': [1771460], 'SubmitTimes': [1708554864.0], 'StartTimes': [1708556288.0], 'EndTimes': [1708558129.0], 'TotalUserCpuTimeHistory': [1488], 'TotalSysCpuTimeHistory': [43], 'WallDurations': [9.0, 135.25469827651978, 1841.0], 'JobIds': ['103686754.0'], 'State': 'finished', 'RecordedSite': True}, '71': {'Retries': 0, 'Restarts': 0, 'SiteHistory': ['Unknown', 'T2_US_Caltech', 'T2_US_Caltech'], 'ResidentSetSize': [1603988], 'SubmitTimes': [1708554864.0], 'StartTimes': [1708556285.0], 'EndTimes': [1708556421.0], 'TotalUserCpuTimeHistory': [50], 'TotalSysCpuTimeHistory': [4], 'WallDurations': [136.0, 138.25469827651978, 138.25469827651978], 'JobIds': ['103686755.0'], 'State': 'finished', 'RecordedSite': True}, '77': {'Retries': 0, 'Restarts': 0, 'SiteHistory': ['Unknown', 'T2_US_Caltech', 'T2_US_Caltech'], 'ResidentSetSize': [1843248], 'SubmitTimes': [1708554864.0], 'StartTimes': [1708556286.0], 'EndTimes': [1708558713.0], 'TotalUserCpuTimeHistory': [1954], 'TotalSysCpuTimeHistory': [35], 'WallDurations': [8.0, 137.25469827651978, 2427.0], 'JobIds': ['103686756.0'], 'State': 'finished', 'RecordedSite': True}, '79': {'Retries': 0, 'Restarts': 0, 'SiteHistory': ['Unknown', 'T2_US_Caltech', 'T2_US_Caltech'], 'ResidentSetSize': [1841228], 'SubmitTimes': [1708554864.0], 'StartTimes': [1708556289.0], 'EndTimes': [1708559244.0], 'TotalUserCpuTimeHistory': [2058], 'TotalSysCpuTimeHistory': [37], 'WallDurations': [10.0, 134.25469827651978, 2955.0], 'JobIds': ['103686757.0'], 'State': 'finished', 'RecordedSite': True}, '81': {'Retries': 0, 'Restarts': 0, 'SiteHistory': ['Unknown', 'T2_US_Caltech', 'T2_US_Caltech'], 'ResidentSetSize': [1806148], 'SubmitTimes': [1708554864.0], 'StartTimes': [1708556289.0], 'EndTimes': [1708558213.0], 'TotalUserCpuTimeHistory': [1574], 'TotalSysCpuTimeHistory': [27], 'WallDurations': [9.0, 134.25469827651978, 1924.0], 'JobIds': ['103686758.0'], 'State': 'finished', 'RecordedSite': True}, '82': {'Retries': 1, 'Restarts': 0, 'SiteHistory': ['Unknown', 'T2_US_Caltech', 'T2_US_Caltech', 'T2_US_Caltech', 'T2_US_Caltech'], 'ResidentSetSize': [1684244, 1228268], 'SubmitTimes': [1708554864.0, 1708559990.0], 'StartTimes': [1708556290.0, 1708560019.0], 'EndTimes': [1708558118.0, 1708562625.0], 'TotalUserCpuTimeHistory': [1517, 2345], 'TotalSysCpuTimeHistory': [38, 52], 'WallDurations': [9.0, 133.25469827651978, 1828.0, 9.0, 2606.0], 'JobIds': ['103686759.0', '103689103.0'], 'State': 'finished', 'RecordedSite': True}, '83': {'Retries': 0, 'Restarts': 0, 'SiteHistory': ['Unknown', 'T2_US_Caltech', 'T2_US_Caltech'], 'ResidentSetSize': [1708828], 'SubmitTimes': [1708554865.0], 'StartTimes': [1708556289.0], 'EndTimes': [1708557735.0], 'TotalUserCpuTimeHistory': [1161], 'TotalSysCpuTimeHistory': [28], 'WallDurations': [9.0, 134.25469827651978, 1446.0], 'JobIds': ['103686760.0'], 'State': 'finished', 'RecordedSite': True}, '85': {'Retries': 0, 'Restarts': 0, 'SiteHistory': ['Unknown', 'T2_US_Caltech', 'T2_US_Caltech'], 'ResidentSetSize': [1756972], 'SubmitTimes': [1708554865.0], 'StartTimes': [1708556288.0], 'EndTimes': [1708557508.0], 'TotalUserCpuTimeHistory': [928], 'TotalSysCpuTimeHistory': [24], 'WallDurations': [9.0, 135.25469827651978, 1220.0], 'JobIds': ['103686761.0'], 'State': 'finished', 'RecordedSite': True}, '84': {'Retries': 0, 'Restarts': 0, 'SiteHistory': ['Unknown', 'T2_US_Caltech', 'T2_US_Caltech'], 'ResidentSetSize': [1498732], 'SubmitTimes': [1708554865.0], 'StartTimes': [1708556290.0], 'EndTimes': [1708558074.0], 'TotalUserCpuTimeHistory': [1470], 'TotalSysCpuTimeHistory': [45], 'WallDurations': [9.0, 133.25469827651978, 1784.0], 'JobIds': ['103686762.0'], 'State': 'finished', 'RecordedSite': True}, '80': {'Retries': 0, 'Restarts': 0, 'SiteHistory': ['Unknown', 'T2_US_Caltech', 'T2_US_Caltech'], 'ResidentSetSize': [1816572], 'SubmitTimes': [1708554865.0], 'StartTimes': [1708556294.0], 'EndTimes': [1708558936.0], 'TotalUserCpuTimeHistory': [2262], 'TotalSysCpuTimeHistory': [48], 'WallDurations': [10.0, 129.25469827651978, 2642.0], 'JobIds': ['103686763.0'], 'State': 'finished', 'RecordedSite': True}, '88': {'Retries': 0, 'Restarts': 0, 'SiteHistory': ['Unknown', 'T2_US_Caltech', 'T2_US_Caltech'], 'ResidentSetSize': [1682128], 'SubmitTimes': [1708554865.0], 'StartTimes': [1708556296.0], 'EndTimes': [1708557864.0], 'TotalUserCpuTimeHistory': [1238], 'TotalSysCpuTimeHistory': [49], 'WallDurations': [9.0, 127.25469827651978, 1568.0], 'JobIds': ['103686764.0'], 'State': 'finished', 'RecordedSite': True}, '86': {'Retries': 0, 'Restarts': 0, 'SiteHistory': ['Unknown', 'T2_US_Caltech', 'T2_US_Caltech'], 'ResidentSetSize': [1745976], 'SubmitTimes': [1708554865.0], 'StartTimes': [1708556295.0], 'EndTimes': [1708558525.0], 'TotalUserCpuTimeHistory': [1793], 'TotalSysCpuTimeHistory': [49], 'WallDurations': [9.0, 128.25469827651978, 2230.0], 'JobIds': ['103686765.0'], 'State': 'finished', 'RecordedSite': True}, '87': {'Retries': 0, 'Restarts': 0, 'SiteHistory': ['Unknown', 'T2_US_Caltech', 'T2_US_Caltech'], 'ResidentSetSize': [1548624], 'SubmitTimes': [1708554865.0], 'StartTimes': [1708556301.0], 'EndTimes': [1708557233.0], 'TotalUserCpuTimeHistory': [690], 'TotalSysCpuTimeHistory': [22], 'WallDurations': [9.0, 122.25469827651978, 932.0], 'JobIds': ['103686766.0'], 'State': 'finished', 'RecordedSite': True}, '93': {'Retries': 0, 'Restarts': 0, 'SiteHistory': ['Unknown', 'T2_US_Caltech', 'T2_US_Caltech'], 'ResidentSetSize': [1795236], 'SubmitTimes': [1708554865.0], 'StartTimes': [1708556305.0], 'EndTimes': [1708558774.0], 'TotalUserCpuTimeHistory': [2011], 'TotalSysCpuTimeHistory': [58], 'WallDurations': [9.0, 118.25469827651978, 2469.0], 'JobIds': ['103686767.0'], 'State': 'finished', 'RecordedSite': True}, '92': {'Retries': 0, 'Restarts': 0, 'SiteHistory': ['Unknown', 'T2_US_Caltech', 'T2_US_Caltech'], 'ResidentSetSize': [1758876], 'SubmitTimes': [1708554865.0], 'StartTimes': [1708556301.0], 'EndTimes': [1708558319.0], 'TotalUserCpuTimeHistory': [1599], 'TotalSysCpuTimeHistory': [44], 'WallDurations': [9.0, 122.25469827651978, 2018.0], 'JobIds': ['103686768.0'], 'State': 'finished', 'RecordedSite': True}, '94': {'Retries': 0, 'Restarts': 0, 'SiteHistory': ['Unknown', 'T2_US_Caltech', 'T2_US_Caltech'], 'ResidentSetSize': [1852908], 'SubmitTimes': [1708554865.0], 'StartTimes': [1708556295.0], 'EndTimes': [1708558550.0], 'TotalUserCpuTimeHistory': [1841], 'TotalSysCpuTimeHistory': [36], 'WallDurations': [8.0, 128.25469827651978, 2255.0], 'JobIds': ['103686769.0'], 'State': 'finished', 'RecordedSite': True}, '91': {'Retries': 0, 'Restarts': 0, 'SiteHistory': ['Unknown', 'T2_US_Caltech', 'T2_US_Caltech'], 'ResidentSetSize': [1503004], 'SubmitTimes': [1708554865.0], 'StartTimes': [1708556307.0], 'EndTimes': [1708556896.0], 'TotalUserCpuTimeHistory': [383], 'TotalSysCpuTimeHistory': [20], 'WallDurations': [9.0, 116.25469827651978, 589.0], 'JobIds': ['103686770.0'], 'State': 'finished', 'RecordedSite': True}, '89': {'Retries': 0, 'Restarts': 0, 'SiteHistory': ['Unknown', 'T2_US_Caltech', 'T2_US_Caltech'], 'ResidentSetSize': [1685404], 'SubmitTimes': [1708554865.0], 'StartTimes': [1708556311.0], 'EndTimes': [1708558186.0], 'TotalUserCpuTimeHistory': [1467], 'TotalSysCpuTimeHistory': [59], 'WallDurations': [10.0, 112.25469827651978, 1875.0], 'JobIds': ['103686771.0'], 'State': 'finished', 'RecordedSite': True}, '97': {'Retries': 0, 'Restarts': 0, 'SiteHistory': ['Unknown', 'T2_US_Caltech', 'T2_US_Caltech'], 'ResidentSetSize': [1689096], 'SubmitTimes': [1708554865.0], 'StartTimes': [1708556311.0], 'EndTimes': [1708558011.0], 'TotalUserCpuTimeHistory': [1276], 'TotalSysCpuTimeHistory': [48], 'WallDurations': [10.0, 112.25469827651978, 1700.0], 'JobIds': ['103686772.0'], 'State': 'finished', 'RecordedSite': True}, '90': {'Retries': 0, 'Restarts': 0, 'SiteHistory': ['Unknown', 'T2_US_Caltech', 'T2_US_Caltech'], 'ResidentSetSize': [1543524], 'SubmitTimes': [1708554865.0], 'StartTimes': [1708556330.0], 'EndTimes': [1708557513.0], 'TotalUserCpuTimeHistory': [912], 'TotalSysCpuTimeHistory': [19], 'WallDurations': [9.0, 93.25469827651978, 1183.0], 'JobIds': ['103686773.0'], 'State': 'finished', 'RecordedSite': True}, '95': {'Retries': 0, 'Restarts': 0, 'SiteHistory': ['Unknown', 'T2_US_Caltech', 'T2_US_Caltech'], 'ResidentSetSize': [1885000], 'SubmitTimes': [1708554865.0], 'StartTimes': [1708556344.0], 'EndTimes': [1708559970.0], 'TotalUserCpuTimeHistory': [2888], 'TotalSysCpuTimeHistory': [60], 'WallDurations': [9.0, 79.25469827651978, 3626.0], 'JobIds': ['103686774.0'], 'State': 'finished', 'RecordedSite': True}, '96': {'Retries': 0, 'Restarts': 0, 'SiteHistory': ['Unknown', 'T2_US_Caltech', 'T2_US_Caltech'], 'ResidentSetSize': [1793676], 'SubmitTimes': [1708554865.0], 'StartTimes': [1708556382.0], 'EndTimes': [1708559327.0], 'TotalUserCpuTimeHistory': [2361], 'TotalSysCpuTimeHistory': [70], 'WallDurations': [10.0, 41.254698276519775, 2945.0], 'JobIds': ['103686775.0'], 'State': 'finished', 'RecordedSite': True}, '99': {'Retries': 0, 'Restarts': 0, 'SiteHistory': ['Unknown', 'T2_US_Caltech', 'T2_US_Caltech'], 'ResidentSetSize': [1736244], 'SubmitTimes': [1708554870.0], 'StartTimes': [1708556386.0], 'EndTimes': [1708558441.0], 'TotalUserCpuTimeHistory': [1579], 'TotalSysCpuTimeHistory': [66], 'WallDurations': [10.0, 37.254698276519775, 2055.0], 'JobIds': ['103686778.0'], 'State': 'finished', 'RecordedSite': True}, '98': {'Retries': 0, 'Restarts': 0, 'SiteHistory': ['Unknown', 'T2_US_Caltech', 'T2_US_Caltech'], 'ResidentSetSize': [1514068], 'SubmitTimes': [1708554870.0], 'StartTimes': [1708556391.0], 'EndTimes': [1708556892.0], 'TotalUserCpuTimeHistory': [324], 'TotalSysCpuTimeHistory': [15], 'WallDurations': [9.0, 32.254698276519775, 501.0], 'JobIds': ['103686779.0'], 'State': 'finished', 'RecordedSite': True}, '100': {'Retries': 0, 'Restarts': 0, 'SiteHistory': ['Unknown', 'T2_US_Caltech', 'T2_US_Caltech'], 'ResidentSetSize': [1752832], 'SubmitTimes': [1708554870.0], 'StartTimes': [1708556418.0], 'EndTimes': [1708559440.0], 'TotalUserCpuTimeHistory': [2646], 'TotalSysCpuTimeHistory': [72], 'WallDurations': [0, 5.254698276519775, 3022.0], 'JobIds': ['103686780.0'], 'State': 'finished', 'RecordedSite': True}, '101': {'Retries': 0, 'Restarts': 0, 'SiteHistory': ['Unknown', 'T2_US_Caltech', 'T2_US_Caltech'], 'ResidentSetSize': [1577732], 'SubmitTimes': [1708554870.0], 'StartTimes': [1708556427.0], 'EndTimes': [1708557296.0], 'TotalUserCpuTimeHistory': [647], 'TotalSysCpuTimeHistory': [15], 'WallDurations': [9.0, 298.17262983322144, 869.0], 'JobIds': ['103686781.0'], 'State': 'finished', 'RecordedSite': True}, '21': {'Retries': 0, 'Restarts': 0, 'SiteHistory': ['Unknown', 'T2_IT_Rome', 'T2_IT_Rome'], 'ResidentSetSize': [1179340], 'SubmitTimes': [1708554870.0], 'StartTimes': [1708555323.0], 'EndTimes': [1708556300.0], 'TotalUserCpuTimeHistory': [769], 'TotalSysCpuTimeHistory': [19], 'WallDurations': [9.0, 196.22335195541382, 977.0], 'JobIds': ['103686782.0'], 'State': 'finished', 'RecordedSite': True}}
INFO 2024-02-22 20:26:31.751 UTC: 	 Status on the scheduler:	FAILED
INFO 2024-02-22 20:26:31.751 UTC: 	 
Jobs status:                    failed       		  1.0% (  1/101)
INFO 2024-02-22 20:26:31.751 UTC: 	 				finished     		 99.0% (100/101)
DEBUG 2024-02-22 20:26:31.751 UTC: 	 Encoded data for curl request: subresource=publicationstatus&workflow=240221_223145%3Ambuonsan_crab_SkimB4Mu_2023eraC-v3_stream7_Mini&username=mbuonsan
INFO 2024-02-22 20:26:31.925 UTC: 	 
Output dataset:			/FakeDataset/fakefile-FakePublish-e7907a36e226490a3660fc16f2e09d58/USER
INFO 2024-02-22 20:26:31.925 UTC: 	 
No publication information available yet
INFO 2024-02-22 20:26:31.925 UTC: 	 
Error Summary: (use crab status --verboseErrors for details about the errors)

  1 jobs failed with exit code 8001

Have a look at https://twiki.cern.ch/twiki/bin/viewauth/CMSPublic/JobExitCodes for a description of the exit codes.
INFO 2024-02-22 20:26:31.929 UTC: 	 
Warning: the max jobs runtime is less than 30% of the task requested value (1250 min), please consider to request a lower value for failed jobs (allowed through crab resubmit) and/or improve the jobs splitting (e.g. config.Data.splitting = 'Automatic') in a new task.
INFO 2024-02-22 20:26:31.929 UTC: 	 
Summary of run jobs:
 * Memory: 1540MB min, 1842MB max, 1472MB ave
 * Runtime: 0:02:18 min, 2:47:03 max, 0:33:14 ave
 * CPU eff: 2% min, 94% max, 77% ave
 * Waste: 6:00:05 (10% of total)

DEBUG 2024-02-22 20:26:31.930 UTC: 	 Requesting resubmission of failed jobs in task 240221_223145:mbuonsan_crab_SkimB4Mu_2023eraC-v3_stream7_Mini
INFO 2024-02-22 20:26:31.930 UTC: 	 Sending resubmit request to the server.
DEBUG 2024-02-22 20:26:31.930 UTC: 	 Submitting {'workflow': '240221_223145:mbuonsan_crab_SkimB4Mu_2023eraC-v3_stream7_Mini', 'subresource': 'resubmit2', 'jobids': ['36'], 'publication': 0} 
DEBUG 2024-02-22 20:26:31.930 UTC: 	 Encoded data for curl request: workflow=240221_223145%3Ambuonsan_crab_SkimB4Mu_2023eraC-v3_stream7_Mini&subresource=resubmit2&publication=0&jobids=36
DEBUG 2024-02-22 20:26:32.138 UTC: 	 Result: {'desc': {'columns': ['tm_site_blacklist', 'tm_site_whitelist', 'tm_maxjobruntime', 'tm_maxmemory', 'tm_numcores', 'tm_priority']}, 'result': [{'result': 'ok'}]}
INFO 2024-02-22 20:26:32.138 UTC: 	 Resubmit request sent to the server.
INFO 2024-02-22 20:26:32.138 UTC: 	 Please use ' crab status ' to check how the resubmission process proceeds.
Notice it may take a couple of minutes for the resubmission to get fully processed.
INFO 2024-02-22 20:26:32.192 UTC: 	 Log file is /lustrehome/mbuonsante/B_4mu/CMSSW_13_0_13/src/B4muNtuplizer/CrabSubmission/2023_eraC-v3/crab_projects/crab_SkimB4Mu_2023eraC-v3_stream7_Mini/crab.log
