DEBUG 2024-02-21 22:28:18.139 UTC: 	 CRAB Client version: v3.240110
DEBUG 2024-02-21 22:28:18.140 UTC: 	 Running on: Linux ui02.recas.ba.infn.it 3.10.0-1160.80.1.el7.x86_64 #1 SMP Tue Nov 8 15:48:59 UTC 2022 x86_64 x86_64 x86_64 GNU/Linux - CentOS Linux 7 (Core)
DEBUG 2024-02-21 22:28:18.140 UTC: 	 Executing command: 'submit'
DEBUG 2024-02-21 22:28:18.140 UTC: 	 Found CRAB cache file /lustrehome/mbuonsante/.crab3
INFO 2024-02-21 22:28:18.140 UTC: 	 Will use CRAB configuration file CRAB_stream_4.py
DEBUG 2024-02-21 22:28:18.141 UTC: 	 Loading CRAB configuration file.
DEBUG 2024-02-21 22:28:18.143 UTC: 	 Will use CRAB plugin ANALYSIS (i.e. will run an analysis job type).
DEBUG 2024-02-21 22:28:18.145 UTC: 	 Checking credentials
DEBUG 2024-02-21 22:28:18.145 UTC: 	 Found proxy file /tmp/x509up_u881331
DEBUG 2024-02-21 22:28:18.145 UTC: 	 Making sure it has proper VOMS extension
DEBUG 2024-02-21 22:28:18.145 UTC: 	 Executing command :
 voms-proxy-info --vo --file /tmp/x509up_u881331
DEBUG 2024-02-21 22:28:19.661 UTC: 	 output : cms

 error: 
 retcode : 0
DEBUG 2024-02-21 22:28:19.661 UTC: 	 Getting proxy life time left
DEBUG 2024-02-21 22:28:19.661 UTC: 	 Executing command :
 voms-proxy-info --actimeleft --timeleft --file /tmp/x509up_u881331
DEBUG 2024-02-21 22:28:21.018 UTC: 	 output : 479517
479515

 error: 
 retcode : 0
DEBUG 2024-02-21 22:28:21.018 UTC: 	 Proxy valid for 133:11:55 hours
DEBUG 2024-02-21 22:28:21.018 UTC: 	 Encoded data for curl request: subresource=delegatedn
DEBUG 2024-02-21 22:28:21.208 UTC: 	 Registering user credentials on myproxy for /DC=ch/DC=cern/OU=computers/CN=crab-(preprod|prod|dev)-tw(01|02|03).cern.ch|/DC=ch/DC=cern/OU=computers/CN=stefanov(m|m2).cern.ch|/DC=ch/DC=cern/OU=computers/CN=dciangot-tw.cern.ch
DEBUG 2024-02-21 22:28:21.209 UTC: 	 Executing command :
 voms-proxy-info --identity --file /tmp/x509up_u881331
DEBUG 2024-02-21 22:28:22.698 UTC: 	 output : /DC=ch/DC=cern/OU=Organic Units/OU=Users/CN=mbuonsan/CN=866052/CN=Marco Buonsante

 error: 
 retcode : 0
DEBUG 2024-02-21 22:28:22.699 UTC: 	 Getting myproxy life time left for db438794163ae221c16ac5cdc1e476b2bc2ff634
DEBUG 2024-02-21 22:28:22.699 UTC: 	 Executing command :
 myproxy-info -s myproxy.cern.ch -l db438794163ae221c16ac5cdc1e476b2bc2ff634
DEBUG 2024-02-21 22:28:23.055 UTC: 	 output : username: db438794163ae221c16ac5cdc1e476b2bc2ff634
owner: /DC=ch/DC=cern/OU=Organic Units/OU=Users/CN=mbuonsan/CN=866052/CN=Marco Buonsante
  renewal policy: /DC=ch/DC=cern/OU=computers/CN=crab-(preprod|prod|dev)-tw(01|02|03).cern.ch|/DC=ch/DC=cern/OU=computers/CN=stefanov(m|m2).cern.ch|/DC=ch/DC=cern/OU=computers/CN=dciangot-tw.cern.ch
  trusted retrieval policy: /DC=ch/DC=cern/OU=computers/CN=crab-(preprod|prod|dev)-tw(01|02|03).cern.ch|/DC=ch/DC=cern/OU=computers/CN=stefanov(m|m2).cern.ch|/DC=ch/DC=cern/OU=computers/CN=dciangot-tw.cern.ch
  timeleft: 493:13:04  (20.6 days)

 error: 
 retcode : 0
DEBUG 2024-02-21 22:28:23.056 UTC: 	 Myproxy is valid: 1775580
DEBUG 2024-02-21 22:28:23.056 UTC: 	 Result of myproxy credential check:
  Credential exists on myproxy: username: db438794163ae221c16ac5cdc1e476b2bc2ff634  - validity: 20 days, 13:13:00
DEBUG 2024-02-21 22:28:23.056 UTC: 	 Command use: submit
DEBUG 2024-02-21 22:28:23.056 UTC: 	 Options use: ['-c', 'CRAB_stream_4.py']
DEBUG 2024-02-21 22:28:23.056 UTC: 	 Encoded data for curl request: subresource=version
DEBUG 2024-02-21 22:28:23.234 UTC: 	 CRABClient version: v3.240110
DEBUG 2024-02-21 22:28:23.234 UTC: 	 Instance is prod
DEBUG 2024-02-21 22:28:23.234 UTC: 	 Server base url is cmsweb.cern.ch
DEBUG 2024-02-21 22:28:23.234 UTC: 	 Command api workflow
DEBUG 2024-02-21 22:28:23.234 UTC: 	 Started submission
DEBUG 2024-02-21 22:28:23.234 UTC: 	 Working on /lustrehome/mbuonsante/B_4mu/CMSSW_13_0_13/src/B4muNtuplizer/CrabSubmission/2023_eraC-v2/crab_projects/crab_SkimB4Mu_2023eraC-v2_stream4_Mini
DEBUG 2024-02-21 22:28:23.235 UTC: 	 Encoded data for curl request: subresource=backendurls
DEBUG 2024-02-21 22:28:23.494 UTC: 	 Loading required information from the environment
DEBUG 2024-02-21 22:28:23.494 UTC: 	 Found CMSSW_13_0_13 for slc7_amd64_gcc11 with base /lustrehome/mbuonsante/B_4mu/CMSSW_13_0_13
DEBUG 2024-02-21 22:28:23.494 UTC: 	 Loading required information from the environment
DEBUG 2024-02-21 22:28:23.494 UTC: 	 Found CMSSW_13_0_13 for slc7_amd64_gcc11 with base /lustrehome/mbuonsante/B_4mu/CMSSW_13_0_13
DEBUG 2024-02-21 22:28:23.494 UTC: 	 UNIQUE NAME: tarUUID ead5bf5d-b764-4645-a192-8a49bd805a59 
DEBUG 2024-02-21 22:28:23.494 UTC: 	 self.config: from WMCore.Configuration import Configuration
config = Configuration()
config.section_('General')
config.General.transferOutputs = True
config.General.transferLogs = False
config.General.workArea = 'crab_projects'
config.General.requestName = 'SkimB4Mu_2023eraC-v2_stream4_Mini'
config.section_('JobType')
config.JobType.psetName = '/lustrehome/mbuonsante/B_4mu/CMSSW_13_0_13/src/B4muNtuplizer/CrabSubmission/2023_eraC-v2/PatAndTree_cfg.py'
config.JobType.allowUndistributedCMSSW = True
config.JobType.pluginName = 'Analysis'
config.section_('Data')
config.Data.outputDatasetTag = 'SkimB4Mu_2023eraC-v2_stream4_Mini'
config.Data.allowNonValidInputDataset = True
config.Data.inputDataset = '/ParkingDoubleMuonLowMass4/Run2023C-22Sep2023_v2-v1/MINIAOD'
config.Data.inputDBS = 'global'
config.Data.splitting = 'LumiBased'
config.Data.unitsPerJob = 50
config.Data.lumiMask = 'https://cms-service-dqmdc.web.cern.ch/CAF/certification/Collisions23/Cert_Collisions2023_eraC_367095_368823_Golden.json'
config.section_('Site')
config.Site.storageSite = 'T2_IT_Bari'
config.Site.ignoreGlobalBlacklist = True
config.section_('User')
config.section_('Debug')

DEBUG 2024-02-21 22:28:23.494 UTC: 	 self.config.JobType.psetName: /lustrehome/mbuonsante/B_4mu/CMSSW_13_0_13/src/B4muNtuplizer/CrabSubmission/2023_eraC-v2/PatAndTree_cfg.py
INFO 2024-02-21 22:28:23.494 UTC: 	 Importing CMSSW configuration /lustrehome/mbuonsante/B_4mu/CMSSW_13_0_13/src/B4muNtuplizer/CrabSubmission/2023_eraC-v2/PatAndTree_cfg.py
INFO 2024-02-21 22:28:25.326 UTC: 	 Finished importing CMSSW configuration /lustrehome/mbuonsante/B_4mu/CMSSW_13_0_13/src/B4muNtuplizer/CrabSubmission/2023_eraC-v2/PatAndTree_cfg.py
DEBUG 2024-02-21 22:28:25.327 UTC: 	 Writing CMSSW configuration to /lustrehome/mbuonsante/B_4mu/CMSSW_13_0_13/src/B4muNtuplizer/CrabSubmission/2023_eraC-v2/crab_projects/crab_SkimB4Mu_2023eraC-v2_stream4_Mini/inputs/PSet.py
DEBUG 2024-02-21 22:28:25.418 UTC: 	 The following EDM output files will be collected: []
DEBUG 2024-02-21 22:28:25.418 UTC: 	 The following TFile output files will be collected: ['TreeData.root']
DEBUG 2024-02-21 22:28:25.418 UTC: 	 The following user output files (not listed as PoolOuputModule or TFileService in the CMSSW PSet) will be collected: 
DEBUG 2024-02-21 22:28:25.418 UTC: 	 Loading required information from the environment
DEBUG 2024-02-21 22:28:25.418 UTC: 	 Found CMSSW_13_0_13 for slc7_amd64_gcc11 with base /lustrehome/mbuonsante/B_4mu/CMSSW_13_0_13
DEBUG 2024-02-21 22:28:25.418 UTC: 	 Making tarball in /lustrehome/mbuonsante/B_4mu/CMSSW_13_0_13/src/B4muNtuplizer/CrabSubmission/2023_eraC-v2/crab_projects/crab_SkimB4Mu_2023eraC-v2_stream4_Mini/inputs/ead5bf5d-b764-4645-a192-8a49bd805a59default.tgz
DEBUG 2024-02-21 22:28:25.419 UTC: 	 Checking directory /lustrehome/mbuonsante/B_4mu/CMSSW_13_0_13/bin
DEBUG 2024-02-21 22:28:25.419 UTC: 	 Adding directory /lustrehome/mbuonsante/B_4mu/CMSSW_13_0_13/bin to tarball
DEBUG 2024-02-21 22:28:25.420 UTC: 	 Checking directory /lustrehome/mbuonsante/B_4mu/CMSSW_13_0_13/python
DEBUG 2024-02-21 22:28:25.420 UTC: 	 Adding directory /lustrehome/mbuonsante/B_4mu/CMSSW_13_0_13/python to tarball
DEBUG 2024-02-21 22:28:25.475 UTC: 	 Checking directory /lustrehome/mbuonsante/B_4mu/CMSSW_13_0_13/cfipython
DEBUG 2024-02-21 22:28:25.475 UTC: 	 Adding directory /lustrehome/mbuonsante/B_4mu/CMSSW_13_0_13/cfipython to tarball
DEBUG 2024-02-21 22:28:25.483 UTC: 	 Checking directory /lustrehome/mbuonsante/B_4mu/CMSSW_13_0_13/lib
DEBUG 2024-02-21 22:28:25.483 UTC: 	 Adding directory /lustrehome/mbuonsante/B_4mu/CMSSW_13_0_13/lib to tarball
DEBUG 2024-02-21 22:28:25.950 UTC: 	 Checking directory /lustrehome/mbuonsante/B_4mu/CMSSW_13_0_13/biglib
DEBUG 2024-02-21 22:28:25.950 UTC: 	 Adding directory /lustrehome/mbuonsante/B_4mu/CMSSW_13_0_13/biglib to tarball
DEBUG 2024-02-21 22:28:25.951 UTC: 	 Checking directory /lustrehome/mbuonsante/B_4mu/CMSSW_13_0_13/module
DEBUG 2024-02-21 22:28:25.951 UTC: 	 Checking directory /lustrehome/mbuonsante/B_4mu/CMSSW_13_0_13/config/SCRAM/hooks
DEBUG 2024-02-21 22:28:25.951 UTC: 	 Adding directory /lustrehome/mbuonsante/B_4mu/CMSSW_13_0_13/config/SCRAM/hooks to tarball
DEBUG 2024-02-21 22:28:25.971 UTC: 	 Adding directory /lustrehome/mbuonsante/B_4mu/CMSSW_13_0_13/src/B4muNtuplizer/SkimTools/python to tarball
DEBUG 2024-02-21 22:28:25.981 UTC: 	 Adding directory /lustrehome/mbuonsante/B_4mu/CMSSW_13_0_13/src/CommonTools/CandAlgos/interface to tarball
DEBUG 2024-02-21 22:28:25.987 UTC: 	 Adding directory /lustrehome/mbuonsante/B_4mu/CMSSW_13_0_13/src/CommonTools/CandAlgos/python to tarball
DEBUG 2024-02-21 22:28:26.139 UTC: 	 Uploading archive /lustrehome/mbuonsante/B_4mu/CMSSW_13_0_13/src/B4muNtuplizer/CrabSubmission/2023_eraC-v2/crab_projects/crab_SkimB4Mu_2023eraC-v2_stream4_Mini/inputs/ead5bf5d-b764-4645-a192-8a49bd805a59default.tgz (0.644531.1 MB) to the CRAB cache. Using URI https://cmsweb.cern.ch/S3/crabcache_prod
DEBUG 2024-02-21 22:28:26.575 UTC: 	 Encoded data for curl request: subresource=upload&objecttype=sandbox&tarballname=c21f585968b676319b78458a8dfff0d78967d784c1d5d78343c5cdc38d3be0e5.tar.gz
DEBUG 2024-02-21 22:28:26.766 UTC: 	 sandbox c21f585968b676319b78458a8dfff0d78967d784c1d5d78343c5cdc38d3be0e5.tar.gz is already in the S3 store, will not upload again
DEBUG 2024-02-21 22:28:26.767 UTC: 	 Loading required information from the environment
DEBUG 2024-02-21 22:28:26.767 UTC: 	 Found CMSSW_13_0_13 for slc7_amd64_gcc11 with base /lustrehome/mbuonsante/B_4mu/CMSSW_13_0_13
DEBUG 2024-02-21 22:28:26.767 UTC: 	 Making tarball in /lustrehome/mbuonsante/B_4mu/CMSSW_13_0_13/src/B4muNtuplizer/CrabSubmission/2023_eraC-v2/crab_projects/crab_SkimB4Mu_2023eraC-v2_stream4_Mini/inputs/debugFiles.tgz
DEBUG 2024-02-21 22:28:26.771 UTC: 	 Uploading archive /lustrehome/mbuonsante/B_4mu/CMSSW_13_0_13/src/B4muNtuplizer/CrabSubmission/2023_eraC-v2/crab_projects/crab_SkimB4Mu_2023eraC-v2_stream4_Mini/inputs/debugFiles.tgz (2 KB) to the CRAB cache. Using URI https://cmsweb.cern.ch/S3/crabcache_prod
DEBUG 2024-02-21 22:28:26.775 UTC: 	 Encoded data for curl request: subresource=upload&objecttype=sandbox&tarballname=078f12dae9263dd2366cf1db64c2474c39cb86f9bec6f79f5c448593dc543674.tar.gz
DEBUG 2024-02-21 22:28:26.966 UTC: 	 Will execute:
curl -f -v -X POST  -H "User-Agent: CRAB" -F "key=mbuonsan/sandboxes/078f12dae9263dd2366cf1db64c2474c39cb86f9bec6f79f5c448593dc543674.tar.gz" -F "AWSAccessKeyId=ab00fcc889f248c495d2875f15a3badb" -F "policy=eyJleHBpcmF0aW9uIjogIjIwMjQtMDItMjFUMjM6Mjg6MjZaIiwgImNvbmRpdGlvbnMiOiBbeyJidWNrZXQiOiAiY3JhYmNhY2hlX3Byb2QifSwgeyJrZXkiOiAibWJ1b25zYW4vc2FuZGJveGVzLzA3OGYxMmRhZTkyNjNkZDIzNjZjZjFkYjY0YzI0NzRjMzljYjg2ZjliZWM2Zjc5ZjVjNDQ4NTkzZGM1NDM2NzQudGFyLmd6In1dfQ==" -F "signature=zsUIDBCGWOwjZMjMr0pchgUo9a0=" -F "file=@/lustrehome/mbuonsante/B_4mu/CMSSW_13_0_13/src/B4muNtuplizer/CrabSubmission/2023_eraC-v2/crab_projects/crab_SkimB4Mu_2023eraC-v2_stream4_Mini/inputs/debugFiles.tgz" "https://s3.cern.ch/crabcache_prod"
DEBUG 2024-02-21 22:28:27.145 UTC: 	 exitcode: 0
stdout: b''
DEBUG 2024-02-21 22:28:27.145 UTC: 	 sandbox /lustrehome/mbuonsante/B_4mu/CMSSW_13_0_13/src/B4muNtuplizer/CrabSubmission/2023_eraC-v2/crab_projects/crab_SkimB4Mu_2023eraC-v2_stream4_Mini/inputs/debugFiles.tgz successully uploaded to S3
DEBUG 2024-02-21 22:28:27.145 UTC: 	 Result uploading input files: c21f585968b676319b78458a8dfff0d78967d784c1d5d78343c5cdc38d3be0e5.tar.gz 
DEBUG 2024-02-21 22:28:27.145 UTC: 	 Attaching lumi mask https://cms-service-dqmdc.web.cern.ch/CAF/certification/Collisions23/Cert_Collisions2023_eraC_367095_368823_Golden.json to the request
DEBUG 2024-02-21 22:28:27.146 UTC: 	 Downloading lumi-mask from https://cms-service-dqmdc.web.cern.ch/CAF/certification/Collisions23/Cert_Collisions2023_eraC_367095_368823_Golden.json
WARNING 2024-02-21 22:28:27.382 UTC: 	 Warning: The following output files will not be published, as they are not EDM files: ['TreeData.root']
DEBUG 2024-02-21 22:28:27.382 UTC: 	 submit() - self.configuration from WMCore.Configuration import Configuration
config = Configuration()
config.section_('General')
config.General.transferOutputs = True
config.General.transferLogs = False
config.General.workArea = 'crab_projects'
config.General.requestName = 'SkimB4Mu_2023eraC-v2_stream4_Mini'
config.section_('JobType')
config.JobType.psetName = '/lustrehome/mbuonsante/B_4mu/CMSSW_13_0_13/src/B4muNtuplizer/CrabSubmission/2023_eraC-v2/PatAndTree_cfg.py'
config.JobType.allowUndistributedCMSSW = True
config.JobType.pluginName = 'Analysis'
config.section_('Data')
config.Data.outputDatasetTag = 'SkimB4Mu_2023eraC-v2_stream4_Mini'
config.Data.allowNonValidInputDataset = True
config.Data.inputDataset = '/ParkingDoubleMuonLowMass4/Run2023C-22Sep2023_v2-v1/MINIAOD'
config.Data.inputDBS = 'global'
config.Data.splitting = 'LumiBased'
config.Data.unitsPerJob = 50
config.Data.lumiMask = 'https://cms-service-dqmdc.web.cern.ch/CAF/certification/Collisions23/Cert_Collisions2023_eraC_367095_368823_Golden.json'
config.section_('Site')
config.Site.storageSite = 'T2_IT_Bari'
config.Site.ignoreGlobalBlacklist = True
config.section_('User')
config.section_('Debug')

DEBUG 2024-02-21 22:28:27.382 UTC: 	 submit() - self.configreq {'dryrun': 0, 'workflow': 'crab_SkimB4Mu_2023eraC-v2_stream4_Mini', 'saveoutput': 1, 'savelogsflag': 0, 'inputdata': '/ParkingDoubleMuonLowMass4/Run2023C-22Sep2023_v2-v1/MINIAOD', 'primarydataset': '', 'nonvaliddata': 1, 'userfiles': [], 'dbsurl': 'https://cmsweb.cern.ch/dbs/prod/global/DBSReader', 'useparent': 0, 'ignorelocality': 0, 'splitalgo': 'LumiBased', 'algoargs': 50, 'totalunits': 0, 'publication': 1, 'publishdbsurl': 'https://cmsweb.cern.ch/dbs/prod/phys03/DBSWriter', 'publishname2': 'SkimB4Mu_2023eraC-v2_stream4_Mini', 'jobtype': 'Analysis', 'generator': 'pythia', 'addoutputfiles': [], 'maxjobruntime': 1250, 'numcores': 1, 'maxmemory': 2000, 'priority': 10, 'nonprodsw': 1, 'asyncdest': 'T2_IT_Bari', 'requireaccelerator': 0, 'oneEventMode': 0, 'extrajdl': [], 'ignoreglobalblacklist': 1, 'partialdataset': 0, 'inputblocks': []}
DEBUG 2024-02-21 22:28:27.382 UTC: 	 submit() - jobconfig {'addoutputfiles': [], 'tfileoutfiles': ['TreeData.root'], 'edmoutfiles': [], 'jobarch': 'slc7_amd64_gcc11', 'jobsw': 'CMSSW_13_0_13', 'inputdata': '/ParkingDoubleMuonLowMass4/Run2023C-22Sep2023_v2-v1/MINIAOD', 'cacheurl': 'https://cmsweb.cern.ch/S3/crabcache_prod', 'cachefilename': 'c21f585968b676319b78458a8dfff0d78967d784c1d5d78343c5cdc38d3be0e5.tar.gz', 'debugfilename': '078f12dae9263dd2366cf1db64c2474c39cb86f9bec6f79f5c448593dc543674.tar.gz', 'runs': ['367095', '367100', '367102', '367103', '367104', '367111', '367112', '367127', '367128', '367129', '367130', '367131', '367133', '367228', '367229', '367230', '367231', '367232', '367234', '367260', '367262', '367263', '367264', '367267', '367269', '367270', '367271', '367312', '367314', '367315', '367334', '367336', '367337', '367355', '367406', '367413', '367415', '367416', '367475', '367477', '367515', '367516', '367552', '367553', '367554', '367615', '367618', '367619', '367661', '367662', '367663', '367665', '367666', '367691', '367696', '367699', '367730', '367742', '367758', '367770', '367771', '367772', '367790', '367831', '367836', '367838', '367840', '367881', '367883', '367884', '367902', '367904', '367905', '367906', '367907', '367908', '367910', '368223', '368224', '368229', '368318', '368320', '368321', '368332', '368333', '368343', '368382', '368384', '368388', '368389', '368400', '368410', '368412', '368423', '368451', '368453', '368454', '368489', '368546', '368547', '368548', '368566', '368567', '368609', '368611', '368613', '368636', '368669', '368670', '368672', '368674', '368675', '368676', '368678', '368684', '368685', '368723', '368724', '368746', '368749', '368753', '368762', '368764', '368765', '368822', '368823'], 'lumis': ['1,564', '45,390', '1,75', '1,64', '1,1082', '51,338', '1,1438', '18,350', '1,2,6,6,11,12,14,15', '1,3', '1,2,6,9,13,126,135,167', '1,149', '1,275', '55,280,285,287,292,294,298,304', '1,34', '1,1', '1,22', '1,996', '1,501', '52,69,72,240', '1,42,49,119,123,271', '10,21', '1,847', '45,322', '1,33', '1,961', '1,135', '53,225,227,269', '1,20', '1,893', '26,324', '1,169', '1,1046', '60,63', '48,476', '68,448,450,467,469,746,748,750,752,898,900,1340,1342,1367', '1,97', '1,55', '56,634', '1,1289', '44,668', '1,1236', '49,59', '1,644', '1,312', '53,484', '18,341', '1,300,302,501,503,579', '50,366', '1,18', '1,1', '1,271', '1,11,16,86', '46,204', '1,856,858,1920', '1,151', '48,562', '39,443', '52,767', '47,198', '1,91', '1,6', '1,160', '53,504', '48,588', '1,793', '1,570', '14,152', '1,1050', '1,1011', '42,273', '1,103', '1,48', '1,344', '1,119', '1,358', '1,593', '45,437,445,487', '1,57', '52,569', '37,319', '1,285', '1,337', '1,14', '1,25', '1,328', '37,792', '1,44', '39,444,448,1431,1434,1472', '1,198', '40,271', '49,1501', '1,92', '42,159,161,516', '1,144', '1,5', '1,68,72,1168', '47,791,793,827,829,863,865,899,901,935,937,971,973,1007,1009,1043,1045,1079,1081,1280,1282,1380,1382,1581,1583,1595', '1,659', '1,194,197,702', '1,75,77,86,89,90,93,280,282,1044', '1,1195', '1,31,33,411,414,436', '41,1039', '1,247,249,382', '1,260', '51,819', '42,410', '1,255,306,308', '1,866', '1,12', '1,50', '1,156', '1,171', '40,135', '1,1481', '63,63,97,188', '1,1200', '39,77', '1,169', '1,976', '45,238', '1,1', '1,1386', '45,330,332,908,910,991', '3,35'], 'jobtype': 'Analysis'}
INFO 2024-02-21 22:28:27.382 UTC: 	 Sending the request to the server at cmsweb.cern.ch
DEBUG 2024-02-21 22:28:27.382 UTC: 	 Submitting {'dryrun': 0, 'workflow': 'crab_SkimB4Mu_2023eraC-v2_stream4_Mini', 'saveoutput': 1, 'savelogsflag': 0, 'inputdata': '/ParkingDoubleMuonLowMass4/Run2023C-22Sep2023_v2-v1/MINIAOD', 'primarydataset': '', 'nonvaliddata': 1, 'userfiles': [], 'dbsurl': 'https://cmsweb.cern.ch/dbs/prod/global/DBSReader', 'useparent': 0, 'ignorelocality': 0, 'splitalgo': 'LumiBased', 'algoargs': 50, 'totalunits': 0, 'publication': 1, 'publishdbsurl': 'https://cmsweb.cern.ch/dbs/prod/phys03/DBSWriter', 'publishname2': 'SkimB4Mu_2023eraC-v2_stream4_Mini', 'jobtype': 'Analysis', 'generator': 'pythia', 'addoutputfiles': [], 'maxjobruntime': 1250, 'numcores': 1, 'maxmemory': 2000, 'priority': 10, 'nonprodsw': 1, 'asyncdest': 'T2_IT_Bari', 'requireaccelerator': 0, 'oneEventMode': 0, 'extrajdl': [], 'ignoreglobalblacklist': 1, 'partialdataset': 0, 'inputblocks': [], 'tfileoutfiles': ['TreeData.root'], 'edmoutfiles': [], 'jobarch': 'slc7_amd64_gcc11', 'jobsw': 'CMSSW_13_0_13', 'cacheurl': 'https://cmsweb.cern.ch/S3/crabcache_prod', 'cachefilename': 'c21f585968b676319b78458a8dfff0d78967d784c1d5d78343c5cdc38d3be0e5.tar.gz', 'debugfilename': '078f12dae9263dd2366cf1db64c2474c39cb86f9bec6f79f5c448593dc543674.tar.gz', 'runs': ['367095', '367100', '367102', '367103', '367104', '367111', '367112', '367127', '367128', '367129', '367130', '367131', '367133', '367228', '367229', '367230', '367231', '367232', '367234', '367260', '367262', '367263', '367264', '367267', '367269', '367270', '367271', '367312', '367314', '367315', '367334', '367336', '367337', '367355', '367406', '367413', '367415', '367416', '367475', '367477', '367515', '367516', '367552', '367553', '367554', '367615', '367618', '367619', '367661', '367662', '367663', '367665', '367666', '367691', '367696', '367699', '367730', '367742', '367758', '367770', '367771', '367772', '367790', '367831', '367836', '367838', '367840', '367881', '367883', '367884', '367902', '367904', '367905', '367906', '367907', '367908', '367910', '368223', '368224', '368229', '368318', '368320', '368321', '368332', '368333', '368343', '368382', '368384', '368388', '368389', '368400', '368410', '368412', '368423', '368451', '368453', '368454', '368489', '368546', '368547', '368548', '368566', '368567', '368609', '368611', '368613', '368636', '368669', '368670', '368672', '368674', '368675', '368676', '368678', '368684', '368685', '368723', '368724', '368746', '368749', '368753', '368762', '368764', '368765', '368822', '368823'], 'lumis': ['1,564', '45,390', '1,75', '1,64', '1,1082', '51,338', '1,1438', '18,350', '1,2,6,6,11,12,14,15', '1,3', '1,2,6,9,13,126,135,167', '1,149', '1,275', '55,280,285,287,292,294,298,304', '1,34', '1,1', '1,22', '1,996', '1,501', '52,69,72,240', '1,42,49,119,123,271', '10,21', '1,847', '45,322', '1,33', '1,961', '1,135', '53,225,227,269', '1,20', '1,893', '26,324', '1,169', '1,1046', '60,63', '48,476', '68,448,450,467,469,746,748,750,752,898,900,1340,1342,1367', '1,97', '1,55', '56,634', '1,1289', '44,668', '1,1236', '49,59', '1,644', '1,312', '53,484', '18,341', '1,300,302,501,503,579', '50,366', '1,18', '1,1', '1,271', '1,11,16,86', '46,204', '1,856,858,1920', '1,151', '48,562', '39,443', '52,767', '47,198', '1,91', '1,6', '1,160', '53,504', '48,588', '1,793', '1,570', '14,152', '1,1050', '1,1011', '42,273', '1,103', '1,48', '1,344', '1,119', '1,358', '1,593', '45,437,445,487', '1,57', '52,569', '37,319', '1,285', '1,337', '1,14', '1,25', '1,328', '37,792', '1,44', '39,444,448,1431,1434,1472', '1,198', '40,271', '49,1501', '1,92', '42,159,161,516', '1,144', '1,5', '1,68,72,1168', '47,791,793,827,829,863,865,899,901,935,937,971,973,1007,1009,1043,1045,1079,1081,1280,1282,1380,1382,1581,1583,1595', '1,659', '1,194,197,702', '1,75,77,86,89,90,93,280,282,1044', '1,1195', '1,31,33,411,414,436', '41,1039', '1,247,249,382', '1,260', '51,819', '42,410', '1,255,306,308', '1,866', '1,12', '1,50', '1,156', '1,171', '40,135', '1,1481', '63,63,97,188', '1,1200', '39,77', '1,169', '1,976', '45,238', '1,1', '1,1386', '45,330,332,908,910,991', '3,35']} 
DEBUG 2024-02-21 22:28:27.383 UTC: 	 Encoded data for curl request: dryrun=0&workflow=crab_SkimB4Mu_2023eraC-v2_stream4_Mini&saveoutput=1&savelogsflag=0&inputdata=%2FParkingDoubleMuonLowMass4%2FRun2023C-22Sep2023_v2-v1%2FMINIAOD&primarydataset=&nonvaliddata=1&dbsurl=https%3A%2F%2Fcmsweb.cern.ch%2Fdbs%2Fprod%2Fglobal%2FDBSReader&useparent=0&ignorelocality=0&splitalgo=LumiBased&algoargs=50&totalunits=0&publication=1&publishdbsurl=https%3A%2F%2Fcmsweb.cern.ch%2Fdbs%2Fprod%2Fphys03%2FDBSWriter&publishname2=SkimB4Mu_2023eraC-v2_stream4_Mini&jobtype=Analysis&generator=pythia&maxjobruntime=1250&numcores=1&maxmemory=2000&priority=10&nonprodsw=1&asyncdest=T2_IT_Bari&requireaccelerator=0&oneEventMode=0&ignoreglobalblacklist=1&partialdataset=0&jobarch=slc7_amd64_gcc11&jobsw=CMSSW_13_0_13&cacheurl=https%3A%2F%2Fcmsweb.cern.ch%2FS3%2Fcrabcache_prod&cachefilename=c21f585968b676319b78458a8dfff0d78967d784c1d5d78343c5cdc38d3be0e5.tar.gz&debugfilename=078f12dae9263dd2366cf1db64c2474c39cb86f9bec6f79f5c448593dc543674.tar.gz&tfileoutfiles=TreeData.root&runs=367095&runs=367100&runs=367102&runs=367103&runs=367104&runs=367111&runs=367112&runs=367127&runs=367128&runs=367129&runs=367130&runs=367131&runs=367133&runs=367228&runs=367229&runs=367230&runs=367231&runs=367232&runs=367234&runs=367260&runs=367262&runs=367263&runs=367264&runs=367267&runs=367269&runs=367270&runs=367271&runs=367312&runs=367314&runs=367315&runs=367334&runs=367336&runs=367337&runs=367355&runs=367406&runs=367413&runs=367415&runs=367416&runs=367475&runs=367477&runs=367515&runs=367516&runs=367552&runs=367553&runs=367554&runs=367615&runs=367618&runs=367619&runs=367661&runs=367662&runs=367663&runs=367665&runs=367666&runs=367691&runs=367696&runs=367699&runs=367730&runs=367742&runs=367758&runs=367770&runs=367771&runs=367772&runs=367790&runs=367831&runs=367836&runs=367838&runs=367840&runs=367881&runs=367883&runs=367884&runs=367902&runs=367904&runs=367905&runs=367906&runs=367907&runs=367908&runs=367910&runs=368223&runs=368224&runs=368229&runs=368318&runs=368320&runs=368321&runs=368332&runs=368333&runs=368343&runs=368382&runs=368384&runs=368388&runs=368389&runs=368400&runs=368410&runs=368412&runs=368423&runs=368451&runs=368453&runs=368454&runs=368489&runs=368546&runs=368547&runs=368548&runs=368566&runs=368567&runs=368609&runs=368611&runs=368613&runs=368636&runs=368669&runs=368670&runs=368672&runs=368674&runs=368675&runs=368676&runs=368678&runs=368684&runs=368685&runs=368723&runs=368724&runs=368746&runs=368749&runs=368753&runs=368762&runs=368764&runs=368765&runs=368822&runs=368823&lumis=1%2C564&lumis=45%2C390&lumis=1%2C75&lumis=1%2C64&lumis=1%2C1082&lumis=51%2C338&lumis=1%2C1438&lumis=18%2C350&lumis=1%2C2%2C6%2C6%2C11%2C12%2C14%2C15&lumis=1%2C3&lumis=1%2C2%2C6%2C9%2C13%2C126%2C135%2C167&lumis=1%2C149&lumis=1%2C275&lumis=55%2C280%2C285%2C287%2C292%2C294%2C298%2C304&lumis=1%2C34&lumis=1%2C1&lumis=1%2C22&lumis=1%2C996&lumis=1%2C501&lumis=52%2C69%2C72%2C240&lumis=1%2C42%2C49%2C119%2C123%2C271&lumis=10%2C21&lumis=1%2C847&lumis=45%2C322&lumis=1%2C33&lumis=1%2C961&lumis=1%2C135&lumis=53%2C225%2C227%2C269&lumis=1%2C20&lumis=1%2C893&lumis=26%2C324&lumis=1%2C169&lumis=1%2C1046&lumis=60%2C63&lumis=48%2C476&lumis=68%2C448%2C450%2C467%2C469%2C746%2C748%2C750%2C752%2C898%2C900%2C1340%2C1342%2C1367&lumis=1%2C97&lumis=1%2C55&lumis=56%2C634&lumis=1%2C1289&lumis=44%2C668&lumis=1%2C1236&lumis=49%2C59&lumis=1%2C644&lumis=1%2C312&lumis=53%2C484&lumis=18%2C341&lumis=1%2C300%2C302%2C501%2C503%2C579&lumis=50%2C366&lumis=1%2C18&lumis=1%2C1&lumis=1%2C271&lumis=1%2C11%2C16%2C86&lumis=46%2C204&lumis=1%2C856%2C858%2C1920&lumis=1%2C151&lumis=48%2C562&lumis=39%2C443&lumis=52%2C767&lumis=47%2C198&lumis=1%2C91&lumis=1%2C6&lumis=1%2C160&lumis=53%2C504&lumis=48%2C588&lumis=1%2C793&lumis=1%2C570&lumis=14%2C152&lumis=1%2C1050&lumis=1%2C1011&lumis=42%2C273&lumis=1%2C103&lumis=1%2C48&lumis=1%2C344&lumis=1%2C119&lumis=1%2C358&lumis=1%2C593&lumis=45%2C437%2C445%2C487&lumis=1%2C57&lumis=52%2C569&lumis=37%2C319&lumis=1%2C285&lumis=1%2C337&lumis=1%2C14&lumis=1%2C25&lumis=1%2C328&lumis=37%2C792&lumis=1%2C44&lumis=39%2C444%2C448%2C1431%2C1434%2C1472&lumis=1%2C198&lumis=40%2C271&lumis=49%2C1501&lumis=1%2C92&lumis=42%2C159%2C161%2C516&lumis=1%2C144&lumis=1%2C5&lumis=1%2C68%2C72%2C1168&lumis=47%2C791%2C793%2C827%2C829%2C863%2C865%2C899%2C901%2C935%2C937%2C971%2C973%2C1007%2C1009%2C1043%2C1045%2C1079%2C1081%2C1280%2C1282%2C1380%2C1382%2C1581%2C1583%2C1595&lumis=1%2C659&lumis=1%2C194%2C197%2C702&lumis=1%2C75%2C77%2C86%2C89%2C90%2C93%2C280%2C282%2C1044&lumis=1%2C1195&lumis=1%2C31%2C33%2C411%2C414%2C436&lumis=41%2C1039&lumis=1%2C247%2C249%2C382&lumis=1%2C260&lumis=51%2C819&lumis=42%2C410&lumis=1%2C255%2C306%2C308&lumis=1%2C866&lumis=1%2C12&lumis=1%2C50&lumis=1%2C156&lumis=1%2C171&lumis=40%2C135&lumis=1%2C1481&lumis=63%2C63%2C97%2C188&lumis=1%2C1200&lumis=39%2C77&lumis=1%2C169&lumis=1%2C976&lumis=45%2C238&lumis=1%2C1&lumis=1%2C1386&lumis=45%2C330%2C332%2C908%2C910%2C991&lumis=3%2C35
DEBUG 2024-02-21 22:28:27.577 UTC: 	 Result: {'result': [{'RequestName': '240221_222827:mbuonsan_crab_SkimB4Mu_2023eraC-v2_stream4_Mini'}]}
INFO 2024-02-21 22:28:27.578 UTC: 	 Success: Your task has been delivered to the prod CRAB3 server.
INFO 2024-02-21 22:28:27.578 UTC: 	 Task name: 240221_222827:mbuonsan_crab_SkimB4Mu_2023eraC-v2_stream4_Mini
INFO 2024-02-21 22:28:27.578 UTC: 	 Project dir: crab_projects/crab_SkimB4Mu_2023eraC-v2_stream4_Mini
INFO 2024-02-21 22:28:27.578 UTC: 	 Please use ' crab status -d crab_projects/crab_SkimB4Mu_2023eraC-v2_stream4_Mini ' to check how the submission process proceeds.
DEBUG 2024-02-21 22:28:27.579 UTC: 	 About to return
INFO 2024-02-21 22:28:27.584 UTC: 	 Log file is /lustrehome/mbuonsante/B_4mu/CMSSW_13_0_13/src/B4muNtuplizer/CrabSubmission/2023_eraC-v2/crab_projects/crab_SkimB4Mu_2023eraC-v2_stream4_Mini/crab.log
DEBUG 2024-02-22 18:04:43.252 UTC: 	 CRAB Client version: v3.240110
DEBUG 2024-02-22 18:04:43.253 UTC: 	 Running on: Linux ui02.recas.ba.infn.it 3.10.0-1160.80.1.el7.x86_64 #1 SMP Tue Nov 8 15:48:59 UTC 2022 x86_64 x86_64 x86_64 GNU/Linux - CentOS Linux 7 (Core)
DEBUG 2024-02-22 18:04:43.253 UTC: 	 Executing command: 'resubmit'
DEBUG 2024-02-22 18:04:43.253 UTC: 	 Found CRAB cache file /lustrehome/mbuonsante/.crab3
DEBUG 2024-02-22 18:04:43.286 UTC: 	 Checking credentials
DEBUG 2024-02-22 18:04:43.286 UTC: 	 Found proxy file /tmp/x509up_u881331
DEBUG 2024-02-22 18:04:43.286 UTC: 	 Making sure it has proper VOMS extension
DEBUG 2024-02-22 18:04:43.286 UTC: 	 Executing command :
 voms-proxy-info --vo --file /tmp/x509up_u881331
DEBUG 2024-02-22 18:04:45.345 UTC: 	 output : cms

 error: 
 retcode : 0
DEBUG 2024-02-22 18:04:45.345 UTC: 	 Getting proxy life time left
DEBUG 2024-02-22 18:04:45.345 UTC: 	 Executing command :
 voms-proxy-info --actimeleft --timeleft --file /tmp/x509up_u881331
DEBUG 2024-02-22 18:04:47.026 UTC: 	 output : 408930
408929

 error: 
 retcode : 0
DEBUG 2024-02-22 18:04:47.026 UTC: 	 Proxy valid for 113:35:29 hours
DEBUG 2024-02-22 18:04:47.026 UTC: 	 Encoded data for curl request: subresource=delegatedn
DEBUG 2024-02-22 18:04:47.219 UTC: 	 Registering user credentials on myproxy for /DC=ch/DC=cern/OU=computers/CN=crab-(preprod|prod|dev)-tw(01|02|03).cern.ch|/DC=ch/DC=cern/OU=computers/CN=stefanov(m|m2).cern.ch|/DC=ch/DC=cern/OU=computers/CN=dciangot-tw.cern.ch
DEBUG 2024-02-22 18:04:47.219 UTC: 	 Executing command :
 voms-proxy-info --identity --file /tmp/x509up_u881331
DEBUG 2024-02-22 18:04:48.822 UTC: 	 output : /DC=ch/DC=cern/OU=Organic Units/OU=Users/CN=mbuonsan/CN=866052/CN=Marco Buonsante

 error: 
 retcode : 0
DEBUG 2024-02-22 18:04:48.823 UTC: 	 Getting myproxy life time left for db438794163ae221c16ac5cdc1e476b2bc2ff634
DEBUG 2024-02-22 18:04:48.823 UTC: 	 Executing command :
 myproxy-info -s myproxy.cern.ch -l db438794163ae221c16ac5cdc1e476b2bc2ff634
DEBUG 2024-02-22 18:04:49.195 UTC: 	 output : username: db438794163ae221c16ac5cdc1e476b2bc2ff634
owner: /DC=ch/DC=cern/OU=Organic Units/OU=Users/CN=mbuonsan/CN=866052/CN=Marco Buonsante
  renewal policy: /DC=ch/DC=cern/OU=computers/CN=crab-(preprod|prod|dev)-tw(01|02|03).cern.ch|/DC=ch/DC=cern/OU=computers/CN=stefanov(m|m2).cern.ch|/DC=ch/DC=cern/OU=computers/CN=dciangot-tw.cern.ch
  trusted retrieval policy: /DC=ch/DC=cern/OU=computers/CN=crab-(preprod|prod|dev)-tw(01|02|03).cern.ch|/DC=ch/DC=cern/OU=computers/CN=stefanov(m|m2).cern.ch|/DC=ch/DC=cern/OU=computers/CN=dciangot-tw.cern.ch
  timeleft: 473:36:38  (19.7 days)

 error: 
 retcode : 0
DEBUG 2024-02-22 18:04:49.195 UTC: 	 Myproxy is valid: 1704960
DEBUG 2024-02-22 18:04:49.195 UTC: 	 Result of myproxy credential check:
  Credential exists on myproxy: username: db438794163ae221c16ac5cdc1e476b2bc2ff634  - validity: 19 days, 17:36:00
DEBUG 2024-02-22 18:04:49.196 UTC: 	 Encoded data for curl request: subresource=search&workflow=240221_222827%3Ambuonsan_crab_SkimB4Mu_2023eraC-v2_stream4_Mini
DEBUG 2024-02-22 18:04:49.404 UTC: 	 Command use: resubmit
DEBUG 2024-02-22 18:04:49.404 UTC: 	 Options use: ['-d', 'crab_projects/crab_SkimB4Mu_2023eraC-v2_stream4_Mini']
DEBUG 2024-02-22 18:04:49.404 UTC: 	 Encoded data for curl request: subresource=version
DEBUG 2024-02-22 18:04:49.591 UTC: 	 CRABClient version: v3.240110
DEBUG 2024-02-22 18:04:49.591 UTC: 	 Instance is prod
DEBUG 2024-02-22 18:04:49.591 UTC: 	 Server base url is cmsweb.cern.ch
DEBUG 2024-02-22 18:04:49.591 UTC: 	 Command api workflow
DEBUG 2024-02-22 18:04:49.626 UTC: 	 CRAB Client version: v3.240110
DEBUG 2024-02-22 18:04:49.626 UTC: 	 Running on: Linux ui02.recas.ba.infn.it 3.10.0-1160.80.1.el7.x86_64 #1 SMP Tue Nov 8 15:48:59 UTC 2022 x86_64 x86_64 x86_64 GNU/Linux - CentOS Linux 7 (Core)
DEBUG 2024-02-22 18:04:49.626 UTC: 	 Executing command: 'status'
DEBUG 2024-02-22 18:04:49.627 UTC: 	 Found CRAB cache file /lustrehome/mbuonsante/.crab3
DEBUG 2024-02-22 18:04:49.630 UTC: 	 Checking credentials
DEBUG 2024-02-22 18:04:49.631 UTC: 	 Found proxy file /tmp/x509up_u881331
DEBUG 2024-02-22 18:04:49.631 UTC: 	 Making sure it has proper VOMS extension
DEBUG 2024-02-22 18:04:49.631 UTC: 	 Executing command :
 voms-proxy-info --vo --file /tmp/x509up_u881331
DEBUG 2024-02-22 18:04:51.380 UTC: 	 output : cms

 error: 
 retcode : 0
DEBUG 2024-02-22 18:04:51.381 UTC: 	 Getting proxy life time left
DEBUG 2024-02-22 18:04:51.381 UTC: 	 Executing command :
 voms-proxy-info --actimeleft --timeleft --file /tmp/x509up_u881331
DEBUG 2024-02-22 18:04:53.397 UTC: 	 output : 408924
408923

 error: 
 retcode : 0
DEBUG 2024-02-22 18:04:53.397 UTC: 	 Proxy valid for 113:35:23 hours
DEBUG 2024-02-22 18:04:53.397 UTC: 	 Encoded data for curl request: subresource=delegatedn
DEBUG 2024-02-22 18:04:53.573 UTC: 	 Registering user credentials on myproxy for /DC=ch/DC=cern/OU=computers/CN=crab-(preprod|prod|dev)-tw(01|02|03).cern.ch|/DC=ch/DC=cern/OU=computers/CN=stefanov(m|m2).cern.ch|/DC=ch/DC=cern/OU=computers/CN=dciangot-tw.cern.ch
DEBUG 2024-02-22 18:04:53.573 UTC: 	 Executing command :
 voms-proxy-info --identity --file /tmp/x509up_u881331
DEBUG 2024-02-22 18:04:55.086 UTC: 	 output : /DC=ch/DC=cern/OU=Organic Units/OU=Users/CN=mbuonsan/CN=866052/CN=Marco Buonsante

 error: 
 retcode : 0
DEBUG 2024-02-22 18:04:55.086 UTC: 	 Getting myproxy life time left for db438794163ae221c16ac5cdc1e476b2bc2ff634
DEBUG 2024-02-22 18:04:55.086 UTC: 	 Executing command :
 myproxy-info -s myproxy.cern.ch -l db438794163ae221c16ac5cdc1e476b2bc2ff634
DEBUG 2024-02-22 18:04:55.511 UTC: 	 output : username: db438794163ae221c16ac5cdc1e476b2bc2ff634
owner: /DC=ch/DC=cern/OU=Organic Units/OU=Users/CN=mbuonsan/CN=866052/CN=Marco Buonsante
  renewal policy: /DC=ch/DC=cern/OU=computers/CN=crab-(preprod|prod|dev)-tw(01|02|03).cern.ch|/DC=ch/DC=cern/OU=computers/CN=stefanov(m|m2).cern.ch|/DC=ch/DC=cern/OU=computers/CN=dciangot-tw.cern.ch
  trusted retrieval policy: /DC=ch/DC=cern/OU=computers/CN=crab-(preprod|prod|dev)-tw(01|02|03).cern.ch|/DC=ch/DC=cern/OU=computers/CN=stefanov(m|m2).cern.ch|/DC=ch/DC=cern/OU=computers/CN=dciangot-tw.cern.ch
  timeleft: 473:36:32  (19.7 days)

 error: 
 retcode : 0
DEBUG 2024-02-22 18:04:55.511 UTC: 	 Myproxy is valid: 1704960
DEBUG 2024-02-22 18:04:55.511 UTC: 	 Result of myproxy credential check:
  Credential exists on myproxy: username: db438794163ae221c16ac5cdc1e476b2bc2ff634  - validity: 19 days, 17:36:00
DEBUG 2024-02-22 18:04:55.511 UTC: 	 Retrieving username ...
DEBUG 2024-02-22 18:04:55.511 UTC: 	 Retrieving username from CRIC...
DEBUG 2024-02-22 18:04:56.547 UTC: 	 username is mbuonsan
INFO 2024-02-22 18:04:57.980 UTC: 	 Rucio client intialized for account mbuonsan
DEBUG 2024-02-22 18:04:57.980 UTC: 	 Command use: status
DEBUG 2024-02-22 18:04:57.980 UTC: 	 Options use: []
DEBUG 2024-02-22 18:04:57.980 UTC: 	 Encoded data for curl request: subresource=version
DEBUG 2024-02-22 18:04:58.165 UTC: 	 CRABClient version: v3.240110
DEBUG 2024-02-22 18:04:58.165 UTC: 	 Instance is prod
DEBUG 2024-02-22 18:04:58.165 UTC: 	 Server base url is cmsweb.cern.ch
DEBUG 2024-02-22 18:04:58.165 UTC: 	 Command api workflow
DEBUG 2024-02-22 18:04:58.165 UTC: 	 Encoded data for curl request: subresource=search&workflow=240221_222827%3Ambuonsan_crab_SkimB4Mu_2023eraC-v2_stream4_Mini
DEBUG 2024-02-22 18:04:58.380 UTC: 	 Got information from server oracle database: {'desc': {'columns': ['tm_taskname', 'tm_activity', 'panda_jobset_id', 'tm_task_status', 'tm_task_command', 'tm_start_time', 'tm_start_injection', 'tm_end_injection', 'tm_task_failure', 'tm_job_sw', 'tm_job_arch', 'tm_input_dataset', 'tm_nonvalid_input_dataset', 'tm_use_parent', 'tm_site_whitelist', 'tm_site_blacklist', 'tm_split_algo', 'tm_split_args', 'tm_user_sandbox', 'tm_cache_url', 'tm_username', 'tm_user_dn', 'tm_user_vo', 'tm_user_role', 'tm_user_group', 'tm_publish_name', 'tm_publish_groupname', 'tm_asyncdest', 'tm_dbs_url', 'tm_publish_dbs_url', 'tm_publication', 'tm_outfiles', 'tm_tfile_outfiles', 'tm_edm_outfiles', 'tm_job_type', 'tm_generator', 'tm_events_per_lumi', 'tm_arguments', 'panda_resubmitted_jobs', 'tm_save_logs', 'tw_name', 'tm_user_infiles', 'tm_maxjobruntime', 'tm_numcores', 'tm_maxmemory', 'tm_priority', 'tm_output_dataset', 'tm_task_warnings', 'tm_user_webdir', 'tm_scriptexe', 'tm_scriptargs', 'tm_extrajdl', 'tm_asourl', 'tm_collector', 'tm_schedd', 'tm_dry_run', 'tm_user_files', 'tm_transfer_outputs', 'tm_output_lfn', 'tm_ignore_locality', 'tm_fail_limit', 'tm_one_event_mode', 'tm_secondary_input_dataset', 'tm_primary_dataset', 'tm_last_publication', 'tm_debug_files', 'clusterid', 'tm_asodb', 'tm_ignore_global_blacklist', 'tm_submitter_ip_addr', 'tm_totalunits', 'tm_ddm_reqid', 'tm_user_config', 'tm_transfer_container', 'tm_transfer_rule', 'tm_publish_rule', 'tm_multipub_rule']}, 'result': ['240221_222827:mbuonsan_crab_SkimB4Mu_2023eraC-v2_stream4_Mini', 'None', 'None', 'SUBMITTED', 'SUBMIT', '2024-02-21 22:28:27.552917', 'None', '2024-02-21 22:30:06.367908', 'None', 'CMSSW_13_0_13', 'slc7_amd64_gcc11', '/ParkingDoubleMuonLowMass4/Run2023C-22Sep2023_v2-v1/MINIAOD', 'T', '0', '[]', '[]', 'LumiBased', "{'halt_job_on_file_boundaries': False, 'splitOnRun': False, 'lumis_per_job': 50, 'runs': ['367095', '367100', '367102', '367103', '367104', '367111', '367112', '367127', '367128', '367129', '367130', '367131', '367133', '367228', '367229', '367230', '367231', '367232', '367234', '367260', '367262', '367263', '367264', '367267', '367269', '367270', '367271', '367312', '367314', '367315', '367334', '367336', '367337', '367355', '367406', '367413', '367415', '367416', '367475', '367477', '367515', '367516', '367552', '367553', '367554', '367615', '367618', '367619', '367661', '367662', '367663', '367665', '367666', '367691', '367696', '367699', '367730', '367742', '367758', '367770', '367771', '367772', '367790', '367831', '367836', '367838', '367840', '367881', '367883', '367884', '367902', '367904', '367905', '367906', '367907', '367908', '367910', '368223', '368224', '368229', '368318', '368320', '368321', '368332', '368333', '368343', '368382', '368384', '368388', '368389', '368400', '368410', '368412', '368423', '368451', '368453', '368454', '368489', '368546', '368547', '368548', '368566', '368567', '368609', '368611', '368613', '368636', '368669', '368670', '368672', '368674', '368675', '368676', '368678', '368684', '368685', '368723', '368724', '368746', '368749', '368753', '368762', '368764', '368765', '368822', '368823'], 'lumis': ['1,564', '45,390', '1,75', '1,64', '1,1082', '51,338', '1,1438', '18,350', '1,2,6,6,11,12,14,15', '1,3', '1,2,6,9,13,126,135,167', '1,149', '1,275', '55,280,285,287,292,294,298,304', '1,34', '1,1', '1,22', '1,996', '1,501', '52,69,72,240', '1,42,49,119,123,271', '10,21', '1,847', '45,322', '1,33', '1,961', '1,135', '53,225,227,269', '1,20', '1,893', '26,324', '1,169', '1,1046', '60,63', '48,476', '68,448,450,467,469,746,748,750,752,898,900,1340,1342,1367', '1,97', '1,55', '56,634', '1,1289', '44,668', '1,1236', '49,59', '1,644', '1,312', '53,484', '18,341', '1,300,302,501,503,579', '50,366', '1,18', '1,1', '1,271', '1,11,16,86', '46,204', '1,856,858,1920', '1,151', '48,562', '39,443', '52,767', '47,198', '1,91', '1,6', '1,160', '53,504', '48,588', '1,793', '1,570', '14,152', '1,1050', '1,1011', '42,273', '1,103', '1,48', '1,344', '1,119', '1,358', '1,593', '45,437,445,487', '1,57', '52,569', '37,319', '1,285', '1,337', '1,14', '1,25', '1,328', '37,792', '1,44', '39,444,448,1431,1434,1472', '1,198', '40,271', '49,1501', '1,92', '42,159,161,516', '1,144', '1,5', '1,68,72,1168', '47,791,793,827,829,863,865,899,901,935,937,971,973,1007,1009,1043,1045,1079,1081,1280,1282,1380,1382,1581,1583,1595', '1,659', '1,194,197,702', '1,75,77,86,89,90,93,280,282,1044', '1,1195', '1,31,33,411,414,436', '41,1039', '1,247,249,382', '1,260', '51,819', '42,410', '1,255,306,308', '1,866', '1,12', '1,50', '1,156', '1,171', '40,135', '1,1481', '63,63,97,188', '1,1200', '39,77', '1,169', '1,976', '45,238', '1,1', '1,1386', '45,330,332,908,910,991', '3,35']}", 'c21f585968b676319b78458a8dfff0d78967d784c1d5d78343c5cdc38d3be0e5.tar.gz', 'https://cmsweb.cern.ch/S3/crabcache_prod', 'mbuonsan', '/DC=ch/DC=cern/OU=Organic Units/OU=Users/CN=mbuonsan/CN=866052/CN=Marco Buonsante', 'cms', 'None', 'None', 'SkimB4Mu_2023eraC-v2_stream4_Mini-00000000000000000000000000000000', 'F', 'T2_IT_Bari', 'https://cmsweb.cern.ch/dbs/prod/global/DBSReader', 'https://cmsweb.cern.ch/dbs/prod/phys03/DBSWriter', 'T', '[]', "['TreeData.root']", '[]', 'Analysis', 'pythia', 'None', '{}', 'None', 'F', 'crab-prod-tw01', '[]', '1250', '1', '2000', '10', "['/FakeDataset/fakefile-FakePublish-3c07875b03bc4e67e580deb5f7e5455d/USER']", '[]', 'http://vocms0144.cern.ch/mon/mbuonsan/240221_222827:mbuonsan_crab_SkimB4Mu_2023eraC-v2_stream4_Mini', 'None', '[]', '[]', 'None', 'cmsgwms-collector-global.cern.ch:9620,cmsgwms-collector-global.fnal.gov:9620', 'crab3@vocms0144.cern.ch', 'F', '[]', 'T', '/store/user/mbuonsan/', 'F', 'None', 'F', 'None', 'ParkingDoubleMuonLowMass4', 'None', '078f12dae9263dd2366cf1db64c2474c39cb86f9bec6f79f5c448593dc543674.tar.gz', '103686034', 'None', 'T', '188.184.75.82', '0.0', 'None', '{"partialdataset": false, "requireaccelerator": false, "acceleratorparams": null, "inputblocks": null}', 'None', 'None', 'None', 'None']}
INFO 2024-02-22 18:04:58.380 UTC: 	 CRAB project directory:		/lustrehome/mbuonsante/B_4mu/CMSSW_13_0_13/src/B4muNtuplizer/CrabSubmission/2023_eraC-v2/crab_projects/crab_SkimB4Mu_2023eraC-v2_stream4_Mini
INFO 2024-02-22 18:04:58.381 UTC: 	 Task name:			240221_222827:mbuonsan_crab_SkimB4Mu_2023eraC-v2_stream4_Mini
INFO 2024-02-22 18:04:58.381 UTC: 	 Grid scheduler - Task Worker:	crab3@vocms0144.cern.ch - crab-prod-tw01
INFO 2024-02-22 18:04:58.381 UTC: 	 Status on the CRAB server:	SUBMITTED
INFO 2024-02-22 18:04:58.381 UTC: 	 Task URL to use for HELP:	https://cmsweb.cern.ch/crabserver/ui/task/240221_222827%3Ambuonsan_crab_SkimB4Mu_2023eraC-v2_stream4_Mini
INFO 2024-02-22 18:04:58.400 UTC: 	 Dashboard monitoring URL:	https://monit-grafana.cern.ch/d/cmsTMDetail/cms-task-monitoring-task-view?orgId=11&var-user=mbuonsan&var-task=240221_222827%3Ambuonsan_crab_SkimB4Mu_2023eraC-v2_stream4_Mini&from=1708550907000&to=now
DEBUG 2024-02-22 18:04:58.401 UTC: 	 The CRAB server submitted your task to the Grid scheduler (cluster ID: 103686034)
DEBUG 2024-02-22 18:04:58.401 UTC: 	 Webdir is located at http://vocms0144.cern.ch/mon/mbuonsan/240221_222827:mbuonsan_crab_SkimB4Mu_2023eraC-v2_stream4_Mini
DEBUG 2024-02-22 18:04:58.401 UTC: 	 Encoded data for curl request: subresource=webdirprx&workflow=240221_222827%3Ambuonsan_crab_SkimB4Mu_2023eraC-v2_stream4_Mini
DEBUG 2024-02-22 18:04:58.582 UTC: 	 Proxied webdir is located at https://cmsweb.cern.ch:8443/scheddmon/0144/mbuonsan/240221_222827:mbuonsan_crab_SkimB4Mu_2023eraC-v2_stream4_Mini
DEBUG 2024-02-22 18:04:58.583 UTC: 	 Retrieving 'status_cache' file from https://cmsweb.cern.ch:8443/scheddmon/0144/mbuonsan/240221_222827:mbuonsan_crab_SkimB4Mu_2023eraC-v2_stream4_Mini/status_cache.pkl
DEBUG 2024-02-22 18:04:58.583 UTC: 	 Will execute:
curl -sS --capath /etc/grid-security/certificates --cert /tmp/x509up_u881331 --key /tmp/x509up_u881331 -o /tmp/crab_status-cache-owmemvg0.pkl -w %"{http_code}" "https://cmsweb.cern.ch:8443/scheddmon/0144/mbuonsan/240221_222827:mbuonsan_crab_SkimB4Mu_2023eraC-v2_stream4_Mini/status_cache.pkl"
DEBUG 2024-02-22 18:04:58.583 UTC: 	 Executing command :
 curl -sS --capath /etc/grid-security/certificates --cert /tmp/x509up_u881331 --key /tmp/x509up_u881331 -o /tmp/crab_status-cache-owmemvg0.pkl -w %"{http_code}" "https://cmsweb.cern.ch:8443/scheddmon/0144/mbuonsan/240221_222827:mbuonsan_crab_SkimB4Mu_2023eraC-v2_stream4_Mini/status_cache.pkl"
DEBUG 2024-02-22 18:04:58.861 UTC: 	 output : 200
 error: 
 retcode : 0
DEBUG 2024-02-22 18:04:58.862 UTC: 	 exitcode: 0
stdout: 200
stderr: 
error details: 
DEBUG 2024-02-22 18:04:58.863 UTC: 	 Got information from status cache file: {'1': {'Retries': 0, 'Restarts': 0, 'SiteHistory': ['Unknown', 'T2_UK_SGrid_RALPP', 'T2_UK_SGrid_RALPP'], 'ResidentSetSize': [1321092], 'SubmitTimes': [1708554611.0], 'StartTimes': [1708554705.0], 'EndTimes': [1708556346.0], 'TotalUserCpuTimeHistory': [1403], 'TotalSysCpuTimeHistory': [36], 'WallDurations': [9.0, 267.74350237846375, 1641.0], 'JobIds': ['103686038.0'], 'State': 'finished', 'RecordedSite': True}, '2': {'Retries': 0, 'Restarts': 0, 'SiteHistory': ['Unknown', 'T3_UK_London_QMUL', 'T3_UK_London_QMUL'], 'ResidentSetSize': [926168], 'SubmitTimes': [1708554611.0], 'StartTimes': [1708554706.0], 'EndTimes': [1708555300.0], 'TotalUserCpuTimeHistory': [497], 'TotalSysCpuTimeHistory': [14], 'WallDurations': [8.0, 266.74350237846375, 594.0], 'JobIds': ['103686039.0'], 'State': 'finished', 'RecordedSite': True}, '3': {'Retries': 0, 'Restarts': 0, 'SiteHistory': ['Unknown', 'T2_US_Caltech', 'T2_US_Caltech'], 'ResidentSetSize': [1402784], 'SubmitTimes': [1708554611.0], 'StartTimes': [1708556449.0], 'EndTimes': [1708556696.0], 'TotalUserCpuTimeHistory': [91], 'TotalSysCpuTimeHistory': [5], 'WallDurations': [8.0, 33.79320931434631, 247.0], 'JobIds': ['103686040.0'], 'State': 'finished', 'RecordedSite': True}, '4': {'Retries': 0, 'Restarts': 0, 'SiteHistory': ['Unknown', 'T2_HU_Budapest', 'T2_HU_Budapest'], 'ResidentSetSize': [1592952], 'SubmitTimes': [1708554611.0], 'StartTimes': [1708554706.0], 'EndTimes': [1708556343.0], 'TotalUserCpuTimeHistory': [1448], 'TotalSysCpuTimeHistory': [30], 'WallDurations': [9.0, 266.74350237846375, 1637.0], 'JobIds': ['103686042.0'], 'State': 'finished', 'RecordedSite': True}, '5': {'Retries': 1, 'Restarts': 0, 'SiteHistory': ['Unknown', 'T2_US_Caltech', 'T2_US_Caltech', 'T2_US_Caltech', 'T2_US_Caltech'], 'ResidentSetSize': [1698232, 1538040], 'SubmitTimes': [1708554611.0, 1708559433.0], 'StartTimes': [1708556532.0, 1708559458.0], 'EndTimes': [1708557564.0, 1708561204.0], 'TotalUserCpuTimeHistory': [819, 1567], 'TotalSysCpuTimeHistory': [15, 39], 'WallDurations': [9.0, 253.8983771800995, 1032.0, 9.0, 1746.0], 'JobIds': ['103686043.0', '103689046.0'], 'State': 'finished', 'RecordedSite': True}, '6': {'Retries': 0, 'Restarts': 0, 'SiteHistory': ['Unknown', 'T2_US_Caltech', 'T2_US_Caltech'], 'ResidentSetSize': [1602456], 'SubmitTimes': [1708554611.0], 'StartTimes': [1708554969.0], 'EndTimes': [1708557520.0], 'TotalUserCpuTimeHistory': [1660], 'TotalSysCpuTimeHistory': [36], 'WallDurations': [0, 3.743502378463745, 2551.0], 'JobIds': ['103686044.0'], 'State': 'finished', 'RecordedSite': True}, '8': {'Retries': 0, 'Restarts': 0, 'SiteHistory': ['Unknown', 'T2_US_Caltech', 'T2_US_Caltech'], 'ResidentSetSize': [1535244], 'SubmitTimes': [1708554611.0], 'StartTimes': [1708555093.0], 'EndTimes': [1708557117.0], 'TotalUserCpuTimeHistory': [1658], 'TotalSysCpuTimeHistory': [53], 'WallDurations': [9.0, 181.66492366790771, 2024.0], 'JobIds': ['103686045.0'], 'State': 'finished', 'RecordedSite': True}, '9': {'Retries': 0, 'Restarts': 0, 'SiteHistory': ['Unknown', 'T2_US_Caltech', 'T2_US_Caltech'], 'ResidentSetSize': [1569636], 'SubmitTimes': [1708554611.0], 'StartTimes': [1708555102.0], 'EndTimes': [1708556648.0], 'TotalUserCpuTimeHistory': [1239], 'TotalSysCpuTimeHistory': [35], 'WallDurations': [9.0, 172.66492366790771, 1546.0], 'JobIds': ['103686046.0'], 'State': 'finished', 'RecordedSite': True}, '12': {'Retries': 0, 'Restarts': 0, 'SiteHistory': ['Unknown', 'T2_US_Caltech', 'T2_US_Caltech'], 'ResidentSetSize': [1589156], 'SubmitTimes': [1708554611.0], 'StartTimes': [1708555142.0], 'EndTimes': [1708557126.0], 'TotalUserCpuTimeHistory': [1679], 'TotalSysCpuTimeHistory': [42], 'WallDurations': [9.0, 132.66492366790771, 1984.0], 'JobIds': ['103686047.0'], 'State': 'finished', 'RecordedSite': True}, '15': {'Retries': 0, 'Restarts': 0, 'SiteHistory': ['Unknown', 'T2_IN_TIFR', 'T2_IN_TIFR'], 'ResidentSetSize': [1307460], 'SubmitTimes': [1708554611.0], 'StartTimes': [1708554708.0], 'EndTimes': [1708555919.0], 'TotalUserCpuTimeHistory': [1084], 'TotalSysCpuTimeHistory': [33], 'WallDurations': [9.0, 264.74350237846375, 1211.0], 'JobIds': ['103686048.0'], 'State': 'finished', 'RecordedSite': True}, '16': {'Retries': 0, 'Restarts': 0, 'SiteHistory': ['Unknown', 'T2_IN_TIFR', 'T2_IN_TIFR'], 'ResidentSetSize': [1282552], 'SubmitTimes': [1708554611.0], 'StartTimes': [1708554778.0], 'EndTimes': [1708557836.0], 'TotalUserCpuTimeHistory': [147], 'TotalSysCpuTimeHistory': [21], 'WallDurations': [8.0, 194.74350237846375, 3058.0], 'JobIds': ['103686049.0'], 'State': 'finished', 'RecordedSite': True}, '7': {'Retries': 1, 'Restarts': 0, 'SiteHistory': ['Unknown', 'T2_US_Caltech', 'T2_US_Caltech', 'T2_US_Caltech', 'T2_US_Caltech'], 'ResidentSetSize': [1295736, 1595308], 'SubmitTimes': [1708554616.0, 1708559428.0], 'StartTimes': [1708555198.0, 1708559446.0], 'EndTimes': [1708557558.0, 1708562605.0], 'TotalUserCpuTimeHistory': [1899, 2816], 'TotalSysCpuTimeHistory': [52, 74], 'WallDurations': [10.0, 76.66492366790771, 2360.0, 10.0, 3159.0], 'JobIds': ['103686050.0', '103689045.0'], 'State': 'finished', 'RecordedSite': True}, '10': {'Retries': 0, 'Restarts': 0, 'SiteHistory': ['Unknown', 'T2_US_Caltech', 'T2_US_Caltech'], 'ResidentSetSize': [1332680], 'SubmitTimes': [1708554616.0], 'StartTimes': [1708555232.0], 'EndTimes': [1708557392.0], 'TotalUserCpuTimeHistory': [1836], 'TotalSysCpuTimeHistory': [60], 'WallDurations': [9.0, 42.664923667907715, 2160.0], 'JobIds': ['103686051.0'], 'State': 'finished', 'RecordedSite': True}, '11': {'Retries': 0, 'Restarts': 0, 'SiteHistory': ['Unknown', 'T2_US_Caltech', 'T2_US_Caltech'], 'ResidentSetSize': [1563840], 'SubmitTimes': [1708554616.0], 'StartTimes': [1708555292.0], 'EndTimes': [1708558799.0], 'TotalUserCpuTimeHistory': [3084], 'TotalSysCpuTimeHistory': [84], 'WallDurations': [9.0, 284.43016743659973, 3507.0], 'JobIds': ['103686052.0'], 'State': 'finished', 'RecordedSite': True}, '13': {'Retries': 0, 'Restarts': 0, 'SiteHistory': ['Unknown', 'T2_US_Caltech', 'T2_US_Caltech'], 'ResidentSetSize': [1001456], 'SubmitTimes': [1708554616.0], 'StartTimes': [1708555291.0], 'EndTimes': [1708555484.0], 'TotalUserCpuTimeHistory': [90], 'TotalSysCpuTimeHistory': [4], 'WallDurations': [193.0, 285.43016743659973, 285.43016743659973], 'JobIds': ['103686053.0'], 'State': 'finished', 'RecordedSite': True}, '14': {'Retries': 0, 'Restarts': 0, 'SiteHistory': ['Unknown', 'T2_IN_TIFR', 'T2_IN_TIFR'], 'ResidentSetSize': [1274088], 'SubmitTimes': [1708554616.0], 'StartTimes': [1708554766.0], 'EndTimes': [1708596586.0], 'TotalUserCpuTimeHistory': [1131.0], 'TotalSysCpuTimeHistory': [150.0], 'WallDurations': [9.0, 206.74350237846375, 41820.0], 'JobIds': ['103686054.0'], 'State': 'failed', 'RecordedSite': True, 'Error': [8001, "Error while running CMSSW:\nFatal Exception\nAn exception of category 'FileReadError' occurred while\n   [0] Processing  Event run: 367554 lumi: 135 event: 306155039 stream: 0\n   [1] Running path 'B4MuSkim'\n   [2] Prefetching for module SimpleEventCounter/'InitialPlots'\n   [3] While reading from source std::vector<pat::Muon> slimmedMuons '' PAT\n   [4] Reading branch patMuons_slimmedMuons__PAT.\n   [5] Calling XrdFile::readv()\n   [6] XrdAdaptor::ClientRequest::HandleResponse() failure while running connection recovery\n   [7] Handling XrdAdaptor::RequestManager::requestFailure()\n   [8] In XrdAdaptor::RequestManager::OpenHandler::HandleResponseWithHosts()\nException Message:\nXrdCl::File::Open(name='root://xrootd-cms.infn.it//store/data/Run2023C/ParkingDoubleMuonLowMass4/MINIAOD/22Sep2023_v2-v1/70000/ef41032c-a05c-4e64-a4aa-533bc471f59d.root', flags=0x10, permissions=0660) => error '[ERROR] Operation expired' (errno=0, code=206)\n   Additional Info:\n      [a] Original error: '[ERROR] Operation expired' (errno=0, code=206, source=k8s-transfer-15.ultralight.org:1094 (site T2_US_Caltech_SDN)).\n      [b] Original failed source is k8s-transfer-15.ultralight.org:1094 (site T2_US_Caltech_SDN)\n      [c] Disabled source: k8s-transfer-15.ultralight.org:1094\n", {'type': 'Fatal Exception', 'details': "An exception of category 'FileReadError' occurred while\n   [0] Processing  Event run: 367554 lumi: 135 event: 306155039 stream: 0\n   [1] Running path 'B4MuSkim'\n   [2] Prefetching for module SimpleEventCounter/'InitialPlots'\n   [3] While reading from source std::vector<pat::Muon> slimmedMuons '' PAT\n   [4] Reading branch patMuons_slimmedMuons__PAT.\n   [5] Calling XrdFile::readv()\n   [6] XrdAdaptor::ClientRequest::HandleResponse() failure while running connection recovery\n   [7] Handling XrdAdaptor::RequestManager::requestFailure()\n   [8] In XrdAdaptor::RequestManager::OpenHandler::HandleResponseWithHosts()\nException Message:\nXrdCl::File::Open(name='root://xrootd-cms.infn.it//store/data/Run2023C/ParkingDoubleMuonLowMass4/MINIAOD/22Sep2023_v2-v1/70000/ef41032c-a05c-4e64-a4aa-533bc471f59d.root', flags=0x10, permissions=0660) => error '[ERROR] Operation expired' (errno=0, code=206)\n   Additional Info:\n      [a] Original error: '[ERROR] Operation expired' (errno=0, code=206, source=k8s-transfer-15.ultralight.org:1094 (site T2_US_Caltech_SDN)).\n      [b] Original failed source is k8s-transfer-15.ultralight.org:1094 (site T2_US_Caltech_SDN)\n      [c] Disabled source: k8s-transfer-15.ultralight.org:1094", 'exitCode': 8001}]}, '17': {'Retries': 1, 'Restarts': 0, 'SiteHistory': ['T1_DE_KIT', 'T1_DE_KIT', 'T2_US_Caltech', 'T2_US_Caltech'], 'ResidentSetSize': [1124960, 51092], 'SubmitTimes': [1708554616.0, 1708556707.0], 'StartTimes': [1708554644.0, 1708556713.0], 'EndTimes': [1708554834.0, 1708556887.0], 'TotalUserCpuTimeHistory': [119, 94], 'TotalSysCpuTimeHistory': [10, 5], 'WallDurations': [9.0, 190.0, 10.0, 174.0], 'JobIds': ['103686055.0', '103688496.0'], 'State': 'finished', 'RecordedSite': True}, '18': {'Retries': 0, 'Restarts': 0, 'SiteHistory': ['Unknown', 'T2_US_Caltech', 'T2_US_Caltech'], 'ResidentSetSize': [1564688], 'SubmitTimes': [1708554616.0], 'StartTimes': [1708555291.0], 'EndTimes': [1708555542.0], 'TotalUserCpuTimeHistory': [148], 'TotalSysCpuTimeHistory': [7], 'WallDurations': [251.0, 285.43016743659973, 285.43016743659973], 'JobIds': ['103686056.0'], 'State': 'finished', 'RecordedSite': True}, '19': {'Retries': 0, 'Restarts': 0, 'SiteHistory': ['Unknown', 'T2_US_Caltech', 'T2_US_Caltech'], 'ResidentSetSize': [1566168], 'SubmitTimes': [1708554616.0], 'StartTimes': [1708555292.0], 'EndTimes': [1708557079.0], 'TotalUserCpuTimeHistory': [1422], 'TotalSysCpuTimeHistory': [36], 'WallDurations': [9.0, 284.43016743659973, 1787.0], 'JobIds': ['103686057.0'], 'State': 'finished', 'RecordedSite': True}, '20': {'Retries': 0, 'Restarts': 0, 'SiteHistory': ['Unknown', 'T2_US_Caltech', 'T2_US_Caltech'], 'ResidentSetSize': [1396104], 'SubmitTimes': [1708554616.0], 'StartTimes': [1708555296.0], 'EndTimes': [1708558856.0], 'TotalUserCpuTimeHistory': [3131], 'TotalSysCpuTimeHistory': [54], 'WallDurations': [9.0, 280.43016743659973, 3560.0], 'JobIds': ['103686058.0'], 'State': 'finished', 'RecordedSite': True}, '21': {'Retries': 0, 'Restarts': 0, 'SiteHistory': ['Unknown', 'T2_US_Caltech', 'T2_US_Caltech'], 'ResidentSetSize': [1610624], 'SubmitTimes': [1708554617.0], 'StartTimes': [1708555293.0], 'EndTimes': [1708558560.0], 'TotalUserCpuTimeHistory': [2817], 'TotalSysCpuTimeHistory': [61], 'WallDurations': [9.0, 283.43016743659973, 3267.0], 'JobIds': ['103686059.0'], 'State': 'finished', 'RecordedSite': True}, '22': {'Retries': 0, 'Restarts': 0, 'SiteHistory': ['Unknown', 'T2_US_Caltech', 'T2_US_Caltech'], 'ResidentSetSize': [1296476], 'SubmitTimes': [1708554617.0], 'StartTimes': [1708555292.0], 'EndTimes': [1708556938.0], 'TotalUserCpuTimeHistory': [1267], 'TotalSysCpuTimeHistory': [24], 'WallDurations': [9.0, 284.43016743659973, 1646.0], 'JobIds': ['103686060.0'], 'State': 'finished', 'RecordedSite': True}, '23': {'Retries': 0, 'Restarts': 0, 'SiteHistory': ['Unknown', 'T2_US_Caltech', 'T2_US_Caltech'], 'ResidentSetSize': [1426420], 'SubmitTimes': [1708554617.0], 'StartTimes': [1708555293.0], 'EndTimes': [1708559763.0], 'TotalUserCpuTimeHistory': [4059], 'TotalSysCpuTimeHistory': [78], 'WallDurations': [9.0, 283.43016743659973, 4470.0], 'JobIds': ['103686061.0'], 'State': 'finished', 'RecordedSite': True}, '24': {'Retries': 0, 'Restarts': 0, 'SiteHistory': ['Unknown', 'T2_US_Caltech', 'T2_US_Caltech'], 'ResidentSetSize': [1600820], 'SubmitTimes': [1708554617.0], 'StartTimes': [1708555293.0], 'EndTimes': [1708557675.0], 'TotalUserCpuTimeHistory': [1971], 'TotalSysCpuTimeHistory': [39], 'WallDurations': [9.0, 283.43016743659973, 2382.0], 'JobIds': ['103686062.0'], 'State': 'finished', 'RecordedSite': True}, '25': {'Retries': 0, 'Restarts': 0, 'SiteHistory': ['Unknown', 'T2_US_Caltech', 'T2_US_Caltech'], 'ResidentSetSize': [1243808], 'SubmitTimes': [1708554617.0], 'StartTimes': [1708555300.0], 'EndTimes': [1708556833.0], 'TotalUserCpuTimeHistory': [1243], 'TotalSysCpuTimeHistory': [32], 'WallDurations': [9.0, 276.43016743659973, 1533.0], 'JobIds': ['103686063.0'], 'State': 'finished', 'RecordedSite': True}, '26': {'Retries': 0, 'Restarts': 0, 'SiteHistory': ['Unknown', 'T2_CN_Beijing', 'T2_CN_Beijing'], 'ResidentSetSize': [1276824], 'SubmitTimes': [1708554618.0], 'StartTimes': [1708554710.0], 'EndTimes': [1708556106.0], 'TotalUserCpuTimeHistory': [920], 'TotalSysCpuTimeHistory': [36], 'WallDurations': [9.0, 262.74350237846375, 1396.0], 'JobIds': ['103686064.0'], 'State': 'finished', 'RecordedSite': True}, '31': {'Retries': 1, 'Restarts': 0, 'SiteHistory': ['Unknown', 'T2_US_Caltech', 'T2_US_Caltech', 'T2_BE_IIHE', 'T2_BE_IIHE'], 'ResidentSetSize': [1404976, 1443428], 'SubmitTimes': [1708554618.0, 1708561890.0], 'StartTimes': [1708555292.0, 1708561915.0], 'EndTimes': [1708560014.0, 1708563954.0], 'TotalUserCpuTimeHistory': [4046, 1839], 'TotalSysCpuTimeHistory': [90, 40], 'WallDurations': [9.0, 284.43016743659973, 4722.0, 0, 2039.0], 'JobIds': ['103686066.0', '103689204.0'], 'State': 'finished', 'RecordedSite': True}, '27': {'Retries': 0, 'Restarts': 0, 'SiteHistory': ['Unknown', 'T2_CN_Beijing', 'T2_CN_Beijing'], 'ResidentSetSize': [1334112], 'SubmitTimes': [1708554618.0], 'StartTimes': [1708554710.0], 'EndTimes': [1708555764.0], 'TotalUserCpuTimeHistory': [506], 'TotalSysCpuTimeHistory': [20], 'WallDurations': [9.0, 262.74350237846375, 1054.0], 'JobIds': ['103686068.0'], 'State': 'finished', 'RecordedSite': True}, '28': {'Retries': 1, 'Restarts': 0, 'SiteHistory': ['T1_DE_KIT', 'T1_DE_KIT', 'T1_DE_KIT', 'T1_DE_KIT'], 'ResidentSetSize': [1273096, 1271964], 'SubmitTimes': [1708554618.0, 1708558131.0], 'StartTimes': [1708554651.0, 1708558150.0], 'EndTimes': [1708556260.0, 1708560480.0], 'TotalUserCpuTimeHistory': [1447, 1853], 'TotalSysCpuTimeHistory': [60, 69], 'WallDurations': [8.0, 1609.0, 9.0, 2330.0], 'JobIds': ['103686070.0', '103688809.0'], 'State': 'finished', 'RecordedSite': True}, '29': {'Retries': 1, 'Restarts': 0, 'SiteHistory': ['T1_DE_KIT', 'T1_DE_KIT', 'T2_BR_SPRACE', 'T2_BR_SPRACE'], 'ResidentSetSize': [1277048, 1567596], 'SubmitTimes': [1708554618.0, 1708556902.0], 'StartTimes': [1708554653.0, 1708556921.0], 'EndTimes': [1708555031.0, 1708557133.0], 'TotalUserCpuTimeHistory': [292, 131], 'TotalSysCpuTimeHistory': [13, 8], 'WallDurations': [9.0, 378.0, 10.0, 212.0], 'JobIds': ['103686072.0', '103688544.0'], 'State': 'finished', 'RecordedSite': True}, '30': {'Retries': 0, 'Restarts': 0, 'SiteHistory': ['Unknown', 'T2_US_Caltech', 'T2_US_Caltech'], 'ResidentSetSize': [1322156], 'SubmitTimes': [1708554618.0], 'StartTimes': [1708555294.0], 'EndTimes': [1708559591.0], 'TotalUserCpuTimeHistory': [3516], 'TotalSysCpuTimeHistory': [88], 'WallDurations': [9.0, 282.43016743659973, 4297.0], 'JobIds': ['103686074.0'], 'State': 'finished', 'RecordedSite': True}, '36': {'Retries': 0, 'Restarts': 0, 'SiteHistory': ['Unknown', 'T2_US_Caltech', 'T2_US_Caltech'], 'ResidentSetSize': [1370848], 'SubmitTimes': [1708554618.0], 'StartTimes': [1708555300.0], 'EndTimes': [1708557647.0], 'TotalUserCpuTimeHistory': [1748], 'TotalSysCpuTimeHistory': [33], 'WallDurations': [8.0, 276.43016743659973, 2347.0], 'JobIds': ['103686076.0'], 'State': 'finished', 'RecordedSite': True}, '35': {'Retries': 1, 'Restarts': 0, 'SiteHistory': ['Unknown', 'T2_US_Caltech', 'T2_US_Caltech', 'T2_US_Caltech', 'T2_US_Caltech'], 'ResidentSetSize': [1008784, 1519052], 'SubmitTimes': [1708554618.0, 1708557855.0], 'StartTimes': [1708555295.0, 1708557874.0], 'EndTimes': [1708555979.0, 1708558454.0], 'TotalUserCpuTimeHistory': [532, 427], 'TotalSysCpuTimeHistory': [16, 14], 'WallDurations': [9.0, 281.43016743659973, 684.0, 9.0, 580.0], 'JobIds': ['103686078.0', '103688755.0'], 'State': 'finished', 'RecordedSite': True}, '34': {'Retries': 0, 'Restarts': 0, 'SiteHistory': ['Unknown', 'T2_US_Caltech', 'T2_US_Caltech'], 'ResidentSetSize': [1573056], 'SubmitTimes': [1708554619.0], 'StartTimes': [1708555294.0], 'EndTimes': [1708557301.0], 'TotalUserCpuTimeHistory': [1727], 'TotalSysCpuTimeHistory': [42], 'WallDurations': [9.0, 282.43016743659973, 2007.0], 'JobIds': ['103686080.0'], 'State': 'finished', 'RecordedSite': True}, '37': {'Retries': 0, 'Restarts': 0, 'SiteHistory': ['Unknown', 'T2_US_Caltech', 'T2_US_Caltech'], 'ResidentSetSize': [1319572], 'SubmitTimes': [1708554620.0], 'StartTimes': [1708555292.0], 'EndTimes': [1708559449.0], 'TotalUserCpuTimeHistory': [3526], 'TotalSysCpuTimeHistory': [87], 'WallDurations': [9.0, 284.43016743659973, 4157.0], 'JobIds': ['103686082.0'], 'State': 'finished', 'RecordedSite': True}, '33': {'Retries': 0, 'Restarts': 0, 'SiteHistory': ['Unknown', 'T2_US_Caltech', 'T2_US_Caltech'], 'ResidentSetSize': [1275492], 'SubmitTimes': [1708554620.0], 'StartTimes': [1708555297.0], 'EndTimes': [1708556939.0], 'TotalUserCpuTimeHistory': [1172], 'TotalSysCpuTimeHistory': [25], 'WallDurations': [8.0, 279.43016743659973, 1642.0], 'JobIds': ['103686084.0'], 'State': 'finished', 'RecordedSite': True}, '41': {'Retries': 0, 'Restarts': 0, 'SiteHistory': ['Unknown', 'T2_US_Caltech', 'T2_US_Caltech'], 'ResidentSetSize': [1253028], 'SubmitTimes': [1708554620.0], 'StartTimes': [1708555297.0], 'EndTimes': [1708557874.0], 'TotalUserCpuTimeHistory': [2253], 'TotalSysCpuTimeHistory': [55], 'WallDurations': [9.0, 279.43016743659973, 2577.0], 'JobIds': ['103686086.0'], 'State': 'finished', 'RecordedSite': True}, '38': {'Retries': 0, 'Restarts': 0, 'SiteHistory': ['Unknown', 'T2_US_Caltech', 'T2_US_Caltech'], 'ResidentSetSize': [1288276], 'SubmitTimes': [1708554620.0], 'StartTimes': [1708555297.0], 'EndTimes': [1708559150.0], 'TotalUserCpuTimeHistory': [3397], 'TotalSysCpuTimeHistory': [91], 'WallDurations': [9.0, 279.43016743659973, 3853.0], 'JobIds': ['103686088.0'], 'State': 'finished', 'RecordedSite': True}, '39': {'Retries': 0, 'Restarts': 0, 'SiteHistory': ['Unknown', 'T2_US_Caltech', 'T2_US_Caltech'], 'ResidentSetSize': [1563052], 'SubmitTimes': [1708554620.0], 'StartTimes': [1708555297.0], 'EndTimes': [1708557927.0], 'TotalUserCpuTimeHistory': [2251], 'TotalSysCpuTimeHistory': [60], 'WallDurations': [10.0, 279.43016743659973, 2630.0], 'JobIds': ['103686091.0'], 'State': 'finished', 'RecordedSite': True}, '40': {'Retries': 0, 'Restarts': 0, 'SiteHistory': ['Unknown', 'T2_US_Caltech', 'T2_US_Caltech'], 'ResidentSetSize': [1180688], 'SubmitTimes': [1708554620.0], 'StartTimes': [1708555294.0], 'EndTimes': [1708556444.0], 'TotalUserCpuTimeHistory': [832], 'TotalSysCpuTimeHistory': [19], 'WallDurations': [9.0, 282.43016743659973, 1150.0], 'JobIds': ['103686093.0'], 'State': 'finished', 'RecordedSite': True}, '48': {'Retries': 0, 'Restarts': 0, 'SiteHistory': ['Unknown', 'T2_US_Caltech', 'T2_US_Caltech'], 'ResidentSetSize': [1276060], 'SubmitTimes': [1708554620.0], 'StartTimes': [1708555300.0], 'EndTimes': [1708557089.0], 'TotalUserCpuTimeHistory': [1390], 'TotalSysCpuTimeHistory': [29], 'WallDurations': [8.0, 276.43016743659973, 1789.0], 'JobIds': ['103686095.0'], 'State': 'finished', 'RecordedSite': True}, '44': {'Retries': 0, 'Restarts': 0, 'SiteHistory': ['Unknown', 'T2_US_Caltech', 'T2_US_Caltech'], 'ResidentSetSize': [1136448], 'SubmitTimes': [1708554621.0], 'StartTimes': [1708555300.0], 'EndTimes': [1708557415.0], 'TotalUserCpuTimeHistory': [1715], 'TotalSysCpuTimeHistory': [57], 'WallDurations': [9.0, 276.43016743659973, 2115.0], 'JobIds': ['103686097.0'], 'State': 'finished', 'RecordedSite': True}, '46': {'Retries': 0, 'Restarts': 0, 'SiteHistory': ['Unknown', 'T2_US_Caltech', 'T2_US_Caltech'], 'ResidentSetSize': [1303816], 'SubmitTimes': [1708554621.0], 'StartTimes': [1708555303.0], 'EndTimes': [1708557678.0], 'TotalUserCpuTimeHistory': [1898], 'TotalSysCpuTimeHistory': [49], 'WallDurations': [10.0, 273.43016743659973, 2375.0], 'JobIds': ['103686099.0'], 'State': 'finished', 'RecordedSite': True}, '42': {'Retries': 2, 'Restarts': 0, 'SiteHistory': ['Unknown', 'T2_US_Caltech', 'T2_US_Caltech', 'T1_US_FNAL', 'T1_US_FNAL', 'T1_US_FNAL', 'T1_US_FNAL'], 'ResidentSetSize': [1053360, 1268856, 1385628], 'SubmitTimes': [1708554621.0, 1708559743.0, 1708563676.0], 'StartTimes': [1708555297.0, 1708559757.0, 1708563690.0], 'EndTimes': [1708556074.0, 1708561742.0, 1708564910.0], 'TotalUserCpuTimeHistory': [597, 1449, 884], 'TotalSysCpuTimeHistory': [15, 45, 25], 'WallDurations': [9.0, 279.43016743659973, 777.0, 10.0, 1985.0, 9.0, 1220.0], 'JobIds': ['103686101.0', '103689077.0', '103689304.0'], 'State': 'finished', 'RecordedSite': True}, '43': {'Retries': 0, 'Restarts': 0, 'SiteHistory': ['Unknown', 'T2_US_Caltech', 'T2_US_Caltech'], 'ResidentSetSize': [1124964], 'SubmitTimes': [1708554621.0], 'StartTimes': [1708555306.0], 'EndTimes': [1708556541.0], 'TotalUserCpuTimeHistory': [861], 'TotalSysCpuTimeHistory': [22], 'WallDurations': [9.0, 270.43016743659973, 1235.0], 'JobIds': ['103686103.0'], 'State': 'finished', 'RecordedSite': True}, '49': {'Retries': 0, 'Restarts': 0, 'SiteHistory': ['Unknown', 'T2_US_Caltech', 'T2_US_Caltech'], 'ResidentSetSize': [1440276], 'SubmitTimes': [1708554621.0], 'StartTimes': [1708555300.0], 'EndTimes': [1708559884.0], 'TotalUserCpuTimeHistory': [4145], 'TotalSysCpuTimeHistory': [88], 'WallDurations': [9.0, 276.43016743659973, 4584.0], 'JobIds': ['103686105.0'], 'State': 'finished', 'RecordedSite': True}, '45': {'Retries': 0, 'Restarts': 0, 'SiteHistory': ['Unknown', 'T2_US_Caltech', 'T2_US_Caltech'], 'ResidentSetSize': [1209096], 'SubmitTimes': [1708554621.0], 'StartTimes': [1708555304.0], 'EndTimes': [1708556739.0], 'TotalUserCpuTimeHistory': [1031], 'TotalSysCpuTimeHistory': [40], 'WallDurations': [9.0, 272.43016743659973, 1435.0], 'JobIds': ['103686107.0'], 'State': 'finished', 'RecordedSite': True}, '47': {'Retries': 0, 'Restarts': 0, 'SiteHistory': ['Unknown', 'T2_US_Caltech', 'T2_US_Caltech'], 'ResidentSetSize': [1227008], 'SubmitTimes': [1708554621.0], 'StartTimes': [1708555300.0], 'EndTimes': [1708558247.0], 'TotalUserCpuTimeHistory': [2507], 'TotalSysCpuTimeHistory': [70], 'WallDurations': [10.0, 276.43016743659973, 2947.0], 'JobIds': ['103686109.0'], 'State': 'finished', 'RecordedSite': True}, '51': {'Retries': 0, 'Restarts': 0, 'SiteHistory': ['Unknown', 'T2_US_Caltech', 'T2_US_Caltech'], 'ResidentSetSize': [1413592], 'SubmitTimes': [1708554621.0], 'StartTimes': [1708555306.0], 'EndTimes': [1708558948.0], 'TotalUserCpuTimeHistory': [3057], 'TotalSysCpuTimeHistory': [70], 'WallDurations': [10.0, 270.43016743659973, 3642.0], 'JobIds': ['103686111.0'], 'State': 'finished', 'RecordedSite': True}, '50': {'Retries': 0, 'Restarts': 0, 'SiteHistory': ['Unknown', 'T2_US_Caltech', 'T2_US_Caltech'], 'ResidentSetSize': [1331600], 'SubmitTimes': [1708554621.0], 'StartTimes': [1708555301.0], 'EndTimes': [1708560000.0], 'TotalUserCpuTimeHistory': [4115], 'TotalSysCpuTimeHistory': [99], 'WallDurations': [9.0, 275.43016743659973, 4699.0], 'JobIds': ['103686113.0'], 'State': 'finished', 'RecordedSite': True}, '53': {'Retries': 0, 'Restarts': 0, 'SiteHistory': ['Unknown', 'T2_US_Caltech', 'T2_US_Caltech'], 'ResidentSetSize': [1386488], 'SubmitTimes': [1708554621.0], 'StartTimes': [1708555302.0], 'EndTimes': [1708557705.0], 'TotalUserCpuTimeHistory': [1760], 'TotalSysCpuTimeHistory': [39], 'WallDurations': [9.0, 274.43016743659973, 2403.0], 'JobIds': ['103686115.0'], 'State': 'finished', 'RecordedSite': True}, '52': {'Retries': 0, 'Restarts': 0, 'SiteHistory': ['Unknown', 'T2_US_Caltech', 'T2_US_Caltech'], 'ResidentSetSize': [1314276], 'SubmitTimes': [1708554621.0], 'StartTimes': [1708555308.0], 'EndTimes': [1708557564.0], 'TotalUserCpuTimeHistory': [1826], 'TotalSysCpuTimeHistory': [57], 'WallDurations': [9.0, 268.43016743659973, 2256.0], 'JobIds': ['103686117.0'], 'State': 'finished', 'RecordedSite': True}, '55': {'Retries': 0, 'Restarts': 0, 'SiteHistory': ['Unknown', 'T2_US_Caltech', 'T2_US_Caltech'], 'ResidentSetSize': [1206688], 'SubmitTimes': [1708554621.0], 'StartTimes': [1708555305.0], 'EndTimes': [1708558331.0], 'TotalUserCpuTimeHistory': [2439], 'TotalSysCpuTimeHistory': [69], 'WallDurations': [10.0, 271.43016743659973, 3026.0], 'JobIds': ['103686119.0'], 'State': 'finished', 'RecordedSite': True}, '57': {'Retries': 0, 'Restarts': 0, 'SiteHistory': ['Unknown', 'T2_US_Caltech', 'T2_US_Caltech'], 'ResidentSetSize': [1147872], 'SubmitTimes': [1708554621.0], 'StartTimes': [1708555307.0], 'EndTimes': [1708557698.0], 'TotalUserCpuTimeHistory': [1906], 'TotalSysCpuTimeHistory': [61], 'WallDurations': [10.0, 269.43016743659973, 2391.0], 'JobIds': ['103686121.0'], 'State': 'finished', 'RecordedSite': True}, '56': {'Retries': 0, 'Restarts': 0, 'SiteHistory': ['Unknown', 'T2_US_Caltech', 'T2_US_Caltech'], 'ResidentSetSize': [1250960], 'SubmitTimes': [1708554621.0], 'StartTimes': [1708555312.0], 'EndTimes': [1708557295.0], 'TotalUserCpuTimeHistory': [1574], 'TotalSysCpuTimeHistory': [37], 'WallDurations': [9.0, 264.43016743659973, 1983.0], 'JobIds': ['103686123.0'], 'State': 'finished', 'RecordedSite': True}, '54': {'Retries': 0, 'Restarts': 0, 'SiteHistory': ['Unknown', 'T2_US_Caltech', 'T2_US_Caltech'], 'ResidentSetSize': [1203204], 'SubmitTimes': [1708554626.0], 'StartTimes': [1708555308.0], 'EndTimes': [1708556999.0], 'TotalUserCpuTimeHistory': [1341], 'TotalSysCpuTimeHistory': [48], 'WallDurations': [9.0, 268.43016743659973, 1691.0], 'JobIds': ['103686147.0'], 'State': 'finished', 'RecordedSite': True}, '58': {'Retries': 0, 'Restarts': 0, 'SiteHistory': ['Unknown', 'T2_US_Caltech', 'T2_US_Caltech'], 'ResidentSetSize': [962452], 'SubmitTimes': [1708554626.0], 'StartTimes': [1708555315.0], 'EndTimes': [1708555629.0], 'TotalUserCpuTimeHistory': [230], 'TotalSysCpuTimeHistory': [7], 'WallDurations': [9.0, 261.43016743659973, 314.0], 'JobIds': ['103686148.0'], 'State': 'finished', 'RecordedSite': True}, '59': {'Retries': 0, 'Restarts': 0, 'SiteHistory': ['Unknown', 'T2_US_Caltech', 'T2_US_Caltech'], 'ResidentSetSize': [1360308], 'SubmitTimes': [1708554626.0], 'StartTimes': [1708555317.0], 'EndTimes': [1708557576.0], 'TotalUserCpuTimeHistory': [1750], 'TotalSysCpuTimeHistory': [53], 'WallDurations': [10.0, 259.43016743659973, 2259.0], 'JobIds': ['103686149.0'], 'State': 'finished', 'RecordedSite': True}, '60': {'Retries': 0, 'Restarts': 0, 'SiteHistory': ['Unknown', 'T2_US_Caltech', 'T2_US_Caltech'], 'ResidentSetSize': [95796], 'SubmitTimes': [1708554626.0], 'StartTimes': [1708555317.0], 'EndTimes': [1708555582.0], 'TotalUserCpuTimeHistory': [180], 'TotalSysCpuTimeHistory': [7], 'WallDurations': [9.0, 259.43016743659973, 265.0], 'JobIds': ['103686150.0'], 'State': 'finished', 'RecordedSite': True}, '61': {'Retries': 1, 'Restarts': 0, 'SiteHistory': ['Unknown', 'T1_DE_KIT', 'T1_DE_KIT', 'T1_DE_KIT', 'T1_DE_KIT'], 'ResidentSetSize': [1275756, 1277792], 'SubmitTimes': [1708554626.0, 1708556947.0], 'StartTimes': [1708554689.0, 1708556960.0], 'EndTimes': [1708555069.0, 1708557297.0], 'TotalUserCpuTimeHistory': [292, 262], 'TotalSysCpuTimeHistory': [12, 11], 'WallDurations': [8.0, 283.74350237846375, 380.0, 9.0, 337.0], 'JobIds': ['103686151.0', '103688558.0'], 'State': 'finished', 'RecordedSite': True}, '62': {'Retries': 0, 'Restarts': 0, 'SiteHistory': ['Unknown', 'T2_US_Caltech', 'T2_US_Caltech'], 'ResidentSetSize': [1678200], 'SubmitTimes': [1708554626.0], 'StartTimes': [1708555489.0], 'EndTimes': [1708557456.0], 'TotalUserCpuTimeHistory': [1030], 'TotalSysCpuTimeHistory': [31], 'WallDurations': [9.0, 87.43016743659973, 1967.0], 'JobIds': ['103686152.0'], 'State': 'finished', 'RecordedSite': True}, '63': {'Retries': 0, 'Restarts': 0, 'SiteHistory': ['Unknown', 'T2_US_Caltech', 'T2_US_Caltech'], 'ResidentSetSize': [1340832], 'SubmitTimes': [1708554626.0], 'StartTimes': [1708555548.0], 'EndTimes': [1708557852.0], 'TotalUserCpuTimeHistory': [1886], 'TotalSysCpuTimeHistory': [48], 'WallDurations': [10.0, 28.43016743659973, 2304.0], 'JobIds': ['103686153.0'], 'State': 'finished', 'RecordedSite': True}, '64': {'Retries': 0, 'Restarts': 0, 'SiteHistory': ['Unknown', 'T2_US_Caltech', 'T2_US_Caltech'], 'ResidentSetSize': [1612168], 'SubmitTimes': [1708554626.0], 'StartTimes': [1708555587.0], 'EndTimes': [1708557246.0], 'TotalUserCpuTimeHistory': [1076], 'TotalSysCpuTimeHistory': [37], 'WallDurations': [9.0, 291.5960555076599, 1659.0], 'JobIds': ['103686154.0'], 'State': 'finished', 'RecordedSite': True}, '65': {'Retries': 0, 'Restarts': 0, 'SiteHistory': ['Unknown', 'T2_US_Caltech', 'T2_US_Caltech'], 'ResidentSetSize': [1671100], 'SubmitTimes': [1708554626.0], 'StartTimes': [1708555624.0], 'EndTimes': [1708557302.0], 'TotalUserCpuTimeHistory': [1301], 'TotalSysCpuTimeHistory': [36], 'WallDurations': [10.0, 254.5960555076599, 1678.0], 'JobIds': ['103686155.0'], 'State': 'finished', 'RecordedSite': True}, '66': {'Retries': 0, 'Restarts': 0, 'SiteHistory': ['Unknown', 'T2_US_Caltech', 'T2_US_Caltech'], 'ResidentSetSize': [1759532], 'SubmitTimes': [1708554626.0], 'StartTimes': [1708555636.0], 'EndTimes': [1708558299.0], 'TotalUserCpuTimeHistory': [1953], 'TotalSysCpuTimeHistory': [56], 'WallDurations': [9.0, 242.5960555076599, 2663.0], 'JobIds': ['103686156.0'], 'State': 'finished', 'RecordedSite': True}, '67': {'Retries': 0, 'Restarts': 0, 'SiteHistory': ['Unknown', 'T2_US_Caltech', 'T2_US_Caltech'], 'ResidentSetSize': [1732304], 'SubmitTimes': [1708554626.0], 'StartTimes': [1708555791.0], 'EndTimes': [1708558956.0], 'TotalUserCpuTimeHistory': [1884], 'TotalSysCpuTimeHistory': [54], 'WallDurations': [9.0, 87.59605550765991, 3165.0], 'JobIds': ['103686157.0'], 'State': 'finished', 'RecordedSite': True}, '68': {'Retries': 0, 'Restarts': 0, 'SiteHistory': ['Unknown', 'T2_US_Caltech', 'T2_US_Caltech'], 'ResidentSetSize': [1732472], 'SubmitTimes': [1708554626.0], 'StartTimes': [1708555795.0], 'EndTimes': [1708560264.0], 'TotalUserCpuTimeHistory': [2487], 'TotalSysCpuTimeHistory': [87], 'WallDurations': [9.0, 83.59605550765991, 4469.0], 'JobIds': ['103686158.0'], 'State': 'finished', 'RecordedSite': True}, '69': {'Retries': 0, 'Restarts': 0, 'SiteHistory': ['Unknown', 'T2_US_Caltech', 'T2_US_Caltech'], 'ResidentSetSize': [1714420], 'SubmitTimes': [1708554626.0], 'StartTimes': [1708555807.0], 'EndTimes': [1708561009.0], 'TotalUserCpuTimeHistory': [1710], 'TotalSysCpuTimeHistory': [43], 'WallDurations': [9.0, 71.59605550765991, 5202.0], 'JobIds': ['103686159.0'], 'State': 'finished', 'RecordedSite': True}, '70': {'Retries': 0, 'Restarts': 0, 'SiteHistory': ['Unknown', 'T2_US_Caltech', 'T2_US_Caltech'], 'ResidentSetSize': [1658004], 'SubmitTimes': [1708554626.0], 'StartTimes': [1708555792.0], 'EndTimes': [1708559084.0], 'TotalUserCpuTimeHistory': [1670], 'TotalSysCpuTimeHistory': [50], 'WallDurations': [9.0, 86.59605550765991, 3292.0], 'JobIds': ['103686160.0'], 'State': 'finished', 'RecordedSite': True}, '71': {'Retries': 0, 'Restarts': 0, 'SiteHistory': ['Unknown', 'T2_US_Caltech', 'T2_US_Caltech'], 'ResidentSetSize': [1552956], 'SubmitTimes': [1708554626.0], 'StartTimes': [1708555791.0], 'EndTimes': [1708556642.0], 'TotalUserCpuTimeHistory': [664], 'TotalSysCpuTimeHistory': [20], 'WallDurations': [10.0, 87.59605550765991, 851.0], 'JobIds': ['103686161.0'], 'State': 'finished', 'RecordedSite': True}, '72': {'Retries': 1, 'Restarts': 0, 'SiteHistory': ['Unknown', 'T2_US_Caltech', 'T2_US_Caltech', 'T2_US_Caltech', 'T2_US_Caltech'], 'ResidentSetSize': [1600768, 1522892], 'SubmitTimes': [1708554626.0, 1708558161.0], 'StartTimes': [1708555791.0, 1708558192.0], 'EndTimes': [1708556287.0, 1708558718.0], 'TotalUserCpuTimeHistory': [399, 400], 'TotalSysCpuTimeHistory': [10, 17], 'WallDurations': [9.0, 87.59605550765991, 496.0, 9.0, 526.0], 'JobIds': ['103686162.0', '103688815.0'], 'State': 'finished', 'RecordedSite': True}, '73': {'Retries': 0, 'Restarts': 0, 'SiteHistory': ['Unknown', 'T2_UK_SGrid_RALPP', 'T2_UK_SGrid_RALPP'], 'ResidentSetSize': [1315992], 'SubmitTimes': [1708554626.0], 'StartTimes': [1708554704.0], 'EndTimes': [1708556584.0], 'TotalUserCpuTimeHistory': [1585], 'TotalSysCpuTimeHistory': [43], 'WallDurations': [8.0, 268.74350237846375, 1880.0], 'JobIds': ['103686163.0'], 'State': 'finished', 'RecordedSite': True}, '74': {'Retries': 1, 'Restarts': 0, 'SiteHistory': ['Unknown', 'T2_US_Caltech', 'T2_US_Caltech', 'T2_US_Caltech', 'T2_US_Caltech'], 'ResidentSetSize': [1601688, 1732332], 'SubmitTimes': [1708554626.0, 1708558146.0], 'StartTimes': [1708555793.0, 1708558175.0], 'EndTimes': [1708558078.0, 1708560634.0], 'TotalUserCpuTimeHistory': [815, 1671], 'TotalSysCpuTimeHistory': [20, 50], 'WallDurations': [10.0, 85.59605550765991, 2285.0, 10.0, 2459.0], 'JobIds': ['103686164.0', '103688811.0'], 'State': 'finished', 'RecordedSite': True}, '75': {'Retries': 0, 'Restarts': 0, 'SiteHistory': ['Unknown', 'T2_US_Caltech', 'T2_US_Caltech'], 'ResidentSetSize': [1729864], 'SubmitTimes': [1708554628.0], 'StartTimes': [1708555795.0], 'EndTimes': [1708560504.0], 'TotalUserCpuTimeHistory': [2657], 'TotalSysCpuTimeHistory': [66], 'WallDurations': [10.0, 83.59605550765991, 4709.0], 'JobIds': ['103686165.0'], 'State': 'finished', 'RecordedSite': True}, '76': {'Retries': 0, 'Restarts': 0, 'SiteHistory': ['Unknown', 'T2_US_Caltech', 'T2_US_Caltech'], 'ResidentSetSize': [1600648], 'SubmitTimes': [1708554628.0], 'StartTimes': [1708555791.0], 'EndTimes': [1708557529.0], 'TotalUserCpuTimeHistory': [848], 'TotalSysCpuTimeHistory': [29], 'WallDurations': [9.0, 87.59605550765991, 1738.0], 'JobIds': ['103686167.0'], 'State': 'finished', 'RecordedSite': True}, '78': {'Retries': 0, 'Restarts': 0, 'SiteHistory': ['Unknown', 'T2_US_Caltech', 'T2_US_Caltech'], 'ResidentSetSize': [1806736], 'SubmitTimes': [1708554628.0], 'StartTimes': [1708555792.0], 'EndTimes': [1708560068.0], 'TotalUserCpuTimeHistory': [3475], 'TotalSysCpuTimeHistory': [81], 'WallDurations': [10.0, 86.59605550765991, 4276.0], 'JobIds': ['103686169.0'], 'State': 'finished', 'RecordedSite': True}, '79': {'Retries': 1, 'Restarts': 0, 'SiteHistory': ['Unknown', 'T2_US_Caltech', 'T2_US_Caltech', 'T2_US_Caltech', 'T2_US_Caltech'], 'ResidentSetSize': [1696284, 1661264], 'SubmitTimes': [1708554628.0, 1708560128.0], 'StartTimes': [1708555795.0, 1708560168.0], 'EndTimes': [1708558253.0, 1708562313.0], 'TotalUserCpuTimeHistory': [1625, 1740], 'TotalSysCpuTimeHistory': [39, 47], 'WallDurations': [9.0, 83.59605550765991, 2458.0, 10.0, 2145.0], 'JobIds': ['103686171.0', '103689122.0'], 'State': 'finished', 'RecordedSite': True}, '80': {'Retries': 0, 'Restarts': 0, 'SiteHistory': ['Unknown', 'T2_US_Caltech', 'T2_US_Caltech'], 'ResidentSetSize': [1525092], 'SubmitTimes': [1708554628.0], 'StartTimes': [1708555793.0], 'EndTimes': [1708556526.0], 'TotalUserCpuTimeHistory': [122], 'TotalSysCpuTimeHistory': [6], 'WallDurations': [9.0, 85.59605550765991, 733.0], 'JobIds': ['103686173.0'], 'State': 'finished', 'RecordedSite': True}, '82': {'Retries': 0, 'Restarts': 0, 'SiteHistory': ['Unknown', 'T2_US_Caltech', 'T2_US_Caltech'], 'ResidentSetSize': [1703524], 'SubmitTimes': [1708554629.0], 'StartTimes': [1708555795.0], 'EndTimes': [1708557690.0], 'TotalUserCpuTimeHistory': [1570], 'TotalSysCpuTimeHistory': [38], 'WallDurations': [9.0, 83.59605550765991, 1895.0], 'JobIds': ['103686176.0'], 'State': 'finished', 'RecordedSite': True}, '81': {'Retries': 0, 'Restarts': 0, 'SiteHistory': ['Unknown', 'T2_US_Caltech', 'T2_US_Caltech'], 'ResidentSetSize': [1806976], 'SubmitTimes': [1708554629.0], 'StartTimes': [1708555795.0], 'EndTimes': [1708558924.0], 'TotalUserCpuTimeHistory': [2713], 'TotalSysCpuTimeHistory': [62], 'WallDurations': [9.0, 83.59605550765991, 3129.0], 'JobIds': ['103686178.0'], 'State': 'finished', 'RecordedSite': True}, '83': {'Retries': 0, 'Restarts': 0, 'SiteHistory': ['Unknown', 'T2_US_Caltech', 'T2_US_Caltech'], 'ResidentSetSize': [1657092], 'SubmitTimes': [1708554629.0], 'StartTimes': [1708555795.0], 'EndTimes': [1708557823.0], 'TotalUserCpuTimeHistory': [1611], 'TotalSysCpuTimeHistory': [47], 'WallDurations': [9.0, 83.59605550765991, 2028.0], 'JobIds': ['103686180.0'], 'State': 'finished', 'RecordedSite': True}, '84': {'Retries': 0, 'Restarts': 0, 'SiteHistory': ['Unknown', 'T2_US_Caltech', 'T2_US_Caltech'], 'ResidentSetSize': [1807640], 'SubmitTimes': [1708554629.0], 'StartTimes': [1708555795.0], 'EndTimes': [1708560304.0], 'TotalUserCpuTimeHistory': [3155], 'TotalSysCpuTimeHistory': [69], 'WallDurations': [9.0, 83.59605550765991, 4509.0], 'JobIds': ['103686182.0'], 'State': 'finished', 'RecordedSite': True}, '32': {'Retries': 0, 'Restarts': 0, 'SiteHistory': ['Unknown', 'T2_US_Caltech', 'T2_US_Caltech'], 'ResidentSetSize': [1578972], 'SubmitTimes': [1708554629.0], 'StartTimes': [1708555793.0], 'EndTimes': [1708555966.0], 'TotalUserCpuTimeHistory': [84], 'TotalSysCpuTimeHistory': [4], 'WallDurations': [9.0, 85.59605550765991, 173.0], 'JobIds': ['103686184.0'], 'State': 'finished', 'RecordedSite': True}, '85': {'Retries': 0, 'Restarts': 0, 'SiteHistory': ['Unknown', 'T2_US_Caltech', 'T2_US_Caltech'], 'ResidentSetSize': [1714596], 'SubmitTimes': [1708554629.0], 'StartTimes': [1708555792.0], 'EndTimes': [1708557243.0], 'TotalUserCpuTimeHistory': [1189], 'TotalSysCpuTimeHistory': [25], 'WallDurations': [8.0, 86.59605550765991, 1451.0], 'JobIds': ['103686186.0'], 'State': 'finished', 'RecordedSite': True}, '77': {'Retries': 0, 'Restarts': 0, 'SiteHistory': ['Unknown', 'T2_US_Caltech', 'T2_US_Caltech'], 'ResidentSetSize': [1758580], 'SubmitTimes': [1708554629.0], 'StartTimes': [1708555795.0], 'EndTimes': [1708558473.0], 'TotalUserCpuTimeHistory': [2046], 'TotalSysCpuTimeHistory': [59], 'WallDurations': [10.0, 83.59605550765991, 2678.0], 'JobIds': ['103686188.0'], 'State': 'finished', 'RecordedSite': True}}
INFO 2024-02-22 18:04:58.863 UTC: 	 Status on the scheduler:	FAILED
INFO 2024-02-22 18:04:58.863 UTC: 	 
Jobs status:                    failed       		  1.2% ( 1/85)
INFO 2024-02-22 18:04:58.863 UTC: 	 				finished     		 98.8% (84/85)
DEBUG 2024-02-22 18:04:58.863 UTC: 	 Encoded data for curl request: subresource=publicationstatus&workflow=240221_222827%3Ambuonsan_crab_SkimB4Mu_2023eraC-v2_stream4_Mini&username=mbuonsan
INFO 2024-02-22 18:04:59.041 UTC: 	 
Output dataset:			/FakeDataset/fakefile-FakePublish-3c07875b03bc4e67e580deb5f7e5455d/USER
INFO 2024-02-22 18:04:59.041 UTC: 	 
No publication information available yet
INFO 2024-02-22 18:04:59.041 UTC: 	 
Error Summary: (use crab status --verboseErrors for details about the errors)

 1 jobs failed with exit code 8001

Have a look at https://twiki.cern.ch/twiki/bin/viewauth/CMSPublic/JobExitCodes for a description of the exit codes.
INFO 2024-02-22 18:04:59.045 UTC: 	 
Summary of run jobs:
 * Memory: 49MB min, 1765MB max, 1381MB ave
 * Runtime: 0:02:53 min, 11:37:00 max, 0:44:08 ave
 * CPU eff: 3% min, 93% max, 63% ave
 * Waste: 10:27:59 (14% of total)

DEBUG 2024-02-22 18:04:59.045 UTC: 	 Requesting resubmission of failed jobs in task 240221_222827:mbuonsan_crab_SkimB4Mu_2023eraC-v2_stream4_Mini
INFO 2024-02-22 18:04:59.045 UTC: 	 Sending resubmit request to the server.
DEBUG 2024-02-22 18:04:59.045 UTC: 	 Submitting {'workflow': '240221_222827:mbuonsan_crab_SkimB4Mu_2023eraC-v2_stream4_Mini', 'subresource': 'resubmit2', 'jobids': ['14'], 'publication': 0} 
DEBUG 2024-02-22 18:04:59.046 UTC: 	 Encoded data for curl request: workflow=240221_222827%3Ambuonsan_crab_SkimB4Mu_2023eraC-v2_stream4_Mini&subresource=resubmit2&publication=0&jobids=14
DEBUG 2024-02-22 18:04:59.237 UTC: 	 Result: {'desc': {'columns': ['tm_site_blacklist', 'tm_site_whitelist', 'tm_maxjobruntime', 'tm_maxmemory', 'tm_numcores', 'tm_priority']}, 'result': [{'result': 'ok'}]}
INFO 2024-02-22 18:04:59.237 UTC: 	 Resubmit request sent to the server.
INFO 2024-02-22 18:04:59.237 UTC: 	 Please use ' crab status ' to check how the resubmission process proceeds.
Notice it may take a couple of minutes for the resubmission to get fully processed.
INFO 2024-02-22 18:04:59.273 UTC: 	 Log file is /lustrehome/mbuonsante/B_4mu/CMSSW_13_0_13/src/B4muNtuplizer/CrabSubmission/2023_eraC-v2/crab_projects/crab_SkimB4Mu_2023eraC-v2_stream4_Mini/crab.log
