DEBUG 2024-02-21 22:48:12.110 UTC: 	 CRAB Client version: v3.240110
DEBUG 2024-02-21 22:48:12.110 UTC: 	 Running on: Linux ui02.recas.ba.infn.it 3.10.0-1160.80.1.el7.x86_64 #1 SMP Tue Nov 8 15:48:59 UTC 2022 x86_64 x86_64 x86_64 GNU/Linux - CentOS Linux 7 (Core)
DEBUG 2024-02-21 22:48:12.111 UTC: 	 Executing command: 'submit'
DEBUG 2024-02-21 22:48:12.111 UTC: 	 Found CRAB cache file /lustrehome/mbuonsante/.crab3
INFO 2024-02-21 22:48:12.111 UTC: 	 Will use CRAB configuration file CRAB_MC_BsJPsiPhi.py
DEBUG 2024-02-21 22:48:12.111 UTC: 	 Loading CRAB configuration file.
DEBUG 2024-02-21 22:48:12.115 UTC: 	 Will use CRAB plugin ANALYSIS (i.e. will run an analysis job type).
DEBUG 2024-02-21 22:48:12.117 UTC: 	 Checking credentials
DEBUG 2024-02-21 22:48:12.117 UTC: 	 Found proxy file /tmp/x509up_u881331
DEBUG 2024-02-21 22:48:12.117 UTC: 	 Making sure it has proper VOMS extension
DEBUG 2024-02-21 22:48:12.117 UTC: 	 Executing command :
 voms-proxy-info --vo --file /tmp/x509up_u881331
DEBUG 2024-02-21 22:48:13.601 UTC: 	 output : cms

 error: 
 retcode : 0
DEBUG 2024-02-21 22:48:13.601 UTC: 	 Getting proxy life time left
DEBUG 2024-02-21 22:48:13.601 UTC: 	 Executing command :
 voms-proxy-info --actimeleft --timeleft --file /tmp/x509up_u881331
DEBUG 2024-02-21 22:48:14.925 UTC: 	 output : 478323
478322

 error: 
 retcode : 0
DEBUG 2024-02-21 22:48:14.925 UTC: 	 Proxy valid for 132:52:02 hours
DEBUG 2024-02-21 22:48:14.925 UTC: 	 Encoded data for curl request: subresource=delegatedn
DEBUG 2024-02-21 22:48:15.119 UTC: 	 Registering user credentials on myproxy for /DC=ch/DC=cern/OU=computers/CN=crab-(preprod|prod|dev)-tw(01|02|03).cern.ch|/DC=ch/DC=cern/OU=computers/CN=stefanov(m|m2).cern.ch|/DC=ch/DC=cern/OU=computers/CN=dciangot-tw.cern.ch
DEBUG 2024-02-21 22:48:15.119 UTC: 	 Executing command :
 voms-proxy-info --identity --file /tmp/x509up_u881331
DEBUG 2024-02-21 22:48:16.641 UTC: 	 output : /DC=ch/DC=cern/OU=Organic Units/OU=Users/CN=mbuonsan/CN=866052/CN=Marco Buonsante

 error: 
 retcode : 0
DEBUG 2024-02-21 22:48:16.641 UTC: 	 Getting myproxy life time left for db438794163ae221c16ac5cdc1e476b2bc2ff634
DEBUG 2024-02-21 22:48:16.641 UTC: 	 Executing command :
 myproxy-info -s myproxy.cern.ch -l db438794163ae221c16ac5cdc1e476b2bc2ff634
DEBUG 2024-02-21 22:48:17.086 UTC: 	 output : username: db438794163ae221c16ac5cdc1e476b2bc2ff634
owner: /DC=ch/DC=cern/OU=Organic Units/OU=Users/CN=mbuonsan/CN=866052/CN=Marco Buonsante
  renewal policy: /DC=ch/DC=cern/OU=computers/CN=crab-(preprod|prod|dev)-tw(01|02|03).cern.ch|/DC=ch/DC=cern/OU=computers/CN=stefanov(m|m2).cern.ch|/DC=ch/DC=cern/OU=computers/CN=dciangot-tw.cern.ch
  trusted retrieval policy: /DC=ch/DC=cern/OU=computers/CN=crab-(preprod|prod|dev)-tw(01|02|03).cern.ch|/DC=ch/DC=cern/OU=computers/CN=stefanov(m|m2).cern.ch|/DC=ch/DC=cern/OU=computers/CN=dciangot-tw.cern.ch
  timeleft: 492:53:10  (20.5 days)

 error: 
 retcode : 0
DEBUG 2024-02-21 22:48:17.086 UTC: 	 Myproxy is valid: 1774380
DEBUG 2024-02-21 22:48:17.087 UTC: 	 Result of myproxy credential check:
  Credential exists on myproxy: username: db438794163ae221c16ac5cdc1e476b2bc2ff634  - validity: 20 days, 12:53:00
DEBUG 2024-02-21 22:48:17.087 UTC: 	 Command use: submit
DEBUG 2024-02-21 22:48:17.087 UTC: 	 Options use: ['-c', 'CRAB_MC_BsJPsiPhi.py']
DEBUG 2024-02-21 22:48:17.087 UTC: 	 Encoded data for curl request: subresource=version
DEBUG 2024-02-21 22:48:17.273 UTC: 	 CRABClient version: v3.240110
DEBUG 2024-02-21 22:48:17.273 UTC: 	 Instance is prod
DEBUG 2024-02-21 22:48:17.273 UTC: 	 Server base url is cmsweb.cern.ch
DEBUG 2024-02-21 22:48:17.273 UTC: 	 Command api workflow
DEBUG 2024-02-21 22:48:17.273 UTC: 	 Started submission
DEBUG 2024-02-21 22:48:17.273 UTC: 	 Working on /lustrehome/mbuonsante/B_4mu/CMSSW_13_0_13/src/B4muNtuplizer/CrabSubmission/2022_MC_BsJPsiPhi_pre/crab_projects/crab_SkimB4Mu_2022_MC_BsJPsiPhi_pre_BsJPsiPhi_Mini
DEBUG 2024-02-21 22:48:17.273 UTC: 	 Encoded data for curl request: subresource=backendurls
DEBUG 2024-02-21 22:48:17.560 UTC: 	 Loading required information from the environment
DEBUG 2024-02-21 22:48:17.561 UTC: 	 Found CMSSW_13_0_13 for slc7_amd64_gcc11 with base /lustrehome/mbuonsante/B_4mu/CMSSW_13_0_13
DEBUG 2024-02-21 22:48:17.561 UTC: 	 Loading required information from the environment
DEBUG 2024-02-21 22:48:17.561 UTC: 	 Found CMSSW_13_0_13 for slc7_amd64_gcc11 with base /lustrehome/mbuonsante/B_4mu/CMSSW_13_0_13
DEBUG 2024-02-21 22:48:17.561 UTC: 	 UNIQUE NAME: tarUUID 75c11daa-d5de-4855-815f-b99feef99557 
DEBUG 2024-02-21 22:48:17.561 UTC: 	 self.config: from WMCore.Configuration import Configuration
config = Configuration()
config.section_('General')
config.General.transferOutputs = True
config.General.workArea = 'crab_projects'
config.General.requestName = 'SkimB4Mu_2022_MC_BsJPsiPhi_pre_BsJPsiPhi_Mini'
config.General.transferLogs = False
config.section_('JobType')
config.JobType.psetName = '/lustrehome/mbuonsante/B_4mu/CMSSW_13_0_13/src/B4muNtuplizer/CrabSubmission/2022_MC_BsJPsiPhi_pre/PatAndTree_cfg.py'
config.JobType.allowUndistributedCMSSW = True
config.JobType.pluginName = 'Analysis'
config.section_('Data')
config.Data.allowNonValidInputDataset = True
config.Data.splitting = 'LumiBased'
config.Data.inputDataset = '/BsToJpsiPhi_JMM_PhiMM_MuFilter_SoftQCDnonD_TuneCP5_13p6TeV-pythia8-evtgen/Run3Summer22MiniAODv4-130X_mcRun3_2022_realistic_v5-v2/MINIAODSIM'
config.Data.unitsPerJob = 300
config.Data.outputDatasetTag = 'SkimB4Mu_2022_MC_BsJPsiPhi_pre_BsJPsiPhi_Mini'
config.Data.inputDBS = 'global'
config.section_('Site')
config.Site.storageSite = 'T2_IT_Bari'
config.Site.ignoreGlobalBlacklist = True
config.section_('User')
config.section_('Debug')

DEBUG 2024-02-21 22:48:17.561 UTC: 	 self.config.JobType.psetName: /lustrehome/mbuonsante/B_4mu/CMSSW_13_0_13/src/B4muNtuplizer/CrabSubmission/2022_MC_BsJPsiPhi_pre/PatAndTree_cfg.py
INFO 2024-02-21 22:48:17.561 UTC: 	 Importing CMSSW configuration /lustrehome/mbuonsante/B_4mu/CMSSW_13_0_13/src/B4muNtuplizer/CrabSubmission/2022_MC_BsJPsiPhi_pre/PatAndTree_cfg.py
INFO 2024-02-21 22:48:19.658 UTC: 	 Finished importing CMSSW configuration /lustrehome/mbuonsante/B_4mu/CMSSW_13_0_13/src/B4muNtuplizer/CrabSubmission/2022_MC_BsJPsiPhi_pre/PatAndTree_cfg.py
DEBUG 2024-02-21 22:48:19.658 UTC: 	 Writing CMSSW configuration to /lustrehome/mbuonsante/B_4mu/CMSSW_13_0_13/src/B4muNtuplizer/CrabSubmission/2022_MC_BsJPsiPhi_pre/crab_projects/crab_SkimB4Mu_2022_MC_BsJPsiPhi_pre_BsJPsiPhi_Mini/inputs/PSet.py
DEBUG 2024-02-21 22:48:19.751 UTC: 	 The following EDM output files will be collected: []
DEBUG 2024-02-21 22:48:19.751 UTC: 	 The following TFile output files will be collected: ['TreeMC.root']
DEBUG 2024-02-21 22:48:19.751 UTC: 	 The following user output files (not listed as PoolOuputModule or TFileService in the CMSSW PSet) will be collected: 
DEBUG 2024-02-21 22:48:19.751 UTC: 	 Loading required information from the environment
DEBUG 2024-02-21 22:48:19.751 UTC: 	 Found CMSSW_13_0_13 for slc7_amd64_gcc11 with base /lustrehome/mbuonsante/B_4mu/CMSSW_13_0_13
DEBUG 2024-02-21 22:48:19.751 UTC: 	 Making tarball in /lustrehome/mbuonsante/B_4mu/CMSSW_13_0_13/src/B4muNtuplizer/CrabSubmission/2022_MC_BsJPsiPhi_pre/crab_projects/crab_SkimB4Mu_2022_MC_BsJPsiPhi_pre_BsJPsiPhi_Mini/inputs/75c11daa-d5de-4855-815f-b99feef99557default.tgz
DEBUG 2024-02-21 22:48:19.751 UTC: 	 Checking directory /lustrehome/mbuonsante/B_4mu/CMSSW_13_0_13/bin
DEBUG 2024-02-21 22:48:19.751 UTC: 	 Adding directory /lustrehome/mbuonsante/B_4mu/CMSSW_13_0_13/bin to tarball
DEBUG 2024-02-21 22:48:19.763 UTC: 	 Checking directory /lustrehome/mbuonsante/B_4mu/CMSSW_13_0_13/python
DEBUG 2024-02-21 22:48:19.763 UTC: 	 Adding directory /lustrehome/mbuonsante/B_4mu/CMSSW_13_0_13/python to tarball
DEBUG 2024-02-21 22:48:19.811 UTC: 	 Checking directory /lustrehome/mbuonsante/B_4mu/CMSSW_13_0_13/cfipython
DEBUG 2024-02-21 22:48:19.811 UTC: 	 Adding directory /lustrehome/mbuonsante/B_4mu/CMSSW_13_0_13/cfipython to tarball
DEBUG 2024-02-21 22:48:19.819 UTC: 	 Checking directory /lustrehome/mbuonsante/B_4mu/CMSSW_13_0_13/lib
DEBUG 2024-02-21 22:48:19.819 UTC: 	 Adding directory /lustrehome/mbuonsante/B_4mu/CMSSW_13_0_13/lib to tarball
DEBUG 2024-02-21 22:48:20.227 UTC: 	 Checking directory /lustrehome/mbuonsante/B_4mu/CMSSW_13_0_13/biglib
DEBUG 2024-02-21 22:48:20.227 UTC: 	 Adding directory /lustrehome/mbuonsante/B_4mu/CMSSW_13_0_13/biglib to tarball
DEBUG 2024-02-21 22:48:20.228 UTC: 	 Checking directory /lustrehome/mbuonsante/B_4mu/CMSSW_13_0_13/module
DEBUG 2024-02-21 22:48:20.228 UTC: 	 Checking directory /lustrehome/mbuonsante/B_4mu/CMSSW_13_0_13/config/SCRAM/hooks
DEBUG 2024-02-21 22:48:20.228 UTC: 	 Adding directory /lustrehome/mbuonsante/B_4mu/CMSSW_13_0_13/config/SCRAM/hooks to tarball
DEBUG 2024-02-21 22:48:20.257 UTC: 	 Adding directory /lustrehome/mbuonsante/B_4mu/CMSSW_13_0_13/src/B4muNtuplizer/SkimTools/python to tarball
DEBUG 2024-02-21 22:48:20.268 UTC: 	 Adding directory /lustrehome/mbuonsante/B_4mu/CMSSW_13_0_13/src/CommonTools/CandAlgos/interface to tarball
DEBUG 2024-02-21 22:48:20.273 UTC: 	 Adding directory /lustrehome/mbuonsante/B_4mu/CMSSW_13_0_13/src/CommonTools/CandAlgos/python to tarball
DEBUG 2024-02-21 22:48:20.468 UTC: 	 Uploading archive /lustrehome/mbuonsante/B_4mu/CMSSW_13_0_13/src/B4muNtuplizer/CrabSubmission/2022_MC_BsJPsiPhi_pre/crab_projects/crab_SkimB4Mu_2022_MC_BsJPsiPhi_pre_BsJPsiPhi_Mini/inputs/75c11daa-d5de-4855-815f-b99feef99557default.tgz (0.644531.1 MB) to the CRAB cache. Using URI https://cmsweb.cern.ch/S3/crabcache_prod
DEBUG 2024-02-21 22:48:20.880 UTC: 	 Encoded data for curl request: subresource=upload&objecttype=sandbox&tarballname=5d4795a88f5d5f41a0b4deca60c77191b18c3e3891b66ace4bbe6dbab4d14493.tar.gz
DEBUG 2024-02-21 22:48:21.080 UTC: 	 Will execute:
curl -f -v -X POST  -H "User-Agent: CRAB" -F "key=mbuonsan/sandboxes/5d4795a88f5d5f41a0b4deca60c77191b18c3e3891b66ace4bbe6dbab4d14493.tar.gz" -F "AWSAccessKeyId=ab00fcc889f248c495d2875f15a3badb" -F "policy=eyJleHBpcmF0aW9uIjogIjIwMjQtMDItMjFUMjM6NDg6MjFaIiwgImNvbmRpdGlvbnMiOiBbeyJidWNrZXQiOiAiY3JhYmNhY2hlX3Byb2QifSwgeyJrZXkiOiAibWJ1b25zYW4vc2FuZGJveGVzLzVkNDc5NWE4OGY1ZDVmNDFhMGI0ZGVjYTYwYzc3MTkxYjE4YzNlMzg5MWI2NmFjZTRiYmU2ZGJhYjRkMTQ0OTMudGFyLmd6In1dfQ==" -F "signature=G92IJz2FXqOHjIe1Nsytg2rs1lQ=" -F "file=@/lustrehome/mbuonsante/B_4mu/CMSSW_13_0_13/src/B4muNtuplizer/CrabSubmission/2022_MC_BsJPsiPhi_pre/crab_projects/crab_SkimB4Mu_2022_MC_BsJPsiPhi_pre_BsJPsiPhi_Mini/inputs/75c11daa-d5de-4855-815f-b99feef99557default.tgz" "https://s3.cern.ch/crabcache_prod"
DEBUG 2024-02-21 22:48:21.462 UTC: 	 exitcode: 0
stdout: b''
DEBUG 2024-02-21 22:48:21.463 UTC: 	 sandbox /lustrehome/mbuonsante/B_4mu/CMSSW_13_0_13/src/B4muNtuplizer/CrabSubmission/2022_MC_BsJPsiPhi_pre/crab_projects/crab_SkimB4Mu_2022_MC_BsJPsiPhi_pre_BsJPsiPhi_Mini/inputs/75c11daa-d5de-4855-815f-b99feef99557default.tgz successully uploaded to S3
DEBUG 2024-02-21 22:48:21.463 UTC: 	 Loading required information from the environment
DEBUG 2024-02-21 22:48:21.463 UTC: 	 Found CMSSW_13_0_13 for slc7_amd64_gcc11 with base /lustrehome/mbuonsante/B_4mu/CMSSW_13_0_13
DEBUG 2024-02-21 22:48:21.463 UTC: 	 Making tarball in /lustrehome/mbuonsante/B_4mu/CMSSW_13_0_13/src/B4muNtuplizer/CrabSubmission/2022_MC_BsJPsiPhi_pre/crab_projects/crab_SkimB4Mu_2022_MC_BsJPsiPhi_pre_BsJPsiPhi_Mini/inputs/debugFiles.tgz
DEBUG 2024-02-21 22:48:21.468 UTC: 	 Uploading archive /lustrehome/mbuonsante/B_4mu/CMSSW_13_0_13/src/B4muNtuplizer/CrabSubmission/2022_MC_BsJPsiPhi_pre/crab_projects/crab_SkimB4Mu_2022_MC_BsJPsiPhi_pre_BsJPsiPhi_Mini/inputs/debugFiles.tgz (2 KB) to the CRAB cache. Using URI https://cmsweb.cern.ch/S3/crabcache_prod
DEBUG 2024-02-21 22:48:21.471 UTC: 	 Encoded data for curl request: subresource=upload&objecttype=sandbox&tarballname=e12cba704c6b82e8406dd975e682f5bda4d064cc08b6581bda5e4780bbac3f85.tar.gz
DEBUG 2024-02-21 22:48:21.671 UTC: 	 Will execute:
curl -f -v -X POST  -H "User-Agent: CRAB" -F "key=mbuonsan/sandboxes/e12cba704c6b82e8406dd975e682f5bda4d064cc08b6581bda5e4780bbac3f85.tar.gz" -F "AWSAccessKeyId=ab00fcc889f248c495d2875f15a3badb" -F "policy=eyJleHBpcmF0aW9uIjogIjIwMjQtMDItMjFUMjM6NDg6MjFaIiwgImNvbmRpdGlvbnMiOiBbeyJidWNrZXQiOiAiY3JhYmNhY2hlX3Byb2QifSwgeyJrZXkiOiAibWJ1b25zYW4vc2FuZGJveGVzL2UxMmNiYTcwNGM2YjgyZTg0MDZkZDk3NWU2ODJmNWJkYTRkMDY0Y2MwOGI2NTgxYmRhNWU0NzgwYmJhYzNmODUudGFyLmd6In1dfQ==" -F "signature=fgcIVvkVb+2jjFLlDaov9PCzIVc=" -F "file=@/lustrehome/mbuonsante/B_4mu/CMSSW_13_0_13/src/B4muNtuplizer/CrabSubmission/2022_MC_BsJPsiPhi_pre/crab_projects/crab_SkimB4Mu_2022_MC_BsJPsiPhi_pre_BsJPsiPhi_Mini/inputs/debugFiles.tgz" "https://s3.cern.ch/crabcache_prod"
DEBUG 2024-02-21 22:48:21.810 UTC: 	 exitcode: 0
stdout: b''
DEBUG 2024-02-21 22:48:21.810 UTC: 	 sandbox /lustrehome/mbuonsante/B_4mu/CMSSW_13_0_13/src/B4muNtuplizer/CrabSubmission/2022_MC_BsJPsiPhi_pre/crab_projects/crab_SkimB4Mu_2022_MC_BsJPsiPhi_pre_BsJPsiPhi_Mini/inputs/debugFiles.tgz successully uploaded to S3
DEBUG 2024-02-21 22:48:21.810 UTC: 	 Result uploading input files: 5d4795a88f5d5f41a0b4deca60c77191b18c3e3891b66ace4bbe6dbab4d14493.tar.gz 
WARNING 2024-02-21 22:48:21.810 UTC: 	 Warning: The following output files will not be published, as they are not EDM files: ['TreeMC.root']
DEBUG 2024-02-21 22:48:21.810 UTC: 	 submit() - self.configuration from WMCore.Configuration import Configuration
config = Configuration()
config.section_('General')
config.General.transferOutputs = True
config.General.workArea = 'crab_projects'
config.General.requestName = 'SkimB4Mu_2022_MC_BsJPsiPhi_pre_BsJPsiPhi_Mini'
config.General.transferLogs = False
config.section_('JobType')
config.JobType.psetName = '/lustrehome/mbuonsante/B_4mu/CMSSW_13_0_13/src/B4muNtuplizer/CrabSubmission/2022_MC_BsJPsiPhi_pre/PatAndTree_cfg.py'
config.JobType.allowUndistributedCMSSW = True
config.JobType.pluginName = 'Analysis'
config.section_('Data')
config.Data.allowNonValidInputDataset = True
config.Data.splitting = 'LumiBased'
config.Data.inputDataset = '/BsToJpsiPhi_JMM_PhiMM_MuFilter_SoftQCDnonD_TuneCP5_13p6TeV-pythia8-evtgen/Run3Summer22MiniAODv4-130X_mcRun3_2022_realistic_v5-v2/MINIAODSIM'
config.Data.unitsPerJob = 300
config.Data.outputDatasetTag = 'SkimB4Mu_2022_MC_BsJPsiPhi_pre_BsJPsiPhi_Mini'
config.Data.inputDBS = 'global'
config.section_('Site')
config.Site.storageSite = 'T2_IT_Bari'
config.Site.ignoreGlobalBlacklist = True
config.section_('User')
config.section_('Debug')

DEBUG 2024-02-21 22:48:21.810 UTC: 	 submit() - self.configreq {'dryrun': 0, 'workflow': 'crab_SkimB4Mu_2022_MC_BsJPsiPhi_pre_BsJPsiPhi_Mini', 'saveoutput': 1, 'savelogsflag': 0, 'inputdata': '/BsToJpsiPhi_JMM_PhiMM_MuFilter_SoftQCDnonD_TuneCP5_13p6TeV-pythia8-evtgen/Run3Summer22MiniAODv4-130X_mcRun3_2022_realistic_v5-v2/MINIAODSIM', 'primarydataset': '', 'nonvaliddata': 1, 'userfiles': [], 'dbsurl': 'https://cmsweb.cern.ch/dbs/prod/global/DBSReader', 'useparent': 0, 'ignorelocality': 0, 'splitalgo': 'LumiBased', 'algoargs': 300, 'totalunits': 0, 'publication': 1, 'publishdbsurl': 'https://cmsweb.cern.ch/dbs/prod/phys03/DBSWriter', 'publishname2': 'SkimB4Mu_2022_MC_BsJPsiPhi_pre_BsJPsiPhi_Mini', 'jobtype': 'Analysis', 'generator': 'pythia', 'addoutputfiles': [], 'maxjobruntime': 1250, 'numcores': 1, 'maxmemory': 2000, 'priority': 10, 'nonprodsw': 1, 'asyncdest': 'T2_IT_Bari', 'requireaccelerator': 0, 'oneEventMode': 0, 'extrajdl': [], 'ignoreglobalblacklist': 1, 'partialdataset': 0, 'inputblocks': []}
DEBUG 2024-02-21 22:48:21.810 UTC: 	 submit() - jobconfig {'addoutputfiles': [], 'tfileoutfiles': ['TreeMC.root'], 'edmoutfiles': [], 'jobarch': 'slc7_amd64_gcc11', 'jobsw': 'CMSSW_13_0_13', 'inputdata': '/BsToJpsiPhi_JMM_PhiMM_MuFilter_SoftQCDnonD_TuneCP5_13p6TeV-pythia8-evtgen/Run3Summer22MiniAODv4-130X_mcRun3_2022_realistic_v5-v2/MINIAODSIM', 'cacheurl': 'https://cmsweb.cern.ch/S3/crabcache_prod', 'cachefilename': '5d4795a88f5d5f41a0b4deca60c77191b18c3e3891b66ace4bbe6dbab4d14493.tar.gz', 'debugfilename': 'e12cba704c6b82e8406dd975e682f5bda4d064cc08b6581bda5e4780bbac3f85.tar.gz', 'jobtype': 'Analysis'}
INFO 2024-02-21 22:48:21.810 UTC: 	 Sending the request to the server at cmsweb.cern.ch
DEBUG 2024-02-21 22:48:21.811 UTC: 	 Submitting {'dryrun': 0, 'workflow': 'crab_SkimB4Mu_2022_MC_BsJPsiPhi_pre_BsJPsiPhi_Mini', 'saveoutput': 1, 'savelogsflag': 0, 'inputdata': '/BsToJpsiPhi_JMM_PhiMM_MuFilter_SoftQCDnonD_TuneCP5_13p6TeV-pythia8-evtgen/Run3Summer22MiniAODv4-130X_mcRun3_2022_realistic_v5-v2/MINIAODSIM', 'primarydataset': '', 'nonvaliddata': 1, 'userfiles': [], 'dbsurl': 'https://cmsweb.cern.ch/dbs/prod/global/DBSReader', 'useparent': 0, 'ignorelocality': 0, 'splitalgo': 'LumiBased', 'algoargs': 300, 'totalunits': 0, 'publication': 1, 'publishdbsurl': 'https://cmsweb.cern.ch/dbs/prod/phys03/DBSWriter', 'publishname2': 'SkimB4Mu_2022_MC_BsJPsiPhi_pre_BsJPsiPhi_Mini', 'jobtype': 'Analysis', 'generator': 'pythia', 'addoutputfiles': [], 'maxjobruntime': 1250, 'numcores': 1, 'maxmemory': 2000, 'priority': 10, 'nonprodsw': 1, 'asyncdest': 'T2_IT_Bari', 'requireaccelerator': 0, 'oneEventMode': 0, 'extrajdl': [], 'ignoreglobalblacklist': 1, 'partialdataset': 0, 'inputblocks': [], 'tfileoutfiles': ['TreeMC.root'], 'edmoutfiles': [], 'jobarch': 'slc7_amd64_gcc11', 'jobsw': 'CMSSW_13_0_13', 'cacheurl': 'https://cmsweb.cern.ch/S3/crabcache_prod', 'cachefilename': '5d4795a88f5d5f41a0b4deca60c77191b18c3e3891b66ace4bbe6dbab4d14493.tar.gz', 'debugfilename': 'e12cba704c6b82e8406dd975e682f5bda4d064cc08b6581bda5e4780bbac3f85.tar.gz'} 
DEBUG 2024-02-21 22:48:21.811 UTC: 	 Encoded data for curl request: dryrun=0&workflow=crab_SkimB4Mu_2022_MC_BsJPsiPhi_pre_BsJPsiPhi_Mini&saveoutput=1&savelogsflag=0&inputdata=%2FBsToJpsiPhi_JMM_PhiMM_MuFilter_SoftQCDnonD_TuneCP5_13p6TeV-pythia8-evtgen%2FRun3Summer22MiniAODv4-130X_mcRun3_2022_realistic_v5-v2%2FMINIAODSIM&primarydataset=&nonvaliddata=1&dbsurl=https%3A%2F%2Fcmsweb.cern.ch%2Fdbs%2Fprod%2Fglobal%2FDBSReader&useparent=0&ignorelocality=0&splitalgo=LumiBased&algoargs=300&totalunits=0&publication=1&publishdbsurl=https%3A%2F%2Fcmsweb.cern.ch%2Fdbs%2Fprod%2Fphys03%2FDBSWriter&publishname2=SkimB4Mu_2022_MC_BsJPsiPhi_pre_BsJPsiPhi_Mini&jobtype=Analysis&generator=pythia&maxjobruntime=1250&numcores=1&maxmemory=2000&priority=10&nonprodsw=1&asyncdest=T2_IT_Bari&requireaccelerator=0&oneEventMode=0&ignoreglobalblacklist=1&partialdataset=0&jobarch=slc7_amd64_gcc11&jobsw=CMSSW_13_0_13&cacheurl=https%3A%2F%2Fcmsweb.cern.ch%2FS3%2Fcrabcache_prod&cachefilename=5d4795a88f5d5f41a0b4deca60c77191b18c3e3891b66ace4bbe6dbab4d14493.tar.gz&debugfilename=e12cba704c6b82e8406dd975e682f5bda4d064cc08b6581bda5e4780bbac3f85.tar.gz&tfileoutfiles=TreeMC.root
DEBUG 2024-02-21 22:48:21.998 UTC: 	 Result: {'result': [{'RequestName': '240221_224821:mbuonsan_crab_SkimB4Mu_2022_MC_BsJPsiPhi_pre_BsJPsiPhi_Mini'}]}
INFO 2024-02-21 22:48:21.999 UTC: 	 Success: Your task has been delivered to the prod CRAB3 server.
INFO 2024-02-21 22:48:21.999 UTC: 	 Task name: 240221_224821:mbuonsan_crab_SkimB4Mu_2022_MC_BsJPsiPhi_pre_BsJPsiPhi_Mini
INFO 2024-02-21 22:48:21.999 UTC: 	 Project dir: crab_projects/crab_SkimB4Mu_2022_MC_BsJPsiPhi_pre_BsJPsiPhi_Mini
INFO 2024-02-21 22:48:21.999 UTC: 	 Please use ' crab status -d crab_projects/crab_SkimB4Mu_2022_MC_BsJPsiPhi_pre_BsJPsiPhi_Mini ' to check how the submission process proceeds.
DEBUG 2024-02-21 22:48:21.999 UTC: 	 About to return
INFO 2024-02-21 22:48:22.005 UTC: 	 Log file is /lustrehome/mbuonsante/B_4mu/CMSSW_13_0_13/src/B4muNtuplizer/CrabSubmission/2022_MC_BsJPsiPhi_pre/crab_projects/crab_SkimB4Mu_2022_MC_BsJPsiPhi_pre_BsJPsiPhi_Mini/crab.log
