DEBUG 2024-02-21 22:29:03.109 UTC: 	 CRAB Client version: v3.240110
DEBUG 2024-02-21 22:29:03.109 UTC: 	 Running on: Linux ui02.recas.ba.infn.it 3.10.0-1160.80.1.el7.x86_64 #1 SMP Tue Nov 8 15:48:59 UTC 2022 x86_64 x86_64 x86_64 GNU/Linux - CentOS Linux 7 (Core)
DEBUG 2024-02-21 22:29:03.109 UTC: 	 Executing command: 'submit'
DEBUG 2024-02-21 22:29:03.109 UTC: 	 Found CRAB cache file /lustrehome/mbuonsante/.crab3
INFO 2024-02-21 22:29:03.111 UTC: 	 Will use CRAB configuration file CRAB_stream_7.py
DEBUG 2024-02-21 22:29:03.111 UTC: 	 Loading CRAB configuration file.
DEBUG 2024-02-21 22:29:03.113 UTC: 	 Will use CRAB plugin ANALYSIS (i.e. will run an analysis job type).
DEBUG 2024-02-21 22:29:03.115 UTC: 	 Checking credentials
DEBUG 2024-02-21 22:29:03.115 UTC: 	 Found proxy file /tmp/x509up_u881331
DEBUG 2024-02-21 22:29:03.115 UTC: 	 Making sure it has proper VOMS extension
DEBUG 2024-02-21 22:29:03.115 UTC: 	 Executing command :
 voms-proxy-info --vo --file /tmp/x509up_u881331
DEBUG 2024-02-21 22:29:04.493 UTC: 	 output : cms

 error: 
 retcode : 0
DEBUG 2024-02-21 22:29:04.493 UTC: 	 Getting proxy life time left
DEBUG 2024-02-21 22:29:04.493 UTC: 	 Executing command :
 voms-proxy-info --actimeleft --timeleft --file /tmp/x509up_u881331
DEBUG 2024-02-21 22:29:05.773 UTC: 	 output : 479472
479471

 error: 
 retcode : 0
DEBUG 2024-02-21 22:29:05.773 UTC: 	 Proxy valid for 133:11:11 hours
DEBUG 2024-02-21 22:29:05.773 UTC: 	 Encoded data for curl request: subresource=delegatedn
DEBUG 2024-02-21 22:29:05.957 UTC: 	 Registering user credentials on myproxy for /DC=ch/DC=cern/OU=computers/CN=crab-(preprod|prod|dev)-tw(01|02|03).cern.ch|/DC=ch/DC=cern/OU=computers/CN=stefanov(m|m2).cern.ch|/DC=ch/DC=cern/OU=computers/CN=dciangot-tw.cern.ch
DEBUG 2024-02-21 22:29:05.958 UTC: 	 Executing command :
 voms-proxy-info --identity --file /tmp/x509up_u881331
DEBUG 2024-02-21 22:29:07.498 UTC: 	 output : /DC=ch/DC=cern/OU=Organic Units/OU=Users/CN=mbuonsan/CN=866052/CN=Marco Buonsante

 error: 
 retcode : 0
DEBUG 2024-02-21 22:29:07.498 UTC: 	 Getting myproxy life time left for db438794163ae221c16ac5cdc1e476b2bc2ff634
DEBUG 2024-02-21 22:29:07.499 UTC: 	 Executing command :
 myproxy-info -s myproxy.cern.ch -l db438794163ae221c16ac5cdc1e476b2bc2ff634
DEBUG 2024-02-21 22:29:07.819 UTC: 	 output : username: db438794163ae221c16ac5cdc1e476b2bc2ff634
owner: /DC=ch/DC=cern/OU=Organic Units/OU=Users/CN=mbuonsan/CN=866052/CN=Marco Buonsante
  renewal policy: /DC=ch/DC=cern/OU=computers/CN=crab-(preprod|prod|dev)-tw(01|02|03).cern.ch|/DC=ch/DC=cern/OU=computers/CN=stefanov(m|m2).cern.ch|/DC=ch/DC=cern/OU=computers/CN=dciangot-tw.cern.ch
  trusted retrieval policy: /DC=ch/DC=cern/OU=computers/CN=crab-(preprod|prod|dev)-tw(01|02|03).cern.ch|/DC=ch/DC=cern/OU=computers/CN=stefanov(m|m2).cern.ch|/DC=ch/DC=cern/OU=computers/CN=dciangot-tw.cern.ch
  timeleft: 493:12:20  (20.6 days)

 error: 
 retcode : 0
DEBUG 2024-02-21 22:29:07.819 UTC: 	 Myproxy is valid: 1775520
DEBUG 2024-02-21 22:29:07.819 UTC: 	 Result of myproxy credential check:
  Credential exists on myproxy: username: db438794163ae221c16ac5cdc1e476b2bc2ff634  - validity: 20 days, 13:12:00
DEBUG 2024-02-21 22:29:07.819 UTC: 	 Command use: submit
DEBUG 2024-02-21 22:29:07.819 UTC: 	 Options use: ['-c', 'CRAB_stream_7.py']
DEBUG 2024-02-21 22:29:07.819 UTC: 	 Encoded data for curl request: subresource=version
DEBUG 2024-02-21 22:29:08.001 UTC: 	 CRABClient version: v3.240110
DEBUG 2024-02-21 22:29:08.001 UTC: 	 Instance is prod
DEBUG 2024-02-21 22:29:08.001 UTC: 	 Server base url is cmsweb.cern.ch
DEBUG 2024-02-21 22:29:08.001 UTC: 	 Command api workflow
DEBUG 2024-02-21 22:29:08.001 UTC: 	 Started submission
DEBUG 2024-02-21 22:29:08.001 UTC: 	 Working on /lustrehome/mbuonsante/B_4mu/CMSSW_13_0_13/src/B4muNtuplizer/CrabSubmission/2023_eraC-v2/crab_projects/crab_SkimB4Mu_2023eraC-v2_stream7_Mini
DEBUG 2024-02-21 22:29:08.002 UTC: 	 Encoded data for curl request: subresource=backendurls
DEBUG 2024-02-21 22:29:08.233 UTC: 	 Loading required information from the environment
DEBUG 2024-02-21 22:29:08.234 UTC: 	 Found CMSSW_13_0_13 for slc7_amd64_gcc11 with base /lustrehome/mbuonsante/B_4mu/CMSSW_13_0_13
DEBUG 2024-02-21 22:29:08.234 UTC: 	 Loading required information from the environment
DEBUG 2024-02-21 22:29:08.234 UTC: 	 Found CMSSW_13_0_13 for slc7_amd64_gcc11 with base /lustrehome/mbuonsante/B_4mu/CMSSW_13_0_13
DEBUG 2024-02-21 22:29:08.234 UTC: 	 UNIQUE NAME: tarUUID e01861d6-e037-4311-a382-f2bc84b637b4 
DEBUG 2024-02-21 22:29:08.234 UTC: 	 self.config: from WMCore.Configuration import Configuration
config = Configuration()
config.section_('General')
config.General.requestName = 'SkimB4Mu_2023eraC-v2_stream7_Mini'
config.General.workArea = 'crab_projects'
config.General.transferLogs = False
config.General.transferOutputs = True
config.section_('JobType')
config.JobType.pluginName = 'Analysis'
config.JobType.psetName = '/lustrehome/mbuonsante/B_4mu/CMSSW_13_0_13/src/B4muNtuplizer/CrabSubmission/2023_eraC-v2/PatAndTree_cfg.py'
config.JobType.allowUndistributedCMSSW = True
config.section_('Data')
config.Data.lumiMask = 'https://cms-service-dqmdc.web.cern.ch/CAF/certification/Collisions23/Cert_Collisions2023_eraC_367095_368823_Golden.json'
config.Data.inputDBS = 'global'
config.Data.inputDataset = '/ParkingDoubleMuonLowMass7/Run2023C-22Sep2023_v2-v1/MINIAOD'
config.Data.splitting = 'LumiBased'
config.Data.unitsPerJob = 50
config.Data.allowNonValidInputDataset = True
config.Data.outputDatasetTag = 'SkimB4Mu_2023eraC-v2_stream7_Mini'
config.section_('Site')
config.Site.ignoreGlobalBlacklist = True
config.Site.storageSite = 'T2_IT_Bari'
config.section_('User')
config.section_('Debug')

DEBUG 2024-02-21 22:29:08.234 UTC: 	 self.config.JobType.psetName: /lustrehome/mbuonsante/B_4mu/CMSSW_13_0_13/src/B4muNtuplizer/CrabSubmission/2023_eraC-v2/PatAndTree_cfg.py
INFO 2024-02-21 22:29:08.234 UTC: 	 Importing CMSSW configuration /lustrehome/mbuonsante/B_4mu/CMSSW_13_0_13/src/B4muNtuplizer/CrabSubmission/2023_eraC-v2/PatAndTree_cfg.py
INFO 2024-02-21 22:29:10.151 UTC: 	 Finished importing CMSSW configuration /lustrehome/mbuonsante/B_4mu/CMSSW_13_0_13/src/B4muNtuplizer/CrabSubmission/2023_eraC-v2/PatAndTree_cfg.py
DEBUG 2024-02-21 22:29:10.151 UTC: 	 Writing CMSSW configuration to /lustrehome/mbuonsante/B_4mu/CMSSW_13_0_13/src/B4muNtuplizer/CrabSubmission/2023_eraC-v2/crab_projects/crab_SkimB4Mu_2023eraC-v2_stream7_Mini/inputs/PSet.py
DEBUG 2024-02-21 22:29:10.241 UTC: 	 The following EDM output files will be collected: []
DEBUG 2024-02-21 22:29:10.241 UTC: 	 The following TFile output files will be collected: ['TreeData.root']
DEBUG 2024-02-21 22:29:10.241 UTC: 	 The following user output files (not listed as PoolOuputModule or TFileService in the CMSSW PSet) will be collected: 
DEBUG 2024-02-21 22:29:10.241 UTC: 	 Loading required information from the environment
DEBUG 2024-02-21 22:29:10.241 UTC: 	 Found CMSSW_13_0_13 for slc7_amd64_gcc11 with base /lustrehome/mbuonsante/B_4mu/CMSSW_13_0_13
DEBUG 2024-02-21 22:29:10.241 UTC: 	 Making tarball in /lustrehome/mbuonsante/B_4mu/CMSSW_13_0_13/src/B4muNtuplizer/CrabSubmission/2023_eraC-v2/crab_projects/crab_SkimB4Mu_2023eraC-v2_stream7_Mini/inputs/e01861d6-e037-4311-a382-f2bc84b637b4default.tgz
DEBUG 2024-02-21 22:29:10.242 UTC: 	 Checking directory /lustrehome/mbuonsante/B_4mu/CMSSW_13_0_13/bin
DEBUG 2024-02-21 22:29:10.242 UTC: 	 Adding directory /lustrehome/mbuonsante/B_4mu/CMSSW_13_0_13/bin to tarball
DEBUG 2024-02-21 22:29:10.244 UTC: 	 Checking directory /lustrehome/mbuonsante/B_4mu/CMSSW_13_0_13/python
DEBUG 2024-02-21 22:29:10.244 UTC: 	 Adding directory /lustrehome/mbuonsante/B_4mu/CMSSW_13_0_13/python to tarball
DEBUG 2024-02-21 22:29:10.292 UTC: 	 Checking directory /lustrehome/mbuonsante/B_4mu/CMSSW_13_0_13/cfipython
DEBUG 2024-02-21 22:29:10.292 UTC: 	 Adding directory /lustrehome/mbuonsante/B_4mu/CMSSW_13_0_13/cfipython to tarball
DEBUG 2024-02-21 22:29:10.299 UTC: 	 Checking directory /lustrehome/mbuonsante/B_4mu/CMSSW_13_0_13/lib
DEBUG 2024-02-21 22:29:10.299 UTC: 	 Adding directory /lustrehome/mbuonsante/B_4mu/CMSSW_13_0_13/lib to tarball
DEBUG 2024-02-21 22:29:10.813 UTC: 	 Checking directory /lustrehome/mbuonsante/B_4mu/CMSSW_13_0_13/biglib
DEBUG 2024-02-21 22:29:10.813 UTC: 	 Adding directory /lustrehome/mbuonsante/B_4mu/CMSSW_13_0_13/biglib to tarball
DEBUG 2024-02-21 22:29:10.814 UTC: 	 Checking directory /lustrehome/mbuonsante/B_4mu/CMSSW_13_0_13/module
DEBUG 2024-02-21 22:29:10.814 UTC: 	 Checking directory /lustrehome/mbuonsante/B_4mu/CMSSW_13_0_13/config/SCRAM/hooks
DEBUG 2024-02-21 22:29:10.814 UTC: 	 Adding directory /lustrehome/mbuonsante/B_4mu/CMSSW_13_0_13/config/SCRAM/hooks to tarball
DEBUG 2024-02-21 22:29:10.836 UTC: 	 Adding directory /lustrehome/mbuonsante/B_4mu/CMSSW_13_0_13/src/B4muNtuplizer/SkimTools/python to tarball
DEBUG 2024-02-21 22:29:10.847 UTC: 	 Adding directory /lustrehome/mbuonsante/B_4mu/CMSSW_13_0_13/src/CommonTools/CandAlgos/interface to tarball
DEBUG 2024-02-21 22:29:10.853 UTC: 	 Adding directory /lustrehome/mbuonsante/B_4mu/CMSSW_13_0_13/src/CommonTools/CandAlgos/python to tarball
DEBUG 2024-02-21 22:29:11.014 UTC: 	 Uploading archive /lustrehome/mbuonsante/B_4mu/CMSSW_13_0_13/src/B4muNtuplizer/CrabSubmission/2023_eraC-v2/crab_projects/crab_SkimB4Mu_2023eraC-v2_stream7_Mini/inputs/e01861d6-e037-4311-a382-f2bc84b637b4default.tgz (0.644531.1 MB) to the CRAB cache. Using URI https://cmsweb.cern.ch/S3/crabcache_prod
DEBUG 2024-02-21 22:29:11.468 UTC: 	 Encoded data for curl request: subresource=upload&objecttype=sandbox&tarballname=c21f585968b676319b78458a8dfff0d78967d784c1d5d78343c5cdc38d3be0e5.tar.gz
DEBUG 2024-02-21 22:29:11.661 UTC: 	 sandbox c21f585968b676319b78458a8dfff0d78967d784c1d5d78343c5cdc38d3be0e5.tar.gz is already in the S3 store, will not upload again
DEBUG 2024-02-21 22:29:11.662 UTC: 	 Loading required information from the environment
DEBUG 2024-02-21 22:29:11.662 UTC: 	 Found CMSSW_13_0_13 for slc7_amd64_gcc11 with base /lustrehome/mbuonsante/B_4mu/CMSSW_13_0_13
DEBUG 2024-02-21 22:29:11.662 UTC: 	 Making tarball in /lustrehome/mbuonsante/B_4mu/CMSSW_13_0_13/src/B4muNtuplizer/CrabSubmission/2023_eraC-v2/crab_projects/crab_SkimB4Mu_2023eraC-v2_stream7_Mini/inputs/debugFiles.tgz
DEBUG 2024-02-21 22:29:11.666 UTC: 	 Uploading archive /lustrehome/mbuonsante/B_4mu/CMSSW_13_0_13/src/B4muNtuplizer/CrabSubmission/2023_eraC-v2/crab_projects/crab_SkimB4Mu_2023eraC-v2_stream7_Mini/inputs/debugFiles.tgz (2 KB) to the CRAB cache. Using URI https://cmsweb.cern.ch/S3/crabcache_prod
DEBUG 2024-02-21 22:29:11.672 UTC: 	 Encoded data for curl request: subresource=upload&objecttype=sandbox&tarballname=222cf829317230a6d442d9d62dbbac4e881916eac5786ef07b186ed7b471197a.tar.gz
DEBUG 2024-02-21 22:29:11.891 UTC: 	 Will execute:
curl -f -v -X POST  -H "User-Agent: CRAB" -F "key=mbuonsan/sandboxes/222cf829317230a6d442d9d62dbbac4e881916eac5786ef07b186ed7b471197a.tar.gz" -F "AWSAccessKeyId=ab00fcc889f248c495d2875f15a3badb" -F "policy=eyJleHBpcmF0aW9uIjogIjIwMjQtMDItMjFUMjM6Mjk6MTFaIiwgImNvbmRpdGlvbnMiOiBbeyJidWNrZXQiOiAiY3JhYmNhY2hlX3Byb2QifSwgeyJrZXkiOiAibWJ1b25zYW4vc2FuZGJveGVzLzIyMmNmODI5MzE3MjMwYTZkNDQyZDlkNjJkYmJhYzRlODgxOTE2ZWFjNTc4NmVmMDdiMTg2ZWQ3YjQ3MTE5N2EudGFyLmd6In1dfQ==" -F "signature=KJZMwsPpbivi3PK0gUuBdHjyjXo=" -F "file=@/lustrehome/mbuonsante/B_4mu/CMSSW_13_0_13/src/B4muNtuplizer/CrabSubmission/2023_eraC-v2/crab_projects/crab_SkimB4Mu_2023eraC-v2_stream7_Mini/inputs/debugFiles.tgz" "https://s3.cern.ch/crabcache_prod"
DEBUG 2024-02-21 22:29:12.038 UTC: 	 exitcode: 0
stdout: b''
DEBUG 2024-02-21 22:29:12.039 UTC: 	 sandbox /lustrehome/mbuonsante/B_4mu/CMSSW_13_0_13/src/B4muNtuplizer/CrabSubmission/2023_eraC-v2/crab_projects/crab_SkimB4Mu_2023eraC-v2_stream7_Mini/inputs/debugFiles.tgz successully uploaded to S3
DEBUG 2024-02-21 22:29:12.039 UTC: 	 Result uploading input files: c21f585968b676319b78458a8dfff0d78967d784c1d5d78343c5cdc38d3be0e5.tar.gz 
DEBUG 2024-02-21 22:29:12.039 UTC: 	 Attaching lumi mask https://cms-service-dqmdc.web.cern.ch/CAF/certification/Collisions23/Cert_Collisions2023_eraC_367095_368823_Golden.json to the request
DEBUG 2024-02-21 22:29:12.040 UTC: 	 Downloading lumi-mask from https://cms-service-dqmdc.web.cern.ch/CAF/certification/Collisions23/Cert_Collisions2023_eraC_367095_368823_Golden.json
WARNING 2024-02-21 22:29:12.255 UTC: 	 Warning: The following output files will not be published, as they are not EDM files: ['TreeData.root']
DEBUG 2024-02-21 22:29:12.256 UTC: 	 submit() - self.configuration from WMCore.Configuration import Configuration
config = Configuration()
config.section_('General')
config.General.requestName = 'SkimB4Mu_2023eraC-v2_stream7_Mini'
config.General.workArea = 'crab_projects'
config.General.transferLogs = False
config.General.transferOutputs = True
config.section_('JobType')
config.JobType.pluginName = 'Analysis'
config.JobType.psetName = '/lustrehome/mbuonsante/B_4mu/CMSSW_13_0_13/src/B4muNtuplizer/CrabSubmission/2023_eraC-v2/PatAndTree_cfg.py'
config.JobType.allowUndistributedCMSSW = True
config.section_('Data')
config.Data.lumiMask = 'https://cms-service-dqmdc.web.cern.ch/CAF/certification/Collisions23/Cert_Collisions2023_eraC_367095_368823_Golden.json'
config.Data.inputDBS = 'global'
config.Data.inputDataset = '/ParkingDoubleMuonLowMass7/Run2023C-22Sep2023_v2-v1/MINIAOD'
config.Data.splitting = 'LumiBased'
config.Data.unitsPerJob = 50
config.Data.allowNonValidInputDataset = True
config.Data.outputDatasetTag = 'SkimB4Mu_2023eraC-v2_stream7_Mini'
config.section_('Site')
config.Site.ignoreGlobalBlacklist = True
config.Site.storageSite = 'T2_IT_Bari'
config.section_('User')
config.section_('Debug')

DEBUG 2024-02-21 22:29:12.256 UTC: 	 submit() - self.configreq {'dryrun': 0, 'workflow': 'crab_SkimB4Mu_2023eraC-v2_stream7_Mini', 'saveoutput': 1, 'savelogsflag': 0, 'inputdata': '/ParkingDoubleMuonLowMass7/Run2023C-22Sep2023_v2-v1/MINIAOD', 'primarydataset': '', 'nonvaliddata': 1, 'userfiles': [], 'dbsurl': 'https://cmsweb.cern.ch/dbs/prod/global/DBSReader', 'useparent': 0, 'ignorelocality': 0, 'splitalgo': 'LumiBased', 'algoargs': 50, 'totalunits': 0, 'publication': 1, 'publishdbsurl': 'https://cmsweb.cern.ch/dbs/prod/phys03/DBSWriter', 'publishname2': 'SkimB4Mu_2023eraC-v2_stream7_Mini', 'jobtype': 'Analysis', 'generator': 'pythia', 'addoutputfiles': [], 'maxjobruntime': 1250, 'numcores': 1, 'maxmemory': 2000, 'priority': 10, 'nonprodsw': 1, 'asyncdest': 'T2_IT_Bari', 'requireaccelerator': 0, 'oneEventMode': 0, 'extrajdl': [], 'ignoreglobalblacklist': 1, 'partialdataset': 0, 'inputblocks': []}
DEBUG 2024-02-21 22:29:12.256 UTC: 	 submit() - jobconfig {'addoutputfiles': [], 'tfileoutfiles': ['TreeData.root'], 'edmoutfiles': [], 'jobarch': 'slc7_amd64_gcc11', 'jobsw': 'CMSSW_13_0_13', 'inputdata': '/ParkingDoubleMuonLowMass7/Run2023C-22Sep2023_v2-v1/MINIAOD', 'cacheurl': 'https://cmsweb.cern.ch/S3/crabcache_prod', 'cachefilename': 'c21f585968b676319b78458a8dfff0d78967d784c1d5d78343c5cdc38d3be0e5.tar.gz', 'debugfilename': '222cf829317230a6d442d9d62dbbac4e881916eac5786ef07b186ed7b471197a.tar.gz', 'runs': ['367095', '367100', '367102', '367103', '367104', '367111', '367112', '367127', '367128', '367129', '367130', '367131', '367133', '367228', '367229', '367230', '367231', '367232', '367234', '367260', '367262', '367263', '367264', '367267', '367269', '367270', '367271', '367312', '367314', '367315', '367334', '367336', '367337', '367355', '367406', '367413', '367415', '367416', '367475', '367477', '367515', '367516', '367552', '367553', '367554', '367615', '367618', '367619', '367661', '367662', '367663', '367665', '367666', '367691', '367696', '367699', '367730', '367742', '367758', '367770', '367771', '367772', '367790', '367831', '367836', '367838', '367840', '367881', '367883', '367884', '367902', '367904', '367905', '367906', '367907', '367908', '367910', '368223', '368224', '368229', '368318', '368320', '368321', '368332', '368333', '368343', '368382', '368384', '368388', '368389', '368400', '368410', '368412', '368423', '368451', '368453', '368454', '368489', '368546', '368547', '368548', '368566', '368567', '368609', '368611', '368613', '368636', '368669', '368670', '368672', '368674', '368675', '368676', '368678', '368684', '368685', '368723', '368724', '368746', '368749', '368753', '368762', '368764', '368765', '368822', '368823'], 'lumis': ['1,564', '45,390', '1,75', '1,64', '1,1082', '51,338', '1,1438', '18,350', '1,2,6,6,11,12,14,15', '1,3', '1,2,6,9,13,126,135,167', '1,149', '1,275', '55,280,285,287,292,294,298,304', '1,34', '1,1', '1,22', '1,996', '1,501', '52,69,72,240', '1,42,49,119,123,271', '10,21', '1,847', '45,322', '1,33', '1,961', '1,135', '53,225,227,269', '1,20', '1,893', '26,324', '1,169', '1,1046', '60,63', '48,476', '68,448,450,467,469,746,748,750,752,898,900,1340,1342,1367', '1,97', '1,55', '56,634', '1,1289', '44,668', '1,1236', '49,59', '1,644', '1,312', '53,484', '18,341', '1,300,302,501,503,579', '50,366', '1,18', '1,1', '1,271', '1,11,16,86', '46,204', '1,856,858,1920', '1,151', '48,562', '39,443', '52,767', '47,198', '1,91', '1,6', '1,160', '53,504', '48,588', '1,793', '1,570', '14,152', '1,1050', '1,1011', '42,273', '1,103', '1,48', '1,344', '1,119', '1,358', '1,593', '45,437,445,487', '1,57', '52,569', '37,319', '1,285', '1,337', '1,14', '1,25', '1,328', '37,792', '1,44', '39,444,448,1431,1434,1472', '1,198', '40,271', '49,1501', '1,92', '42,159,161,516', '1,144', '1,5', '1,68,72,1168', '47,791,793,827,829,863,865,899,901,935,937,971,973,1007,1009,1043,1045,1079,1081,1280,1282,1380,1382,1581,1583,1595', '1,659', '1,194,197,702', '1,75,77,86,89,90,93,280,282,1044', '1,1195', '1,31,33,411,414,436', '41,1039', '1,247,249,382', '1,260', '51,819', '42,410', '1,255,306,308', '1,866', '1,12', '1,50', '1,156', '1,171', '40,135', '1,1481', '63,63,97,188', '1,1200', '39,77', '1,169', '1,976', '45,238', '1,1', '1,1386', '45,330,332,908,910,991', '3,35'], 'jobtype': 'Analysis'}
INFO 2024-02-21 22:29:12.256 UTC: 	 Sending the request to the server at cmsweb.cern.ch
DEBUG 2024-02-21 22:29:12.256 UTC: 	 Submitting {'dryrun': 0, 'workflow': 'crab_SkimB4Mu_2023eraC-v2_stream7_Mini', 'saveoutput': 1, 'savelogsflag': 0, 'inputdata': '/ParkingDoubleMuonLowMass7/Run2023C-22Sep2023_v2-v1/MINIAOD', 'primarydataset': '', 'nonvaliddata': 1, 'userfiles': [], 'dbsurl': 'https://cmsweb.cern.ch/dbs/prod/global/DBSReader', 'useparent': 0, 'ignorelocality': 0, 'splitalgo': 'LumiBased', 'algoargs': 50, 'totalunits': 0, 'publication': 1, 'publishdbsurl': 'https://cmsweb.cern.ch/dbs/prod/phys03/DBSWriter', 'publishname2': 'SkimB4Mu_2023eraC-v2_stream7_Mini', 'jobtype': 'Analysis', 'generator': 'pythia', 'addoutputfiles': [], 'maxjobruntime': 1250, 'numcores': 1, 'maxmemory': 2000, 'priority': 10, 'nonprodsw': 1, 'asyncdest': 'T2_IT_Bari', 'requireaccelerator': 0, 'oneEventMode': 0, 'extrajdl': [], 'ignoreglobalblacklist': 1, 'partialdataset': 0, 'inputblocks': [], 'tfileoutfiles': ['TreeData.root'], 'edmoutfiles': [], 'jobarch': 'slc7_amd64_gcc11', 'jobsw': 'CMSSW_13_0_13', 'cacheurl': 'https://cmsweb.cern.ch/S3/crabcache_prod', 'cachefilename': 'c21f585968b676319b78458a8dfff0d78967d784c1d5d78343c5cdc38d3be0e5.tar.gz', 'debugfilename': '222cf829317230a6d442d9d62dbbac4e881916eac5786ef07b186ed7b471197a.tar.gz', 'runs': ['367095', '367100', '367102', '367103', '367104', '367111', '367112', '367127', '367128', '367129', '367130', '367131', '367133', '367228', '367229', '367230', '367231', '367232', '367234', '367260', '367262', '367263', '367264', '367267', '367269', '367270', '367271', '367312', '367314', '367315', '367334', '367336', '367337', '367355', '367406', '367413', '367415', '367416', '367475', '367477', '367515', '367516', '367552', '367553', '367554', '367615', '367618', '367619', '367661', '367662', '367663', '367665', '367666', '367691', '367696', '367699', '367730', '367742', '367758', '367770', '367771', '367772', '367790', '367831', '367836', '367838', '367840', '367881', '367883', '367884', '367902', '367904', '367905', '367906', '367907', '367908', '367910', '368223', '368224', '368229', '368318', '368320', '368321', '368332', '368333', '368343', '368382', '368384', '368388', '368389', '368400', '368410', '368412', '368423', '368451', '368453', '368454', '368489', '368546', '368547', '368548', '368566', '368567', '368609', '368611', '368613', '368636', '368669', '368670', '368672', '368674', '368675', '368676', '368678', '368684', '368685', '368723', '368724', '368746', '368749', '368753', '368762', '368764', '368765', '368822', '368823'], 'lumis': ['1,564', '45,390', '1,75', '1,64', '1,1082', '51,338', '1,1438', '18,350', '1,2,6,6,11,12,14,15', '1,3', '1,2,6,9,13,126,135,167', '1,149', '1,275', '55,280,285,287,292,294,298,304', '1,34', '1,1', '1,22', '1,996', '1,501', '52,69,72,240', '1,42,49,119,123,271', '10,21', '1,847', '45,322', '1,33', '1,961', '1,135', '53,225,227,269', '1,20', '1,893', '26,324', '1,169', '1,1046', '60,63', '48,476', '68,448,450,467,469,746,748,750,752,898,900,1340,1342,1367', '1,97', '1,55', '56,634', '1,1289', '44,668', '1,1236', '49,59', '1,644', '1,312', '53,484', '18,341', '1,300,302,501,503,579', '50,366', '1,18', '1,1', '1,271', '1,11,16,86', '46,204', '1,856,858,1920', '1,151', '48,562', '39,443', '52,767', '47,198', '1,91', '1,6', '1,160', '53,504', '48,588', '1,793', '1,570', '14,152', '1,1050', '1,1011', '42,273', '1,103', '1,48', '1,344', '1,119', '1,358', '1,593', '45,437,445,487', '1,57', '52,569', '37,319', '1,285', '1,337', '1,14', '1,25', '1,328', '37,792', '1,44', '39,444,448,1431,1434,1472', '1,198', '40,271', '49,1501', '1,92', '42,159,161,516', '1,144', '1,5', '1,68,72,1168', '47,791,793,827,829,863,865,899,901,935,937,971,973,1007,1009,1043,1045,1079,1081,1280,1282,1380,1382,1581,1583,1595', '1,659', '1,194,197,702', '1,75,77,86,89,90,93,280,282,1044', '1,1195', '1,31,33,411,414,436', '41,1039', '1,247,249,382', '1,260', '51,819', '42,410', '1,255,306,308', '1,866', '1,12', '1,50', '1,156', '1,171', '40,135', '1,1481', '63,63,97,188', '1,1200', '39,77', '1,169', '1,976', '45,238', '1,1', '1,1386', '45,330,332,908,910,991', '3,35']} 
DEBUG 2024-02-21 22:29:12.257 UTC: 	 Encoded data for curl request: dryrun=0&workflow=crab_SkimB4Mu_2023eraC-v2_stream7_Mini&saveoutput=1&savelogsflag=0&inputdata=%2FParkingDoubleMuonLowMass7%2FRun2023C-22Sep2023_v2-v1%2FMINIAOD&primarydataset=&nonvaliddata=1&dbsurl=https%3A%2F%2Fcmsweb.cern.ch%2Fdbs%2Fprod%2Fglobal%2FDBSReader&useparent=0&ignorelocality=0&splitalgo=LumiBased&algoargs=50&totalunits=0&publication=1&publishdbsurl=https%3A%2F%2Fcmsweb.cern.ch%2Fdbs%2Fprod%2Fphys03%2FDBSWriter&publishname2=SkimB4Mu_2023eraC-v2_stream7_Mini&jobtype=Analysis&generator=pythia&maxjobruntime=1250&numcores=1&maxmemory=2000&priority=10&nonprodsw=1&asyncdest=T2_IT_Bari&requireaccelerator=0&oneEventMode=0&ignoreglobalblacklist=1&partialdataset=0&jobarch=slc7_amd64_gcc11&jobsw=CMSSW_13_0_13&cacheurl=https%3A%2F%2Fcmsweb.cern.ch%2FS3%2Fcrabcache_prod&cachefilename=c21f585968b676319b78458a8dfff0d78967d784c1d5d78343c5cdc38d3be0e5.tar.gz&debugfilename=222cf829317230a6d442d9d62dbbac4e881916eac5786ef07b186ed7b471197a.tar.gz&tfileoutfiles=TreeData.root&runs=367095&runs=367100&runs=367102&runs=367103&runs=367104&runs=367111&runs=367112&runs=367127&runs=367128&runs=367129&runs=367130&runs=367131&runs=367133&runs=367228&runs=367229&runs=367230&runs=367231&runs=367232&runs=367234&runs=367260&runs=367262&runs=367263&runs=367264&runs=367267&runs=367269&runs=367270&runs=367271&runs=367312&runs=367314&runs=367315&runs=367334&runs=367336&runs=367337&runs=367355&runs=367406&runs=367413&runs=367415&runs=367416&runs=367475&runs=367477&runs=367515&runs=367516&runs=367552&runs=367553&runs=367554&runs=367615&runs=367618&runs=367619&runs=367661&runs=367662&runs=367663&runs=367665&runs=367666&runs=367691&runs=367696&runs=367699&runs=367730&runs=367742&runs=367758&runs=367770&runs=367771&runs=367772&runs=367790&runs=367831&runs=367836&runs=367838&runs=367840&runs=367881&runs=367883&runs=367884&runs=367902&runs=367904&runs=367905&runs=367906&runs=367907&runs=367908&runs=367910&runs=368223&runs=368224&runs=368229&runs=368318&runs=368320&runs=368321&runs=368332&runs=368333&runs=368343&runs=368382&runs=368384&runs=368388&runs=368389&runs=368400&runs=368410&runs=368412&runs=368423&runs=368451&runs=368453&runs=368454&runs=368489&runs=368546&runs=368547&runs=368548&runs=368566&runs=368567&runs=368609&runs=368611&runs=368613&runs=368636&runs=368669&runs=368670&runs=368672&runs=368674&runs=368675&runs=368676&runs=368678&runs=368684&runs=368685&runs=368723&runs=368724&runs=368746&runs=368749&runs=368753&runs=368762&runs=368764&runs=368765&runs=368822&runs=368823&lumis=1%2C564&lumis=45%2C390&lumis=1%2C75&lumis=1%2C64&lumis=1%2C1082&lumis=51%2C338&lumis=1%2C1438&lumis=18%2C350&lumis=1%2C2%2C6%2C6%2C11%2C12%2C14%2C15&lumis=1%2C3&lumis=1%2C2%2C6%2C9%2C13%2C126%2C135%2C167&lumis=1%2C149&lumis=1%2C275&lumis=55%2C280%2C285%2C287%2C292%2C294%2C298%2C304&lumis=1%2C34&lumis=1%2C1&lumis=1%2C22&lumis=1%2C996&lumis=1%2C501&lumis=52%2C69%2C72%2C240&lumis=1%2C42%2C49%2C119%2C123%2C271&lumis=10%2C21&lumis=1%2C847&lumis=45%2C322&lumis=1%2C33&lumis=1%2C961&lumis=1%2C135&lumis=53%2C225%2C227%2C269&lumis=1%2C20&lumis=1%2C893&lumis=26%2C324&lumis=1%2C169&lumis=1%2C1046&lumis=60%2C63&lumis=48%2C476&lumis=68%2C448%2C450%2C467%2C469%2C746%2C748%2C750%2C752%2C898%2C900%2C1340%2C1342%2C1367&lumis=1%2C97&lumis=1%2C55&lumis=56%2C634&lumis=1%2C1289&lumis=44%2C668&lumis=1%2C1236&lumis=49%2C59&lumis=1%2C644&lumis=1%2C312&lumis=53%2C484&lumis=18%2C341&lumis=1%2C300%2C302%2C501%2C503%2C579&lumis=50%2C366&lumis=1%2C18&lumis=1%2C1&lumis=1%2C271&lumis=1%2C11%2C16%2C86&lumis=46%2C204&lumis=1%2C856%2C858%2C1920&lumis=1%2C151&lumis=48%2C562&lumis=39%2C443&lumis=52%2C767&lumis=47%2C198&lumis=1%2C91&lumis=1%2C6&lumis=1%2C160&lumis=53%2C504&lumis=48%2C588&lumis=1%2C793&lumis=1%2C570&lumis=14%2C152&lumis=1%2C1050&lumis=1%2C1011&lumis=42%2C273&lumis=1%2C103&lumis=1%2C48&lumis=1%2C344&lumis=1%2C119&lumis=1%2C358&lumis=1%2C593&lumis=45%2C437%2C445%2C487&lumis=1%2C57&lumis=52%2C569&lumis=37%2C319&lumis=1%2C285&lumis=1%2C337&lumis=1%2C14&lumis=1%2C25&lumis=1%2C328&lumis=37%2C792&lumis=1%2C44&lumis=39%2C444%2C448%2C1431%2C1434%2C1472&lumis=1%2C198&lumis=40%2C271&lumis=49%2C1501&lumis=1%2C92&lumis=42%2C159%2C161%2C516&lumis=1%2C144&lumis=1%2C5&lumis=1%2C68%2C72%2C1168&lumis=47%2C791%2C793%2C827%2C829%2C863%2C865%2C899%2C901%2C935%2C937%2C971%2C973%2C1007%2C1009%2C1043%2C1045%2C1079%2C1081%2C1280%2C1282%2C1380%2C1382%2C1581%2C1583%2C1595&lumis=1%2C659&lumis=1%2C194%2C197%2C702&lumis=1%2C75%2C77%2C86%2C89%2C90%2C93%2C280%2C282%2C1044&lumis=1%2C1195&lumis=1%2C31%2C33%2C411%2C414%2C436&lumis=41%2C1039&lumis=1%2C247%2C249%2C382&lumis=1%2C260&lumis=51%2C819&lumis=42%2C410&lumis=1%2C255%2C306%2C308&lumis=1%2C866&lumis=1%2C12&lumis=1%2C50&lumis=1%2C156&lumis=1%2C171&lumis=40%2C135&lumis=1%2C1481&lumis=63%2C63%2C97%2C188&lumis=1%2C1200&lumis=39%2C77&lumis=1%2C169&lumis=1%2C976&lumis=45%2C238&lumis=1%2C1&lumis=1%2C1386&lumis=45%2C330%2C332%2C908%2C910%2C991&lumis=3%2C35
DEBUG 2024-02-21 22:29:12.436 UTC: 	 Result: {'result': [{'RequestName': '240221_222912:mbuonsan_crab_SkimB4Mu_2023eraC-v2_stream7_Mini'}]}
INFO 2024-02-21 22:29:12.438 UTC: 	 Success: Your task has been delivered to the prod CRAB3 server.
INFO 2024-02-21 22:29:12.438 UTC: 	 Task name: 240221_222912:mbuonsan_crab_SkimB4Mu_2023eraC-v2_stream7_Mini
INFO 2024-02-21 22:29:12.438 UTC: 	 Project dir: crab_projects/crab_SkimB4Mu_2023eraC-v2_stream7_Mini
INFO 2024-02-21 22:29:12.438 UTC: 	 Please use ' crab status -d crab_projects/crab_SkimB4Mu_2023eraC-v2_stream7_Mini ' to check how the submission process proceeds.
DEBUG 2024-02-21 22:29:12.438 UTC: 	 About to return
INFO 2024-02-21 22:29:12.443 UTC: 	 Log file is /lustrehome/mbuonsante/B_4mu/CMSSW_13_0_13/src/B4muNtuplizer/CrabSubmission/2023_eraC-v2/crab_projects/crab_SkimB4Mu_2023eraC-v2_stream7_Mini/crab.log
DEBUG 2024-02-22 18:05:36.274 UTC: 	 CRAB Client version: v3.240110
DEBUG 2024-02-22 18:05:36.274 UTC: 	 Running on: Linux ui02.recas.ba.infn.it 3.10.0-1160.80.1.el7.x86_64 #1 SMP Tue Nov 8 15:48:59 UTC 2022 x86_64 x86_64 x86_64 GNU/Linux - CentOS Linux 7 (Core)
DEBUG 2024-02-22 18:05:36.274 UTC: 	 Executing command: 'resubmit'
DEBUG 2024-02-22 18:05:36.275 UTC: 	 Found CRAB cache file /lustrehome/mbuonsante/.crab3
DEBUG 2024-02-22 18:05:36.280 UTC: 	 Checking credentials
DEBUG 2024-02-22 18:05:36.281 UTC: 	 Found proxy file /tmp/x509up_u881331
DEBUG 2024-02-22 18:05:36.281 UTC: 	 Making sure it has proper VOMS extension
DEBUG 2024-02-22 18:05:36.281 UTC: 	 Executing command :
 voms-proxy-info --vo --file /tmp/x509up_u881331
DEBUG 2024-02-22 18:05:37.525 UTC: 	 output : cms

 error: 
 retcode : 0
DEBUG 2024-02-22 18:05:37.525 UTC: 	 Getting proxy life time left
DEBUG 2024-02-22 18:05:37.525 UTC: 	 Executing command :
 voms-proxy-info --actimeleft --timeleft --file /tmp/x509up_u881331
DEBUG 2024-02-22 18:05:38.874 UTC: 	 output : 408879
408878

 error: 
 retcode : 0
DEBUG 2024-02-22 18:05:38.874 UTC: 	 Proxy valid for 113:34:38 hours
DEBUG 2024-02-22 18:05:38.874 UTC: 	 Encoded data for curl request: subresource=delegatedn
DEBUG 2024-02-22 18:05:39.073 UTC: 	 Registering user credentials on myproxy for /DC=ch/DC=cern/OU=computers/CN=crab-(preprod|prod|dev)-tw(01|02|03).cern.ch|/DC=ch/DC=cern/OU=computers/CN=stefanov(m|m2).cern.ch|/DC=ch/DC=cern/OU=computers/CN=dciangot-tw.cern.ch
DEBUG 2024-02-22 18:05:39.073 UTC: 	 Executing command :
 voms-proxy-info --identity --file /tmp/x509up_u881331
DEBUG 2024-02-22 18:05:40.368 UTC: 	 output : /DC=ch/DC=cern/OU=Organic Units/OU=Users/CN=mbuonsan/CN=866052/CN=Marco Buonsante

 error: 
 retcode : 0
DEBUG 2024-02-22 18:05:40.368 UTC: 	 Getting myproxy life time left for db438794163ae221c16ac5cdc1e476b2bc2ff634
DEBUG 2024-02-22 18:05:40.368 UTC: 	 Executing command :
 myproxy-info -s myproxy.cern.ch -l db438794163ae221c16ac5cdc1e476b2bc2ff634
DEBUG 2024-02-22 18:05:40.709 UTC: 	 output : username: db438794163ae221c16ac5cdc1e476b2bc2ff634
owner: /DC=ch/DC=cern/OU=Organic Units/OU=Users/CN=mbuonsan/CN=866052/CN=Marco Buonsante
  renewal policy: /DC=ch/DC=cern/OU=computers/CN=crab-(preprod|prod|dev)-tw(01|02|03).cern.ch|/DC=ch/DC=cern/OU=computers/CN=stefanov(m|m2).cern.ch|/DC=ch/DC=cern/OU=computers/CN=dciangot-tw.cern.ch
  trusted retrieval policy: /DC=ch/DC=cern/OU=computers/CN=crab-(preprod|prod|dev)-tw(01|02|03).cern.ch|/DC=ch/DC=cern/OU=computers/CN=stefanov(m|m2).cern.ch|/DC=ch/DC=cern/OU=computers/CN=dciangot-tw.cern.ch
  timeleft: 473:35:47  (19.7 days)

 error: 
 retcode : 0
DEBUG 2024-02-22 18:05:40.709 UTC: 	 Myproxy is valid: 1704900
DEBUG 2024-02-22 18:05:40.709 UTC: 	 Result of myproxy credential check:
  Credential exists on myproxy: username: db438794163ae221c16ac5cdc1e476b2bc2ff634  - validity: 19 days, 17:35:00
DEBUG 2024-02-22 18:05:40.710 UTC: 	 Encoded data for curl request: subresource=search&workflow=240221_222912%3Ambuonsan_crab_SkimB4Mu_2023eraC-v2_stream7_Mini
DEBUG 2024-02-22 18:05:40.903 UTC: 	 Command use: resubmit
DEBUG 2024-02-22 18:05:40.903 UTC: 	 Options use: ['-d', 'crab_projects/crab_SkimB4Mu_2023eraC-v2_stream7_Mini']
DEBUG 2024-02-22 18:05:40.903 UTC: 	 Encoded data for curl request: subresource=version
DEBUG 2024-02-22 18:05:41.070 UTC: 	 CRABClient version: v3.240110
DEBUG 2024-02-22 18:05:41.070 UTC: 	 Instance is prod
DEBUG 2024-02-22 18:05:41.070 UTC: 	 Server base url is cmsweb.cern.ch
DEBUG 2024-02-22 18:05:41.070 UTC: 	 Command api workflow
DEBUG 2024-02-22 18:05:41.097 UTC: 	 CRAB Client version: v3.240110
DEBUG 2024-02-22 18:05:41.097 UTC: 	 Running on: Linux ui02.recas.ba.infn.it 3.10.0-1160.80.1.el7.x86_64 #1 SMP Tue Nov 8 15:48:59 UTC 2022 x86_64 x86_64 x86_64 GNU/Linux - CentOS Linux 7 (Core)
DEBUG 2024-02-22 18:05:41.098 UTC: 	 Executing command: 'status'
DEBUG 2024-02-22 18:05:41.098 UTC: 	 Found CRAB cache file /lustrehome/mbuonsante/.crab3
DEBUG 2024-02-22 18:05:41.102 UTC: 	 Checking credentials
DEBUG 2024-02-22 18:05:41.102 UTC: 	 Found proxy file /tmp/x509up_u881331
DEBUG 2024-02-22 18:05:41.102 UTC: 	 Making sure it has proper VOMS extension
DEBUG 2024-02-22 18:05:41.102 UTC: 	 Executing command :
 voms-proxy-info --vo --file /tmp/x509up_u881331
DEBUG 2024-02-22 18:05:42.418 UTC: 	 output : cms

 error: 
 retcode : 0
DEBUG 2024-02-22 18:05:42.418 UTC: 	 Getting proxy life time left
DEBUG 2024-02-22 18:05:42.418 UTC: 	 Executing command :
 voms-proxy-info --actimeleft --timeleft --file /tmp/x509up_u881331
DEBUG 2024-02-22 18:05:43.623 UTC: 	 output : 408874
408873

 error: 
 retcode : 0
DEBUG 2024-02-22 18:05:43.623 UTC: 	 Proxy valid for 113:34:33 hours
DEBUG 2024-02-22 18:05:43.624 UTC: 	 Encoded data for curl request: subresource=delegatedn
DEBUG 2024-02-22 18:05:43.797 UTC: 	 Registering user credentials on myproxy for /DC=ch/DC=cern/OU=computers/CN=crab-(preprod|prod|dev)-tw(01|02|03).cern.ch|/DC=ch/DC=cern/OU=computers/CN=stefanov(m|m2).cern.ch|/DC=ch/DC=cern/OU=computers/CN=dciangot-tw.cern.ch
DEBUG 2024-02-22 18:05:43.797 UTC: 	 Executing command :
 voms-proxy-info --identity --file /tmp/x509up_u881331
DEBUG 2024-02-22 18:05:45.733 UTC: 	 output : /DC=ch/DC=cern/OU=Organic Units/OU=Users/CN=mbuonsan/CN=866052/CN=Marco Buonsante

 error: 
 retcode : 0
DEBUG 2024-02-22 18:05:45.734 UTC: 	 Getting myproxy life time left for db438794163ae221c16ac5cdc1e476b2bc2ff634
DEBUG 2024-02-22 18:05:45.734 UTC: 	 Executing command :
 myproxy-info -s myproxy.cern.ch -l db438794163ae221c16ac5cdc1e476b2bc2ff634
DEBUG 2024-02-22 18:05:46.122 UTC: 	 output : username: db438794163ae221c16ac5cdc1e476b2bc2ff634
owner: /DC=ch/DC=cern/OU=Organic Units/OU=Users/CN=mbuonsan/CN=866052/CN=Marco Buonsante
  renewal policy: /DC=ch/DC=cern/OU=computers/CN=crab-(preprod|prod|dev)-tw(01|02|03).cern.ch|/DC=ch/DC=cern/OU=computers/CN=stefanov(m|m2).cern.ch|/DC=ch/DC=cern/OU=computers/CN=dciangot-tw.cern.ch
  trusted retrieval policy: /DC=ch/DC=cern/OU=computers/CN=crab-(preprod|prod|dev)-tw(01|02|03).cern.ch|/DC=ch/DC=cern/OU=computers/CN=stefanov(m|m2).cern.ch|/DC=ch/DC=cern/OU=computers/CN=dciangot-tw.cern.ch
  timeleft: 473:35:41  (19.7 days)

 error: 
 retcode : 0
DEBUG 2024-02-22 18:05:46.122 UTC: 	 Myproxy is valid: 1704900
DEBUG 2024-02-22 18:05:46.122 UTC: 	 Result of myproxy credential check:
  Credential exists on myproxy: username: db438794163ae221c16ac5cdc1e476b2bc2ff634  - validity: 19 days, 17:35:00
DEBUG 2024-02-22 18:05:46.122 UTC: 	 Retrieving username ...
DEBUG 2024-02-22 18:05:46.122 UTC: 	 Retrieving username from CRIC...
DEBUG 2024-02-22 18:05:47.123 UTC: 	 username is mbuonsan
INFO 2024-02-22 18:05:49.164 UTC: 	 Rucio client intialized for account mbuonsan
DEBUG 2024-02-22 18:05:49.167 UTC: 	 Command use: status
DEBUG 2024-02-22 18:05:49.167 UTC: 	 Options use: []
DEBUG 2024-02-22 18:05:49.168 UTC: 	 Encoded data for curl request: subresource=version
DEBUG 2024-02-22 18:05:49.360 UTC: 	 CRABClient version: v3.240110
DEBUG 2024-02-22 18:05:49.360 UTC: 	 Instance is prod
DEBUG 2024-02-22 18:05:49.360 UTC: 	 Server base url is cmsweb.cern.ch
DEBUG 2024-02-22 18:05:49.360 UTC: 	 Command api workflow
DEBUG 2024-02-22 18:05:49.360 UTC: 	 Encoded data for curl request: subresource=search&workflow=240221_222912%3Ambuonsan_crab_SkimB4Mu_2023eraC-v2_stream7_Mini
DEBUG 2024-02-22 18:05:49.587 UTC: 	 Got information from server oracle database: {'desc': {'columns': ['tm_taskname', 'tm_activity', 'panda_jobset_id', 'tm_task_status', 'tm_task_command', 'tm_start_time', 'tm_start_injection', 'tm_end_injection', 'tm_task_failure', 'tm_job_sw', 'tm_job_arch', 'tm_input_dataset', 'tm_nonvalid_input_dataset', 'tm_use_parent', 'tm_site_whitelist', 'tm_site_blacklist', 'tm_split_algo', 'tm_split_args', 'tm_user_sandbox', 'tm_cache_url', 'tm_username', 'tm_user_dn', 'tm_user_vo', 'tm_user_role', 'tm_user_group', 'tm_publish_name', 'tm_publish_groupname', 'tm_asyncdest', 'tm_dbs_url', 'tm_publish_dbs_url', 'tm_publication', 'tm_outfiles', 'tm_tfile_outfiles', 'tm_edm_outfiles', 'tm_job_type', 'tm_generator', 'tm_events_per_lumi', 'tm_arguments', 'panda_resubmitted_jobs', 'tm_save_logs', 'tw_name', 'tm_user_infiles', 'tm_maxjobruntime', 'tm_numcores', 'tm_maxmemory', 'tm_priority', 'tm_output_dataset', 'tm_task_warnings', 'tm_user_webdir', 'tm_scriptexe', 'tm_scriptargs', 'tm_extrajdl', 'tm_asourl', 'tm_collector', 'tm_schedd', 'tm_dry_run', 'tm_user_files', 'tm_transfer_outputs', 'tm_output_lfn', 'tm_ignore_locality', 'tm_fail_limit', 'tm_one_event_mode', 'tm_secondary_input_dataset', 'tm_primary_dataset', 'tm_last_publication', 'tm_debug_files', 'clusterid', 'tm_asodb', 'tm_ignore_global_blacklist', 'tm_submitter_ip_addr', 'tm_totalunits', 'tm_ddm_reqid', 'tm_user_config', 'tm_transfer_container', 'tm_transfer_rule', 'tm_publish_rule', 'tm_multipub_rule']}, 'result': ['240221_222912:mbuonsan_crab_SkimB4Mu_2023eraC-v2_stream7_Mini', 'None', 'None', 'SUBMITTED', 'SUBMIT', '2024-02-21 22:29:12.418266', 'None', '2024-02-21 22:30:25.864626', 'None', 'CMSSW_13_0_13', 'slc7_amd64_gcc11', '/ParkingDoubleMuonLowMass7/Run2023C-22Sep2023_v2-v1/MINIAOD', 'T', '0', '[]', '[]', 'LumiBased', "{'halt_job_on_file_boundaries': False, 'splitOnRun': False, 'lumis_per_job': 50, 'runs': ['367095', '367100', '367102', '367103', '367104', '367111', '367112', '367127', '367128', '367129', '367130', '367131', '367133', '367228', '367229', '367230', '367231', '367232', '367234', '367260', '367262', '367263', '367264', '367267', '367269', '367270', '367271', '367312', '367314', '367315', '367334', '367336', '367337', '367355', '367406', '367413', '367415', '367416', '367475', '367477', '367515', '367516', '367552', '367553', '367554', '367615', '367618', '367619', '367661', '367662', '367663', '367665', '367666', '367691', '367696', '367699', '367730', '367742', '367758', '367770', '367771', '367772', '367790', '367831', '367836', '367838', '367840', '367881', '367883', '367884', '367902', '367904', '367905', '367906', '367907', '367908', '367910', '368223', '368224', '368229', '368318', '368320', '368321', '368332', '368333', '368343', '368382', '368384', '368388', '368389', '368400', '368410', '368412', '368423', '368451', '368453', '368454', '368489', '368546', '368547', '368548', '368566', '368567', '368609', '368611', '368613', '368636', '368669', '368670', '368672', '368674', '368675', '368676', '368678', '368684', '368685', '368723', '368724', '368746', '368749', '368753', '368762', '368764', '368765', '368822', '368823'], 'lumis': ['1,564', '45,390', '1,75', '1,64', '1,1082', '51,338', '1,1438', '18,350', '1,2,6,6,11,12,14,15', '1,3', '1,2,6,9,13,126,135,167', '1,149', '1,275', '55,280,285,287,292,294,298,304', '1,34', '1,1', '1,22', '1,996', '1,501', '52,69,72,240', '1,42,49,119,123,271', '10,21', '1,847', '45,322', '1,33', '1,961', '1,135', '53,225,227,269', '1,20', '1,893', '26,324', '1,169', '1,1046', '60,63', '48,476', '68,448,450,467,469,746,748,750,752,898,900,1340,1342,1367', '1,97', '1,55', '56,634', '1,1289', '44,668', '1,1236', '49,59', '1,644', '1,312', '53,484', '18,341', '1,300,302,501,503,579', '50,366', '1,18', '1,1', '1,271', '1,11,16,86', '46,204', '1,856,858,1920', '1,151', '48,562', '39,443', '52,767', '47,198', '1,91', '1,6', '1,160', '53,504', '48,588', '1,793', '1,570', '14,152', '1,1050', '1,1011', '42,273', '1,103', '1,48', '1,344', '1,119', '1,358', '1,593', '45,437,445,487', '1,57', '52,569', '37,319', '1,285', '1,337', '1,14', '1,25', '1,328', '37,792', '1,44', '39,444,448,1431,1434,1472', '1,198', '40,271', '49,1501', '1,92', '42,159,161,516', '1,144', '1,5', '1,68,72,1168', '47,791,793,827,829,863,865,899,901,935,937,971,973,1007,1009,1043,1045,1079,1081,1280,1282,1380,1382,1581,1583,1595', '1,659', '1,194,197,702', '1,75,77,86,89,90,93,280,282,1044', '1,1195', '1,31,33,411,414,436', '41,1039', '1,247,249,382', '1,260', '51,819', '42,410', '1,255,306,308', '1,866', '1,12', '1,50', '1,156', '1,171', '40,135', '1,1481', '63,63,97,188', '1,1200', '39,77', '1,169', '1,976', '45,238', '1,1', '1,1386', '45,330,332,908,910,991', '3,35']}", 'c21f585968b676319b78458a8dfff0d78967d784c1d5d78343c5cdc38d3be0e5.tar.gz', 'https://cmsweb.cern.ch/S3/crabcache_prod', 'mbuonsan', '/DC=ch/DC=cern/OU=Organic Units/OU=Users/CN=mbuonsan/CN=866052/CN=Marco Buonsante', 'cms', 'None', 'None', 'SkimB4Mu_2023eraC-v2_stream7_Mini-00000000000000000000000000000000', 'F', 'T2_IT_Bari', 'https://cmsweb.cern.ch/dbs/prod/global/DBSReader', 'https://cmsweb.cern.ch/dbs/prod/phys03/DBSWriter', 'T', '[]', "['TreeData.root']", '[]', 'Analysis', 'pythia', 'None', '{}', 'None', 'F', 'crab-prod-tw01', '[]', '1250', '1', '2000', '10', "['/FakeDataset/fakefile-FakePublish-64862b4d8b17813d6aa943ade23bf72c/USER']", '[]', 'http://vocms0199.cern.ch/mon/mbuonsan/240221_222912:mbuonsan_crab_SkimB4Mu_2023eraC-v2_stream7_Mini', 'None', '[]', '[]', 'None', 'cmsgwms-collector-global.cern.ch:9620,cmsgwms-collector-global.fnal.gov:9620', 'crab3@vocms0199.cern.ch', 'F', '[]', 'T', '/store/user/mbuonsan/', 'F', 'None', 'F', 'None', 'ParkingDoubleMuonLowMass7', 'None', '222cf829317230a6d442d9d62dbbac4e881916eac5786ef07b186ed7b471197a.tar.gz', '61735633', 'None', 'T', '188.185.89.202', '0.0', 'None', '{"partialdataset": false, "requireaccelerator": false, "acceleratorparams": null, "inputblocks": null}', 'None', 'None', 'None', 'None']}
INFO 2024-02-22 18:05:49.588 UTC: 	 CRAB project directory:		/lustrehome/mbuonsante/B_4mu/CMSSW_13_0_13/src/B4muNtuplizer/CrabSubmission/2023_eraC-v2/crab_projects/crab_SkimB4Mu_2023eraC-v2_stream7_Mini
INFO 2024-02-22 18:05:49.588 UTC: 	 Task name:			240221_222912:mbuonsan_crab_SkimB4Mu_2023eraC-v2_stream7_Mini
INFO 2024-02-22 18:05:49.588 UTC: 	 Grid scheduler - Task Worker:	crab3@vocms0199.cern.ch - crab-prod-tw01
INFO 2024-02-22 18:05:49.588 UTC: 	 Status on the CRAB server:	SUBMITTED
INFO 2024-02-22 18:05:49.588 UTC: 	 Task URL to use for HELP:	https://cmsweb.cern.ch/crabserver/ui/task/240221_222912%3Ambuonsan_crab_SkimB4Mu_2023eraC-v2_stream7_Mini
INFO 2024-02-22 18:05:49.636 UTC: 	 Dashboard monitoring URL:	https://monit-grafana.cern.ch/d/cmsTMDetail/cms-task-monitoring-task-view?orgId=11&var-user=mbuonsan&var-task=240221_222912%3Ambuonsan_crab_SkimB4Mu_2023eraC-v2_stream7_Mini&from=1708550952000&to=now
DEBUG 2024-02-22 18:05:49.637 UTC: 	 The CRAB server submitted your task to the Grid scheduler (cluster ID: 61735633)
DEBUG 2024-02-22 18:05:49.637 UTC: 	 Webdir is located at http://vocms0199.cern.ch/mon/mbuonsan/240221_222912:mbuonsan_crab_SkimB4Mu_2023eraC-v2_stream7_Mini
DEBUG 2024-02-22 18:05:49.646 UTC: 	 Encoded data for curl request: subresource=webdirprx&workflow=240221_222912%3Ambuonsan_crab_SkimB4Mu_2023eraC-v2_stream7_Mini
DEBUG 2024-02-22 18:05:49.904 UTC: 	 Proxied webdir is located at https://cmsweb.cern.ch:8443/scheddmon/0199/mbuonsan/240221_222912:mbuonsan_crab_SkimB4Mu_2023eraC-v2_stream7_Mini
DEBUG 2024-02-22 18:05:49.905 UTC: 	 Retrieving 'status_cache' file from https://cmsweb.cern.ch:8443/scheddmon/0199/mbuonsan/240221_222912:mbuonsan_crab_SkimB4Mu_2023eraC-v2_stream7_Mini/status_cache.pkl
DEBUG 2024-02-22 18:05:49.905 UTC: 	 Will execute:
curl -sS --capath /etc/grid-security/certificates --cert /tmp/x509up_u881331 --key /tmp/x509up_u881331 -o /tmp/crab_status-cache-dhr1lfbl.pkl -w %"{http_code}" "https://cmsweb.cern.ch:8443/scheddmon/0199/mbuonsan/240221_222912:mbuonsan_crab_SkimB4Mu_2023eraC-v2_stream7_Mini/status_cache.pkl"
DEBUG 2024-02-22 18:05:49.905 UTC: 	 Executing command :
 curl -sS --capath /etc/grid-security/certificates --cert /tmp/x509up_u881331 --key /tmp/x509up_u881331 -o /tmp/crab_status-cache-dhr1lfbl.pkl -w %"{http_code}" "https://cmsweb.cern.ch:8443/scheddmon/0199/mbuonsan/240221_222912:mbuonsan_crab_SkimB4Mu_2023eraC-v2_stream7_Mini/status_cache.pkl"
DEBUG 2024-02-22 18:05:50.152 UTC: 	 output : 200
 error: 
 retcode : 0
DEBUG 2024-02-22 18:05:50.152 UTC: 	 exitcode: 0
stdout: 200
stderr: 
error details: 
DEBUG 2024-02-22 18:05:50.153 UTC: 	 Got information from status cache file: {'9': {'Retries': 0, 'Restarts': 0, 'SiteHistory': ['Unknown', 'T1_IT_CNAF', 'T1_IT_CNAF'], 'ResidentSetSize': [1194476], 'SubmitTimes': [1708554637.0], 'StartTimes': [1708556137.0], 'EndTimes': [1708557865.0], 'TotalUserCpuTimeHistory': [1349], 'TotalSysCpuTimeHistory': [48], 'WallDurations': [8.0, 66.57190752029419, 1728.0], 'JobIds': ['61735636.0'], 'State': 'finished', 'RecordedSite': True}, '1': {'Retries': 0, 'Restarts': 0, 'SiteHistory': ['Unknown', 'T2_BE_IIHE', 'T2_BE_IIHE'], 'ResidentSetSize': [1341796], 'SubmitTimes': [1708554637.0], 'StartTimes': [1708556157.0], 'EndTimes': [1708558160.0], 'TotalUserCpuTimeHistory': [1767], 'TotalSysCpuTimeHistory': [54], 'WallDurations': [8.0, 46.57190752029419, 2003.0], 'JobIds': ['61735637.0'], 'State': 'finished', 'RecordedSite': True}, '3': {'Retries': 0, 'Restarts': 0, 'SiteHistory': ['Unknown', 'T1_US_FNAL', 'T1_US_FNAL'], 'ResidentSetSize': [1443364], 'SubmitTimes': [1708554637.0], 'StartTimes': [1708557186.0], 'EndTimes': [1708558464.0], 'TotalUserCpuTimeHistory': [1129], 'TotalSysCpuTimeHistory': [26], 'WallDurations': [9.0, 228.47346949577332, 1278.0], 'JobIds': ['61735638.0'], 'State': 'finished', 'RecordedSite': True}, '7': {'Retries': 0, 'Restarts': 0, 'SiteHistory': ['Unknown', 'T1_IT_CNAF', 'T1_IT_CNAF'], 'ResidentSetSize': [1355940], 'SubmitTimes': [1708554637.0], 'StartTimes': [1708556135.0], 'EndTimes': [1708558359.0], 'TotalUserCpuTimeHistory': [1441], 'TotalSysCpuTimeHistory': [52], 'WallDurations': [9.0, 68.57190752029419, 2224.0], 'JobIds': ['61735639.0'], 'State': 'finished', 'RecordedSite': True}, '2': {'Retries': 0, 'Restarts': 0, 'SiteHistory': ['Unknown', 'T2_BE_IIHE', 'T2_BE_IIHE'], 'ResidentSetSize': [1305716], 'SubmitTimes': [1708554637.0], 'StartTimes': [1708556157.0], 'EndTimes': [1708556323.0], 'TotalUserCpuTimeHistory': [117], 'TotalSysCpuTimeHistory': [6], 'WallDurations': [8.0, 46.57190752029419, 166.0], 'JobIds': ['61735640.0'], 'State': 'finished', 'RecordedSite': True}, '4': {'Retries': 0, 'Restarts': 0, 'SiteHistory': ['Unknown', 'T1_US_FNAL', 'T1_US_FNAL'], 'ResidentSetSize': [1433260], 'SubmitTimes': [1708554637.0], 'StartTimes': [1708557185.0], 'EndTimes': [1708558520.0], 'TotalUserCpuTimeHistory': [1175], 'TotalSysCpuTimeHistory': [28], 'WallDurations': [9.0, 229.47346949577332, 1335.0], 'JobIds': ['61735641.0'], 'State': 'finished', 'RecordedSite': True}, '5': {'Retries': 0, 'Restarts': 0, 'SiteHistory': ['Unknown', 'T1_US_FNAL', 'T1_US_FNAL'], 'ResidentSetSize': [1413532], 'SubmitTimes': [1708554637.0], 'StartTimes': [1708557187.0], 'EndTimes': [1708558332.0], 'TotalUserCpuTimeHistory': [981], 'TotalSysCpuTimeHistory': [26], 'WallDurations': [10.0, 227.47346949577332, 1145.0], 'JobIds': ['61735642.0'], 'State': 'finished', 'RecordedSite': True}, '6': {'Retries': 1, 'Restarts': 0, 'SiteHistory': ['Unknown', 'T1_IT_CNAF', 'T1_IT_CNAF', 'Unknown', 'T1_US_FNAL', 'T1_US_FNAL'], 'ResidentSetSize': [1342680, 1424540], 'SubmitTimes': [1708554638.0, 1708564329.0], 'StartTimes': [1708556135.0, 1708564380.0], 'EndTimes': [1708558854.0, 1708566224.0], 'TotalUserCpuTimeHistory': [2037, 1653], 'TotalSysCpuTimeHistory': [63, 46], 'WallDurations': [9.0, 68.57190752029419, 2719.0, 9.0, 284.6755039691925, 1844.0], 'JobIds': ['61735643.0', '61737920.0'], 'State': 'finished', 'RecordedSite': True}, '12': {'Retries': 0, 'Restarts': 0, 'SiteHistory': ['Unknown', 'T2_IT_Pisa', 'T2_IT_Pisa'], 'ResidentSetSize': [1225256], 'SubmitTimes': [1708554638.0], 'StartTimes': [1708554709.0], 'EndTimes': [1708555414.0], 'TotalUserCpuTimeHistory': [505], 'TotalSysCpuTimeHistory': [25], 'WallDurations': [9.0, 288.6435110569, 705.0], 'JobIds': ['61735645.0'], 'State': 'finished', 'RecordedSite': True}, '10': {'Retries': 0, 'Restarts': 0, 'SiteHistory': ['Unknown', 'T1_IT_CNAF', 'T1_IT_CNAF'], 'ResidentSetSize': [1248000], 'SubmitTimes': [1708554638.0], 'StartTimes': [1708556135.0], 'EndTimes': [1708557086.0], 'TotalUserCpuTimeHistory': [640], 'TotalSysCpuTimeHistory': [25], 'WallDurations': [9.0, 68.57190752029419, 951.0], 'JobIds': ['61735647.0'], 'State': 'finished', 'RecordedSite': True}, '8': {'Retries': 0, 'Restarts': 0, 'SiteHistory': ['Unknown', 'T1_US_FNAL', 'T1_US_FNAL'], 'ResidentSetSize': [1412908], 'SubmitTimes': [1708554638.0], 'StartTimes': [1708557059.0], 'EndTimes': [1708557946.0], 'TotalUserCpuTimeHistory': [753], 'TotalSysCpuTimeHistory': [21], 'WallDurations': [9.0, 50.851869106292725, 887.0], 'JobIds': ['61735649.0'], 'State': 'finished', 'RecordedSite': True}, '11': {'Retries': 1, 'Restarts': 0, 'SiteHistory': ['Unknown', 'T1_US_FNAL', 'T1_US_FNAL', 'T1_US_FNAL', 'T1_US_FNAL'], 'ResidentSetSize': [1266984, 1271432], 'SubmitTimes': [1708554638.0, 1708559488.0], 'StartTimes': [1708557079.0, 1708559493.0], 'EndTimes': [1708557619.0, 1708560269.0], 'TotalUserCpuTimeHistory': [442, 652], 'TotalSysCpuTimeHistory': [15, 28], 'WallDurations': [9.0, 30.851869106292725, 540.0, 9.0, 776.0], 'JobIds': ['61735652.0', '61736506.0'], 'State': 'finished', 'RecordedSite': True}, '19': {'Retries': 1, 'Restarts': 0, 'SiteHistory': ['Unknown', 'T2_IT_Pisa', 'T2_IT_Pisa', 'T1_US_FNAL', 'T1_US_FNAL'], 'ResidentSetSize': [1218276, 1430356], 'SubmitTimes': [1708554638.0, 1708557891.0], 'StartTimes': [1708554709.0, 1708557901.0], 'EndTimes': [1708556018.0, 1708559751.0], 'TotalUserCpuTimeHistory': [999, 1624], 'TotalSysCpuTimeHistory': [32, 45], 'WallDurations': [9.0, 288.6435110569, 1309.0, 10.0, 1850.0], 'JobIds': ['61735654.0', '61736376.0'], 'State': 'finished', 'RecordedSite': True}, '13': {'Retries': 0, 'Restarts': 0, 'SiteHistory': ['Unknown', 'T2_IT_Pisa', 'T2_IT_Pisa'], 'ResidentSetSize': [1243012], 'SubmitTimes': [1708554638.0], 'StartTimes': [1708554709.0], 'EndTimes': [1708555955.0], 'TotalUserCpuTimeHistory': [951], 'TotalSysCpuTimeHistory': [47], 'WallDurations': [9.0, 288.6435110569, 1246.0], 'JobIds': ['61735656.0'], 'State': 'finished', 'RecordedSite': True}, '14': {'Retries': 1, 'Restarts': 0, 'SiteHistory': ['Unknown', 'T2_IT_Pisa', 'T2_IT_Pisa', 'T1_US_FNAL', 'T1_US_FNAL'], 'ResidentSetSize': [1249620, 1465352], 'SubmitTimes': [1708554639.0, 1708558157.0], 'StartTimes': [1708554710.0, 1708558167.0], 'EndTimes': [1708556287.0, 1708561033.0], 'TotalUserCpuTimeHistory': [1378, 2595], 'TotalSysCpuTimeHistory': [44, 67], 'WallDurations': [9.0, 287.6435110569, 1577.0, 9.0, 2866.0], 'JobIds': ['61735658.0', '61736380.0'], 'State': 'finished', 'RecordedSite': True}, '16': {'Retries': 0, 'Restarts': 0, 'SiteHistory': ['Unknown', 'T2_IT_Pisa', 'T2_IT_Pisa'], 'ResidentSetSize': [1231336], 'SubmitTimes': [1708554639.0], 'StartTimes': [1708554710.0], 'EndTimes': [1708556098.0], 'TotalUserCpuTimeHistory': [1106], 'TotalSysCpuTimeHistory': [35], 'WallDurations': [9.0, 287.6435110569, 1388.0], 'JobIds': ['61735660.0'], 'State': 'finished', 'RecordedSite': True}, '18': {'Retries': 0, 'Restarts': 0, 'SiteHistory': ['Unknown', 'T2_IT_Pisa', 'T2_IT_Pisa'], 'ResidentSetSize': [1222716], 'SubmitTimes': [1708554639.0], 'StartTimes': [1708554710.0], 'EndTimes': [1708556168.0], 'TotalUserCpuTimeHistory': [1171], 'TotalSysCpuTimeHistory': [38], 'WallDurations': [10.0, 287.6435110569, 1458.0], 'JobIds': ['61735662.0'], 'State': 'finished', 'RecordedSite': True}, '23': {'Retries': 0, 'Restarts': 0, 'SiteHistory': ['Unknown', 'T2_IT_Pisa', 'T2_IT_Pisa'], 'ResidentSetSize': [1220112], 'SubmitTimes': [1708554639.0], 'StartTimes': [1708554710.0], 'EndTimes': [1708554927.0], 'TotalUserCpuTimeHistory': [113], 'TotalSysCpuTimeHistory': [8], 'WallDurations': [217.0, 287.6435110569, 287.6435110569], 'JobIds': ['61735664.0'], 'State': 'finished', 'RecordedSite': True}, '17': {'Retries': 0, 'Restarts': 0, 'SiteHistory': ['Unknown', 'T2_IT_Pisa', 'T2_IT_Pisa'], 'ResidentSetSize': [1226064], 'SubmitTimes': [1708554639.0], 'StartTimes': [1708554711.0], 'EndTimes': [1708556138.0], 'TotalUserCpuTimeHistory': [1120], 'TotalSysCpuTimeHistory': [41], 'WallDurations': [8.0, 286.6435110569, 1427.0], 'JobIds': ['61735666.0'], 'State': 'finished', 'RecordedSite': True}, '20': {'Retries': 1, 'Restarts': 0, 'SiteHistory': ['Unknown', 'T2_IT_Pisa', 'T2_IT_Pisa', 'T1_US_FNAL', 'T1_US_FNAL'], 'ResidentSetSize': [1237704, 1437740], 'SubmitTimes': [1708554639.0, 1708557821.0], 'StartTimes': [1708554710.0, 1708557834.0], 'EndTimes': [1708555954.0, 1708559142.0], 'TotalUserCpuTimeHistory': [967, 959], 'TotalSysCpuTimeHistory': [37, 25], 'WallDurations': [9.0, 287.6435110569, 1244.0, 10.0, 1308.0], 'JobIds': ['61735668.0', '61736375.0'], 'State': 'finished', 'RecordedSite': True}, '15': {'Retries': 0, 'Restarts': 0, 'SiteHistory': ['Unknown', 'T2_IT_Pisa', 'T2_IT_Pisa'], 'ResidentSetSize': [1245392], 'SubmitTimes': [1708554639.0], 'StartTimes': [1708554711.0], 'EndTimes': [1708556950.0], 'TotalUserCpuTimeHistory': [1866], 'TotalSysCpuTimeHistory': [64], 'WallDurations': [9.0, 286.6435110569, 2239.0], 'JobIds': ['61735670.0'], 'State': 'finished', 'RecordedSite': True}, '29': {'Retries': 0, 'Restarts': 0, 'SiteHistory': ['Unknown', 'T2_DE_DESY', 'T2_DE_DESY'], 'ResidentSetSize': [1551844], 'SubmitTimes': [1708554639.0], 'StartTimes': [1708556151.0], 'EndTimes': [1708558598.0], 'TotalUserCpuTimeHistory': [2189], 'TotalSysCpuTimeHistory': [79], 'WallDurations': [8.0, 52.57190752029419, 2447.0], 'JobIds': ['61735672.0'], 'State': 'finished', 'RecordedSite': True}, '24': {'Retries': 0, 'Restarts': 0, 'SiteHistory': ['Unknown', 'T2_DE_DESY', 'T2_DE_DESY'], 'ResidentSetSize': [1306548], 'SubmitTimes': [1708554639.0], 'StartTimes': [1708556152.0], 'EndTimes': [1708556873.0], 'TotalUserCpuTimeHistory': [564], 'TotalSysCpuTimeHistory': [24], 'WallDurations': [9.0, 51.57190752029419, 721.0], 'JobIds': ['61735674.0'], 'State': 'finished', 'RecordedSite': True}, '27': {'Retries': 0, 'Restarts': 0, 'SiteHistory': ['Unknown', 'T2_DE_DESY', 'T2_DE_DESY'], 'ResidentSetSize': [1508904], 'SubmitTimes': [1708554639.0], 'StartTimes': [1708556151.0], 'EndTimes': [1708557307.0], 'TotalUserCpuTimeHistory': [1027], 'TotalSysCpuTimeHistory': [28], 'WallDurations': [9.0, 52.57190752029419, 1156.0], 'JobIds': ['61735676.0'], 'State': 'finished', 'RecordedSite': True}, '26': {'Retries': 0, 'Restarts': 0, 'SiteHistory': ['Unknown', 'T2_DE_DESY', 'T2_DE_DESY'], 'ResidentSetSize': [1465292], 'SubmitTimes': [1708554639.0], 'StartTimes': [1708556153.0], 'EndTimes': [1708557752.0], 'TotalUserCpuTimeHistory': [1423], 'TotalSysCpuTimeHistory': [53], 'WallDurations': [8.0, 50.57190752029419, 1599.0], 'JobIds': ['61735678.0'], 'State': 'finished', 'RecordedSite': True}, '31': {'Retries': 0, 'Restarts': 0, 'SiteHistory': ['Unknown', 'T2_IT_Legnaro', 'T2_IT_Legnaro'], 'ResidentSetSize': [1295676], 'SubmitTimes': [1708554639.0], 'StartTimes': [1708556153.0], 'EndTimes': [1708556812.0], 'TotalUserCpuTimeHistory': [577], 'TotalSysCpuTimeHistory': [13], 'WallDurations': [9.0, 50.57190752029419, 659.0], 'JobIds': ['61735680.0'], 'State': 'finished', 'RecordedSite': True}, '22': {'Retries': 0, 'Restarts': 0, 'SiteHistory': ['Unknown', 'T2_IT_Pisa', 'T2_IT_Pisa'], 'ResidentSetSize': [1204760], 'SubmitTimes': [1708554639.0], 'StartTimes': [1708554710.0], 'EndTimes': [1708555742.0], 'TotalUserCpuTimeHistory': [834], 'TotalSysCpuTimeHistory': [27], 'WallDurations': [10.0, 287.6435110569, 1032.0], 'JobIds': ['61735682.0'], 'State': 'finished', 'RecordedSite': True}, '28': {'Retries': 0, 'Restarts': 0, 'SiteHistory': ['Unknown', 'T2_DE_DESY', 'T2_DE_DESY'], 'ResidentSetSize': [1564832], 'SubmitTimes': [1708554639.0], 'StartTimes': [1708556152.0], 'EndTimes': [1708558091.0], 'TotalUserCpuTimeHistory': [1775], 'TotalSysCpuTimeHistory': [38], 'WallDurations': [8.0, 51.57190752029419, 1939.0], 'JobIds': ['61735684.0'], 'State': 'finished', 'RecordedSite': True}, '25': {'Retries': 0, 'Restarts': 0, 'SiteHistory': ['Unknown', 'T2_DE_DESY', 'T2_DE_DESY'], 'ResidentSetSize': [1469108], 'SubmitTimes': [1708554639.0], 'StartTimes': [1708556153.0], 'EndTimes': [1708558788.0], 'TotalUserCpuTimeHistory': [2341], 'TotalSysCpuTimeHistory': [56], 'WallDurations': [8.0, 50.57190752029419, 2635.0], 'JobIds': ['61735686.0'], 'State': 'finished', 'RecordedSite': True}, '37': {'Retries': 0, 'Restarts': 0, 'SiteHistory': ['Unknown', 'T2_IT_Bari', 'T2_IT_Bari'], 'ResidentSetSize': [1264920], 'SubmitTimes': [1708554639.0], 'StartTimes': [1708556153.0], 'EndTimes': [1708556704.0], 'TotalUserCpuTimeHistory': [405], 'TotalSysCpuTimeHistory': [16], 'WallDurations': [9.0, 50.57190752029419, 551.0], 'JobIds': ['61735688.0'], 'State': 'finished', 'RecordedSite': True}, '30': {'Retries': 0, 'Restarts': 0, 'SiteHistory': ['Unknown', 'T2_DE_DESY', 'T2_DE_DESY'], 'ResidentSetSize': [1282612], 'SubmitTimes': [1708554639.0], 'StartTimes': [1708556154.0], 'EndTimes': [1708556861.0], 'TotalUserCpuTimeHistory': [546], 'TotalSysCpuTimeHistory': [27], 'WallDurations': [9.0, 49.57190752029419, 707.0], 'JobIds': ['61735690.0'], 'State': 'finished', 'RecordedSite': True}, '32': {'Retries': 0, 'Restarts': 0, 'SiteHistory': ['Unknown', 'T2_IT_Bari', 'T2_IT_Bari'], 'ResidentSetSize': [1562168], 'SubmitTimes': [1708554639.0], 'StartTimes': [1708556155.0], 'EndTimes': [1708558765.0], 'TotalUserCpuTimeHistory': [1937], 'TotalSysCpuTimeHistory': [54], 'WallDurations': [10.0, 48.57190752029419, 2610.0], 'JobIds': ['61735692.0'], 'State': 'finished', 'RecordedSite': True}, '33': {'Retries': 0, 'Restarts': 0, 'SiteHistory': ['Unknown', 'T2_IT_Bari', 'T2_IT_Bari'], 'ResidentSetSize': [1482760], 'SubmitTimes': [1708554640.0], 'StartTimes': [1708556152.0], 'EndTimes': [1708557161.0], 'TotalUserCpuTimeHistory': [793], 'TotalSysCpuTimeHistory': [20], 'WallDurations': [9.0, 51.57190752029419, 1009.0], 'JobIds': ['61735694.0'], 'State': 'finished', 'RecordedSite': True}, '39': {'Retries': 0, 'Restarts': 0, 'SiteHistory': ['Unknown', 'T2_ES_CIEMAT', 'T2_ES_CIEMAT'], 'ResidentSetSize': [1454228], 'SubmitTimes': [1708554640.0], 'StartTimes': [1708556698.0], 'EndTimes': [1708558740.0], 'TotalUserCpuTimeHistory': [1897], 'TotalSysCpuTimeHistory': [41], 'WallDurations': [8.0, 109.84026217460632, 2042.0], 'JobIds': ['61735696.0'], 'State': 'finished', 'RecordedSite': True}, '34': {'Retries': 0, 'Restarts': 0, 'SiteHistory': ['Unknown', 'T2_IT_Bari', 'T2_IT_Bari'], 'ResidentSetSize': [1554200], 'SubmitTimes': [1708554640.0], 'StartTimes': [1708556153.0], 'EndTimes': [1708559757.0], 'TotalUserCpuTimeHistory': [3022], 'TotalSysCpuTimeHistory': [155], 'WallDurations': [9.0, 50.57190752029419, 3604.0], 'JobIds': ['61735698.0'], 'State': 'finished', 'RecordedSite': True}, '38': {'Retries': 0, 'Restarts': 0, 'SiteHistory': ['Unknown', 'T2_ES_CIEMAT', 'T2_ES_CIEMAT'], 'ResidentSetSize': [1543300], 'SubmitTimes': [1708554640.0], 'StartTimes': [1708556698.0], 'EndTimes': [1708558852.0], 'TotalUserCpuTimeHistory': [2008], 'TotalSysCpuTimeHistory': [43], 'WallDurations': [8.0, 109.84026217460632, 2154.0], 'JobIds': ['61735700.0'], 'State': 'finished', 'RecordedSite': True}, '36': {'Retries': 0, 'Restarts': 0, 'SiteHistory': ['Unknown', 'T2_IT_Bari', 'T2_IT_Bari'], 'ResidentSetSize': [1532260], 'SubmitTimes': [1708554647.0], 'StartTimes': [1708556153.0], 'EndTimes': [1708559187.0], 'TotalUserCpuTimeHistory': [2128], 'TotalSysCpuTimeHistory': [60], 'WallDurations': [8.0, 50.57190752029419, 3034.0], 'JobIds': ['61735712.0'], 'State': 'finished', 'RecordedSite': True}, '35': {'Retries': 0, 'Restarts': 0, 'SiteHistory': ['Unknown', 'T2_IT_Bari', 'T2_IT_Bari'], 'ResidentSetSize': [1459464], 'SubmitTimes': [1708554647.0], 'StartTimes': [1708556153.0], 'EndTimes': [1708559740.0], 'TotalUserCpuTimeHistory': [3045], 'TotalSysCpuTimeHistory': [119], 'WallDurations': [9.0, 50.57190752029419, 3587.0], 'JobIds': ['61735714.0'], 'State': 'finished', 'RecordedSite': True}, '40': {'Retries': 0, 'Restarts': 0, 'SiteHistory': ['Unknown', 'T2_ES_CIEMAT', 'T2_ES_CIEMAT'], 'ResidentSetSize': [1302128], 'SubmitTimes': [1708554647.0], 'StartTimes': [1708556729.0], 'EndTimes': [1708557936.0], 'TotalUserCpuTimeHistory': [1103], 'TotalSysCpuTimeHistory': [31], 'WallDurations': [8.0, 78.84026217460632, 1207.0], 'JobIds': ['61735716.0'], 'State': 'finished', 'RecordedSite': True}, '41': {'Retries': 0, 'Restarts': 0, 'SiteHistory': ['Unknown', 'T2_DE_RWTH', 'T2_DE_RWTH'], 'ResidentSetSize': [1430900], 'SubmitTimes': [1708554647.0], 'StartTimes': [1708555683.0], 'EndTimes': [1708558537.0], 'TotalUserCpuTimeHistory': [2325], 'TotalSysCpuTimeHistory': [189], 'WallDurations': [8.0, 218.8739743232727, 2854.0], 'JobIds': ['61735718.0'], 'State': 'finished', 'RecordedSite': True}, '42': {'Retries': 0, 'Restarts': 0, 'SiteHistory': ['Unknown', 'T2_KR_KISTI', 'T2_KR_KISTI'], 'ResidentSetSize': [1497052], 'SubmitTimes': [1708554647.0], 'StartTimes': [1708555690.0], 'EndTimes': [1708558855.0], 'TotalUserCpuTimeHistory': [2578], 'TotalSysCpuTimeHistory': [87], 'WallDurations': [8.0, 211.8739743232727, 3165.0], 'JobIds': ['61735720.0'], 'State': 'finished', 'RecordedSite': True}, '43': {'Retries': 1, 'Restarts': 0, 'SiteHistory': ['Unknown', 'T2_KR_KISTI', 'T2_KR_KISTI', 'Unknown', 'T1_US_FNAL', 'T1_US_FNAL'], 'ResidentSetSize': [1526624, 1586884], 'SubmitTimes': [1708554647.0, 1708564244.0], 'StartTimes': [1708555691.0, 1708564381.0], 'EndTimes': [1708558764.0, 1708566148.0], 'TotalUserCpuTimeHistory': [2543, 1552], 'TotalSysCpuTimeHistory': [87, 34], 'WallDurations': [9.0, 210.8739743232727, 3073.0, 9.0, 283.6755039691925, 1767.0], 'JobIds': ['61735722.0', '61737819.0'], 'State': 'finished', 'RecordedSite': True}, '44': {'Retries': 0, 'Restarts': 0, 'SiteHistory': ['Unknown', 'T2_KR_KISTI', 'T2_KR_KISTI'], 'ResidentSetSize': [1514884], 'SubmitTimes': [1708554647.0], 'StartTimes': [1708555692.0], 'EndTimes': [1708558843.0], 'TotalUserCpuTimeHistory': [2645], 'TotalSysCpuTimeHistory': [90], 'WallDurations': [9.0, 209.8739743232727, 3151.0], 'JobIds': ['61735724.0'], 'State': 'finished', 'RecordedSite': True}, '45': {'Retries': 0, 'Restarts': 0, 'SiteHistory': ['Unknown', 'T2_KR_KISTI', 'T2_KR_KISTI'], 'ResidentSetSize': [1429892], 'SubmitTimes': [1708554648.0], 'StartTimes': [1708555692.0], 'EndTimes': [1708557866.0], 'TotalUserCpuTimeHistory': [1834], 'TotalSysCpuTimeHistory': [79], 'WallDurations': [9.0, 209.8739743232727, 2174.0], 'JobIds': ['61735726.0'], 'State': 'finished', 'RecordedSite': True}, '46': {'Retries': 0, 'Restarts': 0, 'SiteHistory': ['Unknown', 'T2_BE_IIHE', 'T2_BE_IIHE'], 'ResidentSetSize': [1433768], 'SubmitTimes': [1708554648.0], 'StartTimes': [1708556157.0], 'EndTimes': [1708558306.0], 'TotalUserCpuTimeHistory': [1914], 'TotalSysCpuTimeHistory': [59], 'WallDurations': [8.0, 46.57190752029419, 2149.0], 'JobIds': ['61735728.0'], 'State': 'finished', 'RecordedSite': True}, '47': {'Retries': 0, 'Restarts': 0, 'SiteHistory': ['Unknown', 'T2_BE_IIHE', 'T2_BE_IIHE'], 'ResidentSetSize': [1346492], 'SubmitTimes': [1708554648.0], 'StartTimes': [1708556157.0], 'EndTimes': [1708557200.0], 'TotalUserCpuTimeHistory': [940], 'TotalSysCpuTimeHistory': [28], 'WallDurations': [9.0, 46.57190752029419, 1043.0], 'JobIds': ['61735730.0'], 'State': 'finished', 'RecordedSite': True}, '48': {'Retries': 0, 'Restarts': 0, 'SiteHistory': ['Unknown', 'T2_BE_IIHE', 'T2_BE_IIHE'], 'ResidentSetSize': [1475200], 'SubmitTimes': [1708554648.0], 'StartTimes': [1708556156.0], 'EndTimes': [1708557245.0], 'TotalUserCpuTimeHistory': [985], 'TotalSysCpuTimeHistory': [23], 'WallDurations': [9.0, 47.57190752029419, 1089.0], 'JobIds': ['61735732.0'], 'State': 'finished', 'RecordedSite': True}, '49': {'Retries': 0, 'Restarts': 0, 'SiteHistory': ['Unknown', 'T2_BE_IIHE', 'T2_BE_IIHE'], 'ResidentSetSize': [1556884], 'SubmitTimes': [1708554648.0], 'StartTimes': [1708556156.0], 'EndTimes': [1708558222.0], 'TotalUserCpuTimeHistory': [1890], 'TotalSysCpuTimeHistory': [44], 'WallDurations': [10.0, 47.57190752029419, 2066.0], 'JobIds': ['61735734.0'], 'State': 'finished', 'RecordedSite': True}, '50': {'Retries': 0, 'Restarts': 0, 'SiteHistory': ['Unknown', 'T2_BE_IIHE', 'T2_BE_IIHE'], 'ResidentSetSize': [1564324], 'SubmitTimes': [1708554648.0], 'StartTimes': [1708556156.0], 'EndTimes': [1708558529.0], 'TotalUserCpuTimeHistory': [2190], 'TotalSysCpuTimeHistory': [46], 'WallDurations': [10.0, 47.57190752029419, 2373.0], 'JobIds': ['61735736.0'], 'State': 'finished', 'RecordedSite': True}, '51': {'Retries': 0, 'Restarts': 0, 'SiteHistory': ['Unknown', 'T2_BE_IIHE', 'T2_BE_IIHE'], 'ResidentSetSize': [1566092], 'SubmitTimes': [1708554648.0], 'StartTimes': [1708556156.0], 'EndTimes': [1708558451.0], 'TotalUserCpuTimeHistory': [2113], 'TotalSysCpuTimeHistory': [49], 'WallDurations': [9.0, 47.57190752029419, 2295.0], 'JobIds': ['61735738.0'], 'State': 'finished', 'RecordedSite': True}, '52': {'Retries': 0, 'Restarts': 0, 'SiteHistory': ['Unknown', 'T2_BE_IIHE', 'T2_BE_IIHE'], 'ResidentSetSize': [1558988], 'SubmitTimes': [1708554648.0], 'StartTimes': [1708556157.0], 'EndTimes': [1708558461.0], 'TotalUserCpuTimeHistory': [2123], 'TotalSysCpuTimeHistory': [49], 'WallDurations': [9.0, 46.57190752029419, 2304.0], 'JobIds': ['61735740.0'], 'State': 'finished', 'RecordedSite': True}, '53': {'Retries': 1, 'Restarts': 0, 'SiteHistory': ['Unknown', 'T2_BE_IIHE', 'T2_BE_IIHE', 'Unknown', 'T2_KR_KISTI', 'T2_KR_KISTI'], 'ResidentSetSize': [1557060, 1398316], 'SubmitTimes': [1708554648.0, 1708560121.0], 'StartTimes': [1708556157.0, 1708560166.0], 'EndTimes': [1708558245.0, 1708562724.0], 'TotalUserCpuTimeHistory': [1920, 2032], 'TotalSysCpuTimeHistory': [42, 71], 'WallDurations': [9.0, 46.57190752029419, 2088.0, 9.0, 279.0376515388489, 2558.0], 'JobIds': ['61735742.0', '61736553.0'], 'State': 'finished', 'RecordedSite': True}, '54': {'Retries': 0, 'Restarts': 0, 'SiteHistory': ['Unknown', 'T2_BE_IIHE', 'T2_BE_IIHE'], 'ResidentSetSize': [1418200], 'SubmitTimes': [1708554648.0], 'StartTimes': [1708556157.0], 'EndTimes': [1708558320.0], 'TotalUserCpuTimeHistory': [1924], 'TotalSysCpuTimeHistory': [54], 'WallDurations': [10.0, 46.57190752029419, 2163.0], 'JobIds': ['61735744.0'], 'State': 'finished', 'RecordedSite': True}, '55': {'Retries': 0, 'Restarts': 0, 'SiteHistory': ['Unknown', 'T1_US_FNAL', 'T1_US_FNAL'], 'ResidentSetSize': [1457140], 'SubmitTimes': [1708554648.0], 'StartTimes': [1708557078.0], 'EndTimes': [1708559364.0], 'TotalUserCpuTimeHistory': [2018], 'TotalSysCpuTimeHistory': [60], 'WallDurations': [9.0, 31.851869106292725, 2286.0], 'JobIds': ['61735746.0'], 'State': 'finished', 'RecordedSite': True}, '56': {'Retries': 0, 'Restarts': 0, 'SiteHistory': ['Unknown', 'T1_US_FNAL', 'T1_US_FNAL'], 'ResidentSetSize': [1403552], 'SubmitTimes': [1708554648.0], 'StartTimes': [1708557079.0], 'EndTimes': [1708558340.0], 'TotalUserCpuTimeHistory': [892], 'TotalSysCpuTimeHistory': [24], 'WallDurations': [9.0, 30.851869106292725, 1261.0], 'JobIds': ['61735748.0'], 'State': 'finished', 'RecordedSite': True}, '57': {'Retries': 0, 'Restarts': 0, 'SiteHistory': ['Unknown', 'T1_US_FNAL', 'T1_US_FNAL'], 'ResidentSetSize': [1292732], 'SubmitTimes': [1708554648.0], 'StartTimes': [1708557089.0], 'EndTimes': [1708558129.0], 'TotalUserCpuTimeHistory': [863], 'TotalSysCpuTimeHistory': [25], 'WallDurations': [9.0, 20.851869106292725, 1040.0], 'JobIds': ['61735750.0'], 'State': 'finished', 'RecordedSite': True}, '59': {'Retries': 0, 'Restarts': 0, 'SiteHistory': ['Unknown', 'T1_US_FNAL', 'T1_US_FNAL'], 'ResidentSetSize': [1442972], 'SubmitTimes': [1708554648.0], 'StartTimes': [1708557086.0], 'EndTimes': [1708559002.0], 'TotalUserCpuTimeHistory': [1692], 'TotalSysCpuTimeHistory': [53], 'WallDurations': [9.0, 23.851869106292725, 1916.0], 'JobIds': ['61735752.0'], 'State': 'finished', 'RecordedSite': True}, '65': {'Retries': 0, 'Restarts': 0, 'SiteHistory': ['Unknown', 'T1_US_FNAL', 'T1_US_FNAL'], 'ResidentSetSize': [1558600], 'SubmitTimes': [1708554648.0], 'StartTimes': [1708557092.0], 'EndTimes': [1708560361.0], 'TotalUserCpuTimeHistory': [2899], 'TotalSysCpuTimeHistory': [90], 'WallDurations': [9.0, 17.851869106292725, 3269.0], 'JobIds': ['61735754.0'], 'State': 'finished', 'RecordedSite': True}, '60': {'Retries': 0, 'Restarts': 0, 'SiteHistory': ['Unknown', 'T1_IT_CNAF', 'T1_IT_CNAF'], 'ResidentSetSize': [75524], 'SubmitTimes': [1708554649.0], 'StartTimes': [1708557088.0], 'EndTimes': [1708557379.0], 'TotalUserCpuTimeHistory': [37], 'TotalSysCpuTimeHistory': [3], 'WallDurations': [9.0, 21.851869106292725, 291.0], 'JobIds': ['61735756.0'], 'State': 'finished', 'RecordedSite': True}, '61': {'Retries': 0, 'Restarts': 0, 'SiteHistory': ['Unknown', 'T1_US_FNAL', 'T1_US_FNAL'], 'ResidentSetSize': [1466328], 'SubmitTimes': [1708554649.0], 'StartTimes': [1708557098.0], 'EndTimes': [1708560275.0], 'TotalUserCpuTimeHistory': [2719], 'TotalSysCpuTimeHistory': [156], 'WallDurations': [10.0, 11.851869106292725, 3177.0], 'JobIds': ['61735758.0'], 'State': 'finished', 'RecordedSite': True}, '62': {'Retries': 0, 'Restarts': 0, 'SiteHistory': ['Unknown', 'T1_US_FNAL', 'T1_US_FNAL'], 'ResidentSetSize': [1567504], 'SubmitTimes': [1708554649.0], 'StartTimes': [1708557106.0], 'EndTimes': [1708560210.0], 'TotalUserCpuTimeHistory': [2823], 'TotalSysCpuTimeHistory': [67], 'WallDurations': [0, 3.8518691062927246, 3104.0], 'JobIds': ['61735760.0'], 'State': 'finished', 'RecordedSite': True}, '67': {'Retries': 0, 'Restarts': 0, 'SiteHistory': ['Unknown', 'T1_US_FNAL', 'T1_US_FNAL'], 'ResidentSetSize': [1574580], 'SubmitTimes': [1708554649.0], 'StartTimes': [1708557124.0], 'EndTimes': [1708559363.0], 'TotalUserCpuTimeHistory': [1987], 'TotalSysCpuTimeHistory': [44], 'WallDurations': [9.0, 290.4734694957733, 2239.0], 'JobIds': ['61735762.0'], 'State': 'finished', 'RecordedSite': True}, '63': {'Retries': 0, 'Restarts': 0, 'SiteHistory': ['Unknown', 'T1_US_FNAL', 'T1_US_FNAL'], 'ResidentSetSize': [1560636], 'SubmitTimes': [1708554649.0], 'StartTimes': [1708557131.0], 'EndTimes': [1708559414.0], 'TotalUserCpuTimeHistory': [1807], 'TotalSysCpuTimeHistory': [40], 'WallDurations': [9.0, 283.4734694957733, 2283.0], 'JobIds': ['61735764.0'], 'State': 'finished', 'RecordedSite': True}, '66': {'Retries': 0, 'Restarts': 0, 'SiteHistory': ['Unknown', 'T1_US_FNAL', 'T1_US_FNAL'], 'ResidentSetSize': [1466016], 'SubmitTimes': [1708554649.0], 'StartTimes': [1708557139.0], 'EndTimes': [1708561540.0], 'TotalUserCpuTimeHistory': [3035], 'TotalSysCpuTimeHistory': [111], 'WallDurations': [10.0, 275.4734694957733, 4401.0], 'JobIds': ['61735766.0'], 'State': 'finished', 'RecordedSite': True}, '64': {'Retries': 0, 'Restarts': 0, 'SiteHistory': ['Unknown', 'T1_US_FNAL', 'T1_US_FNAL'], 'ResidentSetSize': [1563744], 'SubmitTimes': [1708554649.0], 'StartTimes': [1708557138.0], 'EndTimes': [1708559009.0], 'TotalUserCpuTimeHistory': [1665], 'TotalSysCpuTimeHistory': [37], 'WallDurations': [9.0, 276.4734694957733, 1871.0], 'JobIds': ['61735768.0'], 'State': 'finished', 'RecordedSite': True}, '69': {'Retries': 0, 'Restarts': 0, 'SiteHistory': ['Unknown', 'T1_US_FNAL', 'T1_US_FNAL'], 'ResidentSetSize': [1550648], 'SubmitTimes': [1708554649.0], 'StartTimes': [1708557140.0], 'EndTimes': [1708558753.0], 'TotalUserCpuTimeHistory': [1433], 'TotalSysCpuTimeHistory': [32], 'WallDurations': [9.0, 274.4734694957733, 1613.0], 'JobIds': ['61735770.0'], 'State': 'finished', 'RecordedSite': True}, '71': {'Retries': 0, 'Restarts': 0, 'SiteHistory': ['Unknown', 'T1_US_FNAL', 'T1_US_FNAL'], 'ResidentSetSize': [1432552], 'SubmitTimes': [1708554649.0], 'StartTimes': [1708557146.0], 'EndTimes': [1708558591.0], 'TotalUserCpuTimeHistory': [1243], 'TotalSysCpuTimeHistory': [35], 'WallDurations': [9.0, 268.4734694957733, 1445.0], 'JobIds': ['61735772.0'], 'State': 'finished', 'RecordedSite': True}, '72': {'Retries': 0, 'Restarts': 0, 'SiteHistory': ['Unknown', 'T1_DE_KIT', 'T1_DE_KIT'], 'ResidentSetSize': [1530964], 'SubmitTimes': [1708554649.0], 'StartTimes': [1708557147.0], 'EndTimes': [1708558935.0], 'TotalUserCpuTimeHistory': [1620], 'TotalSysCpuTimeHistory': [55], 'WallDurations': [8.0, 267.4734694957733, 1788.0], 'JobIds': ['61735774.0'], 'State': 'finished', 'RecordedSite': True}, '70': {'Retries': 0, 'Restarts': 0, 'SiteHistory': ['Unknown', 'T1_US_FNAL', 'T1_US_FNAL'], 'ResidentSetSize': [1549628], 'SubmitTimes': [1708554649.0], 'StartTimes': [1708557152.0], 'EndTimes': [1708559563.0], 'TotalUserCpuTimeHistory': [1776], 'TotalSysCpuTimeHistory': [40], 'WallDurations': [9.0, 262.4734694957733, 2411.0], 'JobIds': ['61735776.0'], 'State': 'finished', 'RecordedSite': True}, '68': {'Retries': 0, 'Restarts': 0, 'SiteHistory': ['Unknown', 'T1_US_FNAL', 'T1_US_FNAL'], 'ResidentSetSize': [1557756], 'SubmitTimes': [1708554649.0], 'StartTimes': [1708557152.0], 'EndTimes': [1708560289.0], 'TotalUserCpuTimeHistory': [2827], 'TotalSysCpuTimeHistory': [67], 'WallDurations': [10.0, 262.4734694957733, 3137.0], 'JobIds': ['61735778.0'], 'State': 'finished', 'RecordedSite': True}, '73': {'Retries': 0, 'Restarts': 0, 'SiteHistory': ['Unknown', 'T1_US_FNAL', 'T1_US_FNAL'], 'ResidentSetSize': [1446180], 'SubmitTimes': [1708554649.0], 'StartTimes': [1708557152.0], 'EndTimes': [1708558539.0], 'TotalUserCpuTimeHistory': [1240], 'TotalSysCpuTimeHistory': [29], 'WallDurations': [9.0, 262.4734694957733, 1387.0], 'JobIds': ['61735780.0'], 'State': 'finished', 'RecordedSite': True}, '75': {'Retries': 0, 'Restarts': 0, 'SiteHistory': ['Unknown', 'T1_US_FNAL', 'T1_US_FNAL'], 'ResidentSetSize': [1425308], 'SubmitTimes': [1708554649.0], 'StartTimes': [1708557164.0], 'EndTimes': [1708558770.0], 'TotalUserCpuTimeHistory': [1198], 'TotalSysCpuTimeHistory': [31], 'WallDurations': [8.0, 250.47346949577332, 1606.0], 'JobIds': ['61735782.0'], 'State': 'finished', 'RecordedSite': True}, '77': {'Retries': 1, 'Restarts': 0, 'SiteHistory': ['Unknown', 'T1_US_FNAL', 'T1_US_FNAL', 'Unknown', 'T1_US_FNAL', 'T1_US_FNAL'], 'ResidentSetSize': [1309596, 1477228], 'SubmitTimes': [1708554649.0, 1708566934.0], 'StartTimes': [1708557178.0, 1708567144.0], 'EndTimes': [1708563262.0, 1708570660.0], 'TotalUserCpuTimeHistory': [4829, 2293], 'TotalSysCpuTimeHistory': [437, 69], 'WallDurations': [11.0, 236.47346949577332, 6084.0, 11.0, 230.67874264717102, 3516.0], 'JobIds': ['61735784.0', '61738663.0'], 'State': 'finished', 'RecordedSite': True}, '78': {'Retries': 0, 'Restarts': 0, 'SiteHistory': ['Unknown', 'T1_US_FNAL', 'T1_US_FNAL'], 'ResidentSetSize': [1266972], 'SubmitTimes': [1708554649.0], 'StartTimes': [1708557164.0], 'EndTimes': [1708557747.0], 'TotalUserCpuTimeHistory': [362], 'TotalSysCpuTimeHistory': [10], 'WallDurations': [9.0, 250.47346949577332, 583.0], 'JobIds': ['61735786.0'], 'State': 'finished', 'RecordedSite': True}, '74': {'Retries': 0, 'Restarts': 0, 'SiteHistory': ['Unknown', 'T1_US_FNAL', 'T1_US_FNAL'], 'ResidentSetSize': [1489484], 'SubmitTimes': [1708554649.0], 'StartTimes': [1708557161.0], 'EndTimes': [1708560363.0], 'TotalUserCpuTimeHistory': [2728], 'TotalSysCpuTimeHistory': [141], 'WallDurations': [10.0, 253.47346949577332, 3202.0], 'JobIds': ['61735788.0'], 'State': 'finished', 'RecordedSite': True}, '76': {'Retries': 0, 'Restarts': 0, 'SiteHistory': ['Unknown', 'T1_US_FNAL', 'T1_US_FNAL'], 'ResidentSetSize': [1475412], 'SubmitTimes': [1708554649.0], 'StartTimes': [1708557163.0], 'EndTimes': [1708558802.0], 'TotalUserCpuTimeHistory': [1122], 'TotalSysCpuTimeHistory': [30], 'WallDurations': [9.0, 251.47346949577332, 1639.0], 'JobIds': ['61735790.0'], 'State': 'finished', 'RecordedSite': True}, '21': {'Retries': 1, 'Restarts': 0, 'SiteHistory': ['Unknown', 'T2_IT_Pisa', 'T2_IT_Pisa', 'T1_US_FNAL', 'T1_US_FNAL'], 'ResidentSetSize': [1239092, 1399320], 'SubmitTimes': [1708554649.0, 1708557771.0], 'StartTimes': [1708554709.0, 1708557796.0], 'EndTimes': [1708555894.0, 1708559078.0], 'TotalUserCpuTimeHistory': [923, 897], 'TotalSysCpuTimeHistory': [37, 24], 'WallDurations': [9.0, 288.6435110569, 1185.0, 9.0, 1282.0], 'JobIds': ['61735792.0', '61736374.0'], 'State': 'finished', 'RecordedSite': True}, '58': {'Retries': 0, 'Restarts': 0, 'SiteHistory': ['Unknown', 'T1_US_FNAL', 'T1_US_FNAL'], 'ResidentSetSize': [1488308], 'SubmitTimes': [1708554649.0], 'StartTimes': [1708557160.0], 'EndTimes': [1708558616.0], 'TotalUserCpuTimeHistory': [1180], 'TotalSysCpuTimeHistory': [34], 'WallDurations': [10.0, 254.47346949577332, 1456.0], 'JobIds': ['61735794.0'], 'State': 'finished', 'RecordedSite': True}}
INFO 2024-02-22 18:05:50.153 UTC: 	 Status on the scheduler:	COMPLETED
INFO 2024-02-22 18:05:50.153 UTC: 	 
Jobs status:                    finished     		100.0% (78/78)
DEBUG 2024-02-22 18:05:50.154 UTC: 	 Encoded data for curl request: subresource=publicationstatus&workflow=240221_222912%3Ambuonsan_crab_SkimB4Mu_2023eraC-v2_stream7_Mini&username=mbuonsan
INFO 2024-02-22 18:05:50.390 UTC: 	 
Output dataset:			/FakeDataset/fakefile-FakePublish-64862b4d8b17813d6aa943ade23bf72c/USER
INFO 2024-02-22 18:05:50.391 UTC: 	 
No publication information available yet
INFO 2024-02-22 18:05:50.393 UTC: 	 
Warning: the max jobs runtime is less than 30% of the task requested value (1250 min), please consider to request a lower value for failed jobs (allowed through crab resubmit) and/or improve the jobs splitting (e.g. config.Data.splitting = 'Automatic') in a new task.
INFO 2024-02-22 18:05:50.393 UTC: 	 
Summary of run jobs:
 * Memory: 73MB min, 1549MB max, 1376MB ave
 * Runtime: 0:02:46 min, 1:13:21 max, 0:31:01 ave
 * CPU eff: 14% min, 95% max, 86% ave
 * Waste: 9:15:44 (19% of total)

DEBUG 2024-02-22 18:05:50.394 UTC: 	 Requesting resubmission of failed jobs in task 240221_222912:mbuonsan_crab_SkimB4Mu_2023eraC-v2_stream7_Mini
ERROR 2024-02-22 18:05:50.394 UTC: 	 Found no jobs to resubmit. Only jobs in status failed can be resubmitted. Jobs in status finished can also be resubmitted, but only if the jobids are specified and the force option is set.
ERROR 2024-02-22 18:05:50.394 UTC: 	 Caught ClientException exception
Traceback (most recent call last):
  File "/cvmfs/cms.cern.ch/share/cms/crab-prod/v3.240110.01/bin/crab.py", line 152, in <module>
    client()
  File "/cvmfs/cms.cern.ch/share/cms/crab-prod/v3.240110.01/bin/crab.py", line 137, in __call__
    returnDict = self.cmd()
  File "/cvmfs/cms.cern.ch/share/cms/crab-prod/v3.240110.01/lib/CRABClient/Commands/resubmit.py", line 65, in __call__
    self.jobids = self.processJobIds(jobList)
  File "/cvmfs/cms.cern.ch/share/cms/crab-prod/v3.240110.01/lib/CRABClient/Commands/resubmit.py", line 171, in processJobIds
    raise ConfigurationException(msg)
CRABClient.ClientExceptions.ConfigurationException: Found no jobs to resubmit. Only jobs in status failed can be resubmitted. Jobs in status finished can also be resubmitted, but only if the jobids are specified and the force option is set.
