DEBUG 2024-02-21 22:30:17.709 UTC: 	 CRAB Client version: v3.240110
DEBUG 2024-02-21 22:30:17.709 UTC: 	 Running on: Linux ui02.recas.ba.infn.it 3.10.0-1160.80.1.el7.x86_64 #1 SMP Tue Nov 8 15:48:59 UTC 2022 x86_64 x86_64 x86_64 GNU/Linux - CentOS Linux 7 (Core)
DEBUG 2024-02-21 22:30:17.709 UTC: 	 Executing command: 'submit'
DEBUG 2024-02-21 22:30:17.709 UTC: 	 Found CRAB cache file /lustrehome/mbuonsante/.crab3
INFO 2024-02-21 22:30:17.710 UTC: 	 Will use CRAB configuration file CRAB_stream_2.py
DEBUG 2024-02-21 22:30:17.710 UTC: 	 Loading CRAB configuration file.
DEBUG 2024-02-21 22:30:17.713 UTC: 	 Will use CRAB plugin ANALYSIS (i.e. will run an analysis job type).
DEBUG 2024-02-21 22:30:17.715 UTC: 	 Checking credentials
DEBUG 2024-02-21 22:30:17.715 UTC: 	 Found proxy file /tmp/x509up_u881331
DEBUG 2024-02-21 22:30:17.715 UTC: 	 Making sure it has proper VOMS extension
DEBUG 2024-02-21 22:30:17.715 UTC: 	 Executing command :
 voms-proxy-info --vo --file /tmp/x509up_u881331
DEBUG 2024-02-21 22:30:19.282 UTC: 	 output : cms

 error: 
 retcode : 0
DEBUG 2024-02-21 22:30:19.282 UTC: 	 Getting proxy life time left
DEBUG 2024-02-21 22:30:19.282 UTC: 	 Executing command :
 voms-proxy-info --actimeleft --timeleft --file /tmp/x509up_u881331
DEBUG 2024-02-21 22:30:20.652 UTC: 	 output : 479397
479396

 error: 
 retcode : 0
DEBUG 2024-02-21 22:30:20.652 UTC: 	 Proxy valid for 133:09:56 hours
DEBUG 2024-02-21 22:30:20.653 UTC: 	 Encoded data for curl request: subresource=delegatedn
DEBUG 2024-02-21 22:30:20.870 UTC: 	 Registering user credentials on myproxy for /DC=ch/DC=cern/OU=computers/CN=crab-(preprod|prod|dev)-tw(01|02|03).cern.ch|/DC=ch/DC=cern/OU=computers/CN=stefanov(m|m2).cern.ch|/DC=ch/DC=cern/OU=computers/CN=dciangot-tw.cern.ch
DEBUG 2024-02-21 22:30:20.870 UTC: 	 Executing command :
 voms-proxy-info --identity --file /tmp/x509up_u881331
DEBUG 2024-02-21 22:30:22.394 UTC: 	 output : /DC=ch/DC=cern/OU=Organic Units/OU=Users/CN=mbuonsan/CN=866052/CN=Marco Buonsante

 error: 
 retcode : 0
DEBUG 2024-02-21 22:30:22.395 UTC: 	 Getting myproxy life time left for db438794163ae221c16ac5cdc1e476b2bc2ff634
DEBUG 2024-02-21 22:30:22.396 UTC: 	 Executing command :
 myproxy-info -s myproxy.cern.ch -l db438794163ae221c16ac5cdc1e476b2bc2ff634
DEBUG 2024-02-21 22:30:22.819 UTC: 	 output : username: db438794163ae221c16ac5cdc1e476b2bc2ff634
owner: /DC=ch/DC=cern/OU=Organic Units/OU=Users/CN=mbuonsan/CN=866052/CN=Marco Buonsante
  renewal policy: /DC=ch/DC=cern/OU=computers/CN=crab-(preprod|prod|dev)-tw(01|02|03).cern.ch|/DC=ch/DC=cern/OU=computers/CN=stefanov(m|m2).cern.ch|/DC=ch/DC=cern/OU=computers/CN=dciangot-tw.cern.ch
  trusted retrieval policy: /DC=ch/DC=cern/OU=computers/CN=crab-(preprod|prod|dev)-tw(01|02|03).cern.ch|/DC=ch/DC=cern/OU=computers/CN=stefanov(m|m2).cern.ch|/DC=ch/DC=cern/OU=computers/CN=dciangot-tw.cern.ch
  timeleft: 493:11:05  (20.5 days)

 error: 
 retcode : 0
DEBUG 2024-02-21 22:30:22.820 UTC: 	 Myproxy is valid: 1775460
DEBUG 2024-02-21 22:30:22.820 UTC: 	 Result of myproxy credential check:
  Credential exists on myproxy: username: db438794163ae221c16ac5cdc1e476b2bc2ff634  - validity: 20 days, 13:11:00
DEBUG 2024-02-21 22:30:22.820 UTC: 	 Command use: submit
DEBUG 2024-02-21 22:30:22.820 UTC: 	 Options use: ['-c', 'CRAB_stream_2.py']
DEBUG 2024-02-21 22:30:22.820 UTC: 	 Encoded data for curl request: subresource=version
DEBUG 2024-02-21 22:30:22.996 UTC: 	 CRABClient version: v3.240110
DEBUG 2024-02-21 22:30:22.996 UTC: 	 Instance is prod
DEBUG 2024-02-21 22:30:22.996 UTC: 	 Server base url is cmsweb.cern.ch
DEBUG 2024-02-21 22:30:22.996 UTC: 	 Command api workflow
DEBUG 2024-02-21 22:30:22.996 UTC: 	 Started submission
DEBUG 2024-02-21 22:30:22.996 UTC: 	 Working on /lustrehome/mbuonsante/B_4mu/CMSSW_13_0_13/src/B4muNtuplizer/CrabSubmission/2023_eraC-v3/crab_projects/crab_SkimB4Mu_2023eraC-v3_stream2_Mini
DEBUG 2024-02-21 22:30:22.996 UTC: 	 Encoded data for curl request: subresource=backendurls
DEBUG 2024-02-21 22:30:23.264 UTC: 	 Loading required information from the environment
DEBUG 2024-02-21 22:30:23.264 UTC: 	 Found CMSSW_13_0_13 for slc7_amd64_gcc11 with base /lustrehome/mbuonsante/B_4mu/CMSSW_13_0_13
DEBUG 2024-02-21 22:30:23.264 UTC: 	 Loading required information from the environment
DEBUG 2024-02-21 22:30:23.264 UTC: 	 Found CMSSW_13_0_13 for slc7_amd64_gcc11 with base /lustrehome/mbuonsante/B_4mu/CMSSW_13_0_13
DEBUG 2024-02-21 22:30:23.264 UTC: 	 UNIQUE NAME: tarUUID d0b89cfd-7ed4-4c85-b95e-4e214b84685b 
DEBUG 2024-02-21 22:30:23.264 UTC: 	 self.config: from WMCore.Configuration import Configuration
config = Configuration()
config.section_('General')
config.General.requestName = 'SkimB4Mu_2023eraC-v3_stream2_Mini'
config.General.transferOutputs = True
config.General.transferLogs = False
config.General.workArea = 'crab_projects'
config.section_('JobType')
config.JobType.allowUndistributedCMSSW = True
config.JobType.psetName = '/lustrehome/mbuonsante/B_4mu/CMSSW_13_0_13/src/B4muNtuplizer/CrabSubmission/2023_eraC-v3/PatAndTree_cfg.py'
config.JobType.pluginName = 'Analysis'
config.section_('Data')
config.Data.unitsPerJob = 50
config.Data.allowNonValidInputDataset = True
config.Data.splitting = 'LumiBased'
config.Data.outputDatasetTag = 'SkimB4Mu_2023eraC-v3_stream2_Mini'
config.Data.inputDBS = 'global'
config.Data.inputDataset = '/ParkingDoubleMuonLowMass2/Run2023C-22Sep2023_v3-v1/MINIAOD'
config.Data.lumiMask = 'https://cms-service-dqmdc.web.cern.ch/CAF/certification/Collisions23/Cert_Collisions2023_eraC_367095_368823_Golden.json'
config.section_('Site')
config.Site.storageSite = 'T2_IT_Bari'
config.Site.ignoreGlobalBlacklist = True
config.section_('User')
config.section_('Debug')

DEBUG 2024-02-21 22:30:23.264 UTC: 	 self.config.JobType.psetName: /lustrehome/mbuonsante/B_4mu/CMSSW_13_0_13/src/B4muNtuplizer/CrabSubmission/2023_eraC-v3/PatAndTree_cfg.py
INFO 2024-02-21 22:30:23.265 UTC: 	 Importing CMSSW configuration /lustrehome/mbuonsante/B_4mu/CMSSW_13_0_13/src/B4muNtuplizer/CrabSubmission/2023_eraC-v3/PatAndTree_cfg.py
INFO 2024-02-21 22:30:24.967 UTC: 	 Finished importing CMSSW configuration /lustrehome/mbuonsante/B_4mu/CMSSW_13_0_13/src/B4muNtuplizer/CrabSubmission/2023_eraC-v3/PatAndTree_cfg.py
DEBUG 2024-02-21 22:30:24.967 UTC: 	 Writing CMSSW configuration to /lustrehome/mbuonsante/B_4mu/CMSSW_13_0_13/src/B4muNtuplizer/CrabSubmission/2023_eraC-v3/crab_projects/crab_SkimB4Mu_2023eraC-v3_stream2_Mini/inputs/PSet.py
DEBUG 2024-02-21 22:30:25.064 UTC: 	 The following EDM output files will be collected: []
DEBUG 2024-02-21 22:30:25.064 UTC: 	 The following TFile output files will be collected: ['TreeData.root']
DEBUG 2024-02-21 22:30:25.064 UTC: 	 The following user output files (not listed as PoolOuputModule or TFileService in the CMSSW PSet) will be collected: 
DEBUG 2024-02-21 22:30:25.064 UTC: 	 Loading required information from the environment
DEBUG 2024-02-21 22:30:25.064 UTC: 	 Found CMSSW_13_0_13 for slc7_amd64_gcc11 with base /lustrehome/mbuonsante/B_4mu/CMSSW_13_0_13
DEBUG 2024-02-21 22:30:25.064 UTC: 	 Making tarball in /lustrehome/mbuonsante/B_4mu/CMSSW_13_0_13/src/B4muNtuplizer/CrabSubmission/2023_eraC-v3/crab_projects/crab_SkimB4Mu_2023eraC-v3_stream2_Mini/inputs/d0b89cfd-7ed4-4c85-b95e-4e214b84685bdefault.tgz
DEBUG 2024-02-21 22:30:25.065 UTC: 	 Checking directory /lustrehome/mbuonsante/B_4mu/CMSSW_13_0_13/bin
DEBUG 2024-02-21 22:30:25.065 UTC: 	 Adding directory /lustrehome/mbuonsante/B_4mu/CMSSW_13_0_13/bin to tarball
DEBUG 2024-02-21 22:30:25.066 UTC: 	 Checking directory /lustrehome/mbuonsante/B_4mu/CMSSW_13_0_13/python
DEBUG 2024-02-21 22:30:25.066 UTC: 	 Adding directory /lustrehome/mbuonsante/B_4mu/CMSSW_13_0_13/python to tarball
DEBUG 2024-02-21 22:30:25.114 UTC: 	 Checking directory /lustrehome/mbuonsante/B_4mu/CMSSW_13_0_13/cfipython
DEBUG 2024-02-21 22:30:25.114 UTC: 	 Adding directory /lustrehome/mbuonsante/B_4mu/CMSSW_13_0_13/cfipython to tarball
DEBUG 2024-02-21 22:30:25.121 UTC: 	 Checking directory /lustrehome/mbuonsante/B_4mu/CMSSW_13_0_13/lib
DEBUG 2024-02-21 22:30:25.121 UTC: 	 Adding directory /lustrehome/mbuonsante/B_4mu/CMSSW_13_0_13/lib to tarball
DEBUG 2024-02-21 22:30:25.536 UTC: 	 Checking directory /lustrehome/mbuonsante/B_4mu/CMSSW_13_0_13/biglib
DEBUG 2024-02-21 22:30:25.536 UTC: 	 Adding directory /lustrehome/mbuonsante/B_4mu/CMSSW_13_0_13/biglib to tarball
DEBUG 2024-02-21 22:30:25.537 UTC: 	 Checking directory /lustrehome/mbuonsante/B_4mu/CMSSW_13_0_13/module
DEBUG 2024-02-21 22:30:25.538 UTC: 	 Checking directory /lustrehome/mbuonsante/B_4mu/CMSSW_13_0_13/config/SCRAM/hooks
DEBUG 2024-02-21 22:30:25.538 UTC: 	 Adding directory /lustrehome/mbuonsante/B_4mu/CMSSW_13_0_13/config/SCRAM/hooks to tarball
DEBUG 2024-02-21 22:30:25.558 UTC: 	 Adding directory /lustrehome/mbuonsante/B_4mu/CMSSW_13_0_13/src/B4muNtuplizer/SkimTools/python to tarball
DEBUG 2024-02-21 22:30:25.568 UTC: 	 Adding directory /lustrehome/mbuonsante/B_4mu/CMSSW_13_0_13/src/CommonTools/CandAlgos/interface to tarball
DEBUG 2024-02-21 22:30:25.573 UTC: 	 Adding directory /lustrehome/mbuonsante/B_4mu/CMSSW_13_0_13/src/CommonTools/CandAlgos/python to tarball
DEBUG 2024-02-21 22:30:25.717 UTC: 	 Uploading archive /lustrehome/mbuonsante/B_4mu/CMSSW_13_0_13/src/B4muNtuplizer/CrabSubmission/2023_eraC-v3/crab_projects/crab_SkimB4Mu_2023eraC-v3_stream2_Mini/inputs/d0b89cfd-7ed4-4c85-b95e-4e214b84685bdefault.tgz (0.643555.1 MB) to the CRAB cache. Using URI https://cmsweb.cern.ch/S3/crabcache_prod
DEBUG 2024-02-21 22:30:26.119 UTC: 	 Encoded data for curl request: subresource=upload&objecttype=sandbox&tarballname=c21f585968b676319b78458a8dfff0d78967d784c1d5d78343c5cdc38d3be0e5.tar.gz
DEBUG 2024-02-21 22:30:26.329 UTC: 	 sandbox c21f585968b676319b78458a8dfff0d78967d784c1d5d78343c5cdc38d3be0e5.tar.gz is already in the S3 store, will not upload again
DEBUG 2024-02-21 22:30:26.329 UTC: 	 Loading required information from the environment
DEBUG 2024-02-21 22:30:26.329 UTC: 	 Found CMSSW_13_0_13 for slc7_amd64_gcc11 with base /lustrehome/mbuonsante/B_4mu/CMSSW_13_0_13
DEBUG 2024-02-21 22:30:26.329 UTC: 	 Making tarball in /lustrehome/mbuonsante/B_4mu/CMSSW_13_0_13/src/B4muNtuplizer/CrabSubmission/2023_eraC-v3/crab_projects/crab_SkimB4Mu_2023eraC-v3_stream2_Mini/inputs/debugFiles.tgz
DEBUG 2024-02-21 22:30:26.333 UTC: 	 Uploading archive /lustrehome/mbuonsante/B_4mu/CMSSW_13_0_13/src/B4muNtuplizer/CrabSubmission/2023_eraC-v3/crab_projects/crab_SkimB4Mu_2023eraC-v3_stream2_Mini/inputs/debugFiles.tgz (2 KB) to the CRAB cache. Using URI https://cmsweb.cern.ch/S3/crabcache_prod
DEBUG 2024-02-21 22:30:26.336 UTC: 	 Encoded data for curl request: subresource=upload&objecttype=sandbox&tarballname=d27bc474b22ce83c5be7bd62b126a63ff7bdc8102a76b7acf95d9f70d689c79d.tar.gz
DEBUG 2024-02-21 22:30:26.529 UTC: 	 Will execute:
curl -f -v -X POST  -H "User-Agent: CRAB" -F "key=mbuonsan/sandboxes/d27bc474b22ce83c5be7bd62b126a63ff7bdc8102a76b7acf95d9f70d689c79d.tar.gz" -F "AWSAccessKeyId=ab00fcc889f248c495d2875f15a3badb" -F "policy=eyJleHBpcmF0aW9uIjogIjIwMjQtMDItMjFUMjM6MzA6MjZaIiwgImNvbmRpdGlvbnMiOiBbeyJidWNrZXQiOiAiY3JhYmNhY2hlX3Byb2QifSwgeyJrZXkiOiAibWJ1b25zYW4vc2FuZGJveGVzL2QyN2JjNDc0YjIyY2U4M2M1YmU3YmQ2MmIxMjZhNjNmZjdiZGM4MTAyYTc2YjdhY2Y5NWQ5ZjcwZDY4OWM3OWQudGFyLmd6In1dfQ==" -F "signature=TADMsVxgIsMKvBmucGu5ABcOg50=" -F "file=@/lustrehome/mbuonsante/B_4mu/CMSSW_13_0_13/src/B4muNtuplizer/CrabSubmission/2023_eraC-v3/crab_projects/crab_SkimB4Mu_2023eraC-v3_stream2_Mini/inputs/debugFiles.tgz" "https://s3.cern.ch/crabcache_prod"
DEBUG 2024-02-21 22:30:26.682 UTC: 	 exitcode: 0
stdout: b''
DEBUG 2024-02-21 22:30:26.682 UTC: 	 sandbox /lustrehome/mbuonsante/B_4mu/CMSSW_13_0_13/src/B4muNtuplizer/CrabSubmission/2023_eraC-v3/crab_projects/crab_SkimB4Mu_2023eraC-v3_stream2_Mini/inputs/debugFiles.tgz successully uploaded to S3
DEBUG 2024-02-21 22:30:26.682 UTC: 	 Result uploading input files: c21f585968b676319b78458a8dfff0d78967d784c1d5d78343c5cdc38d3be0e5.tar.gz 
DEBUG 2024-02-21 22:30:26.683 UTC: 	 Attaching lumi mask https://cms-service-dqmdc.web.cern.ch/CAF/certification/Collisions23/Cert_Collisions2023_eraC_367095_368823_Golden.json to the request
DEBUG 2024-02-21 22:30:26.683 UTC: 	 Downloading lumi-mask from https://cms-service-dqmdc.web.cern.ch/CAF/certification/Collisions23/Cert_Collisions2023_eraC_367095_368823_Golden.json
WARNING 2024-02-21 22:30:26.885 UTC: 	 Warning: The following output files will not be published, as they are not EDM files: ['TreeData.root']
DEBUG 2024-02-21 22:30:26.885 UTC: 	 submit() - self.configuration from WMCore.Configuration import Configuration
config = Configuration()
config.section_('General')
config.General.requestName = 'SkimB4Mu_2023eraC-v3_stream2_Mini'
config.General.transferOutputs = True
config.General.transferLogs = False
config.General.workArea = 'crab_projects'
config.section_('JobType')
config.JobType.allowUndistributedCMSSW = True
config.JobType.psetName = '/lustrehome/mbuonsante/B_4mu/CMSSW_13_0_13/src/B4muNtuplizer/CrabSubmission/2023_eraC-v3/PatAndTree_cfg.py'
config.JobType.pluginName = 'Analysis'
config.section_('Data')
config.Data.unitsPerJob = 50
config.Data.allowNonValidInputDataset = True
config.Data.splitting = 'LumiBased'
config.Data.outputDatasetTag = 'SkimB4Mu_2023eraC-v3_stream2_Mini'
config.Data.inputDBS = 'global'
config.Data.inputDataset = '/ParkingDoubleMuonLowMass2/Run2023C-22Sep2023_v3-v1/MINIAOD'
config.Data.lumiMask = 'https://cms-service-dqmdc.web.cern.ch/CAF/certification/Collisions23/Cert_Collisions2023_eraC_367095_368823_Golden.json'
config.section_('Site')
config.Site.storageSite = 'T2_IT_Bari'
config.Site.ignoreGlobalBlacklist = True
config.section_('User')
config.section_('Debug')

DEBUG 2024-02-21 22:30:26.885 UTC: 	 submit() - self.configreq {'dryrun': 0, 'workflow': 'crab_SkimB4Mu_2023eraC-v3_stream2_Mini', 'saveoutput': 1, 'savelogsflag': 0, 'inputdata': '/ParkingDoubleMuonLowMass2/Run2023C-22Sep2023_v3-v1/MINIAOD', 'primarydataset': '', 'nonvaliddata': 1, 'userfiles': [], 'dbsurl': 'https://cmsweb.cern.ch/dbs/prod/global/DBSReader', 'useparent': 0, 'ignorelocality': 0, 'splitalgo': 'LumiBased', 'algoargs': 50, 'totalunits': 0, 'publication': 1, 'publishdbsurl': 'https://cmsweb.cern.ch/dbs/prod/phys03/DBSWriter', 'publishname2': 'SkimB4Mu_2023eraC-v3_stream2_Mini', 'jobtype': 'Analysis', 'generator': 'pythia', 'addoutputfiles': [], 'maxjobruntime': 1250, 'numcores': 1, 'maxmemory': 2000, 'priority': 10, 'nonprodsw': 1, 'asyncdest': 'T2_IT_Bari', 'requireaccelerator': 0, 'oneEventMode': 0, 'extrajdl': [], 'ignoreglobalblacklist': 1, 'partialdataset': 0, 'inputblocks': []}
DEBUG 2024-02-21 22:30:26.885 UTC: 	 submit() - jobconfig {'addoutputfiles': [], 'tfileoutfiles': ['TreeData.root'], 'edmoutfiles': [], 'jobarch': 'slc7_amd64_gcc11', 'jobsw': 'CMSSW_13_0_13', 'inputdata': '/ParkingDoubleMuonLowMass2/Run2023C-22Sep2023_v3-v1/MINIAOD', 'cacheurl': 'https://cmsweb.cern.ch/S3/crabcache_prod', 'cachefilename': 'c21f585968b676319b78458a8dfff0d78967d784c1d5d78343c5cdc38d3be0e5.tar.gz', 'debugfilename': 'd27bc474b22ce83c5be7bd62b126a63ff7bdc8102a76b7acf95d9f70d689c79d.tar.gz', 'runs': ['367095', '367100', '367102', '367103', '367104', '367111', '367112', '367127', '367128', '367129', '367130', '367131', '367133', '367228', '367229', '367230', '367231', '367232', '367234', '367260', '367262', '367263', '367264', '367267', '367269', '367270', '367271', '367312', '367314', '367315', '367334', '367336', '367337', '367355', '367406', '367413', '367415', '367416', '367475', '367477', '367515', '367516', '367552', '367553', '367554', '367615', '367618', '367619', '367661', '367662', '367663', '367665', '367666', '367691', '367696', '367699', '367730', '367742', '367758', '367770', '367771', '367772', '367790', '367831', '367836', '367838', '367840', '367881', '367883', '367884', '367902', '367904', '367905', '367906', '367907', '367908', '367910', '368223', '368224', '368229', '368318', '368320', '368321', '368332', '368333', '368343', '368382', '368384', '368388', '368389', '368400', '368410', '368412', '368423', '368451', '368453', '368454', '368489', '368546', '368547', '368548', '368566', '368567', '368609', '368611', '368613', '368636', '368669', '368670', '368672', '368674', '368675', '368676', '368678', '368684', '368685', '368723', '368724', '368746', '368749', '368753', '368762', '368764', '368765', '368822', '368823'], 'lumis': ['1,564', '45,390', '1,75', '1,64', '1,1082', '51,338', '1,1438', '18,350', '1,2,6,6,11,12,14,15', '1,3', '1,2,6,9,13,126,135,167', '1,149', '1,275', '55,280,285,287,292,294,298,304', '1,34', '1,1', '1,22', '1,996', '1,501', '52,69,72,240', '1,42,49,119,123,271', '10,21', '1,847', '45,322', '1,33', '1,961', '1,135', '53,225,227,269', '1,20', '1,893', '26,324', '1,169', '1,1046', '60,63', '48,476', '68,448,450,467,469,746,748,750,752,898,900,1340,1342,1367', '1,97', '1,55', '56,634', '1,1289', '44,668', '1,1236', '49,59', '1,644', '1,312', '53,484', '18,341', '1,300,302,501,503,579', '50,366', '1,18', '1,1', '1,271', '1,11,16,86', '46,204', '1,856,858,1920', '1,151', '48,562', '39,443', '52,767', '47,198', '1,91', '1,6', '1,160', '53,504', '48,588', '1,793', '1,570', '14,152', '1,1050', '1,1011', '42,273', '1,103', '1,48', '1,344', '1,119', '1,358', '1,593', '45,437,445,487', '1,57', '52,569', '37,319', '1,285', '1,337', '1,14', '1,25', '1,328', '37,792', '1,44', '39,444,448,1431,1434,1472', '1,198', '40,271', '49,1501', '1,92', '42,159,161,516', '1,144', '1,5', '1,68,72,1168', '47,791,793,827,829,863,865,899,901,935,937,971,973,1007,1009,1043,1045,1079,1081,1280,1282,1380,1382,1581,1583,1595', '1,659', '1,194,197,702', '1,75,77,86,89,90,93,280,282,1044', '1,1195', '1,31,33,411,414,436', '41,1039', '1,247,249,382', '1,260', '51,819', '42,410', '1,255,306,308', '1,866', '1,12', '1,50', '1,156', '1,171', '40,135', '1,1481', '63,63,97,188', '1,1200', '39,77', '1,169', '1,976', '45,238', '1,1', '1,1386', '45,330,332,908,910,991', '3,35'], 'jobtype': 'Analysis'}
INFO 2024-02-21 22:30:26.885 UTC: 	 Sending the request to the server at cmsweb.cern.ch
DEBUG 2024-02-21 22:30:26.886 UTC: 	 Submitting {'dryrun': 0, 'workflow': 'crab_SkimB4Mu_2023eraC-v3_stream2_Mini', 'saveoutput': 1, 'savelogsflag': 0, 'inputdata': '/ParkingDoubleMuonLowMass2/Run2023C-22Sep2023_v3-v1/MINIAOD', 'primarydataset': '', 'nonvaliddata': 1, 'userfiles': [], 'dbsurl': 'https://cmsweb.cern.ch/dbs/prod/global/DBSReader', 'useparent': 0, 'ignorelocality': 0, 'splitalgo': 'LumiBased', 'algoargs': 50, 'totalunits': 0, 'publication': 1, 'publishdbsurl': 'https://cmsweb.cern.ch/dbs/prod/phys03/DBSWriter', 'publishname2': 'SkimB4Mu_2023eraC-v3_stream2_Mini', 'jobtype': 'Analysis', 'generator': 'pythia', 'addoutputfiles': [], 'maxjobruntime': 1250, 'numcores': 1, 'maxmemory': 2000, 'priority': 10, 'nonprodsw': 1, 'asyncdest': 'T2_IT_Bari', 'requireaccelerator': 0, 'oneEventMode': 0, 'extrajdl': [], 'ignoreglobalblacklist': 1, 'partialdataset': 0, 'inputblocks': [], 'tfileoutfiles': ['TreeData.root'], 'edmoutfiles': [], 'jobarch': 'slc7_amd64_gcc11', 'jobsw': 'CMSSW_13_0_13', 'cacheurl': 'https://cmsweb.cern.ch/S3/crabcache_prod', 'cachefilename': 'c21f585968b676319b78458a8dfff0d78967d784c1d5d78343c5cdc38d3be0e5.tar.gz', 'debugfilename': 'd27bc474b22ce83c5be7bd62b126a63ff7bdc8102a76b7acf95d9f70d689c79d.tar.gz', 'runs': ['367095', '367100', '367102', '367103', '367104', '367111', '367112', '367127', '367128', '367129', '367130', '367131', '367133', '367228', '367229', '367230', '367231', '367232', '367234', '367260', '367262', '367263', '367264', '367267', '367269', '367270', '367271', '367312', '367314', '367315', '367334', '367336', '367337', '367355', '367406', '367413', '367415', '367416', '367475', '367477', '367515', '367516', '367552', '367553', '367554', '367615', '367618', '367619', '367661', '367662', '367663', '367665', '367666', '367691', '367696', '367699', '367730', '367742', '367758', '367770', '367771', '367772', '367790', '367831', '367836', '367838', '367840', '367881', '367883', '367884', '367902', '367904', '367905', '367906', '367907', '367908', '367910', '368223', '368224', '368229', '368318', '368320', '368321', '368332', '368333', '368343', '368382', '368384', '368388', '368389', '368400', '368410', '368412', '368423', '368451', '368453', '368454', '368489', '368546', '368547', '368548', '368566', '368567', '368609', '368611', '368613', '368636', '368669', '368670', '368672', '368674', '368675', '368676', '368678', '368684', '368685', '368723', '368724', '368746', '368749', '368753', '368762', '368764', '368765', '368822', '368823'], 'lumis': ['1,564', '45,390', '1,75', '1,64', '1,1082', '51,338', '1,1438', '18,350', '1,2,6,6,11,12,14,15', '1,3', '1,2,6,9,13,126,135,167', '1,149', '1,275', '55,280,285,287,292,294,298,304', '1,34', '1,1', '1,22', '1,996', '1,501', '52,69,72,240', '1,42,49,119,123,271', '10,21', '1,847', '45,322', '1,33', '1,961', '1,135', '53,225,227,269', '1,20', '1,893', '26,324', '1,169', '1,1046', '60,63', '48,476', '68,448,450,467,469,746,748,750,752,898,900,1340,1342,1367', '1,97', '1,55', '56,634', '1,1289', '44,668', '1,1236', '49,59', '1,644', '1,312', '53,484', '18,341', '1,300,302,501,503,579', '50,366', '1,18', '1,1', '1,271', '1,11,16,86', '46,204', '1,856,858,1920', '1,151', '48,562', '39,443', '52,767', '47,198', '1,91', '1,6', '1,160', '53,504', '48,588', '1,793', '1,570', '14,152', '1,1050', '1,1011', '42,273', '1,103', '1,48', '1,344', '1,119', '1,358', '1,593', '45,437,445,487', '1,57', '52,569', '37,319', '1,285', '1,337', '1,14', '1,25', '1,328', '37,792', '1,44', '39,444,448,1431,1434,1472', '1,198', '40,271', '49,1501', '1,92', '42,159,161,516', '1,144', '1,5', '1,68,72,1168', '47,791,793,827,829,863,865,899,901,935,937,971,973,1007,1009,1043,1045,1079,1081,1280,1282,1380,1382,1581,1583,1595', '1,659', '1,194,197,702', '1,75,77,86,89,90,93,280,282,1044', '1,1195', '1,31,33,411,414,436', '41,1039', '1,247,249,382', '1,260', '51,819', '42,410', '1,255,306,308', '1,866', '1,12', '1,50', '1,156', '1,171', '40,135', '1,1481', '63,63,97,188', '1,1200', '39,77', '1,169', '1,976', '45,238', '1,1', '1,1386', '45,330,332,908,910,991', '3,35']} 
DEBUG 2024-02-21 22:30:26.887 UTC: 	 Encoded data for curl request: dryrun=0&workflow=crab_SkimB4Mu_2023eraC-v3_stream2_Mini&saveoutput=1&savelogsflag=0&inputdata=%2FParkingDoubleMuonLowMass2%2FRun2023C-22Sep2023_v3-v1%2FMINIAOD&primarydataset=&nonvaliddata=1&dbsurl=https%3A%2F%2Fcmsweb.cern.ch%2Fdbs%2Fprod%2Fglobal%2FDBSReader&useparent=0&ignorelocality=0&splitalgo=LumiBased&algoargs=50&totalunits=0&publication=1&publishdbsurl=https%3A%2F%2Fcmsweb.cern.ch%2Fdbs%2Fprod%2Fphys03%2FDBSWriter&publishname2=SkimB4Mu_2023eraC-v3_stream2_Mini&jobtype=Analysis&generator=pythia&maxjobruntime=1250&numcores=1&maxmemory=2000&priority=10&nonprodsw=1&asyncdest=T2_IT_Bari&requireaccelerator=0&oneEventMode=0&ignoreglobalblacklist=1&partialdataset=0&jobarch=slc7_amd64_gcc11&jobsw=CMSSW_13_0_13&cacheurl=https%3A%2F%2Fcmsweb.cern.ch%2FS3%2Fcrabcache_prod&cachefilename=c21f585968b676319b78458a8dfff0d78967d784c1d5d78343c5cdc38d3be0e5.tar.gz&debugfilename=d27bc474b22ce83c5be7bd62b126a63ff7bdc8102a76b7acf95d9f70d689c79d.tar.gz&tfileoutfiles=TreeData.root&runs=367095&runs=367100&runs=367102&runs=367103&runs=367104&runs=367111&runs=367112&runs=367127&runs=367128&runs=367129&runs=367130&runs=367131&runs=367133&runs=367228&runs=367229&runs=367230&runs=367231&runs=367232&runs=367234&runs=367260&runs=367262&runs=367263&runs=367264&runs=367267&runs=367269&runs=367270&runs=367271&runs=367312&runs=367314&runs=367315&runs=367334&runs=367336&runs=367337&runs=367355&runs=367406&runs=367413&runs=367415&runs=367416&runs=367475&runs=367477&runs=367515&runs=367516&runs=367552&runs=367553&runs=367554&runs=367615&runs=367618&runs=367619&runs=367661&runs=367662&runs=367663&runs=367665&runs=367666&runs=367691&runs=367696&runs=367699&runs=367730&runs=367742&runs=367758&runs=367770&runs=367771&runs=367772&runs=367790&runs=367831&runs=367836&runs=367838&runs=367840&runs=367881&runs=367883&runs=367884&runs=367902&runs=367904&runs=367905&runs=367906&runs=367907&runs=367908&runs=367910&runs=368223&runs=368224&runs=368229&runs=368318&runs=368320&runs=368321&runs=368332&runs=368333&runs=368343&runs=368382&runs=368384&runs=368388&runs=368389&runs=368400&runs=368410&runs=368412&runs=368423&runs=368451&runs=368453&runs=368454&runs=368489&runs=368546&runs=368547&runs=368548&runs=368566&runs=368567&runs=368609&runs=368611&runs=368613&runs=368636&runs=368669&runs=368670&runs=368672&runs=368674&runs=368675&runs=368676&runs=368678&runs=368684&runs=368685&runs=368723&runs=368724&runs=368746&runs=368749&runs=368753&runs=368762&runs=368764&runs=368765&runs=368822&runs=368823&lumis=1%2C564&lumis=45%2C390&lumis=1%2C75&lumis=1%2C64&lumis=1%2C1082&lumis=51%2C338&lumis=1%2C1438&lumis=18%2C350&lumis=1%2C2%2C6%2C6%2C11%2C12%2C14%2C15&lumis=1%2C3&lumis=1%2C2%2C6%2C9%2C13%2C126%2C135%2C167&lumis=1%2C149&lumis=1%2C275&lumis=55%2C280%2C285%2C287%2C292%2C294%2C298%2C304&lumis=1%2C34&lumis=1%2C1&lumis=1%2C22&lumis=1%2C996&lumis=1%2C501&lumis=52%2C69%2C72%2C240&lumis=1%2C42%2C49%2C119%2C123%2C271&lumis=10%2C21&lumis=1%2C847&lumis=45%2C322&lumis=1%2C33&lumis=1%2C961&lumis=1%2C135&lumis=53%2C225%2C227%2C269&lumis=1%2C20&lumis=1%2C893&lumis=26%2C324&lumis=1%2C169&lumis=1%2C1046&lumis=60%2C63&lumis=48%2C476&lumis=68%2C448%2C450%2C467%2C469%2C746%2C748%2C750%2C752%2C898%2C900%2C1340%2C1342%2C1367&lumis=1%2C97&lumis=1%2C55&lumis=56%2C634&lumis=1%2C1289&lumis=44%2C668&lumis=1%2C1236&lumis=49%2C59&lumis=1%2C644&lumis=1%2C312&lumis=53%2C484&lumis=18%2C341&lumis=1%2C300%2C302%2C501%2C503%2C579&lumis=50%2C366&lumis=1%2C18&lumis=1%2C1&lumis=1%2C271&lumis=1%2C11%2C16%2C86&lumis=46%2C204&lumis=1%2C856%2C858%2C1920&lumis=1%2C151&lumis=48%2C562&lumis=39%2C443&lumis=52%2C767&lumis=47%2C198&lumis=1%2C91&lumis=1%2C6&lumis=1%2C160&lumis=53%2C504&lumis=48%2C588&lumis=1%2C793&lumis=1%2C570&lumis=14%2C152&lumis=1%2C1050&lumis=1%2C1011&lumis=42%2C273&lumis=1%2C103&lumis=1%2C48&lumis=1%2C344&lumis=1%2C119&lumis=1%2C358&lumis=1%2C593&lumis=45%2C437%2C445%2C487&lumis=1%2C57&lumis=52%2C569&lumis=37%2C319&lumis=1%2C285&lumis=1%2C337&lumis=1%2C14&lumis=1%2C25&lumis=1%2C328&lumis=37%2C792&lumis=1%2C44&lumis=39%2C444%2C448%2C1431%2C1434%2C1472&lumis=1%2C198&lumis=40%2C271&lumis=49%2C1501&lumis=1%2C92&lumis=42%2C159%2C161%2C516&lumis=1%2C144&lumis=1%2C5&lumis=1%2C68%2C72%2C1168&lumis=47%2C791%2C793%2C827%2C829%2C863%2C865%2C899%2C901%2C935%2C937%2C971%2C973%2C1007%2C1009%2C1043%2C1045%2C1079%2C1081%2C1280%2C1282%2C1380%2C1382%2C1581%2C1583%2C1595&lumis=1%2C659&lumis=1%2C194%2C197%2C702&lumis=1%2C75%2C77%2C86%2C89%2C90%2C93%2C280%2C282%2C1044&lumis=1%2C1195&lumis=1%2C31%2C33%2C411%2C414%2C436&lumis=41%2C1039&lumis=1%2C247%2C249%2C382&lumis=1%2C260&lumis=51%2C819&lumis=42%2C410&lumis=1%2C255%2C306%2C308&lumis=1%2C866&lumis=1%2C12&lumis=1%2C50&lumis=1%2C156&lumis=1%2C171&lumis=40%2C135&lumis=1%2C1481&lumis=63%2C63%2C97%2C188&lumis=1%2C1200&lumis=39%2C77&lumis=1%2C169&lumis=1%2C976&lumis=45%2C238&lumis=1%2C1&lumis=1%2C1386&lumis=45%2C330%2C332%2C908%2C910%2C991&lumis=3%2C35
DEBUG 2024-02-21 22:30:27.080 UTC: 	 Result: {'result': [{'RequestName': '240221_223027:mbuonsan_crab_SkimB4Mu_2023eraC-v3_stream2_Mini'}]}
INFO 2024-02-21 22:30:27.081 UTC: 	 Success: Your task has been delivered to the prod CRAB3 server.
INFO 2024-02-21 22:30:27.081 UTC: 	 Task name: 240221_223027:mbuonsan_crab_SkimB4Mu_2023eraC-v3_stream2_Mini
INFO 2024-02-21 22:30:27.081 UTC: 	 Project dir: crab_projects/crab_SkimB4Mu_2023eraC-v3_stream2_Mini
INFO 2024-02-21 22:30:27.081 UTC: 	 Please use ' crab status -d crab_projects/crab_SkimB4Mu_2023eraC-v3_stream2_Mini ' to check how the submission process proceeds.
DEBUG 2024-02-21 22:30:27.081 UTC: 	 About to return
INFO 2024-02-21 22:30:27.087 UTC: 	 Log file is /lustrehome/mbuonsante/B_4mu/CMSSW_13_0_13/src/B4muNtuplizer/CrabSubmission/2023_eraC-v3/crab_projects/crab_SkimB4Mu_2023eraC-v3_stream2_Mini/crab.log
DEBUG 2024-02-22 20:24:45.525 UTC: 	 CRAB Client version: v3.240110
DEBUG 2024-02-22 20:24:45.525 UTC: 	 Running on: Linux ui02.recas.ba.infn.it 3.10.0-1160.80.1.el7.x86_64 #1 SMP Tue Nov 8 15:48:59 UTC 2022 x86_64 x86_64 x86_64 GNU/Linux - CentOS Linux 7 (Core)
DEBUG 2024-02-22 20:24:45.525 UTC: 	 Executing command: 'resubmit'
DEBUG 2024-02-22 20:24:45.525 UTC: 	 Found CRAB cache file /lustrehome/mbuonsante/.crab3
DEBUG 2024-02-22 20:24:45.530 UTC: 	 Checking credentials
DEBUG 2024-02-22 20:24:45.530 UTC: 	 Found proxy file /tmp/x509up_u881331
DEBUG 2024-02-22 20:24:45.530 UTC: 	 Making sure it has proper VOMS extension
DEBUG 2024-02-22 20:24:45.530 UTC: 	 Executing command :
 voms-proxy-info --vo --file /tmp/x509up_u881331
DEBUG 2024-02-22 20:24:46.832 UTC: 	 output : cms

 error: 
 retcode : 0
DEBUG 2024-02-22 20:24:46.832 UTC: 	 Getting proxy life time left
DEBUG 2024-02-22 20:24:46.832 UTC: 	 Executing command :
 voms-proxy-info --actimeleft --timeleft --file /tmp/x509up_u881331
DEBUG 2024-02-22 20:24:48.195 UTC: 	 output : 400529
400528

 error: 
 retcode : 0
DEBUG 2024-02-22 20:24:48.195 UTC: 	 Proxy valid for 111:15:28 hours
DEBUG 2024-02-22 20:24:48.195 UTC: 	 Encoded data for curl request: subresource=delegatedn
DEBUG 2024-02-22 20:24:48.409 UTC: 	 Registering user credentials on myproxy for /DC=ch/DC=cern/OU=computers/CN=crab-(preprod|prod|dev)-tw(01|02|03).cern.ch|/DC=ch/DC=cern/OU=computers/CN=stefanov(m|m2).cern.ch|/DC=ch/DC=cern/OU=computers/CN=dciangot-tw.cern.ch
DEBUG 2024-02-22 20:24:48.409 UTC: 	 Executing command :
 voms-proxy-info --identity --file /tmp/x509up_u881331
DEBUG 2024-02-22 20:24:49.694 UTC: 	 output : /DC=ch/DC=cern/OU=Organic Units/OU=Users/CN=mbuonsan/CN=866052/CN=Marco Buonsante

 error: 
 retcode : 0
DEBUG 2024-02-22 20:24:49.694 UTC: 	 Getting myproxy life time left for db438794163ae221c16ac5cdc1e476b2bc2ff634
DEBUG 2024-02-22 20:24:49.694 UTC: 	 Executing command :
 myproxy-info -s myproxy.cern.ch -l db438794163ae221c16ac5cdc1e476b2bc2ff634
DEBUG 2024-02-22 20:24:50.028 UTC: 	 output : username: db438794163ae221c16ac5cdc1e476b2bc2ff634
owner: /DC=ch/DC=cern/OU=Organic Units/OU=Users/CN=mbuonsan/CN=866052/CN=Marco Buonsante
  renewal policy: /DC=ch/DC=cern/OU=computers/CN=crab-(preprod|prod|dev)-tw(01|02|03).cern.ch|/DC=ch/DC=cern/OU=computers/CN=stefanov(m|m2).cern.ch|/DC=ch/DC=cern/OU=computers/CN=dciangot-tw.cern.ch
  trusted retrieval policy: /DC=ch/DC=cern/OU=computers/CN=crab-(preprod|prod|dev)-tw(01|02|03).cern.ch|/DC=ch/DC=cern/OU=computers/CN=stefanov(m|m2).cern.ch|/DC=ch/DC=cern/OU=computers/CN=dciangot-tw.cern.ch
  timeleft: 471:16:37  (19.6 days)

 error: 
 retcode : 0
DEBUG 2024-02-22 20:24:50.029 UTC: 	 Myproxy is valid: 1696560
DEBUG 2024-02-22 20:24:50.029 UTC: 	 Result of myproxy credential check:
  Credential exists on myproxy: username: db438794163ae221c16ac5cdc1e476b2bc2ff634  - validity: 19 days, 15:16:00
DEBUG 2024-02-22 20:24:50.029 UTC: 	 Encoded data for curl request: subresource=search&workflow=240221_223027%3Ambuonsan_crab_SkimB4Mu_2023eraC-v3_stream2_Mini
DEBUG 2024-02-22 20:24:50.205 UTC: 	 Command use: resubmit
DEBUG 2024-02-22 20:24:50.205 UTC: 	 Options use: ['-d', 'crab_projects/crab_SkimB4Mu_2023eraC-v3_stream2_Mini']
DEBUG 2024-02-22 20:24:50.205 UTC: 	 Encoded data for curl request: subresource=version
DEBUG 2024-02-22 20:24:50.385 UTC: 	 CRABClient version: v3.240110
DEBUG 2024-02-22 20:24:50.385 UTC: 	 Instance is prod
DEBUG 2024-02-22 20:24:50.385 UTC: 	 Server base url is cmsweb.cern.ch
DEBUG 2024-02-22 20:24:50.385 UTC: 	 Command api workflow
DEBUG 2024-02-22 20:24:50.405 UTC: 	 CRAB Client version: v3.240110
DEBUG 2024-02-22 20:24:50.405 UTC: 	 Running on: Linux ui02.recas.ba.infn.it 3.10.0-1160.80.1.el7.x86_64 #1 SMP Tue Nov 8 15:48:59 UTC 2022 x86_64 x86_64 x86_64 GNU/Linux - CentOS Linux 7 (Core)
DEBUG 2024-02-22 20:24:50.405 UTC: 	 Executing command: 'status'
DEBUG 2024-02-22 20:24:50.405 UTC: 	 Found CRAB cache file /lustrehome/mbuonsante/.crab3
DEBUG 2024-02-22 20:24:50.409 UTC: 	 Checking credentials
DEBUG 2024-02-22 20:24:50.409 UTC: 	 Found proxy file /tmp/x509up_u881331
DEBUG 2024-02-22 20:24:50.409 UTC: 	 Making sure it has proper VOMS extension
DEBUG 2024-02-22 20:24:50.409 UTC: 	 Executing command :
 voms-proxy-info --vo --file /tmp/x509up_u881331
DEBUG 2024-02-22 20:24:51.649 UTC: 	 output : cms

 error: 
 retcode : 0
DEBUG 2024-02-22 20:24:51.649 UTC: 	 Getting proxy life time left
DEBUG 2024-02-22 20:24:51.649 UTC: 	 Executing command :
 voms-proxy-info --actimeleft --timeleft --file /tmp/x509up_u881331
DEBUG 2024-02-22 20:24:53.092 UTC: 	 output : 400524
400523

 error: 
 retcode : 0
DEBUG 2024-02-22 20:24:53.092 UTC: 	 Proxy valid for 111:15:23 hours
DEBUG 2024-02-22 20:24:53.092 UTC: 	 Encoded data for curl request: subresource=delegatedn
DEBUG 2024-02-22 20:24:53.295 UTC: 	 Registering user credentials on myproxy for /DC=ch/DC=cern/OU=computers/CN=crab-(preprod|prod|dev)-tw(01|02|03).cern.ch|/DC=ch/DC=cern/OU=computers/CN=stefanov(m|m2).cern.ch|/DC=ch/DC=cern/OU=computers/CN=dciangot-tw.cern.ch
DEBUG 2024-02-22 20:24:53.295 UTC: 	 Executing command :
 voms-proxy-info --identity --file /tmp/x509up_u881331
DEBUG 2024-02-22 20:24:54.471 UTC: 	 output : /DC=ch/DC=cern/OU=Organic Units/OU=Users/CN=mbuonsan/CN=866052/CN=Marco Buonsante

 error: 
 retcode : 0
DEBUG 2024-02-22 20:24:54.471 UTC: 	 Getting myproxy life time left for db438794163ae221c16ac5cdc1e476b2bc2ff634
DEBUG 2024-02-22 20:24:54.471 UTC: 	 Executing command :
 myproxy-info -s myproxy.cern.ch -l db438794163ae221c16ac5cdc1e476b2bc2ff634
DEBUG 2024-02-22 20:24:54.812 UTC: 	 output : username: db438794163ae221c16ac5cdc1e476b2bc2ff634
owner: /DC=ch/DC=cern/OU=Organic Units/OU=Users/CN=mbuonsan/CN=866052/CN=Marco Buonsante
  renewal policy: /DC=ch/DC=cern/OU=computers/CN=crab-(preprod|prod|dev)-tw(01|02|03).cern.ch|/DC=ch/DC=cern/OU=computers/CN=stefanov(m|m2).cern.ch|/DC=ch/DC=cern/OU=computers/CN=dciangot-tw.cern.ch
  trusted retrieval policy: /DC=ch/DC=cern/OU=computers/CN=crab-(preprod|prod|dev)-tw(01|02|03).cern.ch|/DC=ch/DC=cern/OU=computers/CN=stefanov(m|m2).cern.ch|/DC=ch/DC=cern/OU=computers/CN=dciangot-tw.cern.ch
  timeleft: 471:16:33  (19.6 days)

 error: 
 retcode : 0
DEBUG 2024-02-22 20:24:54.812 UTC: 	 Myproxy is valid: 1696560
DEBUG 2024-02-22 20:24:54.812 UTC: 	 Result of myproxy credential check:
  Credential exists on myproxy: username: db438794163ae221c16ac5cdc1e476b2bc2ff634  - validity: 19 days, 15:16:00
DEBUG 2024-02-22 20:24:54.812 UTC: 	 Retrieving username ...
DEBUG 2024-02-22 20:24:54.812 UTC: 	 Retrieving username from CRIC...
DEBUG 2024-02-22 20:24:55.793 UTC: 	 username is mbuonsan
INFO 2024-02-22 20:24:57.291 UTC: 	 Rucio client intialized for account mbuonsan
DEBUG 2024-02-22 20:24:57.292 UTC: 	 Command use: status
DEBUG 2024-02-22 20:24:57.292 UTC: 	 Options use: []
DEBUG 2024-02-22 20:24:57.292 UTC: 	 Encoded data for curl request: subresource=version
DEBUG 2024-02-22 20:24:57.470 UTC: 	 CRABClient version: v3.240110
DEBUG 2024-02-22 20:24:57.470 UTC: 	 Instance is prod
DEBUG 2024-02-22 20:24:57.470 UTC: 	 Server base url is cmsweb.cern.ch
DEBUG 2024-02-22 20:24:57.470 UTC: 	 Command api workflow
DEBUG 2024-02-22 20:24:57.470 UTC: 	 Encoded data for curl request: subresource=search&workflow=240221_223027%3Ambuonsan_crab_SkimB4Mu_2023eraC-v3_stream2_Mini
DEBUG 2024-02-22 20:24:57.657 UTC: 	 Got information from server oracle database: {'desc': {'columns': ['tm_taskname', 'tm_activity', 'panda_jobset_id', 'tm_task_status', 'tm_task_command', 'tm_start_time', 'tm_start_injection', 'tm_end_injection', 'tm_task_failure', 'tm_job_sw', 'tm_job_arch', 'tm_input_dataset', 'tm_nonvalid_input_dataset', 'tm_use_parent', 'tm_site_whitelist', 'tm_site_blacklist', 'tm_split_algo', 'tm_split_args', 'tm_user_sandbox', 'tm_cache_url', 'tm_username', 'tm_user_dn', 'tm_user_vo', 'tm_user_role', 'tm_user_group', 'tm_publish_name', 'tm_publish_groupname', 'tm_asyncdest', 'tm_dbs_url', 'tm_publish_dbs_url', 'tm_publication', 'tm_outfiles', 'tm_tfile_outfiles', 'tm_edm_outfiles', 'tm_job_type', 'tm_generator', 'tm_events_per_lumi', 'tm_arguments', 'panda_resubmitted_jobs', 'tm_save_logs', 'tw_name', 'tm_user_infiles', 'tm_maxjobruntime', 'tm_numcores', 'tm_maxmemory', 'tm_priority', 'tm_output_dataset', 'tm_task_warnings', 'tm_user_webdir', 'tm_scriptexe', 'tm_scriptargs', 'tm_extrajdl', 'tm_asourl', 'tm_collector', 'tm_schedd', 'tm_dry_run', 'tm_user_files', 'tm_transfer_outputs', 'tm_output_lfn', 'tm_ignore_locality', 'tm_fail_limit', 'tm_one_event_mode', 'tm_secondary_input_dataset', 'tm_primary_dataset', 'tm_last_publication', 'tm_debug_files', 'clusterid', 'tm_asodb', 'tm_ignore_global_blacklist', 'tm_submitter_ip_addr', 'tm_totalunits', 'tm_ddm_reqid', 'tm_user_config', 'tm_transfer_container', 'tm_transfer_rule', 'tm_publish_rule', 'tm_multipub_rule']}, 'result': ['240221_223027:mbuonsan_crab_SkimB4Mu_2023eraC-v3_stream2_Mini', 'None', 'None', 'SUBMITTED', 'SUBMIT', '2024-02-21 22:30:27.054549', 'None', '2024-02-21 22:31:18.170439', 'None', 'CMSSW_13_0_13', 'slc7_amd64_gcc11', '/ParkingDoubleMuonLowMass2/Run2023C-22Sep2023_v3-v1/MINIAOD', 'T', '0', '[]', '[]', 'LumiBased', "{'halt_job_on_file_boundaries': False, 'splitOnRun': False, 'lumis_per_job': 50, 'runs': ['367095', '367100', '367102', '367103', '367104', '367111', '367112', '367127', '367128', '367129', '367130', '367131', '367133', '367228', '367229', '367230', '367231', '367232', '367234', '367260', '367262', '367263', '367264', '367267', '367269', '367270', '367271', '367312', '367314', '367315', '367334', '367336', '367337', '367355', '367406', '367413', '367415', '367416', '367475', '367477', '367515', '367516', '367552', '367553', '367554', '367615', '367618', '367619', '367661', '367662', '367663', '367665', '367666', '367691', '367696', '367699', '367730', '367742', '367758', '367770', '367771', '367772', '367790', '367831', '367836', '367838', '367840', '367881', '367883', '367884', '367902', '367904', '367905', '367906', '367907', '367908', '367910', '368223', '368224', '368229', '368318', '368320', '368321', '368332', '368333', '368343', '368382', '368384', '368388', '368389', '368400', '368410', '368412', '368423', '368451', '368453', '368454', '368489', '368546', '368547', '368548', '368566', '368567', '368609', '368611', '368613', '368636', '368669', '368670', '368672', '368674', '368675', '368676', '368678', '368684', '368685', '368723', '368724', '368746', '368749', '368753', '368762', '368764', '368765', '368822', '368823'], 'lumis': ['1,564', '45,390', '1,75', '1,64', '1,1082', '51,338', '1,1438', '18,350', '1,2,6,6,11,12,14,15', '1,3', '1,2,6,9,13,126,135,167', '1,149', '1,275', '55,280,285,287,292,294,298,304', '1,34', '1,1', '1,22', '1,996', '1,501', '52,69,72,240', '1,42,49,119,123,271', '10,21', '1,847', '45,322', '1,33', '1,961', '1,135', '53,225,227,269', '1,20', '1,893', '26,324', '1,169', '1,1046', '60,63', '48,476', '68,448,450,467,469,746,748,750,752,898,900,1340,1342,1367', '1,97', '1,55', '56,634', '1,1289', '44,668', '1,1236', '49,59', '1,644', '1,312', '53,484', '18,341', '1,300,302,501,503,579', '50,366', '1,18', '1,1', '1,271', '1,11,16,86', '46,204', '1,856,858,1920', '1,151', '48,562', '39,443', '52,767', '47,198', '1,91', '1,6', '1,160', '53,504', '48,588', '1,793', '1,570', '14,152', '1,1050', '1,1011', '42,273', '1,103', '1,48', '1,344', '1,119', '1,358', '1,593', '45,437,445,487', '1,57', '52,569', '37,319', '1,285', '1,337', '1,14', '1,25', '1,328', '37,792', '1,44', '39,444,448,1431,1434,1472', '1,198', '40,271', '49,1501', '1,92', '42,159,161,516', '1,144', '1,5', '1,68,72,1168', '47,791,793,827,829,863,865,899,901,935,937,971,973,1007,1009,1043,1045,1079,1081,1280,1282,1380,1382,1581,1583,1595', '1,659', '1,194,197,702', '1,75,77,86,89,90,93,280,282,1044', '1,1195', '1,31,33,411,414,436', '41,1039', '1,247,249,382', '1,260', '51,819', '42,410', '1,255,306,308', '1,866', '1,12', '1,50', '1,156', '1,171', '40,135', '1,1481', '63,63,97,188', '1,1200', '39,77', '1,169', '1,976', '45,238', '1,1', '1,1386', '45,330,332,908,910,991', '3,35']}", 'c21f585968b676319b78458a8dfff0d78967d784c1d5d78343c5cdc38d3be0e5.tar.gz', 'https://cmsweb.cern.ch/S3/crabcache_prod', 'mbuonsan', '/DC=ch/DC=cern/OU=Organic Units/OU=Users/CN=mbuonsan/CN=866052/CN=Marco Buonsante', 'cms', 'None', 'None', 'SkimB4Mu_2023eraC-v3_stream2_Mini-00000000000000000000000000000000', 'F', 'T2_IT_Bari', 'https://cmsweb.cern.ch/dbs/prod/global/DBSReader', 'https://cmsweb.cern.ch/dbs/prod/phys03/DBSWriter', 'T', '[]', "['TreeData.root']", '[]', 'Analysis', 'pythia', 'None', '{}', 'None', 'F', 'crab-prod-tw01', '[]', '1250', '1', '2000', '10', "['/FakeDataset/fakefile-FakePublish-2f9c1bcad48a89a2034abb546c591e65/USER']", '[]', 'http://vocms0120.cern.ch/mon/mbuonsan/240221_223027:mbuonsan_crab_SkimB4Mu_2023eraC-v3_stream2_Mini', 'None', '[]', '[]', 'None', 'cmsgwms-collector-global.cern.ch:9620,cmsgwms-collector-global.fnal.gov:9620', 'crab3@vocms0120.cern.ch', 'F', '[]', 'T', '/store/user/mbuonsan/', 'F', 'None', 'F', 'None', 'ParkingDoubleMuonLowMass2', 'None', 'd27bc474b22ce83c5be7bd62b126a63ff7bdc8102a76b7acf95d9f70d689c79d.tar.gz', '102542818', 'None', 'T', '188.185.101.116', '0.0', 'None', '{"partialdataset": false, "requireaccelerator": false, "acceleratorparams": null, "inputblocks": null}', 'None', 'None', 'None', 'None']}
INFO 2024-02-22 20:24:57.657 UTC: 	 CRAB project directory:		/lustrehome/mbuonsante/B_4mu/CMSSW_13_0_13/src/B4muNtuplizer/CrabSubmission/2023_eraC-v3/crab_projects/crab_SkimB4Mu_2023eraC-v3_stream2_Mini
INFO 2024-02-22 20:24:57.657 UTC: 	 Task name:			240221_223027:mbuonsan_crab_SkimB4Mu_2023eraC-v3_stream2_Mini
INFO 2024-02-22 20:24:57.657 UTC: 	 Grid scheduler - Task Worker:	crab3@vocms0120.cern.ch - crab-prod-tw01
INFO 2024-02-22 20:24:57.657 UTC: 	 Status on the CRAB server:	SUBMITTED
INFO 2024-02-22 20:24:57.657 UTC: 	 Task URL to use for HELP:	https://cmsweb.cern.ch/crabserver/ui/task/240221_223027%3Ambuonsan_crab_SkimB4Mu_2023eraC-v3_stream2_Mini
INFO 2024-02-22 20:24:57.671 UTC: 	 Dashboard monitoring URL:	https://monit-grafana.cern.ch/d/cmsTMDetail/cms-task-monitoring-task-view?orgId=11&var-user=mbuonsan&var-task=240221_223027%3Ambuonsan_crab_SkimB4Mu_2023eraC-v3_stream2_Mini&from=1708551027000&to=now
DEBUG 2024-02-22 20:24:57.671 UTC: 	 The CRAB server submitted your task to the Grid scheduler (cluster ID: 102542818)
DEBUG 2024-02-22 20:24:57.671 UTC: 	 Webdir is located at http://vocms0120.cern.ch/mon/mbuonsan/240221_223027:mbuonsan_crab_SkimB4Mu_2023eraC-v3_stream2_Mini
DEBUG 2024-02-22 20:24:57.671 UTC: 	 Encoded data for curl request: subresource=webdirprx&workflow=240221_223027%3Ambuonsan_crab_SkimB4Mu_2023eraC-v3_stream2_Mini
DEBUG 2024-02-22 20:24:57.841 UTC: 	 Proxied webdir is located at https://cmsweb.cern.ch:8443/scheddmon/0120/mbuonsan/240221_223027:mbuonsan_crab_SkimB4Mu_2023eraC-v3_stream2_Mini
DEBUG 2024-02-22 20:24:57.842 UTC: 	 Retrieving 'status_cache' file from https://cmsweb.cern.ch:8443/scheddmon/0120/mbuonsan/240221_223027:mbuonsan_crab_SkimB4Mu_2023eraC-v3_stream2_Mini/status_cache.pkl
DEBUG 2024-02-22 20:24:57.842 UTC: 	 Will execute:
curl -sS --capath /etc/grid-security/certificates --cert /tmp/x509up_u881331 --key /tmp/x509up_u881331 -o /tmp/crab_status-cache-mkm4s4cu.pkl -w %"{http_code}" "https://cmsweb.cern.ch:8443/scheddmon/0120/mbuonsan/240221_223027:mbuonsan_crab_SkimB4Mu_2023eraC-v3_stream2_Mini/status_cache.pkl"
DEBUG 2024-02-22 20:24:57.842 UTC: 	 Executing command :
 curl -sS --capath /etc/grid-security/certificates --cert /tmp/x509up_u881331 --key /tmp/x509up_u881331 -o /tmp/crab_status-cache-mkm4s4cu.pkl -w %"{http_code}" "https://cmsweb.cern.ch:8443/scheddmon/0120/mbuonsan/240221_223027:mbuonsan_crab_SkimB4Mu_2023eraC-v3_stream2_Mini/status_cache.pkl"
DEBUG 2024-02-22 20:24:58.125 UTC: 	 output : 200
 error: 
 retcode : 0
DEBUG 2024-02-22 20:24:58.125 UTC: 	 exitcode: 0
stdout: 200
stderr: 
error details: 
DEBUG 2024-02-22 20:24:58.126 UTC: 	 Got information from status cache file: {'2': {'Retries': 0, 'Restarts': 0, 'SiteHistory': ['Unknown', 'T2_IT_Rome', 'T2_IT_Rome'], 'ResidentSetSize': [1295692], 'SubmitTimes': [1708554688.0], 'StartTimes': [1708554788.0], 'EndTimes': [1708554886.0], 'TotalUserCpuTimeHistory': [53], 'TotalSysCpuTimeHistory': [3], 'WallDurations': [98.0, 260.398864030838, 260.398864030838], 'JobIds': ['102542820.0'], 'State': 'finished', 'RecordedSite': True}, '1': {'Retries': 0, 'Restarts': 0, 'SiteHistory': ['Unknown', 'T2_IT_Rome', 'T2_IT_Rome'], 'ResidentSetSize': [1343664], 'SubmitTimes': [1708554688.0], 'StartTimes': [1708554888.0], 'EndTimes': [1708556043.0], 'TotalUserCpuTimeHistory': [927], 'TotalSysCpuTimeHistory': [27], 'WallDurations': [8.0, 160.398864030838, 1155.0], 'JobIds': ['102542821.0'], 'State': 'finished', 'RecordedSite': True}, '3': {'Retries': 1, 'Restarts': 0, 'SiteHistory': ['T2_IT_Legnaro', 'T2_IT_Legnaro', 'T2_IT_Legnaro', 'T2_IT_Legnaro'], 'ResidentSetSize': [1315704, 1462488], 'SubmitTimes': [1708554688.0, 1708557617.0], 'StartTimes': [1708554741.0, 1708557630.0], 'EndTimes': [1708555745.0, 1708558627.0], 'TotalUserCpuTimeHistory': [866, 846], 'TotalSysCpuTimeHistory': [28, 28], 'WallDurations': [0, 1004.0, 10.0, 997.0], 'JobIds': ['102542822.0', '102544296.0'], 'State': 'finished', 'RecordedSite': True}, '4': {'Retries': 0, 'Restarts': 0, 'SiteHistory': ['T2_IT_Legnaro', 'T2_IT_Legnaro'], 'ResidentSetSize': [1335552], 'SubmitTimes': [1708554688.0], 'StartTimes': [1708554747.0], 'EndTimes': [1708556464.0], 'TotalUserCpuTimeHistory': [1472], 'TotalSysCpuTimeHistory': [52], 'WallDurations': [0, 1717.0], 'JobIds': ['102542823.0'], 'State': 'finished', 'RecordedSite': True}, '7': {'Retries': 1, 'Restarts': 0, 'SiteHistory': ['T2_IT_Legnaro', 'T2_IT_Legnaro', 'T2_US_Caltech', 'T2_US_Caltech'], 'ResidentSetSize': [1277316, 1696628], 'SubmitTimes': [1708554688.0, 1708557527.0], 'StartTimes': [1708554698.0, 1708557579.0], 'EndTimes': [1708555654.0, 1708558850.0], 'TotalUserCpuTimeHistory': [849, 1024], 'TotalSysCpuTimeHistory': [24, 25], 'WallDurations': [8.0, 956.0, 9.0, 1271.0], 'JobIds': ['102542824.0', '102544284.0'], 'State': 'finished', 'RecordedSite': True}, '5': {'Retries': 0, 'Restarts': 0, 'SiteHistory': ['Unknown', 'T2_IT_Legnaro', 'T2_IT_Legnaro'], 'ResidentSetSize': [1460580], 'SubmitTimes': [1708554688.0], 'StartTimes': [1708554748.0], 'EndTimes': [1708555505.0], 'TotalUserCpuTimeHistory': [670], 'TotalSysCpuTimeHistory': [19], 'WallDurations': [9.0, 300.398864030838, 757.0], 'JobIds': ['102542825.0'], 'State': 'finished', 'RecordedSite': True}, '6': {'Retries': 1, 'Restarts': 0, 'SiteHistory': ['T2_IT_Legnaro', 'T2_IT_Legnaro', 'T2_US_Caltech', 'T2_US_Caltech'], 'ResidentSetSize': [1285716, 1696876], 'SubmitTimes': [1708554689.0, 1708557582.0], 'StartTimes': [1708554703.0, 1708557590.0], 'EndTimes': [1708555713.0, 1708558974.0], 'TotalUserCpuTimeHistory': [920, 1144], 'TotalSysCpuTimeHistory': [23, 23], 'WallDurations': [8.0, 1010.0, 9.0, 1384.0], 'JobIds': ['102542826.0', '102544291.0'], 'State': 'finished', 'RecordedSite': True}, '9': {'Retries': 0, 'Restarts': 0, 'SiteHistory': ['T2_IT_Legnaro', 'T2_IT_Legnaro'], 'ResidentSetSize': [1329920], 'SubmitTimes': [1708554689.0], 'StartTimes': [1708554719.0], 'EndTimes': [1708555410.0], 'TotalUserCpuTimeHistory': [593], 'TotalSysCpuTimeHistory': [17], 'WallDurations': [9.0, 691.0], 'JobIds': ['102542827.0'], 'State': 'finished', 'RecordedSite': True}, '11': {'Retries': 0, 'Restarts': 0, 'SiteHistory': ['Unknown', 'T2_US_Caltech', 'T2_US_Caltech'], 'ResidentSetSize': [1572416], 'SubmitTimes': [1708554689.0], 'StartTimes': [1708555562.0], 'EndTimes': [1708557325.0], 'TotalUserCpuTimeHistory': [1471], 'TotalSysCpuTimeHistory': [54], 'WallDurations': [9.0, 89.56163668632507, 1763.0], 'JobIds': ['102542828.0'], 'State': 'finished', 'RecordedSite': True}, '12': {'Retries': 1, 'Restarts': 0, 'SiteHistory': ['Unknown', 'T2_US_Caltech', 'T2_US_Caltech', 'T2_US_Caltech', 'T2_US_Caltech'], 'ResidentSetSize': [1737844, 1600992], 'SubmitTimes': [1708554689.0, 1708559500.0], 'StartTimes': [1708555558.0, 1708559533.0], 'EndTimes': [1708557631.0, 1708561452.0], 'TotalUserCpuTimeHistory': [1637, 1561], 'TotalSysCpuTimeHistory': [51, 40], 'WallDurations': [9.0, 93.56163668632507, 2073.0, 9.0, 1919.0], 'JobIds': ['102542829.0', '102544477.0'], 'State': 'finished', 'RecordedSite': True}, '8': {'Retries': 0, 'Restarts': 0, 'SiteHistory': ['T2_IT_Legnaro', 'T2_IT_Legnaro'], 'ResidentSetSize': [1328252], 'SubmitTimes': [1708554689.0], 'StartTimes': [1708554727.0], 'EndTimes': [1708555414.0], 'TotalUserCpuTimeHistory': [587], 'TotalSysCpuTimeHistory': [21], 'WallDurations': [9.0, 687.0], 'JobIds': ['102542830.0'], 'State': 'finished', 'RecordedSite': True}, '13': {'Retries': 0, 'Restarts': 0, 'SiteHistory': ['Unknown', 'T2_US_Caltech', 'T2_US_Caltech'], 'ResidentSetSize': [1874328], 'SubmitTimes': [1708554689.0], 'StartTimes': [1708555560.0], 'EndTimes': [1708558837.0], 'TotalUserCpuTimeHistory': [2369], 'TotalSysCpuTimeHistory': [76], 'WallDurations': [10.0, 91.56163668632507, 3277.0], 'JobIds': ['102542831.0'], 'State': 'finished', 'RecordedSite': True}, '15': {'Retries': 0, 'Restarts': 0, 'SiteHistory': ['Unknown', 'T2_US_Caltech', 'T2_US_Caltech'], 'ResidentSetSize': [1736388], 'SubmitTimes': [1708554689.0], 'StartTimes': [1708555566.0], 'EndTimes': [1708557317.0], 'TotalUserCpuTimeHistory': [1412], 'TotalSysCpuTimeHistory': [37], 'WallDurations': [9.0, 85.56163668632507, 1751.0], 'JobIds': ['102542832.0'], 'State': 'finished', 'RecordedSite': True}, '10': {'Retries': 0, 'Restarts': 0, 'SiteHistory': ['Unknown', 'T2_US_Caltech', 'T2_US_Caltech'], 'ResidentSetSize': [1472580], 'SubmitTimes': [1708554689.0], 'StartTimes': [1708555558.0], 'EndTimes': [1708557504.0], 'TotalUserCpuTimeHistory': [1593], 'TotalSysCpuTimeHistory': [56], 'WallDurations': [9.0, 93.56163668632507, 1946.0], 'JobIds': ['102542833.0'], 'State': 'finished', 'RecordedSite': True}, '14': {'Retries': 0, 'Restarts': 0, 'SiteHistory': ['Unknown', 'T2_US_Caltech', 'T2_US_Caltech'], 'ResidentSetSize': [1851868], 'SubmitTimes': [1708554689.0], 'StartTimes': [1708555564.0], 'EndTimes': [1708558608.0], 'TotalUserCpuTimeHistory': [2634], 'TotalSysCpuTimeHistory': [62], 'WallDurations': [9.0, 87.56163668632507, 3044.0], 'JobIds': ['102542834.0'], 'State': 'finished', 'RecordedSite': True}, '16': {'Retries': 0, 'Restarts': 0, 'SiteHistory': ['Unknown', 'T2_US_Caltech', 'T2_US_Caltech'], 'ResidentSetSize': [1863044], 'SubmitTimes': [1708554689.0], 'StartTimes': [1708555564.0], 'EndTimes': [1708558505.0], 'TotalUserCpuTimeHistory': [2295], 'TotalSysCpuTimeHistory': [62], 'WallDurations': [10.0, 87.56163668632507, 2941.0], 'JobIds': ['102542835.0'], 'State': 'finished', 'RecordedSite': True}, '17': {'Retries': 0, 'Restarts': 0, 'SiteHistory': ['Unknown', 'T2_US_Caltech', 'T2_US_Caltech'], 'ResidentSetSize': [1890908], 'SubmitTimes': [1708554690.0], 'StartTimes': [1708555559.0], 'EndTimes': [1708559765.0], 'TotalUserCpuTimeHistory': [3544], 'TotalSysCpuTimeHistory': [72], 'WallDurations': [9.0, 92.56163668632507, 4206.0], 'JobIds': ['102542836.0'], 'State': 'finished', 'RecordedSite': True}, '18': {'Retries': 0, 'Restarts': 0, 'SiteHistory': ['Unknown', 'T2_US_Caltech', 'T2_US_Caltech'], 'ResidentSetSize': [1802280], 'SubmitTimes': [1708554690.0], 'StartTimes': [1708555557.0], 'EndTimes': [1708559157.0], 'TotalUserCpuTimeHistory': [3117], 'TotalSysCpuTimeHistory': [70], 'WallDurations': [9.0, 94.56163668632507, 3600.0], 'JobIds': ['102542837.0'], 'State': 'finished', 'RecordedSite': True}, '19': {'Retries': 0, 'Restarts': 0, 'SiteHistory': ['Unknown', 'T2_US_Caltech', 'T2_US_Caltech'], 'ResidentSetSize': [1767292], 'SubmitTimes': [1708554690.0], 'StartTimes': [1708555558.0], 'EndTimes': [1708557084.0], 'TotalUserCpuTimeHistory': [1143], 'TotalSysCpuTimeHistory': [30], 'WallDurations': [9.0, 93.56163668632507, 1526.0], 'JobIds': ['102542838.0'], 'State': 'finished', 'RecordedSite': True}, '20': {'Retries': 0, 'Restarts': 0, 'SiteHistory': ['Unknown', 'T2_US_Caltech', 'T2_US_Caltech'], 'ResidentSetSize': [1855008], 'SubmitTimes': [1708554690.0], 'StartTimes': [1708555565.0], 'EndTimes': [1708558392.0], 'TotalUserCpuTimeHistory': [2389], 'TotalSysCpuTimeHistory': [39], 'WallDurations': [8.0, 86.56163668632507, 2827.0], 'JobIds': ['102542839.0'], 'State': 'finished', 'RecordedSite': True}, '22': {'Retries': 0, 'Restarts': 0, 'SiteHistory': ['Unknown', 'T2_US_Caltech', 'T2_US_Caltech'], 'ResidentSetSize': [1377804], 'SubmitTimes': [1708554690.0], 'StartTimes': [1708555564.0], 'EndTimes': [1708557886.0], 'TotalUserCpuTimeHistory': [1944], 'TotalSysCpuTimeHistory': [36], 'WallDurations': [9.0, 87.56163668632507, 2322.0], 'JobIds': ['102542840.0'], 'State': 'finished', 'RecordedSite': True}, '26': {'Retries': 0, 'Restarts': 0, 'SiteHistory': ['Unknown', 'T2_US_Caltech', 'T2_US_Caltech'], 'ResidentSetSize': [1730660], 'SubmitTimes': [1708554690.0], 'StartTimes': [1708555558.0], 'EndTimes': [1708556515.0], 'TotalUserCpuTimeHistory': [681], 'TotalSysCpuTimeHistory': [15], 'WallDurations': [9.0, 93.56163668632507, 957.0], 'JobIds': ['102542841.0'], 'State': 'finished', 'RecordedSite': True}, '25': {'Retries': 0, 'Restarts': 0, 'SiteHistory': ['Unknown', 'T2_US_Caltech', 'T2_US_Caltech'], 'ResidentSetSize': [1759208], 'SubmitTimes': [1708554690.0], 'StartTimes': [1708555561.0], 'EndTimes': [1708558860.0], 'TotalUserCpuTimeHistory': [2481], 'TotalSysCpuTimeHistory': [56], 'WallDurations': [10.0, 90.56163668632507, 3299.0], 'JobIds': ['102542842.0'], 'State': 'finished', 'RecordedSite': True}, '24': {'Retries': 0, 'Restarts': 0, 'SiteHistory': ['Unknown', 'T2_US_Caltech', 'T2_US_Caltech'], 'ResidentSetSize': [1809208], 'SubmitTimes': [1708554690.0], 'StartTimes': [1708555561.0], 'EndTimes': [1708557459.0], 'TotalUserCpuTimeHistory': [1533], 'TotalSysCpuTimeHistory': [31], 'WallDurations': [9.0, 90.56163668632507, 1898.0], 'JobIds': ['102542843.0'], 'State': 'finished', 'RecordedSite': True}, '27': {'Retries': 0, 'Restarts': 0, 'SiteHistory': ['Unknown', 'T2_US_Caltech', 'T2_US_Caltech'], 'ResidentSetSize': [1085972], 'SubmitTimes': [1708554690.0], 'StartTimes': [1708555564.0], 'EndTimes': [1708557156.0], 'TotalUserCpuTimeHistory': [1306], 'TotalSysCpuTimeHistory': [33], 'WallDurations': [10.0, 87.56163668632507, 1592.0], 'JobIds': ['102542844.0'], 'State': 'finished', 'RecordedSite': True}, '29': {'Retries': 0, 'Restarts': 0, 'SiteHistory': ['Unknown', 'T2_US_Caltech', 'T2_US_Caltech'], 'ResidentSetSize': [1624072], 'SubmitTimes': [1708554690.0], 'StartTimes': [1708555567.0], 'EndTimes': [1708557080.0], 'TotalUserCpuTimeHistory': [1200], 'TotalSysCpuTimeHistory': [32], 'WallDurations': [9.0, 84.56163668632507, 1513.0], 'JobIds': ['102542845.0'], 'State': 'finished', 'RecordedSite': True}, '28': {'Retries': 1, 'Restarts': 0, 'SiteHistory': ['Unknown', 'T2_US_Caltech', 'T2_US_Caltech', 'T2_US_Caltech', 'T2_US_Caltech'], 'ResidentSetSize': [1531872, 1536844], 'SubmitTimes': [1708554690.0, 1708558377.0], 'StartTimes': [1708555562.0, 1708558397.0], 'EndTimes': [1708556511.0, 1708559206.0], 'TotalUserCpuTimeHistory': [793, 672], 'TotalSysCpuTimeHistory': [25, 15], 'WallDurations': [10.0, 89.56163668632507, 949.0, 9.0, 809.0], 'JobIds': ['102542846.0', '102544388.0'], 'State': 'finished', 'RecordedSite': True}, '23': {'Retries': 0, 'Restarts': 0, 'SiteHistory': ['Unknown', 'T2_US_Caltech', 'T2_US_Caltech'], 'ResidentSetSize': [1375364], 'SubmitTimes': [1708554690.0], 'StartTimes': [1708555565.0], 'EndTimes': [1708557583.0], 'TotalUserCpuTimeHistory': [1628], 'TotalSysCpuTimeHistory': [36], 'WallDurations': [8.0, 86.56163668632507, 2018.0], 'JobIds': ['102542847.0'], 'State': 'finished', 'RecordedSite': True}, '32': {'Retries': 0, 'Restarts': 0, 'SiteHistory': ['Unknown', 'T2_US_Caltech', 'T2_US_Caltech'], 'ResidentSetSize': [1902712], 'SubmitTimes': [1708554690.0], 'StartTimes': [1708555568.0], 'EndTimes': [1708559800.0], 'TotalUserCpuTimeHistory': [2666], 'TotalSysCpuTimeHistory': [54], 'WallDurations': [10.0, 83.56163668632507, 4232.0], 'JobIds': ['102542848.0'], 'State': 'finished', 'RecordedSite': True}, '31': {'Retries': 0, 'Restarts': 0, 'SiteHistory': ['Unknown', 'T2_US_Caltech', 'T2_US_Caltech'], 'ResidentSetSize': [1329148], 'SubmitTimes': [1708554690.0], 'StartTimes': [1708555567.0], 'EndTimes': [1708558225.0], 'TotalUserCpuTimeHistory': [2264], 'TotalSysCpuTimeHistory': [55], 'WallDurations': [10.0, 84.56163668632507, 2658.0], 'JobIds': ['102542849.0'], 'State': 'finished', 'RecordedSite': True}, '33': {'Retries': 0, 'Restarts': 0, 'SiteHistory': ['Unknown', 'T2_US_Caltech', 'T2_US_Caltech'], 'ResidentSetSize': [1431120], 'SubmitTimes': [1708554690.0], 'StartTimes': [1708555568.0], 'EndTimes': [1708558934.0], 'TotalUserCpuTimeHistory': [2924], 'TotalSysCpuTimeHistory': [54], 'WallDurations': [9.0, 83.56163668632507, 3366.0], 'JobIds': ['102542850.0'], 'State': 'finished', 'RecordedSite': True}, '30': {'Retries': 0, 'Restarts': 0, 'SiteHistory': ['Unknown', 'T2_US_Caltech', 'T2_US_Caltech'], 'ResidentSetSize': [1528456], 'SubmitTimes': [1708554690.0], 'StartTimes': [1708555567.0], 'EndTimes': [1708557445.0], 'TotalUserCpuTimeHistory': [1302], 'TotalSysCpuTimeHistory': [42], 'WallDurations': [10.0, 84.56163668632507, 1878.0], 'JobIds': ['102542851.0'], 'State': 'finished', 'RecordedSite': True}, '34': {'Retries': 0, 'Restarts': 0, 'SiteHistory': ['Unknown', 'T2_US_Caltech', 'T2_US_Caltech'], 'ResidentSetSize': [1705068], 'SubmitTimes': [1708554690.0], 'StartTimes': [1708555565.0], 'EndTimes': [1708558851.0], 'TotalUserCpuTimeHistory': [2816], 'TotalSysCpuTimeHistory': [77], 'WallDurations': [8.0, 86.56163668632507, 3286.0], 'JobIds': ['102542852.0'], 'State': 'finished', 'RecordedSite': True}, '35': {'Retries': 0, 'Restarts': 0, 'SiteHistory': ['Unknown', 'T2_US_Caltech', 'T2_US_Caltech'], 'ResidentSetSize': [1401172], 'SubmitTimes': [1708554690.0], 'StartTimes': [1708555566.0], 'EndTimes': [1708558900.0], 'TotalUserCpuTimeHistory': [3011], 'TotalSysCpuTimeHistory': [57], 'WallDurations': [9.0, 85.56163668632507, 3334.0], 'JobIds': ['102542853.0'], 'State': 'finished', 'RecordedSite': True}, '36': {'Retries': 0, 'Restarts': 0, 'SiteHistory': ['Unknown', 'T2_BE_IIHE', 'T2_BE_IIHE'], 'ResidentSetSize': [1333444], 'SubmitTimes': [1708554690.0], 'StartTimes': [1708555477.0], 'EndTimes': [1708556035.0], 'TotalUserCpuTimeHistory': [461], 'TotalSysCpuTimeHistory': [17], 'WallDurations': [9.0, 174.56163668632507, 558.0], 'JobIds': ['102542854.0'], 'State': 'finished', 'RecordedSite': True}, '39': {'Retries': 0, 'Restarts': 0, 'SiteHistory': ['Unknown', 'T2_BE_IIHE', 'T2_BE_IIHE'], 'ResidentSetSize': [1270008], 'SubmitTimes': [1708554690.0], 'StartTimes': [1708555540.0], 'EndTimes': [1708556014.0], 'TotalUserCpuTimeHistory': [392], 'TotalSysCpuTimeHistory': [15], 'WallDurations': [9.0, 111.56163668632507, 474.0], 'JobIds': ['102542855.0'], 'State': 'finished', 'RecordedSite': True}, '40': {'Retries': 0, 'Restarts': 0, 'SiteHistory': ['Unknown', 'T2_US_Caltech', 'T2_US_Caltech'], 'ResidentSetSize': [1572540], 'SubmitTimes': [1708554691.0], 'StartTimes': [1708555560.0], 'EndTimes': [1708556048.0], 'TotalUserCpuTimeHistory': [278], 'TotalSysCpuTimeHistory': [11], 'WallDurations': [10.0, 91.56163668632507, 488.0], 'JobIds': ['102542856.0'], 'State': 'finished', 'RecordedSite': True}, '37': {'Retries': 0, 'Restarts': 0, 'SiteHistory': ['Unknown', 'T2_US_Caltech', 'T2_US_Caltech'], 'ResidentSetSize': [1754380], 'SubmitTimes': [1708554691.0], 'StartTimes': [1708555568.0], 'EndTimes': [1708557574.0], 'TotalUserCpuTimeHistory': [1531], 'TotalSysCpuTimeHistory': [33], 'WallDurations': [8.0, 83.56163668632507, 2006.0], 'JobIds': ['102542857.0'], 'State': 'finished', 'RecordedSite': True}, '38': {'Retries': 0, 'Restarts': 0, 'SiteHistory': ['Unknown', 'T2_US_Caltech', 'T2_US_Caltech'], 'ResidentSetSize': [1675748], 'SubmitTimes': [1708554691.0], 'StartTimes': [1708555565.0], 'EndTimes': [1708557035.0], 'TotalUserCpuTimeHistory': [893], 'TotalSysCpuTimeHistory': [27], 'WallDurations': [9.0, 86.56163668632507, 1470.0], 'JobIds': ['102542858.0'], 'State': 'finished', 'RecordedSite': True}, '41': {'Retries': 0, 'Restarts': 0, 'SiteHistory': ['Unknown', 'T2_US_Caltech', 'T2_US_Caltech'], 'ResidentSetSize': [1341260], 'SubmitTimes': [1708554691.0], 'StartTimes': [1708555586.0], 'EndTimes': [1708557428.0], 'TotalUserCpuTimeHistory': [1216], 'TotalSysCpuTimeHistory': [28], 'WallDurations': [9.0, 65.56163668632507, 1842.0], 'JobIds': ['102542859.0'], 'State': 'finished', 'RecordedSite': True}, '42': {'Retries': 0, 'Restarts': 0, 'SiteHistory': ['Unknown', 'T2_US_Caltech', 'T2_US_Caltech'], 'ResidentSetSize': [1857704], 'SubmitTimes': [1708554691.0], 'StartTimes': [1708555571.0], 'EndTimes': [1708559380.0], 'TotalUserCpuTimeHistory': [3262], 'TotalSysCpuTimeHistory': [78], 'WallDurations': [9.0, 80.56163668632507, 3809.0], 'JobIds': ['102542860.0'], 'State': 'finished', 'RecordedSite': True}, '43': {'Retries': 0, 'Restarts': 0, 'SiteHistory': ['Unknown', 'T2_US_Caltech', 'T2_US_Caltech'], 'ResidentSetSize': [1851080], 'SubmitTimes': [1708554691.0], 'StartTimes': [1708555583.0], 'EndTimes': [1708558336.0], 'TotalUserCpuTimeHistory': [1949], 'TotalSysCpuTimeHistory': [43], 'WallDurations': [9.0, 68.56163668632507, 2753.0], 'JobIds': ['102542861.0'], 'State': 'finished', 'RecordedSite': True}, '44': {'Retries': 0, 'Restarts': 0, 'SiteHistory': ['Unknown', 'T2_US_Caltech', 'T2_US_Caltech'], 'ResidentSetSize': [1849520], 'SubmitTimes': [1708554691.0], 'StartTimes': [1708555570.0], 'EndTimes': [1708558568.0], 'TotalUserCpuTimeHistory': [2565], 'TotalSysCpuTimeHistory': [72], 'WallDurations': [10.0, 81.56163668632507, 2998.0], 'JobIds': ['102542862.0'], 'State': 'finished', 'RecordedSite': True}, '45': {'Retries': 0, 'Restarts': 0, 'SiteHistory': ['Unknown', 'T2_US_Caltech', 'T2_US_Caltech'], 'ResidentSetSize': [1768836], 'SubmitTimes': [1708554691.0], 'StartTimes': [1708555570.0], 'EndTimes': [1708556835.0], 'TotalUserCpuTimeHistory': [874], 'TotalSysCpuTimeHistory': [23], 'WallDurations': [9.0, 81.56163668632507, 1265.0], 'JobIds': ['102542863.0'], 'State': 'finished', 'RecordedSite': True}, '46': {'Retries': 0, 'Restarts': 0, 'SiteHistory': ['Unknown', 'T2_US_Caltech', 'T2_US_Caltech'], 'ResidentSetSize': [1703660], 'SubmitTimes': [1708554691.0], 'StartTimes': [1708555571.0], 'EndTimes': [1708558456.0], 'TotalUserCpuTimeHistory': [1854], 'TotalSysCpuTimeHistory': [54], 'WallDurations': [9.0, 80.56163668632507, 2885.0], 'JobIds': ['102542864.0'], 'State': 'finished', 'RecordedSite': True}, '47': {'Retries': 1, 'Restarts': 0, 'SiteHistory': ['Unknown', 'T2_US_Caltech', 'T2_US_Caltech', 'T2_US_Caltech', 'T2_US_Caltech'], 'ResidentSetSize': [1650776, 1737276], 'SubmitTimes': [1708554691.0, 1708558463.0], 'StartTimes': [1708555570.0, 1708558512.0], 'EndTimes': [1708556591.0, 1708560778.0], 'TotalUserCpuTimeHistory': [772, 1807], 'TotalSysCpuTimeHistory': [20, 48], 'WallDurations': [9.0, 81.56163668632507, 1021.0, 10.0, 2266.0], 'JobIds': ['102542865.0', '102544402.0'], 'State': 'finished', 'RecordedSite': True}, '48': {'Retries': 0, 'Restarts': 0, 'SiteHistory': ['Unknown', 'T2_US_Caltech', 'T2_US_Caltech'], 'ResidentSetSize': [1699772], 'SubmitTimes': [1708554691.0], 'StartTimes': [1708555571.0], 'EndTimes': [1708557763.0], 'TotalUserCpuTimeHistory': [1768], 'TotalSysCpuTimeHistory': [46], 'WallDurations': [9.0, 80.56163668632507, 2192.0], 'JobIds': ['102542866.0'], 'State': 'finished', 'RecordedSite': True}, '51': {'Retries': 0, 'Restarts': 0, 'SiteHistory': ['Unknown', 'T2_US_Caltech', 'T2_US_Caltech'], 'ResidentSetSize': [1718932], 'SubmitTimes': [1708554691.0], 'StartTimes': [1708555573.0], 'EndTimes': [1708556807.0], 'TotalUserCpuTimeHistory': [904], 'TotalSysCpuTimeHistory': [23], 'WallDurations': [9.0, 78.56163668632507, 1234.0], 'JobIds': ['102542867.0'], 'State': 'finished', 'RecordedSite': True}, '49': {'Retries': 0, 'Restarts': 0, 'SiteHistory': ['Unknown', 'T2_US_Caltech', 'T2_US_Caltech'], 'ResidentSetSize': [1567496], 'SubmitTimes': [1708554691.0], 'StartTimes': [1708555570.0], 'EndTimes': [1708557139.0], 'TotalUserCpuTimeHistory': [1278], 'TotalSysCpuTimeHistory': [30], 'WallDurations': [9.0, 81.56163668632507, 1569.0], 'JobIds': ['102542868.0'], 'State': 'finished', 'RecordedSite': True}, '50': {'Retries': 0, 'Restarts': 0, 'SiteHistory': ['Unknown', 'T2_US_Caltech', 'T2_US_Caltech'], 'ResidentSetSize': [1103876], 'SubmitTimes': [1708554691.0], 'StartTimes': [1708555570.0], 'EndTimes': [1708557049.0], 'TotalUserCpuTimeHistory': [1005], 'TotalSysCpuTimeHistory': [33], 'WallDurations': [9.0, 81.56163668632507, 1479.0], 'JobIds': ['102542869.0'], 'State': 'finished', 'RecordedSite': True}, '53': {'Retries': 0, 'Restarts': 0, 'SiteHistory': ['Unknown', 'T2_US_Caltech', 'T2_US_Caltech'], 'ResidentSetSize': [1442848], 'SubmitTimes': [1708554691.0], 'StartTimes': [1708555571.0], 'EndTimes': [1708557930.0], 'TotalUserCpuTimeHistory': [1936], 'TotalSysCpuTimeHistory': [45], 'WallDurations': [9.0, 80.56163668632507, 2359.0], 'JobIds': ['102542870.0'], 'State': 'finished', 'RecordedSite': True}, '56': {'Retries': 0, 'Restarts': 0, 'SiteHistory': ['Unknown', 'T2_US_Caltech', 'T2_US_Caltech'], 'ResidentSetSize': [1389576], 'SubmitTimes': [1708554691.0], 'StartTimes': [1708555572.0], 'EndTimes': [1708557742.0], 'TotalUserCpuTimeHistory': [1761], 'TotalSysCpuTimeHistory': [37], 'WallDurations': [9.0, 79.56163668632507, 2170.0], 'JobIds': ['102542871.0'], 'State': 'finished', 'RecordedSite': True}, '52': {'Retries': 0, 'Restarts': 0, 'SiteHistory': ['Unknown', 'T2_US_Caltech', 'T2_US_Caltech'], 'ResidentSetSize': [1747740], 'SubmitTimes': [1708554692.0], 'StartTimes': [1708555570.0], 'EndTimes': [1708557729.0], 'TotalUserCpuTimeHistory': [1660], 'TotalSysCpuTimeHistory': [35], 'WallDurations': [9.0, 81.56163668632507, 2159.0], 'JobIds': ['102542872.0'], 'State': 'finished', 'RecordedSite': True}, '54': {'Retries': 0, 'Restarts': 0, 'SiteHistory': ['Unknown', 'T2_US_Caltech', 'T2_US_Caltech'], 'ResidentSetSize': [1836668], 'SubmitTimes': [1708554692.0], 'StartTimes': [1708555570.0], 'EndTimes': [1708560486.0], 'TotalUserCpuTimeHistory': [3698], 'TotalSysCpuTimeHistory': [80], 'WallDurations': [10.0, 81.56163668632507, 4916.0], 'JobIds': ['102542873.0'], 'State': 'finished', 'RecordedSite': True}, '55': {'Retries': 0, 'Restarts': 0, 'SiteHistory': ['Unknown', 'T2_US_Caltech', 'T2_US_Caltech'], 'ResidentSetSize': [1773596], 'SubmitTimes': [1708554692.0], 'StartTimes': [1708555569.0], 'EndTimes': [1708558961.0], 'TotalUserCpuTimeHistory': [2762], 'TotalSysCpuTimeHistory': [64], 'WallDurations': [9.0, 82.56163668632507, 3392.0], 'JobIds': ['102542874.0'], 'State': 'finished', 'RecordedSite': True}, '58': {'Retries': 0, 'Restarts': 0, 'SiteHistory': ['Unknown', 'T2_US_Caltech', 'T2_US_Caltech'], 'ResidentSetSize': [1711872], 'SubmitTimes': [1708554692.0], 'StartTimes': [1708555569.0], 'EndTimes': [1708559429.0], 'TotalUserCpuTimeHistory': [1955], 'TotalSysCpuTimeHistory': [84], 'WallDurations': [10.0, 82.56163668632507, 3860.0], 'JobIds': ['102542875.0'], 'State': 'finished', 'RecordedSite': True}, '57': {'Retries': 0, 'Restarts': 0, 'SiteHistory': ['Unknown', 'T2_US_Caltech', 'T2_US_Caltech'], 'ResidentSetSize': [1764684], 'SubmitTimes': [1708554692.0], 'StartTimes': [1708555569.0], 'EndTimes': [1708557179.0], 'TotalUserCpuTimeHistory': [1315], 'TotalSysCpuTimeHistory': [35], 'WallDurations': [10.0, 82.56163668632507, 1610.0], 'JobIds': ['102542876.0'], 'State': 'finished', 'RecordedSite': True}, '62': {'Retries': 0, 'Restarts': 0, 'SiteHistory': ['Unknown', 'T2_US_Caltech', 'T2_US_Caltech'], 'ResidentSetSize': [1842280], 'SubmitTimes': [1708554692.0], 'StartTimes': [1708555579.0], 'EndTimes': [1708560979.0], 'TotalUserCpuTimeHistory': [3332], 'TotalSysCpuTimeHistory': [100], 'WallDurations': [9.0, 72.56163668632507, 5400.0], 'JobIds': ['102542877.0'], 'State': 'finished', 'RecordedSite': True}, '59': {'Retries': 0, 'Restarts': 0, 'SiteHistory': ['Unknown', 'T2_US_Caltech', 'T2_US_Caltech'], 'ResidentSetSize': [1288028], 'SubmitTimes': [1708554692.0], 'StartTimes': [1708555573.0], 'EndTimes': [1708558261.0], 'TotalUserCpuTimeHistory': [1945], 'TotalSysCpuTimeHistory': [49], 'WallDurations': [10.0, 78.56163668632507, 2688.0], 'JobIds': ['102542878.0'], 'State': 'finished', 'RecordedSite': True}, '60': {'Retries': 0, 'Restarts': 0, 'SiteHistory': ['Unknown', 'T2_US_Caltech', 'T2_US_Caltech'], 'ResidentSetSize': [1453704], 'SubmitTimes': [1708554692.0], 'StartTimes': [1708555569.0], 'EndTimes': [1708559830.0], 'TotalUserCpuTimeHistory': [3815], 'TotalSysCpuTimeHistory': [89], 'WallDurations': [9.0, 82.56163668632507, 4261.0], 'JobIds': ['102542879.0'], 'State': 'finished', 'RecordedSite': True}, '61': {'Retries': 0, 'Restarts': 0, 'SiteHistory': ['Unknown', 'T2_US_Caltech', 'T2_US_Caltech'], 'ResidentSetSize': [1487680], 'SubmitTimes': [1708554692.0], 'StartTimes': [1708555585.0], 'EndTimes': [1708558819.0], 'TotalUserCpuTimeHistory': [1765], 'TotalSysCpuTimeHistory': [35], 'WallDurations': [9.0, 66.56163668632507, 3234.0], 'JobIds': ['102542880.0'], 'State': 'finished', 'RecordedSite': True}, '63': {'Retries': 0, 'Restarts': 0, 'SiteHistory': ['Unknown', 'T2_US_Caltech', 'T2_US_Caltech'], 'ResidentSetSize': [1444860], 'SubmitTimes': [1708554692.0], 'StartTimes': [1708555572.0], 'EndTimes': [1708559252.0], 'TotalUserCpuTimeHistory': [3043], 'TotalSysCpuTimeHistory': [64], 'WallDurations': [10.0, 79.56163668632507, 3680.0], 'JobIds': ['102542881.0'], 'State': 'finished', 'RecordedSite': True}, '67': {'Retries': 0, 'Restarts': 0, 'SiteHistory': ['Unknown', 'T2_US_Caltech', 'T2_US_Caltech'], 'ResidentSetSize': [1723732], 'SubmitTimes': [1708554692.0], 'StartTimes': [1708555565.0], 'EndTimes': [1708557289.0], 'TotalUserCpuTimeHistory': [1328], 'TotalSysCpuTimeHistory': [36], 'WallDurations': [9.0, 86.56163668632507, 1724.0], 'JobIds': ['102542882.0'], 'State': 'finished', 'RecordedSite': True}, '64': {'Retries': 0, 'Restarts': 0, 'SiteHistory': ['Unknown', 'T2_US_Caltech', 'T2_US_Caltech'], 'ResidentSetSize': [1375488], 'SubmitTimes': [1708554692.0], 'StartTimes': [1708555571.0], 'EndTimes': [1708555865.0], 'TotalUserCpuTimeHistory': [215], 'TotalSysCpuTimeHistory': [6], 'WallDurations': [9.0, 80.56163668632507, 294.0], 'JobIds': ['102542883.0'], 'State': 'finished', 'RecordedSite': True}, '66': {'Retries': 0, 'Restarts': 0, 'SiteHistory': ['Unknown', 'T2_US_Caltech', 'T2_US_Caltech'], 'ResidentSetSize': [1578732], 'SubmitTimes': [1708554692.0], 'StartTimes': [1708555572.0], 'EndTimes': [1708556599.0], 'TotalUserCpuTimeHistory': [509], 'TotalSysCpuTimeHistory': [11], 'WallDurations': [10.0, 79.56163668632507, 1027.0], 'JobIds': ['102542884.0'], 'State': 'finished', 'RecordedSite': True}, '68': {'Retries': 0, 'Restarts': 0, 'SiteHistory': ['Unknown', 'T2_US_Caltech', 'T2_US_Caltech'], 'ResidentSetSize': [1787528], 'SubmitTimes': [1708554692.0], 'StartTimes': [1708555571.0], 'EndTimes': [1708557364.0], 'TotalUserCpuTimeHistory': [1370], 'TotalSysCpuTimeHistory': [46], 'WallDurations': [9.0, 80.56163668632507, 1793.0], 'JobIds': ['102542885.0'], 'State': 'finished', 'RecordedSite': True}, '65': {'Retries': 0, 'Restarts': 0, 'SiteHistory': ['Unknown', 'T2_US_Caltech', 'T2_US_Caltech'], 'ResidentSetSize': [1648100], 'SubmitTimes': [1708554692.0], 'StartTimes': [1708555572.0], 'EndTimes': [1708558335.0], 'TotalUserCpuTimeHistory': [2204], 'TotalSysCpuTimeHistory': [64], 'WallDurations': [9.0, 79.56163668632507, 2763.0], 'JobIds': ['102542886.0'], 'State': 'finished', 'RecordedSite': True}, '69': {'Retries': 0, 'Restarts': 0, 'SiteHistory': ['Unknown', 'T2_US_Caltech', 'T2_US_Caltech'], 'ResidentSetSize': [1123052], 'SubmitTimes': [1708554692.0], 'StartTimes': [1708555572.0], 'EndTimes': [1708556883.0], 'TotalUserCpuTimeHistory': [1164], 'TotalSysCpuTimeHistory': [28], 'WallDurations': [9.0, 79.56163668632507, 1311.0], 'JobIds': ['102542887.0'], 'State': 'finished', 'RecordedSite': True}, '70': {'Retries': 0, 'Restarts': 0, 'SiteHistory': ['Unknown', 'T2_US_Caltech', 'T2_US_Caltech'], 'ResidentSetSize': [1753428], 'SubmitTimes': [1708554692.0], 'StartTimes': [1708555874.0], 'EndTimes': [1708558714.0], 'TotalUserCpuTimeHistory': [2253], 'TotalSysCpuTimeHistory': [55], 'WallDurations': [9.0, 78.84468960762024, 2840.0], 'JobIds': ['102542888.0'], 'State': 'finished', 'RecordedSite': True}, '71': {'Retries': 0, 'Restarts': 0, 'SiteHistory': ['Unknown', 'T2_US_Caltech', 'T2_US_Caltech'], 'ResidentSetSize': [1852844], 'SubmitTimes': [1708554692.0], 'StartTimes': [1708556055.0], 'EndTimes': [1708559740.0], 'TotalUserCpuTimeHistory': [3085], 'TotalSysCpuTimeHistory': [77], 'WallDurations': [9.0, 199.70903491973877, 3685.0], 'JobIds': ['102542889.0'], 'State': 'finished', 'RecordedSite': True}, '74': {'Retries': 0, 'Restarts': 0, 'SiteHistory': ['Unknown', 'T2_US_Caltech', 'T2_US_Caltech'], 'ResidentSetSize': [1693736], 'SubmitTimes': [1708554692.0], 'StartTimes': [1708556121.0], 'EndTimes': [1708557895.0], 'TotalUserCpuTimeHistory': [1399], 'TotalSysCpuTimeHistory': [43], 'WallDurations': [9.0, 133.70903491973877, 1774.0], 'JobIds': ['102542890.0'], 'State': 'finished', 'RecordedSite': True}, '73': {'Retries': 0, 'Restarts': 0, 'SiteHistory': ['Unknown', 'T2_US_Caltech', 'T2_US_Caltech'], 'ResidentSetSize': [1740808], 'SubmitTimes': [1708554692.0], 'StartTimes': [1708556299.0], 'EndTimes': [1708559491.0], 'TotalUserCpuTimeHistory': [1109], 'TotalSysCpuTimeHistory': [36], 'WallDurations': [9.0, 259.0592851638794, 3192.0], 'JobIds': ['102542891.0'], 'State': 'finished', 'RecordedSite': True}, '72': {'Retries': 0, 'Restarts': 0, 'SiteHistory': ['Unknown', 'T2_US_Caltech', 'T2_US_Caltech'], 'ResidentSetSize': [1897104], 'SubmitTimes': [1708554692.0], 'StartTimes': [1708556285.0], 'EndTimes': [1708559244.0], 'TotalUserCpuTimeHistory': [2446], 'TotalSysCpuTimeHistory': [62], 'WallDurations': [9.0, 273.0592851638794, 2959.0], 'JobIds': ['102542892.0'], 'State': 'finished', 'RecordedSite': True}, '76': {'Retries': 0, 'Restarts': 0, 'SiteHistory': ['Unknown', 'T2_US_Caltech', 'T2_US_Caltech'], 'ResidentSetSize': [1762360], 'SubmitTimes': [1708554692.0], 'StartTimes': [1708556289.0], 'EndTimes': [1708559087.0], 'TotalUserCpuTimeHistory': [2356], 'TotalSysCpuTimeHistory': [49], 'WallDurations': [9.0, 269.0592851638794, 2798.0], 'JobIds': ['102542893.0'], 'State': 'finished', 'RecordedSite': True}, '75': {'Retries': 0, 'Restarts': 0, 'SiteHistory': ['Unknown', 'T2_US_Caltech', 'T2_US_Caltech'], 'ResidentSetSize': [1685116], 'SubmitTimes': [1708554692.0], 'StartTimes': [1708556286.0], 'EndTimes': [1708558857.0], 'TotalUserCpuTimeHistory': [1816], 'TotalSysCpuTimeHistory': [47], 'WallDurations': [9.0, 272.0592851638794, 2571.0], 'JobIds': ['102542894.0'], 'State': 'finished', 'RecordedSite': True}, '80': {'Retries': 0, 'Restarts': 0, 'SiteHistory': ['Unknown', 'T2_US_Caltech', 'T2_US_Caltech'], 'ResidentSetSize': [1753312], 'SubmitTimes': [1708554692.0], 'StartTimes': [1708556283.0], 'EndTimes': [1708558514.0], 'TotalUserCpuTimeHistory': [1140], 'TotalSysCpuTimeHistory': [29], 'WallDurations': [9.0, 275.0592851638794, 2231.0], 'JobIds': ['102542895.0'], 'State': 'finished', 'RecordedSite': True}, '81': {'Retries': 0, 'Restarts': 0, 'SiteHistory': ['Unknown', 'T2_US_Caltech', 'T2_US_Caltech'], 'ResidentSetSize': [1933012], 'SubmitTimes': [1708554692.0], 'StartTimes': [1708556283.0], 'EndTimes': [1708559194.0], 'TotalUserCpuTimeHistory': [2408], 'TotalSysCpuTimeHistory': [64], 'WallDurations': [10.0, 275.0592851638794, 2911.0], 'JobIds': ['102542896.0'], 'State': 'finished', 'RecordedSite': True}, '78': {'Retries': 0, 'Restarts': 0, 'SiteHistory': ['Unknown', 'T2_US_Caltech', 'T2_US_Caltech'], 'ResidentSetSize': [1736972], 'SubmitTimes': [1708554692.0], 'StartTimes': [1708556284.0], 'EndTimes': [1708558732.0], 'TotalUserCpuTimeHistory': [1885], 'TotalSysCpuTimeHistory': [36], 'WallDurations': [10.0, 274.0592851638794, 2448.0], 'JobIds': ['102542897.0'], 'State': 'finished', 'RecordedSite': True}, '77': {'Retries': 0, 'Restarts': 0, 'SiteHistory': ['Unknown', 'T2_US_Caltech', 'T2_US_Caltech'], 'ResidentSetSize': [1894512], 'SubmitTimes': [1708554692.0], 'StartTimes': [1708556283.0], 'EndTimes': [1708559527.0], 'TotalUserCpuTimeHistory': [2668], 'TotalSysCpuTimeHistory': [49], 'WallDurations': [10.0, 275.0592851638794, 3244.0], 'JobIds': ['102542898.0'], 'State': 'finished', 'RecordedSite': True}, '79': {'Retries': 0, 'Restarts': 0, 'SiteHistory': ['Unknown', 'T2_US_Caltech', 'T2_US_Caltech'], 'ResidentSetSize': [1697320], 'SubmitTimes': [1708554692.0], 'StartTimes': [1708556284.0], 'EndTimes': [1708558333.0], 'TotalUserCpuTimeHistory': [1695], 'TotalSysCpuTimeHistory': [59], 'WallDurations': [9.0, 274.0592851638794, 2049.0], 'JobIds': ['102542899.0'], 'State': 'finished', 'RecordedSite': True}, '84': {'Retries': 0, 'Restarts': 0, 'SiteHistory': ['Unknown', 'T2_US_Caltech', 'T2_US_Caltech'], 'ResidentSetSize': [1871212], 'SubmitTimes': [1708554692.0], 'StartTimes': [1708556284.0], 'EndTimes': [1708561005.0], 'TotalUserCpuTimeHistory': [4225], 'TotalSysCpuTimeHistory': [73], 'WallDurations': [9.0, 274.0592851638794, 4721.0], 'JobIds': ['102542900.0'], 'State': 'finished', 'RecordedSite': True}, '83': {'Retries': 0, 'Restarts': 0, 'SiteHistory': ['Unknown', 'T2_US_Caltech', 'T2_US_Caltech'], 'ResidentSetSize': [1826480], 'SubmitTimes': [1708554692.0], 'StartTimes': [1708556284.0], 'EndTimes': [1708560855.0], 'TotalUserCpuTimeHistory': [4153], 'TotalSysCpuTimeHistory': [81], 'WallDurations': [9.0, 274.0592851638794, 4571.0], 'JobIds': ['102542901.0'], 'State': 'finished', 'RecordedSite': True}, '88': {'Retries': 0, 'Restarts': 0, 'SiteHistory': ['Unknown', 'T2_US_Caltech', 'T2_US_Caltech'], 'ResidentSetSize': [1616200], 'SubmitTimes': [1708554692.0], 'StartTimes': [1708556284.0], 'EndTimes': [1708557898.0], 'TotalUserCpuTimeHistory': [1279], 'TotalSysCpuTimeHistory': [48], 'WallDurations': [9.0, 274.0592851638794, 1614.0], 'JobIds': ['102542902.0'], 'State': 'finished', 'RecordedSite': True}, '82': {'Retries': 0, 'Restarts': 0, 'SiteHistory': ['Unknown', 'T2_US_Caltech', 'T2_US_Caltech'], 'ResidentSetSize': [1858412], 'SubmitTimes': [1708554692.0], 'StartTimes': [1708556285.0], 'EndTimes': [1708558624.0], 'TotalUserCpuTimeHistory': [1926], 'TotalSysCpuTimeHistory': [33], 'WallDurations': [9.0, 273.0592851638794, 2339.0], 'JobIds': ['102542903.0'], 'State': 'finished', 'RecordedSite': True}, '85': {'Retries': 0, 'Restarts': 0, 'SiteHistory': ['Unknown', 'T2_US_Caltech', 'T2_US_Caltech'], 'ResidentSetSize': [1686412], 'SubmitTimes': [1708554692.0], 'StartTimes': [1708556291.0], 'EndTimes': [1708557915.0], 'TotalUserCpuTimeHistory': [1252], 'TotalSysCpuTimeHistory': [26], 'WallDurations': [9.0, 267.0592851638794, 1624.0], 'JobIds': ['102542904.0'], 'State': 'finished', 'RecordedSite': True}, '86': {'Retries': 0, 'Restarts': 0, 'SiteHistory': ['Unknown', 'T2_US_Caltech', 'T2_US_Caltech'], 'ResidentSetSize': [1522712], 'SubmitTimes': [1708554692.0], 'StartTimes': [1708556289.0], 'EndTimes': [1708558321.0], 'TotalUserCpuTimeHistory': [1246], 'TotalSysCpuTimeHistory': [38], 'WallDurations': [10.0, 269.0592851638794, 2032.0], 'JobIds': ['102542905.0'], 'State': 'finished', 'RecordedSite': True}, '87': {'Retries': 0, 'Restarts': 0, 'SiteHistory': ['Unknown', 'T2_US_Caltech', 'T2_US_Caltech'], 'ResidentSetSize': [1546452], 'SubmitTimes': [1708554692.0], 'StartTimes': [1708556302.0], 'EndTimes': [1708558546.0], 'TotalUserCpuTimeHistory': [1212], 'TotalSysCpuTimeHistory': [45], 'WallDurations': [9.0, 256.0592851638794, 2244.0], 'JobIds': ['102542906.0'], 'State': 'finished', 'RecordedSite': True}, '89': {'Retries': 0, 'Restarts': 0, 'SiteHistory': ['Unknown', 'T2_US_Caltech', 'T2_US_Caltech'], 'ResidentSetSize': [1590892], 'SubmitTimes': [1708554693.0], 'StartTimes': [1708556284.0], 'EndTimes': [1708557403.0], 'TotalUserCpuTimeHistory': [803], 'TotalSysCpuTimeHistory': [26], 'WallDurations': [10.0, 274.0592851638794, 1119.0], 'JobIds': ['102542907.0'], 'State': 'finished', 'RecordedSite': True}, '91': {'Retries': 0, 'Restarts': 0, 'SiteHistory': ['Unknown', 'T2_US_Caltech', 'T2_US_Caltech'], 'ResidentSetSize': [1731708], 'SubmitTimes': [1708554698.0], 'StartTimes': [1708556284.0], 'EndTimes': [1708557819.0], 'TotalUserCpuTimeHistory': [1188], 'TotalSysCpuTimeHistory': [25], 'WallDurations': [8.0, 274.0592851638794, 1535.0], 'JobIds': ['102542908.0'], 'State': 'finished', 'RecordedSite': True}, '90': {'Retries': 0, 'Restarts': 0, 'SiteHistory': ['Unknown', 'T2_US_Caltech', 'T2_US_Caltech'], 'ResidentSetSize': [1758240], 'SubmitTimes': [1708554698.0], 'StartTimes': [1708556282.0], 'EndTimes': [1708558794.0], 'TotalUserCpuTimeHistory': [2109], 'TotalSysCpuTimeHistory': [57], 'WallDurations': [9.0, 276.0592851638794, 2512.0], 'JobIds': ['102542909.0'], 'State': 'finished', 'RecordedSite': True}, '92': {'Retries': 0, 'Restarts': 0, 'SiteHistory': ['Unknown', 'T2_US_Caltech', 'T2_US_Caltech'], 'ResidentSetSize': [1742580], 'SubmitTimes': [1708554698.0], 'StartTimes': [1708556284.0], 'EndTimes': [1708559125.0], 'TotalUserCpuTimeHistory': [2434], 'TotalSysCpuTimeHistory': [62], 'WallDurations': [9.0, 274.0592851638794, 2841.0], 'JobIds': ['102542910.0'], 'State': 'finished', 'RecordedSite': True}, '93': {'Retries': 0, 'Restarts': 0, 'SiteHistory': ['Unknown', 'T2_US_Caltech', 'T2_US_Caltech'], 'ResidentSetSize': [1908524], 'SubmitTimes': [1708554698.0], 'StartTimes': [1708556285.0], 'EndTimes': [1708559144.0], 'TotalUserCpuTimeHistory': [2479], 'TotalSysCpuTimeHistory': [49], 'WallDurations': [10.0, 273.0592851638794, 2859.0], 'JobIds': ['102542911.0'], 'State': 'finished', 'RecordedSite': True}, '94': {'Retries': 0, 'Restarts': 0, 'SiteHistory': ['Unknown', 'T2_US_Caltech', 'T2_US_Caltech'], 'ResidentSetSize': [1887924], 'SubmitTimes': [1708554698.0], 'StartTimes': [1708556285.0], 'EndTimes': [1708559310.0], 'TotalUserCpuTimeHistory': [2578], 'TotalSysCpuTimeHistory': [58], 'WallDurations': [9.0, 273.0592851638794, 3025.0], 'JobIds': ['102542912.0'], 'State': 'finished', 'RecordedSite': True}, '96': {'Retries': 0, 'Restarts': 0, 'SiteHistory': ['Unknown', 'T2_US_Caltech', 'T2_US_Caltech'], 'ResidentSetSize': [1762796], 'SubmitTimes': [1708554698.0], 'StartTimes': [1708556283.0], 'EndTimes': [1708558708.0], 'TotalUserCpuTimeHistory': [1808], 'TotalSysCpuTimeHistory': [33], 'WallDurations': [10.0, 275.0592851638794, 2425.0], 'JobIds': ['102542913.0'], 'State': 'finished', 'RecordedSite': True}, '21': {'Retries': 0, 'Restarts': 0, 'SiteHistory': ['Unknown', 'T2_US_Caltech', 'T2_US_Caltech'], 'ResidentSetSize': [1844328], 'SubmitTimes': [1708554698.0], 'StartTimes': [1708556287.0], 'EndTimes': [1708558586.0], 'TotalUserCpuTimeHistory': [1892], 'TotalSysCpuTimeHistory': [37], 'WallDurations': [9.0, 271.0592851638794, 2299.0], 'JobIds': ['102542914.0'], 'State': 'finished', 'RecordedSite': True}, '95': {'Retries': 0, 'Restarts': 0, 'SiteHistory': ['Unknown', 'T2_US_Caltech', 'T2_US_Caltech'], 'ResidentSetSize': [1827432], 'SubmitTimes': [1708554698.0], 'StartTimes': [1708556282.0], 'EndTimes': [1708559142.0], 'TotalUserCpuTimeHistory': [2449], 'TotalSysCpuTimeHistory': [55], 'WallDurations': [9.0, 276.0592851638794, 2860.0], 'JobIds': ['102542915.0'], 'State': 'finished', 'RecordedSite': True}}
INFO 2024-02-22 20:24:58.126 UTC: 	 Status on the scheduler:	COMPLETED
INFO 2024-02-22 20:24:58.127 UTC: 	 
Jobs status:                    finished     		100.0% (96/96)
DEBUG 2024-02-22 20:24:58.127 UTC: 	 Encoded data for curl request: subresource=publicationstatus&workflow=240221_223027%3Ambuonsan_crab_SkimB4Mu_2023eraC-v3_stream2_Mini&username=mbuonsan
INFO 2024-02-22 20:24:58.316 UTC: 	 
Output dataset:			/FakeDataset/fakefile-FakePublish-2f9c1bcad48a89a2034abb546c591e65/USER
INFO 2024-02-22 20:24:58.316 UTC: 	 
No publication information available yet
INFO 2024-02-22 20:24:58.319 UTC: 	 
Warning: the max jobs runtime is less than 30% of the task requested value (1250 min), please consider to request a lower value for failed jobs (allowed through crab resubmit) and/or improve the jobs splitting (e.g. config.Data.splitting = 'Automatic') in a new task.
INFO 2024-02-22 20:24:58.319 UTC: 	 
Summary of run jobs:
 * Memory: 1096MB min, 1887MB max, 1602MB ave
 * Runtime: 0:04:20 min, 1:30:00 max, 0:38:33 ave
 * CPU eff: 22% min, 93% max, 80% ave
 * Waste: 5:50:15 (9% of total)

DEBUG 2024-02-22 20:24:58.320 UTC: 	 Requesting resubmission of failed jobs in task 240221_223027:mbuonsan_crab_SkimB4Mu_2023eraC-v3_stream2_Mini
ERROR 2024-02-22 20:24:58.320 UTC: 	 Found no jobs to resubmit. Only jobs in status failed can be resubmitted. Jobs in status finished can also be resubmitted, but only if the jobids are specified and the force option is set.
ERROR 2024-02-22 20:24:58.320 UTC: 	 Caught ClientException exception
Traceback (most recent call last):
  File "/cvmfs/cms.cern.ch/share/cms/crab-prod/v3.240110.01/bin/crab.py", line 152, in <module>
    client()
  File "/cvmfs/cms.cern.ch/share/cms/crab-prod/v3.240110.01/bin/crab.py", line 137, in __call__
    returnDict = self.cmd()
  File "/cvmfs/cms.cern.ch/share/cms/crab-prod/v3.240110.01/lib/CRABClient/Commands/resubmit.py", line 65, in __call__
    self.jobids = self.processJobIds(jobList)
  File "/cvmfs/cms.cern.ch/share/cms/crab-prod/v3.240110.01/lib/CRABClient/Commands/resubmit.py", line 171, in processJobIds
    raise ConfigurationException(msg)
CRABClient.ClientExceptions.ConfigurationException: Found no jobs to resubmit. Only jobs in status failed can be resubmitted. Jobs in status finished can also be resubmitted, but only if the jobids are specified and the force option is set.
