DEBUG 2024-02-21 22:43:08.976 UTC: 	 CRAB Client version: v3.240110
DEBUG 2024-02-21 22:43:08.977 UTC: 	 Running on: Linux ui02.recas.ba.infn.it 3.10.0-1160.80.1.el7.x86_64 #1 SMP Tue Nov 8 15:48:59 UTC 2022 x86_64 x86_64 x86_64 GNU/Linux - CentOS Linux 7 (Core)
DEBUG 2024-02-21 22:43:08.977 UTC: 	 Executing command: 'submit'
DEBUG 2024-02-21 22:43:08.977 UTC: 	 Found CRAB cache file /lustrehome/mbuonsante/.crab3
INFO 2024-02-21 22:43:08.977 UTC: 	 Will use CRAB configuration file CRAB_stream_6.py
DEBUG 2024-02-21 22:43:08.978 UTC: 	 Loading CRAB configuration file.
DEBUG 2024-02-21 22:43:08.981 UTC: 	 Will use CRAB plugin ANALYSIS (i.e. will run an analysis job type).
DEBUG 2024-02-21 22:43:08.983 UTC: 	 Checking credentials
DEBUG 2024-02-21 22:43:08.983 UTC: 	 Found proxy file /tmp/x509up_u881331
DEBUG 2024-02-21 22:43:08.983 UTC: 	 Making sure it has proper VOMS extension
DEBUG 2024-02-21 22:43:08.983 UTC: 	 Executing command :
 voms-proxy-info --vo --file /tmp/x509up_u881331
DEBUG 2024-02-21 22:43:10.350 UTC: 	 output : cms

 error: 
 retcode : 0
DEBUG 2024-02-21 22:43:10.350 UTC: 	 Getting proxy life time left
DEBUG 2024-02-21 22:43:10.350 UTC: 	 Executing command :
 voms-proxy-info --actimeleft --timeleft --file /tmp/x509up_u881331
DEBUG 2024-02-21 22:43:11.802 UTC: 	 output : 478626
478625

 error: 
 retcode : 0
DEBUG 2024-02-21 22:43:11.802 UTC: 	 Proxy valid for 132:57:05 hours
DEBUG 2024-02-21 22:43:11.803 UTC: 	 Encoded data for curl request: subresource=delegatedn
DEBUG 2024-02-21 22:43:12.008 UTC: 	 Registering user credentials on myproxy for /DC=ch/DC=cern/OU=computers/CN=crab-(preprod|prod|dev)-tw(01|02|03).cern.ch|/DC=ch/DC=cern/OU=computers/CN=stefanov(m|m2).cern.ch|/DC=ch/DC=cern/OU=computers/CN=dciangot-tw.cern.ch
DEBUG 2024-02-21 22:43:12.008 UTC: 	 Executing command :
 voms-proxy-info --identity --file /tmp/x509up_u881331
DEBUG 2024-02-21 22:43:13.373 UTC: 	 output : /DC=ch/DC=cern/OU=Organic Units/OU=Users/CN=mbuonsan/CN=866052/CN=Marco Buonsante

 error: 
 retcode : 0
DEBUG 2024-02-21 22:43:13.374 UTC: 	 Getting myproxy life time left for db438794163ae221c16ac5cdc1e476b2bc2ff634
DEBUG 2024-02-21 22:43:13.374 UTC: 	 Executing command :
 myproxy-info -s myproxy.cern.ch -l db438794163ae221c16ac5cdc1e476b2bc2ff634
DEBUG 2024-02-21 22:43:13.770 UTC: 	 output : username: db438794163ae221c16ac5cdc1e476b2bc2ff634
owner: /DC=ch/DC=cern/OU=Organic Units/OU=Users/CN=mbuonsan/CN=866052/CN=Marco Buonsante
  renewal policy: /DC=ch/DC=cern/OU=computers/CN=crab-(preprod|prod|dev)-tw(01|02|03).cern.ch|/DC=ch/DC=cern/OU=computers/CN=stefanov(m|m2).cern.ch|/DC=ch/DC=cern/OU=computers/CN=dciangot-tw.cern.ch
  trusted retrieval policy: /DC=ch/DC=cern/OU=computers/CN=crab-(preprod|prod|dev)-tw(01|02|03).cern.ch|/DC=ch/DC=cern/OU=computers/CN=stefanov(m|m2).cern.ch|/DC=ch/DC=cern/OU=computers/CN=dciangot-tw.cern.ch
  timeleft: 492:58:14  (20.5 days)

 error: 
 retcode : 0
DEBUG 2024-02-21 22:43:13.770 UTC: 	 Myproxy is valid: 1774680
DEBUG 2024-02-21 22:43:13.770 UTC: 	 Result of myproxy credential check:
  Credential exists on myproxy: username: db438794163ae221c16ac5cdc1e476b2bc2ff634  - validity: 20 days, 12:58:00
DEBUG 2024-02-21 22:43:13.770 UTC: 	 Command use: submit
DEBUG 2024-02-21 22:43:13.770 UTC: 	 Options use: ['-c', 'CRAB_stream_6.py']
DEBUG 2024-02-21 22:43:13.770 UTC: 	 Encoded data for curl request: subresource=version
DEBUG 2024-02-21 22:43:13.948 UTC: 	 CRABClient version: v3.240110
DEBUG 2024-02-21 22:43:13.948 UTC: 	 Instance is prod
DEBUG 2024-02-21 22:43:13.948 UTC: 	 Server base url is cmsweb.cern.ch
DEBUG 2024-02-21 22:43:13.948 UTC: 	 Command api workflow
DEBUG 2024-02-21 22:43:13.948 UTC: 	 Started submission
DEBUG 2024-02-21 22:43:13.948 UTC: 	 Working on /lustrehome/mbuonsante/B_4mu/CMSSW_13_0_13/src/B4muNtuplizer/CrabSubmission/2023_eraD-v2/crab_projects/crab_SkimB4Mu_2023eraD-v2_stream6_Mini
DEBUG 2024-02-21 22:43:13.948 UTC: 	 Encoded data for curl request: subresource=backendurls
DEBUG 2024-02-21 22:43:14.222 UTC: 	 Loading required information from the environment
DEBUG 2024-02-21 22:43:14.222 UTC: 	 Found CMSSW_13_0_13 for slc7_amd64_gcc11 with base /lustrehome/mbuonsante/B_4mu/CMSSW_13_0_13
DEBUG 2024-02-21 22:43:14.222 UTC: 	 Loading required information from the environment
DEBUG 2024-02-21 22:43:14.222 UTC: 	 Found CMSSW_13_0_13 for slc7_amd64_gcc11 with base /lustrehome/mbuonsante/B_4mu/CMSSW_13_0_13
DEBUG 2024-02-21 22:43:14.222 UTC: 	 UNIQUE NAME: tarUUID f2959928-1e1a-4475-9757-c7f30132aff5 
DEBUG 2024-02-21 22:43:14.222 UTC: 	 self.config: from WMCore.Configuration import Configuration
config = Configuration()
config.section_('General')
config.General.workArea = 'crab_projects'
config.General.transferOutputs = True
config.General.requestName = 'SkimB4Mu_2023eraD-v2_stream6_Mini'
config.General.transferLogs = False
config.section_('JobType')
config.JobType.psetName = '/lustrehome/mbuonsante/B_4mu/CMSSW_13_0_13/src/B4muNtuplizer/CrabSubmission/2023_eraD-v2/PatAndTree_cfg.py'
config.JobType.allowUndistributedCMSSW = True
config.JobType.pluginName = 'Analysis'
config.section_('Data')
config.Data.outputDatasetTag = 'SkimB4Mu_2023eraD-v2_stream6_Mini'
config.Data.inputDBS = 'global'
config.Data.allowNonValidInputDataset = True
config.Data.inputDataset = '/ParkingDoubleMuonLowMass6/Run2023D-22Sep2023_v2-v1/MINIAOD'
config.Data.lumiMask = 'https://cms-service-dqmdc.web.cern.ch/CAF/certification/Collisions23/Cert_Collisions2023_eraD_369803_370790_Golden.json'
config.Data.unitsPerJob = 50
config.Data.splitting = 'LumiBased'
config.section_('Site')
config.Site.ignoreGlobalBlacklist = True
config.Site.storageSite = 'T2_IT_Bari'
config.section_('User')
config.section_('Debug')

DEBUG 2024-02-21 22:43:14.222 UTC: 	 self.config.JobType.psetName: /lustrehome/mbuonsante/B_4mu/CMSSW_13_0_13/src/B4muNtuplizer/CrabSubmission/2023_eraD-v2/PatAndTree_cfg.py
INFO 2024-02-21 22:43:14.223 UTC: 	 Importing CMSSW configuration /lustrehome/mbuonsante/B_4mu/CMSSW_13_0_13/src/B4muNtuplizer/CrabSubmission/2023_eraD-v2/PatAndTree_cfg.py
INFO 2024-02-21 22:43:15.949 UTC: 	 Finished importing CMSSW configuration /lustrehome/mbuonsante/B_4mu/CMSSW_13_0_13/src/B4muNtuplizer/CrabSubmission/2023_eraD-v2/PatAndTree_cfg.py
DEBUG 2024-02-21 22:43:15.950 UTC: 	 Writing CMSSW configuration to /lustrehome/mbuonsante/B_4mu/CMSSW_13_0_13/src/B4muNtuplizer/CrabSubmission/2023_eraD-v2/crab_projects/crab_SkimB4Mu_2023eraD-v2_stream6_Mini/inputs/PSet.py
DEBUG 2024-02-21 22:43:16.043 UTC: 	 The following EDM output files will be collected: []
DEBUG 2024-02-21 22:43:16.043 UTC: 	 The following TFile output files will be collected: ['TreeData.root']
DEBUG 2024-02-21 22:43:16.043 UTC: 	 The following user output files (not listed as PoolOuputModule or TFileService in the CMSSW PSet) will be collected: 
DEBUG 2024-02-21 22:43:16.044 UTC: 	 Loading required information from the environment
DEBUG 2024-02-21 22:43:16.044 UTC: 	 Found CMSSW_13_0_13 for slc7_amd64_gcc11 with base /lustrehome/mbuonsante/B_4mu/CMSSW_13_0_13
DEBUG 2024-02-21 22:43:16.044 UTC: 	 Making tarball in /lustrehome/mbuonsante/B_4mu/CMSSW_13_0_13/src/B4muNtuplizer/CrabSubmission/2023_eraD-v2/crab_projects/crab_SkimB4Mu_2023eraD-v2_stream6_Mini/inputs/f2959928-1e1a-4475-9757-c7f30132aff5default.tgz
DEBUG 2024-02-21 22:43:16.044 UTC: 	 Checking directory /lustrehome/mbuonsante/B_4mu/CMSSW_13_0_13/bin
DEBUG 2024-02-21 22:43:16.044 UTC: 	 Adding directory /lustrehome/mbuonsante/B_4mu/CMSSW_13_0_13/bin to tarball
DEBUG 2024-02-21 22:43:16.046 UTC: 	 Checking directory /lustrehome/mbuonsante/B_4mu/CMSSW_13_0_13/python
DEBUG 2024-02-21 22:43:16.046 UTC: 	 Adding directory /lustrehome/mbuonsante/B_4mu/CMSSW_13_0_13/python to tarball
DEBUG 2024-02-21 22:43:16.095 UTC: 	 Checking directory /lustrehome/mbuonsante/B_4mu/CMSSW_13_0_13/cfipython
DEBUG 2024-02-21 22:43:16.095 UTC: 	 Adding directory /lustrehome/mbuonsante/B_4mu/CMSSW_13_0_13/cfipython to tarball
DEBUG 2024-02-21 22:43:16.102 UTC: 	 Checking directory /lustrehome/mbuonsante/B_4mu/CMSSW_13_0_13/lib
DEBUG 2024-02-21 22:43:16.102 UTC: 	 Adding directory /lustrehome/mbuonsante/B_4mu/CMSSW_13_0_13/lib to tarball
DEBUG 2024-02-21 22:43:16.515 UTC: 	 Checking directory /lustrehome/mbuonsante/B_4mu/CMSSW_13_0_13/biglib
DEBUG 2024-02-21 22:43:16.515 UTC: 	 Adding directory /lustrehome/mbuonsante/B_4mu/CMSSW_13_0_13/biglib to tarball
DEBUG 2024-02-21 22:43:16.517 UTC: 	 Checking directory /lustrehome/mbuonsante/B_4mu/CMSSW_13_0_13/module
DEBUG 2024-02-21 22:43:16.517 UTC: 	 Checking directory /lustrehome/mbuonsante/B_4mu/CMSSW_13_0_13/config/SCRAM/hooks
DEBUG 2024-02-21 22:43:16.517 UTC: 	 Adding directory /lustrehome/mbuonsante/B_4mu/CMSSW_13_0_13/config/SCRAM/hooks to tarball
DEBUG 2024-02-21 22:43:16.544 UTC: 	 Adding directory /lustrehome/mbuonsante/B_4mu/CMSSW_13_0_13/src/B4muNtuplizer/SkimTools/python to tarball
DEBUG 2024-02-21 22:43:16.554 UTC: 	 Adding directory /lustrehome/mbuonsante/B_4mu/CMSSW_13_0_13/src/CommonTools/CandAlgos/interface to tarball
DEBUG 2024-02-21 22:43:16.559 UTC: 	 Adding directory /lustrehome/mbuonsante/B_4mu/CMSSW_13_0_13/src/CommonTools/CandAlgos/python to tarball
DEBUG 2024-02-21 22:43:16.706 UTC: 	 Uploading archive /lustrehome/mbuonsante/B_4mu/CMSSW_13_0_13/src/B4muNtuplizer/CrabSubmission/2023_eraD-v2/crab_projects/crab_SkimB4Mu_2023eraD-v2_stream6_Mini/inputs/f2959928-1e1a-4475-9757-c7f30132aff5default.tgz (0.644531.1 MB) to the CRAB cache. Using URI https://cmsweb.cern.ch/S3/crabcache_prod
DEBUG 2024-02-21 22:43:17.116 UTC: 	 Encoded data for curl request: subresource=upload&objecttype=sandbox&tarballname=c21f585968b676319b78458a8dfff0d78967d784c1d5d78343c5cdc38d3be0e5.tar.gz
DEBUG 2024-02-21 22:43:17.327 UTC: 	 sandbox c21f585968b676319b78458a8dfff0d78967d784c1d5d78343c5cdc38d3be0e5.tar.gz is already in the S3 store, will not upload again
DEBUG 2024-02-21 22:43:17.327 UTC: 	 Loading required information from the environment
DEBUG 2024-02-21 22:43:17.327 UTC: 	 Found CMSSW_13_0_13 for slc7_amd64_gcc11 with base /lustrehome/mbuonsante/B_4mu/CMSSW_13_0_13
DEBUG 2024-02-21 22:43:17.327 UTC: 	 Making tarball in /lustrehome/mbuonsante/B_4mu/CMSSW_13_0_13/src/B4muNtuplizer/CrabSubmission/2023_eraD-v2/crab_projects/crab_SkimB4Mu_2023eraD-v2_stream6_Mini/inputs/debugFiles.tgz
DEBUG 2024-02-21 22:43:17.331 UTC: 	 Uploading archive /lustrehome/mbuonsante/B_4mu/CMSSW_13_0_13/src/B4muNtuplizer/CrabSubmission/2023_eraD-v2/crab_projects/crab_SkimB4Mu_2023eraD-v2_stream6_Mini/inputs/debugFiles.tgz (2 KB) to the CRAB cache. Using URI https://cmsweb.cern.ch/S3/crabcache_prod
DEBUG 2024-02-21 22:43:17.334 UTC: 	 Encoded data for curl request: subresource=upload&objecttype=sandbox&tarballname=92ae8b3a628135e584ad1a660db69ae7ca6db6ddbf8df777b345e78e496001d9.tar.gz
DEBUG 2024-02-21 22:43:17.519 UTC: 	 Will execute:
curl -f -v -X POST  -H "User-Agent: CRAB" -F "key=mbuonsan/sandboxes/92ae8b3a628135e584ad1a660db69ae7ca6db6ddbf8df777b345e78e496001d9.tar.gz" -F "AWSAccessKeyId=ab00fcc889f248c495d2875f15a3badb" -F "policy=eyJleHBpcmF0aW9uIjogIjIwMjQtMDItMjFUMjM6NDM6MTdaIiwgImNvbmRpdGlvbnMiOiBbeyJidWNrZXQiOiAiY3JhYmNhY2hlX3Byb2QifSwgeyJrZXkiOiAibWJ1b25zYW4vc2FuZGJveGVzLzkyYWU4YjNhNjI4MTM1ZTU4NGFkMWE2NjBkYjY5YWU3Y2E2ZGI2ZGRiZjhkZjc3N2IzNDVlNzhlNDk2MDAxZDkudGFyLmd6In1dfQ==" -F "signature=i/c7Yqis0PF7IqiQ9R/JsZM6ilQ=" -F "file=@/lustrehome/mbuonsante/B_4mu/CMSSW_13_0_13/src/B4muNtuplizer/CrabSubmission/2023_eraD-v2/crab_projects/crab_SkimB4Mu_2023eraD-v2_stream6_Mini/inputs/debugFiles.tgz" "https://s3.cern.ch/crabcache_prod"
DEBUG 2024-02-21 22:43:17.658 UTC: 	 exitcode: 0
stdout: b''
DEBUG 2024-02-21 22:43:17.658 UTC: 	 sandbox /lustrehome/mbuonsante/B_4mu/CMSSW_13_0_13/src/B4muNtuplizer/CrabSubmission/2023_eraD-v2/crab_projects/crab_SkimB4Mu_2023eraD-v2_stream6_Mini/inputs/debugFiles.tgz successully uploaded to S3
DEBUG 2024-02-21 22:43:17.658 UTC: 	 Result uploading input files: c21f585968b676319b78458a8dfff0d78967d784c1d5d78343c5cdc38d3be0e5.tar.gz 
DEBUG 2024-02-21 22:43:17.658 UTC: 	 Attaching lumi mask https://cms-service-dqmdc.web.cern.ch/CAF/certification/Collisions23/Cert_Collisions2023_eraD_369803_370790_Golden.json to the request
DEBUG 2024-02-21 22:43:17.658 UTC: 	 Downloading lumi-mask from https://cms-service-dqmdc.web.cern.ch/CAF/certification/Collisions23/Cert_Collisions2023_eraD_369803_370790_Golden.json
WARNING 2024-02-21 22:43:17.874 UTC: 	 Warning: The following output files will not be published, as they are not EDM files: ['TreeData.root']
DEBUG 2024-02-21 22:43:17.874 UTC: 	 submit() - self.configuration from WMCore.Configuration import Configuration
config = Configuration()
config.section_('General')
config.General.workArea = 'crab_projects'
config.General.transferOutputs = True
config.General.requestName = 'SkimB4Mu_2023eraD-v2_stream6_Mini'
config.General.transferLogs = False
config.section_('JobType')
config.JobType.psetName = '/lustrehome/mbuonsante/B_4mu/CMSSW_13_0_13/src/B4muNtuplizer/CrabSubmission/2023_eraD-v2/PatAndTree_cfg.py'
config.JobType.allowUndistributedCMSSW = True
config.JobType.pluginName = 'Analysis'
config.section_('Data')
config.Data.outputDatasetTag = 'SkimB4Mu_2023eraD-v2_stream6_Mini'
config.Data.inputDBS = 'global'
config.Data.allowNonValidInputDataset = True
config.Data.inputDataset = '/ParkingDoubleMuonLowMass6/Run2023D-22Sep2023_v2-v1/MINIAOD'
config.Data.lumiMask = 'https://cms-service-dqmdc.web.cern.ch/CAF/certification/Collisions23/Cert_Collisions2023_eraD_369803_370790_Golden.json'
config.Data.unitsPerJob = 50
config.Data.splitting = 'LumiBased'
config.section_('Site')
config.Site.ignoreGlobalBlacklist = True
config.Site.storageSite = 'T2_IT_Bari'
config.section_('User')
config.section_('Debug')

DEBUG 2024-02-21 22:43:17.874 UTC: 	 submit() - self.configreq {'dryrun': 0, 'workflow': 'crab_SkimB4Mu_2023eraD-v2_stream6_Mini', 'saveoutput': 1, 'savelogsflag': 0, 'inputdata': '/ParkingDoubleMuonLowMass6/Run2023D-22Sep2023_v2-v1/MINIAOD', 'primarydataset': '', 'nonvaliddata': 1, 'userfiles': [], 'dbsurl': 'https://cmsweb.cern.ch/dbs/prod/global/DBSReader', 'useparent': 0, 'ignorelocality': 0, 'splitalgo': 'LumiBased', 'algoargs': 50, 'totalunits': 0, 'publication': 1, 'publishdbsurl': 'https://cmsweb.cern.ch/dbs/prod/phys03/DBSWriter', 'publishname2': 'SkimB4Mu_2023eraD-v2_stream6_Mini', 'jobtype': 'Analysis', 'generator': 'pythia', 'addoutputfiles': [], 'maxjobruntime': 1250, 'numcores': 1, 'maxmemory': 2000, 'priority': 10, 'nonprodsw': 1, 'asyncdest': 'T2_IT_Bari', 'requireaccelerator': 0, 'oneEventMode': 0, 'extrajdl': [], 'ignoreglobalblacklist': 1, 'partialdataset': 0, 'inputblocks': []}
DEBUG 2024-02-21 22:43:17.874 UTC: 	 submit() - jobconfig {'addoutputfiles': [], 'tfileoutfiles': ['TreeData.root'], 'edmoutfiles': [], 'jobarch': 'slc7_amd64_gcc11', 'jobsw': 'CMSSW_13_0_13', 'inputdata': '/ParkingDoubleMuonLowMass6/Run2023D-22Sep2023_v2-v1/MINIAOD', 'cacheurl': 'https://cmsweb.cern.ch/S3/crabcache_prod', 'cachefilename': 'c21f585968b676319b78458a8dfff0d78967d784c1d5d78343c5cdc38d3be0e5.tar.gz', 'debugfilename': '92ae8b3a628135e584ad1a660db69ae7ca6db6ddbf8df777b345e78e496001d9.tar.gz', 'runs': ['369927', '369943', '369956', '369978', '369998', '369999', '370093', '370097', '370102', '370129', '370144', '370169', '370172', '370175', '370293', '370294', '370300', '370304', '370307', '370321', '370332', '370340', '370354', '370357', '370406', '370436', '370460', '370472', '370497', '370522', '370560', '370579', '370580', '370667', '370717', '370725', '370749', '370753', '370772', '370774', '370775', '370776', '370790'], 'lumis': ['37,376', '1,384', '37,1076', '31,812', '1,179', '1,41', '1,450', '1,356', '1,762', '42,123,125,552', '1,715,717,1329', '46,454,456,490,492,526,528,562,564,598,600,935,1002,1014,1016,1019,1021,1033,1035,1449', '1,300', '92,757,759,1785', '39,1618', '1,668', '1,962', '1,327', '1,708', '39,52', '1,144,146,1523,1525,1968', '24,779', '34,311', '1,801', '37,121,123,738,746,869', '1,31', '8,123', '1,32,34,43', '1,115,117,1419,1426,1436', '48,369', '62,90,92,410', '33,113,120,123', '1,2875', '1,28,30,102', '39,157', '44,392,394,456', '49,173,175,483,485,966,968,1541', '1,249', '29,1247', '1,159', '1,168', '1,326', '54,76'], 'jobtype': 'Analysis'}
INFO 2024-02-21 22:43:17.874 UTC: 	 Sending the request to the server at cmsweb.cern.ch
DEBUG 2024-02-21 22:43:17.875 UTC: 	 Submitting {'dryrun': 0, 'workflow': 'crab_SkimB4Mu_2023eraD-v2_stream6_Mini', 'saveoutput': 1, 'savelogsflag': 0, 'inputdata': '/ParkingDoubleMuonLowMass6/Run2023D-22Sep2023_v2-v1/MINIAOD', 'primarydataset': '', 'nonvaliddata': 1, 'userfiles': [], 'dbsurl': 'https://cmsweb.cern.ch/dbs/prod/global/DBSReader', 'useparent': 0, 'ignorelocality': 0, 'splitalgo': 'LumiBased', 'algoargs': 50, 'totalunits': 0, 'publication': 1, 'publishdbsurl': 'https://cmsweb.cern.ch/dbs/prod/phys03/DBSWriter', 'publishname2': 'SkimB4Mu_2023eraD-v2_stream6_Mini', 'jobtype': 'Analysis', 'generator': 'pythia', 'addoutputfiles': [], 'maxjobruntime': 1250, 'numcores': 1, 'maxmemory': 2000, 'priority': 10, 'nonprodsw': 1, 'asyncdest': 'T2_IT_Bari', 'requireaccelerator': 0, 'oneEventMode': 0, 'extrajdl': [], 'ignoreglobalblacklist': 1, 'partialdataset': 0, 'inputblocks': [], 'tfileoutfiles': ['TreeData.root'], 'edmoutfiles': [], 'jobarch': 'slc7_amd64_gcc11', 'jobsw': 'CMSSW_13_0_13', 'cacheurl': 'https://cmsweb.cern.ch/S3/crabcache_prod', 'cachefilename': 'c21f585968b676319b78458a8dfff0d78967d784c1d5d78343c5cdc38d3be0e5.tar.gz', 'debugfilename': '92ae8b3a628135e584ad1a660db69ae7ca6db6ddbf8df777b345e78e496001d9.tar.gz', 'runs': ['369927', '369943', '369956', '369978', '369998', '369999', '370093', '370097', '370102', '370129', '370144', '370169', '370172', '370175', '370293', '370294', '370300', '370304', '370307', '370321', '370332', '370340', '370354', '370357', '370406', '370436', '370460', '370472', '370497', '370522', '370560', '370579', '370580', '370667', '370717', '370725', '370749', '370753', '370772', '370774', '370775', '370776', '370790'], 'lumis': ['37,376', '1,384', '37,1076', '31,812', '1,179', '1,41', '1,450', '1,356', '1,762', '42,123,125,552', '1,715,717,1329', '46,454,456,490,492,526,528,562,564,598,600,935,1002,1014,1016,1019,1021,1033,1035,1449', '1,300', '92,757,759,1785', '39,1618', '1,668', '1,962', '1,327', '1,708', '39,52', '1,144,146,1523,1525,1968', '24,779', '34,311', '1,801', '37,121,123,738,746,869', '1,31', '8,123', '1,32,34,43', '1,115,117,1419,1426,1436', '48,369', '62,90,92,410', '33,113,120,123', '1,2875', '1,28,30,102', '39,157', '44,392,394,456', '49,173,175,483,485,966,968,1541', '1,249', '29,1247', '1,159', '1,168', '1,326', '54,76']} 
DEBUG 2024-02-21 22:43:17.875 UTC: 	 Encoded data for curl request: dryrun=0&workflow=crab_SkimB4Mu_2023eraD-v2_stream6_Mini&saveoutput=1&savelogsflag=0&inputdata=%2FParkingDoubleMuonLowMass6%2FRun2023D-22Sep2023_v2-v1%2FMINIAOD&primarydataset=&nonvaliddata=1&dbsurl=https%3A%2F%2Fcmsweb.cern.ch%2Fdbs%2Fprod%2Fglobal%2FDBSReader&useparent=0&ignorelocality=0&splitalgo=LumiBased&algoargs=50&totalunits=0&publication=1&publishdbsurl=https%3A%2F%2Fcmsweb.cern.ch%2Fdbs%2Fprod%2Fphys03%2FDBSWriter&publishname2=SkimB4Mu_2023eraD-v2_stream6_Mini&jobtype=Analysis&generator=pythia&maxjobruntime=1250&numcores=1&maxmemory=2000&priority=10&nonprodsw=1&asyncdest=T2_IT_Bari&requireaccelerator=0&oneEventMode=0&ignoreglobalblacklist=1&partialdataset=0&jobarch=slc7_amd64_gcc11&jobsw=CMSSW_13_0_13&cacheurl=https%3A%2F%2Fcmsweb.cern.ch%2FS3%2Fcrabcache_prod&cachefilename=c21f585968b676319b78458a8dfff0d78967d784c1d5d78343c5cdc38d3be0e5.tar.gz&debugfilename=92ae8b3a628135e584ad1a660db69ae7ca6db6ddbf8df777b345e78e496001d9.tar.gz&tfileoutfiles=TreeData.root&runs=369927&runs=369943&runs=369956&runs=369978&runs=369998&runs=369999&runs=370093&runs=370097&runs=370102&runs=370129&runs=370144&runs=370169&runs=370172&runs=370175&runs=370293&runs=370294&runs=370300&runs=370304&runs=370307&runs=370321&runs=370332&runs=370340&runs=370354&runs=370357&runs=370406&runs=370436&runs=370460&runs=370472&runs=370497&runs=370522&runs=370560&runs=370579&runs=370580&runs=370667&runs=370717&runs=370725&runs=370749&runs=370753&runs=370772&runs=370774&runs=370775&runs=370776&runs=370790&lumis=37%2C376&lumis=1%2C384&lumis=37%2C1076&lumis=31%2C812&lumis=1%2C179&lumis=1%2C41&lumis=1%2C450&lumis=1%2C356&lumis=1%2C762&lumis=42%2C123%2C125%2C552&lumis=1%2C715%2C717%2C1329&lumis=46%2C454%2C456%2C490%2C492%2C526%2C528%2C562%2C564%2C598%2C600%2C935%2C1002%2C1014%2C1016%2C1019%2C1021%2C1033%2C1035%2C1449&lumis=1%2C300&lumis=92%2C757%2C759%2C1785&lumis=39%2C1618&lumis=1%2C668&lumis=1%2C962&lumis=1%2C327&lumis=1%2C708&lumis=39%2C52&lumis=1%2C144%2C146%2C1523%2C1525%2C1968&lumis=24%2C779&lumis=34%2C311&lumis=1%2C801&lumis=37%2C121%2C123%2C738%2C746%2C869&lumis=1%2C31&lumis=8%2C123&lumis=1%2C32%2C34%2C43&lumis=1%2C115%2C117%2C1419%2C1426%2C1436&lumis=48%2C369&lumis=62%2C90%2C92%2C410&lumis=33%2C113%2C120%2C123&lumis=1%2C2875&lumis=1%2C28%2C30%2C102&lumis=39%2C157&lumis=44%2C392%2C394%2C456&lumis=49%2C173%2C175%2C483%2C485%2C966%2C968%2C1541&lumis=1%2C249&lumis=29%2C1247&lumis=1%2C159&lumis=1%2C168&lumis=1%2C326&lumis=54%2C76
DEBUG 2024-02-21 22:43:18.057 UTC: 	 Result: {'result': [{'RequestName': '240221_224318:mbuonsan_crab_SkimB4Mu_2023eraD-v2_stream6_Mini'}]}
INFO 2024-02-21 22:43:18.058 UTC: 	 Success: Your task has been delivered to the prod CRAB3 server.
INFO 2024-02-21 22:43:18.058 UTC: 	 Task name: 240221_224318:mbuonsan_crab_SkimB4Mu_2023eraD-v2_stream6_Mini
INFO 2024-02-21 22:43:18.058 UTC: 	 Project dir: crab_projects/crab_SkimB4Mu_2023eraD-v2_stream6_Mini
INFO 2024-02-21 22:43:18.058 UTC: 	 Please use ' crab status -d crab_projects/crab_SkimB4Mu_2023eraD-v2_stream6_Mini ' to check how the submission process proceeds.
DEBUG 2024-02-21 22:43:18.058 UTC: 	 About to return
INFO 2024-02-21 22:43:18.063 UTC: 	 Log file is /lustrehome/mbuonsante/B_4mu/CMSSW_13_0_13/src/B4muNtuplizer/CrabSubmission/2023_eraD-v2/crab_projects/crab_SkimB4Mu_2023eraD-v2_stream6_Mini/crab.log
DEBUG 2024-02-22 20:35:37.759 UTC: 	 CRAB Client version: v3.240110
DEBUG 2024-02-22 20:35:37.759 UTC: 	 Running on: Linux ui02.recas.ba.infn.it 3.10.0-1160.80.1.el7.x86_64 #1 SMP Tue Nov 8 15:48:59 UTC 2022 x86_64 x86_64 x86_64 GNU/Linux - CentOS Linux 7 (Core)
DEBUG 2024-02-22 20:35:37.760 UTC: 	 Executing command: 'resubmit'
DEBUG 2024-02-22 20:35:37.760 UTC: 	 Found CRAB cache file /lustrehome/mbuonsante/.crab3
DEBUG 2024-02-22 20:35:37.764 UTC: 	 Checking credentials
DEBUG 2024-02-22 20:35:37.764 UTC: 	 Found proxy file /tmp/x509up_u881331
DEBUG 2024-02-22 20:35:37.764 UTC: 	 Making sure it has proper VOMS extension
DEBUG 2024-02-22 20:35:37.765 UTC: 	 Executing command :
 voms-proxy-info --vo --file /tmp/x509up_u881331
DEBUG 2024-02-22 20:35:39.106 UTC: 	 output : cms

 error: 
 retcode : 0
DEBUG 2024-02-22 20:35:39.106 UTC: 	 Getting proxy life time left
DEBUG 2024-02-22 20:35:39.106 UTC: 	 Executing command :
 voms-proxy-info --actimeleft --timeleft --file /tmp/x509up_u881331
DEBUG 2024-02-22 20:35:40.508 UTC: 	 output : 399877
399876

 error: 
 retcode : 0
DEBUG 2024-02-22 20:35:40.509 UTC: 	 Proxy valid for 111:04:36 hours
DEBUG 2024-02-22 20:35:40.509 UTC: 	 Encoded data for curl request: subresource=delegatedn
DEBUG 2024-02-22 20:35:40.731 UTC: 	 Registering user credentials on myproxy for /DC=ch/DC=cern/OU=computers/CN=crab-(preprod|prod|dev)-tw(01|02|03).cern.ch|/DC=ch/DC=cern/OU=computers/CN=stefanov(m|m2).cern.ch|/DC=ch/DC=cern/OU=computers/CN=dciangot-tw.cern.ch
DEBUG 2024-02-22 20:35:40.731 UTC: 	 Executing command :
 voms-proxy-info --identity --file /tmp/x509up_u881331
DEBUG 2024-02-22 20:35:42.346 UTC: 	 output : /DC=ch/DC=cern/OU=Organic Units/OU=Users/CN=mbuonsan/CN=866052/CN=Marco Buonsante

 error: 
 retcode : 0
DEBUG 2024-02-22 20:35:42.347 UTC: 	 Getting myproxy life time left for db438794163ae221c16ac5cdc1e476b2bc2ff634
DEBUG 2024-02-22 20:35:42.347 UTC: 	 Executing command :
 myproxy-info -s myproxy.cern.ch -l db438794163ae221c16ac5cdc1e476b2bc2ff634
DEBUG 2024-02-22 20:35:42.692 UTC: 	 output : username: db438794163ae221c16ac5cdc1e476b2bc2ff634
owner: /DC=ch/DC=cern/OU=Organic Units/OU=Users/CN=mbuonsan/CN=866052/CN=Marco Buonsante
  renewal policy: /DC=ch/DC=cern/OU=computers/CN=crab-(preprod|prod|dev)-tw(01|02|03).cern.ch|/DC=ch/DC=cern/OU=computers/CN=stefanov(m|m2).cern.ch|/DC=ch/DC=cern/OU=computers/CN=dciangot-tw.cern.ch
  trusted retrieval policy: /DC=ch/DC=cern/OU=computers/CN=crab-(preprod|prod|dev)-tw(01|02|03).cern.ch|/DC=ch/DC=cern/OU=computers/CN=stefanov(m|m2).cern.ch|/DC=ch/DC=cern/OU=computers/CN=dciangot-tw.cern.ch
  timeleft: 471:05:45  (19.6 days)

 error: 
 retcode : 0
DEBUG 2024-02-22 20:35:42.692 UTC: 	 Myproxy is valid: 1695900
DEBUG 2024-02-22 20:35:42.692 UTC: 	 Result of myproxy credential check:
  Credential exists on myproxy: username: db438794163ae221c16ac5cdc1e476b2bc2ff634  - validity: 19 days, 15:05:00
DEBUG 2024-02-22 20:35:42.693 UTC: 	 Encoded data for curl request: subresource=search&workflow=240221_224318%3Ambuonsan_crab_SkimB4Mu_2023eraD-v2_stream6_Mini
DEBUG 2024-02-22 20:35:42.869 UTC: 	 Command use: resubmit
DEBUG 2024-02-22 20:35:42.869 UTC: 	 Options use: ['-d', 'crab_projects/crab_SkimB4Mu_2023eraD-v2_stream6_Mini']
DEBUG 2024-02-22 20:35:42.869 UTC: 	 Encoded data for curl request: subresource=version
DEBUG 2024-02-22 20:35:43.082 UTC: 	 CRABClient version: v3.240110
DEBUG 2024-02-22 20:35:43.082 UTC: 	 Instance is prod
DEBUG 2024-02-22 20:35:43.082 UTC: 	 Server base url is cmsweb.cern.ch
DEBUG 2024-02-22 20:35:43.082 UTC: 	 Command api workflow
DEBUG 2024-02-22 20:35:43.098 UTC: 	 CRAB Client version: v3.240110
DEBUG 2024-02-22 20:35:43.098 UTC: 	 Running on: Linux ui02.recas.ba.infn.it 3.10.0-1160.80.1.el7.x86_64 #1 SMP Tue Nov 8 15:48:59 UTC 2022 x86_64 x86_64 x86_64 GNU/Linux - CentOS Linux 7 (Core)
DEBUG 2024-02-22 20:35:43.098 UTC: 	 Executing command: 'status'
DEBUG 2024-02-22 20:35:43.098 UTC: 	 Found CRAB cache file /lustrehome/mbuonsante/.crab3
DEBUG 2024-02-22 20:35:43.101 UTC: 	 Checking credentials
DEBUG 2024-02-22 20:35:43.101 UTC: 	 Found proxy file /tmp/x509up_u881331
DEBUG 2024-02-22 20:35:43.101 UTC: 	 Making sure it has proper VOMS extension
DEBUG 2024-02-22 20:35:43.101 UTC: 	 Executing command :
 voms-proxy-info --vo --file /tmp/x509up_u881331
DEBUG 2024-02-22 20:35:44.607 UTC: 	 output : cms

 error: 
 retcode : 0
DEBUG 2024-02-22 20:35:44.607 UTC: 	 Getting proxy life time left
DEBUG 2024-02-22 20:35:44.607 UTC: 	 Executing command :
 voms-proxy-info --actimeleft --timeleft --file /tmp/x509up_u881331
DEBUG 2024-02-22 20:35:46.050 UTC: 	 output : 399871
399870

 error: 
 retcode : 0
DEBUG 2024-02-22 20:35:46.050 UTC: 	 Proxy valid for 111:04:30 hours
DEBUG 2024-02-22 20:35:46.051 UTC: 	 Encoded data for curl request: subresource=delegatedn
DEBUG 2024-02-22 20:35:46.231 UTC: 	 Registering user credentials on myproxy for /DC=ch/DC=cern/OU=computers/CN=crab-(preprod|prod|dev)-tw(01|02|03).cern.ch|/DC=ch/DC=cern/OU=computers/CN=stefanov(m|m2).cern.ch|/DC=ch/DC=cern/OU=computers/CN=dciangot-tw.cern.ch
DEBUG 2024-02-22 20:35:46.231 UTC: 	 Executing command :
 voms-proxy-info --identity --file /tmp/x509up_u881331
DEBUG 2024-02-22 20:35:47.793 UTC: 	 output : /DC=ch/DC=cern/OU=Organic Units/OU=Users/CN=mbuonsan/CN=866052/CN=Marco Buonsante

 error: 
 retcode : 0
DEBUG 2024-02-22 20:35:47.794 UTC: 	 Getting myproxy life time left for db438794163ae221c16ac5cdc1e476b2bc2ff634
DEBUG 2024-02-22 20:35:47.794 UTC: 	 Executing command :
 myproxy-info -s myproxy.cern.ch -l db438794163ae221c16ac5cdc1e476b2bc2ff634
DEBUG 2024-02-22 20:35:48.220 UTC: 	 output : username: db438794163ae221c16ac5cdc1e476b2bc2ff634
owner: /DC=ch/DC=cern/OU=Organic Units/OU=Users/CN=mbuonsan/CN=866052/CN=Marco Buonsante
  renewal policy: /DC=ch/DC=cern/OU=computers/CN=crab-(preprod|prod|dev)-tw(01|02|03).cern.ch|/DC=ch/DC=cern/OU=computers/CN=stefanov(m|m2).cern.ch|/DC=ch/DC=cern/OU=computers/CN=dciangot-tw.cern.ch
  trusted retrieval policy: /DC=ch/DC=cern/OU=computers/CN=crab-(preprod|prod|dev)-tw(01|02|03).cern.ch|/DC=ch/DC=cern/OU=computers/CN=stefanov(m|m2).cern.ch|/DC=ch/DC=cern/OU=computers/CN=dciangot-tw.cern.ch
  timeleft: 471:05:39  (19.6 days)

 error: 
 retcode : 0
DEBUG 2024-02-22 20:35:48.220 UTC: 	 Myproxy is valid: 1695900
DEBUG 2024-02-22 20:35:48.220 UTC: 	 Result of myproxy credential check:
  Credential exists on myproxy: username: db438794163ae221c16ac5cdc1e476b2bc2ff634  - validity: 19 days, 15:05:00
DEBUG 2024-02-22 20:35:48.220 UTC: 	 Retrieving username ...
DEBUG 2024-02-22 20:35:48.220 UTC: 	 Retrieving username from CRIC...
DEBUG 2024-02-22 20:35:49.179 UTC: 	 username is mbuonsan
INFO 2024-02-22 20:35:50.716 UTC: 	 Rucio client intialized for account mbuonsan
DEBUG 2024-02-22 20:35:50.717 UTC: 	 Command use: status
DEBUG 2024-02-22 20:35:50.717 UTC: 	 Options use: []
DEBUG 2024-02-22 20:35:50.717 UTC: 	 Encoded data for curl request: subresource=version
DEBUG 2024-02-22 20:35:50.899 UTC: 	 CRABClient version: v3.240110
DEBUG 2024-02-22 20:35:50.899 UTC: 	 Instance is prod
DEBUG 2024-02-22 20:35:50.899 UTC: 	 Server base url is cmsweb.cern.ch
DEBUG 2024-02-22 20:35:50.899 UTC: 	 Command api workflow
DEBUG 2024-02-22 20:35:50.899 UTC: 	 Encoded data for curl request: subresource=search&workflow=240221_224318%3Ambuonsan_crab_SkimB4Mu_2023eraD-v2_stream6_Mini
DEBUG 2024-02-22 20:35:51.109 UTC: 	 Got information from server oracle database: {'desc': {'columns': ['tm_taskname', 'tm_activity', 'panda_jobset_id', 'tm_task_status', 'tm_task_command', 'tm_start_time', 'tm_start_injection', 'tm_end_injection', 'tm_task_failure', 'tm_job_sw', 'tm_job_arch', 'tm_input_dataset', 'tm_nonvalid_input_dataset', 'tm_use_parent', 'tm_site_whitelist', 'tm_site_blacklist', 'tm_split_algo', 'tm_split_args', 'tm_user_sandbox', 'tm_cache_url', 'tm_username', 'tm_user_dn', 'tm_user_vo', 'tm_user_role', 'tm_user_group', 'tm_publish_name', 'tm_publish_groupname', 'tm_asyncdest', 'tm_dbs_url', 'tm_publish_dbs_url', 'tm_publication', 'tm_outfiles', 'tm_tfile_outfiles', 'tm_edm_outfiles', 'tm_job_type', 'tm_generator', 'tm_events_per_lumi', 'tm_arguments', 'panda_resubmitted_jobs', 'tm_save_logs', 'tw_name', 'tm_user_infiles', 'tm_maxjobruntime', 'tm_numcores', 'tm_maxmemory', 'tm_priority', 'tm_output_dataset', 'tm_task_warnings', 'tm_user_webdir', 'tm_scriptexe', 'tm_scriptargs', 'tm_extrajdl', 'tm_asourl', 'tm_collector', 'tm_schedd', 'tm_dry_run', 'tm_user_files', 'tm_transfer_outputs', 'tm_output_lfn', 'tm_ignore_locality', 'tm_fail_limit', 'tm_one_event_mode', 'tm_secondary_input_dataset', 'tm_primary_dataset', 'tm_last_publication', 'tm_debug_files', 'clusterid', 'tm_asodb', 'tm_ignore_global_blacklist', 'tm_submitter_ip_addr', 'tm_totalunits', 'tm_ddm_reqid', 'tm_user_config', 'tm_transfer_container', 'tm_transfer_rule', 'tm_publish_rule', 'tm_multipub_rule']}, 'result': ['240221_224318:mbuonsan_crab_SkimB4Mu_2023eraD-v2_stream6_Mini', 'None', 'None', 'SUBMITTED', 'SUBMIT', '2024-02-21 22:43:18.034981', 'None', '2024-02-21 22:45:47.051471', 'None', 'CMSSW_13_0_13', 'slc7_amd64_gcc11', '/ParkingDoubleMuonLowMass6/Run2023D-22Sep2023_v2-v1/MINIAOD', 'T', '0', '[]', '[]', 'LumiBased', "{'halt_job_on_file_boundaries': False, 'splitOnRun': False, 'lumis_per_job': 50, 'runs': ['369927', '369943', '369956', '369978', '369998', '369999', '370093', '370097', '370102', '370129', '370144', '370169', '370172', '370175', '370293', '370294', '370300', '370304', '370307', '370321', '370332', '370340', '370354', '370357', '370406', '370436', '370460', '370472', '370497', '370522', '370560', '370579', '370580', '370667', '370717', '370725', '370749', '370753', '370772', '370774', '370775', '370776', '370790'], 'lumis': ['37,376', '1,384', '37,1076', '31,812', '1,179', '1,41', '1,450', '1,356', '1,762', '42,123,125,552', '1,715,717,1329', '46,454,456,490,492,526,528,562,564,598,600,935,1002,1014,1016,1019,1021,1033,1035,1449', '1,300', '92,757,759,1785', '39,1618', '1,668', '1,962', '1,327', '1,708', '39,52', '1,144,146,1523,1525,1968', '24,779', '34,311', '1,801', '37,121,123,738,746,869', '1,31', '8,123', '1,32,34,43', '1,115,117,1419,1426,1436', '48,369', '62,90,92,410', '33,113,120,123', '1,2875', '1,28,30,102', '39,157', '44,392,394,456', '49,173,175,483,485,966,968,1541', '1,249', '29,1247', '1,159', '1,168', '1,326', '54,76']}", 'c21f585968b676319b78458a8dfff0d78967d784c1d5d78343c5cdc38d3be0e5.tar.gz', 'https://cmsweb.cern.ch/S3/crabcache_prod', 'mbuonsan', '/DC=ch/DC=cern/OU=Organic Units/OU=Users/CN=mbuonsan/CN=866052/CN=Marco Buonsante', 'cms', 'None', 'None', 'SkimB4Mu_2023eraD-v2_stream6_Mini-00000000000000000000000000000000', 'F', 'T2_IT_Bari', 'https://cmsweb.cern.ch/dbs/prod/global/DBSReader', 'https://cmsweb.cern.ch/dbs/prod/phys03/DBSWriter', 'T', '[]', "['TreeData.root']", '[]', 'Analysis', 'pythia', 'None', '{}', 'None', 'F', 'crab-prod-tw01', '[]', '1250', '1', '2000', '10', "['/FakeDataset/fakefile-FakePublish-b08b80e9676250f05db001554b29ab1f/USER']", '[]', 'http://vocms0120.cern.ch/mon/mbuonsan/240221_224318:mbuonsan_crab_SkimB4Mu_2023eraD-v2_stream6_Mini', 'None', '[]', '[]', 'None', 'cmsgwms-collector-global.cern.ch:9620,cmsgwms-collector-global.fnal.gov:9620', 'crab3@vocms0120.cern.ch', 'F', '[]', 'T', '/store/user/mbuonsan/', 'F', 'None', 'F', 'None', 'ParkingDoubleMuonLowMass6', 'None', '92ae8b3a628135e584ad1a660db69ae7ca6db6ddbf8df777b345e78e496001d9.tar.gz', '102544076', 'None', 'T', '188.185.89.194', '0.0', 'None', '{"partialdataset": false, "requireaccelerator": false, "acceleratorparams": null, "inputblocks": null}', 'None', 'None', 'None', 'None']}
INFO 2024-02-22 20:35:51.109 UTC: 	 CRAB project directory:		/lustrehome/mbuonsante/B_4mu/CMSSW_13_0_13/src/B4muNtuplizer/CrabSubmission/2023_eraD-v2/crab_projects/crab_SkimB4Mu_2023eraD-v2_stream6_Mini
INFO 2024-02-22 20:35:51.109 UTC: 	 Task name:			240221_224318:mbuonsan_crab_SkimB4Mu_2023eraD-v2_stream6_Mini
INFO 2024-02-22 20:35:51.109 UTC: 	 Grid scheduler - Task Worker:	crab3@vocms0120.cern.ch - crab-prod-tw01
INFO 2024-02-22 20:35:51.109 UTC: 	 Status on the CRAB server:	SUBMITTED
INFO 2024-02-22 20:35:51.109 UTC: 	 Task URL to use for HELP:	https://cmsweb.cern.ch/crabserver/ui/task/240221_224318%3Ambuonsan_crab_SkimB4Mu_2023eraD-v2_stream6_Mini
INFO 2024-02-22 20:35:51.124 UTC: 	 Dashboard monitoring URL:	https://monit-grafana.cern.ch/d/cmsTMDetail/cms-task-monitoring-task-view?orgId=11&var-user=mbuonsan&var-task=240221_224318%3Ambuonsan_crab_SkimB4Mu_2023eraD-v2_stream6_Mini&from=1708551798000&to=now
DEBUG 2024-02-22 20:35:51.124 UTC: 	 The CRAB server submitted your task to the Grid scheduler (cluster ID: 102544076)
DEBUG 2024-02-22 20:35:51.124 UTC: 	 Webdir is located at http://vocms0120.cern.ch/mon/mbuonsan/240221_224318:mbuonsan_crab_SkimB4Mu_2023eraD-v2_stream6_Mini
DEBUG 2024-02-22 20:35:51.125 UTC: 	 Encoded data for curl request: subresource=webdirprx&workflow=240221_224318%3Ambuonsan_crab_SkimB4Mu_2023eraD-v2_stream6_Mini
DEBUG 2024-02-22 20:35:51.314 UTC: 	 Proxied webdir is located at https://cmsweb.cern.ch:8443/scheddmon/0120/mbuonsan/240221_224318:mbuonsan_crab_SkimB4Mu_2023eraD-v2_stream6_Mini
DEBUG 2024-02-22 20:35:51.315 UTC: 	 Retrieving 'status_cache' file from https://cmsweb.cern.ch:8443/scheddmon/0120/mbuonsan/240221_224318:mbuonsan_crab_SkimB4Mu_2023eraD-v2_stream6_Mini/status_cache.pkl
DEBUG 2024-02-22 20:35:51.315 UTC: 	 Will execute:
curl -sS --capath /etc/grid-security/certificates --cert /tmp/x509up_u881331 --key /tmp/x509up_u881331 -o /tmp/crab_status-cache-zt4unyh1.pkl -w %"{http_code}" "https://cmsweb.cern.ch:8443/scheddmon/0120/mbuonsan/240221_224318:mbuonsan_crab_SkimB4Mu_2023eraD-v2_stream6_Mini/status_cache.pkl"
DEBUG 2024-02-22 20:35:51.315 UTC: 	 Executing command :
 curl -sS --capath /etc/grid-security/certificates --cert /tmp/x509up_u881331 --key /tmp/x509up_u881331 -o /tmp/crab_status-cache-zt4unyh1.pkl -w %"{http_code}" "https://cmsweb.cern.ch:8443/scheddmon/0120/mbuonsan/240221_224318:mbuonsan_crab_SkimB4Mu_2023eraD-v2_stream6_Mini/status_cache.pkl"
DEBUG 2024-02-22 20:35:51.571 UTC: 	 output : 200
 error: 
 retcode : 0
DEBUG 2024-02-22 20:35:51.571 UTC: 	 exitcode: 0
stdout: 200
stderr: 
error details: 
DEBUG 2024-02-22 20:35:51.574 UTC: 	 Got information from status cache file: {'1': {'Retries': 0, 'Restarts': 0, 'SiteHistory': ['Unknown', 'T2_RU_JINR', 'T2_RU_JINR'], 'ResidentSetSize': [1437920], 'SubmitTimes': [1708555557.0], 'StartTimes': [1708556163.0], 'EndTimes': [1708557727.0], 'TotalUserCpuTimeHistory': [844], 'TotalSysCpuTimeHistory': [29], 'WallDurations': [8.0, 64.40359115600586, 1564.0], 'JobIds': ['102544079.0'], 'State': 'finished', 'RecordedSite': True}, '2': {'Retries': 0, 'Restarts': 0, 'SiteHistory': ['Unknown', 'T2_RU_JINR', 'T2_RU_JINR'], 'ResidentSetSize': [1410420], 'SubmitTimes': [1708555557.0], 'StartTimes': [1708556163.0], 'EndTimes': [1708557633.0], 'TotalUserCpuTimeHistory': [784], 'TotalSysCpuTimeHistory': [25], 'WallDurations': [9.0, 64.40359115600586, 1470.0], 'JobIds': ['102544080.0'], 'State': 'finished', 'RecordedSite': True}, '3': {'Retries': 0, 'Restarts': 0, 'SiteHistory': ['Unknown', 'T1_US_FNAL', 'T1_US_FNAL'], 'ResidentSetSize': [1458096], 'SubmitTimes': [1708555558.0], 'StartTimes': [1708563487.0], 'EndTimes': [1708564359.0], 'TotalUserCpuTimeHistory': [732], 'TotalSysCpuTimeHistory': [25], 'WallDurations': [9.0, 274.40690660476685, 872.0], 'JobIds': ['102544081.0'], 'State': 'finished', 'RecordedSite': True}, '4': {'Retries': 0, 'Restarts': 0, 'SiteHistory': ['Unknown', 'T1_US_FNAL', 'T1_US_FNAL'], 'ResidentSetSize': [1458196], 'SubmitTimes': [1708555558.0], 'StartTimes': [1708563510.0], 'EndTimes': [1708565601.0], 'TotalUserCpuTimeHistory': [1854], 'TotalSysCpuTimeHistory': [59], 'WallDurations': [10.0, 251.40690660476685, 2091.0], 'JobIds': ['102544082.0'], 'State': 'finished', 'RecordedSite': True}, '5': {'Retries': 0, 'Restarts': 0, 'SiteHistory': ['Unknown', 'T1_US_FNAL', 'T1_US_FNAL'], 'ResidentSetSize': [1563000], 'SubmitTimes': [1708555558.0], 'StartTimes': [1708563525.0], 'EndTimes': [1708567380.0], 'TotalUserCpuTimeHistory': [2766], 'TotalSysCpuTimeHistory': [87], 'WallDurations': [9.0, 236.40690660476685, 3855.0], 'JobIds': ['102544083.0'], 'State': 'finished', 'RecordedSite': True}, '6': {'Retries': 0, 'Restarts': 0, 'SiteHistory': ['Unknown', 'T2_DE_DESY', 'T2_DE_DESY'], 'ResidentSetSize': [1474868], 'SubmitTimes': [1708555558.0], 'StartTimes': [1708563377.0], 'EndTimes': [1708564334.0], 'TotalUserCpuTimeHistory': [838], 'TotalSysCpuTimeHistory': [23], 'WallDurations': [8.0, 83.18020796775818, 957.0], 'JobIds': ['102544084.0'], 'State': 'finished', 'RecordedSite': True}, '7': {'Retries': 0, 'Restarts': 0, 'SiteHistory': ['Unknown', 'T1_US_FNAL', 'T1_US_FNAL'], 'ResidentSetSize': [1577524], 'SubmitTimes': [1708555559.0], 'StartTimes': [1708563379.0], 'EndTimes': [1708565198.0], 'TotalUserCpuTimeHistory': [1506], 'TotalSysCpuTimeHistory': [41], 'WallDurations': [8.0, 81.18020796775818, 1819.0], 'JobIds': ['102544085.0'], 'State': 'finished', 'RecordedSite': True}, '8': {'Retries': 0, 'Restarts': 0, 'SiteHistory': ['Unknown', 'T1_US_FNAL', 'T1_US_FNAL'], 'ResidentSetSize': [1570476], 'SubmitTimes': [1708555559.0], 'StartTimes': [1708563383.0], 'EndTimes': [1708567102.0], 'TotalUserCpuTimeHistory': [3346], 'TotalSysCpuTimeHistory': [83], 'WallDurations': [10.0, 77.18020796775818, 3719.0], 'JobIds': ['102544086.0'], 'State': 'finished', 'RecordedSite': True}, '9': {'Retries': 0, 'Restarts': 0, 'SiteHistory': ['Unknown', 'T1_US_FNAL', 'T1_US_FNAL'], 'ResidentSetSize': [1562908], 'SubmitTimes': [1708555559.0], 'StartTimes': [1708563388.0], 'EndTimes': [1708566406.0], 'TotalUserCpuTimeHistory': [2065], 'TotalSysCpuTimeHistory': [47], 'WallDurations': [9.0, 72.18020796775818, 3018.0], 'JobIds': ['102544087.0'], 'State': 'finished', 'RecordedSite': True}, '10': {'Retries': 0, 'Restarts': 0, 'SiteHistory': ['Unknown', 'T1_US_FNAL', 'T1_US_FNAL'], 'ResidentSetSize': [1572560], 'SubmitTimes': [1708555559.0], 'StartTimes': [1708563392.0], 'EndTimes': [1708565755.0], 'TotalUserCpuTimeHistory': [1823], 'TotalSysCpuTimeHistory': [43], 'WallDurations': [9.0, 68.18020796775818, 2363.0], 'JobIds': ['102544088.0'], 'State': 'finished', 'RecordedSite': True}, '11': {'Retries': 0, 'Restarts': 0, 'SiteHistory': ['Unknown', 'T1_US_FNAL', 'T1_US_FNAL'], 'ResidentSetSize': [1554152], 'SubmitTimes': [1708555559.0], 'StartTimes': [1708563579.0], 'EndTimes': [1708567413.0], 'TotalUserCpuTimeHistory': [3409], 'TotalSysCpuTimeHistory': [88], 'WallDurations': [9.0, 182.40690660476685, 3834.0], 'JobIds': ['102544089.0'], 'State': 'finished', 'RecordedSite': True}, '12': {'Retries': 0, 'Restarts': 0, 'SiteHistory': ['Unknown', 'T1_US_FNAL', 'T1_US_FNAL'], 'ResidentSetSize': [1565788], 'SubmitTimes': [1708555559.0], 'StartTimes': [1708563742.0], 'EndTimes': [1708566715.0], 'TotalUserCpuTimeHistory': [2019], 'TotalSysCpuTimeHistory': [48], 'WallDurations': [9.0, 19.406906604766846, 2973.0], 'JobIds': ['102544090.0'], 'State': 'finished', 'RecordedSite': True}, '13': {'Retries': 0, 'Restarts': 0, 'SiteHistory': ['Unknown', 'T2_DE_DESY', 'T2_DE_DESY'], 'ResidentSetSize': [1570748], 'SubmitTimes': [1708555559.0], 'StartTimes': [1708563403.0], 'EndTimes': [1708565494.0], 'TotalUserCpuTimeHistory': [1902], 'TotalSysCpuTimeHistory': [41], 'WallDurations': [8.0, 57.18020796775818, 2091.0], 'JobIds': ['102544091.0'], 'State': 'finished', 'RecordedSite': True}, '14': {'Retries': 0, 'Restarts': 0, 'SiteHistory': ['Unknown', 'T2_DE_DESY', 'T2_DE_DESY'], 'ResidentSetSize': [1563800], 'SubmitTimes': [1708555560.0], 'StartTimes': [1708563403.0], 'EndTimes': [1708565441.0], 'TotalUserCpuTimeHistory': [1855], 'TotalSysCpuTimeHistory': [58], 'WallDurations': [8.0, 57.18020796775818, 2038.0], 'JobIds': ['102544092.0'], 'State': 'finished', 'RecordedSite': True}, '15': {'Retries': 0, 'Restarts': 0, 'SiteHistory': ['Unknown', 'T2_DE_DESY', 'T2_DE_DESY'], 'ResidentSetSize': [1569356], 'SubmitTimes': [1708555560.0], 'StartTimes': [1708563403.0], 'EndTimes': [1708566166.0], 'TotalUserCpuTimeHistory': [2279], 'TotalSysCpuTimeHistory': [60], 'WallDurations': [9.0, 57.18020796775818, 2763.0], 'JobIds': ['102544093.0'], 'State': 'finished', 'RecordedSite': True}, '16': {'Retries': 0, 'Restarts': 0, 'SiteHistory': ['Unknown', 'T2_DE_DESY', 'T2_DE_DESY'], 'ResidentSetSize': [1575124], 'SubmitTimes': [1708555560.0], 'StartTimes': [1708563403.0], 'EndTimes': [1708565498.0], 'TotalUserCpuTimeHistory': [1884], 'TotalSysCpuTimeHistory': [62], 'WallDurations': [8.0, 57.18020796775818, 2095.0], 'JobIds': ['102544094.0'], 'State': 'finished', 'RecordedSite': True}, '17': {'Retries': 0, 'Restarts': 0, 'SiteHistory': ['Unknown', 'T2_DE_DESY', 'T2_DE_DESY'], 'ResidentSetSize': [1442140], 'SubmitTimes': [1708555560.0], 'StartTimes': [1708563402.0], 'EndTimes': [1708564271.0], 'TotalUserCpuTimeHistory': [760], 'TotalSysCpuTimeHistory': [25], 'WallDurations': [8.0, 58.18020796775818, 869.0], 'JobIds': ['102544095.0'], 'State': 'finished', 'RecordedSite': True}, '18': {'Retries': 0, 'Restarts': 0, 'SiteHistory': ['Unknown', 'T2_DE_DESY', 'T2_DE_DESY'], 'ResidentSetSize': [1393924], 'SubmitTimes': [1708555560.0], 'StartTimes': [1708563402.0], 'EndTimes': [1708565256.0], 'TotalUserCpuTimeHistory': [1526], 'TotalSysCpuTimeHistory': [64], 'WallDurations': [9.0, 58.18020796775818, 1854.0], 'JobIds': ['102544096.0'], 'State': 'finished', 'RecordedSite': True}, '19': {'Retries': 0, 'Restarts': 0, 'SiteHistory': ['Unknown', 'T2_DE_DESY', 'T2_DE_DESY'], 'ResidentSetSize': [1466092], 'SubmitTimes': [1708555560.0], 'StartTimes': [1708563403.0], 'EndTimes': [1708565518.0], 'TotalUserCpuTimeHistory': [1874], 'TotalSysCpuTimeHistory': [70], 'WallDurations': [10.0, 57.18020796775818, 2115.0], 'JobIds': ['102544097.0'], 'State': 'finished', 'RecordedSite': True}, '20': {'Retries': 0, 'Restarts': 0, 'SiteHistory': ['Unknown', 'T2_DE_DESY', 'T2_DE_DESY'], 'ResidentSetSize': [1567424], 'SubmitTimes': [1708555560.0], 'StartTimes': [1708563402.0], 'EndTimes': [1708565144.0], 'TotalUserCpuTimeHistory': [1557], 'TotalSysCpuTimeHistory': [38], 'WallDurations': [9.0, 58.18020796775818, 1742.0], 'JobIds': ['102544098.0'], 'State': 'finished', 'RecordedSite': True}, '21': {'Retries': 0, 'Restarts': 0, 'SiteHistory': ['Unknown', 'T2_DE_DESY', 'T2_DE_DESY'], 'ResidentSetSize': [1560144], 'SubmitTimes': [1708555565.0], 'StartTimes': [1708563403.0], 'EndTimes': [1708565222.0], 'TotalUserCpuTimeHistory': [1659], 'TotalSysCpuTimeHistory': [36], 'WallDurations': [8.0, 57.18020796775818, 1819.0], 'JobIds': ['102544099.0'], 'State': 'finished', 'RecordedSite': True}, '22': {'Retries': 0, 'Restarts': 0, 'SiteHistory': ['Unknown', 'T2_DE_DESY', 'T2_DE_DESY'], 'ResidentSetSize': [1569816], 'SubmitTimes': [1708555565.0], 'StartTimes': [1708563404.0], 'EndTimes': [1708565786.0], 'TotalUserCpuTimeHistory': [2186], 'TotalSysCpuTimeHistory': [45], 'WallDurations': [8.0, 56.18020796775818, 2382.0], 'JobIds': ['102544100.0'], 'State': 'finished', 'RecordedSite': True}, '23': {'Retries': 0, 'Restarts': 0, 'SiteHistory': ['Unknown', 'T2_DE_DESY', 'T2_DE_DESY'], 'ResidentSetSize': [1563972], 'SubmitTimes': [1708555565.0], 'StartTimes': [1708563403.0], 'EndTimes': [1708565252.0], 'TotalUserCpuTimeHistory': [1706], 'TotalSysCpuTimeHistory': [37], 'WallDurations': [9.0, 57.18020796775818, 1849.0], 'JobIds': ['102544101.0'], 'State': 'finished', 'RecordedSite': True}, '24': {'Retries': 0, 'Restarts': 0, 'SiteHistory': ['Unknown', 'T1_US_FNAL', 'T1_US_FNAL'], 'ResidentSetSize': [1564284], 'SubmitTimes': [1708555566.0], 'StartTimes': [1708563415.0], 'EndTimes': [1708566201.0], 'TotalUserCpuTimeHistory': [2541], 'TotalSysCpuTimeHistory': [43], 'WallDurations': [9.0, 45.18020796775818, 2786.0], 'JobIds': ['102544102.0'], 'State': 'finished', 'RecordedSite': True}, '25': {'Retries': 0, 'Restarts': 0, 'SiteHistory': ['Unknown', 'T1_US_FNAL', 'T1_US_FNAL'], 'ResidentSetSize': [1563436], 'SubmitTimes': [1708555566.0], 'StartTimes': [1708563440.0], 'EndTimes': [1708565624.0], 'TotalUserCpuTimeHistory': [1974], 'TotalSysCpuTimeHistory': [41], 'WallDurations': [9.0, 20.18020796775818, 2184.0], 'JobIds': ['102544103.0'], 'State': 'finished', 'RecordedSite': True}, '26': {'Retries': 0, 'Restarts': 0, 'SiteHistory': ['Unknown', 'T1_US_FNAL', 'T1_US_FNAL'], 'ResidentSetSize': [1559392], 'SubmitTimes': [1708555566.0], 'StartTimes': [1708563442.0], 'EndTimes': [1708567031.0], 'TotalUserCpuTimeHistory': [3306], 'TotalSysCpuTimeHistory': [71], 'WallDurations': [10.0, 18.18020796775818, 3589.0], 'JobIds': ['102544104.0'], 'State': 'finished', 'RecordedSite': True}, '27': {'Retries': 0, 'Restarts': 0, 'SiteHistory': ['Unknown', 'T1_US_FNAL', 'T1_US_FNAL'], 'ResidentSetSize': [1565064], 'SubmitTimes': [1708555566.0], 'StartTimes': [1708563443.0], 'EndTimes': [1708565593.0], 'TotalUserCpuTimeHistory': [1908], 'TotalSysCpuTimeHistory': [38], 'WallDurations': [9.0, 17.18020796775818, 2150.0], 'JobIds': ['102544105.0'], 'State': 'finished', 'RecordedSite': True}, '28': {'Retries': 0, 'Restarts': 0, 'SiteHistory': ['Unknown', 'T1_US_FNAL', 'T1_US_FNAL'], 'ResidentSetSize': [1555480], 'SubmitTimes': [1708555566.0], 'StartTimes': [1708563444.0], 'EndTimes': [1708566975.0], 'TotalUserCpuTimeHistory': [3245], 'TotalSysCpuTimeHistory': [72], 'WallDurations': [10.0, 16.18020796775818, 3531.0], 'JobIds': ['102544106.0'], 'State': 'finished', 'RecordedSite': True}, '29': {'Retries': 0, 'Restarts': 0, 'SiteHistory': ['Unknown', 'T1_US_FNAL', 'T1_US_FNAL'], 'ResidentSetSize': [1569192], 'SubmitTimes': [1708555567.0], 'StartTimes': [1708563451.0], 'EndTimes': [1708566988.0], 'TotalUserCpuTimeHistory': [3248], 'TotalSysCpuTimeHistory': [72], 'WallDurations': [0, 9.180207967758179, 3537.0], 'JobIds': ['102544107.0'], 'State': 'finished', 'RecordedSite': True}, '30': {'Retries': 0, 'Restarts': 0, 'SiteHistory': ['Unknown', 'T1_US_FNAL', 'T1_US_FNAL'], 'ResidentSetSize': [1564208], 'SubmitTimes': [1708555567.0], 'StartTimes': [1708563463.0], 'EndTimes': [1708566439.0], 'TotalUserCpuTimeHistory': [2671], 'TotalSysCpuTimeHistory': [67], 'WallDurations': [10.0, 298.40690660476685, 2976.0], 'JobIds': ['102544108.0'], 'State': 'finished', 'RecordedSite': True}, '31': {'Retries': 0, 'Restarts': 0, 'SiteHistory': ['Unknown', 'T1_US_FNAL', 'T1_US_FNAL'], 'ResidentSetSize': [1581076], 'SubmitTimes': [1708555567.0], 'StartTimes': [1708563468.0], 'EndTimes': [1708565120.0], 'TotalUserCpuTimeHistory': [1443], 'TotalSysCpuTimeHistory': [37], 'WallDurations': [9.0, 293.40690660476685, 1652.0], 'JobIds': ['102544109.0'], 'State': 'finished', 'RecordedSite': True}, '32': {'Retries': 0, 'Restarts': 0, 'SiteHistory': ['Unknown', 'T1_US_FNAL', 'T1_US_FNAL'], 'ResidentSetSize': [1443976], 'SubmitTimes': [1708555567.0], 'StartTimes': [1708563482.0], 'EndTimes': [1708564881.0], 'TotalUserCpuTimeHistory': [1219], 'TotalSysCpuTimeHistory': [31], 'WallDurations': [8.0, 279.40690660476685, 1399.0], 'JobIds': ['102544110.0'], 'State': 'finished', 'RecordedSite': True}, '33': {'Retries': 0, 'Restarts': 0, 'SiteHistory': ['Unknown', 'T1_US_FNAL', 'T1_US_FNAL'], 'ResidentSetSize': [1279152], 'SubmitTimes': [1708555567.0], 'StartTimes': [1708563486.0], 'EndTimes': [1708564634.0], 'TotalUserCpuTimeHistory': [998], 'TotalSysCpuTimeHistory': [33], 'WallDurations': [9.0, 275.40690660476685, 1148.0], 'JobIds': ['102544111.0'], 'State': 'finished', 'RecordedSite': True}, '34': {'Retries': 0, 'Restarts': 0, 'SiteHistory': ['Unknown', 'T2_CH_CSCS', 'T2_CH_CSCS'], 'ResidentSetSize': [1453748], 'SubmitTimes': [1708555567.0], 'StartTimes': [1708556912.0], 'EndTimes': [1708559131.0], 'TotalUserCpuTimeHistory': [1279], 'TotalSysCpuTimeHistory': [28], 'WallDurations': [9.0, 216.0404531955719, 2219.0], 'JobIds': ['102544112.0'], 'State': 'finished', 'RecordedSite': True}, '35': {'Retries': 0, 'Restarts': 0, 'SiteHistory': ['T3_UK_London_QMUL', 'T3_UK_London_QMUL'], 'ResidentSetSize': [1428652], 'SubmitTimes': [1708555567.0], 'StartTimes': [1708555575.0], 'EndTimes': [1708556871.0], 'TotalUserCpuTimeHistory': [1053], 'TotalSysCpuTimeHistory': [35], 'WallDurations': [9.0, 1296.0], 'JobIds': ['102544113.0'], 'State': 'finished', 'RecordedSite': True}, '36': {'Retries': 0, 'Restarts': 0, 'SiteHistory': ['T3_UK_London_QMUL', 'T3_UK_London_QMUL'], 'ResidentSetSize': [1526780], 'SubmitTimes': [1708555567.0], 'StartTimes': [1708555575.0], 'EndTimes': [1708558009.0], 'TotalUserCpuTimeHistory': [2181], 'TotalSysCpuTimeHistory': [61], 'WallDurations': [8.0, 2434.0], 'JobIds': ['102544114.0'], 'State': 'finished', 'RecordedSite': True}, '37': {'Retries': 1, 'Restarts': 0, 'SiteHistory': ['T3_UK_London_QMUL', 'T3_UK_London_QMUL', 'T2_IT_Legnaro', 'T2_IT_Legnaro'], 'ResidentSetSize': [1151000, 1307948], 'SubmitTimes': [1708555568.0, 1708559764.0], 'StartTimes': [1708555594.0, 1708559766.0], 'EndTimes': [1708557893.0, 1708561347.0], 'TotalUserCpuTimeHistory': [2004, 1418], 'TotalSysCpuTimeHistory': [55, 47], 'WallDurations': [9.0, 2299.0, 9.0, 1581.0], 'JobIds': ['102544115.0', '102544508.0'], 'State': 'finished', 'RecordedSite': True}, '38': {'Retries': 1, 'Restarts': 0, 'SiteHistory': ['Unknown', 'T2_UK_London_IC', 'T2_UK_London_IC', 'T2_IT_Legnaro', 'T2_IT_Legnaro'], 'ResidentSetSize': [1558892, 1215456], 'SubmitTimes': [1708555568.0, 1708559990.0], 'StartTimes': [1708555654.0, 1708560062.0], 'EndTimes': [1708558118.0, 1708561790.0], 'TotalUserCpuTimeHistory': [2248, 1553], 'TotalSysCpuTimeHistory': [59, 44], 'WallDurations': [9.0, 273.1978495121002, 2464.0, 8.0, 1728.0], 'JobIds': ['102544116.0', '102544518.0'], 'State': 'finished', 'RecordedSite': True}, '39': {'Retries': 0, 'Restarts': 0, 'SiteHistory': ['Unknown', 'T2_IT_Legnaro', 'T2_IT_Legnaro'], 'ResidentSetSize': [1454052], 'SubmitTimes': [1708555568.0], 'StartTimes': [1708557407.0], 'EndTimes': [1708558596.0], 'TotalUserCpuTimeHistory': [1046], 'TotalSysCpuTimeHistory': [34], 'WallDurations': [9.0, 23.056715488433838, 1189.0], 'JobIds': ['102544117.0'], 'State': 'finished', 'RecordedSite': True}, '40': {'Retries': 0, 'Restarts': 0, 'SiteHistory': ['Unknown', 'T2_IT_Legnaro', 'T2_IT_Legnaro'], 'ResidentSetSize': [1554384], 'SubmitTimes': [1708555568.0], 'StartTimes': [1708557407.0], 'EndTimes': [1708558478.0], 'TotalUserCpuTimeHistory': [958], 'TotalSysCpuTimeHistory': [30], 'WallDurations': [9.0, 23.056715488433838, 1071.0], 'JobIds': ['102544118.0'], 'State': 'finished', 'RecordedSite': True}, '42': {'Retries': 0, 'Restarts': 0, 'SiteHistory': ['Unknown', 'T2_IT_Legnaro', 'T2_IT_Legnaro'], 'ResidentSetSize': [1563908], 'SubmitTimes': [1708555568.0], 'StartTimes': [1708557407.0], 'EndTimes': [1708558839.0], 'TotalUserCpuTimeHistory': [1301], 'TotalSysCpuTimeHistory': [29], 'WallDurations': [9.0, 23.056715488433838, 1432.0], 'JobIds': ['102544119.0'], 'State': 'finished', 'RecordedSite': True}, '44': {'Retries': 0, 'Restarts': 0, 'SiteHistory': ['Unknown', 'T2_IT_Legnaro', 'T2_IT_Legnaro'], 'ResidentSetSize': [1549776], 'SubmitTimes': [1708555568.0], 'StartTimes': [1708557408.0], 'EndTimes': [1708559356.0], 'TotalUserCpuTimeHistory': [1733], 'TotalSysCpuTimeHistory': [54], 'WallDurations': [8.0, 22.056715488433838, 1948.0], 'JobIds': ['102544120.0'], 'State': 'finished', 'RecordedSite': True}, '46': {'Retries': 0, 'Restarts': 0, 'SiteHistory': ['Unknown', 'T2_IT_Legnaro', 'T2_IT_Legnaro'], 'ResidentSetSize': [1560360], 'SubmitTimes': [1708555568.0], 'StartTimes': [1708557407.0], 'EndTimes': [1708558733.0], 'TotalUserCpuTimeHistory': [1198], 'TotalSysCpuTimeHistory': [28], 'WallDurations': [9.0, 23.056715488433838, 1326.0], 'JobIds': ['102544121.0'], 'State': 'finished', 'RecordedSite': True}, '43': {'Retries': 0, 'Restarts': 0, 'SiteHistory': ['Unknown', 'T2_IT_Legnaro', 'T2_IT_Legnaro'], 'ResidentSetSize': [1469360], 'SubmitTimes': [1708555568.0], 'StartTimes': [1708557408.0], 'EndTimes': [1708560060.0], 'TotalUserCpuTimeHistory': [2361], 'TotalSysCpuTimeHistory': [68], 'WallDurations': [9.0, 22.056715488433838, 2652.0], 'JobIds': ['102544122.0'], 'State': 'finished', 'RecordedSite': True}, '45': {'Retries': 0, 'Restarts': 0, 'SiteHistory': ['Unknown', 'T2_IT_Legnaro', 'T2_IT_Legnaro'], 'ResidentSetSize': [1451852], 'SubmitTimes': [1708555568.0], 'StartTimes': [1708557408.0], 'EndTimes': [1708559764.0], 'TotalUserCpuTimeHistory': [2074], 'TotalSysCpuTimeHistory': [64], 'WallDurations': [8.0, 22.056715488433838, 2356.0], 'JobIds': ['102544123.0'], 'State': 'finished', 'RecordedSite': True}, '47': {'Retries': 0, 'Restarts': 0, 'SiteHistory': ['Unknown', 'T2_IT_Legnaro', 'T2_IT_Legnaro'], 'ResidentSetSize': [1449592], 'SubmitTimes': [1708555568.0], 'StartTimes': [1708557408.0], 'EndTimes': [1708558604.0], 'TotalUserCpuTimeHistory': [1059], 'TotalSysCpuTimeHistory': [31], 'WallDurations': [8.0, 22.056715488433838, 1196.0], 'JobIds': ['102544124.0'], 'State': 'finished', 'RecordedSite': True}, '48': {'Retries': 0, 'Restarts': 0, 'SiteHistory': ['Unknown', 'T2_IT_Legnaro', 'T2_IT_Legnaro'], 'ResidentSetSize': [1448084], 'SubmitTimes': [1708555568.0], 'StartTimes': [1708557407.0], 'EndTimes': [1708559530.0], 'TotalUserCpuTimeHistory': [1889], 'TotalSysCpuTimeHistory': [73], 'WallDurations': [9.0, 23.056715488433838, 2123.0], 'JobIds': ['102544125.0'], 'State': 'finished', 'RecordedSite': True}, '51': {'Retries': 0, 'Restarts': 0, 'SiteHistory': ['Unknown', 'T2_IT_Legnaro', 'T2_IT_Legnaro'], 'ResidentSetSize': [1285756], 'SubmitTimes': [1708555568.0], 'StartTimes': [1708557407.0], 'EndTimes': [1708558204.0], 'TotalUserCpuTimeHistory': [685], 'TotalSysCpuTimeHistory': [21], 'WallDurations': [9.0, 23.056715488433838, 797.0], 'JobIds': ['102544126.0'], 'State': 'finished', 'RecordedSite': True}, '52': {'Retries': 0, 'Restarts': 0, 'SiteHistory': ['Unknown', 'T2_IT_Legnaro', 'T2_IT_Legnaro'], 'ResidentSetSize': [1450128], 'SubmitTimes': [1708555568.0], 'StartTimes': [1708557407.0], 'EndTimes': [1708558540.0], 'TotalUserCpuTimeHistory': [948], 'TotalSysCpuTimeHistory': [36], 'WallDurations': [9.0, 23.056715488433838, 1133.0], 'JobIds': ['102544127.0'], 'State': 'finished', 'RecordedSite': True}, '50': {'Retries': 0, 'Restarts': 0, 'SiteHistory': ['Unknown', 'T2_IT_Legnaro', 'T2_IT_Legnaro'], 'ResidentSetSize': [1417648], 'SubmitTimes': [1708555568.0], 'StartTimes': [1708557408.0], 'EndTimes': [1708558746.0], 'TotalUserCpuTimeHistory': [1137], 'TotalSysCpuTimeHistory': [44], 'WallDurations': [9.0, 22.056715488433838, 1338.0], 'JobIds': ['102544128.0'], 'State': 'finished', 'RecordedSite': True}, '49': {'Retries': 0, 'Restarts': 0, 'SiteHistory': ['Unknown', 'T2_IT_Legnaro', 'T2_IT_Legnaro'], 'ResidentSetSize': [1432820], 'SubmitTimes': [1708555568.0], 'StartTimes': [1708557408.0], 'EndTimes': [1708559231.0], 'TotalUserCpuTimeHistory': [1606], 'TotalSysCpuTimeHistory': [54], 'WallDurations': [9.0, 22.056715488433838, 1823.0], 'JobIds': ['102544129.0'], 'State': 'finished', 'RecordedSite': True}, '53': {'Retries': 0, 'Restarts': 0, 'SiteHistory': ['Unknown', 'T2_IT_Legnaro', 'T2_IT_Legnaro'], 'ResidentSetSize': [1578932], 'SubmitTimes': [1708555568.0], 'StartTimes': [1708557408.0], 'EndTimes': [1708559092.0], 'TotalUserCpuTimeHistory': [1523], 'TotalSysCpuTimeHistory': [41], 'WallDurations': [8.0, 22.056715488433838, 1684.0], 'JobIds': ['102544130.0'], 'State': 'finished', 'RecordedSite': True}, '55': {'Retries': 0, 'Restarts': 0, 'SiteHistory': ['Unknown', 'T2_IT_Legnaro', 'T2_IT_Legnaro'], 'ResidentSetSize': [1432760], 'SubmitTimes': [1708555568.0], 'StartTimes': [1708557408.0], 'EndTimes': [1708559940.0], 'TotalUserCpuTimeHistory': [2299], 'TotalSysCpuTimeHistory': [67], 'WallDurations': [8.0, 22.056715488433838, 2532.0], 'JobIds': ['102544131.0'], 'State': 'finished', 'RecordedSite': True}, '56': {'Retries': 0, 'Restarts': 0, 'SiteHistory': ['Unknown', 'T2_IT_Legnaro', 'T2_IT_Legnaro'], 'ResidentSetSize': [1435188], 'SubmitTimes': [1708555568.0], 'StartTimes': [1708557408.0], 'EndTimes': [1708559101.0], 'TotalUserCpuTimeHistory': [1470], 'TotalSysCpuTimeHistory': [57], 'WallDurations': [9.0, 22.056715488433838, 1693.0], 'JobIds': ['102544132.0'], 'State': 'finished', 'RecordedSite': True}, '54': {'Retries': 0, 'Restarts': 0, 'SiteHistory': ['Unknown', 'T2_IT_Legnaro', 'T2_IT_Legnaro'], 'ResidentSetSize': [1464212], 'SubmitTimes': [1708555568.0], 'StartTimes': [1708557409.0], 'EndTimes': [1708559740.0], 'TotalUserCpuTimeHistory': [2086], 'TotalSysCpuTimeHistory': [65], 'WallDurations': [8.0, 21.056715488433838, 2331.0], 'JobIds': ['102544133.0'], 'State': 'finished', 'RecordedSite': True}, '57': {'Retries': 0, 'Restarts': 0, 'SiteHistory': ['Unknown', 'T2_CN_Beijing', 'T2_CN_Beijing'], 'ResidentSetSize': [1474128], 'SubmitTimes': [1708555568.0], 'StartTimes': [1708557415.0], 'EndTimes': [1708559888.0], 'TotalUserCpuTimeHistory': [1864], 'TotalSysCpuTimeHistory': [68], 'WallDurations': [8.0, 15.056715488433838, 2473.0], 'JobIds': ['102544134.0'], 'State': 'finished', 'RecordedSite': True}, '59': {'Retries': 0, 'Restarts': 0, 'SiteHistory': ['Unknown', 'T2_IT_Legnaro', 'T2_IT_Legnaro'], 'ResidentSetSize': [1459868], 'SubmitTimes': [1708555568.0], 'StartTimes': [1708557408.0], 'EndTimes': [1708560124.0], 'TotalUserCpuTimeHistory': [2471], 'TotalSysCpuTimeHistory': [85], 'WallDurations': [8.0, 22.056715488433838, 2716.0], 'JobIds': ['102544135.0'], 'State': 'finished', 'RecordedSite': True}, '63': {'Retries': 0, 'Restarts': 0, 'SiteHistory': ['Unknown', 'T2_IT_Legnaro', 'T2_IT_Legnaro'], 'ResidentSetSize': [1451540], 'SubmitTimes': [1708555569.0], 'StartTimes': [1708557407.0], 'EndTimes': [1708558516.0], 'TotalUserCpuTimeHistory': [969], 'TotalSysCpuTimeHistory': [32], 'WallDurations': [9.0, 23.056715488433838, 1109.0], 'JobIds': ['102544136.0'], 'State': 'finished', 'RecordedSite': True}, '60': {'Retries': 0, 'Restarts': 0, 'SiteHistory': ['Unknown', 'T2_IT_Legnaro', 'T2_IT_Legnaro'], 'ResidentSetSize': [1465416], 'SubmitTimes': [1708555569.0], 'StartTimes': [1708557407.0], 'EndTimes': [1708559743.0], 'TotalUserCpuTimeHistory': [2111], 'TotalSysCpuTimeHistory': [66], 'WallDurations': [9.0, 23.056715488433838, 2336.0], 'JobIds': ['102544137.0'], 'State': 'finished', 'RecordedSite': True}, '62': {'Retries': 0, 'Restarts': 0, 'SiteHistory': ['Unknown', 'T2_IT_Legnaro', 'T2_IT_Legnaro'], 'ResidentSetSize': [1467252], 'SubmitTimes': [1708555569.0], 'StartTimes': [1708557407.0], 'EndTimes': [1708559323.0], 'TotalUserCpuTimeHistory': [1744], 'TotalSysCpuTimeHistory': [48], 'WallDurations': [9.0, 23.056715488433838, 1916.0], 'JobIds': ['102544138.0'], 'State': 'finished', 'RecordedSite': True}, '58': {'Retries': 0, 'Restarts': 0, 'SiteHistory': ['Unknown', 'T2_IT_Legnaro', 'T2_IT_Legnaro'], 'ResidentSetSize': [1566192], 'SubmitTimes': [1708555569.0], 'StartTimes': [1708557407.0], 'EndTimes': [1708558782.0], 'TotalUserCpuTimeHistory': [1243], 'TotalSysCpuTimeHistory': [32], 'WallDurations': [9.0, 23.056715488433838, 1375.0], 'JobIds': ['102544139.0'], 'State': 'finished', 'RecordedSite': True}, '61': {'Retries': 0, 'Restarts': 0, 'SiteHistory': ['Unknown', 'T2_IT_Legnaro', 'T2_IT_Legnaro'], 'ResidentSetSize': [1551912], 'SubmitTimes': [1708555569.0], 'StartTimes': [1708557409.0], 'EndTimes': [1708559575.0], 'TotalUserCpuTimeHistory': [2005], 'TotalSysCpuTimeHistory': [45], 'WallDurations': [8.0, 21.056715488433838, 2166.0], 'JobIds': ['102544140.0'], 'State': 'finished', 'RecordedSite': True}, '64': {'Retries': 0, 'Restarts': 0, 'SiteHistory': ['Unknown', 'T2_IT_Legnaro', 'T2_IT_Legnaro'], 'ResidentSetSize': [1561288], 'SubmitTimes': [1708555569.0], 'StartTimes': [1708557408.0], 'EndTimes': [1708558736.0], 'TotalUserCpuTimeHistory': [1213], 'TotalSysCpuTimeHistory': [29], 'WallDurations': [9.0, 22.056715488433838, 1328.0], 'JobIds': ['102544141.0'], 'State': 'finished', 'RecordedSite': True}, '65': {'Retries': 0, 'Restarts': 0, 'SiteHistory': ['Unknown', 'T2_IT_Legnaro', 'T2_IT_Legnaro'], 'ResidentSetSize': [1433804], 'SubmitTimes': [1708555569.0], 'StartTimes': [1708557408.0], 'EndTimes': [1708558854.0], 'TotalUserCpuTimeHistory': [1297], 'TotalSysCpuTimeHistory': [39], 'WallDurations': [9.0, 22.056715488433838, 1446.0], 'JobIds': ['102544142.0'], 'State': 'finished', 'RecordedSite': True}, '68': {'Retries': 0, 'Restarts': 0, 'SiteHistory': ['Unknown', 'T2_IT_Bari', 'T2_IT_Bari'], 'ResidentSetSize': [1137432], 'SubmitTimes': [1708555569.0], 'StartTimes': [1708558702.0], 'EndTimes': [1708560326.0], 'TotalUserCpuTimeHistory': [1243], 'TotalSysCpuTimeHistory': [57], 'WallDurations': [9.0, 236.58475852012634, 1624.0], 'JobIds': ['102544143.0'], 'State': 'finished', 'RecordedSite': True}, '66': {'Retries': 0, 'Restarts': 0, 'SiteHistory': ['Unknown', 'T2_IT_Legnaro', 'T2_IT_Legnaro'], 'ResidentSetSize': [1412268], 'SubmitTimes': [1708555569.0], 'StartTimes': [1708557409.0], 'EndTimes': [1708558591.0], 'TotalUserCpuTimeHistory': [1042], 'TotalSysCpuTimeHistory': [34], 'WallDurations': [8.0, 21.056715488433838, 1182.0], 'JobIds': ['102544144.0'], 'State': 'finished', 'RecordedSite': True}, '67': {'Retries': 0, 'Restarts': 0, 'SiteHistory': ['Unknown', 'T2_IT_Legnaro', 'T2_IT_Legnaro'], 'ResidentSetSize': [1271804], 'SubmitTimes': [1708555569.0], 'StartTimes': [1708557408.0], 'EndTimes': [1708557900.0], 'TotalUserCpuTimeHistory': [415], 'TotalSysCpuTimeHistory': [13], 'WallDurations': [9.0, 22.056715488433838, 492.0], 'JobIds': ['102544145.0'], 'State': 'finished', 'RecordedSite': True}, '70': {'Retries': 0, 'Restarts': 0, 'SiteHistory': ['Unknown', 'T2_IT_Bari', 'T2_IT_Bari'], 'ResidentSetSize': [1274496], 'SubmitTimes': [1708555569.0], 'StartTimes': [1708558842.0], 'EndTimes': [1708560038.0], 'TotalUserCpuTimeHistory': [934], 'TotalSysCpuTimeHistory': [39], 'WallDurations': [8.0, 96.58475852012634, 1196.0], 'JobIds': ['102544146.0'], 'State': 'finished', 'RecordedSite': True}, '69': {'Retries': 0, 'Restarts': 0, 'SiteHistory': ['Unknown', 'T2_IT_Bari', 'T2_IT_Bari'], 'ResidentSetSize': [1279064], 'SubmitTimes': [1708555569.0], 'StartTimes': [1708558902.0], 'EndTimes': [1708560249.0], 'TotalUserCpuTimeHistory': [1003], 'TotalSysCpuTimeHistory': [41], 'WallDurations': [9.0, 36.58475852012634, 1347.0], 'JobIds': ['102544147.0'], 'State': 'finished', 'RecordedSite': True}, '71': {'Retries': 0, 'Restarts': 0, 'SiteHistory': ['Unknown', 'T2_IT_Bari', 'T2_IT_Bari'], 'ResidentSetSize': [1156692], 'SubmitTimes': [1708555569.0], 'StartTimes': [1708558906.0], 'EndTimes': [1708560850.0], 'TotalUserCpuTimeHistory': [1547], 'TotalSysCpuTimeHistory': [54], 'WallDurations': [9.0, 32.58475852012634, 1944.0], 'JobIds': ['102544148.0'], 'State': 'finished', 'RecordedSite': True}, '74': {'Retries': 0, 'Restarts': 0, 'SiteHistory': ['Unknown', 'T2_IT_Bari', 'T2_IT_Bari'], 'ResidentSetSize': [1147976], 'SubmitTimes': [1708555569.0], 'StartTimes': [1708558981.0], 'EndTimes': [1708561242.0], 'TotalUserCpuTimeHistory': [1827], 'TotalSysCpuTimeHistory': [42], 'WallDurations': [9.0, 259.2170283794403, 2261.0], 'JobIds': ['102544149.0'], 'State': 'finished', 'RecordedSite': True}, '72': {'Retries': 0, 'Restarts': 0, 'SiteHistory': ['Unknown', 'T2_IT_Bari', 'T2_IT_Bari'], 'ResidentSetSize': [1260988], 'SubmitTimes': [1708555569.0], 'StartTimes': [1708559048.0], 'EndTimes': [1708560502.0], 'TotalUserCpuTimeHistory': [1120], 'TotalSysCpuTimeHistory': [39], 'WallDurations': [10.0, 192.2170283794403, 1454.0], 'JobIds': ['102544150.0'], 'State': 'finished', 'RecordedSite': True}, '76': {'Retries': 0, 'Restarts': 0, 'SiteHistory': ['Unknown', 'T2_IT_Bari', 'T2_IT_Bari'], 'ResidentSetSize': [1311192], 'SubmitTimes': [1708555569.0], 'StartTimes': [1708559172.0], 'EndTimes': [1708562021.0], 'TotalUserCpuTimeHistory': [2250], 'TotalSysCpuTimeHistory': [45], 'WallDurations': [10.0, 68.21702837944031, 2849.0], 'JobIds': ['102544151.0'], 'State': 'finished', 'RecordedSite': True}, '73': {'Retries': 0, 'Restarts': 0, 'SiteHistory': ['Unknown', 'T2_IT_Bari', 'T2_IT_Bari'], 'ResidentSetSize': [1308268], 'SubmitTimes': [1708555569.0], 'StartTimes': [1708559374.0], 'EndTimes': [1708562082.0], 'TotalUserCpuTimeHistory': [2264], 'TotalSysCpuTimeHistory': [57], 'WallDurations': [8.0, 168.0993103981018, 2708.0], 'JobIds': ['102544152.0'], 'State': 'finished', 'RecordedSite': True}, '78': {'Retries': 0, 'Restarts': 0, 'SiteHistory': ['Unknown', 'T2_IT_Bari', 'T2_IT_Bari'], 'ResidentSetSize': [1312000], 'SubmitTimes': [1708555569.0], 'StartTimes': [1708559408.0], 'EndTimes': [1708561766.0], 'TotalUserCpuTimeHistory': [1993], 'TotalSysCpuTimeHistory': [53], 'WallDurations': [8.0, 134.0993103981018, 2358.0], 'JobIds': ['102544153.0'], 'State': 'finished', 'RecordedSite': True}, '77': {'Retries': 0, 'Restarts': 0, 'SiteHistory': ['Unknown', 'T2_IT_Bari', 'T2_IT_Bari'], 'ResidentSetSize': [1241996], 'SubmitTimes': [1708555569.0], 'StartTimes': [1708559408.0], 'EndTimes': [1708562310.0], 'TotalUserCpuTimeHistory': [2449], 'TotalSysCpuTimeHistory': [67], 'WallDurations': [8.0, 134.0993103981018, 2902.0], 'JobIds': ['102544154.0'], 'State': 'finished', 'RecordedSite': True}, '75': {'Retries': 0, 'Restarts': 0, 'SiteHistory': ['Unknown', 'T2_IT_Bari', 'T2_IT_Bari'], 'ResidentSetSize': [1295252], 'SubmitTimes': [1708555569.0], 'StartTimes': [1708559407.0], 'EndTimes': [1708560805.0], 'TotalUserCpuTimeHistory': [1103], 'TotalSysCpuTimeHistory': [26], 'WallDurations': [8.0, 135.0993103981018, 1398.0], 'JobIds': ['102544155.0'], 'State': 'finished', 'RecordedSite': True}, '80': {'Retries': 0, 'Restarts': 0, 'SiteHistory': ['Unknown', 'T2_IT_Bari', 'T2_IT_Bari'], 'ResidentSetSize': [1297292], 'SubmitTimes': [1708555570.0], 'StartTimes': [1708559408.0], 'EndTimes': [1708561547.0], 'TotalUserCpuTimeHistory': [1721], 'TotalSysCpuTimeHistory': [67], 'WallDurations': [9.0, 134.0993103981018, 2139.0], 'JobIds': ['102544156.0'], 'State': 'finished', 'RecordedSite': True}, '79': {'Retries': 0, 'Restarts': 0, 'SiteHistory': ['Unknown', 'T2_IT_Bari', 'T2_IT_Bari'], 'ResidentSetSize': [1284036], 'SubmitTimes': [1708555570.0], 'StartTimes': [1708559406.0], 'EndTimes': [1708561736.0], 'TotalUserCpuTimeHistory': [1895], 'TotalSysCpuTimeHistory': [69], 'WallDurations': [9.0, 136.0993103981018, 2330.0], 'JobIds': ['102544157.0'], 'State': 'finished', 'RecordedSite': True}, '81': {'Retries': 0, 'Restarts': 0, 'SiteHistory': ['Unknown', 'T2_IT_Bari', 'T2_IT_Bari'], 'ResidentSetSize': [1270204], 'SubmitTimes': [1708555570.0], 'StartTimes': [1708559406.0], 'EndTimes': [1708561139.0], 'TotalUserCpuTimeHistory': [1403], 'TotalSysCpuTimeHistory': [51], 'WallDurations': [9.0, 136.0993103981018, 1733.0], 'JobIds': ['102544158.0'], 'State': 'finished', 'RecordedSite': True}, '83': {'Retries': 0, 'Restarts': 0, 'SiteHistory': ['Unknown', 'T2_IT_Bari', 'T2_IT_Bari'], 'ResidentSetSize': [1298112], 'SubmitTimes': [1708555570.0], 'StartTimes': [1708559408.0], 'EndTimes': [1708560562.0], 'TotalUserCpuTimeHistory': [891], 'TotalSysCpuTimeHistory': [32], 'WallDurations': [8.0, 134.0993103981018, 1154.0], 'JobIds': ['102544159.0'], 'State': 'finished', 'RecordedSite': True}, '84': {'Retries': 0, 'Restarts': 0, 'SiteHistory': ['Unknown', 'T2_IT_Bari', 'T2_IT_Bari'], 'ResidentSetSize': [1275440], 'SubmitTimes': [1708555570.0], 'StartTimes': [1708559409.0], 'EndTimes': [1708560714.0], 'TotalUserCpuTimeHistory': [1017], 'TotalSysCpuTimeHistory': [34], 'WallDurations': [8.0, 133.0993103981018, 1305.0], 'JobIds': ['102544160.0'], 'State': 'finished', 'RecordedSite': True}, '86': {'Retries': 0, 'Restarts': 0, 'SiteHistory': ['Unknown', 'T2_IT_Bari', 'T2_IT_Bari'], 'ResidentSetSize': [77068], 'SubmitTimes': [1708555570.0], 'StartTimes': [1708559408.0], 'EndTimes': [1708559675.0], 'TotalUserCpuTimeHistory': [95], 'TotalSysCpuTimeHistory': [8], 'WallDurations': [9.0, 134.0993103981018, 267.0], 'JobIds': ['102544161.0'], 'State': 'finished', 'RecordedSite': True}, '88': {'Retries': 0, 'Restarts': 0, 'SiteHistory': ['Unknown', 'T2_ES_CIEMAT', 'T2_ES_CIEMAT'], 'ResidentSetSize': [1308844], 'SubmitTimes': [1708555570.0], 'StartTimes': [1708559652.0], 'EndTimes': [1708560396.0], 'TotalUserCpuTimeHistory': [673], 'TotalSysCpuTimeHistory': [14], 'WallDurations': [9.0, 191.76714658737183, 744.0], 'JobIds': ['102544162.0'], 'State': 'finished', 'RecordedSite': True}, '82': {'Retries': 0, 'Restarts': 0, 'SiteHistory': ['Unknown', 'T2_IT_Bari', 'T2_IT_Bari'], 'ResidentSetSize': [1304876], 'SubmitTimes': [1708555570.0], 'StartTimes': [1708559406.0], 'EndTimes': [1708561400.0], 'TotalUserCpuTimeHistory': [1558], 'TotalSysCpuTimeHistory': [53], 'WallDurations': [9.0, 136.0993103981018, 1994.0], 'JobIds': ['102544163.0'], 'State': 'finished', 'RecordedSite': True}, '85': {'Retries': 0, 'Restarts': 0, 'SiteHistory': ['Unknown', 'T2_IT_Bari', 'T2_IT_Bari'], 'ResidentSetSize': [1247364], 'SubmitTimes': [1708555570.0], 'StartTimes': [1708559408.0], 'EndTimes': [1708560660.0], 'TotalUserCpuTimeHistory': [962], 'TotalSysCpuTimeHistory': [28], 'WallDurations': [9.0, 134.0993103981018, 1252.0], 'JobIds': ['102544164.0'], 'State': 'finished', 'RecordedSite': True}, '89': {'Retries': 0, 'Restarts': 0, 'SiteHistory': ['Unknown', 'T1_IT_CNAF', 'T1_IT_CNAF'], 'ResidentSetSize': [950180], 'SubmitTimes': [1708555570.0], 'StartTimes': [1708560136.0], 'EndTimes': [1708560582.0], 'TotalUserCpuTimeHistory': [338], 'TotalSysCpuTimeHistory': [13], 'WallDurations': [9.0, 9.450568437576294, 446.0], 'JobIds': ['102544165.0'], 'State': 'finished', 'RecordedSite': True}, '87': {'Retries': 0, 'Restarts': 0, 'SiteHistory': ['Unknown', 'T2_FI_HIP', 'T2_FI_HIP'], 'ResidentSetSize': [1457736], 'SubmitTimes': [1708555570.0], 'StartTimes': [1708561415.0], 'EndTimes': [1708563193.0], 'TotalUserCpuTimeHistory': [1640], 'TotalSysCpuTimeHistory': [50], 'WallDurations': [9.0, 238.14146876335144, 1778.0], 'JobIds': ['102544166.0'], 'State': 'finished', 'RecordedSite': True}, '41': {'Retries': 0, 'Restarts': 0, 'SiteHistory': ['Unknown', 'T2_IT_Legnaro', 'T2_IT_Legnaro'], 'ResidentSetSize': [1455836], 'SubmitTimes': [1708555570.0], 'StartTimes': [1708557408.0], 'EndTimes': [1708560389.0], 'TotalUserCpuTimeHistory': [2683], 'TotalSysCpuTimeHistory': [80], 'WallDurations': [9.0, 22.056715488433838, 2981.0], 'JobIds': ['102544167.0'], 'State': 'finished', 'RecordedSite': True}}
INFO 2024-02-22 20:35:51.574 UTC: 	 Status on the scheduler:	COMPLETED
INFO 2024-02-22 20:35:51.574 UTC: 	 
Jobs status:                    finished     		100.0% (89/89)
DEBUG 2024-02-22 20:35:51.574 UTC: 	 Encoded data for curl request: subresource=publicationstatus&workflow=240221_224318%3Ambuonsan_crab_SkimB4Mu_2023eraD-v2_stream6_Mini&username=mbuonsan
INFO 2024-02-22 20:35:51.785 UTC: 	 
Output dataset:			/FakeDataset/fakefile-FakePublish-b08b80e9676250f05db001554b29ab1f/USER
INFO 2024-02-22 20:35:51.785 UTC: 	 
No publication information available yet
INFO 2024-02-22 20:35:51.788 UTC: 	 
Warning: the max jobs runtime is less than 30% of the task requested value (1250 min), please consider to request a lower value for failed jobs (allowed through crab resubmit) and/or improve the jobs splitting (e.g. config.Data.splitting = 'Automatic') in a new task.
INFO 2024-02-22 20:35:51.788 UTC: 	 
Summary of run jobs:
 * Memory: 75MB min, 1544MB max, 1386MB ave
 * Runtime: 0:04:27 min, 1:04:15 max, 0:32:09 ave
 * CPU eff: 39% min, 95% max, 87% ave
 * Waste: 3:37:50 (7% of total)

DEBUG 2024-02-22 20:35:51.789 UTC: 	 Requesting resubmission of failed jobs in task 240221_224318:mbuonsan_crab_SkimB4Mu_2023eraD-v2_stream6_Mini
ERROR 2024-02-22 20:35:51.789 UTC: 	 Found no jobs to resubmit. Only jobs in status failed can be resubmitted. Jobs in status finished can also be resubmitted, but only if the jobids are specified and the force option is set.
ERROR 2024-02-22 20:35:51.789 UTC: 	 Caught ClientException exception
Traceback (most recent call last):
  File "/cvmfs/cms.cern.ch/share/cms/crab-prod/v3.240110.01/bin/crab.py", line 152, in <module>
    client()
  File "/cvmfs/cms.cern.ch/share/cms/crab-prod/v3.240110.01/bin/crab.py", line 137, in __call__
    returnDict = self.cmd()
  File "/cvmfs/cms.cern.ch/share/cms/crab-prod/v3.240110.01/lib/CRABClient/Commands/resubmit.py", line 65, in __call__
    self.jobids = self.processJobIds(jobList)
  File "/cvmfs/cms.cern.ch/share/cms/crab-prod/v3.240110.01/lib/CRABClient/Commands/resubmit.py", line 171, in processJobIds
    raise ConfigurationException(msg)
CRABClient.ClientExceptions.ConfigurationException: Found no jobs to resubmit. Only jobs in status failed can be resubmitted. Jobs in status finished can also be resubmitted, but only if the jobids are specified and the force option is set.
