DEBUG 2024-02-29 13:17:20.614 UTC: 	 CRAB Client version: v3.240110
DEBUG 2024-02-29 13:17:20.614 UTC: 	 Running on: Linux ui03.recas.ba.infn.it 3.10.0-1160.80.1.el7.x86_64 #1 SMP Tue Nov 8 15:48:59 UTC 2022 x86_64 x86_64 x86_64 GNU/Linux - CentOS Linux 7 (Core)
DEBUG 2024-02-29 13:17:20.614 UTC: 	 Executing command: 'submit'
DEBUG 2024-02-29 13:17:20.615 UTC: 	 Found CRAB cache file /lustrehome/mbuonsante/.crab3
INFO 2024-02-29 13:17:20.616 UTC: 	 Will use CRAB configuration file CRAB_MC_Bd.py
DEBUG 2024-02-29 13:17:20.617 UTC: 	 Loading CRAB configuration file.
DEBUG 2024-02-29 13:17:20.619 UTC: 	 Will use CRAB plugin ANALYSIS (i.e. will run an analysis job type).
DEBUG 2024-02-29 13:17:20.631 UTC: 	 Checking credentials
DEBUG 2024-02-29 13:17:20.631 UTC: 	 Found proxy file /tmp/x509up_u881331
DEBUG 2024-02-29 13:17:20.631 UTC: 	 Making sure it has proper VOMS extension
DEBUG 2024-02-29 13:17:20.631 UTC: 	 Executing command :
 voms-proxy-info --vo --file /tmp/x509up_u881331
DEBUG 2024-02-29 13:17:22.878 UTC: 	 output : cms

 error: 
 retcode : 0
DEBUG 2024-02-29 13:17:22.878 UTC: 	 Getting proxy life time left
DEBUG 2024-02-29 13:17:22.878 UTC: 	 Executing command :
 voms-proxy-info --actimeleft --timeleft --file /tmp/x509up_u881331
DEBUG 2024-02-29 13:17:24.123 UTC: 	 output : 0
0

 error: 
 retcode : 0
DEBUG 2024-02-29 13:17:24.123 UTC: 	 Proxy valid for 00:00:00 hours
DEBUG 2024-02-29 13:17:24.123 UTC: 	 Creating new proxy for 172:00 hours
DEBUG 2024-02-29 13:17:24.123 UTC: 	 Executing command :
 voms-proxy-init --rfc --cert ~/.globus/usercert.pem --key ~/.globus/userkey.pem --out /tmp/x509up_u881331 --valid 192:00 --voms cms:/cms
DEBUG 2024-02-29 13:17:35.910 UTC: 	 output : 
 error: 
 retcode : 0
DEBUG 2024-02-29 13:17:35.910 UTC: 	 Executing command :
 voms-proxy-info --actimeleft --timeleft --file /tmp/x509up_u881331
DEBUG 2024-02-29 13:17:37.293 UTC: 	 output : 691197
691196

 error: 
 retcode : 0
DEBUG 2024-02-29 13:17:37.293 UTC: 	 Proxy created.
DEBUG 2024-02-29 13:17:37.293 UTC: 	 Encoded data for curl request: subresource=delegatedn
DEBUG 2024-02-29 13:17:37.584 UTC: 	 Registering user credentials on myproxy for /DC=ch/DC=cern/OU=computers/CN=crab-(preprod|prod|dev)-tw(01|02|03).cern.ch|/DC=ch/DC=cern/OU=computers/CN=stefanov(m|m2).cern.ch|/DC=ch/DC=cern/OU=computers/CN=dciangot-tw.cern.ch
DEBUG 2024-02-29 13:17:37.584 UTC: 	 Executing command :
 voms-proxy-info --identity --file /tmp/x509up_u881331
DEBUG 2024-02-29 13:17:38.924 UTC: 	 output : /DC=ch/DC=cern/OU=Organic Units/OU=Users/CN=mbuonsan/CN=866052/CN=Marco Buonsante

 error: 
 retcode : 0
DEBUG 2024-02-29 13:17:38.925 UTC: 	 Getting myproxy life time left for db438794163ae221c16ac5cdc1e476b2bc2ff634
DEBUG 2024-02-29 13:17:38.925 UTC: 	 Executing command :
 myproxy-info -s myproxy.cern.ch -l db438794163ae221c16ac5cdc1e476b2bc2ff634
DEBUG 2024-02-29 13:17:39.585 UTC: 	 output : username: db438794163ae221c16ac5cdc1e476b2bc2ff634
owner: /DC=ch/DC=cern/OU=Organic Units/OU=Users/CN=mbuonsan/CN=866052/CN=Marco Buonsante
  renewal policy: /DC=ch/DC=cern/OU=computers/CN=crab-(preprod|prod|dev)-tw(01|02|03).cern.ch|/DC=ch/DC=cern/OU=computers/CN=stefanov(m|m2).cern.ch|/DC=ch/DC=cern/OU=computers/CN=dciangot-tw.cern.ch
  trusted retrieval policy: /DC=ch/DC=cern/OU=computers/CN=crab-(preprod|prod|dev)-tw(01|02|03).cern.ch|/DC=ch/DC=cern/OU=computers/CN=stefanov(m|m2).cern.ch|/DC=ch/DC=cern/OU=computers/CN=dciangot-tw.cern.ch
  timeleft: 310:23:48  (12.9 days)

 error: 
 retcode : 0
DEBUG 2024-02-29 13:17:39.585 UTC: 	 Myproxy is valid: 1117380
DEBUG 2024-02-29 13:17:39.585 UTC: 	 Executing command :
 openssl x509 -noout -dates -in ~/.globus/usercert.pem
DEBUG 2024-02-29 13:17:39.615 UTC: 	 output : notBefore=Feb  8 11:18:49 2023 GMT
notAfter=Mar 14 11:18:49 2024 GMT

 error: 
 retcode : 0
INFO 2024-02-29 13:17:39.664 UTC: 	 Your user certificate is going to expire in 13 days. See: https://twiki.cern.ch/twiki/bin/view/CMSPublic/WorkBookStartingGrid#ObtainingCert 
DEBUG 2024-02-29 13:17:39.665 UTC: 	 Result of myproxy credential check:
  Credential exists on myproxy: username: db438794163ae221c16ac5cdc1e476b2bc2ff634  - validity: 12 days, 22:23:00
DEBUG 2024-02-29 13:17:39.665 UTC: 	 Command use: submit
DEBUG 2024-02-29 13:17:39.665 UTC: 	 Options use: ['-c', 'CRAB_MC_Bd.py']
DEBUG 2024-02-29 13:17:39.665 UTC: 	 Encoded data for curl request: subresource=version
DEBUG 2024-02-29 13:17:39.834 UTC: 	 CRABClient version: v3.240110
DEBUG 2024-02-29 13:17:39.834 UTC: 	 Instance is prod
DEBUG 2024-02-29 13:17:39.834 UTC: 	 Server base url is cmsweb.cern.ch
DEBUG 2024-02-29 13:17:39.835 UTC: 	 Command api workflow
DEBUG 2024-02-29 13:17:39.835 UTC: 	 Started submission
DEBUG 2024-02-29 13:17:39.835 UTC: 	 Working on /lustrehome/mbuonsante/B_4mu/CMSSW_13_0_13/src/B4muNtuplizer/CrabSubmission/2022_MC_B4mu_pre/crab_projects/crab_SkimB4Mu_2022_MC_B4mu_pre_Bd_Mini
DEBUG 2024-02-29 13:17:39.835 UTC: 	 Encoded data for curl request: subresource=backendurls
DEBUG 2024-02-29 13:17:40.713 UTC: 	 Loading required information from the environment
DEBUG 2024-02-29 13:17:40.713 UTC: 	 Found CMSSW_13_0_13 for slc7_amd64_gcc11 with base /lustrehome/mbuonsante/B_4mu/CMSSW_13_0_13
DEBUG 2024-02-29 13:17:40.713 UTC: 	 Loading required information from the environment
DEBUG 2024-02-29 13:17:40.713 UTC: 	 Found CMSSW_13_0_13 for slc7_amd64_gcc11 with base /lustrehome/mbuonsante/B_4mu/CMSSW_13_0_13
DEBUG 2024-02-29 13:17:40.713 UTC: 	 UNIQUE NAME: tarUUID 47a3e439-7702-4fb9-9825-e4f99383563d 
DEBUG 2024-02-29 13:17:40.713 UTC: 	 self.config: from WMCore.Configuration import Configuration
config = Configuration()
config.section_('General')
config.General.requestName = 'SkimB4Mu_2022_MC_B4mu_pre_Bd_Mini'
config.General.workArea = 'crab_projects'
config.General.transferLogs = False
config.General.transferOutputs = True
config.section_('JobType')
config.JobType.allowUndistributedCMSSW = True
config.JobType.pluginName = 'Analysis'
config.JobType.psetName = '/lustrehome/mbuonsante/B_4mu/CMSSW_13_0_13/src/B4muNtuplizer/CrabSubmission/2022_MC_B4mu_pre/PatAndTree_cfg.py'
config.section_('Data')
config.Data.unitsPerJob = 300
config.Data.inputDataset = '/BdTo4Mu_FourMuonFilter_TuneCP5_13p6TeV_pythia8-evtgen/Run3Summer22MiniAODv4-130X_mcRun3_2022_realistic_v5-v3/MINIAODSIM'
config.Data.allowNonValidInputDataset = True
config.Data.inputDBS = 'global'
config.Data.outputDatasetTag = 'SkimB4Mu_2022_MC_B4mu_pre_Bd_Mini'
config.Data.splitting = 'LumiBased'
config.section_('Site')
config.Site.storageSite = 'T2_IT_Bari'
config.Site.ignoreGlobalBlacklist = True
config.section_('User')
config.section_('Debug')

DEBUG 2024-02-29 13:17:40.713 UTC: 	 self.config.JobType.psetName: /lustrehome/mbuonsante/B_4mu/CMSSW_13_0_13/src/B4muNtuplizer/CrabSubmission/2022_MC_B4mu_pre/PatAndTree_cfg.py
INFO 2024-02-29 13:17:40.714 UTC: 	 Importing CMSSW configuration /lustrehome/mbuonsante/B_4mu/CMSSW_13_0_13/src/B4muNtuplizer/CrabSubmission/2022_MC_B4mu_pre/PatAndTree_cfg.py
INFO 2024-02-29 13:17:52.080 UTC: 	 Finished importing CMSSW configuration /lustrehome/mbuonsante/B_4mu/CMSSW_13_0_13/src/B4muNtuplizer/CrabSubmission/2022_MC_B4mu_pre/PatAndTree_cfg.py
DEBUG 2024-02-29 13:17:52.080 UTC: 	 Writing CMSSW configuration to /lustrehome/mbuonsante/B_4mu/CMSSW_13_0_13/src/B4muNtuplizer/CrabSubmission/2022_MC_B4mu_pre/crab_projects/crab_SkimB4Mu_2022_MC_B4mu_pre_Bd_Mini/inputs/PSet.py
DEBUG 2024-02-29 13:17:52.169 UTC: 	 The following EDM output files will be collected: []
DEBUG 2024-02-29 13:17:52.169 UTC: 	 The following TFile output files will be collected: ['TreeMC.root']
DEBUG 2024-02-29 13:17:52.169 UTC: 	 The following user output files (not listed as PoolOuputModule or TFileService in the CMSSW PSet) will be collected: 
DEBUG 2024-02-29 13:17:52.169 UTC: 	 Loading required information from the environment
DEBUG 2024-02-29 13:17:52.169 UTC: 	 Found CMSSW_13_0_13 for slc7_amd64_gcc11 with base /lustrehome/mbuonsante/B_4mu/CMSSW_13_0_13
DEBUG 2024-02-29 13:17:52.169 UTC: 	 Making tarball in /lustrehome/mbuonsante/B_4mu/CMSSW_13_0_13/src/B4muNtuplizer/CrabSubmission/2022_MC_B4mu_pre/crab_projects/crab_SkimB4Mu_2022_MC_B4mu_pre_Bd_Mini/inputs/47a3e439-7702-4fb9-9825-e4f99383563ddefault.tgz
DEBUG 2024-02-29 13:17:52.170 UTC: 	 Checking directory /lustrehome/mbuonsante/B_4mu/CMSSW_13_0_13/bin
DEBUG 2024-02-29 13:17:52.170 UTC: 	 Adding directory /lustrehome/mbuonsante/B_4mu/CMSSW_13_0_13/bin to tarball
DEBUG 2024-02-29 13:17:52.172 UTC: 	 Checking directory /lustrehome/mbuonsante/B_4mu/CMSSW_13_0_13/python
DEBUG 2024-02-29 13:17:52.172 UTC: 	 Adding directory /lustrehome/mbuonsante/B_4mu/CMSSW_13_0_13/python to tarball
DEBUG 2024-02-29 13:17:52.322 UTC: 	 Checking directory /lustrehome/mbuonsante/B_4mu/CMSSW_13_0_13/cfipython
DEBUG 2024-02-29 13:17:52.324 UTC: 	 Adding directory /lustrehome/mbuonsante/B_4mu/CMSSW_13_0_13/cfipython to tarball
DEBUG 2024-02-29 13:17:52.351 UTC: 	 Checking directory /lustrehome/mbuonsante/B_4mu/CMSSW_13_0_13/lib
DEBUG 2024-02-29 13:17:52.351 UTC: 	 Adding directory /lustrehome/mbuonsante/B_4mu/CMSSW_13_0_13/lib to tarball
DEBUG 2024-02-29 13:17:53.039 UTC: 	 Checking directory /lustrehome/mbuonsante/B_4mu/CMSSW_13_0_13/biglib
DEBUG 2024-02-29 13:17:53.039 UTC: 	 Adding directory /lustrehome/mbuonsante/B_4mu/CMSSW_13_0_13/biglib to tarball
DEBUG 2024-02-29 13:17:53.040 UTC: 	 Checking directory /lustrehome/mbuonsante/B_4mu/CMSSW_13_0_13/module
DEBUG 2024-02-29 13:17:53.041 UTC: 	 Checking directory /lustrehome/mbuonsante/B_4mu/CMSSW_13_0_13/config/SCRAM/hooks
DEBUG 2024-02-29 13:17:53.042 UTC: 	 Adding directory /lustrehome/mbuonsante/B_4mu/CMSSW_13_0_13/config/SCRAM/hooks to tarball
DEBUG 2024-02-29 13:17:53.278 UTC: 	 Adding directory /lustrehome/mbuonsante/B_4mu/CMSSW_13_0_13/src/B4muNtuplizer/SkimTools/python to tarball
DEBUG 2024-02-29 13:17:53.681 UTC: 	 Adding directory /lustrehome/mbuonsante/B_4mu/CMSSW_13_0_13/src/CommonTools/CandAlgos/interface to tarball
DEBUG 2024-02-29 13:17:53.712 UTC: 	 Adding directory /lustrehome/mbuonsante/B_4mu/CMSSW_13_0_13/src/CommonTools/CandAlgos/python to tarball
DEBUG 2024-02-29 13:17:53.892 UTC: 	 Uploading archive /lustrehome/mbuonsante/B_4mu/CMSSW_13_0_13/src/B4muNtuplizer/CrabSubmission/2022_MC_B4mu_pre/crab_projects/crab_SkimB4Mu_2022_MC_B4mu_pre_Bd_Mini/inputs/47a3e439-7702-4fb9-9825-e4f99383563ddefault.tgz (0.644531.1 MB) to the CRAB cache. Using URI https://cmsweb.cern.ch/S3/crabcache_prod
DEBUG 2024-02-29 13:17:54.350 UTC: 	 Encoded data for curl request: subresource=upload&objecttype=sandbox&tarballname=e80ae36f8c188e945e138e9b0eeb6ae1cadb44ed15efd8725b665b3bedbbfecb.tar.gz
DEBUG 2024-02-29 13:17:54.575 UTC: 	 Will execute:
curl -f -v -X POST  -H "User-Agent: CRAB" -F "key=mbuonsan/sandboxes/e80ae36f8c188e945e138e9b0eeb6ae1cadb44ed15efd8725b665b3bedbbfecb.tar.gz" -F "AWSAccessKeyId=ab00fcc889f248c495d2875f15a3badb" -F "policy=eyJleHBpcmF0aW9uIjogIjIwMjQtMDItMjlUMTQ6MTc6NTRaIiwgImNvbmRpdGlvbnMiOiBbeyJidWNrZXQiOiAiY3JhYmNhY2hlX3Byb2QifSwgeyJrZXkiOiAibWJ1b25zYW4vc2FuZGJveGVzL2U4MGFlMzZmOGMxODhlOTQ1ZTEzOGU5YjBlZWI2YWUxY2FkYjQ0ZWQxNWVmZDg3MjViNjY1YjNiZWRiYmZlY2IudGFyLmd6In1dfQ==" -F "signature=xru/bbKpaQgRqNjlWtFTgnRMCAE=" -F "file=@/lustrehome/mbuonsante/B_4mu/CMSSW_13_0_13/src/B4muNtuplizer/CrabSubmission/2022_MC_B4mu_pre/crab_projects/crab_SkimB4Mu_2022_MC_B4mu_pre_Bd_Mini/inputs/47a3e439-7702-4fb9-9825-e4f99383563ddefault.tgz" "https://s3.cern.ch/crabcache_prod"
DEBUG 2024-02-29 13:17:54.855 UTC: 	 exitcode: 0
stdout: b''
DEBUG 2024-02-29 13:17:54.856 UTC: 	 sandbox /lustrehome/mbuonsante/B_4mu/CMSSW_13_0_13/src/B4muNtuplizer/CrabSubmission/2022_MC_B4mu_pre/crab_projects/crab_SkimB4Mu_2022_MC_B4mu_pre_Bd_Mini/inputs/47a3e439-7702-4fb9-9825-e4f99383563ddefault.tgz successully uploaded to S3
DEBUG 2024-02-29 13:17:54.856 UTC: 	 Loading required information from the environment
DEBUG 2024-02-29 13:17:54.856 UTC: 	 Found CMSSW_13_0_13 for slc7_amd64_gcc11 with base /lustrehome/mbuonsante/B_4mu/CMSSW_13_0_13
DEBUG 2024-02-29 13:17:54.856 UTC: 	 Making tarball in /lustrehome/mbuonsante/B_4mu/CMSSW_13_0_13/src/B4muNtuplizer/CrabSubmission/2022_MC_B4mu_pre/crab_projects/crab_SkimB4Mu_2022_MC_B4mu_pre_Bd_Mini/inputs/debugFiles.tgz
DEBUG 2024-02-29 13:17:54.860 UTC: 	 Uploading archive /lustrehome/mbuonsante/B_4mu/CMSSW_13_0_13/src/B4muNtuplizer/CrabSubmission/2022_MC_B4mu_pre/crab_projects/crab_SkimB4Mu_2022_MC_B4mu_pre_Bd_Mini/inputs/debugFiles.tgz (2 KB) to the CRAB cache. Using URI https://cmsweb.cern.ch/S3/crabcache_prod
DEBUG 2024-02-29 13:17:54.862 UTC: 	 Encoded data for curl request: subresource=upload&objecttype=sandbox&tarballname=b6b3a2a6288728eb17c1abd6aca5b2cdeacfc62052a5ea606008fb03eb984607.tar.gz
DEBUG 2024-02-29 13:17:55.081 UTC: 	 Will execute:
curl -f -v -X POST  -H "User-Agent: CRAB" -F "key=mbuonsan/sandboxes/b6b3a2a6288728eb17c1abd6aca5b2cdeacfc62052a5ea606008fb03eb984607.tar.gz" -F "AWSAccessKeyId=ab00fcc889f248c495d2875f15a3badb" -F "policy=eyJleHBpcmF0aW9uIjogIjIwMjQtMDItMjlUMTQ6MTc6NTVaIiwgImNvbmRpdGlvbnMiOiBbeyJidWNrZXQiOiAiY3JhYmNhY2hlX3Byb2QifSwgeyJrZXkiOiAibWJ1b25zYW4vc2FuZGJveGVzL2I2YjNhMmE2Mjg4NzI4ZWIxN2MxYWJkNmFjYTViMmNkZWFjZmM2MjA1MmE1ZWE2MDYwMDhmYjAzZWI5ODQ2MDcudGFyLmd6In1dfQ==" -F "signature=qY7d5eWNzj8sGBHKzG9oIwtfPrk=" -F "file=@/lustrehome/mbuonsante/B_4mu/CMSSW_13_0_13/src/B4muNtuplizer/CrabSubmission/2022_MC_B4mu_pre/crab_projects/crab_SkimB4Mu_2022_MC_B4mu_pre_Bd_Mini/inputs/debugFiles.tgz" "https://s3.cern.ch/crabcache_prod"
DEBUG 2024-02-29 13:17:55.221 UTC: 	 exitcode: 0
stdout: b''
DEBUG 2024-02-29 13:17:55.222 UTC: 	 sandbox /lustrehome/mbuonsante/B_4mu/CMSSW_13_0_13/src/B4muNtuplizer/CrabSubmission/2022_MC_B4mu_pre/crab_projects/crab_SkimB4Mu_2022_MC_B4mu_pre_Bd_Mini/inputs/debugFiles.tgz successully uploaded to S3
DEBUG 2024-02-29 13:17:55.222 UTC: 	 Result uploading input files: e80ae36f8c188e945e138e9b0eeb6ae1cadb44ed15efd8725b665b3bedbbfecb.tar.gz 
WARNING 2024-02-29 13:17:55.222 UTC: 	 Warning: The following output files will not be published, as they are not EDM files: ['TreeMC.root']
DEBUG 2024-02-29 13:17:55.222 UTC: 	 submit() - self.configuration from WMCore.Configuration import Configuration
config = Configuration()
config.section_('General')
config.General.requestName = 'SkimB4Mu_2022_MC_B4mu_pre_Bd_Mini'
config.General.workArea = 'crab_projects'
config.General.transferLogs = False
config.General.transferOutputs = True
config.section_('JobType')
config.JobType.allowUndistributedCMSSW = True
config.JobType.pluginName = 'Analysis'
config.JobType.psetName = '/lustrehome/mbuonsante/B_4mu/CMSSW_13_0_13/src/B4muNtuplizer/CrabSubmission/2022_MC_B4mu_pre/PatAndTree_cfg.py'
config.section_('Data')
config.Data.unitsPerJob = 300
config.Data.inputDataset = '/BdTo4Mu_FourMuonFilter_TuneCP5_13p6TeV_pythia8-evtgen/Run3Summer22MiniAODv4-130X_mcRun3_2022_realistic_v5-v3/MINIAODSIM'
config.Data.allowNonValidInputDataset = True
config.Data.inputDBS = 'global'
config.Data.outputDatasetTag = 'SkimB4Mu_2022_MC_B4mu_pre_Bd_Mini'
config.Data.splitting = 'LumiBased'
config.section_('Site')
config.Site.storageSite = 'T2_IT_Bari'
config.Site.ignoreGlobalBlacklist = True
config.section_('User')
config.section_('Debug')

DEBUG 2024-02-29 13:17:55.222 UTC: 	 submit() - self.configreq {'dryrun': 0, 'workflow': 'crab_SkimB4Mu_2022_MC_B4mu_pre_Bd_Mini', 'saveoutput': 1, 'savelogsflag': 0, 'inputdata': '/BdTo4Mu_FourMuonFilter_TuneCP5_13p6TeV_pythia8-evtgen/Run3Summer22MiniAODv4-130X_mcRun3_2022_realistic_v5-v3/MINIAODSIM', 'primarydataset': '', 'nonvaliddata': 1, 'userfiles': [], 'dbsurl': 'https://cmsweb.cern.ch/dbs/prod/global/DBSReader', 'useparent': 0, 'ignorelocality': 0, 'splitalgo': 'LumiBased', 'algoargs': 300, 'totalunits': 0, 'publication': 1, 'publishdbsurl': 'https://cmsweb.cern.ch/dbs/prod/phys03/DBSWriter', 'publishname2': 'SkimB4Mu_2022_MC_B4mu_pre_Bd_Mini', 'jobtype': 'Analysis', 'generator': 'pythia', 'addoutputfiles': [], 'maxjobruntime': 1250, 'numcores': 1, 'maxmemory': 2000, 'priority': 10, 'nonprodsw': 1, 'asyncdest': 'T2_IT_Bari', 'requireaccelerator': 0, 'oneEventMode': 0, 'extrajdl': [], 'ignoreglobalblacklist': 1, 'partialdataset': 0, 'inputblocks': []}
DEBUG 2024-02-29 13:17:55.222 UTC: 	 submit() - jobconfig {'addoutputfiles': [], 'tfileoutfiles': ['TreeMC.root'], 'edmoutfiles': [], 'jobarch': 'slc7_amd64_gcc11', 'jobsw': 'CMSSW_13_0_13', 'inputdata': '/BdTo4Mu_FourMuonFilter_TuneCP5_13p6TeV_pythia8-evtgen/Run3Summer22MiniAODv4-130X_mcRun3_2022_realistic_v5-v3/MINIAODSIM', 'cacheurl': 'https://cmsweb.cern.ch/S3/crabcache_prod', 'cachefilename': 'e80ae36f8c188e945e138e9b0eeb6ae1cadb44ed15efd8725b665b3bedbbfecb.tar.gz', 'debugfilename': 'b6b3a2a6288728eb17c1abd6aca5b2cdeacfc62052a5ea606008fb03eb984607.tar.gz', 'jobtype': 'Analysis'}
INFO 2024-02-29 13:17:55.222 UTC: 	 Sending the request to the server at cmsweb.cern.ch
DEBUG 2024-02-29 13:17:55.222 UTC: 	 Submitting {'dryrun': 0, 'workflow': 'crab_SkimB4Mu_2022_MC_B4mu_pre_Bd_Mini', 'saveoutput': 1, 'savelogsflag': 0, 'inputdata': '/BdTo4Mu_FourMuonFilter_TuneCP5_13p6TeV_pythia8-evtgen/Run3Summer22MiniAODv4-130X_mcRun3_2022_realistic_v5-v3/MINIAODSIM', 'primarydataset': '', 'nonvaliddata': 1, 'userfiles': [], 'dbsurl': 'https://cmsweb.cern.ch/dbs/prod/global/DBSReader', 'useparent': 0, 'ignorelocality': 0, 'splitalgo': 'LumiBased', 'algoargs': 300, 'totalunits': 0, 'publication': 1, 'publishdbsurl': 'https://cmsweb.cern.ch/dbs/prod/phys03/DBSWriter', 'publishname2': 'SkimB4Mu_2022_MC_B4mu_pre_Bd_Mini', 'jobtype': 'Analysis', 'generator': 'pythia', 'addoutputfiles': [], 'maxjobruntime': 1250, 'numcores': 1, 'maxmemory': 2000, 'priority': 10, 'nonprodsw': 1, 'asyncdest': 'T2_IT_Bari', 'requireaccelerator': 0, 'oneEventMode': 0, 'extrajdl': [], 'ignoreglobalblacklist': 1, 'partialdataset': 0, 'inputblocks': [], 'tfileoutfiles': ['TreeMC.root'], 'edmoutfiles': [], 'jobarch': 'slc7_amd64_gcc11', 'jobsw': 'CMSSW_13_0_13', 'cacheurl': 'https://cmsweb.cern.ch/S3/crabcache_prod', 'cachefilename': 'e80ae36f8c188e945e138e9b0eeb6ae1cadb44ed15efd8725b665b3bedbbfecb.tar.gz', 'debugfilename': 'b6b3a2a6288728eb17c1abd6aca5b2cdeacfc62052a5ea606008fb03eb984607.tar.gz'} 
DEBUG 2024-02-29 13:17:55.223 UTC: 	 Encoded data for curl request: dryrun=0&workflow=crab_SkimB4Mu_2022_MC_B4mu_pre_Bd_Mini&saveoutput=1&savelogsflag=0&inputdata=%2FBdTo4Mu_FourMuonFilter_TuneCP5_13p6TeV_pythia8-evtgen%2FRun3Summer22MiniAODv4-130X_mcRun3_2022_realistic_v5-v3%2FMINIAODSIM&primarydataset=&nonvaliddata=1&dbsurl=https%3A%2F%2Fcmsweb.cern.ch%2Fdbs%2Fprod%2Fglobal%2FDBSReader&useparent=0&ignorelocality=0&splitalgo=LumiBased&algoargs=300&totalunits=0&publication=1&publishdbsurl=https%3A%2F%2Fcmsweb.cern.ch%2Fdbs%2Fprod%2Fphys03%2FDBSWriter&publishname2=SkimB4Mu_2022_MC_B4mu_pre_Bd_Mini&jobtype=Analysis&generator=pythia&maxjobruntime=1250&numcores=1&maxmemory=2000&priority=10&nonprodsw=1&asyncdest=T2_IT_Bari&requireaccelerator=0&oneEventMode=0&ignoreglobalblacklist=1&partialdataset=0&jobarch=slc7_amd64_gcc11&jobsw=CMSSW_13_0_13&cacheurl=https%3A%2F%2Fcmsweb.cern.ch%2FS3%2Fcrabcache_prod&cachefilename=e80ae36f8c188e945e138e9b0eeb6ae1cadb44ed15efd8725b665b3bedbbfecb.tar.gz&debugfilename=b6b3a2a6288728eb17c1abd6aca5b2cdeacfc62052a5ea606008fb03eb984607.tar.gz&tfileoutfiles=TreeMC.root
DEBUG 2024-02-29 13:17:55.604 UTC: 	 Result: {'result': [{'RequestName': '240229_131755:mbuonsan_crab_SkimB4Mu_2022_MC_B4mu_pre_Bd_Mini'}]}
INFO 2024-02-29 13:17:55.605 UTC: 	 Success: Your task has been delivered to the prod CRAB3 server.
INFO 2024-02-29 13:17:55.605 UTC: 	 Task name: 240229_131755:mbuonsan_crab_SkimB4Mu_2022_MC_B4mu_pre_Bd_Mini
INFO 2024-02-29 13:17:55.605 UTC: 	 Project dir: crab_projects/crab_SkimB4Mu_2022_MC_B4mu_pre_Bd_Mini
INFO 2024-02-29 13:17:55.605 UTC: 	 Please use ' crab status -d crab_projects/crab_SkimB4Mu_2022_MC_B4mu_pre_Bd_Mini ' to check how the submission process proceeds.
DEBUG 2024-02-29 13:17:55.605 UTC: 	 About to return
INFO 2024-02-29 13:17:55.610 UTC: 	 Log file is /lustrehome/mbuonsante/B_4mu/CMSSW_13_0_13/src/B4muNtuplizer/CrabSubmission/2022_MC_B4mu_pre/crab_projects/crab_SkimB4Mu_2022_MC_B4mu_pre_Bd_Mini/crab.log
