DEBUG 2024-02-21 22:27:29.786 UTC: 	 CRAB Client version: v3.240110
DEBUG 2024-02-21 22:27:29.787 UTC: 	 Running on: Linux ui02.recas.ba.infn.it 3.10.0-1160.80.1.el7.x86_64 #1 SMP Tue Nov 8 15:48:59 UTC 2022 x86_64 x86_64 x86_64 GNU/Linux - CentOS Linux 7 (Core)
DEBUG 2024-02-21 22:27:29.787 UTC: 	 Executing command: 'submit'
DEBUG 2024-02-21 22:27:29.787 UTC: 	 Found CRAB cache file /lustrehome/mbuonsante/.crab3
INFO 2024-02-21 22:27:29.788 UTC: 	 Will use CRAB configuration file CRAB_stream_1.py
DEBUG 2024-02-21 22:27:29.788 UTC: 	 Loading CRAB configuration file.
DEBUG 2024-02-21 22:27:29.790 UTC: 	 Will use CRAB plugin ANALYSIS (i.e. will run an analysis job type).
DEBUG 2024-02-21 22:27:29.792 UTC: 	 Checking credentials
DEBUG 2024-02-21 22:27:29.792 UTC: 	 Found proxy file /tmp/x509up_u881331
DEBUG 2024-02-21 22:27:29.792 UTC: 	 Making sure it has proper VOMS extension
DEBUG 2024-02-21 22:27:29.792 UTC: 	 Executing command :
 voms-proxy-info --vo --file /tmp/x509up_u881331
DEBUG 2024-02-21 22:27:31.672 UTC: 	 output : cms

 error: 
 retcode : 0
DEBUG 2024-02-21 22:27:31.672 UTC: 	 Getting proxy life time left
DEBUG 2024-02-21 22:27:31.673 UTC: 	 Executing command :
 voms-proxy-info --actimeleft --timeleft --file /tmp/x509up_u881331
DEBUG 2024-02-21 22:27:33.362 UTC: 	 output : 479564
479563

 error: 
 retcode : 0
DEBUG 2024-02-21 22:27:33.363 UTC: 	 Proxy valid for 133:12:43 hours
DEBUG 2024-02-21 22:27:33.363 UTC: 	 Encoded data for curl request: subresource=delegatedn
DEBUG 2024-02-21 22:27:33.568 UTC: 	 Registering user credentials on myproxy for /DC=ch/DC=cern/OU=computers/CN=crab-(preprod|prod|dev)-tw(01|02|03).cern.ch|/DC=ch/DC=cern/OU=computers/CN=stefanov(m|m2).cern.ch|/DC=ch/DC=cern/OU=computers/CN=dciangot-tw.cern.ch
DEBUG 2024-02-21 22:27:33.568 UTC: 	 Executing command :
 voms-proxy-info --identity --file /tmp/x509up_u881331
DEBUG 2024-02-21 22:27:35.374 UTC: 	 output : /DC=ch/DC=cern/OU=Organic Units/OU=Users/CN=mbuonsan/CN=866052/CN=Marco Buonsante

 error: 
 retcode : 0
DEBUG 2024-02-21 22:27:35.374 UTC: 	 Getting myproxy life time left for db438794163ae221c16ac5cdc1e476b2bc2ff634
DEBUG 2024-02-21 22:27:35.374 UTC: 	 Executing command :
 myproxy-info -s myproxy.cern.ch -l db438794163ae221c16ac5cdc1e476b2bc2ff634
DEBUG 2024-02-21 22:27:35.742 UTC: 	 output : username: db438794163ae221c16ac5cdc1e476b2bc2ff634
owner: /DC=ch/DC=cern/OU=Organic Units/OU=Users/CN=mbuonsan/CN=866052/CN=Marco Buonsante
  renewal policy: /DC=ch/DC=cern/OU=computers/CN=crab-(preprod|prod|dev)-tw(01|02|03).cern.ch|/DC=ch/DC=cern/OU=computers/CN=stefanov(m|m2).cern.ch|/DC=ch/DC=cern/OU=computers/CN=dciangot-tw.cern.ch
  trusted retrieval policy: /DC=ch/DC=cern/OU=computers/CN=crab-(preprod|prod|dev)-tw(01|02|03).cern.ch|/DC=ch/DC=cern/OU=computers/CN=stefanov(m|m2).cern.ch|/DC=ch/DC=cern/OU=computers/CN=dciangot-tw.cern.ch
  timeleft: 493:13:52  (20.6 days)

 error: 
 retcode : 0
DEBUG 2024-02-21 22:27:35.742 UTC: 	 Myproxy is valid: 1775580
DEBUG 2024-02-21 22:27:35.742 UTC: 	 Result of myproxy credential check:
  Credential exists on myproxy: username: db438794163ae221c16ac5cdc1e476b2bc2ff634  - validity: 20 days, 13:13:00
DEBUG 2024-02-21 22:27:35.742 UTC: 	 Command use: submit
DEBUG 2024-02-21 22:27:35.742 UTC: 	 Options use: ['-c', 'CRAB_stream_1.py']
DEBUG 2024-02-21 22:27:35.742 UTC: 	 Encoded data for curl request: subresource=version
DEBUG 2024-02-21 22:27:35.979 UTC: 	 CRABClient version: v3.240110
DEBUG 2024-02-21 22:27:35.979 UTC: 	 Instance is prod
DEBUG 2024-02-21 22:27:35.979 UTC: 	 Server base url is cmsweb.cern.ch
DEBUG 2024-02-21 22:27:35.979 UTC: 	 Command api workflow
DEBUG 2024-02-21 22:27:35.979 UTC: 	 Started submission
DEBUG 2024-02-21 22:27:35.979 UTC: 	 Working on /lustrehome/mbuonsante/B_4mu/CMSSW_13_0_13/src/B4muNtuplizer/CrabSubmission/2023_eraC-v2/crab_projects/crab_SkimB4Mu_2023eraC-v2_stream1_Mini
DEBUG 2024-02-21 22:27:35.980 UTC: 	 Encoded data for curl request: subresource=backendurls
DEBUG 2024-02-21 22:27:36.242 UTC: 	 Loading required information from the environment
DEBUG 2024-02-21 22:27:36.242 UTC: 	 Found CMSSW_13_0_13 for slc7_amd64_gcc11 with base /lustrehome/mbuonsante/B_4mu/CMSSW_13_0_13
DEBUG 2024-02-21 22:27:36.242 UTC: 	 Loading required information from the environment
DEBUG 2024-02-21 22:27:36.242 UTC: 	 Found CMSSW_13_0_13 for slc7_amd64_gcc11 with base /lustrehome/mbuonsante/B_4mu/CMSSW_13_0_13
DEBUG 2024-02-21 22:27:36.242 UTC: 	 UNIQUE NAME: tarUUID 37b36f63-feb9-4707-89be-2b99742edf91 
DEBUG 2024-02-21 22:27:36.242 UTC: 	 self.config: from WMCore.Configuration import Configuration
config = Configuration()
config.section_('General')
config.General.transferLogs = False
config.General.workArea = 'crab_projects'
config.General.transferOutputs = True
config.General.requestName = 'SkimB4Mu_2023eraC-v2_stream1_Mini'
config.section_('JobType')
config.JobType.allowUndistributedCMSSW = True
config.JobType.psetName = '/lustrehome/mbuonsante/B_4mu/CMSSW_13_0_13/src/B4muNtuplizer/CrabSubmission/2023_eraC-v2/PatAndTree_cfg.py'
config.JobType.pluginName = 'Analysis'
config.section_('Data')
config.Data.unitsPerJob = 50
config.Data.outputDatasetTag = 'SkimB4Mu_2023eraC-v2_stream1_Mini'
config.Data.inputDataset = '/ParkingDoubleMuonLowMass1/Run2023C-22Sep2023_v2-v1/MINIAOD'
config.Data.splitting = 'LumiBased'
config.Data.allowNonValidInputDataset = True
config.Data.lumiMask = 'https://cms-service-dqmdc.web.cern.ch/CAF/certification/Collisions23/Cert_Collisions2023_eraC_367095_368823_Golden.json'
config.Data.inputDBS = 'global'
config.section_('Site')
config.Site.ignoreGlobalBlacklist = True
config.Site.storageSite = 'T2_IT_Bari'
config.section_('User')
config.section_('Debug')

DEBUG 2024-02-21 22:27:36.242 UTC: 	 self.config.JobType.psetName: /lustrehome/mbuonsante/B_4mu/CMSSW_13_0_13/src/B4muNtuplizer/CrabSubmission/2023_eraC-v2/PatAndTree_cfg.py
INFO 2024-02-21 22:27:36.242 UTC: 	 Importing CMSSW configuration /lustrehome/mbuonsante/B_4mu/CMSSW_13_0_13/src/B4muNtuplizer/CrabSubmission/2023_eraC-v2/PatAndTree_cfg.py
INFO 2024-02-21 22:27:38.226 UTC: 	 Finished importing CMSSW configuration /lustrehome/mbuonsante/B_4mu/CMSSW_13_0_13/src/B4muNtuplizer/CrabSubmission/2023_eraC-v2/PatAndTree_cfg.py
DEBUG 2024-02-21 22:27:38.227 UTC: 	 Writing CMSSW configuration to /lustrehome/mbuonsante/B_4mu/CMSSW_13_0_13/src/B4muNtuplizer/CrabSubmission/2023_eraC-v2/crab_projects/crab_SkimB4Mu_2023eraC-v2_stream1_Mini/inputs/PSet.py
DEBUG 2024-02-21 22:27:38.333 UTC: 	 The following EDM output files will be collected: []
DEBUG 2024-02-21 22:27:38.333 UTC: 	 The following TFile output files will be collected: ['TreeData.root']
DEBUG 2024-02-21 22:27:38.333 UTC: 	 The following user output files (not listed as PoolOuputModule or TFileService in the CMSSW PSet) will be collected: 
DEBUG 2024-02-21 22:27:38.333 UTC: 	 Loading required information from the environment
DEBUG 2024-02-21 22:27:38.333 UTC: 	 Found CMSSW_13_0_13 for slc7_amd64_gcc11 with base /lustrehome/mbuonsante/B_4mu/CMSSW_13_0_13
DEBUG 2024-02-21 22:27:38.333 UTC: 	 Making tarball in /lustrehome/mbuonsante/B_4mu/CMSSW_13_0_13/src/B4muNtuplizer/CrabSubmission/2023_eraC-v2/crab_projects/crab_SkimB4Mu_2023eraC-v2_stream1_Mini/inputs/37b36f63-feb9-4707-89be-2b99742edf91default.tgz
DEBUG 2024-02-21 22:27:38.334 UTC: 	 Checking directory /lustrehome/mbuonsante/B_4mu/CMSSW_13_0_13/bin
DEBUG 2024-02-21 22:27:38.334 UTC: 	 Adding directory /lustrehome/mbuonsante/B_4mu/CMSSW_13_0_13/bin to tarball
DEBUG 2024-02-21 22:27:38.336 UTC: 	 Checking directory /lustrehome/mbuonsante/B_4mu/CMSSW_13_0_13/python
DEBUG 2024-02-21 22:27:38.336 UTC: 	 Adding directory /lustrehome/mbuonsante/B_4mu/CMSSW_13_0_13/python to tarball
DEBUG 2024-02-21 22:27:38.386 UTC: 	 Checking directory /lustrehome/mbuonsante/B_4mu/CMSSW_13_0_13/cfipython
DEBUG 2024-02-21 22:27:38.386 UTC: 	 Adding directory /lustrehome/mbuonsante/B_4mu/CMSSW_13_0_13/cfipython to tarball
DEBUG 2024-02-21 22:27:38.394 UTC: 	 Checking directory /lustrehome/mbuonsante/B_4mu/CMSSW_13_0_13/lib
DEBUG 2024-02-21 22:27:38.394 UTC: 	 Adding directory /lustrehome/mbuonsante/B_4mu/CMSSW_13_0_13/lib to tarball
DEBUG 2024-02-21 22:27:38.834 UTC: 	 Checking directory /lustrehome/mbuonsante/B_4mu/CMSSW_13_0_13/biglib
DEBUG 2024-02-21 22:27:38.834 UTC: 	 Adding directory /lustrehome/mbuonsante/B_4mu/CMSSW_13_0_13/biglib to tarball
DEBUG 2024-02-21 22:27:38.835 UTC: 	 Checking directory /lustrehome/mbuonsante/B_4mu/CMSSW_13_0_13/module
DEBUG 2024-02-21 22:27:38.835 UTC: 	 Checking directory /lustrehome/mbuonsante/B_4mu/CMSSW_13_0_13/config/SCRAM/hooks
DEBUG 2024-02-21 22:27:38.835 UTC: 	 Adding directory /lustrehome/mbuonsante/B_4mu/CMSSW_13_0_13/config/SCRAM/hooks to tarball
DEBUG 2024-02-21 22:27:38.855 UTC: 	 Adding directory /lustrehome/mbuonsante/B_4mu/CMSSW_13_0_13/src/B4muNtuplizer/SkimTools/python to tarball
DEBUG 2024-02-21 22:27:38.866 UTC: 	 Adding directory /lustrehome/mbuonsante/B_4mu/CMSSW_13_0_13/src/CommonTools/CandAlgos/interface to tarball
DEBUG 2024-02-21 22:27:38.871 UTC: 	 Adding directory /lustrehome/mbuonsante/B_4mu/CMSSW_13_0_13/src/CommonTools/CandAlgos/python to tarball
DEBUG 2024-02-21 22:27:39.029 UTC: 	 Uploading archive /lustrehome/mbuonsante/B_4mu/CMSSW_13_0_13/src/B4muNtuplizer/CrabSubmission/2023_eraC-v2/crab_projects/crab_SkimB4Mu_2023eraC-v2_stream1_Mini/inputs/37b36f63-feb9-4707-89be-2b99742edf91default.tgz (0.644531.1 MB) to the CRAB cache. Using URI https://cmsweb.cern.ch/S3/crabcache_prod
DEBUG 2024-02-21 22:27:39.497 UTC: 	 Encoded data for curl request: subresource=upload&objecttype=sandbox&tarballname=c21f585968b676319b78458a8dfff0d78967d784c1d5d78343c5cdc38d3be0e5.tar.gz
DEBUG 2024-02-21 22:27:39.675 UTC: 	 sandbox c21f585968b676319b78458a8dfff0d78967d784c1d5d78343c5cdc38d3be0e5.tar.gz is already in the S3 store, will not upload again
DEBUG 2024-02-21 22:27:39.676 UTC: 	 Loading required information from the environment
DEBUG 2024-02-21 22:27:39.676 UTC: 	 Found CMSSW_13_0_13 for slc7_amd64_gcc11 with base /lustrehome/mbuonsante/B_4mu/CMSSW_13_0_13
DEBUG 2024-02-21 22:27:39.676 UTC: 	 Making tarball in /lustrehome/mbuonsante/B_4mu/CMSSW_13_0_13/src/B4muNtuplizer/CrabSubmission/2023_eraC-v2/crab_projects/crab_SkimB4Mu_2023eraC-v2_stream1_Mini/inputs/debugFiles.tgz
DEBUG 2024-02-21 22:27:39.681 UTC: 	 Uploading archive /lustrehome/mbuonsante/B_4mu/CMSSW_13_0_13/src/B4muNtuplizer/CrabSubmission/2023_eraC-v2/crab_projects/crab_SkimB4Mu_2023eraC-v2_stream1_Mini/inputs/debugFiles.tgz (2 KB) to the CRAB cache. Using URI https://cmsweb.cern.ch/S3/crabcache_prod
DEBUG 2024-02-21 22:27:39.683 UTC: 	 Encoded data for curl request: subresource=upload&objecttype=sandbox&tarballname=6a698f43e68c7aad0a5750d4c4a60f7539d7fe583d52bf8be9d0fb3cf90589c1.tar.gz
DEBUG 2024-02-21 22:27:39.898 UTC: 	 Will execute:
curl -f -v -X POST  -H "User-Agent: CRAB" -F "key=mbuonsan/sandboxes/6a698f43e68c7aad0a5750d4c4a60f7539d7fe583d52bf8be9d0fb3cf90589c1.tar.gz" -F "AWSAccessKeyId=ab00fcc889f248c495d2875f15a3badb" -F "policy=eyJleHBpcmF0aW9uIjogIjIwMjQtMDItMjFUMjM6Mjc6MzlaIiwgImNvbmRpdGlvbnMiOiBbeyJidWNrZXQiOiAiY3JhYmNhY2hlX3Byb2QifSwgeyJrZXkiOiAibWJ1b25zYW4vc2FuZGJveGVzLzZhNjk4ZjQzZTY4YzdhYWQwYTU3NTBkNGM0YTYwZjc1MzlkN2ZlNTgzZDUyYmY4YmU5ZDBmYjNjZjkwNTg5YzEudGFyLmd6In1dfQ==" -F "signature=/BY1xPch18mkWSA6usKsJqOQPNA=" -F "file=@/lustrehome/mbuonsante/B_4mu/CMSSW_13_0_13/src/B4muNtuplizer/CrabSubmission/2023_eraC-v2/crab_projects/crab_SkimB4Mu_2023eraC-v2_stream1_Mini/inputs/debugFiles.tgz" "https://s3.cern.ch/crabcache_prod"
DEBUG 2024-02-21 22:27:40.048 UTC: 	 exitcode: 0
stdout: b''
DEBUG 2024-02-21 22:27:40.049 UTC: 	 sandbox /lustrehome/mbuonsante/B_4mu/CMSSW_13_0_13/src/B4muNtuplizer/CrabSubmission/2023_eraC-v2/crab_projects/crab_SkimB4Mu_2023eraC-v2_stream1_Mini/inputs/debugFiles.tgz successully uploaded to S3
DEBUG 2024-02-21 22:27:40.049 UTC: 	 Result uploading input files: c21f585968b676319b78458a8dfff0d78967d784c1d5d78343c5cdc38d3be0e5.tar.gz 
DEBUG 2024-02-21 22:27:40.049 UTC: 	 Attaching lumi mask https://cms-service-dqmdc.web.cern.ch/CAF/certification/Collisions23/Cert_Collisions2023_eraC_367095_368823_Golden.json to the request
DEBUG 2024-02-21 22:27:40.049 UTC: 	 Downloading lumi-mask from https://cms-service-dqmdc.web.cern.ch/CAF/certification/Collisions23/Cert_Collisions2023_eraC_367095_368823_Golden.json
WARNING 2024-02-21 22:27:40.257 UTC: 	 Warning: The following output files will not be published, as they are not EDM files: ['TreeData.root']
DEBUG 2024-02-21 22:27:40.258 UTC: 	 submit() - self.configuration from WMCore.Configuration import Configuration
config = Configuration()
config.section_('General')
config.General.transferLogs = False
config.General.workArea = 'crab_projects'
config.General.transferOutputs = True
config.General.requestName = 'SkimB4Mu_2023eraC-v2_stream1_Mini'
config.section_('JobType')
config.JobType.allowUndistributedCMSSW = True
config.JobType.psetName = '/lustrehome/mbuonsante/B_4mu/CMSSW_13_0_13/src/B4muNtuplizer/CrabSubmission/2023_eraC-v2/PatAndTree_cfg.py'
config.JobType.pluginName = 'Analysis'
config.section_('Data')
config.Data.unitsPerJob = 50
config.Data.outputDatasetTag = 'SkimB4Mu_2023eraC-v2_stream1_Mini'
config.Data.inputDataset = '/ParkingDoubleMuonLowMass1/Run2023C-22Sep2023_v2-v1/MINIAOD'
config.Data.splitting = 'LumiBased'
config.Data.allowNonValidInputDataset = True
config.Data.lumiMask = 'https://cms-service-dqmdc.web.cern.ch/CAF/certification/Collisions23/Cert_Collisions2023_eraC_367095_368823_Golden.json'
config.Data.inputDBS = 'global'
config.section_('Site')
config.Site.ignoreGlobalBlacklist = True
config.Site.storageSite = 'T2_IT_Bari'
config.section_('User')
config.section_('Debug')

DEBUG 2024-02-21 22:27:40.258 UTC: 	 submit() - self.configreq {'dryrun': 0, 'workflow': 'crab_SkimB4Mu_2023eraC-v2_stream1_Mini', 'saveoutput': 1, 'savelogsflag': 0, 'inputdata': '/ParkingDoubleMuonLowMass1/Run2023C-22Sep2023_v2-v1/MINIAOD', 'primarydataset': '', 'nonvaliddata': 1, 'userfiles': [], 'dbsurl': 'https://cmsweb.cern.ch/dbs/prod/global/DBSReader', 'useparent': 0, 'ignorelocality': 0, 'splitalgo': 'LumiBased', 'algoargs': 50, 'totalunits': 0, 'publication': 1, 'publishdbsurl': 'https://cmsweb.cern.ch/dbs/prod/phys03/DBSWriter', 'publishname2': 'SkimB4Mu_2023eraC-v2_stream1_Mini', 'jobtype': 'Analysis', 'generator': 'pythia', 'addoutputfiles': [], 'maxjobruntime': 1250, 'numcores': 1, 'maxmemory': 2000, 'priority': 10, 'nonprodsw': 1, 'asyncdest': 'T2_IT_Bari', 'requireaccelerator': 0, 'oneEventMode': 0, 'extrajdl': [], 'ignoreglobalblacklist': 1, 'partialdataset': 0, 'inputblocks': []}
DEBUG 2024-02-21 22:27:40.258 UTC: 	 submit() - jobconfig {'addoutputfiles': [], 'tfileoutfiles': ['TreeData.root'], 'edmoutfiles': [], 'jobarch': 'slc7_amd64_gcc11', 'jobsw': 'CMSSW_13_0_13', 'inputdata': '/ParkingDoubleMuonLowMass1/Run2023C-22Sep2023_v2-v1/MINIAOD', 'cacheurl': 'https://cmsweb.cern.ch/S3/crabcache_prod', 'cachefilename': 'c21f585968b676319b78458a8dfff0d78967d784c1d5d78343c5cdc38d3be0e5.tar.gz', 'debugfilename': '6a698f43e68c7aad0a5750d4c4a60f7539d7fe583d52bf8be9d0fb3cf90589c1.tar.gz', 'runs': ['367095', '367100', '367102', '367103', '367104', '367111', '367112', '367127', '367128', '367129', '367130', '367131', '367133', '367228', '367229', '367230', '367231', '367232', '367234', '367260', '367262', '367263', '367264', '367267', '367269', '367270', '367271', '367312', '367314', '367315', '367334', '367336', '367337', '367355', '367406', '367413', '367415', '367416', '367475', '367477', '367515', '367516', '367552', '367553', '367554', '367615', '367618', '367619', '367661', '367662', '367663', '367665', '367666', '367691', '367696', '367699', '367730', '367742', '367758', '367770', '367771', '367772', '367790', '367831', '367836', '367838', '367840', '367881', '367883', '367884', '367902', '367904', '367905', '367906', '367907', '367908', '367910', '368223', '368224', '368229', '368318', '368320', '368321', '368332', '368333', '368343', '368382', '368384', '368388', '368389', '368400', '368410', '368412', '368423', '368451', '368453', '368454', '368489', '368546', '368547', '368548', '368566', '368567', '368609', '368611', '368613', '368636', '368669', '368670', '368672', '368674', '368675', '368676', '368678', '368684', '368685', '368723', '368724', '368746', '368749', '368753', '368762', '368764', '368765', '368822', '368823'], 'lumis': ['1,564', '45,390', '1,75', '1,64', '1,1082', '51,338', '1,1438', '18,350', '1,2,6,6,11,12,14,15', '1,3', '1,2,6,9,13,126,135,167', '1,149', '1,275', '55,280,285,287,292,294,298,304', '1,34', '1,1', '1,22', '1,996', '1,501', '52,69,72,240', '1,42,49,119,123,271', '10,21', '1,847', '45,322', '1,33', '1,961', '1,135', '53,225,227,269', '1,20', '1,893', '26,324', '1,169', '1,1046', '60,63', '48,476', '68,448,450,467,469,746,748,750,752,898,900,1340,1342,1367', '1,97', '1,55', '56,634', '1,1289', '44,668', '1,1236', '49,59', '1,644', '1,312', '53,484', '18,341', '1,300,302,501,503,579', '50,366', '1,18', '1,1', '1,271', '1,11,16,86', '46,204', '1,856,858,1920', '1,151', '48,562', '39,443', '52,767', '47,198', '1,91', '1,6', '1,160', '53,504', '48,588', '1,793', '1,570', '14,152', '1,1050', '1,1011', '42,273', '1,103', '1,48', '1,344', '1,119', '1,358', '1,593', '45,437,445,487', '1,57', '52,569', '37,319', '1,285', '1,337', '1,14', '1,25', '1,328', '37,792', '1,44', '39,444,448,1431,1434,1472', '1,198', '40,271', '49,1501', '1,92', '42,159,161,516', '1,144', '1,5', '1,68,72,1168', '47,791,793,827,829,863,865,899,901,935,937,971,973,1007,1009,1043,1045,1079,1081,1280,1282,1380,1382,1581,1583,1595', '1,659', '1,194,197,702', '1,75,77,86,89,90,93,280,282,1044', '1,1195', '1,31,33,411,414,436', '41,1039', '1,247,249,382', '1,260', '51,819', '42,410', '1,255,306,308', '1,866', '1,12', '1,50', '1,156', '1,171', '40,135', '1,1481', '63,63,97,188', '1,1200', '39,77', '1,169', '1,976', '45,238', '1,1', '1,1386', '45,330,332,908,910,991', '3,35'], 'jobtype': 'Analysis'}
INFO 2024-02-21 22:27:40.258 UTC: 	 Sending the request to the server at cmsweb.cern.ch
DEBUG 2024-02-21 22:27:40.258 UTC: 	 Submitting {'dryrun': 0, 'workflow': 'crab_SkimB4Mu_2023eraC-v2_stream1_Mini', 'saveoutput': 1, 'savelogsflag': 0, 'inputdata': '/ParkingDoubleMuonLowMass1/Run2023C-22Sep2023_v2-v1/MINIAOD', 'primarydataset': '', 'nonvaliddata': 1, 'userfiles': [], 'dbsurl': 'https://cmsweb.cern.ch/dbs/prod/global/DBSReader', 'useparent': 0, 'ignorelocality': 0, 'splitalgo': 'LumiBased', 'algoargs': 50, 'totalunits': 0, 'publication': 1, 'publishdbsurl': 'https://cmsweb.cern.ch/dbs/prod/phys03/DBSWriter', 'publishname2': 'SkimB4Mu_2023eraC-v2_stream1_Mini', 'jobtype': 'Analysis', 'generator': 'pythia', 'addoutputfiles': [], 'maxjobruntime': 1250, 'numcores': 1, 'maxmemory': 2000, 'priority': 10, 'nonprodsw': 1, 'asyncdest': 'T2_IT_Bari', 'requireaccelerator': 0, 'oneEventMode': 0, 'extrajdl': [], 'ignoreglobalblacklist': 1, 'partialdataset': 0, 'inputblocks': [], 'tfileoutfiles': ['TreeData.root'], 'edmoutfiles': [], 'jobarch': 'slc7_amd64_gcc11', 'jobsw': 'CMSSW_13_0_13', 'cacheurl': 'https://cmsweb.cern.ch/S3/crabcache_prod', 'cachefilename': 'c21f585968b676319b78458a8dfff0d78967d784c1d5d78343c5cdc38d3be0e5.tar.gz', 'debugfilename': '6a698f43e68c7aad0a5750d4c4a60f7539d7fe583d52bf8be9d0fb3cf90589c1.tar.gz', 'runs': ['367095', '367100', '367102', '367103', '367104', '367111', '367112', '367127', '367128', '367129', '367130', '367131', '367133', '367228', '367229', '367230', '367231', '367232', '367234', '367260', '367262', '367263', '367264', '367267', '367269', '367270', '367271', '367312', '367314', '367315', '367334', '367336', '367337', '367355', '367406', '367413', '367415', '367416', '367475', '367477', '367515', '367516', '367552', '367553', '367554', '367615', '367618', '367619', '367661', '367662', '367663', '367665', '367666', '367691', '367696', '367699', '367730', '367742', '367758', '367770', '367771', '367772', '367790', '367831', '367836', '367838', '367840', '367881', '367883', '367884', '367902', '367904', '367905', '367906', '367907', '367908', '367910', '368223', '368224', '368229', '368318', '368320', '368321', '368332', '368333', '368343', '368382', '368384', '368388', '368389', '368400', '368410', '368412', '368423', '368451', '368453', '368454', '368489', '368546', '368547', '368548', '368566', '368567', '368609', '368611', '368613', '368636', '368669', '368670', '368672', '368674', '368675', '368676', '368678', '368684', '368685', '368723', '368724', '368746', '368749', '368753', '368762', '368764', '368765', '368822', '368823'], 'lumis': ['1,564', '45,390', '1,75', '1,64', '1,1082', '51,338', '1,1438', '18,350', '1,2,6,6,11,12,14,15', '1,3', '1,2,6,9,13,126,135,167', '1,149', '1,275', '55,280,285,287,292,294,298,304', '1,34', '1,1', '1,22', '1,996', '1,501', '52,69,72,240', '1,42,49,119,123,271', '10,21', '1,847', '45,322', '1,33', '1,961', '1,135', '53,225,227,269', '1,20', '1,893', '26,324', '1,169', '1,1046', '60,63', '48,476', '68,448,450,467,469,746,748,750,752,898,900,1340,1342,1367', '1,97', '1,55', '56,634', '1,1289', '44,668', '1,1236', '49,59', '1,644', '1,312', '53,484', '18,341', '1,300,302,501,503,579', '50,366', '1,18', '1,1', '1,271', '1,11,16,86', '46,204', '1,856,858,1920', '1,151', '48,562', '39,443', '52,767', '47,198', '1,91', '1,6', '1,160', '53,504', '48,588', '1,793', '1,570', '14,152', '1,1050', '1,1011', '42,273', '1,103', '1,48', '1,344', '1,119', '1,358', '1,593', '45,437,445,487', '1,57', '52,569', '37,319', '1,285', '1,337', '1,14', '1,25', '1,328', '37,792', '1,44', '39,444,448,1431,1434,1472', '1,198', '40,271', '49,1501', '1,92', '42,159,161,516', '1,144', '1,5', '1,68,72,1168', '47,791,793,827,829,863,865,899,901,935,937,971,973,1007,1009,1043,1045,1079,1081,1280,1282,1380,1382,1581,1583,1595', '1,659', '1,194,197,702', '1,75,77,86,89,90,93,280,282,1044', '1,1195', '1,31,33,411,414,436', '41,1039', '1,247,249,382', '1,260', '51,819', '42,410', '1,255,306,308', '1,866', '1,12', '1,50', '1,156', '1,171', '40,135', '1,1481', '63,63,97,188', '1,1200', '39,77', '1,169', '1,976', '45,238', '1,1', '1,1386', '45,330,332,908,910,991', '3,35']} 
DEBUG 2024-02-21 22:27:40.259 UTC: 	 Encoded data for curl request: dryrun=0&workflow=crab_SkimB4Mu_2023eraC-v2_stream1_Mini&saveoutput=1&savelogsflag=0&inputdata=%2FParkingDoubleMuonLowMass1%2FRun2023C-22Sep2023_v2-v1%2FMINIAOD&primarydataset=&nonvaliddata=1&dbsurl=https%3A%2F%2Fcmsweb.cern.ch%2Fdbs%2Fprod%2Fglobal%2FDBSReader&useparent=0&ignorelocality=0&splitalgo=LumiBased&algoargs=50&totalunits=0&publication=1&publishdbsurl=https%3A%2F%2Fcmsweb.cern.ch%2Fdbs%2Fprod%2Fphys03%2FDBSWriter&publishname2=SkimB4Mu_2023eraC-v2_stream1_Mini&jobtype=Analysis&generator=pythia&maxjobruntime=1250&numcores=1&maxmemory=2000&priority=10&nonprodsw=1&asyncdest=T2_IT_Bari&requireaccelerator=0&oneEventMode=0&ignoreglobalblacklist=1&partialdataset=0&jobarch=slc7_amd64_gcc11&jobsw=CMSSW_13_0_13&cacheurl=https%3A%2F%2Fcmsweb.cern.ch%2FS3%2Fcrabcache_prod&cachefilename=c21f585968b676319b78458a8dfff0d78967d784c1d5d78343c5cdc38d3be0e5.tar.gz&debugfilename=6a698f43e68c7aad0a5750d4c4a60f7539d7fe583d52bf8be9d0fb3cf90589c1.tar.gz&tfileoutfiles=TreeData.root&runs=367095&runs=367100&runs=367102&runs=367103&runs=367104&runs=367111&runs=367112&runs=367127&runs=367128&runs=367129&runs=367130&runs=367131&runs=367133&runs=367228&runs=367229&runs=367230&runs=367231&runs=367232&runs=367234&runs=367260&runs=367262&runs=367263&runs=367264&runs=367267&runs=367269&runs=367270&runs=367271&runs=367312&runs=367314&runs=367315&runs=367334&runs=367336&runs=367337&runs=367355&runs=367406&runs=367413&runs=367415&runs=367416&runs=367475&runs=367477&runs=367515&runs=367516&runs=367552&runs=367553&runs=367554&runs=367615&runs=367618&runs=367619&runs=367661&runs=367662&runs=367663&runs=367665&runs=367666&runs=367691&runs=367696&runs=367699&runs=367730&runs=367742&runs=367758&runs=367770&runs=367771&runs=367772&runs=367790&runs=367831&runs=367836&runs=367838&runs=367840&runs=367881&runs=367883&runs=367884&runs=367902&runs=367904&runs=367905&runs=367906&runs=367907&runs=367908&runs=367910&runs=368223&runs=368224&runs=368229&runs=368318&runs=368320&runs=368321&runs=368332&runs=368333&runs=368343&runs=368382&runs=368384&runs=368388&runs=368389&runs=368400&runs=368410&runs=368412&runs=368423&runs=368451&runs=368453&runs=368454&runs=368489&runs=368546&runs=368547&runs=368548&runs=368566&runs=368567&runs=368609&runs=368611&runs=368613&runs=368636&runs=368669&runs=368670&runs=368672&runs=368674&runs=368675&runs=368676&runs=368678&runs=368684&runs=368685&runs=368723&runs=368724&runs=368746&runs=368749&runs=368753&runs=368762&runs=368764&runs=368765&runs=368822&runs=368823&lumis=1%2C564&lumis=45%2C390&lumis=1%2C75&lumis=1%2C64&lumis=1%2C1082&lumis=51%2C338&lumis=1%2C1438&lumis=18%2C350&lumis=1%2C2%2C6%2C6%2C11%2C12%2C14%2C15&lumis=1%2C3&lumis=1%2C2%2C6%2C9%2C13%2C126%2C135%2C167&lumis=1%2C149&lumis=1%2C275&lumis=55%2C280%2C285%2C287%2C292%2C294%2C298%2C304&lumis=1%2C34&lumis=1%2C1&lumis=1%2C22&lumis=1%2C996&lumis=1%2C501&lumis=52%2C69%2C72%2C240&lumis=1%2C42%2C49%2C119%2C123%2C271&lumis=10%2C21&lumis=1%2C847&lumis=45%2C322&lumis=1%2C33&lumis=1%2C961&lumis=1%2C135&lumis=53%2C225%2C227%2C269&lumis=1%2C20&lumis=1%2C893&lumis=26%2C324&lumis=1%2C169&lumis=1%2C1046&lumis=60%2C63&lumis=48%2C476&lumis=68%2C448%2C450%2C467%2C469%2C746%2C748%2C750%2C752%2C898%2C900%2C1340%2C1342%2C1367&lumis=1%2C97&lumis=1%2C55&lumis=56%2C634&lumis=1%2C1289&lumis=44%2C668&lumis=1%2C1236&lumis=49%2C59&lumis=1%2C644&lumis=1%2C312&lumis=53%2C484&lumis=18%2C341&lumis=1%2C300%2C302%2C501%2C503%2C579&lumis=50%2C366&lumis=1%2C18&lumis=1%2C1&lumis=1%2C271&lumis=1%2C11%2C16%2C86&lumis=46%2C204&lumis=1%2C856%2C858%2C1920&lumis=1%2C151&lumis=48%2C562&lumis=39%2C443&lumis=52%2C767&lumis=47%2C198&lumis=1%2C91&lumis=1%2C6&lumis=1%2C160&lumis=53%2C504&lumis=48%2C588&lumis=1%2C793&lumis=1%2C570&lumis=14%2C152&lumis=1%2C1050&lumis=1%2C1011&lumis=42%2C273&lumis=1%2C103&lumis=1%2C48&lumis=1%2C344&lumis=1%2C119&lumis=1%2C358&lumis=1%2C593&lumis=45%2C437%2C445%2C487&lumis=1%2C57&lumis=52%2C569&lumis=37%2C319&lumis=1%2C285&lumis=1%2C337&lumis=1%2C14&lumis=1%2C25&lumis=1%2C328&lumis=37%2C792&lumis=1%2C44&lumis=39%2C444%2C448%2C1431%2C1434%2C1472&lumis=1%2C198&lumis=40%2C271&lumis=49%2C1501&lumis=1%2C92&lumis=42%2C159%2C161%2C516&lumis=1%2C144&lumis=1%2C5&lumis=1%2C68%2C72%2C1168&lumis=47%2C791%2C793%2C827%2C829%2C863%2C865%2C899%2C901%2C935%2C937%2C971%2C973%2C1007%2C1009%2C1043%2C1045%2C1079%2C1081%2C1280%2C1282%2C1380%2C1382%2C1581%2C1583%2C1595&lumis=1%2C659&lumis=1%2C194%2C197%2C702&lumis=1%2C75%2C77%2C86%2C89%2C90%2C93%2C280%2C282%2C1044&lumis=1%2C1195&lumis=1%2C31%2C33%2C411%2C414%2C436&lumis=41%2C1039&lumis=1%2C247%2C249%2C382&lumis=1%2C260&lumis=51%2C819&lumis=42%2C410&lumis=1%2C255%2C306%2C308&lumis=1%2C866&lumis=1%2C12&lumis=1%2C50&lumis=1%2C156&lumis=1%2C171&lumis=40%2C135&lumis=1%2C1481&lumis=63%2C63%2C97%2C188&lumis=1%2C1200&lumis=39%2C77&lumis=1%2C169&lumis=1%2C976&lumis=45%2C238&lumis=1%2C1&lumis=1%2C1386&lumis=45%2C330%2C332%2C908%2C910%2C991&lumis=3%2C35
DEBUG 2024-02-21 22:27:40.996 UTC: 	 Result: {'result': [{'RequestName': '240221_222740:mbuonsan_crab_SkimB4Mu_2023eraC-v2_stream1_Mini'}]}
INFO 2024-02-21 22:27:40.997 UTC: 	 Success: Your task has been delivered to the prod CRAB3 server.
INFO 2024-02-21 22:27:40.997 UTC: 	 Task name: 240221_222740:mbuonsan_crab_SkimB4Mu_2023eraC-v2_stream1_Mini
INFO 2024-02-21 22:27:40.997 UTC: 	 Project dir: crab_projects/crab_SkimB4Mu_2023eraC-v2_stream1_Mini
INFO 2024-02-21 22:27:40.997 UTC: 	 Please use ' crab status -d crab_projects/crab_SkimB4Mu_2023eraC-v2_stream1_Mini ' to check how the submission process proceeds.
DEBUG 2024-02-21 22:27:40.997 UTC: 	 About to return
INFO 2024-02-21 22:27:41.003 UTC: 	 Log file is /lustrehome/mbuonsante/B_4mu/CMSSW_13_0_13/src/B4muNtuplizer/CrabSubmission/2023_eraC-v2/crab_projects/crab_SkimB4Mu_2023eraC-v2_stream1_Mini/crab.log
DEBUG 2024-02-22 18:03:26.371 UTC: 	 CRAB Client version: v3.240110
DEBUG 2024-02-22 18:03:26.373 UTC: 	 Running on: Linux ui02.recas.ba.infn.it 3.10.0-1160.80.1.el7.x86_64 #1 SMP Tue Nov 8 15:48:59 UTC 2022 x86_64 x86_64 x86_64 GNU/Linux - CentOS Linux 7 (Core)
DEBUG 2024-02-22 18:03:26.373 UTC: 	 Executing command: 'resubmit'
DEBUG 2024-02-22 18:03:26.373 UTC: 	 Found CRAB cache file /lustrehome/mbuonsante/.crab3
DEBUG 2024-02-22 18:03:26.389 UTC: 	 Checking credentials
DEBUG 2024-02-22 18:03:26.389 UTC: 	 Found proxy file /tmp/x509up_u881331
DEBUG 2024-02-22 18:03:26.389 UTC: 	 Making sure it has proper VOMS extension
DEBUG 2024-02-22 18:03:26.389 UTC: 	 Executing command :
 voms-proxy-info --vo --file /tmp/x509up_u881331
DEBUG 2024-02-22 18:03:27.763 UTC: 	 output : cms

 error: 
 retcode : 0
DEBUG 2024-02-22 18:03:27.764 UTC: 	 Getting proxy life time left
DEBUG 2024-02-22 18:03:27.764 UTC: 	 Executing command :
 voms-proxy-info --actimeleft --timeleft --file /tmp/x509up_u881331
DEBUG 2024-02-22 18:03:29.142 UTC: 	 output : 409008
409007

 error: 
 retcode : 0
DEBUG 2024-02-22 18:03:29.142 UTC: 	 Proxy valid for 113:36:47 hours
DEBUG 2024-02-22 18:03:29.142 UTC: 	 Encoded data for curl request: subresource=delegatedn
DEBUG 2024-02-22 18:03:29.332 UTC: 	 Registering user credentials on myproxy for /DC=ch/DC=cern/OU=computers/CN=crab-(preprod|prod|dev)-tw(01|02|03).cern.ch|/DC=ch/DC=cern/OU=computers/CN=stefanov(m|m2).cern.ch|/DC=ch/DC=cern/OU=computers/CN=dciangot-tw.cern.ch
DEBUG 2024-02-22 18:03:29.332 UTC: 	 Executing command :
 voms-proxy-info --identity --file /tmp/x509up_u881331
DEBUG 2024-02-22 18:03:30.544 UTC: 	 output : /DC=ch/DC=cern/OU=Organic Units/OU=Users/CN=mbuonsan/CN=866052/CN=Marco Buonsante

 error: 
 retcode : 0
DEBUG 2024-02-22 18:03:30.544 UTC: 	 Getting myproxy life time left for db438794163ae221c16ac5cdc1e476b2bc2ff634
DEBUG 2024-02-22 18:03:30.544 UTC: 	 Executing command :
 myproxy-info -s myproxy.cern.ch -l db438794163ae221c16ac5cdc1e476b2bc2ff634
DEBUG 2024-02-22 18:03:30.937 UTC: 	 output : username: db438794163ae221c16ac5cdc1e476b2bc2ff634
owner: /DC=ch/DC=cern/OU=Organic Units/OU=Users/CN=mbuonsan/CN=866052/CN=Marco Buonsante
  renewal policy: /DC=ch/DC=cern/OU=computers/CN=crab-(preprod|prod|dev)-tw(01|02|03).cern.ch|/DC=ch/DC=cern/OU=computers/CN=stefanov(m|m2).cern.ch|/DC=ch/DC=cern/OU=computers/CN=dciangot-tw.cern.ch
  trusted retrieval policy: /DC=ch/DC=cern/OU=computers/CN=crab-(preprod|prod|dev)-tw(01|02|03).cern.ch|/DC=ch/DC=cern/OU=computers/CN=stefanov(m|m2).cern.ch|/DC=ch/DC=cern/OU=computers/CN=dciangot-tw.cern.ch
  timeleft: 473:37:57  (19.7 days)

 error: 
 retcode : 0
DEBUG 2024-02-22 18:03:30.938 UTC: 	 Myproxy is valid: 1705020
DEBUG 2024-02-22 18:03:30.938 UTC: 	 Result of myproxy credential check:
  Credential exists on myproxy: username: db438794163ae221c16ac5cdc1e476b2bc2ff634  - validity: 19 days, 17:37:00
DEBUG 2024-02-22 18:03:30.939 UTC: 	 Encoded data for curl request: subresource=search&workflow=240221_222740%3Ambuonsan_crab_SkimB4Mu_2023eraC-v2_stream1_Mini
DEBUG 2024-02-22 18:03:31.152 UTC: 	 Command use: resubmit
DEBUG 2024-02-22 18:03:31.152 UTC: 	 Options use: ['-d', 'crab_projects/crab_SkimB4Mu_2023eraC-v2_stream1_Mini']
DEBUG 2024-02-22 18:03:31.152 UTC: 	 Encoded data for curl request: subresource=version
DEBUG 2024-02-22 18:03:31.333 UTC: 	 CRABClient version: v3.240110
DEBUG 2024-02-22 18:03:31.333 UTC: 	 Instance is prod
DEBUG 2024-02-22 18:03:31.333 UTC: 	 Server base url is cmsweb.cern.ch
DEBUG 2024-02-22 18:03:31.333 UTC: 	 Command api workflow
DEBUG 2024-02-22 18:03:31.348 UTC: 	 CRAB Client version: v3.240110
DEBUG 2024-02-22 18:03:31.348 UTC: 	 Running on: Linux ui02.recas.ba.infn.it 3.10.0-1160.80.1.el7.x86_64 #1 SMP Tue Nov 8 15:48:59 UTC 2022 x86_64 x86_64 x86_64 GNU/Linux - CentOS Linux 7 (Core)
DEBUG 2024-02-22 18:03:31.348 UTC: 	 Executing command: 'status'
DEBUG 2024-02-22 18:03:31.348 UTC: 	 Found CRAB cache file /lustrehome/mbuonsante/.crab3
DEBUG 2024-02-22 18:03:31.350 UTC: 	 Checking credentials
DEBUG 2024-02-22 18:03:31.350 UTC: 	 Found proxy file /tmp/x509up_u881331
DEBUG 2024-02-22 18:03:31.350 UTC: 	 Making sure it has proper VOMS extension
DEBUG 2024-02-22 18:03:31.350 UTC: 	 Executing command :
 voms-proxy-info --vo --file /tmp/x509up_u881331
DEBUG 2024-02-22 18:03:32.565 UTC: 	 output : cms

 error: 
 retcode : 0
DEBUG 2024-02-22 18:03:32.566 UTC: 	 Getting proxy life time left
DEBUG 2024-02-22 18:03:32.566 UTC: 	 Executing command :
 voms-proxy-info --actimeleft --timeleft --file /tmp/x509up_u881331
DEBUG 2024-02-22 18:03:33.650 UTC: 	 output : 409004
409003

 error: 
 retcode : 0
DEBUG 2024-02-22 18:03:33.650 UTC: 	 Proxy valid for 113:36:43 hours
DEBUG 2024-02-22 18:03:33.650 UTC: 	 Encoded data for curl request: subresource=delegatedn
DEBUG 2024-02-22 18:03:33.826 UTC: 	 Registering user credentials on myproxy for /DC=ch/DC=cern/OU=computers/CN=crab-(preprod|prod|dev)-tw(01|02|03).cern.ch|/DC=ch/DC=cern/OU=computers/CN=stefanov(m|m2).cern.ch|/DC=ch/DC=cern/OU=computers/CN=dciangot-tw.cern.ch
DEBUG 2024-02-22 18:03:33.826 UTC: 	 Executing command :
 voms-proxy-info --identity --file /tmp/x509up_u881331
DEBUG 2024-02-22 18:03:34.978 UTC: 	 output : /DC=ch/DC=cern/OU=Organic Units/OU=Users/CN=mbuonsan/CN=866052/CN=Marco Buonsante

 error: 
 retcode : 0
DEBUG 2024-02-22 18:03:34.979 UTC: 	 Getting myproxy life time left for db438794163ae221c16ac5cdc1e476b2bc2ff634
DEBUG 2024-02-22 18:03:34.979 UTC: 	 Executing command :
 myproxy-info -s myproxy.cern.ch -l db438794163ae221c16ac5cdc1e476b2bc2ff634
DEBUG 2024-02-22 18:03:35.319 UTC: 	 output : username: db438794163ae221c16ac5cdc1e476b2bc2ff634
owner: /DC=ch/DC=cern/OU=Organic Units/OU=Users/CN=mbuonsan/CN=866052/CN=Marco Buonsante
  renewal policy: /DC=ch/DC=cern/OU=computers/CN=crab-(preprod|prod|dev)-tw(01|02|03).cern.ch|/DC=ch/DC=cern/OU=computers/CN=stefanov(m|m2).cern.ch|/DC=ch/DC=cern/OU=computers/CN=dciangot-tw.cern.ch
  trusted retrieval policy: /DC=ch/DC=cern/OU=computers/CN=crab-(preprod|prod|dev)-tw(01|02|03).cern.ch|/DC=ch/DC=cern/OU=computers/CN=stefanov(m|m2).cern.ch|/DC=ch/DC=cern/OU=computers/CN=dciangot-tw.cern.ch
  timeleft: 473:37:52  (19.7 days)

 error: 
 retcode : 0
DEBUG 2024-02-22 18:03:35.319 UTC: 	 Myproxy is valid: 1705020
DEBUG 2024-02-22 18:03:35.319 UTC: 	 Result of myproxy credential check:
  Credential exists on myproxy: username: db438794163ae221c16ac5cdc1e476b2bc2ff634  - validity: 19 days, 17:37:00
DEBUG 2024-02-22 18:03:35.319 UTC: 	 Retrieving username ...
DEBUG 2024-02-22 18:03:35.319 UTC: 	 Retrieving username from CRIC...
DEBUG 2024-02-22 18:03:36.333 UTC: 	 username is mbuonsan
INFO 2024-02-22 18:03:37.599 UTC: 	 Rucio client intialized for account mbuonsan
DEBUG 2024-02-22 18:03:37.599 UTC: 	 Command use: status
DEBUG 2024-02-22 18:03:37.599 UTC: 	 Options use: []
DEBUG 2024-02-22 18:03:37.600 UTC: 	 Encoded data for curl request: subresource=version
DEBUG 2024-02-22 18:03:37.788 UTC: 	 CRABClient version: v3.240110
DEBUG 2024-02-22 18:03:37.788 UTC: 	 Instance is prod
DEBUG 2024-02-22 18:03:37.788 UTC: 	 Server base url is cmsweb.cern.ch
DEBUG 2024-02-22 18:03:37.788 UTC: 	 Command api workflow
DEBUG 2024-02-22 18:03:37.789 UTC: 	 Encoded data for curl request: subresource=search&workflow=240221_222740%3Ambuonsan_crab_SkimB4Mu_2023eraC-v2_stream1_Mini
DEBUG 2024-02-22 18:03:37.979 UTC: 	 Got information from server oracle database: {'desc': {'columns': ['tm_taskname', 'tm_activity', 'panda_jobset_id', 'tm_task_status', 'tm_task_command', 'tm_start_time', 'tm_start_injection', 'tm_end_injection', 'tm_task_failure', 'tm_job_sw', 'tm_job_arch', 'tm_input_dataset', 'tm_nonvalid_input_dataset', 'tm_use_parent', 'tm_site_whitelist', 'tm_site_blacklist', 'tm_split_algo', 'tm_split_args', 'tm_user_sandbox', 'tm_cache_url', 'tm_username', 'tm_user_dn', 'tm_user_vo', 'tm_user_role', 'tm_user_group', 'tm_publish_name', 'tm_publish_groupname', 'tm_asyncdest', 'tm_dbs_url', 'tm_publish_dbs_url', 'tm_publication', 'tm_outfiles', 'tm_tfile_outfiles', 'tm_edm_outfiles', 'tm_job_type', 'tm_generator', 'tm_events_per_lumi', 'tm_arguments', 'panda_resubmitted_jobs', 'tm_save_logs', 'tw_name', 'tm_user_infiles', 'tm_maxjobruntime', 'tm_numcores', 'tm_maxmemory', 'tm_priority', 'tm_output_dataset', 'tm_task_warnings', 'tm_user_webdir', 'tm_scriptexe', 'tm_scriptargs', 'tm_extrajdl', 'tm_asourl', 'tm_collector', 'tm_schedd', 'tm_dry_run', 'tm_user_files', 'tm_transfer_outputs', 'tm_output_lfn', 'tm_ignore_locality', 'tm_fail_limit', 'tm_one_event_mode', 'tm_secondary_input_dataset', 'tm_primary_dataset', 'tm_last_publication', 'tm_debug_files', 'clusterid', 'tm_asodb', 'tm_ignore_global_blacklist', 'tm_submitter_ip_addr', 'tm_totalunits', 'tm_ddm_reqid', 'tm_user_config', 'tm_transfer_container', 'tm_transfer_rule', 'tm_publish_rule', 'tm_multipub_rule']}, 'result': ['240221_222740:mbuonsan_crab_SkimB4Mu_2023eraC-v2_stream1_Mini', 'None', 'None', 'SUBMITTED', 'SUBMIT', '2024-02-21 22:27:40.457281', 'None', '2024-02-21 22:29:42.321818', 'None', 'CMSSW_13_0_13', 'slc7_amd64_gcc11', '/ParkingDoubleMuonLowMass1/Run2023C-22Sep2023_v2-v1/MINIAOD', 'T', '0', '[]', '[]', 'LumiBased', "{'halt_job_on_file_boundaries': False, 'splitOnRun': False, 'lumis_per_job': 50, 'runs': ['367095', '367100', '367102', '367103', '367104', '367111', '367112', '367127', '367128', '367129', '367130', '367131', '367133', '367228', '367229', '367230', '367231', '367232', '367234', '367260', '367262', '367263', '367264', '367267', '367269', '367270', '367271', '367312', '367314', '367315', '367334', '367336', '367337', '367355', '367406', '367413', '367415', '367416', '367475', '367477', '367515', '367516', '367552', '367553', '367554', '367615', '367618', '367619', '367661', '367662', '367663', '367665', '367666', '367691', '367696', '367699', '367730', '367742', '367758', '367770', '367771', '367772', '367790', '367831', '367836', '367838', '367840', '367881', '367883', '367884', '367902', '367904', '367905', '367906', '367907', '367908', '367910', '368223', '368224', '368229', '368318', '368320', '368321', '368332', '368333', '368343', '368382', '368384', '368388', '368389', '368400', '368410', '368412', '368423', '368451', '368453', '368454', '368489', '368546', '368547', '368548', '368566', '368567', '368609', '368611', '368613', '368636', '368669', '368670', '368672', '368674', '368675', '368676', '368678', '368684', '368685', '368723', '368724', '368746', '368749', '368753', '368762', '368764', '368765', '368822', '368823'], 'lumis': ['1,564', '45,390', '1,75', '1,64', '1,1082', '51,338', '1,1438', '18,350', '1,2,6,6,11,12,14,15', '1,3', '1,2,6,9,13,126,135,167', '1,149', '1,275', '55,280,285,287,292,294,298,304', '1,34', '1,1', '1,22', '1,996', '1,501', '52,69,72,240', '1,42,49,119,123,271', '10,21', '1,847', '45,322', '1,33', '1,961', '1,135', '53,225,227,269', '1,20', '1,893', '26,324', '1,169', '1,1046', '60,63', '48,476', '68,448,450,467,469,746,748,750,752,898,900,1340,1342,1367', '1,97', '1,55', '56,634', '1,1289', '44,668', '1,1236', '49,59', '1,644', '1,312', '53,484', '18,341', '1,300,302,501,503,579', '50,366', '1,18', '1,1', '1,271', '1,11,16,86', '46,204', '1,856,858,1920', '1,151', '48,562', '39,443', '52,767', '47,198', '1,91', '1,6', '1,160', '53,504', '48,588', '1,793', '1,570', '14,152', '1,1050', '1,1011', '42,273', '1,103', '1,48', '1,344', '1,119', '1,358', '1,593', '45,437,445,487', '1,57', '52,569', '37,319', '1,285', '1,337', '1,14', '1,25', '1,328', '37,792', '1,44', '39,444,448,1431,1434,1472', '1,198', '40,271', '49,1501', '1,92', '42,159,161,516', '1,144', '1,5', '1,68,72,1168', '47,791,793,827,829,863,865,899,901,935,937,971,973,1007,1009,1043,1045,1079,1081,1280,1282,1380,1382,1581,1583,1595', '1,659', '1,194,197,702', '1,75,77,86,89,90,93,280,282,1044', '1,1195', '1,31,33,411,414,436', '41,1039', '1,247,249,382', '1,260', '51,819', '42,410', '1,255,306,308', '1,866', '1,12', '1,50', '1,156', '1,171', '40,135', '1,1481', '63,63,97,188', '1,1200', '39,77', '1,169', '1,976', '45,238', '1,1', '1,1386', '45,330,332,908,910,991', '3,35']}", 'c21f585968b676319b78458a8dfff0d78967d784c1d5d78343c5cdc38d3be0e5.tar.gz', 'https://cmsweb.cern.ch/S3/crabcache_prod', 'mbuonsan', '/DC=ch/DC=cern/OU=Organic Units/OU=Users/CN=mbuonsan/CN=866052/CN=Marco Buonsante', 'cms', 'None', 'None', 'SkimB4Mu_2023eraC-v2_stream1_Mini-00000000000000000000000000000000', 'F', 'T2_IT_Bari', 'https://cmsweb.cern.ch/dbs/prod/global/DBSReader', 'https://cmsweb.cern.ch/dbs/prod/phys03/DBSWriter', 'T', '[]', "['TreeData.root']", '[]', 'Analysis', 'pythia', 'None', '{}', 'None', 'F', 'crab-prod-tw01', '[]', '1250', '1', '2000', '10', "['/FakeDataset/fakefile-FakePublish-2dc1f43bec0d868d55ab80b215c0451c/USER']", '[]', 'http://vocms0107.cern.ch/mon/mbuonsan/240221_222740:mbuonsan_crab_SkimB4Mu_2023eraC-v2_stream1_Mini', 'None', '[]', '[]', 'None', 'cmsgwms-collector-global.cern.ch:9620,cmsgwms-collector-global.fnal.gov:9620', 'crab3@vocms0107.cern.ch', 'F', '[]', 'T', '/store/user/mbuonsan/', 'F', 'None', 'F', 'None', 'ParkingDoubleMuonLowMass1', 'None', '6a698f43e68c7aad0a5750d4c4a60f7539d7fe583d52bf8be9d0fb3cf90589c1.tar.gz', '103554299', 'None', 'T', '137.138.154.184', '0.0', 'None', '{"partialdataset": false, "requireaccelerator": false, "acceleratorparams": null, "inputblocks": null}', 'None', 'None', 'None', 'None']}
INFO 2024-02-22 18:03:37.980 UTC: 	 CRAB project directory:		/lustrehome/mbuonsante/B_4mu/CMSSW_13_0_13/src/B4muNtuplizer/CrabSubmission/2023_eraC-v2/crab_projects/crab_SkimB4Mu_2023eraC-v2_stream1_Mini
INFO 2024-02-22 18:03:37.980 UTC: 	 Task name:			240221_222740:mbuonsan_crab_SkimB4Mu_2023eraC-v2_stream1_Mini
INFO 2024-02-22 18:03:37.980 UTC: 	 Grid scheduler - Task Worker:	crab3@vocms0107.cern.ch - crab-prod-tw01
INFO 2024-02-22 18:03:37.980 UTC: 	 Status on the CRAB server:	SUBMITTED
INFO 2024-02-22 18:03:37.980 UTC: 	 Task URL to use for HELP:	https://cmsweb.cern.ch/crabserver/ui/task/240221_222740%3Ambuonsan_crab_SkimB4Mu_2023eraC-v2_stream1_Mini
INFO 2024-02-22 18:03:37.991 UTC: 	 Dashboard monitoring URL:	https://monit-grafana.cern.ch/d/cmsTMDetail/cms-task-monitoring-task-view?orgId=11&var-user=mbuonsan&var-task=240221_222740%3Ambuonsan_crab_SkimB4Mu_2023eraC-v2_stream1_Mini&from=1708550860000&to=now
DEBUG 2024-02-22 18:03:37.991 UTC: 	 The CRAB server submitted your task to the Grid scheduler (cluster ID: 103554299)
DEBUG 2024-02-22 18:03:37.991 UTC: 	 Webdir is located at http://vocms0107.cern.ch/mon/mbuonsan/240221_222740:mbuonsan_crab_SkimB4Mu_2023eraC-v2_stream1_Mini
DEBUG 2024-02-22 18:03:37.991 UTC: 	 Encoded data for curl request: subresource=webdirprx&workflow=240221_222740%3Ambuonsan_crab_SkimB4Mu_2023eraC-v2_stream1_Mini
DEBUG 2024-02-22 18:03:38.167 UTC: 	 Proxied webdir is located at https://cmsweb.cern.ch:8443/scheddmon/0107/mbuonsan/240221_222740:mbuonsan_crab_SkimB4Mu_2023eraC-v2_stream1_Mini
DEBUG 2024-02-22 18:03:38.167 UTC: 	 Retrieving 'status_cache' file from https://cmsweb.cern.ch:8443/scheddmon/0107/mbuonsan/240221_222740:mbuonsan_crab_SkimB4Mu_2023eraC-v2_stream1_Mini/status_cache.pkl
DEBUG 2024-02-22 18:03:38.167 UTC: 	 Will execute:
curl -sS --capath /etc/grid-security/certificates --cert /tmp/x509up_u881331 --key /tmp/x509up_u881331 -o /tmp/crab_status-cache-k50sr5wm.pkl -w %"{http_code}" "https://cmsweb.cern.ch:8443/scheddmon/0107/mbuonsan/240221_222740:mbuonsan_crab_SkimB4Mu_2023eraC-v2_stream1_Mini/status_cache.pkl"
DEBUG 2024-02-22 18:03:38.167 UTC: 	 Executing command :
 curl -sS --capath /etc/grid-security/certificates --cert /tmp/x509up_u881331 --key /tmp/x509up_u881331 -o /tmp/crab_status-cache-k50sr5wm.pkl -w %"{http_code}" "https://cmsweb.cern.ch:8443/scheddmon/0107/mbuonsan/240221_222740:mbuonsan_crab_SkimB4Mu_2023eraC-v2_stream1_Mini/status_cache.pkl"
DEBUG 2024-02-22 18:03:38.368 UTC: 	 output : 200
 error: 
 retcode : 0
DEBUG 2024-02-22 18:03:38.368 UTC: 	 exitcode: 0
stdout: 200
stderr: 
error details: 
DEBUG 2024-02-22 18:03:38.369 UTC: 	 Got information from status cache file: {'2': {'Retries': 0, 'Restarts': 0, 'SiteHistory': ['Unknown', 'T2_US_Wisconsin', 'T2_US_Wisconsin'], 'ResidentSetSize': [1223600], 'SubmitTimes': [1708554588.0], 'StartTimes': [1708555296.0], 'EndTimes': [1708557479.0], 'TotalUserCpuTimeHistory': [1920], 'TotalSysCpuTimeHistory': [51], 'WallDurations': [9.0, 256.10171937942505, 2183.0], 'JobIds': ['103554301.0'], 'State': 'finished', 'RecordedSite': True}, '3': {'Retries': 0, 'Restarts': 0, 'SiteHistory': ['Unknown', 'T2_US_Wisconsin', 'T2_US_Wisconsin'], 'ResidentSetSize': [1281756], 'SubmitTimes': [1708554588.0], 'StartTimes': [1708555299.0], 'EndTimes': [1708556933.0], 'TotalUserCpuTimeHistory': [1395], 'TotalSysCpuTimeHistory': [44], 'WallDurations': [8.0, 253.10171937942505, 1634.0], 'JobIds': ['103554302.0'], 'State': 'finished', 'RecordedSite': True}, '4': {'Retries': 0, 'Restarts': 0, 'SiteHistory': ['Unknown', 'T2_US_Wisconsin', 'T2_US_Wisconsin'], 'ResidentSetSize': [1637232], 'SubmitTimes': [1708554588.0], 'StartTimes': [1708555298.0], 'EndTimes': [1708556847.0], 'TotalUserCpuTimeHistory': [1311], 'TotalSysCpuTimeHistory': [25], 'WallDurations': [8.0, 254.10171937942505, 1549.0], 'JobIds': ['103554303.0'], 'State': 'finished', 'RecordedSite': True}, '5': {'Retries': 0, 'Restarts': 0, 'SiteHistory': ['Unknown', 'T2_US_Wisconsin', 'T2_US_Wisconsin'], 'ResidentSetSize': [1417908], 'SubmitTimes': [1708554588.0], 'StartTimes': [1708555298.0], 'EndTimes': [1708557287.0], 'TotalUserCpuTimeHistory': [1732], 'TotalSysCpuTimeHistory': [49], 'WallDurations': [9.0, 254.10171937942505, 1989.0], 'JobIds': ['103554304.0'], 'State': 'finished', 'RecordedSite': True}, '1': {'Retries': 0, 'Restarts': 0, 'SiteHistory': ['Unknown', 'T2_US_Wisconsin', 'T2_US_Wisconsin'], 'ResidentSetSize': [1560300], 'SubmitTimes': [1708554593.0], 'StartTimes': [1708555295.0], 'EndTimes': [1708556348.0], 'TotalUserCpuTimeHistory': [894], 'TotalSysCpuTimeHistory': [29], 'WallDurations': [9.0, 257.10171937942505, 1053.0], 'JobIds': ['103554306.0'], 'State': 'finished', 'RecordedSite': True}, '6': {'Retries': 0, 'Restarts': 0, 'SiteHistory': ['Unknown', 'T2_US_Wisconsin', 'T2_US_Wisconsin'], 'ResidentSetSize': [1517204], 'SubmitTimes': [1708554593.0], 'StartTimes': [1708555049.0], 'EndTimes': [1708558555.0], 'TotalUserCpuTimeHistory': [3139], 'TotalSysCpuTimeHistory': [76], 'WallDurations': [9.0, 201.23717379570007, 3506.0], 'JobIds': ['103554307.0'], 'State': 'finished', 'RecordedSite': True}, '7': {'Retries': 0, 'Restarts': 0, 'SiteHistory': ['Unknown', 'T2_US_Wisconsin', 'T2_US_Wisconsin'], 'ResidentSetSize': [1530996], 'SubmitTimes': [1708554593.0], 'StartTimes': [1708555049.0], 'EndTimes': [1708557357.0], 'TotalUserCpuTimeHistory': [1985], 'TotalSysCpuTimeHistory': [61], 'WallDurations': [10.0, 201.23717379570007, 2308.0], 'JobIds': ['103554308.0'], 'State': 'finished', 'RecordedSite': True}, '8': {'Retries': 0, 'Restarts': 0, 'SiteHistory': ['Unknown', 'T2_US_Wisconsin', 'T2_US_Wisconsin'], 'ResidentSetSize': [1551712], 'SubmitTimes': [1708554593.0], 'StartTimes': [1708555050.0], 'EndTimes': [1708556969.0], 'TotalUserCpuTimeHistory': [1660], 'TotalSysCpuTimeHistory': [54], 'WallDurations': [10.0, 200.23717379570007, 1919.0], 'JobIds': ['103554309.0'], 'State': 'finished', 'RecordedSite': True}, '9': {'Retries': 0, 'Restarts': 0, 'SiteHistory': ['Unknown', 'T2_US_Wisconsin', 'T2_US_Wisconsin'], 'ResidentSetSize': [1549320], 'SubmitTimes': [1708554593.0], 'StartTimes': [1708555046.0], 'EndTimes': [1708556660.0], 'TotalUserCpuTimeHistory': [1388], 'TotalSysCpuTimeHistory': [45], 'WallDurations': [9.0, 204.23717379570007, 1614.0], 'JobIds': ['103554310.0'], 'State': 'finished', 'RecordedSite': True}, '10': {'Retries': 0, 'Restarts': 0, 'SiteHistory': ['Unknown', 'T2_US_Wisconsin', 'T2_US_Wisconsin'], 'ResidentSetSize': [1522816], 'SubmitTimes': [1708554593.0], 'StartTimes': [1708555050.0], 'EndTimes': [1708558472.0], 'TotalUserCpuTimeHistory': [3038], 'TotalSysCpuTimeHistory': [78], 'WallDurations': [10.0, 200.23717379570007, 3422.0], 'JobIds': ['103554311.0'], 'State': 'finished', 'RecordedSite': True}, '11': {'Retries': 0, 'Restarts': 0, 'SiteHistory': ['Unknown', 'T2_US_Wisconsin', 'T2_US_Wisconsin'], 'ResidentSetSize': [1516036], 'SubmitTimes': [1708554593.0], 'StartTimes': [1708555053.0], 'EndTimes': [1708557427.0], 'TotalUserCpuTimeHistory': [2051], 'TotalSysCpuTimeHistory': [63], 'WallDurations': [8.0, 197.23717379570007, 2374.0], 'JobIds': ['103554312.0'], 'State': 'finished', 'RecordedSite': True}, '12': {'Retries': 0, 'Restarts': 0, 'SiteHistory': ['Unknown', 'T2_US_Wisconsin', 'T2_US_Wisconsin'], 'ResidentSetSize': [1559236], 'SubmitTimes': [1708554593.0], 'StartTimes': [1708555051.0], 'EndTimes': [1708557980.0], 'TotalUserCpuTimeHistory': [2498], 'TotalSysCpuTimeHistory': [83], 'WallDurations': [9.0, 199.23717379570007, 2929.0], 'JobIds': ['103554313.0'], 'State': 'finished', 'RecordedSite': True}, '13': {'Retries': 0, 'Restarts': 0, 'SiteHistory': ['Unknown', 'T2_US_Wisconsin', 'T2_US_Wisconsin'], 'ResidentSetSize': [1538172], 'SubmitTimes': [1708554593.0], 'StartTimes': [1708555051.0], 'EndTimes': [1708558402.0], 'TotalUserCpuTimeHistory': [2996], 'TotalSysCpuTimeHistory': [76], 'WallDurations': [9.0, 199.23717379570007, 3351.0], 'JobIds': ['103554314.0'], 'State': 'finished', 'RecordedSite': True}, '14': {'Retries': 0, 'Restarts': 0, 'SiteHistory': ['Unknown', 'T2_US_Wisconsin', 'T2_US_Wisconsin'], 'ResidentSetSize': [1335364], 'SubmitTimes': [1708554593.0], 'StartTimes': [1708555052.0], 'EndTimes': [1708557865.0], 'TotalUserCpuTimeHistory': [2494], 'TotalSysCpuTimeHistory': [65], 'WallDurations': [8.0, 198.23717379570007, 2813.0], 'JobIds': ['103554315.0'], 'State': 'finished', 'RecordedSite': True}, '15': {'Retries': 0, 'Restarts': 0, 'SiteHistory': ['Unknown', 'T2_US_Wisconsin', 'T2_US_Wisconsin'], 'ResidentSetSize': [1540140], 'SubmitTimes': [1708554593.0], 'StartTimes': [1708555052.0], 'EndTimes': [1708556191.0], 'TotalUserCpuTimeHistory': [969], 'TotalSysCpuTimeHistory': [30], 'WallDurations': [9.0, 198.23717379570007, 1139.0], 'JobIds': ['103554316.0'], 'State': 'finished', 'RecordedSite': True}, '16': {'Retries': 0, 'Restarts': 0, 'SiteHistory': ['Unknown', 'T2_US_Wisconsin', 'T2_US_Wisconsin'], 'ResidentSetSize': [1063068], 'SubmitTimes': [1708554593.0], 'StartTimes': [1708555294.0], 'EndTimes': [1708556114.0], 'TotalUserCpuTimeHistory': [701], 'TotalSysCpuTimeHistory': [18], 'WallDurations': [9.0, 258.10171937942505, 820.0], 'JobIds': ['103554317.0'], 'State': 'finished', 'RecordedSite': True}, '17': {'Retries': 0, 'Restarts': 0, 'SiteHistory': ['Unknown', 'T2_IT_Pisa', 'T2_IT_Pisa'], 'ResidentSetSize': [1267696], 'SubmitTimes': [1708554593.0], 'StartTimes': [1708554711.0], 'EndTimes': [1708556744.0], 'TotalUserCpuTimeHistory': [1579], 'TotalSysCpuTimeHistory': [74], 'WallDurations': [8.0, 238.01091265678406, 2033.0], 'JobIds': ['103554318.0'], 'State': 'finished', 'RecordedSite': True}, '18': {'Retries': 0, 'Restarts': 0, 'SiteHistory': ['Unknown', 'T2_IT_Pisa', 'T2_IT_Pisa'], 'ResidentSetSize': [1230868], 'SubmitTimes': [1708554593.0], 'StartTimes': [1708554711.0], 'EndTimes': [1708556165.0], 'TotalUserCpuTimeHistory': [1184], 'TotalSysCpuTimeHistory': [38], 'WallDurations': [8.0, 238.01091265678406, 1454.0], 'JobIds': ['103554319.0'], 'State': 'finished', 'RecordedSite': True}, '19': {'Retries': 0, 'Restarts': 0, 'SiteHistory': ['Unknown', 'T2_IT_Pisa', 'T2_IT_Pisa'], 'ResidentSetSize': [1241932], 'SubmitTimes': [1708554593.0], 'StartTimes': [1708554712.0], 'EndTimes': [1708556940.0], 'TotalUserCpuTimeHistory': [1672], 'TotalSysCpuTimeHistory': [60], 'WallDurations': [9.0, 237.01091265678406, 2228.0], 'JobIds': ['103554320.0'], 'State': 'finished', 'RecordedSite': True}, '20': {'Retries': 0, 'Restarts': 0, 'SiteHistory': ['Unknown', 'T2_IT_Pisa', 'T2_IT_Pisa'], 'ResidentSetSize': [1218256], 'SubmitTimes': [1708554593.0], 'StartTimes': [1708554711.0], 'EndTimes': [1708556516.0], 'TotalUserCpuTimeHistory': [1458], 'TotalSysCpuTimeHistory': [44], 'WallDurations': [9.0, 238.01091265678406, 1805.0], 'JobIds': ['103554321.0'], 'State': 'finished', 'RecordedSite': True}, '21': {'Retries': 0, 'Restarts': 0, 'SiteHistory': ['Unknown', 'T2_IT_Pisa', 'T2_IT_Pisa'], 'ResidentSetSize': [1243988], 'SubmitTimes': [1708554593.0], 'StartTimes': [1708554712.0], 'EndTimes': [1708556603.0], 'TotalUserCpuTimeHistory': [1527], 'TotalSysCpuTimeHistory': [53], 'WallDurations': [10.0, 237.01091265678406, 1891.0], 'JobIds': ['103554322.0'], 'State': 'finished', 'RecordedSite': True}, '23': {'Retries': 0, 'Restarts': 0, 'SiteHistory': ['Unknown', 'T2_IT_Pisa', 'T2_IT_Pisa'], 'ResidentSetSize': [1224140], 'SubmitTimes': [1708554593.0], 'StartTimes': [1708554711.0], 'EndTimes': [1708555880.0], 'TotalUserCpuTimeHistory': [936], 'TotalSysCpuTimeHistory': [31], 'WallDurations': [9.0, 238.01091265678406, 1169.0], 'JobIds': ['103554323.0'], 'State': 'finished', 'RecordedSite': True}, '24': {'Retries': 0, 'Restarts': 0, 'SiteHistory': ['Unknown', 'T2_IT_Pisa', 'T2_IT_Pisa'], 'ResidentSetSize': [1203620], 'SubmitTimes': [1708554593.0], 'StartTimes': [1708554711.0], 'EndTimes': [1708555791.0], 'TotalUserCpuTimeHistory': [856], 'TotalSysCpuTimeHistory': [30], 'WallDurations': [9.0, 238.01091265678406, 1080.0], 'JobIds': ['103554324.0'], 'State': 'finished', 'RecordedSite': True}, '26': {'Retries': 0, 'Restarts': 0, 'SiteHistory': ['Unknown', 'T2_IT_Pisa', 'T2_IT_Pisa'], 'ResidentSetSize': [1231356], 'SubmitTimes': [1708554593.0], 'StartTimes': [1708554712.0], 'EndTimes': [1708556103.0], 'TotalUserCpuTimeHistory': [996], 'TotalSysCpuTimeHistory': [54], 'WallDurations': [8.0, 237.01091265678406, 1391.0], 'JobIds': ['103554325.0'], 'State': 'finished', 'RecordedSite': True}, '22': {'Retries': 0, 'Restarts': 0, 'SiteHistory': ['Unknown', 'T2_IT_Pisa', 'T2_IT_Pisa'], 'ResidentSetSize': [1241184], 'SubmitTimes': [1708554594.0], 'StartTimes': [1708554713.0], 'EndTimes': [1708556960.0], 'TotalUserCpuTimeHistory': [1662], 'TotalSysCpuTimeHistory': [58], 'WallDurations': [9.0, 236.01091265678406, 2247.0], 'JobIds': ['103554326.0'], 'State': 'finished', 'RecordedSite': True}, '28': {'Retries': 0, 'Restarts': 0, 'SiteHistory': ['Unknown', 'T2_IT_Pisa', 'T2_IT_Pisa'], 'ResidentSetSize': [1202100], 'SubmitTimes': [1708554594.0], 'StartTimes': [1708554712.0], 'EndTimes': [1708555674.0], 'TotalUserCpuTimeHistory': [728], 'TotalSysCpuTimeHistory': [25], 'WallDurations': [9.0, 237.01091265678406, 962.0], 'JobIds': ['103554327.0'], 'State': 'finished', 'RecordedSite': True}, '31': {'Retries': 0, 'Restarts': 0, 'SiteHistory': ['Unknown', 'T2_IT_Pisa', 'T2_IT_Pisa'], 'ResidentSetSize': [1194104], 'SubmitTimes': [1708554594.0], 'StartTimes': [1708554712.0], 'EndTimes': [1708555946.0], 'TotalUserCpuTimeHistory': [940], 'TotalSysCpuTimeHistory': [35], 'WallDurations': [9.0, 237.01091265678406, 1234.0], 'JobIds': ['103554328.0'], 'State': 'finished', 'RecordedSite': True}, '30': {'Retries': 0, 'Restarts': 0, 'SiteHistory': ['Unknown', 'T2_IT_Pisa', 'T2_IT_Pisa'], 'ResidentSetSize': [1193988], 'SubmitTimes': [1708554594.0], 'StartTimes': [1708554713.0], 'EndTimes': [1708555826.0], 'TotalUserCpuTimeHistory': [833], 'TotalSysCpuTimeHistory': [27], 'WallDurations': [8.0, 236.01091265678406, 1113.0], 'JobIds': ['103554329.0'], 'State': 'finished', 'RecordedSite': True}, '32': {'Retries': 0, 'Restarts': 0, 'SiteHistory': ['Unknown', 'T2_IT_Pisa', 'T2_IT_Pisa'], 'ResidentSetSize': [1233112], 'SubmitTimes': [1708554594.0], 'StartTimes': [1708554712.0], 'EndTimes': [1708554970.0], 'TotalUserCpuTimeHistory': [163], 'TotalSysCpuTimeHistory': [7], 'WallDurations': [9.0, 237.01091265678406, 258.0], 'JobIds': ['103554330.0'], 'State': 'finished', 'RecordedSite': True}, '34': {'Retries': 0, 'Restarts': 0, 'SiteHistory': ['Unknown', 'T2_IT_Pisa', 'T2_IT_Pisa'], 'ResidentSetSize': [1247548], 'SubmitTimes': [1708554594.0], 'StartTimes': [1708554712.0], 'EndTimes': [1708556664.0], 'TotalUserCpuTimeHistory': [1596], 'TotalSysCpuTimeHistory': [48], 'WallDurations': [9.0, 237.01091265678406, 1952.0], 'JobIds': ['103554331.0'], 'State': 'finished', 'RecordedSite': True}, '27': {'Retries': 0, 'Restarts': 0, 'SiteHistory': ['Unknown', 'T2_IT_Pisa', 'T2_IT_Pisa'], 'ResidentSetSize': [1260296], 'SubmitTimes': [1708554594.0], 'StartTimes': [1708554711.0], 'EndTimes': [1708555923.0], 'TotalUserCpuTimeHistory': [919], 'TotalSysCpuTimeHistory': [37], 'WallDurations': [9.0, 238.01091265678406, 1212.0], 'JobIds': ['103554333.0'], 'State': 'finished', 'RecordedSite': True}, '29': {'Retries': 0, 'Restarts': 0, 'SiteHistory': ['Unknown', 'T2_IT_Pisa', 'T2_IT_Pisa'], 'ResidentSetSize': [1196488], 'SubmitTimes': [1708554594.0], 'StartTimes': [1708554712.0], 'EndTimes': [1708555698.0], 'TotalUserCpuTimeHistory': [730], 'TotalSysCpuTimeHistory': [25], 'WallDurations': [9.0, 237.01091265678406, 986.0], 'JobIds': ['103554334.0'], 'State': 'finished', 'RecordedSite': True}, '35': {'Retries': 0, 'Restarts': 0, 'SiteHistory': ['Unknown', 'T2_IT_Pisa', 'T2_IT_Pisa'], 'ResidentSetSize': [1275912], 'SubmitTimes': [1708554594.0], 'StartTimes': [1708554712.0], 'EndTimes': [1708556695.0], 'TotalUserCpuTimeHistory': [1553], 'TotalSysCpuTimeHistory': [58], 'WallDurations': [8.0, 237.01091265678406, 1983.0], 'JobIds': ['103554335.0'], 'State': 'finished', 'RecordedSite': True}, '33': {'Retries': 0, 'Restarts': 0, 'SiteHistory': ['Unknown', 'T2_IT_Pisa', 'T2_IT_Pisa'], 'ResidentSetSize': [1249948], 'SubmitTimes': [1708554594.0], 'StartTimes': [1708554713.0], 'EndTimes': [1708556452.0], 'TotalUserCpuTimeHistory': [1415], 'TotalSysCpuTimeHistory': [38], 'WallDurations': [9.0, 236.01091265678406, 1739.0], 'JobIds': ['103554336.0'], 'State': 'finished', 'RecordedSite': True}, '36': {'Retries': 1, 'Restarts': 0, 'SiteHistory': ['Unknown', 'T2_IT_Pisa', 'T2_IT_Pisa', 'Unknown', 'T2_US_Wisconsin', 'T2_US_Wisconsin'], 'ResidentSetSize': [1142828, 59964], 'SubmitTimes': [1708554594.0, 1708560362.0], 'StartTimes': [1708554711.0, 1708560395.0], 'EndTimes': [1708554882.0, 1708560598.0], 'TotalUserCpuTimeHistory': [87, 137], 'TotalSysCpuTimeHistory': [6, 9], 'WallDurations': [171.0, 238.01091265678406, 238.01091265678406, 203.0, 294.49425435066223, 294.49425435066223], 'JobIds': ['103554337.0', '103555339.0'], 'State': 'finished', 'RecordedSite': True}, '42': {'Retries': 0, 'Restarts': 0, 'SiteHistory': ['Unknown', 'T2_US_Wisconsin', 'T2_US_Wisconsin'], 'ResidentSetSize': [1506964], 'SubmitTimes': [1708554594.0], 'StartTimes': [1708555294.0], 'EndTimes': [1708557039.0], 'TotalUserCpuTimeHistory': [1499], 'TotalSysCpuTimeHistory': [48], 'WallDurations': [10.0, 258.10171937942505, 1745.0], 'JobIds': ['103554338.0'], 'State': 'finished', 'RecordedSite': True}, '38': {'Retries': 0, 'Restarts': 0, 'SiteHistory': ['Unknown', 'T2_HU_Budapest', 'T2_HU_Budapest'], 'ResidentSetSize': [131700], 'SubmitTimes': [1708554594.0], 'StartTimes': [1708554973.0], 'EndTimes': [1708555234.0], 'TotalUserCpuTimeHistory': [195], 'TotalSysCpuTimeHistory': [9], 'WallDurations': [261.0, 277.2371737957001, 277.2371737957001], 'JobIds': ['103554339.0'], 'State': 'finished', 'RecordedSite': True}, '37': {'Retries': 0, 'Restarts': 0, 'SiteHistory': ['Unknown', 'T2_US_Wisconsin', 'T2_US_Wisconsin'], 'ResidentSetSize': [1514364], 'SubmitTimes': [1708554594.0], 'StartTimes': [1708555294.0], 'EndTimes': [1708556455.0], 'TotalUserCpuTimeHistory': [1008], 'TotalSysCpuTimeHistory': [27], 'WallDurations': [9.0, 258.10171937942505, 1161.0], 'JobIds': ['103554340.0'], 'State': 'finished', 'RecordedSite': True}, '39': {'Retries': 1, 'Restarts': 0, 'SiteHistory': ['Unknown', 'T2_US_Wisconsin', 'T2_US_Wisconsin', 'Unknown', 'T2_US_Wisconsin', 'T2_US_Wisconsin'], 'ResidentSetSize': [1038672, 1578080], 'SubmitTimes': [1708554594.0, 1708558195.0], 'StartTimes': [1708555295.0, 1708558292.0], 'EndTimes': [1708556322.0, 1708558754.0], 'TotalUserCpuTimeHistory': [840, 368], 'TotalSysCpuTimeHistory': [32, 10], 'WallDurations': [9.0, 257.10171937942505, 1027.0, 9.0, 287.0888764858246, 462.0], 'JobIds': ['103554341.0', '103554992.0'], 'State': 'finished', 'RecordedSite': True}, '41': {'Retries': 0, 'Restarts': 0, 'SiteHistory': ['Unknown', 'T2_US_Wisconsin', 'T2_US_Wisconsin'], 'ResidentSetSize': [1298052], 'SubmitTimes': [1708554594.0], 'StartTimes': [1708555294.0], 'EndTimes': [1708556441.0], 'TotalUserCpuTimeHistory': [933], 'TotalSysCpuTimeHistory': [26], 'WallDurations': [9.0, 258.10171937942505, 1147.0], 'JobIds': ['103554342.0'], 'State': 'finished', 'RecordedSite': True}, '40': {'Retries': 0, 'Restarts': 0, 'SiteHistory': ['Unknown', 'T2_US_Wisconsin', 'T2_US_Wisconsin'], 'ResidentSetSize': [107404], 'SubmitTimes': [1708554594.0], 'StartTimes': [1708555294.0], 'EndTimes': [1708555440.0], 'TotalUserCpuTimeHistory': [64], 'TotalSysCpuTimeHistory': [6], 'WallDurations': [146.0, 258.10171937942505, 258.10171937942505], 'JobIds': ['103554343.0'], 'State': 'finished', 'RecordedSite': True}, '44': {'Retries': 0, 'Restarts': 0, 'SiteHistory': ['Unknown', 'T2_US_Wisconsin', 'T2_US_Wisconsin'], 'ResidentSetSize': [1224292], 'SubmitTimes': [1708554594.0], 'StartTimes': [1708555295.0], 'EndTimes': [1708557390.0], 'TotalUserCpuTimeHistory': [1899], 'TotalSysCpuTimeHistory': [46], 'WallDurations': [9.0, 257.10171937942505, 2095.0], 'JobIds': ['103554344.0'], 'State': 'finished', 'RecordedSite': True}, '43': {'Retries': 0, 'Restarts': 0, 'SiteHistory': ['Unknown', 'T2_US_Wisconsin', 'T2_US_Wisconsin'], 'ResidentSetSize': [1544960], 'SubmitTimes': [1708554594.0], 'StartTimes': [1708555295.0], 'EndTimes': [1708557382.0], 'TotalUserCpuTimeHistory': [1762], 'TotalSysCpuTimeHistory': [58], 'WallDurations': [9.0, 257.10171937942505, 2087.0], 'JobIds': ['103554345.0'], 'State': 'finished', 'RecordedSite': True}, '46': {'Retries': 0, 'Restarts': 0, 'SiteHistory': ['Unknown', 'T2_US_Wisconsin', 'T2_US_Wisconsin'], 'ResidentSetSize': [1533684], 'SubmitTimes': [1708554594.0], 'StartTimes': [1708555294.0], 'EndTimes': [1708558098.0], 'TotalUserCpuTimeHistory': [2475], 'TotalSysCpuTimeHistory': [58], 'WallDurations': [9.0, 258.10171937942505, 2804.0], 'JobIds': ['103554346.0'], 'State': 'finished', 'RecordedSite': True}, '48': {'Retries': 0, 'Restarts': 0, 'SiteHistory': ['Unknown', 'T2_US_Wisconsin', 'T2_US_Wisconsin'], 'ResidentSetSize': [1542492], 'SubmitTimes': [1708554594.0], 'StartTimes': [1708555295.0], 'EndTimes': [1708556862.0], 'TotalUserCpuTimeHistory': [1307], 'TotalSysCpuTimeHistory': [28], 'WallDurations': [9.0, 257.10171937942505, 1567.0], 'JobIds': ['103554347.0'], 'State': 'finished', 'RecordedSite': True}, '47': {'Retries': 0, 'Restarts': 0, 'SiteHistory': ['Unknown', 'T2_US_Wisconsin', 'T2_US_Wisconsin'], 'ResidentSetSize': [1328516], 'SubmitTimes': [1708554594.0], 'StartTimes': [1708555295.0], 'EndTimes': [1708558543.0], 'TotalUserCpuTimeHistory': [2919], 'TotalSysCpuTimeHistory': [86], 'WallDurations': [9.0, 257.10171937942505, 3248.0], 'JobIds': ['103554348.0'], 'State': 'finished', 'RecordedSite': True}, '45': {'Retries': 0, 'Restarts': 0, 'SiteHistory': ['Unknown', 'T2_US_Wisconsin', 'T2_US_Wisconsin'], 'ResidentSetSize': [1351744], 'SubmitTimes': [1708554594.0], 'StartTimes': [1708555295.0], 'EndTimes': [1708557468.0], 'TotalUserCpuTimeHistory': [1871], 'TotalSysCpuTimeHistory': [58], 'WallDurations': [9.0, 257.10171937942505, 2173.0], 'JobIds': ['103554349.0'], 'State': 'finished', 'RecordedSite': True}, '52': {'Retries': 0, 'Restarts': 0, 'SiteHistory': ['Unknown', 'T2_US_Wisconsin', 'T2_US_Wisconsin'], 'ResidentSetSize': [1566044], 'SubmitTimes': [1708554594.0], 'StartTimes': [1708555295.0], 'EndTimes': [1708556314.0], 'TotalUserCpuTimeHistory': [842], 'TotalSysCpuTimeHistory': [27], 'WallDurations': [9.0, 257.10171937942505, 1019.0], 'JobIds': ['103554350.0'], 'State': 'finished', 'RecordedSite': True}, '51': {'Retries': 0, 'Restarts': 0, 'SiteHistory': ['Unknown', 'T2_US_Wisconsin', 'T2_US_Wisconsin'], 'ResidentSetSize': [1525400], 'SubmitTimes': [1708554594.0], 'StartTimes': [1708555295.0], 'EndTimes': [1708555904.0], 'TotalUserCpuTimeHistory': [504], 'TotalSysCpuTimeHistory': [16], 'WallDurations': [9.0, 257.10171937942505, 609.0], 'JobIds': ['103554351.0'], 'State': 'finished', 'RecordedSite': True}, '50': {'Retries': 0, 'Restarts': 0, 'SiteHistory': ['Unknown', 'T2_US_Wisconsin', 'T2_US_Wisconsin'], 'ResidentSetSize': [1536900], 'SubmitTimes': [1708554594.0], 'StartTimes': [1708555296.0], 'EndTimes': [1708557138.0], 'TotalUserCpuTimeHistory': [1598], 'TotalSysCpuTimeHistory': [41], 'WallDurations': [9.0, 256.10171937942505, 1842.0], 'JobIds': ['103554352.0'], 'State': 'finished', 'RecordedSite': True}, '54': {'Retries': 0, 'Restarts': 0, 'SiteHistory': ['Unknown', 'T2_US_Wisconsin', 'T2_US_Wisconsin'], 'ResidentSetSize': [1493328], 'SubmitTimes': [1708554594.0], 'StartTimes': [1708555295.0], 'EndTimes': [1708556458.0], 'TotalUserCpuTimeHistory': [973], 'TotalSysCpuTimeHistory': [25], 'WallDurations': [9.0, 257.10171937942505, 1163.0], 'JobIds': ['103554353.0'], 'State': 'finished', 'RecordedSite': True}, '49': {'Retries': 0, 'Restarts': 0, 'SiteHistory': ['Unknown', 'T2_US_Wisconsin', 'T2_US_Wisconsin'], 'ResidentSetSize': [1329432], 'SubmitTimes': [1708554594.0], 'StartTimes': [1708555296.0], 'EndTimes': [1708558197.0], 'TotalUserCpuTimeHistory': [2582], 'TotalSysCpuTimeHistory': [66], 'WallDurations': [8.0, 256.10171937942505, 2901.0], 'JobIds': ['103554355.0'], 'State': 'finished', 'RecordedSite': True}, '55': {'Retries': 0, 'Restarts': 0, 'SiteHistory': ['Unknown', 'T2_US_Wisconsin', 'T2_US_Wisconsin'], 'ResidentSetSize': [1543656], 'SubmitTimes': [1708554594.0], 'StartTimes': [1708555295.0], 'EndTimes': [1708556764.0], 'TotalUserCpuTimeHistory': [1254], 'TotalSysCpuTimeHistory': [27], 'WallDurations': [9.0, 257.10171937942505, 1469.0], 'JobIds': ['103554356.0'], 'State': 'finished', 'RecordedSite': True}, '56': {'Retries': 0, 'Restarts': 0, 'SiteHistory': ['Unknown', 'T2_US_Wisconsin', 'T2_US_Wisconsin'], 'ResidentSetSize': [1279128], 'SubmitTimes': [1708554595.0], 'StartTimes': [1708555296.0], 'EndTimes': [1708557779.0], 'TotalUserCpuTimeHistory': [2232], 'TotalSysCpuTimeHistory': [59], 'WallDurations': [8.0, 256.10171937942505, 2483.0], 'JobIds': ['103554357.0'], 'State': 'finished', 'RecordedSite': True}, '53': {'Retries': 0, 'Restarts': 0, 'SiteHistory': ['Unknown', 'T2_US_Wisconsin', 'T2_US_Wisconsin'], 'ResidentSetSize': [1233100], 'SubmitTimes': [1708554595.0], 'StartTimes': [1708555295.0], 'EndTimes': [1708556218.0], 'TotalUserCpuTimeHistory': [733], 'TotalSysCpuTimeHistory': [23], 'WallDurations': [9.0, 257.10171937942505, 923.0], 'JobIds': ['103554358.0'], 'State': 'finished', 'RecordedSite': True}, '58': {'Retries': 0, 'Restarts': 0, 'SiteHistory': ['Unknown', 'T2_US_Wisconsin', 'T2_US_Wisconsin'], 'ResidentSetSize': [1623004], 'SubmitTimes': [1708554595.0], 'StartTimes': [1708555295.0], 'EndTimes': [1708556708.0], 'TotalUserCpuTimeHistory': [1220], 'TotalSysCpuTimeHistory': [24], 'WallDurations': [9.0, 257.10171937942505, 1413.0], 'JobIds': ['103554359.0'], 'State': 'finished', 'RecordedSite': True}, '57': {'Retries': 0, 'Restarts': 0, 'SiteHistory': ['Unknown', 'T2_US_Wisconsin', 'T2_US_Wisconsin'], 'ResidentSetSize': [1536868], 'SubmitTimes': [1708554595.0], 'StartTimes': [1708555295.0], 'EndTimes': [1708555665.0], 'TotalUserCpuTimeHistory': [279], 'TotalSysCpuTimeHistory': [14], 'WallDurations': [10.0, 257.10171937942505, 370.0], 'JobIds': ['103554360.0'], 'State': 'finished', 'RecordedSite': True}, '60': {'Retries': 0, 'Restarts': 0, 'SiteHistory': ['Unknown', 'T2_US_Wisconsin', 'T2_US_Wisconsin'], 'ResidentSetSize': [1556500], 'SubmitTimes': [1708554595.0], 'StartTimes': [1708555296.0], 'EndTimes': [1708559081.0], 'TotalUserCpuTimeHistory': [3467], 'TotalSysCpuTimeHistory': [97], 'WallDurations': [8.0, 256.10171937942505, 3785.0], 'JobIds': ['103554361.0'], 'State': 'finished', 'RecordedSite': True}, '63': {'Retries': 0, 'Restarts': 0, 'SiteHistory': ['Unknown', 'T2_US_Wisconsin', 'T2_US_Wisconsin'], 'ResidentSetSize': [1542024], 'SubmitTimes': [1708554595.0], 'StartTimes': [1708555296.0], 'EndTimes': [1708557489.0], 'TotalUserCpuTimeHistory': [1823], 'TotalSysCpuTimeHistory': [49], 'WallDurations': [9.0, 256.10171937942505, 2193.0], 'JobIds': ['103554362.0'], 'State': 'finished', 'RecordedSite': True}, '61': {'Retries': 0, 'Restarts': 0, 'SiteHistory': ['Unknown', 'T2_US_Wisconsin', 'T2_US_Wisconsin'], 'ResidentSetSize': [1107620], 'SubmitTimes': [1708554595.0], 'StartTimes': [1708555295.0], 'EndTimes': [1708555865.0], 'TotalUserCpuTimeHistory': [443], 'TotalSysCpuTimeHistory': [13], 'WallDurations': [9.0, 257.10171937942505, 570.0], 'JobIds': ['103554363.0'], 'State': 'finished', 'RecordedSite': True}, '62': {'Retries': 0, 'Restarts': 0, 'SiteHistory': ['Unknown', 'T2_US_Wisconsin', 'T2_US_Wisconsin'], 'ResidentSetSize': [1230424], 'SubmitTimes': [1708554595.0], 'StartTimes': [1708555295.0], 'EndTimes': [1708556805.0], 'TotalUserCpuTimeHistory': [1320], 'TotalSysCpuTimeHistory': [30], 'WallDurations': [9.0, 257.10171937942505, 1510.0], 'JobIds': ['103554364.0'], 'State': 'finished', 'RecordedSite': True}, '59': {'Retries': 0, 'Restarts': 0, 'SiteHistory': ['Unknown', 'T2_US_Wisconsin', 'T2_US_Wisconsin'], 'ResidentSetSize': [1627828], 'SubmitTimes': [1708554595.0], 'StartTimes': [1708555295.0], 'EndTimes': [1708556968.0], 'TotalUserCpuTimeHistory': [1362], 'TotalSysCpuTimeHistory': [31], 'WallDurations': [9.0, 257.10171937942505, 1673.0], 'JobIds': ['103554365.0'], 'State': 'finished', 'RecordedSite': True}, '64': {'Retries': 0, 'Restarts': 0, 'SiteHistory': ['Unknown', 'T2_US_Wisconsin', 'T2_US_Wisconsin'], 'ResidentSetSize': [1357224], 'SubmitTimes': [1708554595.0], 'StartTimes': [1708555296.0], 'EndTimes': [1708558772.0], 'TotalUserCpuTimeHistory': [3066], 'TotalSysCpuTimeHistory': [81], 'WallDurations': [9.0, 256.10171937942505, 3476.0], 'JobIds': ['103554366.0'], 'State': 'finished', 'RecordedSite': True}, '65': {'Retries': 0, 'Restarts': 0, 'SiteHistory': ['Unknown', 'T2_US_Wisconsin', 'T2_US_Wisconsin'], 'ResidentSetSize': [1522312], 'SubmitTimes': [1708554595.0], 'StartTimes': [1708555294.0], 'EndTimes': [1708557470.0], 'TotalUserCpuTimeHistory': [1868], 'TotalSysCpuTimeHistory': [61], 'WallDurations': [10.0, 258.10171937942505, 2176.0], 'JobIds': ['103554367.0'], 'State': 'finished', 'RecordedSite': True}, '67': {'Retries': 1, 'Restarts': 0, 'SiteHistory': ['Unknown', 'T2_US_Wisconsin', 'T2_US_Wisconsin', 'T2_US_Wisconsin', 'T2_US_Wisconsin'], 'ResidentSetSize': [1581844, 1536360], 'SubmitTimes': [1708554595.0, 1708558042.0], 'StartTimes': [1708555296.0, 1708558102.0], 'EndTimes': [1708556167.0, 1708559613.0], 'TotalUserCpuTimeHistory': [701, 1322], 'TotalSysCpuTimeHistory': [15, 34], 'WallDurations': [8.0, 256.10171937942505, 871.0, 9.0, 1511.0], 'JobIds': ['103554368.0', '103554982.0'], 'State': 'finished', 'RecordedSite': True}, '66': {'Retries': 0, 'Restarts': 0, 'SiteHistory': ['Unknown', 'T2_US_Wisconsin', 'T2_US_Wisconsin'], 'ResidentSetSize': [1560184], 'SubmitTimes': [1708554595.0], 'StartTimes': [1708555295.0], 'EndTimes': [1708556967.0], 'TotalUserCpuTimeHistory': [1445], 'TotalSysCpuTimeHistory': [39], 'WallDurations': [9.0, 257.10171937942505, 1672.0], 'JobIds': ['103554369.0'], 'State': 'finished', 'RecordedSite': True}, '69': {'Retries': 0, 'Restarts': 0, 'SiteHistory': ['Unknown', 'T2_US_Wisconsin', 'T2_US_Wisconsin'], 'ResidentSetSize': [1242392], 'SubmitTimes': [1708554595.0], 'StartTimes': [1708555296.0], 'EndTimes': [1708557286.0], 'TotalUserCpuTimeHistory': [1732], 'TotalSysCpuTimeHistory': [74], 'WallDurations': [9.0, 256.10171937942505, 1990.0], 'JobIds': ['103554370.0'], 'State': 'finished', 'RecordedSite': True}, '68': {'Retries': 0, 'Restarts': 0, 'SiteHistory': ['Unknown', 'T2_US_Wisconsin', 'T2_US_Wisconsin'], 'ResidentSetSize': [1362080], 'SubmitTimes': [1708554595.0], 'StartTimes': [1708555296.0], 'EndTimes': [1708558150.0], 'TotalUserCpuTimeHistory': [2533], 'TotalSysCpuTimeHistory': [90], 'WallDurations': [9.0, 256.10171937942505, 2854.0], 'JobIds': ['103554371.0'], 'State': 'finished', 'RecordedSite': True}, '71': {'Retries': 0, 'Restarts': 0, 'SiteHistory': ['Unknown', 'T2_US_Wisconsin', 'T2_US_Wisconsin'], 'ResidentSetSize': [1533060], 'SubmitTimes': [1708554595.0], 'StartTimes': [1708555299.0], 'EndTimes': [1708557441.0], 'TotalUserCpuTimeHistory': [1857], 'TotalSysCpuTimeHistory': [57], 'WallDurations': [8.0, 253.10171937942505, 2142.0], 'JobIds': ['103554372.0'], 'State': 'finished', 'RecordedSite': True}, '70': {'Retries': 0, 'Restarts': 0, 'SiteHistory': ['Unknown', 'T2_US_Wisconsin', 'T2_US_Wisconsin'], 'ResidentSetSize': [1559316], 'SubmitTimes': [1708554596.0], 'StartTimes': [1708555296.0], 'EndTimes': [1708557258.0], 'TotalUserCpuTimeHistory': [1621], 'TotalSysCpuTimeHistory': [61], 'WallDurations': [8.0, 256.10171937942505, 1962.0], 'JobIds': ['103554373.0'], 'State': 'finished', 'RecordedSite': True}, '73': {'Retries': 0, 'Restarts': 0, 'SiteHistory': ['Unknown', 'T2_US_Wisconsin', 'T2_US_Wisconsin'], 'ResidentSetSize': [1521444], 'SubmitTimes': [1708554596.0], 'StartTimes': [1708555296.0], 'EndTimes': [1708556347.0], 'TotalUserCpuTimeHistory': [855], 'TotalSysCpuTimeHistory': [22], 'WallDurations': [9.0, 256.10171937942505, 1051.0], 'JobIds': ['103554374.0'], 'State': 'finished', 'RecordedSite': True}, '74': {'Retries': 1, 'Restarts': 0, 'SiteHistory': ['Unknown', 'T2_US_Wisconsin', 'T2_US_Wisconsin', 'T2_US_Wisconsin', 'T2_US_Wisconsin'], 'ResidentSetSize': [1010468, 1660804], 'SubmitTimes': [1708554596.0, 1708558057.0], 'StartTimes': [1708555296.0, 1708558201.0], 'EndTimes': [1708556188.0, 1708560161.0], 'TotalUserCpuTimeHistory': [693, 1713], 'TotalSysCpuTimeHistory': [22, 49], 'WallDurations': [9.0, 256.10171937942505, 892.0, 10.0, 1960.0], 'JobIds': ['103554375.0', '103554983.0'], 'State': 'finished', 'RecordedSite': True}, '75': {'Retries': 0, 'Restarts': 0, 'SiteHistory': ['Unknown', 'T2_US_Wisconsin', 'T2_US_Wisconsin'], 'ResidentSetSize': [1534952], 'SubmitTimes': [1708554596.0], 'StartTimes': [1708555299.0], 'EndTimes': [1708556162.0], 'TotalUserCpuTimeHistory': [694], 'TotalSysCpuTimeHistory': [20], 'WallDurations': [8.0, 253.10171937942505, 863.0], 'JobIds': ['103554376.0'], 'State': 'finished', 'RecordedSite': True}, '72': {'Retries': 1, 'Restarts': 0, 'SiteHistory': ['Unknown', 'T2_US_Wisconsin', 'T2_US_Wisconsin', 'Unknown', 'T2_US_Wisconsin', 'T2_US_Wisconsin'], 'ResidentSetSize': [1549412, 1632376], 'SubmitTimes': [1708554596.0, 1708558179.0], 'StartTimes': [1708555296.0, 1708558292.0], 'EndTimes': [1708556306.0, 1708559814.0], 'TotalUserCpuTimeHistory': [846, 1277], 'TotalSysCpuTimeHistory': [23, 37], 'WallDurations': [9.0, 256.10171937942505, 1010.0, 9.0, 287.0888764858246, 1522.0], 'JobIds': ['103554377.0', '103554991.0'], 'State': 'finished', 'RecordedSite': True}, '76': {'Retries': 0, 'Restarts': 0, 'SiteHistory': ['Unknown', 'T2_US_Wisconsin', 'T2_US_Wisconsin'], 'ResidentSetSize': [1200692], 'SubmitTimes': [1708554596.0], 'StartTimes': [1708555296.0], 'EndTimes': [1708556934.0], 'TotalUserCpuTimeHistory': [1431], 'TotalSysCpuTimeHistory': [43], 'WallDurations': [9.0, 256.10171937942505, 1638.0], 'JobIds': ['103554378.0'], 'State': 'finished', 'RecordedSite': True}, '78': {'Retries': 0, 'Restarts': 0, 'SiteHistory': ['Unknown', 'T2_US_Wisconsin', 'T2_US_Wisconsin'], 'ResidentSetSize': [1162304], 'SubmitTimes': [1708554596.0], 'StartTimes': [1708555298.0], 'EndTimes': [1708556936.0], 'TotalUserCpuTimeHistory': [1395], 'TotalSysCpuTimeHistory': [45], 'WallDurations': [9.0, 254.10171937942505, 1638.0], 'JobIds': ['103554379.0'], 'State': 'finished', 'RecordedSite': True}, '79': {'Retries': 0, 'Restarts': 0, 'SiteHistory': ['Unknown', 'T2_US_Wisconsin', 'T2_US_Wisconsin'], 'ResidentSetSize': [1510592], 'SubmitTimes': [1708554596.0], 'StartTimes': [1708555296.0], 'EndTimes': [1708557133.0], 'TotalUserCpuTimeHistory': [1648], 'TotalSysCpuTimeHistory': [53], 'WallDurations': [9.0, 256.10171937942505, 1837.0], 'JobIds': ['103554380.0'], 'State': 'finished', 'RecordedSite': True}, '80': {'Retries': 0, 'Restarts': 0, 'SiteHistory': ['Unknown', 'T2_US_Wisconsin', 'T2_US_Wisconsin'], 'ResidentSetSize': [1559532], 'SubmitTimes': [1708554596.0], 'StartTimes': [1708555298.0], 'EndTimes': [1708555775.0], 'TotalUserCpuTimeHistory': [362], 'TotalSysCpuTimeHistory': [11], 'WallDurations': [8.0, 254.10171937942505, 477.0], 'JobIds': ['103554381.0'], 'State': 'finished', 'RecordedSite': True}, '25': {'Retries': 0, 'Restarts': 0, 'SiteHistory': ['Unknown', 'T2_IT_Pisa', 'T2_IT_Pisa'], 'ResidentSetSize': [1216920], 'SubmitTimes': [1708554596.0], 'StartTimes': [1708554711.0], 'EndTimes': [1708555704.0], 'TotalUserCpuTimeHistory': [759], 'TotalSysCpuTimeHistory': [27], 'WallDurations': [9.0, 238.01091265678406, 993.0], 'JobIds': ['103554382.0'], 'State': 'finished', 'RecordedSite': True}, '77': {'Retries': 0, 'Restarts': 0, 'SiteHistory': ['Unknown', 'T2_US_Wisconsin', 'T2_US_Wisconsin'], 'ResidentSetSize': [1502640], 'SubmitTimes': [1708554596.0], 'StartTimes': [1708555298.0], 'EndTimes': [1708556176.0], 'TotalUserCpuTimeHistory': [714], 'TotalSysCpuTimeHistory': [19], 'WallDurations': [9.0, 254.10171937942505, 878.0], 'JobIds': ['103554383.0'], 'State': 'finished', 'RecordedSite': True}}
INFO 2024-02-22 18:03:38.369 UTC: 	 Status on the scheduler:	COMPLETED
INFO 2024-02-22 18:03:38.369 UTC: 	 
Jobs status:                    finished     		100.0% (80/80)
DEBUG 2024-02-22 18:03:38.369 UTC: 	 Encoded data for curl request: subresource=publicationstatus&workflow=240221_222740%3Ambuonsan_crab_SkimB4Mu_2023eraC-v2_stream1_Mini&username=mbuonsan
INFO 2024-02-22 18:03:38.553 UTC: 	 
Output dataset:			/FakeDataset/fakefile-FakePublish-2dc1f43bec0d868d55ab80b215c0451c/USER
INFO 2024-02-22 18:03:38.553 UTC: 	 
No publication information available yet
INFO 2024-02-22 18:03:38.556 UTC: 	 
Warning: the max jobs runtime is less than 30% of the task requested value (1250 min), please consider to request a lower value for failed jobs (allowed through crab resubmit) and/or improve the jobs splitting (e.g. config.Data.splitting = 'Automatic') in a new task.
INFO 2024-02-22 18:03:38.556 UTC: 	 
Summary of run jobs:
 * Memory: 58MB min, 1621MB max, 1320MB ave
 * Runtime: 0:04:18 min, 1:03:05 max, 0:28:10 ave
 * CPU eff: 27% min, 94% max, 87% ave
 * Waste: 7:13:11 (16% of total)

DEBUG 2024-02-22 18:03:38.557 UTC: 	 Requesting resubmission of failed jobs in task 240221_222740:mbuonsan_crab_SkimB4Mu_2023eraC-v2_stream1_Mini
ERROR 2024-02-22 18:03:38.557 UTC: 	 Found no jobs to resubmit. Only jobs in status failed can be resubmitted. Jobs in status finished can also be resubmitted, but only if the jobids are specified and the force option is set.
ERROR 2024-02-22 18:03:38.557 UTC: 	 Caught ClientException exception
Traceback (most recent call last):
  File "/cvmfs/cms.cern.ch/share/cms/crab-prod/v3.240110.01/bin/crab.py", line 152, in <module>
    client()
  File "/cvmfs/cms.cern.ch/share/cms/crab-prod/v3.240110.01/bin/crab.py", line 137, in __call__
    returnDict = self.cmd()
  File "/cvmfs/cms.cern.ch/share/cms/crab-prod/v3.240110.01/lib/CRABClient/Commands/resubmit.py", line 65, in __call__
    self.jobids = self.processJobIds(jobList)
  File "/cvmfs/cms.cern.ch/share/cms/crab-prod/v3.240110.01/lib/CRABClient/Commands/resubmit.py", line 171, in processJobIds
    raise ConfigurationException(msg)
CRABClient.ClientExceptions.ConfigurationException: Found no jobs to resubmit. Only jobs in status failed can be resubmitted. Jobs in status finished can also be resubmitted, but only if the jobids are specified and the force option is set.
