DEBUG 2024-02-21 22:29:46.912 UTC: 	 CRAB Client version: v3.240110
DEBUG 2024-02-21 22:29:46.912 UTC: 	 Running on: Linux ui02.recas.ba.infn.it 3.10.0-1160.80.1.el7.x86_64 #1 SMP Tue Nov 8 15:48:59 UTC 2022 x86_64 x86_64 x86_64 GNU/Linux - CentOS Linux 7 (Core)
DEBUG 2024-02-21 22:29:46.912 UTC: 	 Executing command: 'submit'
DEBUG 2024-02-21 22:29:46.912 UTC: 	 Found CRAB cache file /lustrehome/mbuonsante/.crab3
INFO 2024-02-21 22:29:46.913 UTC: 	 Will use CRAB configuration file CRAB_stream_0.py
DEBUG 2024-02-21 22:29:46.913 UTC: 	 Loading CRAB configuration file.
DEBUG 2024-02-21 22:29:46.916 UTC: 	 Will use CRAB plugin ANALYSIS (i.e. will run an analysis job type).
DEBUG 2024-02-21 22:29:46.918 UTC: 	 Checking credentials
DEBUG 2024-02-21 22:29:46.918 UTC: 	 Found proxy file /tmp/x509up_u881331
DEBUG 2024-02-21 22:29:46.918 UTC: 	 Making sure it has proper VOMS extension
DEBUG 2024-02-21 22:29:46.918 UTC: 	 Executing command :
 voms-proxy-info --vo --file /tmp/x509up_u881331
DEBUG 2024-02-21 22:29:48.196 UTC: 	 output : cms

 error: 
 retcode : 0
DEBUG 2024-02-21 22:29:48.197 UTC: 	 Getting proxy life time left
DEBUG 2024-02-21 22:29:48.197 UTC: 	 Executing command :
 voms-proxy-info --actimeleft --timeleft --file /tmp/x509up_u881331
DEBUG 2024-02-21 22:29:49.998 UTC: 	 output : 479428
479427

 error: 
 retcode : 0
DEBUG 2024-02-21 22:29:49.998 UTC: 	 Proxy valid for 133:10:27 hours
DEBUG 2024-02-21 22:29:49.999 UTC: 	 Encoded data for curl request: subresource=delegatedn
DEBUG 2024-02-21 22:29:50.244 UTC: 	 Registering user credentials on myproxy for /DC=ch/DC=cern/OU=computers/CN=crab-(preprod|prod|dev)-tw(01|02|03).cern.ch|/DC=ch/DC=cern/OU=computers/CN=stefanov(m|m2).cern.ch|/DC=ch/DC=cern/OU=computers/CN=dciangot-tw.cern.ch
DEBUG 2024-02-21 22:29:50.244 UTC: 	 Executing command :
 voms-proxy-info --identity --file /tmp/x509up_u881331
DEBUG 2024-02-21 22:29:51.896 UTC: 	 output : /DC=ch/DC=cern/OU=Organic Units/OU=Users/CN=mbuonsan/CN=866052/CN=Marco Buonsante

 error: 
 retcode : 0
DEBUG 2024-02-21 22:29:51.897 UTC: 	 Getting myproxy life time left for db438794163ae221c16ac5cdc1e476b2bc2ff634
DEBUG 2024-02-21 22:29:51.897 UTC: 	 Executing command :
 myproxy-info -s myproxy.cern.ch -l db438794163ae221c16ac5cdc1e476b2bc2ff634
DEBUG 2024-02-21 22:29:52.374 UTC: 	 output : username: db438794163ae221c16ac5cdc1e476b2bc2ff634
owner: /DC=ch/DC=cern/OU=Organic Units/OU=Users/CN=mbuonsan/CN=866052/CN=Marco Buonsante
  renewal policy: /DC=ch/DC=cern/OU=computers/CN=crab-(preprod|prod|dev)-tw(01|02|03).cern.ch|/DC=ch/DC=cern/OU=computers/CN=stefanov(m|m2).cern.ch|/DC=ch/DC=cern/OU=computers/CN=dciangot-tw.cern.ch
  trusted retrieval policy: /DC=ch/DC=cern/OU=computers/CN=crab-(preprod|prod|dev)-tw(01|02|03).cern.ch|/DC=ch/DC=cern/OU=computers/CN=stefanov(m|m2).cern.ch|/DC=ch/DC=cern/OU=computers/CN=dciangot-tw.cern.ch
  timeleft: 493:11:35  (20.5 days)

 error: 
 retcode : 0
DEBUG 2024-02-21 22:29:52.375 UTC: 	 Myproxy is valid: 1775460
DEBUG 2024-02-21 22:29:52.375 UTC: 	 Result of myproxy credential check:
  Credential exists on myproxy: username: db438794163ae221c16ac5cdc1e476b2bc2ff634  - validity: 20 days, 13:11:00
DEBUG 2024-02-21 22:29:52.375 UTC: 	 Command use: submit
DEBUG 2024-02-21 22:29:52.375 UTC: 	 Options use: ['-c', 'CRAB_stream_0.py']
DEBUG 2024-02-21 22:29:52.375 UTC: 	 Encoded data for curl request: subresource=version
DEBUG 2024-02-21 22:29:52.565 UTC: 	 CRABClient version: v3.240110
DEBUG 2024-02-21 22:29:52.565 UTC: 	 Instance is prod
DEBUG 2024-02-21 22:29:52.565 UTC: 	 Server base url is cmsweb.cern.ch
DEBUG 2024-02-21 22:29:52.565 UTC: 	 Command api workflow
DEBUG 2024-02-21 22:29:52.566 UTC: 	 Started submission
DEBUG 2024-02-21 22:29:52.566 UTC: 	 Working on /lustrehome/mbuonsante/B_4mu/CMSSW_13_0_13/src/B4muNtuplizer/CrabSubmission/2023_eraC-v3/crab_projects/crab_SkimB4Mu_2023eraC-v3_stream0_Mini
DEBUG 2024-02-21 22:29:52.566 UTC: 	 Encoded data for curl request: subresource=backendurls
DEBUG 2024-02-21 22:29:52.838 UTC: 	 Loading required information from the environment
DEBUG 2024-02-21 22:29:52.838 UTC: 	 Found CMSSW_13_0_13 for slc7_amd64_gcc11 with base /lustrehome/mbuonsante/B_4mu/CMSSW_13_0_13
DEBUG 2024-02-21 22:29:52.838 UTC: 	 Loading required information from the environment
DEBUG 2024-02-21 22:29:52.838 UTC: 	 Found CMSSW_13_0_13 for slc7_amd64_gcc11 with base /lustrehome/mbuonsante/B_4mu/CMSSW_13_0_13
DEBUG 2024-02-21 22:29:52.838 UTC: 	 UNIQUE NAME: tarUUID 060cc8c0-0176-4875-a7ce-019be9199b39 
DEBUG 2024-02-21 22:29:52.838 UTC: 	 self.config: from WMCore.Configuration import Configuration
config = Configuration()
config.section_('General')
config.General.transferLogs = False
config.General.requestName = 'SkimB4Mu_2023eraC-v3_stream0_Mini'
config.General.workArea = 'crab_projects'
config.General.transferOutputs = True
config.section_('JobType')
config.JobType.allowUndistributedCMSSW = True
config.JobType.psetName = '/lustrehome/mbuonsante/B_4mu/CMSSW_13_0_13/src/B4muNtuplizer/CrabSubmission/2023_eraC-v3/PatAndTree_cfg.py'
config.JobType.pluginName = 'Analysis'
config.section_('Data')
config.Data.outputDatasetTag = 'SkimB4Mu_2023eraC-v3_stream0_Mini'
config.Data.inputDataset = '/ParkingDoubleMuonLowMass0/Run2023C-22Sep2023_v3-v1/MINIAOD'
config.Data.unitsPerJob = 50
config.Data.inputDBS = 'global'
config.Data.splitting = 'LumiBased'
config.Data.allowNonValidInputDataset = True
config.Data.lumiMask = 'https://cms-service-dqmdc.web.cern.ch/CAF/certification/Collisions23/Cert_Collisions2023_eraC_367095_368823_Golden.json'
config.section_('Site')
config.Site.ignoreGlobalBlacklist = True
config.Site.storageSite = 'T2_IT_Bari'
config.section_('User')
config.section_('Debug')

DEBUG 2024-02-21 22:29:52.838 UTC: 	 self.config.JobType.psetName: /lustrehome/mbuonsante/B_4mu/CMSSW_13_0_13/src/B4muNtuplizer/CrabSubmission/2023_eraC-v3/PatAndTree_cfg.py
INFO 2024-02-21 22:29:52.838 UTC: 	 Importing CMSSW configuration /lustrehome/mbuonsante/B_4mu/CMSSW_13_0_13/src/B4muNtuplizer/CrabSubmission/2023_eraC-v3/PatAndTree_cfg.py
INFO 2024-02-21 22:29:55.201 UTC: 	 Finished importing CMSSW configuration /lustrehome/mbuonsante/B_4mu/CMSSW_13_0_13/src/B4muNtuplizer/CrabSubmission/2023_eraC-v3/PatAndTree_cfg.py
DEBUG 2024-02-21 22:29:55.201 UTC: 	 Writing CMSSW configuration to /lustrehome/mbuonsante/B_4mu/CMSSW_13_0_13/src/B4muNtuplizer/CrabSubmission/2023_eraC-v3/crab_projects/crab_SkimB4Mu_2023eraC-v3_stream0_Mini/inputs/PSet.py
DEBUG 2024-02-21 22:29:55.313 UTC: 	 The following EDM output files will be collected: []
DEBUG 2024-02-21 22:29:55.313 UTC: 	 The following TFile output files will be collected: ['TreeData.root']
DEBUG 2024-02-21 22:29:55.314 UTC: 	 The following user output files (not listed as PoolOuputModule or TFileService in the CMSSW PSet) will be collected: 
DEBUG 2024-02-21 22:29:55.314 UTC: 	 Loading required information from the environment
DEBUG 2024-02-21 22:29:55.314 UTC: 	 Found CMSSW_13_0_13 for slc7_amd64_gcc11 with base /lustrehome/mbuonsante/B_4mu/CMSSW_13_0_13
DEBUG 2024-02-21 22:29:55.314 UTC: 	 Making tarball in /lustrehome/mbuonsante/B_4mu/CMSSW_13_0_13/src/B4muNtuplizer/CrabSubmission/2023_eraC-v3/crab_projects/crab_SkimB4Mu_2023eraC-v3_stream0_Mini/inputs/060cc8c0-0176-4875-a7ce-019be9199b39default.tgz
DEBUG 2024-02-21 22:29:55.315 UTC: 	 Checking directory /lustrehome/mbuonsante/B_4mu/CMSSW_13_0_13/bin
DEBUG 2024-02-21 22:29:55.315 UTC: 	 Adding directory /lustrehome/mbuonsante/B_4mu/CMSSW_13_0_13/bin to tarball
DEBUG 2024-02-21 22:29:55.318 UTC: 	 Checking directory /lustrehome/mbuonsante/B_4mu/CMSSW_13_0_13/python
DEBUG 2024-02-21 22:29:55.318 UTC: 	 Adding directory /lustrehome/mbuonsante/B_4mu/CMSSW_13_0_13/python to tarball
DEBUG 2024-02-21 22:29:55.426 UTC: 	 Checking directory /lustrehome/mbuonsante/B_4mu/CMSSW_13_0_13/cfipython
DEBUG 2024-02-21 22:29:55.426 UTC: 	 Adding directory /lustrehome/mbuonsante/B_4mu/CMSSW_13_0_13/cfipython to tarball
DEBUG 2024-02-21 22:29:55.434 UTC: 	 Checking directory /lustrehome/mbuonsante/B_4mu/CMSSW_13_0_13/lib
DEBUG 2024-02-21 22:29:55.434 UTC: 	 Adding directory /lustrehome/mbuonsante/B_4mu/CMSSW_13_0_13/lib to tarball
DEBUG 2024-02-21 22:29:55.888 UTC: 	 Checking directory /lustrehome/mbuonsante/B_4mu/CMSSW_13_0_13/biglib
DEBUG 2024-02-21 22:29:55.888 UTC: 	 Adding directory /lustrehome/mbuonsante/B_4mu/CMSSW_13_0_13/biglib to tarball
DEBUG 2024-02-21 22:29:55.891 UTC: 	 Checking directory /lustrehome/mbuonsante/B_4mu/CMSSW_13_0_13/module
DEBUG 2024-02-21 22:29:55.891 UTC: 	 Checking directory /lustrehome/mbuonsante/B_4mu/CMSSW_13_0_13/config/SCRAM/hooks
DEBUG 2024-02-21 22:29:55.891 UTC: 	 Adding directory /lustrehome/mbuonsante/B_4mu/CMSSW_13_0_13/config/SCRAM/hooks to tarball
DEBUG 2024-02-21 22:29:55.920 UTC: 	 Adding directory /lustrehome/mbuonsante/B_4mu/CMSSW_13_0_13/src/B4muNtuplizer/SkimTools/python to tarball
DEBUG 2024-02-21 22:29:55.930 UTC: 	 Adding directory /lustrehome/mbuonsante/B_4mu/CMSSW_13_0_13/src/CommonTools/CandAlgos/interface to tarball
DEBUG 2024-02-21 22:29:55.935 UTC: 	 Adding directory /lustrehome/mbuonsante/B_4mu/CMSSW_13_0_13/src/CommonTools/CandAlgos/python to tarball
DEBUG 2024-02-21 22:29:56.085 UTC: 	 Uploading archive /lustrehome/mbuonsante/B_4mu/CMSSW_13_0_13/src/B4muNtuplizer/CrabSubmission/2023_eraC-v3/crab_projects/crab_SkimB4Mu_2023eraC-v3_stream0_Mini/inputs/060cc8c0-0176-4875-a7ce-019be9199b39default.tgz (0.644531.1 MB) to the CRAB cache. Using URI https://cmsweb.cern.ch/S3/crabcache_prod
DEBUG 2024-02-21 22:29:56.551 UTC: 	 Encoded data for curl request: subresource=upload&objecttype=sandbox&tarballname=c21f585968b676319b78458a8dfff0d78967d784c1d5d78343c5cdc38d3be0e5.tar.gz
DEBUG 2024-02-21 22:29:56.772 UTC: 	 sandbox c21f585968b676319b78458a8dfff0d78967d784c1d5d78343c5cdc38d3be0e5.tar.gz is already in the S3 store, will not upload again
DEBUG 2024-02-21 22:29:56.772 UTC: 	 Loading required information from the environment
DEBUG 2024-02-21 22:29:56.772 UTC: 	 Found CMSSW_13_0_13 for slc7_amd64_gcc11 with base /lustrehome/mbuonsante/B_4mu/CMSSW_13_0_13
DEBUG 2024-02-21 22:29:56.772 UTC: 	 Making tarball in /lustrehome/mbuonsante/B_4mu/CMSSW_13_0_13/src/B4muNtuplizer/CrabSubmission/2023_eraC-v3/crab_projects/crab_SkimB4Mu_2023eraC-v3_stream0_Mini/inputs/debugFiles.tgz
DEBUG 2024-02-21 22:29:56.789 UTC: 	 Uploading archive /lustrehome/mbuonsante/B_4mu/CMSSW_13_0_13/src/B4muNtuplizer/CrabSubmission/2023_eraC-v3/crab_projects/crab_SkimB4Mu_2023eraC-v3_stream0_Mini/inputs/debugFiles.tgz (2 KB) to the CRAB cache. Using URI https://cmsweb.cern.ch/S3/crabcache_prod
DEBUG 2024-02-21 22:29:56.795 UTC: 	 Encoded data for curl request: subresource=upload&objecttype=sandbox&tarballname=b3c0fe6114386a51398aa4e9d5a4d0eae3529ec7f5d502eff0ed3e253d561d69.tar.gz
DEBUG 2024-02-21 22:29:57.021 UTC: 	 Will execute:
curl -f -v -X POST  -H "User-Agent: CRAB" -F "key=mbuonsan/sandboxes/b3c0fe6114386a51398aa4e9d5a4d0eae3529ec7f5d502eff0ed3e253d561d69.tar.gz" -F "AWSAccessKeyId=ab00fcc889f248c495d2875f15a3badb" -F "policy=eyJleHBpcmF0aW9uIjogIjIwMjQtMDItMjFUMjM6Mjk6NTdaIiwgImNvbmRpdGlvbnMiOiBbeyJidWNrZXQiOiAiY3JhYmNhY2hlX3Byb2QifSwgeyJrZXkiOiAibWJ1b25zYW4vc2FuZGJveGVzL2IzYzBmZTYxMTQzODZhNTEzOThhYTRlOWQ1YTRkMGVhZTM1MjllYzdmNWQ1MDJlZmYwZWQzZTI1M2Q1NjFkNjkudGFyLmd6In1dfQ==" -F "signature=rCvfryzyuep1iLPu/y5srgZf5Ws=" -F "file=@/lustrehome/mbuonsante/B_4mu/CMSSW_13_0_13/src/B4muNtuplizer/CrabSubmission/2023_eraC-v3/crab_projects/crab_SkimB4Mu_2023eraC-v3_stream0_Mini/inputs/debugFiles.tgz" "https://s3.cern.ch/crabcache_prod"
DEBUG 2024-02-21 22:29:57.216 UTC: 	 exitcode: 0
stdout: b''
DEBUG 2024-02-21 22:29:57.217 UTC: 	 sandbox /lustrehome/mbuonsante/B_4mu/CMSSW_13_0_13/src/B4muNtuplizer/CrabSubmission/2023_eraC-v3/crab_projects/crab_SkimB4Mu_2023eraC-v3_stream0_Mini/inputs/debugFiles.tgz successully uploaded to S3
DEBUG 2024-02-21 22:29:57.217 UTC: 	 Result uploading input files: c21f585968b676319b78458a8dfff0d78967d784c1d5d78343c5cdc38d3be0e5.tar.gz 
DEBUG 2024-02-21 22:29:57.217 UTC: 	 Attaching lumi mask https://cms-service-dqmdc.web.cern.ch/CAF/certification/Collisions23/Cert_Collisions2023_eraC_367095_368823_Golden.json to the request
DEBUG 2024-02-21 22:29:57.217 UTC: 	 Downloading lumi-mask from https://cms-service-dqmdc.web.cern.ch/CAF/certification/Collisions23/Cert_Collisions2023_eraC_367095_368823_Golden.json
WARNING 2024-02-21 22:29:57.432 UTC: 	 Warning: The following output files will not be published, as they are not EDM files: ['TreeData.root']
DEBUG 2024-02-21 22:29:57.433 UTC: 	 submit() - self.configuration from WMCore.Configuration import Configuration
config = Configuration()
config.section_('General')
config.General.transferLogs = False
config.General.requestName = 'SkimB4Mu_2023eraC-v3_stream0_Mini'
config.General.workArea = 'crab_projects'
config.General.transferOutputs = True
config.section_('JobType')
config.JobType.allowUndistributedCMSSW = True
config.JobType.psetName = '/lustrehome/mbuonsante/B_4mu/CMSSW_13_0_13/src/B4muNtuplizer/CrabSubmission/2023_eraC-v3/PatAndTree_cfg.py'
config.JobType.pluginName = 'Analysis'
config.section_('Data')
config.Data.outputDatasetTag = 'SkimB4Mu_2023eraC-v3_stream0_Mini'
config.Data.inputDataset = '/ParkingDoubleMuonLowMass0/Run2023C-22Sep2023_v3-v1/MINIAOD'
config.Data.unitsPerJob = 50
config.Data.inputDBS = 'global'
config.Data.splitting = 'LumiBased'
config.Data.allowNonValidInputDataset = True
config.Data.lumiMask = 'https://cms-service-dqmdc.web.cern.ch/CAF/certification/Collisions23/Cert_Collisions2023_eraC_367095_368823_Golden.json'
config.section_('Site')
config.Site.ignoreGlobalBlacklist = True
config.Site.storageSite = 'T2_IT_Bari'
config.section_('User')
config.section_('Debug')

DEBUG 2024-02-21 22:29:57.433 UTC: 	 submit() - self.configreq {'dryrun': 0, 'workflow': 'crab_SkimB4Mu_2023eraC-v3_stream0_Mini', 'saveoutput': 1, 'savelogsflag': 0, 'inputdata': '/ParkingDoubleMuonLowMass0/Run2023C-22Sep2023_v3-v1/MINIAOD', 'primarydataset': '', 'nonvaliddata': 1, 'userfiles': [], 'dbsurl': 'https://cmsweb.cern.ch/dbs/prod/global/DBSReader', 'useparent': 0, 'ignorelocality': 0, 'splitalgo': 'LumiBased', 'algoargs': 50, 'totalunits': 0, 'publication': 1, 'publishdbsurl': 'https://cmsweb.cern.ch/dbs/prod/phys03/DBSWriter', 'publishname2': 'SkimB4Mu_2023eraC-v3_stream0_Mini', 'jobtype': 'Analysis', 'generator': 'pythia', 'addoutputfiles': [], 'maxjobruntime': 1250, 'numcores': 1, 'maxmemory': 2000, 'priority': 10, 'nonprodsw': 1, 'asyncdest': 'T2_IT_Bari', 'requireaccelerator': 0, 'oneEventMode': 0, 'extrajdl': [], 'ignoreglobalblacklist': 1, 'partialdataset': 0, 'inputblocks': []}
DEBUG 2024-02-21 22:29:57.433 UTC: 	 submit() - jobconfig {'addoutputfiles': [], 'tfileoutfiles': ['TreeData.root'], 'edmoutfiles': [], 'jobarch': 'slc7_amd64_gcc11', 'jobsw': 'CMSSW_13_0_13', 'inputdata': '/ParkingDoubleMuonLowMass0/Run2023C-22Sep2023_v3-v1/MINIAOD', 'cacheurl': 'https://cmsweb.cern.ch/S3/crabcache_prod', 'cachefilename': 'c21f585968b676319b78458a8dfff0d78967d784c1d5d78343c5cdc38d3be0e5.tar.gz', 'debugfilename': 'b3c0fe6114386a51398aa4e9d5a4d0eae3529ec7f5d502eff0ed3e253d561d69.tar.gz', 'runs': ['367095', '367100', '367102', '367103', '367104', '367111', '367112', '367127', '367128', '367129', '367130', '367131', '367133', '367228', '367229', '367230', '367231', '367232', '367234', '367260', '367262', '367263', '367264', '367267', '367269', '367270', '367271', '367312', '367314', '367315', '367334', '367336', '367337', '367355', '367406', '367413', '367415', '367416', '367475', '367477', '367515', '367516', '367552', '367553', '367554', '367615', '367618', '367619', '367661', '367662', '367663', '367665', '367666', '367691', '367696', '367699', '367730', '367742', '367758', '367770', '367771', '367772', '367790', '367831', '367836', '367838', '367840', '367881', '367883', '367884', '367902', '367904', '367905', '367906', '367907', '367908', '367910', '368223', '368224', '368229', '368318', '368320', '368321', '368332', '368333', '368343', '368382', '368384', '368388', '368389', '368400', '368410', '368412', '368423', '368451', '368453', '368454', '368489', '368546', '368547', '368548', '368566', '368567', '368609', '368611', '368613', '368636', '368669', '368670', '368672', '368674', '368675', '368676', '368678', '368684', '368685', '368723', '368724', '368746', '368749', '368753', '368762', '368764', '368765', '368822', '368823'], 'lumis': ['1,564', '45,390', '1,75', '1,64', '1,1082', '51,338', '1,1438', '18,350', '1,2,6,6,11,12,14,15', '1,3', '1,2,6,9,13,126,135,167', '1,149', '1,275', '55,280,285,287,292,294,298,304', '1,34', '1,1', '1,22', '1,996', '1,501', '52,69,72,240', '1,42,49,119,123,271', '10,21', '1,847', '45,322', '1,33', '1,961', '1,135', '53,225,227,269', '1,20', '1,893', '26,324', '1,169', '1,1046', '60,63', '48,476', '68,448,450,467,469,746,748,750,752,898,900,1340,1342,1367', '1,97', '1,55', '56,634', '1,1289', '44,668', '1,1236', '49,59', '1,644', '1,312', '53,484', '18,341', '1,300,302,501,503,579', '50,366', '1,18', '1,1', '1,271', '1,11,16,86', '46,204', '1,856,858,1920', '1,151', '48,562', '39,443', '52,767', '47,198', '1,91', '1,6', '1,160', '53,504', '48,588', '1,793', '1,570', '14,152', '1,1050', '1,1011', '42,273', '1,103', '1,48', '1,344', '1,119', '1,358', '1,593', '45,437,445,487', '1,57', '52,569', '37,319', '1,285', '1,337', '1,14', '1,25', '1,328', '37,792', '1,44', '39,444,448,1431,1434,1472', '1,198', '40,271', '49,1501', '1,92', '42,159,161,516', '1,144', '1,5', '1,68,72,1168', '47,791,793,827,829,863,865,899,901,935,937,971,973,1007,1009,1043,1045,1079,1081,1280,1282,1380,1382,1581,1583,1595', '1,659', '1,194,197,702', '1,75,77,86,89,90,93,280,282,1044', '1,1195', '1,31,33,411,414,436', '41,1039', '1,247,249,382', '1,260', '51,819', '42,410', '1,255,306,308', '1,866', '1,12', '1,50', '1,156', '1,171', '40,135', '1,1481', '63,63,97,188', '1,1200', '39,77', '1,169', '1,976', '45,238', '1,1', '1,1386', '45,330,332,908,910,991', '3,35'], 'jobtype': 'Analysis'}
INFO 2024-02-21 22:29:57.433 UTC: 	 Sending the request to the server at cmsweb.cern.ch
DEBUG 2024-02-21 22:29:57.433 UTC: 	 Submitting {'dryrun': 0, 'workflow': 'crab_SkimB4Mu_2023eraC-v3_stream0_Mini', 'saveoutput': 1, 'savelogsflag': 0, 'inputdata': '/ParkingDoubleMuonLowMass0/Run2023C-22Sep2023_v3-v1/MINIAOD', 'primarydataset': '', 'nonvaliddata': 1, 'userfiles': [], 'dbsurl': 'https://cmsweb.cern.ch/dbs/prod/global/DBSReader', 'useparent': 0, 'ignorelocality': 0, 'splitalgo': 'LumiBased', 'algoargs': 50, 'totalunits': 0, 'publication': 1, 'publishdbsurl': 'https://cmsweb.cern.ch/dbs/prod/phys03/DBSWriter', 'publishname2': 'SkimB4Mu_2023eraC-v3_stream0_Mini', 'jobtype': 'Analysis', 'generator': 'pythia', 'addoutputfiles': [], 'maxjobruntime': 1250, 'numcores': 1, 'maxmemory': 2000, 'priority': 10, 'nonprodsw': 1, 'asyncdest': 'T2_IT_Bari', 'requireaccelerator': 0, 'oneEventMode': 0, 'extrajdl': [], 'ignoreglobalblacklist': 1, 'partialdataset': 0, 'inputblocks': [], 'tfileoutfiles': ['TreeData.root'], 'edmoutfiles': [], 'jobarch': 'slc7_amd64_gcc11', 'jobsw': 'CMSSW_13_0_13', 'cacheurl': 'https://cmsweb.cern.ch/S3/crabcache_prod', 'cachefilename': 'c21f585968b676319b78458a8dfff0d78967d784c1d5d78343c5cdc38d3be0e5.tar.gz', 'debugfilename': 'b3c0fe6114386a51398aa4e9d5a4d0eae3529ec7f5d502eff0ed3e253d561d69.tar.gz', 'runs': ['367095', '367100', '367102', '367103', '367104', '367111', '367112', '367127', '367128', '367129', '367130', '367131', '367133', '367228', '367229', '367230', '367231', '367232', '367234', '367260', '367262', '367263', '367264', '367267', '367269', '367270', '367271', '367312', '367314', '367315', '367334', '367336', '367337', '367355', '367406', '367413', '367415', '367416', '367475', '367477', '367515', '367516', '367552', '367553', '367554', '367615', '367618', '367619', '367661', '367662', '367663', '367665', '367666', '367691', '367696', '367699', '367730', '367742', '367758', '367770', '367771', '367772', '367790', '367831', '367836', '367838', '367840', '367881', '367883', '367884', '367902', '367904', '367905', '367906', '367907', '367908', '367910', '368223', '368224', '368229', '368318', '368320', '368321', '368332', '368333', '368343', '368382', '368384', '368388', '368389', '368400', '368410', '368412', '368423', '368451', '368453', '368454', '368489', '368546', '368547', '368548', '368566', '368567', '368609', '368611', '368613', '368636', '368669', '368670', '368672', '368674', '368675', '368676', '368678', '368684', '368685', '368723', '368724', '368746', '368749', '368753', '368762', '368764', '368765', '368822', '368823'], 'lumis': ['1,564', '45,390', '1,75', '1,64', '1,1082', '51,338', '1,1438', '18,350', '1,2,6,6,11,12,14,15', '1,3', '1,2,6,9,13,126,135,167', '1,149', '1,275', '55,280,285,287,292,294,298,304', '1,34', '1,1', '1,22', '1,996', '1,501', '52,69,72,240', '1,42,49,119,123,271', '10,21', '1,847', '45,322', '1,33', '1,961', '1,135', '53,225,227,269', '1,20', '1,893', '26,324', '1,169', '1,1046', '60,63', '48,476', '68,448,450,467,469,746,748,750,752,898,900,1340,1342,1367', '1,97', '1,55', '56,634', '1,1289', '44,668', '1,1236', '49,59', '1,644', '1,312', '53,484', '18,341', '1,300,302,501,503,579', '50,366', '1,18', '1,1', '1,271', '1,11,16,86', '46,204', '1,856,858,1920', '1,151', '48,562', '39,443', '52,767', '47,198', '1,91', '1,6', '1,160', '53,504', '48,588', '1,793', '1,570', '14,152', '1,1050', '1,1011', '42,273', '1,103', '1,48', '1,344', '1,119', '1,358', '1,593', '45,437,445,487', '1,57', '52,569', '37,319', '1,285', '1,337', '1,14', '1,25', '1,328', '37,792', '1,44', '39,444,448,1431,1434,1472', '1,198', '40,271', '49,1501', '1,92', '42,159,161,516', '1,144', '1,5', '1,68,72,1168', '47,791,793,827,829,863,865,899,901,935,937,971,973,1007,1009,1043,1045,1079,1081,1280,1282,1380,1382,1581,1583,1595', '1,659', '1,194,197,702', '1,75,77,86,89,90,93,280,282,1044', '1,1195', '1,31,33,411,414,436', '41,1039', '1,247,249,382', '1,260', '51,819', '42,410', '1,255,306,308', '1,866', '1,12', '1,50', '1,156', '1,171', '40,135', '1,1481', '63,63,97,188', '1,1200', '39,77', '1,169', '1,976', '45,238', '1,1', '1,1386', '45,330,332,908,910,991', '3,35']} 
DEBUG 2024-02-21 22:29:57.434 UTC: 	 Encoded data for curl request: dryrun=0&workflow=crab_SkimB4Mu_2023eraC-v3_stream0_Mini&saveoutput=1&savelogsflag=0&inputdata=%2FParkingDoubleMuonLowMass0%2FRun2023C-22Sep2023_v3-v1%2FMINIAOD&primarydataset=&nonvaliddata=1&dbsurl=https%3A%2F%2Fcmsweb.cern.ch%2Fdbs%2Fprod%2Fglobal%2FDBSReader&useparent=0&ignorelocality=0&splitalgo=LumiBased&algoargs=50&totalunits=0&publication=1&publishdbsurl=https%3A%2F%2Fcmsweb.cern.ch%2Fdbs%2Fprod%2Fphys03%2FDBSWriter&publishname2=SkimB4Mu_2023eraC-v3_stream0_Mini&jobtype=Analysis&generator=pythia&maxjobruntime=1250&numcores=1&maxmemory=2000&priority=10&nonprodsw=1&asyncdest=T2_IT_Bari&requireaccelerator=0&oneEventMode=0&ignoreglobalblacklist=1&partialdataset=0&jobarch=slc7_amd64_gcc11&jobsw=CMSSW_13_0_13&cacheurl=https%3A%2F%2Fcmsweb.cern.ch%2FS3%2Fcrabcache_prod&cachefilename=c21f585968b676319b78458a8dfff0d78967d784c1d5d78343c5cdc38d3be0e5.tar.gz&debugfilename=b3c0fe6114386a51398aa4e9d5a4d0eae3529ec7f5d502eff0ed3e253d561d69.tar.gz&tfileoutfiles=TreeData.root&runs=367095&runs=367100&runs=367102&runs=367103&runs=367104&runs=367111&runs=367112&runs=367127&runs=367128&runs=367129&runs=367130&runs=367131&runs=367133&runs=367228&runs=367229&runs=367230&runs=367231&runs=367232&runs=367234&runs=367260&runs=367262&runs=367263&runs=367264&runs=367267&runs=367269&runs=367270&runs=367271&runs=367312&runs=367314&runs=367315&runs=367334&runs=367336&runs=367337&runs=367355&runs=367406&runs=367413&runs=367415&runs=367416&runs=367475&runs=367477&runs=367515&runs=367516&runs=367552&runs=367553&runs=367554&runs=367615&runs=367618&runs=367619&runs=367661&runs=367662&runs=367663&runs=367665&runs=367666&runs=367691&runs=367696&runs=367699&runs=367730&runs=367742&runs=367758&runs=367770&runs=367771&runs=367772&runs=367790&runs=367831&runs=367836&runs=367838&runs=367840&runs=367881&runs=367883&runs=367884&runs=367902&runs=367904&runs=367905&runs=367906&runs=367907&runs=367908&runs=367910&runs=368223&runs=368224&runs=368229&runs=368318&runs=368320&runs=368321&runs=368332&runs=368333&runs=368343&runs=368382&runs=368384&runs=368388&runs=368389&runs=368400&runs=368410&runs=368412&runs=368423&runs=368451&runs=368453&runs=368454&runs=368489&runs=368546&runs=368547&runs=368548&runs=368566&runs=368567&runs=368609&runs=368611&runs=368613&runs=368636&runs=368669&runs=368670&runs=368672&runs=368674&runs=368675&runs=368676&runs=368678&runs=368684&runs=368685&runs=368723&runs=368724&runs=368746&runs=368749&runs=368753&runs=368762&runs=368764&runs=368765&runs=368822&runs=368823&lumis=1%2C564&lumis=45%2C390&lumis=1%2C75&lumis=1%2C64&lumis=1%2C1082&lumis=51%2C338&lumis=1%2C1438&lumis=18%2C350&lumis=1%2C2%2C6%2C6%2C11%2C12%2C14%2C15&lumis=1%2C3&lumis=1%2C2%2C6%2C9%2C13%2C126%2C135%2C167&lumis=1%2C149&lumis=1%2C275&lumis=55%2C280%2C285%2C287%2C292%2C294%2C298%2C304&lumis=1%2C34&lumis=1%2C1&lumis=1%2C22&lumis=1%2C996&lumis=1%2C501&lumis=52%2C69%2C72%2C240&lumis=1%2C42%2C49%2C119%2C123%2C271&lumis=10%2C21&lumis=1%2C847&lumis=45%2C322&lumis=1%2C33&lumis=1%2C961&lumis=1%2C135&lumis=53%2C225%2C227%2C269&lumis=1%2C20&lumis=1%2C893&lumis=26%2C324&lumis=1%2C169&lumis=1%2C1046&lumis=60%2C63&lumis=48%2C476&lumis=68%2C448%2C450%2C467%2C469%2C746%2C748%2C750%2C752%2C898%2C900%2C1340%2C1342%2C1367&lumis=1%2C97&lumis=1%2C55&lumis=56%2C634&lumis=1%2C1289&lumis=44%2C668&lumis=1%2C1236&lumis=49%2C59&lumis=1%2C644&lumis=1%2C312&lumis=53%2C484&lumis=18%2C341&lumis=1%2C300%2C302%2C501%2C503%2C579&lumis=50%2C366&lumis=1%2C18&lumis=1%2C1&lumis=1%2C271&lumis=1%2C11%2C16%2C86&lumis=46%2C204&lumis=1%2C856%2C858%2C1920&lumis=1%2C151&lumis=48%2C562&lumis=39%2C443&lumis=52%2C767&lumis=47%2C198&lumis=1%2C91&lumis=1%2C6&lumis=1%2C160&lumis=53%2C504&lumis=48%2C588&lumis=1%2C793&lumis=1%2C570&lumis=14%2C152&lumis=1%2C1050&lumis=1%2C1011&lumis=42%2C273&lumis=1%2C103&lumis=1%2C48&lumis=1%2C344&lumis=1%2C119&lumis=1%2C358&lumis=1%2C593&lumis=45%2C437%2C445%2C487&lumis=1%2C57&lumis=52%2C569&lumis=37%2C319&lumis=1%2C285&lumis=1%2C337&lumis=1%2C14&lumis=1%2C25&lumis=1%2C328&lumis=37%2C792&lumis=1%2C44&lumis=39%2C444%2C448%2C1431%2C1434%2C1472&lumis=1%2C198&lumis=40%2C271&lumis=49%2C1501&lumis=1%2C92&lumis=42%2C159%2C161%2C516&lumis=1%2C144&lumis=1%2C5&lumis=1%2C68%2C72%2C1168&lumis=47%2C791%2C793%2C827%2C829%2C863%2C865%2C899%2C901%2C935%2C937%2C971%2C973%2C1007%2C1009%2C1043%2C1045%2C1079%2C1081%2C1280%2C1282%2C1380%2C1382%2C1581%2C1583%2C1595&lumis=1%2C659&lumis=1%2C194%2C197%2C702&lumis=1%2C75%2C77%2C86%2C89%2C90%2C93%2C280%2C282%2C1044&lumis=1%2C1195&lumis=1%2C31%2C33%2C411%2C414%2C436&lumis=41%2C1039&lumis=1%2C247%2C249%2C382&lumis=1%2C260&lumis=51%2C819&lumis=42%2C410&lumis=1%2C255%2C306%2C308&lumis=1%2C866&lumis=1%2C12&lumis=1%2C50&lumis=1%2C156&lumis=1%2C171&lumis=40%2C135&lumis=1%2C1481&lumis=63%2C63%2C97%2C188&lumis=1%2C1200&lumis=39%2C77&lumis=1%2C169&lumis=1%2C976&lumis=45%2C238&lumis=1%2C1&lumis=1%2C1386&lumis=45%2C330%2C332%2C908%2C910%2C991&lumis=3%2C35
DEBUG 2024-02-21 22:29:57.635 UTC: 	 Result: {'result': [{'RequestName': '240221_222957:mbuonsan_crab_SkimB4Mu_2023eraC-v3_stream0_Mini'}]}
INFO 2024-02-21 22:29:57.636 UTC: 	 Success: Your task has been delivered to the prod CRAB3 server.
INFO 2024-02-21 22:29:57.636 UTC: 	 Task name: 240221_222957:mbuonsan_crab_SkimB4Mu_2023eraC-v3_stream0_Mini
INFO 2024-02-21 22:29:57.636 UTC: 	 Project dir: crab_projects/crab_SkimB4Mu_2023eraC-v3_stream0_Mini
INFO 2024-02-21 22:29:57.637 UTC: 	 Please use ' crab status -d crab_projects/crab_SkimB4Mu_2023eraC-v3_stream0_Mini ' to check how the submission process proceeds.
DEBUG 2024-02-21 22:29:57.637 UTC: 	 About to return
INFO 2024-02-21 22:29:57.641 UTC: 	 Log file is /lustrehome/mbuonsante/B_4mu/CMSSW_13_0_13/src/B4muNtuplizer/CrabSubmission/2023_eraC-v3/crab_projects/crab_SkimB4Mu_2023eraC-v3_stream0_Mini/crab.log
DEBUG 2024-02-22 20:24:08.848 UTC: 	 CRAB Client version: v3.240110
DEBUG 2024-02-22 20:24:08.849 UTC: 	 Running on: Linux ui02.recas.ba.infn.it 3.10.0-1160.80.1.el7.x86_64 #1 SMP Tue Nov 8 15:48:59 UTC 2022 x86_64 x86_64 x86_64 GNU/Linux - CentOS Linux 7 (Core)
DEBUG 2024-02-22 20:24:08.849 UTC: 	 Executing command: 'resubmit'
DEBUG 2024-02-22 20:24:08.851 UTC: 	 Found CRAB cache file /lustrehome/mbuonsante/.crab3
DEBUG 2024-02-22 20:24:08.860 UTC: 	 Checking credentials
DEBUG 2024-02-22 20:24:08.860 UTC: 	 Found proxy file /tmp/x509up_u881331
DEBUG 2024-02-22 20:24:08.860 UTC: 	 Making sure it has proper VOMS extension
DEBUG 2024-02-22 20:24:08.860 UTC: 	 Executing command :
 voms-proxy-info --vo --file /tmp/x509up_u881331
DEBUG 2024-02-22 20:24:10.412 UTC: 	 output : cms

 error: 
 retcode : 0
DEBUG 2024-02-22 20:24:10.412 UTC: 	 Getting proxy life time left
DEBUG 2024-02-22 20:24:10.412 UTC: 	 Executing command :
 voms-proxy-info --actimeleft --timeleft --file /tmp/x509up_u881331
DEBUG 2024-02-22 20:24:11.995 UTC: 	 output : 400566
400565

 error: 
 retcode : 0
DEBUG 2024-02-22 20:24:11.996 UTC: 	 Proxy valid for 111:16:05 hours
DEBUG 2024-02-22 20:24:11.996 UTC: 	 Encoded data for curl request: subresource=delegatedn
DEBUG 2024-02-22 20:24:12.209 UTC: 	 Registering user credentials on myproxy for /DC=ch/DC=cern/OU=computers/CN=crab-(preprod|prod|dev)-tw(01|02|03).cern.ch|/DC=ch/DC=cern/OU=computers/CN=stefanov(m|m2).cern.ch|/DC=ch/DC=cern/OU=computers/CN=dciangot-tw.cern.ch
DEBUG 2024-02-22 20:24:12.209 UTC: 	 Executing command :
 voms-proxy-info --identity --file /tmp/x509up_u881331
DEBUG 2024-02-22 20:24:13.368 UTC: 	 output : /DC=ch/DC=cern/OU=Organic Units/OU=Users/CN=mbuonsan/CN=866052/CN=Marco Buonsante

 error: 
 retcode : 0
DEBUG 2024-02-22 20:24:13.369 UTC: 	 Getting myproxy life time left for db438794163ae221c16ac5cdc1e476b2bc2ff634
DEBUG 2024-02-22 20:24:13.369 UTC: 	 Executing command :
 myproxy-info -s myproxy.cern.ch -l db438794163ae221c16ac5cdc1e476b2bc2ff634
DEBUG 2024-02-22 20:24:13.849 UTC: 	 output : username: db438794163ae221c16ac5cdc1e476b2bc2ff634
owner: /DC=ch/DC=cern/OU=Organic Units/OU=Users/CN=mbuonsan/CN=866052/CN=Marco Buonsante
  renewal policy: /DC=ch/DC=cern/OU=computers/CN=crab-(preprod|prod|dev)-tw(01|02|03).cern.ch|/DC=ch/DC=cern/OU=computers/CN=stefanov(m|m2).cern.ch|/DC=ch/DC=cern/OU=computers/CN=dciangot-tw.cern.ch
  trusted retrieval policy: /DC=ch/DC=cern/OU=computers/CN=crab-(preprod|prod|dev)-tw(01|02|03).cern.ch|/DC=ch/DC=cern/OU=computers/CN=stefanov(m|m2).cern.ch|/DC=ch/DC=cern/OU=computers/CN=dciangot-tw.cern.ch
  timeleft: 471:17:14  (19.6 days)

 error: 
 retcode : 0
DEBUG 2024-02-22 20:24:13.849 UTC: 	 Myproxy is valid: 1696620
DEBUG 2024-02-22 20:24:13.849 UTC: 	 Result of myproxy credential check:
  Credential exists on myproxy: username: db438794163ae221c16ac5cdc1e476b2bc2ff634  - validity: 19 days, 15:17:00
DEBUG 2024-02-22 20:24:13.850 UTC: 	 Encoded data for curl request: subresource=search&workflow=240221_222957%3Ambuonsan_crab_SkimB4Mu_2023eraC-v3_stream0_Mini
DEBUG 2024-02-22 20:24:14.030 UTC: 	 Command use: resubmit
DEBUG 2024-02-22 20:24:14.030 UTC: 	 Options use: ['-d', 'crab_projects/crab_SkimB4Mu_2023eraC-v3_stream0_Mini']
DEBUG 2024-02-22 20:24:14.031 UTC: 	 Encoded data for curl request: subresource=version
DEBUG 2024-02-22 20:24:14.200 UTC: 	 CRABClient version: v3.240110
DEBUG 2024-02-22 20:24:14.200 UTC: 	 Instance is prod
DEBUG 2024-02-22 20:24:14.200 UTC: 	 Server base url is cmsweb.cern.ch
DEBUG 2024-02-22 20:24:14.200 UTC: 	 Command api workflow
DEBUG 2024-02-22 20:24:14.214 UTC: 	 CRAB Client version: v3.240110
DEBUG 2024-02-22 20:24:14.214 UTC: 	 Running on: Linux ui02.recas.ba.infn.it 3.10.0-1160.80.1.el7.x86_64 #1 SMP Tue Nov 8 15:48:59 UTC 2022 x86_64 x86_64 x86_64 GNU/Linux - CentOS Linux 7 (Core)
DEBUG 2024-02-22 20:24:14.214 UTC: 	 Executing command: 'status'
DEBUG 2024-02-22 20:24:14.214 UTC: 	 Found CRAB cache file /lustrehome/mbuonsante/.crab3
DEBUG 2024-02-22 20:24:14.217 UTC: 	 Checking credentials
DEBUG 2024-02-22 20:24:14.217 UTC: 	 Found proxy file /tmp/x509up_u881331
DEBUG 2024-02-22 20:24:14.217 UTC: 	 Making sure it has proper VOMS extension
DEBUG 2024-02-22 20:24:14.217 UTC: 	 Executing command :
 voms-proxy-info --vo --file /tmp/x509up_u881331
DEBUG 2024-02-22 20:24:15.446 UTC: 	 output : cms

 error: 
 retcode : 0
DEBUG 2024-02-22 20:24:15.446 UTC: 	 Getting proxy life time left
DEBUG 2024-02-22 20:24:15.446 UTC: 	 Executing command :
 voms-proxy-info --actimeleft --timeleft --file /tmp/x509up_u881331
DEBUG 2024-02-22 20:24:16.741 UTC: 	 output : 400561
400560

 error: 
 retcode : 0
DEBUG 2024-02-22 20:24:16.741 UTC: 	 Proxy valid for 111:16:00 hours
DEBUG 2024-02-22 20:24:16.742 UTC: 	 Encoded data for curl request: subresource=delegatedn
DEBUG 2024-02-22 20:24:16.950 UTC: 	 Registering user credentials on myproxy for /DC=ch/DC=cern/OU=computers/CN=crab-(preprod|prod|dev)-tw(01|02|03).cern.ch|/DC=ch/DC=cern/OU=computers/CN=stefanov(m|m2).cern.ch|/DC=ch/DC=cern/OU=computers/CN=dciangot-tw.cern.ch
DEBUG 2024-02-22 20:24:16.950 UTC: 	 Executing command :
 voms-proxy-info --identity --file /tmp/x509up_u881331
DEBUG 2024-02-22 20:24:18.137 UTC: 	 output : /DC=ch/DC=cern/OU=Organic Units/OU=Users/CN=mbuonsan/CN=866052/CN=Marco Buonsante

 error: 
 retcode : 0
DEBUG 2024-02-22 20:24:18.137 UTC: 	 Getting myproxy life time left for db438794163ae221c16ac5cdc1e476b2bc2ff634
DEBUG 2024-02-22 20:24:18.137 UTC: 	 Executing command :
 myproxy-info -s myproxy.cern.ch -l db438794163ae221c16ac5cdc1e476b2bc2ff634
DEBUG 2024-02-22 20:24:18.465 UTC: 	 output : username: db438794163ae221c16ac5cdc1e476b2bc2ff634
owner: /DC=ch/DC=cern/OU=Organic Units/OU=Users/CN=mbuonsan/CN=866052/CN=Marco Buonsante
  renewal policy: /DC=ch/DC=cern/OU=computers/CN=crab-(preprod|prod|dev)-tw(01|02|03).cern.ch|/DC=ch/DC=cern/OU=computers/CN=stefanov(m|m2).cern.ch|/DC=ch/DC=cern/OU=computers/CN=dciangot-tw.cern.ch
  trusted retrieval policy: /DC=ch/DC=cern/OU=computers/CN=crab-(preprod|prod|dev)-tw(01|02|03).cern.ch|/DC=ch/DC=cern/OU=computers/CN=stefanov(m|m2).cern.ch|/DC=ch/DC=cern/OU=computers/CN=dciangot-tw.cern.ch
  timeleft: 471:17:09  (19.6 days)

 error: 
 retcode : 0
DEBUG 2024-02-22 20:24:18.465 UTC: 	 Myproxy is valid: 1696620
DEBUG 2024-02-22 20:24:18.465 UTC: 	 Result of myproxy credential check:
  Credential exists on myproxy: username: db438794163ae221c16ac5cdc1e476b2bc2ff634  - validity: 19 days, 15:17:00
DEBUG 2024-02-22 20:24:18.465 UTC: 	 Retrieving username ...
DEBUG 2024-02-22 20:24:18.465 UTC: 	 Retrieving username from CRIC...
DEBUG 2024-02-22 20:24:23.855 UTC: 	 username is mbuonsan
INFO 2024-02-22 20:24:25.668 UTC: 	 Rucio client intialized for account mbuonsan
DEBUG 2024-02-22 20:24:25.669 UTC: 	 Command use: status
DEBUG 2024-02-22 20:24:25.669 UTC: 	 Options use: []
DEBUG 2024-02-22 20:24:25.669 UTC: 	 Encoded data for curl request: subresource=version
DEBUG 2024-02-22 20:24:25.878 UTC: 	 CRABClient version: v3.240110
DEBUG 2024-02-22 20:24:25.878 UTC: 	 Instance is prod
DEBUG 2024-02-22 20:24:25.878 UTC: 	 Server base url is cmsweb.cern.ch
DEBUG 2024-02-22 20:24:25.878 UTC: 	 Command api workflow
DEBUG 2024-02-22 20:24:25.879 UTC: 	 Encoded data for curl request: subresource=search&workflow=240221_222957%3Ambuonsan_crab_SkimB4Mu_2023eraC-v3_stream0_Mini
DEBUG 2024-02-22 20:24:26.101 UTC: 	 Got information from server oracle database: {'desc': {'columns': ['tm_taskname', 'tm_activity', 'panda_jobset_id', 'tm_task_status', 'tm_task_command', 'tm_start_time', 'tm_start_injection', 'tm_end_injection', 'tm_task_failure', 'tm_job_sw', 'tm_job_arch', 'tm_input_dataset', 'tm_nonvalid_input_dataset', 'tm_use_parent', 'tm_site_whitelist', 'tm_site_blacklist', 'tm_split_algo', 'tm_split_args', 'tm_user_sandbox', 'tm_cache_url', 'tm_username', 'tm_user_dn', 'tm_user_vo', 'tm_user_role', 'tm_user_group', 'tm_publish_name', 'tm_publish_groupname', 'tm_asyncdest', 'tm_dbs_url', 'tm_publish_dbs_url', 'tm_publication', 'tm_outfiles', 'tm_tfile_outfiles', 'tm_edm_outfiles', 'tm_job_type', 'tm_generator', 'tm_events_per_lumi', 'tm_arguments', 'panda_resubmitted_jobs', 'tm_save_logs', 'tw_name', 'tm_user_infiles', 'tm_maxjobruntime', 'tm_numcores', 'tm_maxmemory', 'tm_priority', 'tm_output_dataset', 'tm_task_warnings', 'tm_user_webdir', 'tm_scriptexe', 'tm_scriptargs', 'tm_extrajdl', 'tm_asourl', 'tm_collector', 'tm_schedd', 'tm_dry_run', 'tm_user_files', 'tm_transfer_outputs', 'tm_output_lfn', 'tm_ignore_locality', 'tm_fail_limit', 'tm_one_event_mode', 'tm_secondary_input_dataset', 'tm_primary_dataset', 'tm_last_publication', 'tm_debug_files', 'clusterid', 'tm_asodb', 'tm_ignore_global_blacklist', 'tm_submitter_ip_addr', 'tm_totalunits', 'tm_ddm_reqid', 'tm_user_config', 'tm_transfer_container', 'tm_transfer_rule', 'tm_publish_rule', 'tm_multipub_rule']}, 'result': ['240221_222957:mbuonsan_crab_SkimB4Mu_2023eraC-v3_stream0_Mini', 'None', 'None', 'SUBMITTED', 'SUBMIT', '2024-02-21 22:29:57.613747', 'None', '2024-02-21 22:31:12.277624', 'None', 'CMSSW_13_0_13', 'slc7_amd64_gcc11', '/ParkingDoubleMuonLowMass0/Run2023C-22Sep2023_v3-v1/MINIAOD', 'T', '0', '[]', '[]', 'LumiBased', "{'halt_job_on_file_boundaries': False, 'splitOnRun': False, 'lumis_per_job': 50, 'runs': ['367095', '367100', '367102', '367103', '367104', '367111', '367112', '367127', '367128', '367129', '367130', '367131', '367133', '367228', '367229', '367230', '367231', '367232', '367234', '367260', '367262', '367263', '367264', '367267', '367269', '367270', '367271', '367312', '367314', '367315', '367334', '367336', '367337', '367355', '367406', '367413', '367415', '367416', '367475', '367477', '367515', '367516', '367552', '367553', '367554', '367615', '367618', '367619', '367661', '367662', '367663', '367665', '367666', '367691', '367696', '367699', '367730', '367742', '367758', '367770', '367771', '367772', '367790', '367831', '367836', '367838', '367840', '367881', '367883', '367884', '367902', '367904', '367905', '367906', '367907', '367908', '367910', '368223', '368224', '368229', '368318', '368320', '368321', '368332', '368333', '368343', '368382', '368384', '368388', '368389', '368400', '368410', '368412', '368423', '368451', '368453', '368454', '368489', '368546', '368547', '368548', '368566', '368567', '368609', '368611', '368613', '368636', '368669', '368670', '368672', '368674', '368675', '368676', '368678', '368684', '368685', '368723', '368724', '368746', '368749', '368753', '368762', '368764', '368765', '368822', '368823'], 'lumis': ['1,564', '45,390', '1,75', '1,64', '1,1082', '51,338', '1,1438', '18,350', '1,2,6,6,11,12,14,15', '1,3', '1,2,6,9,13,126,135,167', '1,149', '1,275', '55,280,285,287,292,294,298,304', '1,34', '1,1', '1,22', '1,996', '1,501', '52,69,72,240', '1,42,49,119,123,271', '10,21', '1,847', '45,322', '1,33', '1,961', '1,135', '53,225,227,269', '1,20', '1,893', '26,324', '1,169', '1,1046', '60,63', '48,476', '68,448,450,467,469,746,748,750,752,898,900,1340,1342,1367', '1,97', '1,55', '56,634', '1,1289', '44,668', '1,1236', '49,59', '1,644', '1,312', '53,484', '18,341', '1,300,302,501,503,579', '50,366', '1,18', '1,1', '1,271', '1,11,16,86', '46,204', '1,856,858,1920', '1,151', '48,562', '39,443', '52,767', '47,198', '1,91', '1,6', '1,160', '53,504', '48,588', '1,793', '1,570', '14,152', '1,1050', '1,1011', '42,273', '1,103', '1,48', '1,344', '1,119', '1,358', '1,593', '45,437,445,487', '1,57', '52,569', '37,319', '1,285', '1,337', '1,14', '1,25', '1,328', '37,792', '1,44', '39,444,448,1431,1434,1472', '1,198', '40,271', '49,1501', '1,92', '42,159,161,516', '1,144', '1,5', '1,68,72,1168', '47,791,793,827,829,863,865,899,901,935,937,971,973,1007,1009,1043,1045,1079,1081,1280,1282,1380,1382,1581,1583,1595', '1,659', '1,194,197,702', '1,75,77,86,89,90,93,280,282,1044', '1,1195', '1,31,33,411,414,436', '41,1039', '1,247,249,382', '1,260', '51,819', '42,410', '1,255,306,308', '1,866', '1,12', '1,50', '1,156', '1,171', '40,135', '1,1481', '63,63,97,188', '1,1200', '39,77', '1,169', '1,976', '45,238', '1,1', '1,1386', '45,330,332,908,910,991', '3,35']}", 'c21f585968b676319b78458a8dfff0d78967d784c1d5d78343c5cdc38d3be0e5.tar.gz', 'https://cmsweb.cern.ch/S3/crabcache_prod', 'mbuonsan', '/DC=ch/DC=cern/OU=Organic Units/OU=Users/CN=mbuonsan/CN=866052/CN=Marco Buonsante', 'cms', 'None', 'None', 'SkimB4Mu_2023eraC-v3_stream0_Mini-00000000000000000000000000000000', 'F', 'T2_IT_Bari', 'https://cmsweb.cern.ch/dbs/prod/global/DBSReader', 'https://cmsweb.cern.ch/dbs/prod/phys03/DBSWriter', 'T', '[]', "['TreeData.root']", '[]', 'Analysis', 'pythia', 'None', '{}', 'None', 'F', 'crab-prod-tw01', '[]', '1250', '1', '2000', '10', "['/FakeDataset/fakefile-FakePublish-2d3575243cb8d8cf8b21f8f0465c8ee2/USER']", '[]', 'http://vocms0196.cern.ch/mon/mbuonsan/240221_222957:mbuonsan_crab_SkimB4Mu_2023eraC-v3_stream0_Mini', 'None', '[]', '[]', 'None', 'cmsgwms-collector-global.cern.ch:9620,cmsgwms-collector-global.fnal.gov:9620', 'crab3@vocms0196.cern.ch', 'F', '[]', 'T', '/store/user/mbuonsan/', 'F', 'None', 'F', 'None', 'ParkingDoubleMuonLowMass0', 'None', 'b3c0fe6114386a51398aa4e9d5a4d0eae3529ec7f5d502eff0ed3e253d561d69.tar.gz', '99810636', 'None', 'T', '188.184.73.32', '0.0', 'None', '{"partialdataset": false, "requireaccelerator": false, "acceleratorparams": null, "inputblocks": null}', 'None', 'None', 'None', 'None']}
INFO 2024-02-22 20:24:26.101 UTC: 	 CRAB project directory:		/lustrehome/mbuonsante/B_4mu/CMSSW_13_0_13/src/B4muNtuplizer/CrabSubmission/2023_eraC-v3/crab_projects/crab_SkimB4Mu_2023eraC-v3_stream0_Mini
INFO 2024-02-22 20:24:26.101 UTC: 	 Task name:			240221_222957:mbuonsan_crab_SkimB4Mu_2023eraC-v3_stream0_Mini
INFO 2024-02-22 20:24:26.101 UTC: 	 Grid scheduler - Task Worker:	crab3@vocms0196.cern.ch - crab-prod-tw01
INFO 2024-02-22 20:24:26.101 UTC: 	 Status on the CRAB server:	SUBMITTED
INFO 2024-02-22 20:24:26.101 UTC: 	 Task URL to use for HELP:	https://cmsweb.cern.ch/crabserver/ui/task/240221_222957%3Ambuonsan_crab_SkimB4Mu_2023eraC-v3_stream0_Mini
INFO 2024-02-22 20:24:26.117 UTC: 	 Dashboard monitoring URL:	https://monit-grafana.cern.ch/d/cmsTMDetail/cms-task-monitoring-task-view?orgId=11&var-user=mbuonsan&var-task=240221_222957%3Ambuonsan_crab_SkimB4Mu_2023eraC-v3_stream0_Mini&from=1708550997000&to=now
DEBUG 2024-02-22 20:24:26.117 UTC: 	 The CRAB server submitted your task to the Grid scheduler (cluster ID: 99810636)
DEBUG 2024-02-22 20:24:26.117 UTC: 	 Webdir is located at http://vocms0196.cern.ch/mon/mbuonsan/240221_222957:mbuonsan_crab_SkimB4Mu_2023eraC-v3_stream0_Mini
DEBUG 2024-02-22 20:24:26.117 UTC: 	 Encoded data for curl request: subresource=webdirprx&workflow=240221_222957%3Ambuonsan_crab_SkimB4Mu_2023eraC-v3_stream0_Mini
DEBUG 2024-02-22 20:24:26.291 UTC: 	 Proxied webdir is located at https://cmsweb.cern.ch:8443/scheddmon/0196/mbuonsan/240221_222957:mbuonsan_crab_SkimB4Mu_2023eraC-v3_stream0_Mini
DEBUG 2024-02-22 20:24:26.292 UTC: 	 Retrieving 'status_cache' file from https://cmsweb.cern.ch:8443/scheddmon/0196/mbuonsan/240221_222957:mbuonsan_crab_SkimB4Mu_2023eraC-v3_stream0_Mini/status_cache.pkl
DEBUG 2024-02-22 20:24:26.292 UTC: 	 Will execute:
curl -sS --capath /etc/grid-security/certificates --cert /tmp/x509up_u881331 --key /tmp/x509up_u881331 -o /tmp/crab_status-cache-6bxqjmos.pkl -w %"{http_code}" "https://cmsweb.cern.ch:8443/scheddmon/0196/mbuonsan/240221_222957:mbuonsan_crab_SkimB4Mu_2023eraC-v3_stream0_Mini/status_cache.pkl"
DEBUG 2024-02-22 20:24:26.292 UTC: 	 Executing command :
 curl -sS --capath /etc/grid-security/certificates --cert /tmp/x509up_u881331 --key /tmp/x509up_u881331 -o /tmp/crab_status-cache-6bxqjmos.pkl -w %"{http_code}" "https://cmsweb.cern.ch:8443/scheddmon/0196/mbuonsan/240221_222957:mbuonsan_crab_SkimB4Mu_2023eraC-v3_stream0_Mini/status_cache.pkl"
DEBUG 2024-02-22 20:24:26.520 UTC: 	 output : 200
 error: 
 retcode : 0
DEBUG 2024-02-22 20:24:26.520 UTC: 	 exitcode: 0
stdout: 200
stderr: 
error details: 
DEBUG 2024-02-22 20:24:26.522 UTC: 	 Got information from status cache file: {'3': {'Retries': 0, 'Restarts': 0, 'SiteHistory': ['Unknown', 'T2_UK_London_IC', 'T2_UK_London_IC'], 'ResidentSetSize': [1601832], 'SubmitTimes': [1708554705.0], 'StartTimes': [1708555682.0], 'EndTimes': [1708556689.0], 'TotalUserCpuTimeHistory': [811], 'TotalSysCpuTimeHistory': [27], 'WallDurations': [8.0, 15.052033424377441, 1007.0], 'JobIds': ['99810705.0'], 'State': 'finished', 'RecordedSite': True}, '2': {'Retries': 0, 'Restarts': 0, 'SiteHistory': ['Unknown', 'T2_UK_London_IC', 'T2_UK_London_IC'], 'ResidentSetSize': [1728976], 'SubmitTimes': [1708554712.0], 'StartTimes': [1708555687.0], 'EndTimes': [1708557151.0], 'TotalUserCpuTimeHistory': [1239], 'TotalSysCpuTimeHistory': [53], 'WallDurations': [9.0, 10.052033424377441, 1464.0], 'JobIds': ['99810715.0'], 'State': 'finished', 'RecordedSite': True}, '4': {'Retries': 0, 'Restarts': 0, 'SiteHistory': ['Unknown', 'T2_US_Wisconsin', 'T2_US_Wisconsin'], 'ResidentSetSize': [1730712], 'SubmitTimes': [1708554714.0], 'StartTimes': [1708557840.0], 'EndTimes': [1708559157.0], 'TotalUserCpuTimeHistory': [1072], 'TotalSysCpuTimeHistory': [30], 'WallDurations': [8.0, 273.6825420856476, 1317.0], 'JobIds': ['99810722.0'], 'State': 'finished', 'RecordedSite': True}, '5': {'Retries': 0, 'Restarts': 0, 'SiteHistory': ['Unknown', 'T2_US_Wisconsin', 'T2_US_Wisconsin'], 'ResidentSetSize': [1700436], 'SubmitTimes': [1708554717.0], 'StartTimes': [1708557841.0], 'EndTimes': [1708559634.0], 'TotalUserCpuTimeHistory': [1512], 'TotalSysCpuTimeHistory': [54], 'WallDurations': [9.0, 272.6825420856476, 1793.0], 'JobIds': ['99810725.0'], 'State': 'finished', 'RecordedSite': True}, '6': {'Retries': 1, 'Restarts': 0, 'SiteHistory': ['Unknown', 'T2_US_Wisconsin', 'T2_US_Wisconsin', 'T2_US_Wisconsin', 'T2_US_Wisconsin'], 'ResidentSetSize': [1704648, 1555248], 'SubmitTimes': [1708554722.0, 1708562101.0], 'StartTimes': [1708557781.0, 1708562109.0], 'EndTimes': [1708560230.0, 1708564161.0], 'TotalUserCpuTimeHistory': [2177, 1809], 'TotalSysCpuTimeHistory': [65, 58], 'WallDurations': [8.0, 29.576206922531128, 2449.0, 8.0, 2052.0], 'JobIds': ['99810739.0', '99815285.0'], 'State': 'finished', 'RecordedSite': True}, '11': {'Retries': 0, 'Restarts': 0, 'SiteHistory': ['Unknown', 'T2_US_Wisconsin', 'T2_US_Wisconsin'], 'ResidentSetSize': [1786656], 'SubmitTimes': [1708554723.0], 'StartTimes': [1708557780.0], 'EndTimes': [1708560751.0], 'TotalUserCpuTimeHistory': [2677], 'TotalSysCpuTimeHistory': [67], 'WallDurations': [10.0, 30.576206922531128, 2971.0], 'JobIds': ['99810743.0'], 'State': 'finished', 'RecordedSite': True}, '7': {'Retries': 0, 'Restarts': 0, 'SiteHistory': ['Unknown', 'T2_US_Wisconsin', 'T2_US_Wisconsin'], 'ResidentSetSize': [1823848], 'SubmitTimes': [1708554725.0], 'StartTimes': [1708557779.0], 'EndTimes': [1708561146.0], 'TotalUserCpuTimeHistory': [3008], 'TotalSysCpuTimeHistory': [98], 'WallDurations': [9.0, 31.576206922531128, 3367.0], 'JobIds': ['99810747.0'], 'State': 'finished', 'RecordedSite': True}, '9': {'Retries': 0, 'Restarts': 0, 'SiteHistory': ['Unknown', 'T2_US_Wisconsin', 'T2_US_Wisconsin'], 'ResidentSetSize': [1739876], 'SubmitTimes': [1708554727.0], 'StartTimes': [1708557782.0], 'EndTimes': [1708559927.0], 'TotalUserCpuTimeHistory': [1871], 'TotalSysCpuTimeHistory': [69], 'WallDurations': [9.0, 28.576206922531128, 2145.0], 'JobIds': ['99810754.0'], 'State': 'finished', 'RecordedSite': True}, '8': {'Retries': 0, 'Restarts': 0, 'SiteHistory': ['Unknown', 'T2_US_Wisconsin', 'T2_US_Wisconsin'], 'ResidentSetSize': [1804996], 'SubmitTimes': [1708554728.0], 'StartTimes': [1708557779.0], 'EndTimes': [1708560430.0], 'TotalUserCpuTimeHistory': [2198], 'TotalSysCpuTimeHistory': [90], 'WallDurations': [10.0, 31.576206922531128, 2651.0], 'JobIds': ['99810758.0'], 'State': 'finished', 'RecordedSite': True}, '14': {'Retries': 0, 'Restarts': 0, 'SiteHistory': ['Unknown', 'T2_US_Wisconsin', 'T2_US_Wisconsin'], 'ResidentSetSize': [1588084], 'SubmitTimes': [1708554735.0], 'StartTimes': [1708557780.0], 'EndTimes': [1708559157.0], 'TotalUserCpuTimeHistory': [1190], 'TotalSysCpuTimeHistory': [45], 'WallDurations': [10.0, 30.576206922531128, 1377.0], 'JobIds': ['99810768.0'], 'State': 'finished', 'RecordedSite': True}, '15': {'Retries': 0, 'Restarts': 0, 'SiteHistory': ['Unknown', 'T2_US_Wisconsin', 'T2_US_Wisconsin'], 'ResidentSetSize': [1688220], 'SubmitTimes': [1708554737.0], 'StartTimes': [1708557782.0], 'EndTimes': [1708561248.0], 'TotalUserCpuTimeHistory': [3068], 'TotalSysCpuTimeHistory': [105], 'WallDurations': [8.0, 28.576206922531128, 3466.0], 'JobIds': ['99810774.0'], 'State': 'finished', 'RecordedSite': True}, '20': {'Retries': 0, 'Restarts': 0, 'SiteHistory': ['Unknown', 'T2_US_Wisconsin', 'T2_US_Wisconsin'], 'ResidentSetSize': [1703844], 'SubmitTimes': [1708554738.0], 'StartTimes': [1708557780.0], 'EndTimes': [1708560295.0], 'TotalUserCpuTimeHistory': [2194], 'TotalSysCpuTimeHistory': [59], 'WallDurations': [9.0, 30.576206922531128, 2515.0], 'JobIds': ['99810780.0'], 'State': 'finished', 'RecordedSite': True}, '12': {'Retries': 0, 'Restarts': 0, 'SiteHistory': ['Unknown', 'T2_US_Wisconsin', 'T2_US_Wisconsin'], 'ResidentSetSize': [1801976], 'SubmitTimes': [1708554739.0], 'StartTimes': [1708557780.0], 'EndTimes': [1708560274.0], 'TotalUserCpuTimeHistory': [2131], 'TotalSysCpuTimeHistory': [77], 'WallDurations': [10.0, 30.576206922531128, 2494.0], 'JobIds': ['99810783.0'], 'State': 'finished', 'RecordedSite': True}, '1': {'Retries': 0, 'Restarts': 0, 'SiteHistory': ['Unknown', 'T3_UK_ScotGrid_GLA', 'T3_UK_ScotGrid_GLA'], 'ResidentSetSize': [1322876], 'SubmitTimes': [1708554739.0], 'StartTimes': [1708555683.0], 'EndTimes': [1708556698.0], 'TotalUserCpuTimeHistory': [772], 'TotalSysCpuTimeHistory': [36], 'WallDurations': [8.0, 14.052033424377441, 1015.0], 'JobIds': ['99810785.0'], 'State': 'finished', 'RecordedSite': True}, '10': {'Retries': 0, 'Restarts': 0, 'SiteHistory': ['Unknown', 'T2_US_Wisconsin', 'T2_US_Wisconsin'], 'ResidentSetSize': [1683472], 'SubmitTimes': [1708554740.0], 'StartTimes': [1708557781.0], 'EndTimes': [1708561199.0], 'TotalUserCpuTimeHistory': [2970], 'TotalSysCpuTimeHistory': [82], 'WallDurations': [8.0, 29.576206922531128, 3418.0], 'JobIds': ['99810787.0'], 'State': 'finished', 'RecordedSite': True}, '13': {'Retries': 0, 'Restarts': 0, 'SiteHistory': ['Unknown', 'T2_US_Wisconsin', 'T2_US_Wisconsin'], 'ResidentSetSize': [1818188], 'SubmitTimes': [1708554750.0], 'StartTimes': [1708557781.0], 'EndTimes': [1708560533.0], 'TotalUserCpuTimeHistory': [2354], 'TotalSysCpuTimeHistory': [81], 'WallDurations': [8.0, 29.576206922531128, 2752.0], 'JobIds': ['99810804.0'], 'State': 'finished', 'RecordedSite': True}, '16': {'Retries': 0, 'Restarts': 0, 'SiteHistory': ['Unknown', 'T2_US_Wisconsin', 'T2_US_Wisconsin'], 'ResidentSetSize': [1781632], 'SubmitTimes': [1708554751.0], 'StartTimes': [1708557782.0], 'EndTimes': [1708560637.0], 'TotalUserCpuTimeHistory': [2480], 'TotalSysCpuTimeHistory': [66], 'WallDurations': [8.0, 28.576206922531128, 2855.0], 'JobIds': ['99810806.0'], 'State': 'finished', 'RecordedSite': True}, '17': {'Retries': 0, 'Restarts': 0, 'SiteHistory': ['Unknown', 'T2_US_Wisconsin', 'T2_US_Wisconsin'], 'ResidentSetSize': [1673652], 'SubmitTimes': [1708554753.0], 'StartTimes': [1708557782.0], 'EndTimes': [1708561374.0], 'TotalUserCpuTimeHistory': [3107], 'TotalSysCpuTimeHistory': [83], 'WallDurations': [9.0, 28.576206922531128, 3592.0], 'JobIds': ['99810808.0'], 'State': 'finished', 'RecordedSite': True}, '18': {'Retries': 0, 'Restarts': 0, 'SiteHistory': ['Unknown', 'T2_US_Wisconsin', 'T2_US_Wisconsin'], 'ResidentSetSize': [1797520], 'SubmitTimes': [1708554758.0], 'StartTimes': [1708557782.0], 'EndTimes': [1708560435.0], 'TotalUserCpuTimeHistory': [2305], 'TotalSysCpuTimeHistory': [67], 'WallDurations': [9.0, 28.576206922531128, 2653.0], 'JobIds': ['99810823.0'], 'State': 'finished', 'RecordedSite': True}, '19': {'Retries': 0, 'Restarts': 0, 'SiteHistory': ['Unknown', 'T2_US_Wisconsin', 'T2_US_Wisconsin'], 'ResidentSetSize': [1797880], 'SubmitTimes': [1708554760.0], 'StartTimes': [1708557782.0], 'EndTimes': [1708560472.0], 'TotalUserCpuTimeHistory': [2290], 'TotalSysCpuTimeHistory': [77], 'WallDurations': [9.0, 28.576206922531128, 2690.0], 'JobIds': ['99810828.0'], 'State': 'finished', 'RecordedSite': True}, '22': {'Retries': 0, 'Restarts': 0, 'SiteHistory': ['Unknown', 'T2_US_Wisconsin', 'T2_US_Wisconsin'], 'ResidentSetSize': [1670336], 'SubmitTimes': [1708554761.0], 'StartTimes': [1708557782.0], 'EndTimes': [1708560146.0], 'TotalUserCpuTimeHistory': [2081], 'TotalSysCpuTimeHistory': [64], 'WallDurations': [9.0, 28.576206922531128, 2364.0], 'JobIds': ['99810834.0'], 'State': 'finished', 'RecordedSite': True}, '25': {'Retries': 0, 'Restarts': 0, 'SiteHistory': ['Unknown', 'T2_US_Wisconsin', 'T2_US_Wisconsin'], 'ResidentSetSize': [1493424], 'SubmitTimes': [1708554761.0], 'StartTimes': [1708557782.0], 'EndTimes': [1708558474.0], 'TotalUserCpuTimeHistory': [526], 'TotalSysCpuTimeHistory': [17], 'WallDurations': [8.0, 28.576206922531128, 692.0], 'JobIds': ['99810839.0'], 'State': 'finished', 'RecordedSite': True}, '28': {'Retries': 0, 'Restarts': 0, 'SiteHistory': ['Unknown', 'T2_US_Wisconsin', 'T2_US_Wisconsin'], 'ResidentSetSize': [1804104], 'SubmitTimes': [1708554762.0], 'StartTimes': [1708557782.0], 'EndTimes': [1708560908.0], 'TotalUserCpuTimeHistory': [2732], 'TotalSysCpuTimeHistory': [69], 'WallDurations': [8.0, 28.576206922531128, 3126.0], 'JobIds': ['99810844.0'], 'State': 'finished', 'RecordedSite': True}, '30': {'Retries': 0, 'Restarts': 0, 'SiteHistory': ['Unknown', 'T2_US_Wisconsin', 'T2_US_Wisconsin'], 'ResidentSetSize': [1709260], 'SubmitTimes': [1708554763.0], 'StartTimes': [1708557782.0], 'EndTimes': [1708560853.0], 'TotalUserCpuTimeHistory': [2715], 'TotalSysCpuTimeHistory': [80], 'WallDurations': [9.0, 28.576206922531128, 3071.0], 'JobIds': ['99810849.0'], 'State': 'finished', 'RecordedSite': True}, '24': {'Retries': 0, 'Restarts': 0, 'SiteHistory': ['Unknown', 'T2_US_Wisconsin', 'T2_US_Wisconsin'], 'ResidentSetSize': [1534880], 'SubmitTimes': [1708554766.0], 'StartTimes': [1708557782.0], 'EndTimes': [1708558988.0], 'TotalUserCpuTimeHistory': [973], 'TotalSysCpuTimeHistory': [39], 'WallDurations': [9.0, 28.576206922531128, 1206.0], 'JobIds': ['99810852.0'], 'State': 'finished', 'RecordedSite': True}, '27': {'Retries': 1, 'Restarts': 0, 'SiteHistory': ['Unknown', 'T2_US_Wisconsin', 'T2_US_Wisconsin', 'T2_IT_Bari', 'T2_IT_Bari'], 'ResidentSetSize': [1809340, 1290384], 'SubmitTimes': [1708554773.0, 1708561946.0], 'StartTimes': [1708557782.0, 1708562007.0], 'EndTimes': [1708560073.0, 1708564239.0], 'TotalUserCpuTimeHistory': [1955, 1982], 'TotalSysCpuTimeHistory': [60, 39], 'WallDurations': [9.0, 28.576206922531128, 2291.0, 9.0, 2232.0], 'JobIds': ['99810866.0', '99815277.0'], 'State': 'finished', 'RecordedSite': True}, '29': {'Retries': 0, 'Restarts': 0, 'SiteHistory': ['Unknown', 'T2_US_Wisconsin', 'T2_US_Wisconsin'], 'ResidentSetSize': [1797160], 'SubmitTimes': [1708554774.0], 'StartTimes': [1708557783.0], 'EndTimes': [1708560486.0], 'TotalUserCpuTimeHistory': [2376], 'TotalSysCpuTimeHistory': [71], 'WallDurations': [10.0, 27.576206922531128, 2703.0], 'JobIds': ['99810869.0'], 'State': 'finished', 'RecordedSite': True}, '32': {'Retries': 0, 'Restarts': 0, 'SiteHistory': ['Unknown', 'T2_US_Wisconsin', 'T2_US_Wisconsin'], 'ResidentSetSize': [1490472], 'SubmitTimes': [1708554777.0], 'StartTimes': [1708557781.0], 'EndTimes': [1708558913.0], 'TotalUserCpuTimeHistory': [925], 'TotalSysCpuTimeHistory': [44], 'WallDurations': [8.0, 29.576206922531128, 1132.0], 'JobIds': ['99810871.0'], 'State': 'finished', 'RecordedSite': True}, '34': {'Retries': 0, 'Restarts': 0, 'SiteHistory': ['Unknown', 'T2_US_Wisconsin', 'T2_US_Wisconsin'], 'ResidentSetSize': [1565684], 'SubmitTimes': [1708554778.0], 'StartTimes': [1708557783.0], 'EndTimes': [1708559286.0], 'TotalUserCpuTimeHistory': [1258], 'TotalSysCpuTimeHistory': [48], 'WallDurations': [8.0, 27.576206922531128, 1503.0], 'JobIds': ['99810876.0'], 'State': 'finished', 'RecordedSite': True}, '26': {'Retries': 0, 'Restarts': 0, 'SiteHistory': ['Unknown', 'T2_US_Wisconsin', 'T2_US_Wisconsin'], 'ResidentSetSize': [1692272], 'SubmitTimes': [1708554784.0], 'StartTimes': [1708557781.0], 'EndTimes': [1708560108.0], 'TotalUserCpuTimeHistory': [1982], 'TotalSysCpuTimeHistory': [66], 'WallDurations': [8.0, 29.576206922531128, 2327.0], 'JobIds': ['99810897.0'], 'State': 'finished', 'RecordedSite': True}, '38': {'Retries': 0, 'Restarts': 0, 'SiteHistory': ['Unknown', 'T2_US_Wisconsin', 'T2_US_Wisconsin'], 'ResidentSetSize': [1810452], 'SubmitTimes': [1708554785.0], 'StartTimes': [1708557782.0], 'EndTimes': [1708559625.0], 'TotalUserCpuTimeHistory': [1565], 'TotalSysCpuTimeHistory': [51], 'WallDurations': [8.0, 28.576206922531128, 1843.0], 'JobIds': ['99810900.0'], 'State': 'finished', 'RecordedSite': True}, '35': {'Retries': 0, 'Restarts': 0, 'SiteHistory': ['Unknown', 'T2_US_Wisconsin', 'T2_US_Wisconsin'], 'ResidentSetSize': [1675908], 'SubmitTimes': [1708554785.0], 'StartTimes': [1708557784.0], 'EndTimes': [1708559832.0], 'TotalUserCpuTimeHistory': [1756], 'TotalSysCpuTimeHistory': [72], 'WallDurations': [8.0, 26.576206922531128, 2048.0], 'JobIds': ['99810903.0'], 'State': 'finished', 'RecordedSite': True}, '31': {'Retries': 0, 'Restarts': 0, 'SiteHistory': ['Unknown', 'T2_US_Wisconsin', 'T2_US_Wisconsin'], 'ResidentSetSize': [1811192], 'SubmitTimes': [1708554786.0], 'StartTimes': [1708557781.0], 'EndTimes': [1708559755.0], 'TotalUserCpuTimeHistory': [1627], 'TotalSysCpuTimeHistory': [52], 'WallDurations': [9.0, 29.576206922531128, 1974.0], 'JobIds': ['99810905.0'], 'State': 'finished', 'RecordedSite': True}, '33': {'Retries': 0, 'Restarts': 0, 'SiteHistory': ['Unknown', 'T2_US_Wisconsin', 'T2_US_Wisconsin'], 'ResidentSetSize': [1519248], 'SubmitTimes': [1708554786.0], 'StartTimes': [1708557780.0], 'EndTimes': [1708558395.0], 'TotalUserCpuTimeHistory': [431], 'TotalSysCpuTimeHistory': [22], 'WallDurations': [9.0, 30.576206922531128, 615.0], 'JobIds': ['99810911.0'], 'State': 'finished', 'RecordedSite': True}, '36': {'Retries': 0, 'Restarts': 0, 'SiteHistory': ['Unknown', 'T2_US_Wisconsin', 'T2_US_Wisconsin'], 'ResidentSetSize': [1667152], 'SubmitTimes': [1708554787.0], 'StartTimes': [1708557784.0], 'EndTimes': [1708560433.0], 'TotalUserCpuTimeHistory': [2161], 'TotalSysCpuTimeHistory': [79], 'WallDurations': [8.0, 26.576206922531128, 2649.0], 'JobIds': ['99810914.0'], 'State': 'finished', 'RecordedSite': True}, '37': {'Retries': 0, 'Restarts': 0, 'SiteHistory': ['Unknown', 'T2_US_Wisconsin', 'T2_US_Wisconsin'], 'ResidentSetSize': [1808920], 'SubmitTimes': [1708554788.0], 'StartTimes': [1708557782.0], 'EndTimes': [1708559074.0], 'TotalUserCpuTimeHistory': [1044], 'TotalSysCpuTimeHistory': [29], 'WallDurations': [9.0, 28.576206922531128, 1292.0], 'JobIds': ['99810918.0'], 'State': 'finished', 'RecordedSite': True}, '40': {'Retries': 0, 'Restarts': 0, 'SiteHistory': ['Unknown', 'T2_US_Wisconsin', 'T2_US_Wisconsin'], 'ResidentSetSize': [1684604], 'SubmitTimes': [1708554789.0], 'StartTimes': [1708557784.0], 'EndTimes': [1708560335.0], 'TotalUserCpuTimeHistory': [2210], 'TotalSysCpuTimeHistory': [70], 'WallDurations': [9.0, 26.576206922531128, 2551.0], 'JobIds': ['99810920.0'], 'State': 'finished', 'RecordedSite': True}, '41': {'Retries': 0, 'Restarts': 0, 'SiteHistory': ['Unknown', 'T2_US_Wisconsin', 'T2_US_Wisconsin'], 'ResidentSetSize': [1631352], 'SubmitTimes': [1708554795.0], 'StartTimes': [1708557784.0], 'EndTimes': [1708559344.0], 'TotalUserCpuTimeHistory': [1295], 'TotalSysCpuTimeHistory': [47], 'WallDurations': [9.0, 26.576206922531128, 1560.0], 'JobIds': ['99810945.0'], 'State': 'finished', 'RecordedSite': True}, '21': {'Retries': 0, 'Restarts': 0, 'SiteHistory': ['Unknown', 'T2_US_Wisconsin', 'T2_US_Wisconsin'], 'ResidentSetSize': [1787700], 'SubmitTimes': [1708554852.0], 'StartTimes': [1708557808.0], 'EndTimes': [1708559743.0], 'TotalUserCpuTimeHistory': [1609], 'TotalSysCpuTimeHistory': [55], 'WallDurations': [0, 2.576206922531128, 1935.0], 'JobIds': ['99811337.0'], 'State': 'finished', 'RecordedSite': True}, '23': {'Retries': 0, 'Restarts': 0, 'SiteHistory': ['Unknown', 'T2_US_Wisconsin', 'T2_US_Wisconsin'], 'ResidentSetSize': [1664888], 'SubmitTimes': [1708554852.0], 'StartTimes': [1708557804.0], 'EndTimes': [1708559503.0], 'TotalUserCpuTimeHistory': [1469], 'TotalSysCpuTimeHistory': [42], 'WallDurations': [0, 6.576206922531128, 1699.0], 'JobIds': ['99811325.0'], 'State': 'finished', 'RecordedSite': True}, '39': {'Retries': 0, 'Restarts': 0, 'SiteHistory': ['Unknown', 'T2_US_Wisconsin', 'T2_US_Wisconsin'], 'ResidentSetSize': [1802440], 'SubmitTimes': [1708554852.0], 'StartTimes': [1708557807.0], 'EndTimes': [1708559428.0], 'TotalUserCpuTimeHistory': [1367], 'TotalSysCpuTimeHistory': [29], 'WallDurations': [0, 3.576206922531128, 1621.0], 'JobIds': ['99811331.0'], 'State': 'finished', 'RecordedSite': True}, '42': {'Retries': 0, 'Restarts': 0, 'SiteHistory': ['Unknown', 'T2_US_Wisconsin', 'T2_US_Wisconsin'], 'ResidentSetSize': [1491612], 'SubmitTimes': [1708554796.0], 'StartTimes': [1708557784.0], 'EndTimes': [1708558624.0], 'TotalUserCpuTimeHistory': [665], 'TotalSysCpuTimeHistory': [30], 'WallDurations': [9.0, 26.576206922531128, 840.0], 'JobIds': ['99810952.0'], 'State': 'finished', 'RecordedSite': True}, '43': {'Retries': 0, 'Restarts': 0, 'SiteHistory': ['Unknown', 'T2_US_Wisconsin', 'T2_US_Wisconsin'], 'ResidentSetSize': [1487496], 'SubmitTimes': [1708554797.0], 'StartTimes': [1708557784.0], 'EndTimes': [1708558972.0], 'TotalUserCpuTimeHistory': [962], 'TotalSysCpuTimeHistory': [34], 'WallDurations': [8.0, 26.576206922531128, 1188.0], 'JobIds': ['99810955.0'], 'State': 'finished', 'RecordedSite': True}, '44': {'Retries': 0, 'Restarts': 0, 'SiteHistory': ['Unknown', 'T2_US_Wisconsin', 'T2_US_Wisconsin'], 'ResidentSetSize': [1508584], 'SubmitTimes': [1708554800.0], 'StartTimes': [1708557784.0], 'EndTimes': [1708558612.0], 'TotalUserCpuTimeHistory': [654], 'TotalSysCpuTimeHistory': [30], 'WallDurations': [10.0, 26.576206922531128, 828.0], 'JobIds': ['99810967.0'], 'State': 'finished', 'RecordedSite': True}, '45': {'Retries': 0, 'Restarts': 0, 'SiteHistory': ['Unknown', 'T2_US_Wisconsin', 'T2_US_Wisconsin'], 'ResidentSetSize': [1530304], 'SubmitTimes': [1708554810.0], 'StartTimes': [1708557784.0], 'EndTimes': [1708558805.0], 'TotalUserCpuTimeHistory': [758], 'TotalSysCpuTimeHistory': [33], 'WallDurations': [10.0, 26.576206922531128, 1021.0], 'JobIds': ['99811005.0'], 'State': 'finished', 'RecordedSite': True}, '46': {'Retries': 0, 'Restarts': 0, 'SiteHistory': ['Unknown', 'T2_US_Wisconsin', 'T2_US_Wisconsin'], 'ResidentSetSize': [1696960], 'SubmitTimes': [1708554806.0], 'StartTimes': [1708557784.0], 'EndTimes': [1708560389.0], 'TotalUserCpuTimeHistory': [2314], 'TotalSysCpuTimeHistory': [76], 'WallDurations': [9.0, 26.576206922531128, 2605.0], 'JobIds': ['99810989.0'], 'State': 'finished', 'RecordedSite': True}, '47': {'Retries': 0, 'Restarts': 0, 'SiteHistory': ['Unknown', 'T2_US_Wisconsin', 'T2_US_Wisconsin'], 'ResidentSetSize': [1763780], 'SubmitTimes': [1708554798.0], 'StartTimes': [1708557781.0], 'EndTimes': [1708560451.0], 'TotalUserCpuTimeHistory': [2390], 'TotalSysCpuTimeHistory': [59], 'WallDurations': [8.0, 29.576206922531128, 2670.0], 'JobIds': ['99810958.0'], 'State': 'finished', 'RecordedSite': True}, '48': {'Retries': 0, 'Restarts': 0, 'SiteHistory': ['Unknown', 'T2_US_Wisconsin', 'T2_US_Wisconsin'], 'ResidentSetSize': [1674508], 'SubmitTimes': [1708554799.0], 'StartTimes': [1708557784.0], 'EndTimes': [1708559209.0], 'TotalUserCpuTimeHistory': [1136], 'TotalSysCpuTimeHistory': [46], 'WallDurations': [9.0, 26.576206922531128, 1425.0], 'JobIds': ['99810961.0'], 'State': 'finished', 'RecordedSite': True}, '49': {'Retries': 0, 'Restarts': 0, 'SiteHistory': ['Unknown', 'T2_US_Wisconsin', 'T2_US_Wisconsin'], 'ResidentSetSize': [1478388], 'SubmitTimes': [1708554807.0], 'StartTimes': [1708557784.0], 'EndTimes': [1708557987.0], 'TotalUserCpuTimeHistory': [116], 'TotalSysCpuTimeHistory': [6], 'WallDurations': [9.0, 26.576206922531128, 203.0], 'JobIds': ['99810994.0'], 'State': 'finished', 'RecordedSite': True}, '50': {'Retries': 0, 'Restarts': 0, 'SiteHistory': ['Unknown', 'T2_IT_Rome', 'T2_IT_Rome'], 'ResidentSetSize': [1315252], 'SubmitTimes': [1708554809.0], 'StartTimes': [1708555945.0], 'EndTimes': [1708556486.0], 'TotalUserCpuTimeHistory': [437], 'TotalSysCpuTimeHistory': [10], 'WallDurations': [8.0, 52.34854578971863, 541.0], 'JobIds': ['99811000.0'], 'State': 'finished', 'RecordedSite': True}, '51': {'Retries': 0, 'Restarts': 0, 'SiteHistory': ['Unknown', 'T2_IT_Legnaro', 'T2_IT_Legnaro'], 'ResidentSetSize': [1461240], 'SubmitTimes': [1708554811.0], 'StartTimes': [1708556906.0], 'EndTimes': [1708558347.0], 'TotalUserCpuTimeHistory': [1300], 'TotalSysCpuTimeHistory': [39], 'WallDurations': [9.0, 299.91121077537537, 1441.0], 'JobIds': ['99811007.0'], 'State': 'finished', 'RecordedSite': True}, '52': {'Retries': 0, 'Restarts': 0, 'SiteHistory': ['Unknown', 'T2_IT_Legnaro', 'T2_IT_Legnaro'], 'ResidentSetSize': [1560696], 'SubmitTimes': [1708554799.0], 'StartTimes': [1708556854.0], 'EndTimes': [1708558187.0], 'TotalUserCpuTimeHistory': [1203], 'TotalSysCpuTimeHistory': [32], 'WallDurations': [8.0, 49.474010705947876, 1333.0], 'JobIds': ['99810963.0'], 'State': 'finished', 'RecordedSite': True}, '53': {'Retries': 0, 'Restarts': 0, 'SiteHistory': ['Unknown', 'T2_IT_Legnaro', 'T2_IT_Legnaro'], 'ResidentSetSize': [1546292], 'SubmitTimes': [1708554799.0], 'StartTimes': [1708556874.0], 'EndTimes': [1708558701.0], 'TotalUserCpuTimeHistory': [1581], 'TotalSysCpuTimeHistory': [54], 'WallDurations': [9.0, 29.474010705947876, 1827.0], 'JobIds': ['99810965.0'], 'State': 'finished', 'RecordedSite': True}, '54': {'Retries': 0, 'Restarts': 0, 'SiteHistory': ['Unknown', 'T2_IT_Legnaro', 'T2_IT_Legnaro'], 'ResidentSetSize': [1473712], 'SubmitTimes': [1708554810.0], 'StartTimes': [1708556902.0], 'EndTimes': [1708557916.0], 'TotalUserCpuTimeHistory': [881], 'TotalSysCpuTimeHistory': [28], 'WallDurations': [0, 1.474010705947876, 1014.0], 'JobIds': ['99811002.0'], 'State': 'finished', 'RecordedSite': True}, '55': {'Retries': 0, 'Restarts': 0, 'SiteHistory': ['Unknown', 'T2_IT_Legnaro', 'T2_IT_Legnaro'], 'ResidentSetSize': [1544072], 'SubmitTimes': [1708554817.0], 'StartTimes': [1708556911.0], 'EndTimes': [1708558713.0], 'TotalUserCpuTimeHistory': [1629], 'TotalSysCpuTimeHistory': [37], 'WallDurations': [8.0, 294.91121077537537, 1802.0], 'JobIds': ['99811045.0'], 'State': 'finished', 'RecordedSite': True}, '56': {'Retries': 0, 'Restarts': 0, 'SiteHistory': ['Unknown', 'T2_IT_Legnaro', 'T2_IT_Legnaro'], 'ResidentSetSize': [1410624], 'SubmitTimes': [1708554853.0], 'StartTimes': [1708556935.0], 'EndTimes': [1708558073.0], 'TotalUserCpuTimeHistory': [979], 'TotalSysCpuTimeHistory': [31], 'WallDurations': [8.0, 270.91121077537537, 1138.0], 'JobIds': ['99811349.0'], 'State': 'finished', 'RecordedSite': True}, '57': {'Retries': 0, 'Restarts': 0, 'SiteHistory': ['Unknown', 'T2_IT_Legnaro', 'T2_IT_Legnaro'], 'ResidentSetSize': [1405288], 'SubmitTimes': [1708554817.0], 'StartTimes': [1708556921.0], 'EndTimes': [1708558040.0], 'TotalUserCpuTimeHistory': [1018], 'TotalSysCpuTimeHistory': [28], 'WallDurations': [8.0, 284.91121077537537, 1119.0], 'JobIds': ['99811050.0'], 'State': 'finished', 'RecordedSite': True}, '58': {'Retries': 0, 'Restarts': 0, 'SiteHistory': ['Unknown', 'T2_IT_Legnaro', 'T2_IT_Legnaro'], 'ResidentSetSize': [1473004], 'SubmitTimes': [1708554832.0], 'StartTimes': [1708556927.0], 'EndTimes': [1708557808.0], 'TotalUserCpuTimeHistory': [785], 'TotalSysCpuTimeHistory': [26], 'WallDurations': [9.0, 278.91121077537537, 881.0], 'JobIds': ['99811152.0'], 'State': 'finished', 'RecordedSite': True}, '59': {'Retries': 0, 'Restarts': 0, 'SiteHistory': ['Unknown', 'T2_IT_Legnaro', 'T2_IT_Legnaro'], 'ResidentSetSize': [1458360], 'SubmitTimes': [1708554818.0], 'StartTimes': [1708556923.0], 'EndTimes': [1708558646.0], 'TotalUserCpuTimeHistory': [1548], 'TotalSysCpuTimeHistory': [38], 'WallDurations': [8.0, 282.91121077537537, 1723.0], 'JobIds': ['99811055.0'], 'State': 'finished', 'RecordedSite': True}, '60': {'Retries': 1, 'Restarts': 0, 'SiteHistory': ['Unknown', 'T2_DE_RWTH', 'T2_DE_RWTH', 'T2_US_Wisconsin', 'T2_US_Wisconsin'], 'ResidentSetSize': [1294912, 1500644], 'SubmitTimes': [1708554833.0, 1708559581.0], 'StartTimes': [1708557412.0, 1708559588.0], 'EndTimes': [1708557710.0, 1708560123.0], 'TotalUserCpuTimeHistory': [233, 427], 'TotalSysCpuTimeHistory': [9, 24], 'WallDurations': [8.0, 96.64410400390625, 298.0, 8.0, 535.0], 'JobIds': ['99811155.0', '99814645.0'], 'State': 'finished', 'RecordedSite': True}, '61': {'Retries': 0, 'Restarts': 0, 'SiteHistory': ['Unknown', 'T2_US_Wisconsin', 'T2_US_Wisconsin'], 'ResidentSetSize': [1680596], 'SubmitTimes': [1708554819.0], 'StartTimes': [1708557784.0], 'EndTimes': [1708559376.0], 'TotalUserCpuTimeHistory': [1298], 'TotalSysCpuTimeHistory': [52], 'WallDurations': [9.0, 26.576206922531128, 1592.0], 'JobIds': ['99811062.0'], 'State': 'finished', 'RecordedSite': True}, '62': {'Retries': 0, 'Restarts': 0, 'SiteHistory': ['Unknown', 'T2_US_Wisconsin', 'T2_US_Wisconsin'], 'ResidentSetSize': [1707692], 'SubmitTimes': [1708554828.0], 'StartTimes': [1708557783.0], 'EndTimes': [1708560371.0], 'TotalUserCpuTimeHistory': [2260], 'TotalSysCpuTimeHistory': [88], 'WallDurations': [8.0, 27.576206922531128, 2588.0], 'JobIds': ['99811112.0'], 'State': 'finished', 'RecordedSite': True}, '63': {'Retries': 0, 'Restarts': 0, 'SiteHistory': ['Unknown', 'T2_US_Wisconsin', 'T2_US_Wisconsin'], 'ResidentSetSize': [1795252], 'SubmitTimes': [1708554831.0], 'StartTimes': [1708557787.0], 'EndTimes': [1708560730.0], 'TotalUserCpuTimeHistory': [2617], 'TotalSysCpuTimeHistory': [80], 'WallDurations': [10.0, 23.576206922531128, 2943.0], 'JobIds': ['99811142.0'], 'State': 'finished', 'RecordedSite': True}, '64': {'Retries': 0, 'Restarts': 0, 'SiteHistory': ['Unknown', 'T2_US_Wisconsin', 'T2_US_Wisconsin'], 'ResidentSetSize': [1754448], 'SubmitTimes': [1708554829.0], 'StartTimes': [1708557784.0], 'EndTimes': [1708559850.0], 'TotalUserCpuTimeHistory': [1812], 'TotalSysCpuTimeHistory': [49], 'WallDurations': [8.0, 26.576206922531128, 2066.0], 'JobIds': ['99811117.0'], 'State': 'finished', 'RecordedSite': True}, '65': {'Retries': 0, 'Restarts': 0, 'SiteHistory': ['Unknown', 'T2_US_Wisconsin', 'T2_US_Wisconsin'], 'ResidentSetSize': [1506596], 'SubmitTimes': [1708554820.0], 'StartTimes': [1708557786.0], 'EndTimes': [1708559281.0], 'TotalUserCpuTimeHistory': [1249], 'TotalSysCpuTimeHistory': [42], 'WallDurations': [9.0, 24.576206922531128, 1495.0], 'JobIds': ['99811068.0'], 'State': 'finished', 'RecordedSite': True}, '66': {'Retries': 0, 'Restarts': 0, 'SiteHistory': ['Unknown', 'T2_US_Wisconsin', 'T2_US_Wisconsin'], 'ResidentSetSize': [1499016], 'SubmitTimes': [1708554821.0], 'StartTimes': [1708557786.0], 'EndTimes': [1708558658.0], 'TotalUserCpuTimeHistory': [669], 'TotalSysCpuTimeHistory': [34], 'WallDurations': [10.0, 24.576206922531128, 872.0], 'JobIds': ['99811073.0'], 'State': 'finished', 'RecordedSite': True}, '67': {'Retries': 0, 'Restarts': 0, 'SiteHistory': ['Unknown', 'T2_US_Wisconsin', 'T2_US_Wisconsin'], 'ResidentSetSize': [1491516], 'SubmitTimes': [1708554821.0], 'StartTimes': [1708557784.0], 'EndTimes': [1708558690.0], 'TotalUserCpuTimeHistory': [699], 'TotalSysCpuTimeHistory': [34], 'WallDurations': [10.0, 26.576206922531128, 906.0], 'JobIds': ['99811076.0'], 'State': 'finished', 'RecordedSite': True}, '68': {'Retries': 0, 'Restarts': 0, 'SiteHistory': ['Unknown', 'T2_US_Wisconsin', 'T2_US_Wisconsin'], 'ResidentSetSize': [1714372], 'SubmitTimes': [1708554829.0], 'StartTimes': [1708557784.0], 'EndTimes': [1708558691.0], 'TotalUserCpuTimeHistory': [759], 'TotalSysCpuTimeHistory': [21], 'WallDurations': [8.0, 26.576206922531128, 907.0], 'JobIds': ['99811123.0'], 'State': 'finished', 'RecordedSite': True}, '69': {'Retries': 0, 'Restarts': 0, 'SiteHistory': ['Unknown', 'T2_US_Wisconsin', 'T2_US_Wisconsin'], 'ResidentSetSize': [1584308], 'SubmitTimes': [1708554822.0], 'StartTimes': [1708557784.0], 'EndTimes': [1708559548.0], 'TotalUserCpuTimeHistory': [1464], 'TotalSysCpuTimeHistory': [63], 'WallDurations': [9.0, 26.576206922531128, 1764.0], 'JobIds': ['99811079.0'], 'State': 'finished', 'RecordedSite': True}, '70': {'Retries': 0, 'Restarts': 0, 'SiteHistory': ['Unknown', 'T2_US_Wisconsin', 'T2_US_Wisconsin'], 'ResidentSetSize': [1751924], 'SubmitTimes': [1708554840.0], 'StartTimes': [1708557789.0], 'EndTimes': [1708560345.0], 'TotalUserCpuTimeHistory': [2253], 'TotalSysCpuTimeHistory': [74], 'WallDurations': [8.0, 21.576206922531128, 2556.0], 'JobIds': ['99811185.0'], 'State': 'finished', 'RecordedSite': True}, '71': {'Retries': 0, 'Restarts': 0, 'SiteHistory': ['Unknown', 'T2_US_Wisconsin', 'T2_US_Wisconsin'], 'ResidentSetSize': [1770596], 'SubmitTimes': [1708554832.0], 'StartTimes': [1708557786.0], 'EndTimes': [1708559614.0], 'TotalUserCpuTimeHistory': [1523], 'TotalSysCpuTimeHistory': [61], 'WallDurations': [9.0, 24.576206922531128, 1828.0], 'JobIds': ['99811146.0'], 'State': 'finished', 'RecordedSite': True}, '72': {'Retries': 0, 'Restarts': 0, 'SiteHistory': ['Unknown', 'T2_US_Wisconsin', 'T2_US_Wisconsin'], 'ResidentSetSize': [1782108], 'SubmitTimes': [1708554830.0], 'StartTimes': [1708557784.0], 'EndTimes': [1708558983.0], 'TotalUserCpuTimeHistory': [1001], 'TotalSysCpuTimeHistory': [27], 'WallDurations': [9.0, 26.576206922531128, 1199.0], 'JobIds': ['99811129.0'], 'State': 'finished', 'RecordedSite': True}, '73': {'Retries': 0, 'Restarts': 0, 'SiteHistory': ['Unknown', 'T2_US_Wisconsin', 'T2_US_Wisconsin'], 'ResidentSetSize': [1686252], 'SubmitTimes': [1708554839.0], 'StartTimes': [1708557787.0], 'EndTimes': [1708558759.0], 'TotalUserCpuTimeHistory': [716], 'TotalSysCpuTimeHistory': [26], 'WallDurations': [9.0, 23.576206922531128, 972.0], 'JobIds': ['99811179.0'], 'State': 'finished', 'RecordedSite': True}, '74': {'Retries': 1, 'Restarts': 0, 'SiteHistory': ['Unknown', 'T2_US_Wisconsin', 'T2_US_Wisconsin', 'T2_US_Wisconsin', 'T2_US_Wisconsin'], 'ResidentSetSize': [1811960, 1510464], 'SubmitTimes': [1708554830.0, 1708561841.0], 'StartTimes': [1708557786.0, 1708562031.0], 'EndTimes': [1708559964.0, 1708564803.0], 'TotalUserCpuTimeHistory': [1869, 2516], 'TotalSysCpuTimeHistory': [58, 67], 'WallDurations': [10.0, 24.576206922531128, 2178.0, 8.0, 2772.0], 'JobIds': ['99811135.0', '99815264.0'], 'State': 'finished', 'RecordedSite': True}, '75': {'Retries': 0, 'Restarts': 0, 'SiteHistory': ['Unknown', 'T2_US_Wisconsin', 'T2_US_Wisconsin'], 'ResidentSetSize': [1784300], 'SubmitTimes': [1708554832.0], 'StartTimes': [1708557786.0], 'EndTimes': [1708560719.0], 'TotalUserCpuTimeHistory': [2638], 'TotalSysCpuTimeHistory': [64], 'WallDurations': [10.0, 24.576206922531128, 2933.0], 'JobIds': ['99811149.0'], 'State': 'finished', 'RecordedSite': True}, '76': {'Retries': 0, 'Restarts': 0, 'SiteHistory': ['Unknown', 'T2_US_Wisconsin', 'T2_US_Wisconsin'], 'ResidentSetSize': [1820984], 'SubmitTimes': [1708554852.0], 'StartTimes': [1708557834.0], 'EndTimes': [1708559476.0], 'TotalUserCpuTimeHistory': [1363], 'TotalSysCpuTimeHistory': [45], 'WallDurations': [9.0, 279.6825420856476, 1642.0], 'JobIds': ['99811343.0'], 'State': 'finished', 'RecordedSite': True}, '77': {'Retries': 0, 'Restarts': 0, 'SiteHistory': ['Unknown', 'T2_US_Wisconsin', 'T2_US_Wisconsin'], 'ResidentSetSize': [1780912], 'SubmitTimes': [1708554841.0], 'StartTimes': [1708557788.0], 'EndTimes': [1708560785.0], 'TotalUserCpuTimeHistory': [2699], 'TotalSysCpuTimeHistory': [66], 'WallDurations': [9.0, 22.576206922531128, 2997.0], 'JobIds': ['99811198.0'], 'State': 'finished', 'RecordedSite': True}, '78': {'Retries': 0, 'Restarts': 0, 'SiteHistory': ['Unknown', 'T2_US_Wisconsin', 'T2_US_Wisconsin'], 'ResidentSetSize': [1772896], 'SubmitTimes': [1708554841.0], 'StartTimes': [1708557788.0], 'EndTimes': [1708559219.0], 'TotalUserCpuTimeHistory': [1174], 'TotalSysCpuTimeHistory': [30], 'WallDurations': [9.0, 22.576206922531128, 1431.0], 'JobIds': ['99811210.0'], 'State': 'finished', 'RecordedSite': True}, '79': {'Retries': 0, 'Restarts': 0, 'SiteHistory': ['Unknown', 'T2_US_Wisconsin', 'T2_US_Wisconsin'], 'ResidentSetSize': [1688468], 'SubmitTimes': [1708554840.0], 'StartTimes': [1708557788.0], 'EndTimes': [1708559421.0], 'TotalUserCpuTimeHistory': [1352], 'TotalSysCpuTimeHistory': [47], 'WallDurations': [8.0, 22.576206922531128, 1633.0], 'JobIds': ['99811192.0'], 'State': 'finished', 'RecordedSite': True}, '80': {'Retries': 0, 'Restarts': 0, 'SiteHistory': ['Unknown', 'T2_US_Wisconsin', 'T2_US_Wisconsin'], 'ResidentSetSize': [1807052], 'SubmitTimes': [1708554841.0], 'StartTimes': [1708557789.0], 'EndTimes': [1708559645.0], 'TotalUserCpuTimeHistory': [1614], 'TotalSysCpuTimeHistory': [50], 'WallDurations': [8.0, 21.576206922531128, 1856.0], 'JobIds': ['99811216.0'], 'State': 'finished', 'RecordedSite': True}, '81': {'Retries': 0, 'Restarts': 0, 'SiteHistory': ['Unknown', 'T2_US_Wisconsin', 'T2_US_Wisconsin'], 'ResidentSetSize': [1783908], 'SubmitTimes': [1708554842.0], 'StartTimes': [1708557789.0], 'EndTimes': [1708560650.0], 'TotalUserCpuTimeHistory': [2587], 'TotalSysCpuTimeHistory': [57], 'WallDurations': [9.0, 21.576206922531128, 2861.0], 'JobIds': ['99811222.0'], 'State': 'finished', 'RecordedSite': True}, '82': {'Retries': 0, 'Restarts': 0, 'SiteHistory': ['Unknown', 'T2_US_Wisconsin', 'T2_US_Wisconsin'], 'ResidentSetSize': [1688976], 'SubmitTimes': [1708554842.0], 'StartTimes': [1708557790.0], 'EndTimes': [1708559558.0], 'TotalUserCpuTimeHistory': [1497], 'TotalSysCpuTimeHistory': [50], 'WallDurations': [9.0, 20.576206922531128, 1768.0], 'JobIds': ['99811225.0'], 'State': 'finished', 'RecordedSite': True}, '83': {'Retries': 0, 'Restarts': 0, 'SiteHistory': ['Unknown', 'T2_US_Caltech', 'T2_US_Caltech'], 'ResidentSetSize': [1579516], 'SubmitTimes': [1708554842.0], 'StartTimes': [1708557076.0], 'EndTimes': [1708557324.0], 'TotalUserCpuTimeHistory': [173], 'TotalSysCpuTimeHistory': [7], 'WallDurations': [9.0, 129.91121077537537, 248.0], 'JobIds': ['99811231.0'], 'State': 'finished', 'RecordedSite': True}, '84': {'Retries': 0, 'Restarts': 0, 'SiteHistory': ['Unknown', 'T2_US_Wisconsin', 'T2_US_Wisconsin'], 'ResidentSetSize': [1543824], 'SubmitTimes': [1708554841.0], 'StartTimes': [1708557788.0], 'EndTimes': [1708558340.0], 'TotalUserCpuTimeHistory': [390], 'TotalSysCpuTimeHistory': [21], 'WallDurations': [10.0, 22.576206922531128, 552.0], 'JobIds': ['99811204.0'], 'State': 'finished', 'RecordedSite': True}, '85': {'Retries': 0, 'Restarts': 0, 'SiteHistory': ['Unknown', 'T2_US_Wisconsin', 'T2_US_Wisconsin'], 'ResidentSetSize': [1517636], 'SubmitTimes': [1708554842.0], 'StartTimes': [1708557789.0], 'EndTimes': [1708558728.0], 'TotalUserCpuTimeHistory': [722], 'TotalSysCpuTimeHistory': [35], 'WallDurations': [9.0, 21.576206922531128, 939.0], 'JobIds': ['99811228.0'], 'State': 'finished', 'RecordedSite': True}, '86': {'Retries': 0, 'Restarts': 0, 'SiteHistory': ['Unknown', 'T2_US_Wisconsin', 'T2_US_Wisconsin'], 'ResidentSetSize': [1558416], 'SubmitTimes': [1708554843.0], 'StartTimes': [1708557789.0], 'EndTimes': [1708559165.0], 'TotalUserCpuTimeHistory': [1132], 'TotalSysCpuTimeHistory': [60], 'WallDurations': [8.0, 21.576206922531128, 1376.0], 'JobIds': ['99811234.0'], 'State': 'finished', 'RecordedSite': True}, '87': {'Retries': 0, 'Restarts': 0, 'SiteHistory': ['Unknown', 'T2_US_Wisconsin', 'T2_US_Wisconsin'], 'ResidentSetSize': [1654056], 'SubmitTimes': [1708554843.0], 'StartTimes': [1708557789.0], 'EndTimes': [1708558741.0], 'TotalUserCpuTimeHistory': [738], 'TotalSysCpuTimeHistory': [25], 'WallDurations': [9.0, 21.576206922531128, 952.0], 'JobIds': ['99811237.0'], 'State': 'finished', 'RecordedSite': True}, '88': {'Retries': 0, 'Restarts': 0, 'SiteHistory': ['Unknown', 'T2_US_Wisconsin', 'T2_US_Wisconsin'], 'ResidentSetSize': [1497504], 'SubmitTimes': [1708554843.0], 'StartTimes': [1708557790.0], 'EndTimes': [1708558822.0], 'TotalUserCpuTimeHistory': [821], 'TotalSysCpuTimeHistory': [40], 'WallDurations': [9.0, 20.576206922531128, 1032.0], 'JobIds': ['99811240.0'], 'State': 'finished', 'RecordedSite': True}, '89': {'Retries': 0, 'Restarts': 0, 'SiteHistory': ['Unknown', 'T2_US_Wisconsin', 'T2_US_Wisconsin'], 'ResidentSetSize': [1691888], 'SubmitTimes': [1708554843.0], 'StartTimes': [1708557791.0], 'EndTimes': [1708559415.0], 'TotalUserCpuTimeHistory': [1354], 'TotalSysCpuTimeHistory': [57], 'WallDurations': [8.0, 19.576206922531128, 1624.0], 'JobIds': ['99811242.0'], 'State': 'finished', 'RecordedSite': True}, '90': {'Retries': 0, 'Restarts': 0, 'SiteHistory': ['Unknown', 'T2_US_Wisconsin', 'T2_US_Wisconsin'], 'ResidentSetSize': [1549484], 'SubmitTimes': [1708554844.0], 'StartTimes': [1708557791.0], 'EndTimes': [1708558676.0], 'TotalUserCpuTimeHistory': [669], 'TotalSysCpuTimeHistory': [34], 'WallDurations': [8.0, 19.576206922531128, 885.0], 'JobIds': ['99811245.0'], 'State': 'finished', 'RecordedSite': True}, '91': {'Retries': 0, 'Restarts': 0, 'SiteHistory': ['Unknown', 'T2_US_Wisconsin', 'T2_US_Wisconsin'], 'ResidentSetSize': [1821988], 'SubmitTimes': [1708554850.0], 'StartTimes': [1708557790.0], 'EndTimes': [1708558962.0], 'TotalUserCpuTimeHistory': [963], 'TotalSysCpuTimeHistory': [27], 'WallDurations': [8.0, 20.576206922531128, 1172.0], 'JobIds': ['99811288.0'], 'State': 'finished', 'RecordedSite': True}, '92': {'Retries': 0, 'Restarts': 0, 'SiteHistory': ['Unknown', 'T2_US_Wisconsin', 'T2_US_Wisconsin'], 'ResidentSetSize': [1700340], 'SubmitTimes': [1708554850.0], 'StartTimes': [1708557792.0], 'EndTimes': [1708560025.0], 'TotalUserCpuTimeHistory': [1964], 'TotalSysCpuTimeHistory': [52], 'WallDurations': [9.0, 18.576206922531128, 2233.0], 'JobIds': ['99811294.0'], 'State': 'finished', 'RecordedSite': True}, '93': {'Retries': 0, 'Restarts': 0, 'SiteHistory': ['Unknown', 'T2_US_Wisconsin', 'T2_US_Wisconsin'], 'ResidentSetSize': [1815792], 'SubmitTimes': [1708554851.0], 'StartTimes': [1708557798.0], 'EndTimes': [1708559675.0], 'TotalUserCpuTimeHistory': [1591], 'TotalSysCpuTimeHistory': [50], 'WallDurations': [9.0, 12.576206922531128, 1877.0], 'JobIds': ['99811300.0'], 'State': 'finished', 'RecordedSite': True}, '94': {'Retries': 0, 'Restarts': 0, 'SiteHistory': ['Unknown', 'T2_US_Wisconsin', 'T2_US_Wisconsin'], 'ResidentSetSize': [1800928], 'SubmitTimes': [1708554851.0], 'StartTimes': [1708557799.0], 'EndTimes': [1708559379.0], 'TotalUserCpuTimeHistory': [1278], 'TotalSysCpuTimeHistory': [31], 'WallDurations': [8.0, 11.576206922531128, 1580.0], 'JobIds': ['99811306.0'], 'State': 'finished', 'RecordedSite': True}, '95': {'Retries': 0, 'Restarts': 0, 'SiteHistory': ['Unknown', 'T2_US_Wisconsin', 'T2_US_Wisconsin'], 'ResidentSetSize': [1792396], 'SubmitTimes': [1708554851.0], 'StartTimes': [1708557804.0], 'EndTimes': [1708559379.0], 'TotalUserCpuTimeHistory': [1291], 'TotalSysCpuTimeHistory': [37], 'WallDurations': [0, 6.576206922531128, 1575.0], 'JobIds': ['99811312.0'], 'State': 'finished', 'RecordedSite': True}, '96': {'Retries': 0, 'Restarts': 0, 'SiteHistory': ['Unknown', 'T2_US_Wisconsin', 'T2_US_Wisconsin'], 'ResidentSetSize': [1703436], 'SubmitTimes': [1708554852.0], 'StartTimes': [1708557804.0], 'EndTimes': [1708560315.0], 'TotalUserCpuTimeHistory': [2230], 'TotalSysCpuTimeHistory': [57], 'WallDurations': [0, 6.576206922531128, 2511.0], 'JobIds': ['99811318.0'], 'State': 'finished', 'RecordedSite': True}}
INFO 2024-02-22 20:24:26.522 UTC: 	 Status on the scheduler:	COMPLETED
INFO 2024-02-22 20:24:26.522 UTC: 	 
Jobs status:                    finished     		100.0% (96/96)
DEBUG 2024-02-22 20:24:26.523 UTC: 	 Encoded data for curl request: subresource=publicationstatus&workflow=240221_222957%3Ambuonsan_crab_SkimB4Mu_2023eraC-v3_stream0_Mini&username=mbuonsan
INFO 2024-02-22 20:24:26.995 UTC: 	 
Output dataset:			/FakeDataset/fakefile-FakePublish-2d3575243cb8d8cf8b21f8f0465c8ee2/USER
INFO 2024-02-22 20:24:26.995 UTC: 	 
No publication information available yet
INFO 2024-02-22 20:24:26.999 UTC: 	 
Warning: the max jobs runtime is less than 30% of the task requested value (1250 min), please consider to request a lower value for failed jobs (allowed through crab resubmit) and/or improve the jobs splitting (e.g. config.Data.splitting = 'Automatic') in a new task.
INFO 2024-02-22 20:24:26.999 UTC: 	 
Summary of run jobs:
 * Memory: 1750MB min, 1781MB max, 1611MB ave
 * Runtime: 0:03:23 min, 0:59:52 max, 0:29:51 ave
 * CPU eff: 60% min, 93% max, 88% ave
 * Waste: 3:34:49 (7% of total)

DEBUG 2024-02-22 20:24:26.999 UTC: 	 Requesting resubmission of failed jobs in task 240221_222957:mbuonsan_crab_SkimB4Mu_2023eraC-v3_stream0_Mini
ERROR 2024-02-22 20:24:26.999 UTC: 	 Found no jobs to resubmit. Only jobs in status failed can be resubmitted. Jobs in status finished can also be resubmitted, but only if the jobids are specified and the force option is set.
ERROR 2024-02-22 20:24:26.999 UTC: 	 Caught ClientException exception
Traceback (most recent call last):
  File "/cvmfs/cms.cern.ch/share/cms/crab-prod/v3.240110.01/bin/crab.py", line 152, in <module>
    client()
  File "/cvmfs/cms.cern.ch/share/cms/crab-prod/v3.240110.01/bin/crab.py", line 137, in __call__
    returnDict = self.cmd()
  File "/cvmfs/cms.cern.ch/share/cms/crab-prod/v3.240110.01/lib/CRABClient/Commands/resubmit.py", line 65, in __call__
    self.jobids = self.processJobIds(jobList)
  File "/cvmfs/cms.cern.ch/share/cms/crab-prod/v3.240110.01/lib/CRABClient/Commands/resubmit.py", line 171, in processJobIds
    raise ConfigurationException(msg)
CRABClient.ClientExceptions.ConfigurationException: Found no jobs to resubmit. Only jobs in status failed can be resubmitted. Jobs in status finished can also be resubmitted, but only if the jobids are specified and the force option is set.
