DEBUG 2024-02-21 22:42:20.951 UTC: 	 CRAB Client version: v3.240110
DEBUG 2024-02-21 22:42:20.951 UTC: 	 Running on: Linux ui02.recas.ba.infn.it 3.10.0-1160.80.1.el7.x86_64 #1 SMP Tue Nov 8 15:48:59 UTC 2022 x86_64 x86_64 x86_64 GNU/Linux - CentOS Linux 7 (Core)
DEBUG 2024-02-21 22:42:20.951 UTC: 	 Executing command: 'submit'
DEBUG 2024-02-21 22:42:20.952 UTC: 	 Found CRAB cache file /lustrehome/mbuonsante/.crab3
INFO 2024-02-21 22:42:20.952 UTC: 	 Will use CRAB configuration file CRAB_stream_3.py
DEBUG 2024-02-21 22:42:20.952 UTC: 	 Loading CRAB configuration file.
DEBUG 2024-02-21 22:42:20.959 UTC: 	 Will use CRAB plugin ANALYSIS (i.e. will run an analysis job type).
DEBUG 2024-02-21 22:42:20.966 UTC: 	 Checking credentials
DEBUG 2024-02-21 22:42:20.967 UTC: 	 Found proxy file /tmp/x509up_u881331
DEBUG 2024-02-21 22:42:20.967 UTC: 	 Making sure it has proper VOMS extension
DEBUG 2024-02-21 22:42:20.967 UTC: 	 Executing command :
 voms-proxy-info --vo --file /tmp/x509up_u881331
DEBUG 2024-02-21 22:42:22.875 UTC: 	 output : cms

 error: 
 retcode : 0
DEBUG 2024-02-21 22:42:22.875 UTC: 	 Getting proxy life time left
DEBUG 2024-02-21 22:42:22.875 UTC: 	 Executing command :
 voms-proxy-info --actimeleft --timeleft --file /tmp/x509up_u881331
DEBUG 2024-02-21 22:42:24.714 UTC: 	 output : 478673
478672

 error: 
 retcode : 0
DEBUG 2024-02-21 22:42:24.714 UTC: 	 Proxy valid for 132:57:52 hours
DEBUG 2024-02-21 22:42:24.714 UTC: 	 Encoded data for curl request: subresource=delegatedn
DEBUG 2024-02-21 22:42:24.898 UTC: 	 Registering user credentials on myproxy for /DC=ch/DC=cern/OU=computers/CN=crab-(preprod|prod|dev)-tw(01|02|03).cern.ch|/DC=ch/DC=cern/OU=computers/CN=stefanov(m|m2).cern.ch|/DC=ch/DC=cern/OU=computers/CN=dciangot-tw.cern.ch
DEBUG 2024-02-21 22:42:24.899 UTC: 	 Executing command :
 voms-proxy-info --identity --file /tmp/x509up_u881331
DEBUG 2024-02-21 22:42:26.658 UTC: 	 output : /DC=ch/DC=cern/OU=Organic Units/OU=Users/CN=mbuonsan/CN=866052/CN=Marco Buonsante

 error: 
 retcode : 0
DEBUG 2024-02-21 22:42:26.658 UTC: 	 Getting myproxy life time left for db438794163ae221c16ac5cdc1e476b2bc2ff634
DEBUG 2024-02-21 22:42:26.658 UTC: 	 Executing command :
 myproxy-info -s myproxy.cern.ch -l db438794163ae221c16ac5cdc1e476b2bc2ff634
DEBUG 2024-02-21 22:42:27.018 UTC: 	 output : username: db438794163ae221c16ac5cdc1e476b2bc2ff634
owner: /DC=ch/DC=cern/OU=Organic Units/OU=Users/CN=mbuonsan/CN=866052/CN=Marco Buonsante
  renewal policy: /DC=ch/DC=cern/OU=computers/CN=crab-(preprod|prod|dev)-tw(01|02|03).cern.ch|/DC=ch/DC=cern/OU=computers/CN=stefanov(m|m2).cern.ch|/DC=ch/DC=cern/OU=computers/CN=dciangot-tw.cern.ch
  trusted retrieval policy: /DC=ch/DC=cern/OU=computers/CN=crab-(preprod|prod|dev)-tw(01|02|03).cern.ch|/DC=ch/DC=cern/OU=computers/CN=stefanov(m|m2).cern.ch|/DC=ch/DC=cern/OU=computers/CN=dciangot-tw.cern.ch
  timeleft: 492:59:00  (20.5 days)

 error: 
 retcode : 0
DEBUG 2024-02-21 22:42:27.018 UTC: 	 Myproxy is valid: 1774740
DEBUG 2024-02-21 22:42:27.018 UTC: 	 Result of myproxy credential check:
  Credential exists on myproxy: username: db438794163ae221c16ac5cdc1e476b2bc2ff634  - validity: 20 days, 12:59:00
DEBUG 2024-02-21 22:42:27.018 UTC: 	 Command use: submit
DEBUG 2024-02-21 22:42:27.018 UTC: 	 Options use: ['-c', 'CRAB_stream_3.py']
DEBUG 2024-02-21 22:42:27.018 UTC: 	 Encoded data for curl request: subresource=version
DEBUG 2024-02-21 22:42:27.244 UTC: 	 CRABClient version: v3.240110
DEBUG 2024-02-21 22:42:27.244 UTC: 	 Instance is prod
DEBUG 2024-02-21 22:42:27.244 UTC: 	 Server base url is cmsweb.cern.ch
DEBUG 2024-02-21 22:42:27.244 UTC: 	 Command api workflow
DEBUG 2024-02-21 22:42:27.244 UTC: 	 Started submission
DEBUG 2024-02-21 22:42:27.244 UTC: 	 Working on /lustrehome/mbuonsante/B_4mu/CMSSW_13_0_13/src/B4muNtuplizer/CrabSubmission/2023_eraD-v2/crab_projects/crab_SkimB4Mu_2023eraD-v2_stream3_Mini
DEBUG 2024-02-21 22:42:27.245 UTC: 	 Encoded data for curl request: subresource=backendurls
DEBUG 2024-02-21 22:42:27.528 UTC: 	 Loading required information from the environment
DEBUG 2024-02-21 22:42:27.529 UTC: 	 Found CMSSW_13_0_13 for slc7_amd64_gcc11 with base /lustrehome/mbuonsante/B_4mu/CMSSW_13_0_13
DEBUG 2024-02-21 22:42:27.529 UTC: 	 Loading required information from the environment
DEBUG 2024-02-21 22:42:27.529 UTC: 	 Found CMSSW_13_0_13 for slc7_amd64_gcc11 with base /lustrehome/mbuonsante/B_4mu/CMSSW_13_0_13
DEBUG 2024-02-21 22:42:27.529 UTC: 	 UNIQUE NAME: tarUUID 265dc079-45ee-4bdf-b427-7ef126a13017 
DEBUG 2024-02-21 22:42:27.529 UTC: 	 self.config: from WMCore.Configuration import Configuration
config = Configuration()
config.section_('General')
config.General.transferOutputs = True
config.General.workArea = 'crab_projects'
config.General.requestName = 'SkimB4Mu_2023eraD-v2_stream3_Mini'
config.General.transferLogs = False
config.section_('JobType')
config.JobType.allowUndistributedCMSSW = True
config.JobType.pluginName = 'Analysis'
config.JobType.psetName = '/lustrehome/mbuonsante/B_4mu/CMSSW_13_0_13/src/B4muNtuplizer/CrabSubmission/2023_eraD-v2/PatAndTree_cfg.py'
config.section_('Data')
config.Data.unitsPerJob = 50
config.Data.allowNonValidInputDataset = True
config.Data.lumiMask = 'https://cms-service-dqmdc.web.cern.ch/CAF/certification/Collisions23/Cert_Collisions2023_eraD_369803_370790_Golden.json'
config.Data.outputDatasetTag = 'SkimB4Mu_2023eraD-v2_stream3_Mini'
config.Data.splitting = 'LumiBased'
config.Data.inputDBS = 'global'
config.Data.inputDataset = '/ParkingDoubleMuonLowMass3/Run2023D-22Sep2023_v2-v1/MINIAOD'
config.section_('Site')
config.Site.storageSite = 'T2_IT_Bari'
config.Site.ignoreGlobalBlacklist = True
config.section_('User')
config.section_('Debug')

DEBUG 2024-02-21 22:42:27.529 UTC: 	 self.config.JobType.psetName: /lustrehome/mbuonsante/B_4mu/CMSSW_13_0_13/src/B4muNtuplizer/CrabSubmission/2023_eraD-v2/PatAndTree_cfg.py
INFO 2024-02-21 22:42:27.529 UTC: 	 Importing CMSSW configuration /lustrehome/mbuonsante/B_4mu/CMSSW_13_0_13/src/B4muNtuplizer/CrabSubmission/2023_eraD-v2/PatAndTree_cfg.py
INFO 2024-02-21 22:42:29.707 UTC: 	 Finished importing CMSSW configuration /lustrehome/mbuonsante/B_4mu/CMSSW_13_0_13/src/B4muNtuplizer/CrabSubmission/2023_eraD-v2/PatAndTree_cfg.py
DEBUG 2024-02-21 22:42:29.708 UTC: 	 Writing CMSSW configuration to /lustrehome/mbuonsante/B_4mu/CMSSW_13_0_13/src/B4muNtuplizer/CrabSubmission/2023_eraD-v2/crab_projects/crab_SkimB4Mu_2023eraD-v2_stream3_Mini/inputs/PSet.py
DEBUG 2024-02-21 22:42:29.814 UTC: 	 The following EDM output files will be collected: []
DEBUG 2024-02-21 22:42:29.814 UTC: 	 The following TFile output files will be collected: ['TreeData.root']
DEBUG 2024-02-21 22:42:29.814 UTC: 	 The following user output files (not listed as PoolOuputModule or TFileService in the CMSSW PSet) will be collected: 
DEBUG 2024-02-21 22:42:29.814 UTC: 	 Loading required information from the environment
DEBUG 2024-02-21 22:42:29.814 UTC: 	 Found CMSSW_13_0_13 for slc7_amd64_gcc11 with base /lustrehome/mbuonsante/B_4mu/CMSSW_13_0_13
DEBUG 2024-02-21 22:42:29.814 UTC: 	 Making tarball in /lustrehome/mbuonsante/B_4mu/CMSSW_13_0_13/src/B4muNtuplizer/CrabSubmission/2023_eraD-v2/crab_projects/crab_SkimB4Mu_2023eraD-v2_stream3_Mini/inputs/265dc079-45ee-4bdf-b427-7ef126a13017default.tgz
DEBUG 2024-02-21 22:42:29.814 UTC: 	 Checking directory /lustrehome/mbuonsante/B_4mu/CMSSW_13_0_13/bin
DEBUG 2024-02-21 22:42:29.815 UTC: 	 Adding directory /lustrehome/mbuonsante/B_4mu/CMSSW_13_0_13/bin to tarball
DEBUG 2024-02-21 22:42:29.816 UTC: 	 Checking directory /lustrehome/mbuonsante/B_4mu/CMSSW_13_0_13/python
DEBUG 2024-02-21 22:42:29.816 UTC: 	 Adding directory /lustrehome/mbuonsante/B_4mu/CMSSW_13_0_13/python to tarball
DEBUG 2024-02-21 22:42:29.865 UTC: 	 Checking directory /lustrehome/mbuonsante/B_4mu/CMSSW_13_0_13/cfipython
DEBUG 2024-02-21 22:42:29.866 UTC: 	 Adding directory /lustrehome/mbuonsante/B_4mu/CMSSW_13_0_13/cfipython to tarball
DEBUG 2024-02-21 22:42:29.873 UTC: 	 Checking directory /lustrehome/mbuonsante/B_4mu/CMSSW_13_0_13/lib
DEBUG 2024-02-21 22:42:29.873 UTC: 	 Adding directory /lustrehome/mbuonsante/B_4mu/CMSSW_13_0_13/lib to tarball
DEBUG 2024-02-21 22:42:30.329 UTC: 	 Checking directory /lustrehome/mbuonsante/B_4mu/CMSSW_13_0_13/biglib
DEBUG 2024-02-21 22:42:30.329 UTC: 	 Adding directory /lustrehome/mbuonsante/B_4mu/CMSSW_13_0_13/biglib to tarball
DEBUG 2024-02-21 22:42:30.333 UTC: 	 Checking directory /lustrehome/mbuonsante/B_4mu/CMSSW_13_0_13/module
DEBUG 2024-02-21 22:42:30.333 UTC: 	 Checking directory /lustrehome/mbuonsante/B_4mu/CMSSW_13_0_13/config/SCRAM/hooks
DEBUG 2024-02-21 22:42:30.333 UTC: 	 Adding directory /lustrehome/mbuonsante/B_4mu/CMSSW_13_0_13/config/SCRAM/hooks to tarball
DEBUG 2024-02-21 22:42:30.365 UTC: 	 Adding directory /lustrehome/mbuonsante/B_4mu/CMSSW_13_0_13/src/B4muNtuplizer/SkimTools/python to tarball
DEBUG 2024-02-21 22:42:30.393 UTC: 	 Adding directory /lustrehome/mbuonsante/B_4mu/CMSSW_13_0_13/src/CommonTools/CandAlgos/interface to tarball
DEBUG 2024-02-21 22:42:30.406 UTC: 	 Adding directory /lustrehome/mbuonsante/B_4mu/CMSSW_13_0_13/src/CommonTools/CandAlgos/python to tarball
DEBUG 2024-02-21 22:42:30.610 UTC: 	 Uploading archive /lustrehome/mbuonsante/B_4mu/CMSSW_13_0_13/src/B4muNtuplizer/CrabSubmission/2023_eraD-v2/crab_projects/crab_SkimB4Mu_2023eraD-v2_stream3_Mini/inputs/265dc079-45ee-4bdf-b427-7ef126a13017default.tgz (0.643555.1 MB) to the CRAB cache. Using URI https://cmsweb.cern.ch/S3/crabcache_prod
DEBUG 2024-02-21 22:42:31.179 UTC: 	 Encoded data for curl request: subresource=upload&objecttype=sandbox&tarballname=c21f585968b676319b78458a8dfff0d78967d784c1d5d78343c5cdc38d3be0e5.tar.gz
DEBUG 2024-02-21 22:42:31.396 UTC: 	 sandbox c21f585968b676319b78458a8dfff0d78967d784c1d5d78343c5cdc38d3be0e5.tar.gz is already in the S3 store, will not upload again
DEBUG 2024-02-21 22:42:31.396 UTC: 	 Loading required information from the environment
DEBUG 2024-02-21 22:42:31.397 UTC: 	 Found CMSSW_13_0_13 for slc7_amd64_gcc11 with base /lustrehome/mbuonsante/B_4mu/CMSSW_13_0_13
DEBUG 2024-02-21 22:42:31.397 UTC: 	 Making tarball in /lustrehome/mbuonsante/B_4mu/CMSSW_13_0_13/src/B4muNtuplizer/CrabSubmission/2023_eraD-v2/crab_projects/crab_SkimB4Mu_2023eraD-v2_stream3_Mini/inputs/debugFiles.tgz
DEBUG 2024-02-21 22:42:31.401 UTC: 	 Uploading archive /lustrehome/mbuonsante/B_4mu/CMSSW_13_0_13/src/B4muNtuplizer/CrabSubmission/2023_eraD-v2/crab_projects/crab_SkimB4Mu_2023eraD-v2_stream3_Mini/inputs/debugFiles.tgz (2 KB) to the CRAB cache. Using URI https://cmsweb.cern.ch/S3/crabcache_prod
DEBUG 2024-02-21 22:42:31.404 UTC: 	 Encoded data for curl request: subresource=upload&objecttype=sandbox&tarballname=673044324d7031d398388ddde77a460d36ef9f86b65d40f57232f87cda63debf.tar.gz
DEBUG 2024-02-21 22:42:31.621 UTC: 	 Will execute:
curl -f -v -X POST  -H "User-Agent: CRAB" -F "key=mbuonsan/sandboxes/673044324d7031d398388ddde77a460d36ef9f86b65d40f57232f87cda63debf.tar.gz" -F "AWSAccessKeyId=ab00fcc889f248c495d2875f15a3badb" -F "policy=eyJleHBpcmF0aW9uIjogIjIwMjQtMDItMjFUMjM6NDI6MzFaIiwgImNvbmRpdGlvbnMiOiBbeyJidWNrZXQiOiAiY3JhYmNhY2hlX3Byb2QifSwgeyJrZXkiOiAibWJ1b25zYW4vc2FuZGJveGVzLzY3MzA0NDMyNGQ3MDMxZDM5ODM4OGRkZGU3N2E0NjBkMzZlZjlmODZiNjVkNDBmNTcyMzJmODdjZGE2M2RlYmYudGFyLmd6In1dfQ==" -F "signature=bRfUM0BywP5ZGiqwzpSjkivMIEs=" -F "file=@/lustrehome/mbuonsante/B_4mu/CMSSW_13_0_13/src/B4muNtuplizer/CrabSubmission/2023_eraD-v2/crab_projects/crab_SkimB4Mu_2023eraD-v2_stream3_Mini/inputs/debugFiles.tgz" "https://s3.cern.ch/crabcache_prod"
DEBUG 2024-02-21 22:42:31.847 UTC: 	 exitcode: 0
stdout: b''
DEBUG 2024-02-21 22:42:31.847 UTC: 	 sandbox /lustrehome/mbuonsante/B_4mu/CMSSW_13_0_13/src/B4muNtuplizer/CrabSubmission/2023_eraD-v2/crab_projects/crab_SkimB4Mu_2023eraD-v2_stream3_Mini/inputs/debugFiles.tgz successully uploaded to S3
DEBUG 2024-02-21 22:42:31.847 UTC: 	 Result uploading input files: c21f585968b676319b78458a8dfff0d78967d784c1d5d78343c5cdc38d3be0e5.tar.gz 
DEBUG 2024-02-21 22:42:31.847 UTC: 	 Attaching lumi mask https://cms-service-dqmdc.web.cern.ch/CAF/certification/Collisions23/Cert_Collisions2023_eraD_369803_370790_Golden.json to the request
DEBUG 2024-02-21 22:42:31.847 UTC: 	 Downloading lumi-mask from https://cms-service-dqmdc.web.cern.ch/CAF/certification/Collisions23/Cert_Collisions2023_eraD_369803_370790_Golden.json
WARNING 2024-02-21 22:42:32.038 UTC: 	 Warning: The following output files will not be published, as they are not EDM files: ['TreeData.root']
DEBUG 2024-02-21 22:42:32.038 UTC: 	 submit() - self.configuration from WMCore.Configuration import Configuration
config = Configuration()
config.section_('General')
config.General.transferOutputs = True
config.General.workArea = 'crab_projects'
config.General.requestName = 'SkimB4Mu_2023eraD-v2_stream3_Mini'
config.General.transferLogs = False
config.section_('JobType')
config.JobType.allowUndistributedCMSSW = True
config.JobType.pluginName = 'Analysis'
config.JobType.psetName = '/lustrehome/mbuonsante/B_4mu/CMSSW_13_0_13/src/B4muNtuplizer/CrabSubmission/2023_eraD-v2/PatAndTree_cfg.py'
config.section_('Data')
config.Data.unitsPerJob = 50
config.Data.allowNonValidInputDataset = True
config.Data.lumiMask = 'https://cms-service-dqmdc.web.cern.ch/CAF/certification/Collisions23/Cert_Collisions2023_eraD_369803_370790_Golden.json'
config.Data.outputDatasetTag = 'SkimB4Mu_2023eraD-v2_stream3_Mini'
config.Data.splitting = 'LumiBased'
config.Data.inputDBS = 'global'
config.Data.inputDataset = '/ParkingDoubleMuonLowMass3/Run2023D-22Sep2023_v2-v1/MINIAOD'
config.section_('Site')
config.Site.storageSite = 'T2_IT_Bari'
config.Site.ignoreGlobalBlacklist = True
config.section_('User')
config.section_('Debug')

DEBUG 2024-02-21 22:42:32.039 UTC: 	 submit() - self.configreq {'dryrun': 0, 'workflow': 'crab_SkimB4Mu_2023eraD-v2_stream3_Mini', 'saveoutput': 1, 'savelogsflag': 0, 'inputdata': '/ParkingDoubleMuonLowMass3/Run2023D-22Sep2023_v2-v1/MINIAOD', 'primarydataset': '', 'nonvaliddata': 1, 'userfiles': [], 'dbsurl': 'https://cmsweb.cern.ch/dbs/prod/global/DBSReader', 'useparent': 0, 'ignorelocality': 0, 'splitalgo': 'LumiBased', 'algoargs': 50, 'totalunits': 0, 'publication': 1, 'publishdbsurl': 'https://cmsweb.cern.ch/dbs/prod/phys03/DBSWriter', 'publishname2': 'SkimB4Mu_2023eraD-v2_stream3_Mini', 'jobtype': 'Analysis', 'generator': 'pythia', 'addoutputfiles': [], 'maxjobruntime': 1250, 'numcores': 1, 'maxmemory': 2000, 'priority': 10, 'nonprodsw': 1, 'asyncdest': 'T2_IT_Bari', 'requireaccelerator': 0, 'oneEventMode': 0, 'extrajdl': [], 'ignoreglobalblacklist': 1, 'partialdataset': 0, 'inputblocks': []}
DEBUG 2024-02-21 22:42:32.039 UTC: 	 submit() - jobconfig {'addoutputfiles': [], 'tfileoutfiles': ['TreeData.root'], 'edmoutfiles': [], 'jobarch': 'slc7_amd64_gcc11', 'jobsw': 'CMSSW_13_0_13', 'inputdata': '/ParkingDoubleMuonLowMass3/Run2023D-22Sep2023_v2-v1/MINIAOD', 'cacheurl': 'https://cmsweb.cern.ch/S3/crabcache_prod', 'cachefilename': 'c21f585968b676319b78458a8dfff0d78967d784c1d5d78343c5cdc38d3be0e5.tar.gz', 'debugfilename': '673044324d7031d398388ddde77a460d36ef9f86b65d40f57232f87cda63debf.tar.gz', 'runs': ['369927', '369943', '369956', '369978', '369998', '369999', '370093', '370097', '370102', '370129', '370144', '370169', '370172', '370175', '370293', '370294', '370300', '370304', '370307', '370321', '370332', '370340', '370354', '370357', '370406', '370436', '370460', '370472', '370497', '370522', '370560', '370579', '370580', '370667', '370717', '370725', '370749', '370753', '370772', '370774', '370775', '370776', '370790'], 'lumis': ['37,376', '1,384', '37,1076', '31,812', '1,179', '1,41', '1,450', '1,356', '1,762', '42,123,125,552', '1,715,717,1329', '46,454,456,490,492,526,528,562,564,598,600,935,1002,1014,1016,1019,1021,1033,1035,1449', '1,300', '92,757,759,1785', '39,1618', '1,668', '1,962', '1,327', '1,708', '39,52', '1,144,146,1523,1525,1968', '24,779', '34,311', '1,801', '37,121,123,738,746,869', '1,31', '8,123', '1,32,34,43', '1,115,117,1419,1426,1436', '48,369', '62,90,92,410', '33,113,120,123', '1,2875', '1,28,30,102', '39,157', '44,392,394,456', '49,173,175,483,485,966,968,1541', '1,249', '29,1247', '1,159', '1,168', '1,326', '54,76'], 'jobtype': 'Analysis'}
INFO 2024-02-21 22:42:32.039 UTC: 	 Sending the request to the server at cmsweb.cern.ch
DEBUG 2024-02-21 22:42:32.039 UTC: 	 Submitting {'dryrun': 0, 'workflow': 'crab_SkimB4Mu_2023eraD-v2_stream3_Mini', 'saveoutput': 1, 'savelogsflag': 0, 'inputdata': '/ParkingDoubleMuonLowMass3/Run2023D-22Sep2023_v2-v1/MINIAOD', 'primarydataset': '', 'nonvaliddata': 1, 'userfiles': [], 'dbsurl': 'https://cmsweb.cern.ch/dbs/prod/global/DBSReader', 'useparent': 0, 'ignorelocality': 0, 'splitalgo': 'LumiBased', 'algoargs': 50, 'totalunits': 0, 'publication': 1, 'publishdbsurl': 'https://cmsweb.cern.ch/dbs/prod/phys03/DBSWriter', 'publishname2': 'SkimB4Mu_2023eraD-v2_stream3_Mini', 'jobtype': 'Analysis', 'generator': 'pythia', 'addoutputfiles': [], 'maxjobruntime': 1250, 'numcores': 1, 'maxmemory': 2000, 'priority': 10, 'nonprodsw': 1, 'asyncdest': 'T2_IT_Bari', 'requireaccelerator': 0, 'oneEventMode': 0, 'extrajdl': [], 'ignoreglobalblacklist': 1, 'partialdataset': 0, 'inputblocks': [], 'tfileoutfiles': ['TreeData.root'], 'edmoutfiles': [], 'jobarch': 'slc7_amd64_gcc11', 'jobsw': 'CMSSW_13_0_13', 'cacheurl': 'https://cmsweb.cern.ch/S3/crabcache_prod', 'cachefilename': 'c21f585968b676319b78458a8dfff0d78967d784c1d5d78343c5cdc38d3be0e5.tar.gz', 'debugfilename': '673044324d7031d398388ddde77a460d36ef9f86b65d40f57232f87cda63debf.tar.gz', 'runs': ['369927', '369943', '369956', '369978', '369998', '369999', '370093', '370097', '370102', '370129', '370144', '370169', '370172', '370175', '370293', '370294', '370300', '370304', '370307', '370321', '370332', '370340', '370354', '370357', '370406', '370436', '370460', '370472', '370497', '370522', '370560', '370579', '370580', '370667', '370717', '370725', '370749', '370753', '370772', '370774', '370775', '370776', '370790'], 'lumis': ['37,376', '1,384', '37,1076', '31,812', '1,179', '1,41', '1,450', '1,356', '1,762', '42,123,125,552', '1,715,717,1329', '46,454,456,490,492,526,528,562,564,598,600,935,1002,1014,1016,1019,1021,1033,1035,1449', '1,300', '92,757,759,1785', '39,1618', '1,668', '1,962', '1,327', '1,708', '39,52', '1,144,146,1523,1525,1968', '24,779', '34,311', '1,801', '37,121,123,738,746,869', '1,31', '8,123', '1,32,34,43', '1,115,117,1419,1426,1436', '48,369', '62,90,92,410', '33,113,120,123', '1,2875', '1,28,30,102', '39,157', '44,392,394,456', '49,173,175,483,485,966,968,1541', '1,249', '29,1247', '1,159', '1,168', '1,326', '54,76']} 
DEBUG 2024-02-21 22:42:32.040 UTC: 	 Encoded data for curl request: dryrun=0&workflow=crab_SkimB4Mu_2023eraD-v2_stream3_Mini&saveoutput=1&savelogsflag=0&inputdata=%2FParkingDoubleMuonLowMass3%2FRun2023D-22Sep2023_v2-v1%2FMINIAOD&primarydataset=&nonvaliddata=1&dbsurl=https%3A%2F%2Fcmsweb.cern.ch%2Fdbs%2Fprod%2Fglobal%2FDBSReader&useparent=0&ignorelocality=0&splitalgo=LumiBased&algoargs=50&totalunits=0&publication=1&publishdbsurl=https%3A%2F%2Fcmsweb.cern.ch%2Fdbs%2Fprod%2Fphys03%2FDBSWriter&publishname2=SkimB4Mu_2023eraD-v2_stream3_Mini&jobtype=Analysis&generator=pythia&maxjobruntime=1250&numcores=1&maxmemory=2000&priority=10&nonprodsw=1&asyncdest=T2_IT_Bari&requireaccelerator=0&oneEventMode=0&ignoreglobalblacklist=1&partialdataset=0&jobarch=slc7_amd64_gcc11&jobsw=CMSSW_13_0_13&cacheurl=https%3A%2F%2Fcmsweb.cern.ch%2FS3%2Fcrabcache_prod&cachefilename=c21f585968b676319b78458a8dfff0d78967d784c1d5d78343c5cdc38d3be0e5.tar.gz&debugfilename=673044324d7031d398388ddde77a460d36ef9f86b65d40f57232f87cda63debf.tar.gz&tfileoutfiles=TreeData.root&runs=369927&runs=369943&runs=369956&runs=369978&runs=369998&runs=369999&runs=370093&runs=370097&runs=370102&runs=370129&runs=370144&runs=370169&runs=370172&runs=370175&runs=370293&runs=370294&runs=370300&runs=370304&runs=370307&runs=370321&runs=370332&runs=370340&runs=370354&runs=370357&runs=370406&runs=370436&runs=370460&runs=370472&runs=370497&runs=370522&runs=370560&runs=370579&runs=370580&runs=370667&runs=370717&runs=370725&runs=370749&runs=370753&runs=370772&runs=370774&runs=370775&runs=370776&runs=370790&lumis=37%2C376&lumis=1%2C384&lumis=37%2C1076&lumis=31%2C812&lumis=1%2C179&lumis=1%2C41&lumis=1%2C450&lumis=1%2C356&lumis=1%2C762&lumis=42%2C123%2C125%2C552&lumis=1%2C715%2C717%2C1329&lumis=46%2C454%2C456%2C490%2C492%2C526%2C528%2C562%2C564%2C598%2C600%2C935%2C1002%2C1014%2C1016%2C1019%2C1021%2C1033%2C1035%2C1449&lumis=1%2C300&lumis=92%2C757%2C759%2C1785&lumis=39%2C1618&lumis=1%2C668&lumis=1%2C962&lumis=1%2C327&lumis=1%2C708&lumis=39%2C52&lumis=1%2C144%2C146%2C1523%2C1525%2C1968&lumis=24%2C779&lumis=34%2C311&lumis=1%2C801&lumis=37%2C121%2C123%2C738%2C746%2C869&lumis=1%2C31&lumis=8%2C123&lumis=1%2C32%2C34%2C43&lumis=1%2C115%2C117%2C1419%2C1426%2C1436&lumis=48%2C369&lumis=62%2C90%2C92%2C410&lumis=33%2C113%2C120%2C123&lumis=1%2C2875&lumis=1%2C28%2C30%2C102&lumis=39%2C157&lumis=44%2C392%2C394%2C456&lumis=49%2C173%2C175%2C483%2C485%2C966%2C968%2C1541&lumis=1%2C249&lumis=29%2C1247&lumis=1%2C159&lumis=1%2C168&lumis=1%2C326&lumis=54%2C76
DEBUG 2024-02-21 22:42:32.436 UTC: 	 Result: {'result': [{'RequestName': '240221_224232:mbuonsan_crab_SkimB4Mu_2023eraD-v2_stream3_Mini'}]}
INFO 2024-02-21 22:42:32.438 UTC: 	 Success: Your task has been delivered to the prod CRAB3 server.
INFO 2024-02-21 22:42:32.438 UTC: 	 Task name: 240221_224232:mbuonsan_crab_SkimB4Mu_2023eraD-v2_stream3_Mini
INFO 2024-02-21 22:42:32.438 UTC: 	 Project dir: crab_projects/crab_SkimB4Mu_2023eraD-v2_stream3_Mini
INFO 2024-02-21 22:42:32.438 UTC: 	 Please use ' crab status -d crab_projects/crab_SkimB4Mu_2023eraD-v2_stream3_Mini ' to check how the submission process proceeds.
DEBUG 2024-02-21 22:42:32.438 UTC: 	 About to return
INFO 2024-02-21 22:42:32.442 UTC: 	 Log file is /lustrehome/mbuonsante/B_4mu/CMSSW_13_0_13/src/B4muNtuplizer/CrabSubmission/2023_eraD-v2/crab_projects/crab_SkimB4Mu_2023eraD-v2_stream3_Mini/crab.log
DEBUG 2024-02-22 20:34:53.808 UTC: 	 CRAB Client version: v3.240110
DEBUG 2024-02-22 20:34:53.808 UTC: 	 Running on: Linux ui02.recas.ba.infn.it 3.10.0-1160.80.1.el7.x86_64 #1 SMP Tue Nov 8 15:48:59 UTC 2022 x86_64 x86_64 x86_64 GNU/Linux - CentOS Linux 7 (Core)
DEBUG 2024-02-22 20:34:53.809 UTC: 	 Executing command: 'resubmit'
DEBUG 2024-02-22 20:34:53.809 UTC: 	 Found CRAB cache file /lustrehome/mbuonsante/.crab3
DEBUG 2024-02-22 20:34:53.824 UTC: 	 Checking credentials
DEBUG 2024-02-22 20:34:53.824 UTC: 	 Found proxy file /tmp/x509up_u881331
DEBUG 2024-02-22 20:34:53.824 UTC: 	 Making sure it has proper VOMS extension
DEBUG 2024-02-22 20:34:53.824 UTC: 	 Executing command :
 voms-proxy-info --vo --file /tmp/x509up_u881331
DEBUG 2024-02-22 20:34:54.933 UTC: 	 output : cms

 error: 
 retcode : 0
DEBUG 2024-02-22 20:34:54.933 UTC: 	 Getting proxy life time left
DEBUG 2024-02-22 20:34:54.933 UTC: 	 Executing command :
 voms-proxy-info --actimeleft --timeleft --file /tmp/x509up_u881331
DEBUG 2024-02-22 20:34:56.068 UTC: 	 output : 399921
399920

 error: 
 retcode : 0
DEBUG 2024-02-22 20:34:56.069 UTC: 	 Proxy valid for 111:05:20 hours
DEBUG 2024-02-22 20:34:56.069 UTC: 	 Encoded data for curl request: subresource=delegatedn
DEBUG 2024-02-22 20:34:56.266 UTC: 	 Registering user credentials on myproxy for /DC=ch/DC=cern/OU=computers/CN=crab-(preprod|prod|dev)-tw(01|02|03).cern.ch|/DC=ch/DC=cern/OU=computers/CN=stefanov(m|m2).cern.ch|/DC=ch/DC=cern/OU=computers/CN=dciangot-tw.cern.ch
DEBUG 2024-02-22 20:34:56.266 UTC: 	 Executing command :
 voms-proxy-info --identity --file /tmp/x509up_u881331
DEBUG 2024-02-22 20:34:57.225 UTC: 	 output : /DC=ch/DC=cern/OU=Organic Units/OU=Users/CN=mbuonsan/CN=866052/CN=Marco Buonsante

 error: 
 retcode : 0
DEBUG 2024-02-22 20:34:57.225 UTC: 	 Getting myproxy life time left for db438794163ae221c16ac5cdc1e476b2bc2ff634
DEBUG 2024-02-22 20:34:57.225 UTC: 	 Executing command :
 myproxy-info -s myproxy.cern.ch -l db438794163ae221c16ac5cdc1e476b2bc2ff634
DEBUG 2024-02-22 20:34:57.557 UTC: 	 output : username: db438794163ae221c16ac5cdc1e476b2bc2ff634
owner: /DC=ch/DC=cern/OU=Organic Units/OU=Users/CN=mbuonsan/CN=866052/CN=Marco Buonsante
  renewal policy: /DC=ch/DC=cern/OU=computers/CN=crab-(preprod|prod|dev)-tw(01|02|03).cern.ch|/DC=ch/DC=cern/OU=computers/CN=stefanov(m|m2).cern.ch|/DC=ch/DC=cern/OU=computers/CN=dciangot-tw.cern.ch
  trusted retrieval policy: /DC=ch/DC=cern/OU=computers/CN=crab-(preprod|prod|dev)-tw(01|02|03).cern.ch|/DC=ch/DC=cern/OU=computers/CN=stefanov(m|m2).cern.ch|/DC=ch/DC=cern/OU=computers/CN=dciangot-tw.cern.ch
  timeleft: 471:06:30  (19.6 days)

 error: 
 retcode : 0
DEBUG 2024-02-22 20:34:57.557 UTC: 	 Myproxy is valid: 1695960
DEBUG 2024-02-22 20:34:57.558 UTC: 	 Result of myproxy credential check:
  Credential exists on myproxy: username: db438794163ae221c16ac5cdc1e476b2bc2ff634  - validity: 19 days, 15:06:00
DEBUG 2024-02-22 20:34:57.558 UTC: 	 Encoded data for curl request: subresource=search&workflow=240221_224232%3Ambuonsan_crab_SkimB4Mu_2023eraD-v2_stream3_Mini
DEBUG 2024-02-22 20:34:57.730 UTC: 	 Command use: resubmit
DEBUG 2024-02-22 20:34:57.730 UTC: 	 Options use: ['-d', 'crab_projects/crab_SkimB4Mu_2023eraD-v2_stream3_Mini']
DEBUG 2024-02-22 20:34:57.730 UTC: 	 Encoded data for curl request: subresource=version
DEBUG 2024-02-22 20:34:57.908 UTC: 	 CRABClient version: v3.240110
DEBUG 2024-02-22 20:34:57.908 UTC: 	 Instance is prod
DEBUG 2024-02-22 20:34:57.908 UTC: 	 Server base url is cmsweb.cern.ch
DEBUG 2024-02-22 20:34:57.908 UTC: 	 Command api workflow
DEBUG 2024-02-22 20:34:57.929 UTC: 	 CRAB Client version: v3.240110
DEBUG 2024-02-22 20:34:57.929 UTC: 	 Running on: Linux ui02.recas.ba.infn.it 3.10.0-1160.80.1.el7.x86_64 #1 SMP Tue Nov 8 15:48:59 UTC 2022 x86_64 x86_64 x86_64 GNU/Linux - CentOS Linux 7 (Core)
DEBUG 2024-02-22 20:34:57.929 UTC: 	 Executing command: 'status'
DEBUG 2024-02-22 20:34:57.929 UTC: 	 Found CRAB cache file /lustrehome/mbuonsante/.crab3
DEBUG 2024-02-22 20:34:57.931 UTC: 	 Checking credentials
DEBUG 2024-02-22 20:34:57.931 UTC: 	 Found proxy file /tmp/x509up_u881331
DEBUG 2024-02-22 20:34:57.931 UTC: 	 Making sure it has proper VOMS extension
DEBUG 2024-02-22 20:34:57.931 UTC: 	 Executing command :
 voms-proxy-info --vo --file /tmp/x509up_u881331
DEBUG 2024-02-22 20:34:58.965 UTC: 	 output : cms

 error: 
 retcode : 0
DEBUG 2024-02-22 20:34:58.965 UTC: 	 Getting proxy life time left
DEBUG 2024-02-22 20:34:58.965 UTC: 	 Executing command :
 voms-proxy-info --actimeleft --timeleft --file /tmp/x509up_u881331
DEBUG 2024-02-22 20:35:00.115 UTC: 	 output : 399917
399916

 error: 
 retcode : 0
DEBUG 2024-02-22 20:35:00.115 UTC: 	 Proxy valid for 111:05:16 hours
DEBUG 2024-02-22 20:35:00.115 UTC: 	 Encoded data for curl request: subresource=delegatedn
DEBUG 2024-02-22 20:35:00.283 UTC: 	 Registering user credentials on myproxy for /DC=ch/DC=cern/OU=computers/CN=crab-(preprod|prod|dev)-tw(01|02|03).cern.ch|/DC=ch/DC=cern/OU=computers/CN=stefanov(m|m2).cern.ch|/DC=ch/DC=cern/OU=computers/CN=dciangot-tw.cern.ch
DEBUG 2024-02-22 20:35:00.283 UTC: 	 Executing command :
 voms-proxy-info --identity --file /tmp/x509up_u881331
DEBUG 2024-02-22 20:35:01.392 UTC: 	 output : /DC=ch/DC=cern/OU=Organic Units/OU=Users/CN=mbuonsan/CN=866052/CN=Marco Buonsante

 error: 
 retcode : 0
DEBUG 2024-02-22 20:35:01.393 UTC: 	 Getting myproxy life time left for db438794163ae221c16ac5cdc1e476b2bc2ff634
DEBUG 2024-02-22 20:35:01.393 UTC: 	 Executing command :
 myproxy-info -s myproxy.cern.ch -l db438794163ae221c16ac5cdc1e476b2bc2ff634
DEBUG 2024-02-22 20:35:01.774 UTC: 	 output : username: db438794163ae221c16ac5cdc1e476b2bc2ff634
owner: /DC=ch/DC=cern/OU=Organic Units/OU=Users/CN=mbuonsan/CN=866052/CN=Marco Buonsante
  renewal policy: /DC=ch/DC=cern/OU=computers/CN=crab-(preprod|prod|dev)-tw(01|02|03).cern.ch|/DC=ch/DC=cern/OU=computers/CN=stefanov(m|m2).cern.ch|/DC=ch/DC=cern/OU=computers/CN=dciangot-tw.cern.ch
  trusted retrieval policy: /DC=ch/DC=cern/OU=computers/CN=crab-(preprod|prod|dev)-tw(01|02|03).cern.ch|/DC=ch/DC=cern/OU=computers/CN=stefanov(m|m2).cern.ch|/DC=ch/DC=cern/OU=computers/CN=dciangot-tw.cern.ch
  timeleft: 471:06:26  (19.6 days)

 error: 
 retcode : 0
DEBUG 2024-02-22 20:35:01.774 UTC: 	 Myproxy is valid: 1695960
DEBUG 2024-02-22 20:35:01.775 UTC: 	 Result of myproxy credential check:
  Credential exists on myproxy: username: db438794163ae221c16ac5cdc1e476b2bc2ff634  - validity: 19 days, 15:06:00
DEBUG 2024-02-22 20:35:01.775 UTC: 	 Retrieving username ...
DEBUG 2024-02-22 20:35:01.775 UTC: 	 Retrieving username from CRIC...
DEBUG 2024-02-22 20:35:02.902 UTC: 	 username is mbuonsan
INFO 2024-02-22 20:35:04.331 UTC: 	 Rucio client intialized for account mbuonsan
DEBUG 2024-02-22 20:35:04.332 UTC: 	 Command use: status
DEBUG 2024-02-22 20:35:04.332 UTC: 	 Options use: []
DEBUG 2024-02-22 20:35:04.332 UTC: 	 Encoded data for curl request: subresource=version
DEBUG 2024-02-22 20:35:04.516 UTC: 	 CRABClient version: v3.240110
DEBUG 2024-02-22 20:35:04.516 UTC: 	 Instance is prod
DEBUG 2024-02-22 20:35:04.516 UTC: 	 Server base url is cmsweb.cern.ch
DEBUG 2024-02-22 20:35:04.516 UTC: 	 Command api workflow
DEBUG 2024-02-22 20:35:04.516 UTC: 	 Encoded data for curl request: subresource=search&workflow=240221_224232%3Ambuonsan_crab_SkimB4Mu_2023eraD-v2_stream3_Mini
DEBUG 2024-02-22 20:35:04.720 UTC: 	 Got information from server oracle database: {'desc': {'columns': ['tm_taskname', 'tm_activity', 'panda_jobset_id', 'tm_task_status', 'tm_task_command', 'tm_start_time', 'tm_start_injection', 'tm_end_injection', 'tm_task_failure', 'tm_job_sw', 'tm_job_arch', 'tm_input_dataset', 'tm_nonvalid_input_dataset', 'tm_use_parent', 'tm_site_whitelist', 'tm_site_blacklist', 'tm_split_algo', 'tm_split_args', 'tm_user_sandbox', 'tm_cache_url', 'tm_username', 'tm_user_dn', 'tm_user_vo', 'tm_user_role', 'tm_user_group', 'tm_publish_name', 'tm_publish_groupname', 'tm_asyncdest', 'tm_dbs_url', 'tm_publish_dbs_url', 'tm_publication', 'tm_outfiles', 'tm_tfile_outfiles', 'tm_edm_outfiles', 'tm_job_type', 'tm_generator', 'tm_events_per_lumi', 'tm_arguments', 'panda_resubmitted_jobs', 'tm_save_logs', 'tw_name', 'tm_user_infiles', 'tm_maxjobruntime', 'tm_numcores', 'tm_maxmemory', 'tm_priority', 'tm_output_dataset', 'tm_task_warnings', 'tm_user_webdir', 'tm_scriptexe', 'tm_scriptargs', 'tm_extrajdl', 'tm_asourl', 'tm_collector', 'tm_schedd', 'tm_dry_run', 'tm_user_files', 'tm_transfer_outputs', 'tm_output_lfn', 'tm_ignore_locality', 'tm_fail_limit', 'tm_one_event_mode', 'tm_secondary_input_dataset', 'tm_primary_dataset', 'tm_last_publication', 'tm_debug_files', 'clusterid', 'tm_asodb', 'tm_ignore_global_blacklist', 'tm_submitter_ip_addr', 'tm_totalunits', 'tm_ddm_reqid', 'tm_user_config', 'tm_transfer_container', 'tm_transfer_rule', 'tm_publish_rule', 'tm_multipub_rule']}, 'result': ['240221_224232:mbuonsan_crab_SkimB4Mu_2023eraD-v2_stream3_Mini', 'None', 'None', 'SUBMITTED', 'SUBMIT', '2024-02-21 22:42:32.415813', 'None', '2024-02-21 22:47:23.779292', 'None', 'CMSSW_13_0_13', 'slc7_amd64_gcc11', '/ParkingDoubleMuonLowMass3/Run2023D-22Sep2023_v2-v1/MINIAOD', 'T', '0', '[]', '[]', 'LumiBased', "{'halt_job_on_file_boundaries': False, 'splitOnRun': False, 'lumis_per_job': 50, 'runs': ['369927', '369943', '369956', '369978', '369998', '369999', '370093', '370097', '370102', '370129', '370144', '370169', '370172', '370175', '370293', '370294', '370300', '370304', '370307', '370321', '370332', '370340', '370354', '370357', '370406', '370436', '370460', '370472', '370497', '370522', '370560', '370579', '370580', '370667', '370717', '370725', '370749', '370753', '370772', '370774', '370775', '370776', '370790'], 'lumis': ['37,376', '1,384', '37,1076', '31,812', '1,179', '1,41', '1,450', '1,356', '1,762', '42,123,125,552', '1,715,717,1329', '46,454,456,490,492,526,528,562,564,598,600,935,1002,1014,1016,1019,1021,1033,1035,1449', '1,300', '92,757,759,1785', '39,1618', '1,668', '1,962', '1,327', '1,708', '39,52', '1,144,146,1523,1525,1968', '24,779', '34,311', '1,801', '37,121,123,738,746,869', '1,31', '8,123', '1,32,34,43', '1,115,117,1419,1426,1436', '48,369', '62,90,92,410', '33,113,120,123', '1,2875', '1,28,30,102', '39,157', '44,392,394,456', '49,173,175,483,485,966,968,1541', '1,249', '29,1247', '1,159', '1,168', '1,326', '54,76']}", 'c21f585968b676319b78458a8dfff0d78967d784c1d5d78343c5cdc38d3be0e5.tar.gz', 'https://cmsweb.cern.ch/S3/crabcache_prod', 'mbuonsan', '/DC=ch/DC=cern/OU=Organic Units/OU=Users/CN=mbuonsan/CN=866052/CN=Marco Buonsante', 'cms', 'None', 'None', 'SkimB4Mu_2023eraD-v2_stream3_Mini-00000000000000000000000000000000', 'F', 'T2_IT_Bari', 'https://cmsweb.cern.ch/dbs/prod/global/DBSReader', 'https://cmsweb.cern.ch/dbs/prod/phys03/DBSWriter', 'T', '[]', "['TreeData.root']", '[]', 'Analysis', 'pythia', 'None', '{}', 'None', 'F', 'crab-prod-tw01', '[]', '1250', '1', '2000', '10', "['/FakeDataset/fakefile-FakePublish-cd6b4815e794ce0871b6f7f7898ada46/USER']", "['The CRAB3 server got a non-critical error while checking stageout permissions. Please use checkwrite to check if everything is fine.']", 'http://vocms0195.cern.ch/mon/mbuonsan/240221_224232:mbuonsan_crab_SkimB4Mu_2023eraD-v2_stream3_Mini', 'None', '[]', '[]', 'None', 'cmsgwms-collector-global.cern.ch:9620,cmsgwms-collector-global.fnal.gov:9620', 'crab3@vocms0195.cern.ch', 'F', '[]', 'T', '/store/user/mbuonsan/', 'F', 'None', 'F', 'None', 'ParkingDoubleMuonLowMass3', 'None', '673044324d7031d398388ddde77a460d36ef9f86b65d40f57232f87cda63debf.tar.gz', '99129006', 'None', 'T', '137.138.154.184', '0.0', 'None', '{"partialdataset": false, "requireaccelerator": false, "acceleratorparams": null, "inputblocks": null}', 'None', 'None', 'None', 'None']}
INFO 2024-02-22 20:35:04.720 UTC: 	 CRAB project directory:		/lustrehome/mbuonsante/B_4mu/CMSSW_13_0_13/src/B4muNtuplizer/CrabSubmission/2023_eraD-v2/crab_projects/crab_SkimB4Mu_2023eraD-v2_stream3_Mini
INFO 2024-02-22 20:35:04.720 UTC: 	 Task name:			240221_224232:mbuonsan_crab_SkimB4Mu_2023eraD-v2_stream3_Mini
INFO 2024-02-22 20:35:04.720 UTC: 	 Grid scheduler - Task Worker:	crab3@vocms0195.cern.ch - crab-prod-tw01
INFO 2024-02-22 20:35:04.720 UTC: 	 Status on the CRAB server:	SUBMITTED
INFO 2024-02-22 20:35:04.720 UTC: 	 Task URL to use for HELP:	https://cmsweb.cern.ch/crabserver/ui/task/240221_224232%3Ambuonsan_crab_SkimB4Mu_2023eraD-v2_stream3_Mini
INFO 2024-02-22 20:35:04.730 UTC: 	 Dashboard monitoring URL:	https://monit-grafana.cern.ch/d/cmsTMDetail/cms-task-monitoring-task-view?orgId=11&var-user=mbuonsan&var-task=240221_224232%3Ambuonsan_crab_SkimB4Mu_2023eraD-v2_stream3_Mini&from=1708551752000&to=now
WARNING 2024-02-22 20:35:04.730 UTC: 	 Warning:			The CRAB3 server got a non-critical error while checking stageout permissions. Please use checkwrite to check if everything is fine.
DEBUG 2024-02-22 20:35:04.730 UTC: 	 The CRAB server submitted your task to the Grid scheduler (cluster ID: 99129006)
DEBUG 2024-02-22 20:35:04.730 UTC: 	 Webdir is located at http://vocms0195.cern.ch/mon/mbuonsan/240221_224232:mbuonsan_crab_SkimB4Mu_2023eraD-v2_stream3_Mini
DEBUG 2024-02-22 20:35:04.731 UTC: 	 Encoded data for curl request: subresource=webdirprx&workflow=240221_224232%3Ambuonsan_crab_SkimB4Mu_2023eraD-v2_stream3_Mini
DEBUG 2024-02-22 20:35:04.918 UTC: 	 Proxied webdir is located at https://cmsweb.cern.ch:8443/scheddmon/0195/mbuonsan/240221_224232:mbuonsan_crab_SkimB4Mu_2023eraD-v2_stream3_Mini
DEBUG 2024-02-22 20:35:04.919 UTC: 	 Retrieving 'status_cache' file from https://cmsweb.cern.ch:8443/scheddmon/0195/mbuonsan/240221_224232:mbuonsan_crab_SkimB4Mu_2023eraD-v2_stream3_Mini/status_cache.pkl
DEBUG 2024-02-22 20:35:04.919 UTC: 	 Will execute:
curl -sS --capath /etc/grid-security/certificates --cert /tmp/x509up_u881331 --key /tmp/x509up_u881331 -o /tmp/crab_status-cache-fzuiv1ip.pkl -w %"{http_code}" "https://cmsweb.cern.ch:8443/scheddmon/0195/mbuonsan/240221_224232:mbuonsan_crab_SkimB4Mu_2023eraD-v2_stream3_Mini/status_cache.pkl"
DEBUG 2024-02-22 20:35:04.919 UTC: 	 Executing command :
 curl -sS --capath /etc/grid-security/certificates --cert /tmp/x509up_u881331 --key /tmp/x509up_u881331 -o /tmp/crab_status-cache-fzuiv1ip.pkl -w %"{http_code}" "https://cmsweb.cern.ch:8443/scheddmon/0195/mbuonsan/240221_224232:mbuonsan_crab_SkimB4Mu_2023eraD-v2_stream3_Mini/status_cache.pkl"
DEBUG 2024-02-22 20:35:05.115 UTC: 	 output : 200
 error: 
 retcode : 0
DEBUG 2024-02-22 20:35:05.115 UTC: 	 exitcode: 0
stdout: 200
stderr: 
error details: 
DEBUG 2024-02-22 20:35:05.116 UTC: 	 Got information from status cache file: {'1': {'Retries': 0, 'Restarts': 0, 'SiteHistory': ['Unknown', 'T2_DE_DESY', 'T2_DE_DESY'], 'ResidentSetSize': [1420172], 'SubmitTimes': [1708555654.0], 'StartTimes': [1708558104.0], 'EndTimes': [1708559298.0], 'TotalUserCpuTimeHistory': [1011], 'TotalSysCpuTimeHistory': [52], 'WallDurations': [8.0, 19.16992425918579, 1194.0], 'JobIds': ['99129010.0'], 'State': 'finished', 'RecordedSite': True}, '2': {'Retries': 0, 'Restarts': 0, 'SiteHistory': ['Unknown', 'T2_DE_DESY', 'T2_DE_DESY'], 'ResidentSetSize': [1469188], 'SubmitTimes': [1708555654.0], 'StartTimes': [1708558103.0], 'EndTimes': [1708559524.0], 'TotalUserCpuTimeHistory': [1256], 'TotalSysCpuTimeHistory': [39], 'WallDurations': [9.0, 20.16992425918579, 1421.0], 'JobIds': ['99129011.0'], 'State': 'finished', 'RecordedSite': True}, '3': {'Retries': 0, 'Restarts': 0, 'SiteHistory': ['Unknown', 'T2_DE_DESY', 'T2_DE_DESY'], 'ResidentSetSize': [1460844], 'SubmitTimes': [1708555654.0], 'StartTimes': [1708558112.0], 'EndTimes': [1708559218.0], 'TotalUserCpuTimeHistory': [978], 'TotalSysCpuTimeHistory': [30], 'WallDurations': [9.0, 11.169924259185791, 1106.0], 'JobIds': ['99129012.0'], 'State': 'finished', 'RecordedSite': True}, '4': {'Retries': 0, 'Restarts': 0, 'SiteHistory': ['Unknown', 'T2_DE_DESY', 'T2_DE_DESY'], 'ResidentSetSize': [1290732], 'SubmitTimes': [1708555654.0], 'StartTimes': [1708558113.0], 'EndTimes': [1708560312.0], 'TotalUserCpuTimeHistory': [1986], 'TotalSysCpuTimeHistory': [61], 'WallDurations': [9.0, 10.169924259185791, 2199.0], 'JobIds': ['99129013.0'], 'State': 'finished', 'RecordedSite': True}, '5': {'Retries': 0, 'Restarts': 0, 'SiteHistory': ['Unknown', 'T2_DE_DESY', 'T2_DE_DESY'], 'ResidentSetSize': [1320184], 'SubmitTimes': [1708555654.0], 'StartTimes': [1708558116.0], 'EndTimes': [1708560665.0], 'TotalUserCpuTimeHistory': [2362], 'TotalSysCpuTimeHistory': [62], 'WallDurations': [0, 7.169924259185791, 2549.0], 'JobIds': ['99129014.0'], 'State': 'finished', 'RecordedSite': True}, '6': {'Retries': 0, 'Restarts': 0, 'SiteHistory': ['Unknown', 'T2_DE_DESY', 'T2_DE_DESY'], 'ResidentSetSize': [1318828], 'SubmitTimes': [1708555655.0], 'StartTimes': [1708557870.0], 'EndTimes': [1708560720.0], 'TotalUserCpuTimeHistory': [2461], 'TotalSysCpuTimeHistory': [66], 'WallDurations': [9.0, 253.1699242591858, 2850.0], 'JobIds': ['99129015.0'], 'State': 'finished', 'RecordedSite': True}, '7': {'Retries': 0, 'Restarts': 0, 'SiteHistory': ['Unknown', 'T2_DE_DESY', 'T2_DE_DESY'], 'ResidentSetSize': [1452980], 'SubmitTimes': [1708555655.0], 'StartTimes': [1708557882.0], 'EndTimes': [1708559012.0], 'TotalUserCpuTimeHistory': [935], 'TotalSysCpuTimeHistory': [29], 'WallDurations': [8.0, 241.1699242591858, 1130.0], 'JobIds': ['99129016.0'], 'State': 'finished', 'RecordedSite': True}, '8': {'Retries': 0, 'Restarts': 0, 'SiteHistory': ['Unknown', 'T2_DE_DESY', 'T2_DE_DESY'], 'ResidentSetSize': [1275960], 'SubmitTimes': [1708555655.0], 'StartTimes': [1708557895.0], 'EndTimes': [1708558299.0], 'TotalUserCpuTimeHistory': [340], 'TotalSysCpuTimeHistory': [11], 'WallDurations': [9.0, 228.1699242591858, 404.0], 'JobIds': ['99129017.0'], 'State': 'finished', 'RecordedSite': True}, '14': {'Retries': 0, 'Restarts': 0, 'SiteHistory': ['Unknown', 'T1_ES_PIC', 'T1_ES_PIC'], 'ResidentSetSize': [1582244], 'SubmitTimes': [1708555655.0], 'StartTimes': [1708558000.0], 'EndTimes': [1708561029.0], 'TotalUserCpuTimeHistory': [2473], 'TotalSysCpuTimeHistory': [88], 'WallDurations': [8.0, 123.16992425918579, 3029.0], 'JobIds': ['99129018.0'], 'State': 'finished', 'RecordedSite': True}, '9': {'Retries': 0, 'Restarts': 0, 'SiteHistory': ['Unknown', 'T1_US_FNAL', 'T1_US_FNAL'], 'ResidentSetSize': [1463136], 'SubmitTimes': [1708555655.0], 'StartTimes': [1708558073.0], 'EndTimes': [1708560333.0], 'TotalUserCpuTimeHistory': [1954], 'TotalSysCpuTimeHistory': [75], 'WallDurations': [9.0, 50.16992425918579, 2260.0], 'JobIds': ['99129019.0'], 'State': 'finished', 'RecordedSite': True}, '11': {'Retries': 0, 'Restarts': 0, 'SiteHistory': ['Unknown', 'T1_US_FNAL', 'T1_US_FNAL'], 'ResidentSetSize': [1547432], 'SubmitTimes': [1708555655.0], 'StartTimes': [1708558083.0], 'EndTimes': [1708559658.0], 'TotalUserCpuTimeHistory': [1393], 'TotalSysCpuTimeHistory': [32], 'WallDurations': [9.0, 40.16992425918579, 1575.0], 'JobIds': ['99129020.0'], 'State': 'finished', 'RecordedSite': True}, '12': {'Retries': 0, 'Restarts': 0, 'SiteHistory': ['Unknown', 'T1_US_FNAL', 'T1_US_FNAL'], 'ResidentSetSize': [1570284], 'SubmitTimes': [1708555656.0], 'StartTimes': [1708558090.0], 'EndTimes': [1708559719.0], 'TotalUserCpuTimeHistory': [1253], 'TotalSysCpuTimeHistory': [35], 'WallDurations': [8.0, 33.16992425918579, 1629.0], 'JobIds': ['99129021.0'], 'State': 'finished', 'RecordedSite': True}, '10': {'Retries': 0, 'Restarts': 0, 'SiteHistory': ['Unknown', 'T1_US_FNAL', 'T1_US_FNAL'], 'ResidentSetSize': [1559020], 'SubmitTimes': [1708555656.0], 'StartTimes': [1708558090.0], 'EndTimes': [1708560451.0], 'TotalUserCpuTimeHistory': [1896], 'TotalSysCpuTimeHistory': [40], 'WallDurations': [10.0, 33.16992425918579, 2361.0], 'JobIds': ['99129022.0'], 'State': 'finished', 'RecordedSite': True}, '17': {'Retries': 0, 'Restarts': 0, 'SiteHistory': ['Unknown', 'T1_ES_PIC', 'T1_ES_PIC'], 'ResidentSetSize': [1414620], 'SubmitTimes': [1708555656.0], 'StartTimes': [1708558198.0], 'EndTimes': [1708560208.0], 'TotalUserCpuTimeHistory': [1611], 'TotalSysCpuTimeHistory': [50], 'WallDurations': [8.0, 226.38356232643127, 2010.0], 'JobIds': ['99129024.0'], 'State': 'finished', 'RecordedSite': True}, '16': {'Retries': 0, 'Restarts': 0, 'SiteHistory': ['Unknown', 'T1_ES_PIC', 'T1_ES_PIC'], 'ResidentSetSize': [1614264], 'SubmitTimes': [1708555656.0], 'StartTimes': [1708558447.0], 'EndTimes': [1708562021.0], 'TotalUserCpuTimeHistory': [2943], 'TotalSysCpuTimeHistory': [90], 'WallDurations': [9.0, 278.62380814552307, 3574.0], 'JobIds': ['99129025.0'], 'State': 'finished', 'RecordedSite': True}, '15': {'Retries': 0, 'Restarts': 0, 'SiteHistory': ['Unknown', 'T1_US_FNAL', 'T1_US_FNAL'], 'ResidentSetSize': [1529624], 'SubmitTimes': [1708555656.0], 'StartTimes': [1708558531.0], 'EndTimes': [1708560635.0], 'TotalUserCpuTimeHistory': [1897], 'TotalSysCpuTimeHistory': [42], 'WallDurations': [8.0, 194.62380814552307, 2104.0], 'JobIds': ['99129026.0'], 'State': 'finished', 'RecordedSite': True}, '18': {'Retries': 0, 'Restarts': 0, 'SiteHistory': ['Unknown', 'T1_US_FNAL', 'T1_US_FNAL'], 'ResidentSetSize': [1296492], 'SubmitTimes': [1708555656.0], 'StartTimes': [1708558533.0], 'EndTimes': [1708559637.0], 'TotalUserCpuTimeHistory': [777], 'TotalSysCpuTimeHistory': [24], 'WallDurations': [10.0, 192.62380814552307, 1104.0], 'JobIds': ['99129027.0'], 'State': 'finished', 'RecordedSite': True}, '13': {'Retries': 0, 'Restarts': 0, 'SiteHistory': ['Unknown', 'T1_US_FNAL', 'T1_US_FNAL'], 'ResidentSetSize': [1449860], 'SubmitTimes': [1708555656.0], 'StartTimes': [1708558548.0], 'EndTimes': [1708560273.0], 'TotalUserCpuTimeHistory': [1475], 'TotalSysCpuTimeHistory': [41], 'WallDurations': [9.0, 177.62380814552307, 1725.0], 'JobIds': ['99129028.0'], 'State': 'finished', 'RecordedSite': True}, '19': {'Retries': 0, 'Restarts': 0, 'SiteHistory': ['Unknown', 'T2_TR_METU', 'T2_TR_METU'], 'ResidentSetSize': [1180100], 'SubmitTimes': [1708555656.0], 'StartTimes': [1708555950.0], 'EndTimes': [1708559066.0], 'TotalUserCpuTimeHistory': [2535], 'TotalSysCpuTimeHistory': [146], 'WallDurations': [8.0, 63.36410212516785, 3116.0], 'JobIds': ['99129029.0'], 'State': 'finished', 'RecordedSite': True}, '20': {'Retries': 0, 'Restarts': 0, 'SiteHistory': ['Unknown', 'T2_TR_METU', 'T2_TR_METU'], 'ResidentSetSize': [1206640], 'SubmitTimes': [1708555656.0], 'StartTimes': [1708555951.0], 'EndTimes': [1708559661.0], 'TotalUserCpuTimeHistory': [3179], 'TotalSysCpuTimeHistory': [146], 'WallDurations': [10.0, 62.36410212516785, 3710.0], 'JobIds': ['99129030.0'], 'State': 'finished', 'RecordedSite': True}, '22': {'Retries': 0, 'Restarts': 0, 'SiteHistory': ['Unknown', 'T2_TR_METU', 'T2_TR_METU'], 'ResidentSetSize': [1203428], 'SubmitTimes': [1708555656.0], 'StartTimes': [1708555949.0], 'EndTimes': [1708559857.0], 'TotalUserCpuTimeHistory': [3354], 'TotalSysCpuTimeHistory': [141], 'WallDurations': [10.0, 64.36410212516785, 3908.0], 'JobIds': ['99129031.0'], 'State': 'finished', 'RecordedSite': True}, '23': {'Retries': 0, 'Restarts': 0, 'SiteHistory': ['Unknown', 'T2_TR_METU', 'T2_TR_METU'], 'ResidentSetSize': [1194704], 'SubmitTimes': [1708555656.0], 'StartTimes': [1708555950.0], 'EndTimes': [1708560573.0], 'TotalUserCpuTimeHistory': [4002], 'TotalSysCpuTimeHistory': [162], 'WallDurations': [10.0, 63.36410212516785, 4623.0], 'JobIds': ['99129032.0'], 'State': 'finished', 'RecordedSite': True}, '26': {'Retries': 0, 'Restarts': 0, 'SiteHistory': ['Unknown', 'T2_TR_METU', 'T2_TR_METU'], 'ResidentSetSize': [1193380], 'SubmitTimes': [1708555656.0], 'StartTimes': [1708555949.0], 'EndTimes': [1708560870.0], 'TotalUserCpuTimeHistory': [4298], 'TotalSysCpuTimeHistory': [174], 'WallDurations': [8.0, 64.36410212516785, 4921.0], 'JobIds': ['99129033.0'], 'State': 'finished', 'RecordedSite': True}, '28': {'Retries': 0, 'Restarts': 0, 'SiteHistory': ['Unknown', 'T2_TR_METU', 'T2_TR_METU'], 'ResidentSetSize': [1193220], 'SubmitTimes': [1708555656.0], 'StartTimes': [1708555949.0], 'EndTimes': [1708559507.0], 'TotalUserCpuTimeHistory': [3084], 'TotalSysCpuTimeHistory': [141], 'WallDurations': [9.0, 64.36410212516785, 3558.0], 'JobIds': ['99129034.0'], 'State': 'finished', 'RecordedSite': True}, '25': {'Retries': 0, 'Restarts': 0, 'SiteHistory': ['Unknown', 'T2_TR_METU', 'T2_TR_METU'], 'ResidentSetSize': [1229120], 'SubmitTimes': [1708555656.0], 'StartTimes': [1708555948.0], 'EndTimes': [1708561166.0], 'TotalUserCpuTimeHistory': [4475], 'TotalSysCpuTimeHistory': [222], 'WallDurations': [9.0, 65.36410212516785, 5218.0], 'JobIds': ['99129035.0'], 'State': 'finished', 'RecordedSite': True}, '29': {'Retries': 0, 'Restarts': 0, 'SiteHistory': ['Unknown', 'T2_TR_METU', 'T2_TR_METU'], 'ResidentSetSize': [1094508], 'SubmitTimes': [1708555656.0], 'StartTimes': [1708555952.0], 'EndTimes': [1708558731.0], 'TotalUserCpuTimeHistory': [2402], 'TotalSysCpuTimeHistory': [119], 'WallDurations': [8.0, 61.36410212516785, 2779.0], 'JobIds': ['99129036.0'], 'State': 'finished', 'RecordedSite': True}, '24': {'Retries': 0, 'Restarts': 0, 'SiteHistory': ['Unknown', 'T2_TR_METU', 'T2_TR_METU'], 'ResidentSetSize': [1193212], 'SubmitTimes': [1708555656.0], 'StartTimes': [1708555949.0], 'EndTimes': [1708561298.0], 'TotalUserCpuTimeHistory': [4647], 'TotalSysCpuTimeHistory': [211], 'WallDurations': [10.0, 64.36410212516785, 5349.0], 'JobIds': ['99129037.0'], 'State': 'finished', 'RecordedSite': True}, '27': {'Retries': 0, 'Restarts': 0, 'SiteHistory': ['Unknown', 'T2_TR_METU', 'T2_TR_METU'], 'ResidentSetSize': [1174608], 'SubmitTimes': [1708555656.0], 'StartTimes': [1708555952.0], 'EndTimes': [1708559292.0], 'TotalUserCpuTimeHistory': [2916], 'TotalSysCpuTimeHistory': [122], 'WallDurations': [8.0, 61.36410212516785, 3340.0], 'JobIds': ['99129038.0'], 'State': 'finished', 'RecordedSite': True}, '32': {'Retries': 0, 'Restarts': 0, 'SiteHistory': ['Unknown', 'T2_TR_METU', 'T2_TR_METU'], 'ResidentSetSize': [1196556], 'SubmitTimes': [1708555656.0], 'StartTimes': [1708555951.0], 'EndTimes': [1708560522.0], 'TotalUserCpuTimeHistory': [3998], 'TotalSysCpuTimeHistory': [162], 'WallDurations': [9.0, 62.36410212516785, 4571.0], 'JobIds': ['99129039.0'], 'State': 'finished', 'RecordedSite': True}, '30': {'Retries': 0, 'Restarts': 0, 'SiteHistory': ['Unknown', 'T2_TR_METU', 'T2_TR_METU'], 'ResidentSetSize': [1194160], 'SubmitTimes': [1708555656.0], 'StartTimes': [1708555952.0], 'EndTimes': [1708560424.0], 'TotalUserCpuTimeHistory': [3797], 'TotalSysCpuTimeHistory': [186], 'WallDurations': [9.0, 61.36410212516785, 4472.0], 'JobIds': ['99129040.0'], 'State': 'finished', 'RecordedSite': True}, '31': {'Retries': 0, 'Restarts': 0, 'SiteHistory': ['Unknown', 'T2_TR_METU', 'T2_TR_METU'], 'ResidentSetSize': [1205128], 'SubmitTimes': [1708555656.0], 'StartTimes': [1708555953.0], 'EndTimes': [1708561098.0], 'TotalUserCpuTimeHistory': [4475], 'TotalSysCpuTimeHistory': [189], 'WallDurations': [10.0, 60.36410212516785, 5145.0], 'JobIds': ['99129041.0'], 'State': 'finished', 'RecordedSite': True}, '33': {'Retries': 0, 'Restarts': 0, 'SiteHistory': ['Unknown', 'T2_TR_METU', 'T2_TR_METU'], 'ResidentSetSize': [1223456], 'SubmitTimes': [1708555656.0], 'StartTimes': [1708555953.0], 'EndTimes': [1708561103.0], 'TotalUserCpuTimeHistory': [4590], 'TotalSysCpuTimeHistory': [203], 'WallDurations': [8.0, 60.36410212516785, 5150.0], 'JobIds': ['99129042.0'], 'State': 'finished', 'RecordedSite': True}, '34': {'Retries': 0, 'Restarts': 0, 'SiteHistory': ['Unknown', 'T2_TR_METU', 'T2_TR_METU'], 'ResidentSetSize': [1190204], 'SubmitTimes': [1708555656.0], 'StartTimes': [1708555954.0], 'EndTimes': [1708561083.0], 'TotalUserCpuTimeHistory': [4523], 'TotalSysCpuTimeHistory': [170], 'WallDurations': [8.0, 59.36410212516785, 5129.0], 'JobIds': ['99129043.0'], 'State': 'finished', 'RecordedSite': True}, '35': {'Retries': 0, 'Restarts': 0, 'SiteHistory': ['Unknown', 'T2_TR_METU', 'T2_TR_METU'], 'ResidentSetSize': [1200324], 'SubmitTimes': [1708555657.0], 'StartTimes': [1708555953.0], 'EndTimes': [1708561036.0], 'TotalUserCpuTimeHistory': [4536], 'TotalSysCpuTimeHistory': [160], 'WallDurations': [10.0, 60.36410212516785, 5083.0], 'JobIds': ['99129044.0'], 'State': 'finished', 'RecordedSite': True}, '36': {'Retries': 0, 'Restarts': 0, 'SiteHistory': ['Unknown', 'T2_TR_METU', 'T2_TR_METU'], 'ResidentSetSize': [1205188], 'SubmitTimes': [1708555657.0], 'StartTimes': [1708555954.0], 'EndTimes': [1708560883.0], 'TotalUserCpuTimeHistory': [4395], 'TotalSysCpuTimeHistory': [164], 'WallDurations': [10.0, 59.36410212516785, 4929.0], 'JobIds': ['99129045.0'], 'State': 'finished', 'RecordedSite': True}, '37': {'Retries': 0, 'Restarts': 0, 'SiteHistory': ['Unknown', 'T2_TR_METU', 'T2_TR_METU'], 'ResidentSetSize': [1253928], 'SubmitTimes': [1708555657.0], 'StartTimes': [1708555955.0], 'EndTimes': [1708560367.0], 'TotalUserCpuTimeHistory': [3800], 'TotalSysCpuTimeHistory': [165], 'WallDurations': [10.0, 58.36410212516785, 4412.0], 'JobIds': ['99129046.0'], 'State': 'finished', 'RecordedSite': True}, '39': {'Retries': 0, 'Restarts': 0, 'SiteHistory': ['Unknown', 'T2_TR_METU', 'T2_TR_METU'], 'ResidentSetSize': [1178460], 'SubmitTimes': [1708555657.0], 'StartTimes': [1708555955.0], 'EndTimes': [1708559690.0], 'TotalUserCpuTimeHistory': [3275], 'TotalSysCpuTimeHistory': [136], 'WallDurations': [8.0, 58.36410212516785, 3735.0], 'JobIds': ['99129047.0'], 'State': 'finished', 'RecordedSite': True}, '38': {'Retries': 0, 'Restarts': 0, 'SiteHistory': ['Unknown', 'T2_TR_METU', 'T2_TR_METU'], 'ResidentSetSize': [1200380], 'SubmitTimes': [1708555657.0], 'StartTimes': [1708555955.0], 'EndTimes': [1708559993.0], 'TotalUserCpuTimeHistory': [3474], 'TotalSysCpuTimeHistory': [152], 'WallDurations': [10.0, 58.36410212516785, 4038.0], 'JobIds': ['99129048.0'], 'State': 'finished', 'RecordedSite': True}, '40': {'Retries': 0, 'Restarts': 0, 'SiteHistory': ['Unknown', 'T2_TR_METU', 'T2_TR_METU'], 'ResidentSetSize': [1150892], 'SubmitTimes': [1708555657.0], 'StartTimes': [1708557411.0], 'EndTimes': [1708560542.0], 'TotalUserCpuTimeHistory': [2599], 'TotalSysCpuTimeHistory': [131], 'WallDurations': [8.0, 108.65172791481018, 3131.0], 'JobIds': ['99129049.0'], 'State': 'finished', 'RecordedSite': True}, '42': {'Retries': 0, 'Restarts': 0, 'SiteHistory': ['Unknown', 'T2_TR_METU', 'T2_TR_METU'], 'ResidentSetSize': [1063256], 'SubmitTimes': [1708555657.0], 'StartTimes': [1708557411.0], 'EndTimes': [1708560037.0], 'TotalUserCpuTimeHistory': [2150], 'TotalSysCpuTimeHistory': [118], 'WallDurations': [9.0, 108.65172791481018, 2626.0], 'JobIds': ['99129050.0'], 'State': 'finished', 'RecordedSite': True}, '43': {'Retries': 0, 'Restarts': 0, 'SiteHistory': ['Unknown', 'T2_TR_METU', 'T2_TR_METU'], 'ResidentSetSize': [1041384], 'SubmitTimes': [1708555657.0], 'StartTimes': [1708557412.0], 'EndTimes': [1708559388.0], 'TotalUserCpuTimeHistory': [1607], 'TotalSysCpuTimeHistory': [85], 'WallDurations': [9.0, 107.65172791481018, 1976.0], 'JobIds': ['99129051.0'], 'State': 'finished', 'RecordedSite': True}, '45': {'Retries': 0, 'Restarts': 0, 'SiteHistory': ['Unknown', 'T2_IT_Legnaro', 'T2_IT_Legnaro'], 'ResidentSetSize': [1547660], 'SubmitTimes': [1708555657.0], 'StartTimes': [1708555878.0], 'EndTimes': [1708557489.0], 'TotalUserCpuTimeHistory': [1482], 'TotalSysCpuTimeHistory': [37], 'WallDurations': [9.0, 135.36410212516785, 1611.0], 'JobIds': ['99129052.0'], 'State': 'finished', 'RecordedSite': True}, '41': {'Retries': 0, 'Restarts': 0, 'SiteHistory': ['Unknown', 'T2_TR_METU', 'T2_TR_METU'], 'ResidentSetSize': [1143284], 'SubmitTimes': [1708555657.0], 'StartTimes': [1708557414.0], 'EndTimes': [1708560506.0], 'TotalUserCpuTimeHistory': [2615], 'TotalSysCpuTimeHistory': [129], 'WallDurations': [8.0, 105.65172791481018, 3092.0], 'JobIds': ['99129053.0'], 'State': 'finished', 'RecordedSite': True}, '44': {'Retries': 0, 'Restarts': 0, 'SiteHistory': ['Unknown', 'T2_IT_Legnaro', 'T2_IT_Legnaro'], 'ResidentSetSize': [1471396], 'SubmitTimes': [1708555657.0], 'StartTimes': [1708555949.0], 'EndTimes': [1708556856.0], 'TotalUserCpuTimeHistory': [802], 'TotalSysCpuTimeHistory': [25], 'WallDurations': [9.0, 64.36410212516785, 907.0], 'JobIds': ['99129054.0'], 'State': 'finished', 'RecordedSite': True}, '46': {'Retries': 0, 'Restarts': 0, 'SiteHistory': ['Unknown', 'T2_IT_Legnaro', 'T2_IT_Legnaro'], 'ResidentSetSize': [1466524], 'SubmitTimes': [1708555657.0], 'StartTimes': [1708555949.0], 'EndTimes': [1708557425.0], 'TotalUserCpuTimeHistory': [1327], 'TotalSysCpuTimeHistory': [37], 'WallDurations': [9.0, 64.36410212516785, 1476.0], 'JobIds': ['99129055.0'], 'State': 'finished', 'RecordedSite': True}, '48': {'Retries': 0, 'Restarts': 0, 'SiteHistory': ['Unknown', 'T2_IT_Legnaro', 'T2_IT_Legnaro'], 'ResidentSetSize': [1410068], 'SubmitTimes': [1708555657.0], 'StartTimes': [1708555947.0], 'EndTimes': [1708556914.0], 'TotalUserCpuTimeHistory': [857], 'TotalSysCpuTimeHistory': [28], 'WallDurations': [9.0, 66.36410212516785, 967.0], 'JobIds': ['99129056.0'], 'State': 'finished', 'RecordedSite': True}, '47': {'Retries': 1, 'Restarts': 0, 'SiteHistory': ['Unknown', 'T2_IT_Legnaro', 'T2_IT_Legnaro', 'T1_US_FNAL', 'T1_US_FNAL'], 'ResidentSetSize': [1567432, 1319652], 'SubmitTimes': [1708555657.0, 1708559681.0], 'StartTimes': [1708555947.0, 1708559723.0], 'EndTimes': [1708557816.0, 1708561880.0], 'TotalUserCpuTimeHistory': [1699, 1722], 'TotalSysCpuTimeHistory': [44, 39], 'WallDurations': [9.0, 66.36410212516785, 1869.0, 9.0, 2157.0], 'JobIds': ['99129057.0', '99130650.0'], 'State': 'finished', 'RecordedSite': True}, '49': {'Retries': 0, 'Restarts': 0, 'SiteHistory': ['Unknown', 'T2_IT_Bari', 'T2_IT_Bari'], 'ResidentSetSize': [1417708], 'SubmitTimes': [1708555657.0], 'StartTimes': [1708557485.0], 'EndTimes': [1708559472.0], 'TotalUserCpuTimeHistory': [1702], 'TotalSysCpuTimeHistory': [47], 'WallDurations': [9.0, 34.65172791481018, 1987.0], 'JobIds': ['99129058.0'], 'State': 'finished', 'RecordedSite': True}, '52': {'Retries': 0, 'Restarts': 0, 'SiteHistory': ['Unknown', 'T2_IT_Bari', 'T2_IT_Bari'], 'ResidentSetSize': [1554336], 'SubmitTimes': [1708555657.0], 'StartTimes': [1708557506.0], 'EndTimes': [1708558731.0], 'TotalUserCpuTimeHistory': [988], 'TotalSysCpuTimeHistory': [30], 'WallDurations': [9.0, 13.65172791481018, 1225.0], 'JobIds': ['99129059.0'], 'State': 'finished', 'RecordedSite': True}, '50': {'Retries': 0, 'Restarts': 0, 'SiteHistory': ['Unknown', 'T2_IT_Bari', 'T2_IT_Bari'], 'ResidentSetSize': [1560084], 'SubmitTimes': [1708555657.0], 'StartTimes': [1708557509.0], 'EndTimes': [1708559306.0], 'TotalUserCpuTimeHistory': [1507], 'TotalSysCpuTimeHistory': [45], 'WallDurations': [8.0, 10.65172791481018, 1797.0], 'JobIds': ['99129060.0'], 'State': 'finished', 'RecordedSite': True}, '51': {'Retries': 0, 'Restarts': 0, 'SiteHistory': ['Unknown', 'T2_IT_Bari', 'T2_IT_Bari'], 'ResidentSetSize': [1448640], 'SubmitTimes': [1708555657.0], 'StartTimes': [1708557510.0], 'EndTimes': [1708559720.0], 'TotalUserCpuTimeHistory': [1835], 'TotalSysCpuTimeHistory': [64], 'WallDurations': [8.0, 9.65172791481018, 2210.0], 'JobIds': ['99129061.0'], 'State': 'finished', 'RecordedSite': True}, '53': {'Retries': 0, 'Restarts': 0, 'SiteHistory': ['Unknown', 'T2_IT_Bari', 'T2_IT_Bari'], 'ResidentSetSize': [1447060], 'SubmitTimes': [1708555657.0], 'StartTimes': [1708557513.0], 'EndTimes': [1708560424.0], 'TotalUserCpuTimeHistory': [2437], 'TotalSysCpuTimeHistory': [61], 'WallDurations': [0, 6.651727914810181, 2911.0], 'JobIds': ['99129062.0'], 'State': 'finished', 'RecordedSite': True}, '54': {'Retries': 0, 'Restarts': 0, 'SiteHistory': ['Unknown', 'T2_IT_Bari', 'T2_IT_Bari'], 'ResidentSetSize': [1467048], 'SubmitTimes': [1708555657.0], 'StartTimes': [1708557524.0], 'EndTimes': [1708559025.0], 'TotalUserCpuTimeHistory': [1205], 'TotalSysCpuTimeHistory': [46], 'WallDurations': [8.0, 297.65366220474243, 1501.0], 'JobIds': ['99129063.0'], 'State': 'finished', 'RecordedSite': True}, '55': {'Retries': 0, 'Restarts': 0, 'SiteHistory': ['Unknown', 'T2_IT_Bari', 'T2_IT_Bari'], 'ResidentSetSize': [1472096], 'SubmitTimes': [1708555657.0], 'StartTimes': [1708557676.0], 'EndTimes': [1708558914.0], 'TotalUserCpuTimeHistory': [989], 'TotalSysCpuTimeHistory': [33], 'WallDurations': [8.0, 145.65366220474243, 1238.0], 'JobIds': ['99129064.0'], 'State': 'finished', 'RecordedSite': True}, '57': {'Retries': 0, 'Restarts': 0, 'SiteHistory': ['Unknown', 'T2_IT_Bari', 'T2_IT_Bari'], 'ResidentSetSize': [1514480], 'SubmitTimes': [1708555657.0], 'StartTimes': [1708557711.0], 'EndTimes': [1708558869.0], 'TotalUserCpuTimeHistory': [922], 'TotalSysCpuTimeHistory': [27], 'WallDurations': [9.0, 110.65366220474243, 1158.0], 'JobIds': ['99129065.0'], 'State': 'finished', 'RecordedSite': True}, '58': {'Retries': 0, 'Restarts': 0, 'SiteHistory': ['Unknown', 'T2_IT_Bari', 'T2_IT_Bari'], 'ResidentSetSize': [1238524], 'SubmitTimes': [1708555658.0], 'StartTimes': [1708557736.0], 'EndTimes': [1708558270.0], 'TotalUserCpuTimeHistory': [409], 'TotalSysCpuTimeHistory': [18], 'WallDurations': [10.0, 85.65366220474243, 534.0], 'JobIds': ['99129066.0'], 'State': 'finished', 'RecordedSite': True}, '56': {'Retries': 0, 'Restarts': 0, 'SiteHistory': ['Unknown', 'T2_IT_Bari', 'T2_IT_Bari'], 'ResidentSetSize': [1368560], 'SubmitTimes': [1708555658.0], 'StartTimes': [1708557745.0], 'EndTimes': [1708560560.0], 'TotalUserCpuTimeHistory': [2471], 'TotalSysCpuTimeHistory': [54], 'WallDurations': [9.0, 76.65366220474243, 2815.0], 'JobIds': ['99129067.0'], 'State': 'finished', 'RecordedSite': True}, '61': {'Retries': 0, 'Restarts': 0, 'SiteHistory': ['Unknown', 'T2_FI_HIP', 'T2_FI_HIP'], 'ResidentSetSize': [1445856], 'SubmitTimes': [1708555658.0], 'StartTimes': [1708557373.0], 'EndTimes': [1708558463.0], 'TotalUserCpuTimeHistory': [989], 'TotalSysCpuTimeHistory': [35], 'WallDurations': [8.0, 146.65172791481018, 1090.0], 'JobIds': ['99129068.0'], 'State': 'finished', 'RecordedSite': True}, '59': {'Retries': 0, 'Restarts': 0, 'SiteHistory': ['Unknown', 'T2_FI_HIP', 'T2_FI_HIP'], 'ResidentSetSize': [1451652], 'SubmitTimes': [1708555658.0], 'StartTimes': [1708557442.0], 'EndTimes': [1708559234.0], 'TotalUserCpuTimeHistory': [1610], 'TotalSysCpuTimeHistory': [54], 'WallDurations': [9.0, 77.65172791481018, 1792.0], 'JobIds': ['99129069.0'], 'State': 'finished', 'RecordedSite': True}, '62': {'Retries': 0, 'Restarts': 0, 'SiteHistory': ['Unknown', 'T2_FI_HIP', 'T2_FI_HIP'], 'ResidentSetSize': [1482156], 'SubmitTimes': [1708555658.0], 'StartTimes': [1708557705.0], 'EndTimes': [1708559826.0], 'TotalUserCpuTimeHistory': [1929], 'TotalSysCpuTimeHistory': [52], 'WallDurations': [8.0, 116.65366220474243, 2121.0], 'JobIds': ['99129070.0'], 'State': 'finished', 'RecordedSite': True}, '60': {'Retries': 0, 'Restarts': 0, 'SiteHistory': ['Unknown', 'T2_FI_HIP', 'T2_FI_HIP'], 'ResidentSetSize': [1425248], 'SubmitTimes': [1708555658.0], 'StartTimes': [1708557852.0], 'EndTimes': [1708558857.0], 'TotalUserCpuTimeHistory': [886], 'TotalSysCpuTimeHistory': [29], 'WallDurations': [9.0, 271.1699242591858, 1005.0], 'JobIds': ['99129071.0'], 'State': 'finished', 'RecordedSite': True}, '65': {'Retries': 1, 'Restarts': 0, 'SiteHistory': ['Unknown', 'T2_FI_HIP', 'T2_FI_HIP', 'Unknown', 'T2_FI_HIP', 'T2_FI_HIP'], 'ResidentSetSize': [1315300, 1245072], 'SubmitTimes': [1708555658.0, 1708562302.0], 'StartTimes': [1708558146.0, 1708562656.0], 'EndTimes': [1708560432.0, 1708564971.0], 'TotalUserCpuTimeHistory': [2098, 2100], 'TotalSysCpuTimeHistory': [51, 55], 'WallDurations': [8.0, 278.3835623264313, 2286.0, 8.0, 32.141002893447876, 2315.0], 'JobIds': ['99129072.0', '99131139.0'], 'State': 'finished', 'RecordedSite': True}, '66': {'Retries': 0, 'Restarts': 0, 'SiteHistory': ['Unknown', 'T2_FI_HIP', 'T2_FI_HIP'], 'ResidentSetSize': [1320452], 'SubmitTimes': [1708555658.0], 'StartTimes': [1708558467.0], 'EndTimes': [1708560907.0], 'TotalUserCpuTimeHistory': [2211], 'TotalSysCpuTimeHistory': [59], 'WallDurations': [9.0, 258.62380814552307, 2440.0], 'JobIds': ['99129073.0'], 'State': 'finished', 'RecordedSite': True}, '64': {'Retries': 0, 'Restarts': 0, 'SiteHistory': ['Unknown', 'T2_FI_HIP', 'T2_FI_HIP'], 'ResidentSetSize': [1404268], 'SubmitTimes': [1708555658.0], 'StartTimes': [1708558501.0], 'EndTimes': [1708560692.0], 'TotalUserCpuTimeHistory': [1982], 'TotalSysCpuTimeHistory': [44], 'WallDurations': [9.0, 224.62380814552307, 2191.0], 'JobIds': ['99129074.0'], 'State': 'finished', 'RecordedSite': True}, '63': {'Retries': 0, 'Restarts': 0, 'SiteHistory': ['Unknown', 'T1_US_FNAL', 'T1_US_FNAL'], 'ResidentSetSize': [1507672], 'SubmitTimes': [1708555658.0], 'StartTimes': [1708558561.0], 'EndTimes': [1708560429.0], 'TotalUserCpuTimeHistory': [1662], 'TotalSysCpuTimeHistory': [42], 'WallDurations': [9.0, 164.62380814552307, 1868.0], 'JobIds': ['99129075.0'], 'State': 'finished', 'RecordedSite': True}, '67': {'Retries': 0, 'Restarts': 0, 'SiteHistory': ['Unknown', 'T1_US_FNAL', 'T1_US_FNAL'], 'ResidentSetSize': [1468636], 'SubmitTimes': [1708555658.0], 'StartTimes': [1708558589.0], 'EndTimes': [1708560822.0], 'TotalUserCpuTimeHistory': [1979], 'TotalSysCpuTimeHistory': [47], 'WallDurations': [10.0, 136.62380814552307, 2233.0], 'JobIds': ['99129076.0'], 'State': 'finished', 'RecordedSite': True}, '68': {'Retries': 0, 'Restarts': 0, 'SiteHistory': ['Unknown', 'T2_FI_HIP', 'T2_FI_HIP'], 'ResidentSetSize': [1212440], 'SubmitTimes': [1708555658.0], 'StartTimes': [1708558803.0], 'EndTimes': [1708560621.0], 'TotalUserCpuTimeHistory': [1687], 'TotalSysCpuTimeHistory': [48], 'WallDurations': [9.0, 224.3769748210907, 1818.0], 'JobIds': ['99129077.0'], 'State': 'finished', 'RecordedSite': True}, '70': {'Retries': 0, 'Restarts': 0, 'SiteHistory': ['Unknown', 'T1_US_FNAL', 'T1_US_FNAL'], 'ResidentSetSize': [1267804], 'SubmitTimes': [1708555658.0], 'StartTimes': [1708558804.0], 'EndTimes': [1708559626.0], 'TotalUserCpuTimeHistory': [737], 'TotalSysCpuTimeHistory': [21], 'WallDurations': [8.0, 223.3769748210907, 822.0], 'JobIds': ['99129078.0'], 'State': 'finished', 'RecordedSite': True}, '71': {'Retries': 0, 'Restarts': 0, 'SiteHistory': ['Unknown', 'T2_FI_HIP', 'T2_FI_HIP'], 'ResidentSetSize': [1282188], 'SubmitTimes': [1708555658.0], 'StartTimes': [1708558812.0], 'EndTimes': [1708559975.0], 'TotalUserCpuTimeHistory': [1030], 'TotalSysCpuTimeHistory': [37], 'WallDurations': [9.0, 215.3769748210907, 1163.0], 'JobIds': ['99129079.0'], 'State': 'finished', 'RecordedSite': True}, '73': {'Retries': 1, 'Restarts': 0, 'SiteHistory': ['Unknown', 'T1_US_FNAL', 'T1_US_FNAL', 'Unknown', 'T1_US_FNAL', 'T1_US_FNAL'], 'ResidentSetSize': [1403656, 1264364], 'SubmitTimes': [1708555658.0, 1708561927.0], 'StartTimes': [1708558838.0, 1708562263.0], 'EndTimes': [1708560057.0, 1708563505.0], 'TotalUserCpuTimeHistory': [1046, 1082], 'TotalSysCpuTimeHistory': [27, 29], 'WallDurations': [10.0, 189.3769748210907, 1219.0, 9.0, 123.55281901359558, 1242.0], 'JobIds': ['99129080.0', '99131121.0'], 'State': 'finished', 'RecordedSite': True}, '69': {'Retries': 0, 'Restarts': 0, 'SiteHistory': ['Unknown', 'T1_US_FNAL', 'T1_US_FNAL'], 'ResidentSetSize': [1430188], 'SubmitTimes': [1708555658.0], 'StartTimes': [1708558839.0], 'EndTimes': [1708559925.0], 'TotalUserCpuTimeHistory': [917], 'TotalSysCpuTimeHistory': [30], 'WallDurations': [10.0, 188.3769748210907, 1086.0], 'JobIds': ['99129081.0'], 'State': 'finished', 'RecordedSite': True}, '75': {'Retries': 0, 'Restarts': 0, 'SiteHistory': ['Unknown', 'T2_BE_IIHE', 'T2_BE_IIHE'], 'ResidentSetSize': [45044], 'SubmitTimes': [1708555658.0], 'StartTimes': [1708555952.0], 'EndTimes': [1708556238.0], 'TotalUserCpuTimeHistory': [213], 'TotalSysCpuTimeHistory': [9], 'WallDurations': [8.0, 61.36410212516785, 286.0], 'JobIds': ['99129082.0'], 'State': 'finished', 'RecordedSite': True}, '72': {'Retries': 0, 'Restarts': 0, 'SiteHistory': ['Unknown', 'T1_US_FNAL', 'T1_US_FNAL'], 'ResidentSetSize': [1471640], 'SubmitTimes': [1708555658.0], 'StartTimes': [1708558838.0], 'EndTimes': [1708560699.0], 'TotalUserCpuTimeHistory': [1664], 'TotalSysCpuTimeHistory': [38], 'WallDurations': [9.0, 189.3769748210907, 1861.0], 'JobIds': ['99129083.0'], 'State': 'finished', 'RecordedSite': True}, '76': {'Retries': 0, 'Restarts': 0, 'SiteHistory': ['Unknown', 'T1_US_FNAL', 'T1_US_FNAL'], 'ResidentSetSize': [1306872], 'SubmitTimes': [1708555658.0], 'StartTimes': [1708558843.0], 'EndTimes': [1708559722.0], 'TotalUserCpuTimeHistory': [725], 'TotalSysCpuTimeHistory': [23], 'WallDurations': [9.0, 184.3769748210907, 879.0], 'JobIds': ['99129084.0'], 'State': 'finished', 'RecordedSite': True}, '79': {'Retries': 0, 'Restarts': 0, 'SiteHistory': ['Unknown', 'T1_US_FNAL', 'T1_US_FNAL'], 'ResidentSetSize': [1474404], 'SubmitTimes': [1708555658.0], 'StartTimes': [1708558891.0], 'EndTimes': [1708560645.0], 'TotalUserCpuTimeHistory': [1553], 'TotalSysCpuTimeHistory': [38], 'WallDurations': [9.0, 136.3769748210907, 1754.0], 'JobIds': ['99129085.0'], 'State': 'finished', 'RecordedSite': True}, '77': {'Retries': 0, 'Restarts': 0, 'SiteHistory': ['Unknown', 'T1_US_FNAL', 'T1_US_FNAL'], 'ResidentSetSize': [1481924], 'SubmitTimes': [1708555658.0], 'StartTimes': [1708558924.0], 'EndTimes': [1708560406.0], 'TotalUserCpuTimeHistory': [1307], 'TotalSysCpuTimeHistory': [36], 'WallDurations': [9.0, 103.3769748210907, 1482.0], 'JobIds': ['99129086.0'], 'State': 'finished', 'RecordedSite': True}, '74': {'Retries': 0, 'Restarts': 0, 'SiteHistory': ['Unknown', 'T2_FI_HIP', 'T2_FI_HIP'], 'ResidentSetSize': [1254224], 'SubmitTimes': [1708555658.0], 'StartTimes': [1708558859.0], 'EndTimes': [1708559403.0], 'TotalUserCpuTimeHistory': [465], 'TotalSysCpuTimeHistory': [17], 'WallDurations': [9.0, 168.3769748210907, 544.0], 'JobIds': ['99129087.0'], 'State': 'finished', 'RecordedSite': True}, '78': {'Retries': 0, 'Restarts': 0, 'SiteHistory': ['Unknown', 'T1_US_FNAL', 'T1_US_FNAL'], 'ResidentSetSize': [1468736], 'SubmitTimes': [1708555658.0], 'StartTimes': [1708559026.0], 'EndTimes': [1708560934.0], 'TotalUserCpuTimeHistory': [1718], 'TotalSysCpuTimeHistory': [40], 'WallDurations': [0, 1.3769748210906982, 1908.0], 'JobIds': ['99129088.0'], 'State': 'finished', 'RecordedSite': True}, '80': {'Retries': 0, 'Restarts': 0, 'SiteHistory': ['Unknown', 'T1_US_FNAL', 'T1_US_FNAL'], 'ResidentSetSize': [1410968], 'SubmitTimes': [1708555658.0], 'StartTimes': [1708559109.0], 'EndTimes': [1708560240.0], 'TotalUserCpuTimeHistory': [982], 'TotalSysCpuTimeHistory': [27], 'WallDurations': [9.0, 221.07643866539001, 1131.0], 'JobIds': ['99129089.0'], 'State': 'finished', 'RecordedSite': True}, '81': {'Retries': 0, 'Restarts': 0, 'SiteHistory': ['Unknown', 'T1_US_FNAL', 'T1_US_FNAL'], 'ResidentSetSize': [1390648], 'SubmitTimes': [1708555658.0], 'StartTimes': [1708559117.0], 'EndTimes': [1708560352.0], 'TotalUserCpuTimeHistory': [1039], 'TotalSysCpuTimeHistory': [33], 'WallDurations': [9.0, 213.07643866539001, 1235.0], 'JobIds': ['99129090.0'], 'State': 'finished', 'RecordedSite': True}, '82': {'Retries': 0, 'Restarts': 0, 'SiteHistory': ['Unknown', 'T1_US_FNAL', 'T1_US_FNAL'], 'ResidentSetSize': [1446084], 'SubmitTimes': [1708555658.0], 'StartTimes': [1708559232.0], 'EndTimes': [1708560688.0], 'TotalUserCpuTimeHistory': [1294], 'TotalSysCpuTimeHistory': [31], 'WallDurations': [10.0, 98.07643866539001, 1456.0], 'JobIds': ['99129091.0'], 'State': 'finished', 'RecordedSite': True}, '85': {'Retries': 0, 'Restarts': 0, 'SiteHistory': ['Unknown', 'T1_DE_KIT', 'T1_DE_KIT'], 'ResidentSetSize': [1538604], 'SubmitTimes': [1708555658.0], 'StartTimes': [1708556953.0], 'EndTimes': [1708558972.0], 'TotalUserCpuTimeHistory': [1810], 'TotalSysCpuTimeHistory': [73], 'WallDurations': [8.0, 265.04260087013245, 2019.0], 'JobIds': ['99129092.0'], 'State': 'finished', 'RecordedSite': True}, '83': {'Retries': 0, 'Restarts': 0, 'SiteHistory': ['Unknown', 'T1_US_FNAL', 'T1_US_FNAL'], 'ResidentSetSize': [1457212], 'SubmitTimes': [1708555658.0], 'StartTimes': [1708559274.0], 'EndTimes': [1708560265.0], 'TotalUserCpuTimeHistory': [818], 'TotalSysCpuTimeHistory': [18], 'WallDurations': [9.0, 56.076438665390015, 991.0], 'JobIds': ['99129093.0'], 'State': 'finished', 'RecordedSite': True}, '87': {'Retries': 0, 'Restarts': 0, 'SiteHistory': ['Unknown', 'T1_DE_KIT', 'T1_DE_KIT'], 'ResidentSetSize': [1534520], 'SubmitTimes': [1708555658.0], 'StartTimes': [1708556977.0], 'EndTimes': [1708558922.0], 'TotalUserCpuTimeHistory': [1763], 'TotalSysCpuTimeHistory': [72], 'WallDurations': [8.0, 241.04260087013245, 1945.0], 'JobIds': ['99129094.0'], 'State': 'finished', 'RecordedSite': True}, '86': {'Retries': 0, 'Restarts': 0, 'SiteHistory': ['Unknown', 'T1_DE_KIT', 'T1_DE_KIT'], 'ResidentSetSize': [1446016], 'SubmitTimes': [1708555658.0], 'StartTimes': [1708557423.0], 'EndTimes': [1708560014.0], 'TotalUserCpuTimeHistory': [2371], 'TotalSysCpuTimeHistory': [85], 'WallDurations': [9.0, 96.65172791481018, 2591.0], 'JobIds': ['99129095.0'], 'State': 'finished', 'RecordedSite': True}, '84': {'Retries': 0, 'Restarts': 0, 'SiteHistory': ['Unknown', 'T1_DE_KIT', 'T1_DE_KIT'], 'ResidentSetSize': [1383740], 'SubmitTimes': [1708555658.0], 'StartTimes': [1708557604.0], 'EndTimes': [1708558528.0], 'TotalUserCpuTimeHistory': [796], 'TotalSysCpuTimeHistory': [38], 'WallDurations': [8.0, 217.65366220474243, 924.0], 'JobIds': ['99129096.0'], 'State': 'finished', 'RecordedSite': True}, '88': {'Retries': 0, 'Restarts': 0, 'SiteHistory': ['Unknown', 'T1_DE_KIT', 'T1_DE_KIT'], 'ResidentSetSize': [1442652], 'SubmitTimes': [1708555658.0], 'StartTimes': [1708557776.0], 'EndTimes': [1708559366.0], 'TotalUserCpuTimeHistory': [1393], 'TotalSysCpuTimeHistory': [69], 'WallDurations': [9.0, 45.65366220474243, 1590.0], 'JobIds': ['99129097.0'], 'State': 'finished', 'RecordedSite': True}, '89': {'Retries': 0, 'Restarts': 0, 'SiteHistory': ['Unknown', 'T1_DE_KIT', 'T1_DE_KIT'], 'ResidentSetSize': [1381672], 'SubmitTimes': [1708555658.0], 'StartTimes': [1708557897.0], 'EndTimes': [1708559579.0], 'TotalUserCpuTimeHistory': [1490], 'TotalSysCpuTimeHistory': [66], 'WallDurations': [8.0, 226.1699242591858, 1682.0], 'JobIds': ['99129098.0'], 'State': 'finished', 'RecordedSite': True}, '21': {'Retries': 0, 'Restarts': 0, 'SiteHistory': ['Unknown', 'T2_TR_METU', 'T2_TR_METU'], 'ResidentSetSize': [1279672], 'SubmitTimes': [1708555658.0], 'StartTimes': [1708558163.0], 'EndTimes': [1708561789.0], 'TotalUserCpuTimeHistory': [3152], 'TotalSysCpuTimeHistory': [143], 'WallDurations': [9.0, 261.3835623264313, 3626.0], 'JobIds': ['99129099.0'], 'State': 'finished', 'RecordedSite': True}}
INFO 2024-02-22 20:35:05.116 UTC: 	 Status on the scheduler:	COMPLETED
INFO 2024-02-22 20:35:05.116 UTC: 	 
Jobs status:                    finished     		100.0% (89/89)
DEBUG 2024-02-22 20:35:05.117 UTC: 	 Encoded data for curl request: subresource=publicationstatus&workflow=240221_224232%3Ambuonsan_crab_SkimB4Mu_2023eraD-v2_stream3_Mini&username=mbuonsan
INFO 2024-02-22 20:35:05.309 UTC: 	 
Output dataset:			/FakeDataset/fakefile-FakePublish-cd6b4815e794ce0871b6f7f7898ada46/USER
INFO 2024-02-22 20:35:05.309 UTC: 	 
No publication information available yet
INFO 2024-02-22 20:35:05.313 UTC: 	 
Warning: the max jobs runtime is less than 30% of the task requested value (1250 min), please consider to request a lower value for failed jobs (allowed through crab resubmit) and/or improve the jobs splitting (e.g. config.Data.splitting = 'Automatic') in a new task.
INFO 2024-02-22 20:35:05.313 UTC: 	 
Summary of run jobs:
 * Memory: 43MB min, 1576MB max, 1311MB ave
 * Runtime: 0:04:46 min, 1:29:09 max, 0:38:55 ave
 * CPU eff: 73% min, 95% max, 90% ave
 * Waste: 4:40:12 (7% of total)

DEBUG 2024-02-22 20:35:05.314 UTC: 	 Requesting resubmission of failed jobs in task 240221_224232:mbuonsan_crab_SkimB4Mu_2023eraD-v2_stream3_Mini
ERROR 2024-02-22 20:35:05.314 UTC: 	 Found no jobs to resubmit. Only jobs in status failed can be resubmitted. Jobs in status finished can also be resubmitted, but only if the jobids are specified and the force option is set.
ERROR 2024-02-22 20:35:05.314 UTC: 	 Caught ClientException exception
Traceback (most recent call last):
  File "/cvmfs/cms.cern.ch/share/cms/crab-prod/v3.240110.01/bin/crab.py", line 152, in <module>
    client()
  File "/cvmfs/cms.cern.ch/share/cms/crab-prod/v3.240110.01/bin/crab.py", line 137, in __call__
    returnDict = self.cmd()
  File "/cvmfs/cms.cern.ch/share/cms/crab-prod/v3.240110.01/lib/CRABClient/Commands/resubmit.py", line 65, in __call__
    self.jobids = self.processJobIds(jobList)
  File "/cvmfs/cms.cern.ch/share/cms/crab-prod/v3.240110.01/lib/CRABClient/Commands/resubmit.py", line 171, in processJobIds
    raise ConfigurationException(msg)
CRABClient.ClientExceptions.ConfigurationException: Found no jobs to resubmit. Only jobs in status failed can be resubmitted. Jobs in status finished can also be resubmitted, but only if the jobids are specified and the force option is set.
