DEBUG 2024-02-21 22:43:22.942 UTC: 	 CRAB Client version: v3.240110
DEBUG 2024-02-21 22:43:22.942 UTC: 	 Running on: Linux ui02.recas.ba.infn.it 3.10.0-1160.80.1.el7.x86_64 #1 SMP Tue Nov 8 15:48:59 UTC 2022 x86_64 x86_64 x86_64 GNU/Linux - CentOS Linux 7 (Core)
DEBUG 2024-02-21 22:43:22.942 UTC: 	 Executing command: 'submit'
DEBUG 2024-02-21 22:43:22.943 UTC: 	 Found CRAB cache file /lustrehome/mbuonsante/.crab3
INFO 2024-02-21 22:43:22.943 UTC: 	 Will use CRAB configuration file CRAB_stream_7.py
DEBUG 2024-02-21 22:43:22.944 UTC: 	 Loading CRAB configuration file.
DEBUG 2024-02-21 22:43:22.946 UTC: 	 Will use CRAB plugin ANALYSIS (i.e. will run an analysis job type).
DEBUG 2024-02-21 22:43:22.948 UTC: 	 Checking credentials
DEBUG 2024-02-21 22:43:22.948 UTC: 	 Found proxy file /tmp/x509up_u881331
DEBUG 2024-02-21 22:43:22.948 UTC: 	 Making sure it has proper VOMS extension
DEBUG 2024-02-21 22:43:22.948 UTC: 	 Executing command :
 voms-proxy-info --vo --file /tmp/x509up_u881331
DEBUG 2024-02-21 22:43:24.299 UTC: 	 output : cms

 error: 
 retcode : 0
DEBUG 2024-02-21 22:43:24.299 UTC: 	 Getting proxy life time left
DEBUG 2024-02-21 22:43:24.299 UTC: 	 Executing command :
 voms-proxy-info --actimeleft --timeleft --file /tmp/x509up_u881331
DEBUG 2024-02-21 22:43:25.643 UTC: 	 output : 478612
478611

 error: 
 retcode : 0
DEBUG 2024-02-21 22:43:25.643 UTC: 	 Proxy valid for 132:56:51 hours
DEBUG 2024-02-21 22:43:25.644 UTC: 	 Encoded data for curl request: subresource=delegatedn
DEBUG 2024-02-21 22:43:25.851 UTC: 	 Registering user credentials on myproxy for /DC=ch/DC=cern/OU=computers/CN=crab-(preprod|prod|dev)-tw(01|02|03).cern.ch|/DC=ch/DC=cern/OU=computers/CN=stefanov(m|m2).cern.ch|/DC=ch/DC=cern/OU=computers/CN=dciangot-tw.cern.ch
DEBUG 2024-02-21 22:43:25.851 UTC: 	 Executing command :
 voms-proxy-info --identity --file /tmp/x509up_u881331
DEBUG 2024-02-21 22:43:27.342 UTC: 	 output : /DC=ch/DC=cern/OU=Organic Units/OU=Users/CN=mbuonsan/CN=866052/CN=Marco Buonsante

 error: 
 retcode : 0
DEBUG 2024-02-21 22:43:27.342 UTC: 	 Getting myproxy life time left for db438794163ae221c16ac5cdc1e476b2bc2ff634
DEBUG 2024-02-21 22:43:27.342 UTC: 	 Executing command :
 myproxy-info -s myproxy.cern.ch -l db438794163ae221c16ac5cdc1e476b2bc2ff634
DEBUG 2024-02-21 22:43:27.735 UTC: 	 output : username: db438794163ae221c16ac5cdc1e476b2bc2ff634
owner: /DC=ch/DC=cern/OU=Organic Units/OU=Users/CN=mbuonsan/CN=866052/CN=Marco Buonsante
  renewal policy: /DC=ch/DC=cern/OU=computers/CN=crab-(preprod|prod|dev)-tw(01|02|03).cern.ch|/DC=ch/DC=cern/OU=computers/CN=stefanov(m|m2).cern.ch|/DC=ch/DC=cern/OU=computers/CN=dciangot-tw.cern.ch
  trusted retrieval policy: /DC=ch/DC=cern/OU=computers/CN=crab-(preprod|prod|dev)-tw(01|02|03).cern.ch|/DC=ch/DC=cern/OU=computers/CN=stefanov(m|m2).cern.ch|/DC=ch/DC=cern/OU=computers/CN=dciangot-tw.cern.ch
  timeleft: 492:58:00  (20.5 days)

 error: 
 retcode : 0
DEBUG 2024-02-21 22:43:27.736 UTC: 	 Myproxy is valid: 1774680
DEBUG 2024-02-21 22:43:27.736 UTC: 	 Result of myproxy credential check:
  Credential exists on myproxy: username: db438794163ae221c16ac5cdc1e476b2bc2ff634  - validity: 20 days, 12:58:00
DEBUG 2024-02-21 22:43:27.736 UTC: 	 Command use: submit
DEBUG 2024-02-21 22:43:27.736 UTC: 	 Options use: ['-c', 'CRAB_stream_7.py']
DEBUG 2024-02-21 22:43:27.736 UTC: 	 Encoded data for curl request: subresource=version
DEBUG 2024-02-21 22:43:27.915 UTC: 	 CRABClient version: v3.240110
DEBUG 2024-02-21 22:43:27.915 UTC: 	 Instance is prod
DEBUG 2024-02-21 22:43:27.915 UTC: 	 Server base url is cmsweb.cern.ch
DEBUG 2024-02-21 22:43:27.915 UTC: 	 Command api workflow
DEBUG 2024-02-21 22:43:27.915 UTC: 	 Started submission
DEBUG 2024-02-21 22:43:27.915 UTC: 	 Working on /lustrehome/mbuonsante/B_4mu/CMSSW_13_0_13/src/B4muNtuplizer/CrabSubmission/2023_eraD-v2/crab_projects/crab_SkimB4Mu_2023eraD-v2_stream7_Mini
DEBUG 2024-02-21 22:43:27.916 UTC: 	 Encoded data for curl request: subresource=backendurls
DEBUG 2024-02-21 22:43:28.148 UTC: 	 Loading required information from the environment
DEBUG 2024-02-21 22:43:28.148 UTC: 	 Found CMSSW_13_0_13 for slc7_amd64_gcc11 with base /lustrehome/mbuonsante/B_4mu/CMSSW_13_0_13
DEBUG 2024-02-21 22:43:28.148 UTC: 	 Loading required information from the environment
DEBUG 2024-02-21 22:43:28.148 UTC: 	 Found CMSSW_13_0_13 for slc7_amd64_gcc11 with base /lustrehome/mbuonsante/B_4mu/CMSSW_13_0_13
DEBUG 2024-02-21 22:43:28.148 UTC: 	 UNIQUE NAME: tarUUID 049b929e-dcba-4f5c-87db-9704dffbff7f 
DEBUG 2024-02-21 22:43:28.148 UTC: 	 self.config: from WMCore.Configuration import Configuration
config = Configuration()
config.section_('General')
config.General.workArea = 'crab_projects'
config.General.transferLogs = False
config.General.transferOutputs = True
config.General.requestName = 'SkimB4Mu_2023eraD-v2_stream7_Mini'
config.section_('JobType')
config.JobType.pluginName = 'Analysis'
config.JobType.psetName = '/lustrehome/mbuonsante/B_4mu/CMSSW_13_0_13/src/B4muNtuplizer/CrabSubmission/2023_eraD-v2/PatAndTree_cfg.py'
config.JobType.allowUndistributedCMSSW = True
config.section_('Data')
config.Data.lumiMask = 'https://cms-service-dqmdc.web.cern.ch/CAF/certification/Collisions23/Cert_Collisions2023_eraD_369803_370790_Golden.json'
config.Data.unitsPerJob = 50
config.Data.splitting = 'LumiBased'
config.Data.allowNonValidInputDataset = True
config.Data.outputDatasetTag = 'SkimB4Mu_2023eraD-v2_stream7_Mini'
config.Data.inputDataset = '/ParkingDoubleMuonLowMass7/Run2023D-22Sep2023_v2-v1/MINIAOD'
config.Data.inputDBS = 'global'
config.section_('Site')
config.Site.ignoreGlobalBlacklist = True
config.Site.storageSite = 'T2_IT_Bari'
config.section_('User')
config.section_('Debug')

DEBUG 2024-02-21 22:43:28.148 UTC: 	 self.config.JobType.psetName: /lustrehome/mbuonsante/B_4mu/CMSSW_13_0_13/src/B4muNtuplizer/CrabSubmission/2023_eraD-v2/PatAndTree_cfg.py
INFO 2024-02-21 22:43:28.148 UTC: 	 Importing CMSSW configuration /lustrehome/mbuonsante/B_4mu/CMSSW_13_0_13/src/B4muNtuplizer/CrabSubmission/2023_eraD-v2/PatAndTree_cfg.py
INFO 2024-02-21 22:43:29.917 UTC: 	 Finished importing CMSSW configuration /lustrehome/mbuonsante/B_4mu/CMSSW_13_0_13/src/B4muNtuplizer/CrabSubmission/2023_eraD-v2/PatAndTree_cfg.py
DEBUG 2024-02-21 22:43:29.917 UTC: 	 Writing CMSSW configuration to /lustrehome/mbuonsante/B_4mu/CMSSW_13_0_13/src/B4muNtuplizer/CrabSubmission/2023_eraD-v2/crab_projects/crab_SkimB4Mu_2023eraD-v2_stream7_Mini/inputs/PSet.py
DEBUG 2024-02-21 22:43:30.007 UTC: 	 The following EDM output files will be collected: []
DEBUG 2024-02-21 22:43:30.008 UTC: 	 The following TFile output files will be collected: ['TreeData.root']
DEBUG 2024-02-21 22:43:30.008 UTC: 	 The following user output files (not listed as PoolOuputModule or TFileService in the CMSSW PSet) will be collected: 
DEBUG 2024-02-21 22:43:30.008 UTC: 	 Loading required information from the environment
DEBUG 2024-02-21 22:43:30.008 UTC: 	 Found CMSSW_13_0_13 for slc7_amd64_gcc11 with base /lustrehome/mbuonsante/B_4mu/CMSSW_13_0_13
DEBUG 2024-02-21 22:43:30.008 UTC: 	 Making tarball in /lustrehome/mbuonsante/B_4mu/CMSSW_13_0_13/src/B4muNtuplizer/CrabSubmission/2023_eraD-v2/crab_projects/crab_SkimB4Mu_2023eraD-v2_stream7_Mini/inputs/049b929e-dcba-4f5c-87db-9704dffbff7fdefault.tgz
DEBUG 2024-02-21 22:43:30.008 UTC: 	 Checking directory /lustrehome/mbuonsante/B_4mu/CMSSW_13_0_13/bin
DEBUG 2024-02-21 22:43:30.008 UTC: 	 Adding directory /lustrehome/mbuonsante/B_4mu/CMSSW_13_0_13/bin to tarball
DEBUG 2024-02-21 22:43:30.010 UTC: 	 Checking directory /lustrehome/mbuonsante/B_4mu/CMSSW_13_0_13/python
DEBUG 2024-02-21 22:43:30.010 UTC: 	 Adding directory /lustrehome/mbuonsante/B_4mu/CMSSW_13_0_13/python to tarball
DEBUG 2024-02-21 22:43:30.058 UTC: 	 Checking directory /lustrehome/mbuonsante/B_4mu/CMSSW_13_0_13/cfipython
DEBUG 2024-02-21 22:43:30.058 UTC: 	 Adding directory /lustrehome/mbuonsante/B_4mu/CMSSW_13_0_13/cfipython to tarball
DEBUG 2024-02-21 22:43:30.066 UTC: 	 Checking directory /lustrehome/mbuonsante/B_4mu/CMSSW_13_0_13/lib
DEBUG 2024-02-21 22:43:30.066 UTC: 	 Adding directory /lustrehome/mbuonsante/B_4mu/CMSSW_13_0_13/lib to tarball
DEBUG 2024-02-21 22:43:30.490 UTC: 	 Checking directory /lustrehome/mbuonsante/B_4mu/CMSSW_13_0_13/biglib
DEBUG 2024-02-21 22:43:30.490 UTC: 	 Adding directory /lustrehome/mbuonsante/B_4mu/CMSSW_13_0_13/biglib to tarball
DEBUG 2024-02-21 22:43:30.491 UTC: 	 Checking directory /lustrehome/mbuonsante/B_4mu/CMSSW_13_0_13/module
DEBUG 2024-02-21 22:43:30.492 UTC: 	 Checking directory /lustrehome/mbuonsante/B_4mu/CMSSW_13_0_13/config/SCRAM/hooks
DEBUG 2024-02-21 22:43:30.492 UTC: 	 Adding directory /lustrehome/mbuonsante/B_4mu/CMSSW_13_0_13/config/SCRAM/hooks to tarball
DEBUG 2024-02-21 22:43:30.519 UTC: 	 Adding directory /lustrehome/mbuonsante/B_4mu/CMSSW_13_0_13/src/B4muNtuplizer/SkimTools/python to tarball
DEBUG 2024-02-21 22:43:30.529 UTC: 	 Adding directory /lustrehome/mbuonsante/B_4mu/CMSSW_13_0_13/src/CommonTools/CandAlgos/interface to tarball
DEBUG 2024-02-21 22:43:30.534 UTC: 	 Adding directory /lustrehome/mbuonsante/B_4mu/CMSSW_13_0_13/src/CommonTools/CandAlgos/python to tarball
DEBUG 2024-02-21 22:43:30.684 UTC: 	 Uploading archive /lustrehome/mbuonsante/B_4mu/CMSSW_13_0_13/src/B4muNtuplizer/CrabSubmission/2023_eraD-v2/crab_projects/crab_SkimB4Mu_2023eraD-v2_stream7_Mini/inputs/049b929e-dcba-4f5c-87db-9704dffbff7fdefault.tgz (0.643555.1 MB) to the CRAB cache. Using URI https://cmsweb.cern.ch/S3/crabcache_prod
DEBUG 2024-02-21 22:43:31.100 UTC: 	 Encoded data for curl request: subresource=upload&objecttype=sandbox&tarballname=c21f585968b676319b78458a8dfff0d78967d784c1d5d78343c5cdc38d3be0e5.tar.gz
DEBUG 2024-02-21 22:43:31.293 UTC: 	 sandbox c21f585968b676319b78458a8dfff0d78967d784c1d5d78343c5cdc38d3be0e5.tar.gz is already in the S3 store, will not upload again
DEBUG 2024-02-21 22:43:31.293 UTC: 	 Loading required information from the environment
DEBUG 2024-02-21 22:43:31.293 UTC: 	 Found CMSSW_13_0_13 for slc7_amd64_gcc11 with base /lustrehome/mbuonsante/B_4mu/CMSSW_13_0_13
DEBUG 2024-02-21 22:43:31.293 UTC: 	 Making tarball in /lustrehome/mbuonsante/B_4mu/CMSSW_13_0_13/src/B4muNtuplizer/CrabSubmission/2023_eraD-v2/crab_projects/crab_SkimB4Mu_2023eraD-v2_stream7_Mini/inputs/debugFiles.tgz
DEBUG 2024-02-21 22:43:31.298 UTC: 	 Uploading archive /lustrehome/mbuonsante/B_4mu/CMSSW_13_0_13/src/B4muNtuplizer/CrabSubmission/2023_eraD-v2/crab_projects/crab_SkimB4Mu_2023eraD-v2_stream7_Mini/inputs/debugFiles.tgz (2 KB) to the CRAB cache. Using URI https://cmsweb.cern.ch/S3/crabcache_prod
DEBUG 2024-02-21 22:43:31.303 UTC: 	 Encoded data for curl request: subresource=upload&objecttype=sandbox&tarballname=320af005ed2b19931c8669aff89b5086c82c863825a106c262cbb22b4beb1661.tar.gz
DEBUG 2024-02-21 22:43:31.528 UTC: 	 Will execute:
curl -f -v -X POST  -H "User-Agent: CRAB" -F "key=mbuonsan/sandboxes/320af005ed2b19931c8669aff89b5086c82c863825a106c262cbb22b4beb1661.tar.gz" -F "AWSAccessKeyId=ab00fcc889f248c495d2875f15a3badb" -F "policy=eyJleHBpcmF0aW9uIjogIjIwMjQtMDItMjFUMjM6NDM6MzFaIiwgImNvbmRpdGlvbnMiOiBbeyJidWNrZXQiOiAiY3JhYmNhY2hlX3Byb2QifSwgeyJrZXkiOiAibWJ1b25zYW4vc2FuZGJveGVzLzMyMGFmMDA1ZWQyYjE5OTMxYzg2NjlhZmY4OWI1MDg2YzgyYzg2MzgyNWExMDZjMjYyY2JiMjJiNGJlYjE2NjEudGFyLmd6In1dfQ==" -F "signature=f0hyTf9YycVzFM3PmNilZM/RE6k=" -F "file=@/lustrehome/mbuonsante/B_4mu/CMSSW_13_0_13/src/B4muNtuplizer/CrabSubmission/2023_eraD-v2/crab_projects/crab_SkimB4Mu_2023eraD-v2_stream7_Mini/inputs/debugFiles.tgz" "https://s3.cern.ch/crabcache_prod"
DEBUG 2024-02-21 22:43:31.673 UTC: 	 exitcode: 0
stdout: b''
DEBUG 2024-02-21 22:43:31.673 UTC: 	 sandbox /lustrehome/mbuonsante/B_4mu/CMSSW_13_0_13/src/B4muNtuplizer/CrabSubmission/2023_eraD-v2/crab_projects/crab_SkimB4Mu_2023eraD-v2_stream7_Mini/inputs/debugFiles.tgz successully uploaded to S3
DEBUG 2024-02-21 22:43:31.673 UTC: 	 Result uploading input files: c21f585968b676319b78458a8dfff0d78967d784c1d5d78343c5cdc38d3be0e5.tar.gz 
DEBUG 2024-02-21 22:43:31.673 UTC: 	 Attaching lumi mask https://cms-service-dqmdc.web.cern.ch/CAF/certification/Collisions23/Cert_Collisions2023_eraD_369803_370790_Golden.json to the request
DEBUG 2024-02-21 22:43:31.673 UTC: 	 Downloading lumi-mask from https://cms-service-dqmdc.web.cern.ch/CAF/certification/Collisions23/Cert_Collisions2023_eraD_369803_370790_Golden.json
WARNING 2024-02-21 22:43:31.874 UTC: 	 Warning: The following output files will not be published, as they are not EDM files: ['TreeData.root']
DEBUG 2024-02-21 22:43:31.874 UTC: 	 submit() - self.configuration from WMCore.Configuration import Configuration
config = Configuration()
config.section_('General')
config.General.workArea = 'crab_projects'
config.General.transferLogs = False
config.General.transferOutputs = True
config.General.requestName = 'SkimB4Mu_2023eraD-v2_stream7_Mini'
config.section_('JobType')
config.JobType.pluginName = 'Analysis'
config.JobType.psetName = '/lustrehome/mbuonsante/B_4mu/CMSSW_13_0_13/src/B4muNtuplizer/CrabSubmission/2023_eraD-v2/PatAndTree_cfg.py'
config.JobType.allowUndistributedCMSSW = True
config.section_('Data')
config.Data.lumiMask = 'https://cms-service-dqmdc.web.cern.ch/CAF/certification/Collisions23/Cert_Collisions2023_eraD_369803_370790_Golden.json'
config.Data.unitsPerJob = 50
config.Data.splitting = 'LumiBased'
config.Data.allowNonValidInputDataset = True
config.Data.outputDatasetTag = 'SkimB4Mu_2023eraD-v2_stream7_Mini'
config.Data.inputDataset = '/ParkingDoubleMuonLowMass7/Run2023D-22Sep2023_v2-v1/MINIAOD'
config.Data.inputDBS = 'global'
config.section_('Site')
config.Site.ignoreGlobalBlacklist = True
config.Site.storageSite = 'T2_IT_Bari'
config.section_('User')
config.section_('Debug')

DEBUG 2024-02-21 22:43:31.875 UTC: 	 submit() - self.configreq {'dryrun': 0, 'workflow': 'crab_SkimB4Mu_2023eraD-v2_stream7_Mini', 'saveoutput': 1, 'savelogsflag': 0, 'inputdata': '/ParkingDoubleMuonLowMass7/Run2023D-22Sep2023_v2-v1/MINIAOD', 'primarydataset': '', 'nonvaliddata': 1, 'userfiles': [], 'dbsurl': 'https://cmsweb.cern.ch/dbs/prod/global/DBSReader', 'useparent': 0, 'ignorelocality': 0, 'splitalgo': 'LumiBased', 'algoargs': 50, 'totalunits': 0, 'publication': 1, 'publishdbsurl': 'https://cmsweb.cern.ch/dbs/prod/phys03/DBSWriter', 'publishname2': 'SkimB4Mu_2023eraD-v2_stream7_Mini', 'jobtype': 'Analysis', 'generator': 'pythia', 'addoutputfiles': [], 'maxjobruntime': 1250, 'numcores': 1, 'maxmemory': 2000, 'priority': 10, 'nonprodsw': 1, 'asyncdest': 'T2_IT_Bari', 'requireaccelerator': 0, 'oneEventMode': 0, 'extrajdl': [], 'ignoreglobalblacklist': 1, 'partialdataset': 0, 'inputblocks': []}
DEBUG 2024-02-21 22:43:31.875 UTC: 	 submit() - jobconfig {'addoutputfiles': [], 'tfileoutfiles': ['TreeData.root'], 'edmoutfiles': [], 'jobarch': 'slc7_amd64_gcc11', 'jobsw': 'CMSSW_13_0_13', 'inputdata': '/ParkingDoubleMuonLowMass7/Run2023D-22Sep2023_v2-v1/MINIAOD', 'cacheurl': 'https://cmsweb.cern.ch/S3/crabcache_prod', 'cachefilename': 'c21f585968b676319b78458a8dfff0d78967d784c1d5d78343c5cdc38d3be0e5.tar.gz', 'debugfilename': '320af005ed2b19931c8669aff89b5086c82c863825a106c262cbb22b4beb1661.tar.gz', 'runs': ['369927', '369943', '369956', '369978', '369998', '369999', '370093', '370097', '370102', '370129', '370144', '370169', '370172', '370175', '370293', '370294', '370300', '370304', '370307', '370321', '370332', '370340', '370354', '370357', '370406', '370436', '370460', '370472', '370497', '370522', '370560', '370579', '370580', '370667', '370717', '370725', '370749', '370753', '370772', '370774', '370775', '370776', '370790'], 'lumis': ['37,376', '1,384', '37,1076', '31,812', '1,179', '1,41', '1,450', '1,356', '1,762', '42,123,125,552', '1,715,717,1329', '46,454,456,490,492,526,528,562,564,598,600,935,1002,1014,1016,1019,1021,1033,1035,1449', '1,300', '92,757,759,1785', '39,1618', '1,668', '1,962', '1,327', '1,708', '39,52', '1,144,146,1523,1525,1968', '24,779', '34,311', '1,801', '37,121,123,738,746,869', '1,31', '8,123', '1,32,34,43', '1,115,117,1419,1426,1436', '48,369', '62,90,92,410', '33,113,120,123', '1,2875', '1,28,30,102', '39,157', '44,392,394,456', '49,173,175,483,485,966,968,1541', '1,249', '29,1247', '1,159', '1,168', '1,326', '54,76'], 'jobtype': 'Analysis'}
INFO 2024-02-21 22:43:31.875 UTC: 	 Sending the request to the server at cmsweb.cern.ch
DEBUG 2024-02-21 22:43:31.875 UTC: 	 Submitting {'dryrun': 0, 'workflow': 'crab_SkimB4Mu_2023eraD-v2_stream7_Mini', 'saveoutput': 1, 'savelogsflag': 0, 'inputdata': '/ParkingDoubleMuonLowMass7/Run2023D-22Sep2023_v2-v1/MINIAOD', 'primarydataset': '', 'nonvaliddata': 1, 'userfiles': [], 'dbsurl': 'https://cmsweb.cern.ch/dbs/prod/global/DBSReader', 'useparent': 0, 'ignorelocality': 0, 'splitalgo': 'LumiBased', 'algoargs': 50, 'totalunits': 0, 'publication': 1, 'publishdbsurl': 'https://cmsweb.cern.ch/dbs/prod/phys03/DBSWriter', 'publishname2': 'SkimB4Mu_2023eraD-v2_stream7_Mini', 'jobtype': 'Analysis', 'generator': 'pythia', 'addoutputfiles': [], 'maxjobruntime': 1250, 'numcores': 1, 'maxmemory': 2000, 'priority': 10, 'nonprodsw': 1, 'asyncdest': 'T2_IT_Bari', 'requireaccelerator': 0, 'oneEventMode': 0, 'extrajdl': [], 'ignoreglobalblacklist': 1, 'partialdataset': 0, 'inputblocks': [], 'tfileoutfiles': ['TreeData.root'], 'edmoutfiles': [], 'jobarch': 'slc7_amd64_gcc11', 'jobsw': 'CMSSW_13_0_13', 'cacheurl': 'https://cmsweb.cern.ch/S3/crabcache_prod', 'cachefilename': 'c21f585968b676319b78458a8dfff0d78967d784c1d5d78343c5cdc38d3be0e5.tar.gz', 'debugfilename': '320af005ed2b19931c8669aff89b5086c82c863825a106c262cbb22b4beb1661.tar.gz', 'runs': ['369927', '369943', '369956', '369978', '369998', '369999', '370093', '370097', '370102', '370129', '370144', '370169', '370172', '370175', '370293', '370294', '370300', '370304', '370307', '370321', '370332', '370340', '370354', '370357', '370406', '370436', '370460', '370472', '370497', '370522', '370560', '370579', '370580', '370667', '370717', '370725', '370749', '370753', '370772', '370774', '370775', '370776', '370790'], 'lumis': ['37,376', '1,384', '37,1076', '31,812', '1,179', '1,41', '1,450', '1,356', '1,762', '42,123,125,552', '1,715,717,1329', '46,454,456,490,492,526,528,562,564,598,600,935,1002,1014,1016,1019,1021,1033,1035,1449', '1,300', '92,757,759,1785', '39,1618', '1,668', '1,962', '1,327', '1,708', '39,52', '1,144,146,1523,1525,1968', '24,779', '34,311', '1,801', '37,121,123,738,746,869', '1,31', '8,123', '1,32,34,43', '1,115,117,1419,1426,1436', '48,369', '62,90,92,410', '33,113,120,123', '1,2875', '1,28,30,102', '39,157', '44,392,394,456', '49,173,175,483,485,966,968,1541', '1,249', '29,1247', '1,159', '1,168', '1,326', '54,76']} 
DEBUG 2024-02-21 22:43:31.876 UTC: 	 Encoded data for curl request: dryrun=0&workflow=crab_SkimB4Mu_2023eraD-v2_stream7_Mini&saveoutput=1&savelogsflag=0&inputdata=%2FParkingDoubleMuonLowMass7%2FRun2023D-22Sep2023_v2-v1%2FMINIAOD&primarydataset=&nonvaliddata=1&dbsurl=https%3A%2F%2Fcmsweb.cern.ch%2Fdbs%2Fprod%2Fglobal%2FDBSReader&useparent=0&ignorelocality=0&splitalgo=LumiBased&algoargs=50&totalunits=0&publication=1&publishdbsurl=https%3A%2F%2Fcmsweb.cern.ch%2Fdbs%2Fprod%2Fphys03%2FDBSWriter&publishname2=SkimB4Mu_2023eraD-v2_stream7_Mini&jobtype=Analysis&generator=pythia&maxjobruntime=1250&numcores=1&maxmemory=2000&priority=10&nonprodsw=1&asyncdest=T2_IT_Bari&requireaccelerator=0&oneEventMode=0&ignoreglobalblacklist=1&partialdataset=0&jobarch=slc7_amd64_gcc11&jobsw=CMSSW_13_0_13&cacheurl=https%3A%2F%2Fcmsweb.cern.ch%2FS3%2Fcrabcache_prod&cachefilename=c21f585968b676319b78458a8dfff0d78967d784c1d5d78343c5cdc38d3be0e5.tar.gz&debugfilename=320af005ed2b19931c8669aff89b5086c82c863825a106c262cbb22b4beb1661.tar.gz&tfileoutfiles=TreeData.root&runs=369927&runs=369943&runs=369956&runs=369978&runs=369998&runs=369999&runs=370093&runs=370097&runs=370102&runs=370129&runs=370144&runs=370169&runs=370172&runs=370175&runs=370293&runs=370294&runs=370300&runs=370304&runs=370307&runs=370321&runs=370332&runs=370340&runs=370354&runs=370357&runs=370406&runs=370436&runs=370460&runs=370472&runs=370497&runs=370522&runs=370560&runs=370579&runs=370580&runs=370667&runs=370717&runs=370725&runs=370749&runs=370753&runs=370772&runs=370774&runs=370775&runs=370776&runs=370790&lumis=37%2C376&lumis=1%2C384&lumis=37%2C1076&lumis=31%2C812&lumis=1%2C179&lumis=1%2C41&lumis=1%2C450&lumis=1%2C356&lumis=1%2C762&lumis=42%2C123%2C125%2C552&lumis=1%2C715%2C717%2C1329&lumis=46%2C454%2C456%2C490%2C492%2C526%2C528%2C562%2C564%2C598%2C600%2C935%2C1002%2C1014%2C1016%2C1019%2C1021%2C1033%2C1035%2C1449&lumis=1%2C300&lumis=92%2C757%2C759%2C1785&lumis=39%2C1618&lumis=1%2C668&lumis=1%2C962&lumis=1%2C327&lumis=1%2C708&lumis=39%2C52&lumis=1%2C144%2C146%2C1523%2C1525%2C1968&lumis=24%2C779&lumis=34%2C311&lumis=1%2C801&lumis=37%2C121%2C123%2C738%2C746%2C869&lumis=1%2C31&lumis=8%2C123&lumis=1%2C32%2C34%2C43&lumis=1%2C115%2C117%2C1419%2C1426%2C1436&lumis=48%2C369&lumis=62%2C90%2C92%2C410&lumis=33%2C113%2C120%2C123&lumis=1%2C2875&lumis=1%2C28%2C30%2C102&lumis=39%2C157&lumis=44%2C392%2C394%2C456&lumis=49%2C173%2C175%2C483%2C485%2C966%2C968%2C1541&lumis=1%2C249&lumis=29%2C1247&lumis=1%2C159&lumis=1%2C168&lumis=1%2C326&lumis=54%2C76
DEBUG 2024-02-21 22:43:32.091 UTC: 	 Result: {'result': [{'RequestName': '240221_224332:mbuonsan_crab_SkimB4Mu_2023eraD-v2_stream7_Mini'}]}
INFO 2024-02-21 22:43:32.092 UTC: 	 Success: Your task has been delivered to the prod CRAB3 server.
INFO 2024-02-21 22:43:32.092 UTC: 	 Task name: 240221_224332:mbuonsan_crab_SkimB4Mu_2023eraD-v2_stream7_Mini
INFO 2024-02-21 22:43:32.092 UTC: 	 Project dir: crab_projects/crab_SkimB4Mu_2023eraD-v2_stream7_Mini
INFO 2024-02-21 22:43:32.092 UTC: 	 Please use ' crab status -d crab_projects/crab_SkimB4Mu_2023eraD-v2_stream7_Mini ' to check how the submission process proceeds.
DEBUG 2024-02-21 22:43:32.092 UTC: 	 About to return
INFO 2024-02-21 22:43:32.097 UTC: 	 Log file is /lustrehome/mbuonsante/B_4mu/CMSSW_13_0_13/src/B4muNtuplizer/CrabSubmission/2023_eraD-v2/crab_projects/crab_SkimB4Mu_2023eraD-v2_stream7_Mini/crab.log
DEBUG 2024-02-22 20:35:55.396 UTC: 	 CRAB Client version: v3.240110
DEBUG 2024-02-22 20:35:55.396 UTC: 	 Running on: Linux ui02.recas.ba.infn.it 3.10.0-1160.80.1.el7.x86_64 #1 SMP Tue Nov 8 15:48:59 UTC 2022 x86_64 x86_64 x86_64 GNU/Linux - CentOS Linux 7 (Core)
DEBUG 2024-02-22 20:35:55.396 UTC: 	 Executing command: 'resubmit'
DEBUG 2024-02-22 20:35:55.396 UTC: 	 Found CRAB cache file /lustrehome/mbuonsante/.crab3
DEBUG 2024-02-22 20:35:55.401 UTC: 	 Checking credentials
DEBUG 2024-02-22 20:35:55.401 UTC: 	 Found proxy file /tmp/x509up_u881331
DEBUG 2024-02-22 20:35:55.401 UTC: 	 Making sure it has proper VOMS extension
DEBUG 2024-02-22 20:35:55.401 UTC: 	 Executing command :
 voms-proxy-info --vo --file /tmp/x509up_u881331
DEBUG 2024-02-22 20:35:56.617 UTC: 	 output : cms

 error: 
 retcode : 0
DEBUG 2024-02-22 20:35:56.617 UTC: 	 Getting proxy life time left
DEBUG 2024-02-22 20:35:56.617 UTC: 	 Executing command :
 voms-proxy-info --actimeleft --timeleft --file /tmp/x509up_u881331
DEBUG 2024-02-22 20:35:57.864 UTC: 	 output : 399860
399859

 error: 
 retcode : 0
DEBUG 2024-02-22 20:35:57.864 UTC: 	 Proxy valid for 111:04:19 hours
DEBUG 2024-02-22 20:35:57.865 UTC: 	 Encoded data for curl request: subresource=delegatedn
DEBUG 2024-02-22 20:35:58.040 UTC: 	 Registering user credentials on myproxy for /DC=ch/DC=cern/OU=computers/CN=crab-(preprod|prod|dev)-tw(01|02|03).cern.ch|/DC=ch/DC=cern/OU=computers/CN=stefanov(m|m2).cern.ch|/DC=ch/DC=cern/OU=computers/CN=dciangot-tw.cern.ch
DEBUG 2024-02-22 20:35:58.040 UTC: 	 Executing command :
 voms-proxy-info --identity --file /tmp/x509up_u881331
DEBUG 2024-02-22 20:35:59.236 UTC: 	 output : /DC=ch/DC=cern/OU=Organic Units/OU=Users/CN=mbuonsan/CN=866052/CN=Marco Buonsante

 error: 
 retcode : 0
DEBUG 2024-02-22 20:35:59.237 UTC: 	 Getting myproxy life time left for db438794163ae221c16ac5cdc1e476b2bc2ff634
DEBUG 2024-02-22 20:35:59.237 UTC: 	 Executing command :
 myproxy-info -s myproxy.cern.ch -l db438794163ae221c16ac5cdc1e476b2bc2ff634
DEBUG 2024-02-22 20:35:59.586 UTC: 	 output : username: db438794163ae221c16ac5cdc1e476b2bc2ff634
owner: /DC=ch/DC=cern/OU=Organic Units/OU=Users/CN=mbuonsan/CN=866052/CN=Marco Buonsante
  renewal policy: /DC=ch/DC=cern/OU=computers/CN=crab-(preprod|prod|dev)-tw(01|02|03).cern.ch|/DC=ch/DC=cern/OU=computers/CN=stefanov(m|m2).cern.ch|/DC=ch/DC=cern/OU=computers/CN=dciangot-tw.cern.ch
  trusted retrieval policy: /DC=ch/DC=cern/OU=computers/CN=crab-(preprod|prod|dev)-tw(01|02|03).cern.ch|/DC=ch/DC=cern/OU=computers/CN=stefanov(m|m2).cern.ch|/DC=ch/DC=cern/OU=computers/CN=dciangot-tw.cern.ch
  timeleft: 471:05:28  (19.6 days)

 error: 
 retcode : 0
DEBUG 2024-02-22 20:35:59.587 UTC: 	 Myproxy is valid: 1695900
DEBUG 2024-02-22 20:35:59.587 UTC: 	 Result of myproxy credential check:
  Credential exists on myproxy: username: db438794163ae221c16ac5cdc1e476b2bc2ff634  - validity: 19 days, 15:05:00
DEBUG 2024-02-22 20:35:59.587 UTC: 	 Encoded data for curl request: subresource=search&workflow=240221_224332%3Ambuonsan_crab_SkimB4Mu_2023eraD-v2_stream7_Mini
DEBUG 2024-02-22 20:35:59.807 UTC: 	 Command use: resubmit
DEBUG 2024-02-22 20:35:59.807 UTC: 	 Options use: ['-d', 'crab_projects/crab_SkimB4Mu_2023eraD-v2_stream7_Mini']
DEBUG 2024-02-22 20:35:59.808 UTC: 	 Encoded data for curl request: subresource=version
DEBUG 2024-02-22 20:35:59.977 UTC: 	 CRABClient version: v3.240110
DEBUG 2024-02-22 20:35:59.977 UTC: 	 Instance is prod
DEBUG 2024-02-22 20:35:59.977 UTC: 	 Server base url is cmsweb.cern.ch
DEBUG 2024-02-22 20:35:59.977 UTC: 	 Command api workflow
DEBUG 2024-02-22 20:35:59.996 UTC: 	 CRAB Client version: v3.240110
DEBUG 2024-02-22 20:35:59.996 UTC: 	 Running on: Linux ui02.recas.ba.infn.it 3.10.0-1160.80.1.el7.x86_64 #1 SMP Tue Nov 8 15:48:59 UTC 2022 x86_64 x86_64 x86_64 GNU/Linux - CentOS Linux 7 (Core)
DEBUG 2024-02-22 20:35:59.996 UTC: 	 Executing command: 'status'
DEBUG 2024-02-22 20:35:59.996 UTC: 	 Found CRAB cache file /lustrehome/mbuonsante/.crab3
DEBUG 2024-02-22 20:35:59.999 UTC: 	 Checking credentials
DEBUG 2024-02-22 20:35:59.999 UTC: 	 Found proxy file /tmp/x509up_u881331
DEBUG 2024-02-22 20:35:59.999 UTC: 	 Making sure it has proper VOMS extension
DEBUG 2024-02-22 20:35:59.999 UTC: 	 Executing command :
 voms-proxy-info --vo --file /tmp/x509up_u881331
DEBUG 2024-02-22 20:36:01.260 UTC: 	 output : cms

 error: 
 retcode : 0
DEBUG 2024-02-22 20:36:01.261 UTC: 	 Getting proxy life time left
DEBUG 2024-02-22 20:36:01.261 UTC: 	 Executing command :
 voms-proxy-info --actimeleft --timeleft --file /tmp/x509up_u881331
DEBUG 2024-02-22 20:36:02.533 UTC: 	 output : 399855
399854

 error: 
 retcode : 0
DEBUG 2024-02-22 20:36:02.533 UTC: 	 Proxy valid for 111:04:14 hours
DEBUG 2024-02-22 20:36:02.533 UTC: 	 Encoded data for curl request: subresource=delegatedn
DEBUG 2024-02-22 20:36:02.699 UTC: 	 Registering user credentials on myproxy for /DC=ch/DC=cern/OU=computers/CN=crab-(preprod|prod|dev)-tw(01|02|03).cern.ch|/DC=ch/DC=cern/OU=computers/CN=stefanov(m|m2).cern.ch|/DC=ch/DC=cern/OU=computers/CN=dciangot-tw.cern.ch
DEBUG 2024-02-22 20:36:02.699 UTC: 	 Executing command :
 voms-proxy-info --identity --file /tmp/x509up_u881331
DEBUG 2024-02-22 20:36:03.916 UTC: 	 output : /DC=ch/DC=cern/OU=Organic Units/OU=Users/CN=mbuonsan/CN=866052/CN=Marco Buonsante

 error: 
 retcode : 0
DEBUG 2024-02-22 20:36:03.917 UTC: 	 Getting myproxy life time left for db438794163ae221c16ac5cdc1e476b2bc2ff634
DEBUG 2024-02-22 20:36:03.917 UTC: 	 Executing command :
 myproxy-info -s myproxy.cern.ch -l db438794163ae221c16ac5cdc1e476b2bc2ff634
DEBUG 2024-02-22 20:36:04.304 UTC: 	 output : username: db438794163ae221c16ac5cdc1e476b2bc2ff634
owner: /DC=ch/DC=cern/OU=Organic Units/OU=Users/CN=mbuonsan/CN=866052/CN=Marco Buonsante
  renewal policy: /DC=ch/DC=cern/OU=computers/CN=crab-(preprod|prod|dev)-tw(01|02|03).cern.ch|/DC=ch/DC=cern/OU=computers/CN=stefanov(m|m2).cern.ch|/DC=ch/DC=cern/OU=computers/CN=dciangot-tw.cern.ch
  trusted retrieval policy: /DC=ch/DC=cern/OU=computers/CN=crab-(preprod|prod|dev)-tw(01|02|03).cern.ch|/DC=ch/DC=cern/OU=computers/CN=stefanov(m|m2).cern.ch|/DC=ch/DC=cern/OU=computers/CN=dciangot-tw.cern.ch
  timeleft: 471:05:23  (19.6 days)

 error: 
 retcode : 0
DEBUG 2024-02-22 20:36:04.304 UTC: 	 Myproxy is valid: 1695900
DEBUG 2024-02-22 20:36:04.304 UTC: 	 Result of myproxy credential check:
  Credential exists on myproxy: username: db438794163ae221c16ac5cdc1e476b2bc2ff634  - validity: 19 days, 15:05:00
DEBUG 2024-02-22 20:36:04.304 UTC: 	 Retrieving username ...
DEBUG 2024-02-22 20:36:04.304 UTC: 	 Retrieving username from CRIC...
DEBUG 2024-02-22 20:36:23.970 UTC: 	 username is mbuonsan
INFO 2024-02-22 20:36:25.054 UTC: 	 Rucio client intialized for account mbuonsan
DEBUG 2024-02-22 20:36:25.054 UTC: 	 Command use: status
DEBUG 2024-02-22 20:36:25.054 UTC: 	 Options use: []
DEBUG 2024-02-22 20:36:25.054 UTC: 	 Encoded data for curl request: subresource=version
DEBUG 2024-02-22 20:36:25.225 UTC: 	 CRABClient version: v3.240110
DEBUG 2024-02-22 20:36:25.225 UTC: 	 Instance is prod
DEBUG 2024-02-22 20:36:25.225 UTC: 	 Server base url is cmsweb.cern.ch
DEBUG 2024-02-22 20:36:25.225 UTC: 	 Command api workflow
DEBUG 2024-02-22 20:36:25.226 UTC: 	 Encoded data for curl request: subresource=search&workflow=240221_224332%3Ambuonsan_crab_SkimB4Mu_2023eraD-v2_stream7_Mini
DEBUG 2024-02-22 20:36:25.411 UTC: 	 Got information from server oracle database: {'desc': {'columns': ['tm_taskname', 'tm_activity', 'panda_jobset_id', 'tm_task_status', 'tm_task_command', 'tm_start_time', 'tm_start_injection', 'tm_end_injection', 'tm_task_failure', 'tm_job_sw', 'tm_job_arch', 'tm_input_dataset', 'tm_nonvalid_input_dataset', 'tm_use_parent', 'tm_site_whitelist', 'tm_site_blacklist', 'tm_split_algo', 'tm_split_args', 'tm_user_sandbox', 'tm_cache_url', 'tm_username', 'tm_user_dn', 'tm_user_vo', 'tm_user_role', 'tm_user_group', 'tm_publish_name', 'tm_publish_groupname', 'tm_asyncdest', 'tm_dbs_url', 'tm_publish_dbs_url', 'tm_publication', 'tm_outfiles', 'tm_tfile_outfiles', 'tm_edm_outfiles', 'tm_job_type', 'tm_generator', 'tm_events_per_lumi', 'tm_arguments', 'panda_resubmitted_jobs', 'tm_save_logs', 'tw_name', 'tm_user_infiles', 'tm_maxjobruntime', 'tm_numcores', 'tm_maxmemory', 'tm_priority', 'tm_output_dataset', 'tm_task_warnings', 'tm_user_webdir', 'tm_scriptexe', 'tm_scriptargs', 'tm_extrajdl', 'tm_asourl', 'tm_collector', 'tm_schedd', 'tm_dry_run', 'tm_user_files', 'tm_transfer_outputs', 'tm_output_lfn', 'tm_ignore_locality', 'tm_fail_limit', 'tm_one_event_mode', 'tm_secondary_input_dataset', 'tm_primary_dataset', 'tm_last_publication', 'tm_debug_files', 'clusterid', 'tm_asodb', 'tm_ignore_global_blacklist', 'tm_submitter_ip_addr', 'tm_totalunits', 'tm_ddm_reqid', 'tm_user_config', 'tm_transfer_container', 'tm_transfer_rule', 'tm_publish_rule', 'tm_multipub_rule']}, 'result': ['240221_224332:mbuonsan_crab_SkimB4Mu_2023eraD-v2_stream7_Mini', 'None', 'None', 'SUBMITTED', 'SUBMIT', '2024-02-21 22:43:32.065963', 'None', '2024-02-21 22:49:55.366132', 'None', 'CMSSW_13_0_13', 'slc7_amd64_gcc11', '/ParkingDoubleMuonLowMass7/Run2023D-22Sep2023_v2-v1/MINIAOD', 'T', '0', '[]', '[]', 'LumiBased', "{'halt_job_on_file_boundaries': False, 'splitOnRun': False, 'lumis_per_job': 50, 'runs': ['369927', '369943', '369956', '369978', '369998', '369999', '370093', '370097', '370102', '370129', '370144', '370169', '370172', '370175', '370293', '370294', '370300', '370304', '370307', '370321', '370332', '370340', '370354', '370357', '370406', '370436', '370460', '370472', '370497', '370522', '370560', '370579', '370580', '370667', '370717', '370725', '370749', '370753', '370772', '370774', '370775', '370776', '370790'], 'lumis': ['37,376', '1,384', '37,1076', '31,812', '1,179', '1,41', '1,450', '1,356', '1,762', '42,123,125,552', '1,715,717,1329', '46,454,456,490,492,526,528,562,564,598,600,935,1002,1014,1016,1019,1021,1033,1035,1449', '1,300', '92,757,759,1785', '39,1618', '1,668', '1,962', '1,327', '1,708', '39,52', '1,144,146,1523,1525,1968', '24,779', '34,311', '1,801', '37,121,123,738,746,869', '1,31', '8,123', '1,32,34,43', '1,115,117,1419,1426,1436', '48,369', '62,90,92,410', '33,113,120,123', '1,2875', '1,28,30,102', '39,157', '44,392,394,456', '49,173,175,483,485,966,968,1541', '1,249', '29,1247', '1,159', '1,168', '1,326', '54,76']}", 'c21f585968b676319b78458a8dfff0d78967d784c1d5d78343c5cdc38d3be0e5.tar.gz', 'https://cmsweb.cern.ch/S3/crabcache_prod', 'mbuonsan', '/DC=ch/DC=cern/OU=Organic Units/OU=Users/CN=mbuonsan/CN=866052/CN=Marco Buonsante', 'cms', 'None', 'None', 'SkimB4Mu_2023eraD-v2_stream7_Mini-00000000000000000000000000000000', 'F', 'T2_IT_Bari', 'https://cmsweb.cern.ch/dbs/prod/global/DBSReader', 'https://cmsweb.cern.ch/dbs/prod/phys03/DBSWriter', 'T', '[]', "['TreeData.root']", '[]', 'Analysis', 'pythia', 'None', '{}', 'None', 'F', 'crab-prod-tw01', '[]', '1250', '1', '2000', '10', "['/FakeDataset/fakefile-FakePublish-2ec3cbeddb13cdb01d3d9c414267228f/USER']", '[]', 'http://vocms0155.cern.ch/mon/mbuonsan/240221_224332:mbuonsan_crab_SkimB4Mu_2023eraD-v2_stream7_Mini', 'None', '[]', '[]', 'None', 'cmsgwms-collector-global.cern.ch:9620,cmsgwms-collector-global.fnal.gov:9620', 'crab3@vocms0155.cern.ch', 'F', '[]', 'T', '/store/user/mbuonsan/', 'F', 'None', 'F', 'None', 'ParkingDoubleMuonLowMass7', 'None', '320af005ed2b19931c8669aff89b5086c82c863825a106c262cbb22b4beb1661.tar.gz', '105159459', 'None', 'T', '188.185.89.194', '0.0', 'None', '{"partialdataset": false, "requireaccelerator": false, "acceleratorparams": null, "inputblocks": null}', 'None', 'None', 'None', 'None']}
INFO 2024-02-22 20:36:25.411 UTC: 	 CRAB project directory:		/lustrehome/mbuonsante/B_4mu/CMSSW_13_0_13/src/B4muNtuplizer/CrabSubmission/2023_eraD-v2/crab_projects/crab_SkimB4Mu_2023eraD-v2_stream7_Mini
INFO 2024-02-22 20:36:25.411 UTC: 	 Task name:			240221_224332:mbuonsan_crab_SkimB4Mu_2023eraD-v2_stream7_Mini
INFO 2024-02-22 20:36:25.411 UTC: 	 Grid scheduler - Task Worker:	crab3@vocms0155.cern.ch - crab-prod-tw01
INFO 2024-02-22 20:36:25.411 UTC: 	 Status on the CRAB server:	SUBMITTED
INFO 2024-02-22 20:36:25.412 UTC: 	 Task URL to use for HELP:	https://cmsweb.cern.ch/crabserver/ui/task/240221_224332%3Ambuonsan_crab_SkimB4Mu_2023eraD-v2_stream7_Mini
INFO 2024-02-22 20:36:25.425 UTC: 	 Dashboard monitoring URL:	https://monit-grafana.cern.ch/d/cmsTMDetail/cms-task-monitoring-task-view?orgId=11&var-user=mbuonsan&var-task=240221_224332%3Ambuonsan_crab_SkimB4Mu_2023eraD-v2_stream7_Mini&from=1708551812000&to=now
DEBUG 2024-02-22 20:36:25.425 UTC: 	 The CRAB server submitted your task to the Grid scheduler (cluster ID: 105159459)
DEBUG 2024-02-22 20:36:25.425 UTC: 	 Webdir is located at http://vocms0155.cern.ch/mon/mbuonsan/240221_224332:mbuonsan_crab_SkimB4Mu_2023eraD-v2_stream7_Mini
DEBUG 2024-02-22 20:36:25.425 UTC: 	 Encoded data for curl request: subresource=webdirprx&workflow=240221_224332%3Ambuonsan_crab_SkimB4Mu_2023eraD-v2_stream7_Mini
DEBUG 2024-02-22 20:36:25.633 UTC: 	 Proxied webdir is located at https://cmsweb.cern.ch:8443/scheddmon/0155/mbuonsan/240221_224332:mbuonsan_crab_SkimB4Mu_2023eraD-v2_stream7_Mini
DEBUG 2024-02-22 20:36:25.633 UTC: 	 Retrieving 'status_cache' file from https://cmsweb.cern.ch:8443/scheddmon/0155/mbuonsan/240221_224332:mbuonsan_crab_SkimB4Mu_2023eraD-v2_stream7_Mini/status_cache.pkl
DEBUG 2024-02-22 20:36:25.634 UTC: 	 Will execute:
curl -sS --capath /etc/grid-security/certificates --cert /tmp/x509up_u881331 --key /tmp/x509up_u881331 -o /tmp/crab_status-cache-d8figj1w.pkl -w %"{http_code}" "https://cmsweb.cern.ch:8443/scheddmon/0155/mbuonsan/240221_224332:mbuonsan_crab_SkimB4Mu_2023eraD-v2_stream7_Mini/status_cache.pkl"
DEBUG 2024-02-22 20:36:25.634 UTC: 	 Executing command :
 curl -sS --capath /etc/grid-security/certificates --cert /tmp/x509up_u881331 --key /tmp/x509up_u881331 -o /tmp/crab_status-cache-d8figj1w.pkl -w %"{http_code}" "https://cmsweb.cern.ch:8443/scheddmon/0155/mbuonsan/240221_224332:mbuonsan_crab_SkimB4Mu_2023eraD-v2_stream7_Mini/status_cache.pkl"
DEBUG 2024-02-22 20:36:25.875 UTC: 	 output : 200
 error: 
 retcode : 0
DEBUG 2024-02-22 20:36:25.875 UTC: 	 exitcode: 0
stdout: 200
stderr: 
error details: 
DEBUG 2024-02-22 20:36:25.876 UTC: 	 Got information from status cache file: {'5': {'Retries': 0, 'Restarts': 0, 'SiteHistory': ['Unknown', 'T3_UK_London_QMUL', 'T3_UK_London_QMUL'], 'ResidentSetSize': [1352732], 'SubmitTimes': [1708555802.0], 'StartTimes': [1708555959.0], 'EndTimes': [1708558473.0], 'TotalUserCpuTimeHistory': [2292], 'TotalSysCpuTimeHistory': [44], 'WallDurations': [9.0, 204.37524509429932, 2514.0], 'JobIds': ['105159461.0'], 'State': 'finished', 'RecordedSite': True}, '2': {'Retries': 0, 'Restarts': 0, 'SiteHistory': ['Unknown', 'T2_UK_London_Brunel', 'T2_UK_London_Brunel'], 'ResidentSetSize': [1643616], 'SubmitTimes': [1708555802.0], 'StartTimes': [1708555960.0], 'EndTimes': [1708558512.0], 'TotalUserCpuTimeHistory': [2044], 'TotalSysCpuTimeHistory': [100], 'WallDurations': [8.0, 203.37524509429932, 2552.0], 'JobIds': ['105159462.0'], 'State': 'finished', 'RecordedSite': True}, '3': {'Retries': 1, 'Restarts': 0, 'SiteHistory': ['Unknown', 'T2_UK_London_IC', 'T2_UK_London_IC', 'T2_US_Nebraska', 'T2_US_Nebraska'], 'ResidentSetSize': [1568144, 1513144], 'SubmitTimes': [1708555802.0, 1708561661.0], 'StartTimes': [1708555962.0, 1708561684.0], 'EndTimes': [1708559788.0, 1708564950.0], 'TotalUserCpuTimeHistory': [2568, 2950], 'TotalSysCpuTimeHistory': [74, 63], 'WallDurations': [8.0, 201.37524509429932, 3826.0, 9.0, 3266.0], 'JobIds': ['105159463.0', '105161023.0'], 'State': 'finished', 'RecordedSite': True}, '1': {'Retries': 0, 'Restarts': 0, 'SiteHistory': ['Unknown', 'T3_UK_London_QMUL', 'T3_UK_London_QMUL'], 'ResidentSetSize': [1241628], 'SubmitTimes': [1708555802.0], 'StartTimes': [1708555960.0], 'EndTimes': [1708557341.0], 'TotalUserCpuTimeHistory': [1145], 'TotalSysCpuTimeHistory': [46], 'WallDurations': [8.0, 203.37524509429932, 1381.0], 'JobIds': ['105159464.0'], 'State': 'finished', 'RecordedSite': True}, '7': {'Retries': 0, 'Restarts': 0, 'SiteHistory': ['T3_UK_London_QMUL', 'T3_UK_London_QMUL'], 'ResidentSetSize': [1257764], 'SubmitTimes': [1708555802.0], 'StartTimes': [1708555811.0], 'EndTimes': [1708558865.0], 'TotalUserCpuTimeHistory': [2667], 'TotalSysCpuTimeHistory': [64], 'WallDurations': [9.0, 3054.0], 'JobIds': ['105159465.0'], 'State': 'finished', 'RecordedSite': True}, '10': {'Retries': 0, 'Restarts': 0, 'SiteHistory': ['T3_UK_London_QMUL', 'T3_UK_London_QMUL'], 'ResidentSetSize': [1258872], 'SubmitTimes': [1708555802.0], 'StartTimes': [1708555824.0], 'EndTimes': [1708559274.0], 'TotalUserCpuTimeHistory': [3112], 'TotalSysCpuTimeHistory': [74], 'WallDurations': [9.0, 3450.0], 'JobIds': ['105159466.0'], 'State': 'finished', 'RecordedSite': True}, '4': {'Retries': 0, 'Restarts': 0, 'SiteHistory': ['Unknown', 'T2_UK_London_IC', 'T2_UK_London_IC'], 'ResidentSetSize': [1582928], 'SubmitTimes': [1708555802.0], 'StartTimes': [1708555959.0], 'EndTimes': [1708558965.0], 'TotalUserCpuTimeHistory': [2755], 'TotalSysCpuTimeHistory': [74], 'WallDurations': [9.0, 204.37524509429932, 3006.0], 'JobIds': ['105159467.0'], 'State': 'finished', 'RecordedSite': True}, '12': {'Retries': 0, 'Restarts': 0, 'SiteHistory': ['T3_UK_London_QMUL', 'T3_UK_London_QMUL'], 'ResidentSetSize': [1562564], 'SubmitTimes': [1708555802.0], 'StartTimes': [1708555863.0], 'EndTimes': [1708557587.0], 'TotalUserCpuTimeHistory': [1491], 'TotalSysCpuTimeHistory': [31], 'WallDurations': [8.0, 1724.0], 'JobIds': ['105159468.0'], 'State': 'finished', 'RecordedSite': True}, '6': {'Retries': 0, 'Restarts': 0, 'SiteHistory': ['Unknown', 'T3_UK_London_QMUL', 'T3_UK_London_QMUL'], 'ResidentSetSize': [1499992], 'SubmitTimes': [1708555802.0], 'StartTimes': [1708555891.0], 'EndTimes': [1708558095.0], 'TotalUserCpuTimeHistory': [2030], 'TotalSysCpuTimeHistory': [47], 'WallDurations': [9.0, 272.3752450942993, 2204.0], 'JobIds': ['105159469.0'], 'State': 'finished', 'RecordedSite': True}, '8': {'Retries': 0, 'Restarts': 0, 'SiteHistory': ['Unknown', 'T3_UK_London_QMUL', 'T3_UK_London_QMUL'], 'ResidentSetSize': [1509572], 'SubmitTimes': [1708555802.0], 'StartTimes': [1708555893.0], 'EndTimes': [1708558008.0], 'TotalUserCpuTimeHistory': [1894], 'TotalSysCpuTimeHistory': [42], 'WallDurations': [9.0, 270.3752450942993, 2115.0], 'JobIds': ['105159470.0'], 'State': 'finished', 'RecordedSite': True}, '14': {'Retries': 0, 'Restarts': 0, 'SiteHistory': ['Unknown', 'T3_UK_London_QMUL', 'T3_UK_London_QMUL'], 'ResidentSetSize': [1247568], 'SubmitTimes': [1708555802.0], 'StartTimes': [1708555915.0], 'EndTimes': [1708557563.0], 'TotalUserCpuTimeHistory': [1427], 'TotalSysCpuTimeHistory': [44], 'WallDurations': [8.0, 248.37524509429932, 1648.0], 'JobIds': ['105159471.0'], 'State': 'finished', 'RecordedSite': True}, '9': {'Retries': 0, 'Restarts': 0, 'SiteHistory': ['Unknown', 'T3_UK_London_QMUL', 'T3_UK_London_QMUL'], 'ResidentSetSize': [1490784], 'SubmitTimes': [1708555802.0], 'StartTimes': [1708555920.0], 'EndTimes': [1708558000.0], 'TotalUserCpuTimeHistory': [1896], 'TotalSysCpuTimeHistory': [44], 'WallDurations': [8.0, 243.37524509429932, 2080.0], 'JobIds': ['105159472.0'], 'State': 'finished', 'RecordedSite': True}, '13': {'Retries': 0, 'Restarts': 0, 'SiteHistory': ['Unknown', 'T2_UK_London_IC', 'T2_UK_London_IC'], 'ResidentSetSize': [1546452], 'SubmitTimes': [1708555802.0], 'StartTimes': [1708555957.0], 'EndTimes': [1708558814.0], 'TotalUserCpuTimeHistory': [2376], 'TotalSysCpuTimeHistory': [73], 'WallDurations': [8.0, 206.37524509429932, 2857.0], 'JobIds': ['105159473.0'], 'State': 'finished', 'RecordedSite': True}, '16': {'Retries': 0, 'Restarts': 0, 'SiteHistory': ['Unknown', 'T3_UK_London_QMUL', 'T3_UK_London_QMUL'], 'ResidentSetSize': [1221252], 'SubmitTimes': [1708555802.0], 'StartTimes': [1708555959.0], 'EndTimes': [1708557693.0], 'TotalUserCpuTimeHistory': [1512], 'TotalSysCpuTimeHistory': [50], 'WallDurations': [9.0, 204.37524509429932, 1734.0], 'JobIds': ['105159474.0'], 'State': 'finished', 'RecordedSite': True}, '11': {'Retries': 0, 'Restarts': 0, 'SiteHistory': ['Unknown', 'T3_UK_London_QMUL', 'T3_UK_London_QMUL'], 'ResidentSetSize': [1379760], 'SubmitTimes': [1708555807.0], 'StartTimes': [1708555960.0], 'EndTimes': [1708558183.0], 'TotalUserCpuTimeHistory': [2041], 'TotalSysCpuTimeHistory': [49], 'WallDurations': [8.0, 203.37524509429932, 2223.0], 'JobIds': ['105159475.0'], 'State': 'finished', 'RecordedSite': True}, '15': {'Retries': 0, 'Restarts': 0, 'SiteHistory': ['Unknown', 'T2_UK_London_IC', 'T2_UK_London_IC'], 'ResidentSetSize': [1428660], 'SubmitTimes': [1708555807.0], 'StartTimes': [1708555959.0], 'EndTimes': [1708558069.0], 'TotalUserCpuTimeHistory': [1644], 'TotalSysCpuTimeHistory': [68], 'WallDurations': [9.0, 204.37524509429932, 2110.0], 'JobIds': ['105159476.0'], 'State': 'finished', 'RecordedSite': True}, '17': {'Retries': 0, 'Restarts': 0, 'SiteHistory': ['Unknown', 'T3_UK_London_QMUL', 'T3_UK_London_QMUL'], 'ResidentSetSize': [1431564], 'SubmitTimes': [1708555807.0], 'StartTimes': [1708555958.0], 'EndTimes': [1708557340.0], 'TotalUserCpuTimeHistory': [1134], 'TotalSysCpuTimeHistory': [37], 'WallDurations': [9.0, 205.37524509429932, 1382.0], 'JobIds': ['105159477.0'], 'State': 'finished', 'RecordedSite': True}, '18': {'Retries': 0, 'Restarts': 0, 'SiteHistory': ['Unknown', 'T2_UK_London_IC', 'T2_UK_London_IC'], 'ResidentSetSize': [1869048], 'SubmitTimes': [1708555807.0], 'StartTimes': [1708555958.0], 'EndTimes': [1708557596.0], 'TotalUserCpuTimeHistory': [1323], 'TotalSysCpuTimeHistory': [51], 'WallDurations': [9.0, 205.37524509429932, 1638.0], 'JobIds': ['105159478.0'], 'State': 'finished', 'RecordedSite': True}, '19': {'Retries': 0, 'Restarts': 0, 'SiteHistory': ['Unknown', 'T2_UK_London_IC', 'T2_UK_London_IC'], 'ResidentSetSize': [1254372], 'SubmitTimes': [1708555808.0], 'StartTimes': [1708555960.0], 'EndTimes': [1708557367.0], 'TotalUserCpuTimeHistory': [1167], 'TotalSysCpuTimeHistory': [40], 'WallDurations': [9.0, 203.37524509429932, 1407.0], 'JobIds': ['105159479.0'], 'State': 'finished', 'RecordedSite': True}, '20': {'Retries': 0, 'Restarts': 0, 'SiteHistory': ['Unknown', 'T3_UK_London_QMUL', 'T3_UK_London_QMUL'], 'ResidentSetSize': [1217528], 'SubmitTimes': [1708555808.0], 'StartTimes': [1708555959.0], 'EndTimes': [1708556669.0], 'TotalUserCpuTimeHistory': [621], 'TotalSysCpuTimeHistory': [18], 'WallDurations': [9.0, 204.37524509429932, 710.0], 'JobIds': ['105159480.0'], 'State': 'finished', 'RecordedSite': True}, '21': {'Retries': 0, 'Restarts': 0, 'SiteHistory': ['Unknown', 'T2_US_Nebraska', 'T2_US_Nebraska'], 'ResidentSetSize': [1638720], 'SubmitTimes': [1708555808.0], 'StartTimes': [1708557076.0], 'EndTimes': [1708559179.0], 'TotalUserCpuTimeHistory': [1724], 'TotalSysCpuTimeHistory': [63], 'WallDurations': [9.0, 290.5890874862671, 2103.0], 'JobIds': ['105159481.0'], 'State': 'finished', 'RecordedSite': True}, '22': {'Retries': 0, 'Restarts': 0, 'SiteHistory': ['Unknown', 'T2_US_Nebraska', 'T2_US_Nebraska'], 'ResidentSetSize': [1640244], 'SubmitTimes': [1708555808.0], 'StartTimes': [1708557076.0], 'EndTimes': [1708558389.0], 'TotalUserCpuTimeHistory': [1094], 'TotalSysCpuTimeHistory': [28], 'WallDurations': [10.0, 290.5890874862671, 1313.0], 'JobIds': ['105159482.0'], 'State': 'finished', 'RecordedSite': True}, '23': {'Retries': 0, 'Restarts': 0, 'SiteHistory': ['Unknown', 'T2_US_Nebraska', 'T2_US_Nebraska'], 'ResidentSetSize': [1761424], 'SubmitTimes': [1708555808.0], 'StartTimes': [1708557082.0], 'EndTimes': [1708560609.0], 'TotalUserCpuTimeHistory': [3047], 'TotalSysCpuTimeHistory': [71], 'WallDurations': [10.0, 284.5890874862671, 3527.0], 'JobIds': ['105159483.0'], 'State': 'finished', 'RecordedSite': True}, '24': {'Retries': 0, 'Restarts': 0, 'SiteHistory': ['Unknown', 'T2_US_Nebraska', 'T2_US_Nebraska'], 'ResidentSetSize': [1762312], 'SubmitTimes': [1708555808.0], 'StartTimes': [1708557077.0], 'EndTimes': [1708560418.0], 'TotalUserCpuTimeHistory': [2874], 'TotalSysCpuTimeHistory': [75], 'WallDurations': [9.0, 289.5890874862671, 3341.0], 'JobIds': ['105159484.0'], 'State': 'finished', 'RecordedSite': True}, '25': {'Retries': 0, 'Restarts': 0, 'SiteHistory': ['Unknown', 'T2_US_Nebraska', 'T2_US_Nebraska'], 'ResidentSetSize': [1604892], 'SubmitTimes': [1708555808.0], 'StartTimes': [1708557079.0], 'EndTimes': [1708558674.0], 'TotalUserCpuTimeHistory': [1280], 'TotalSysCpuTimeHistory': [53], 'WallDurations': [9.0, 287.5890874862671, 1595.0], 'JobIds': ['105159485.0'], 'State': 'finished', 'RecordedSite': True}, '26': {'Retries': 0, 'Restarts': 0, 'SiteHistory': ['Unknown', 'T2_US_Nebraska', 'T2_US_Nebraska'], 'ResidentSetSize': [1458988], 'SubmitTimes': [1708555808.0], 'StartTimes': [1708557078.0], 'EndTimes': [1708558121.0], 'TotalUserCpuTimeHistory': [871], 'TotalSysCpuTimeHistory': [23], 'WallDurations': [8.0, 288.5890874862671, 1043.0], 'JobIds': ['105159486.0'], 'State': 'finished', 'RecordedSite': True}, '27': {'Retries': 0, 'Restarts': 0, 'SiteHistory': ['Unknown', 'T2_US_Nebraska', 'T2_US_Nebraska'], 'ResidentSetSize': [1518980], 'SubmitTimes': [1708555808.0], 'StartTimes': [1708557077.0], 'EndTimes': [1708559103.0], 'TotalUserCpuTimeHistory': [1655], 'TotalSysCpuTimeHistory': [45], 'WallDurations': [9.0, 289.5890874862671, 2026.0], 'JobIds': ['105159487.0'], 'State': 'finished', 'RecordedSite': True}, '28': {'Retries': 0, 'Restarts': 0, 'SiteHistory': ['Unknown', 'T2_US_Nebraska', 'T2_US_Nebraska'], 'ResidentSetSize': [1778508], 'SubmitTimes': [1708555808.0], 'StartTimes': [1708557077.0], 'EndTimes': [1708560429.0], 'TotalUserCpuTimeHistory': [2946], 'TotalSysCpuTimeHistory': [60], 'WallDurations': [9.0, 289.5890874862671, 3352.0], 'JobIds': ['105159488.0'], 'State': 'finished', 'RecordedSite': True}, '29': {'Retries': 0, 'Restarts': 0, 'SiteHistory': ['Unknown', 'T2_US_Nebraska', 'T2_US_Nebraska'], 'ResidentSetSize': [1742120], 'SubmitTimes': [1708555808.0], 'StartTimes': [1708557082.0], 'EndTimes': [1708560670.0], 'TotalUserCpuTimeHistory': [3160], 'TotalSysCpuTimeHistory': [66], 'WallDurations': [10.0, 284.5890874862671, 3588.0], 'JobIds': ['105159489.0'], 'State': 'finished', 'RecordedSite': True}, '30': {'Retries': 0, 'Restarts': 0, 'SiteHistory': ['Unknown', 'T2_US_Nebraska', 'T2_US_Nebraska'], 'ResidentSetSize': [1796488], 'SubmitTimes': [1708555808.0], 'StartTimes': [1708557077.0], 'EndTimes': [1708559852.0], 'TotalUserCpuTimeHistory': [2442], 'TotalSysCpuTimeHistory': [36], 'WallDurations': [9.0, 289.5890874862671, 2775.0], 'JobIds': ['105159490.0'], 'State': 'finished', 'RecordedSite': True}, '31': {'Retries': 0, 'Restarts': 0, 'SiteHistory': ['Unknown', 'T2_US_Nebraska', 'T2_US_Nebraska'], 'ResidentSetSize': [1635104], 'SubmitTimes': [1708555808.0], 'StartTimes': [1708557079.0], 'EndTimes': [1708559703.0], 'TotalUserCpuTimeHistory': [2284], 'TotalSysCpuTimeHistory': [63], 'WallDurations': [9.0, 287.5890874862671, 2624.0], 'JobIds': ['105159491.0'], 'State': 'finished', 'RecordedSite': True}, '32': {'Retries': 0, 'Restarts': 0, 'SiteHistory': ['Unknown', 'T2_US_Nebraska', 'T2_US_Nebraska'], 'ResidentSetSize': [1611000], 'SubmitTimes': [1708555808.0], 'StartTimes': [1708557079.0], 'EndTimes': [1708558817.0], 'TotalUserCpuTimeHistory': [1349], 'TotalSysCpuTimeHistory': [42], 'WallDurations': [10.0, 287.5890874862671, 1738.0], 'JobIds': ['105159492.0'], 'State': 'finished', 'RecordedSite': True}, '33': {'Retries': 0, 'Restarts': 0, 'SiteHistory': ['Unknown', 'T2_US_Nebraska', 'T2_US_Nebraska'], 'ResidentSetSize': [1496508], 'SubmitTimes': [1708555808.0], 'StartTimes': [1708557078.0], 'EndTimes': [1708557871.0], 'TotalUserCpuTimeHistory': [569], 'TotalSysCpuTimeHistory': [18], 'WallDurations': [9.0, 288.5890874862671, 793.0], 'JobIds': ['105159493.0'], 'State': 'finished', 'RecordedSite': True}, '34': {'Retries': 0, 'Restarts': 0, 'SiteHistory': ['Unknown', 'T2_US_Nebraska', 'T2_US_Nebraska'], 'ResidentSetSize': [1758876], 'SubmitTimes': [1708555808.0], 'StartTimes': [1708557080.0], 'EndTimes': [1708560141.0], 'TotalUserCpuTimeHistory': [2666], 'TotalSysCpuTimeHistory': [58], 'WallDurations': [10.0, 286.5890874862671, 3061.0], 'JobIds': ['105159494.0'], 'State': 'finished', 'RecordedSite': True}, '36': {'Retries': 0, 'Restarts': 0, 'SiteHistory': ['Unknown', 'T2_US_Nebraska', 'T2_US_Nebraska'], 'ResidentSetSize': [1748800], 'SubmitTimes': [1708555808.0], 'StartTimes': [1708557080.0], 'EndTimes': [1708559689.0], 'TotalUserCpuTimeHistory': [2277], 'TotalSysCpuTimeHistory': [48], 'WallDurations': [9.0, 286.5890874862671, 2609.0], 'JobIds': ['105159495.0'], 'State': 'finished', 'RecordedSite': True}, '40': {'Retries': 0, 'Restarts': 0, 'SiteHistory': ['Unknown', 'T2_US_Nebraska', 'T2_US_Nebraska'], 'ResidentSetSize': [1652948], 'SubmitTimes': [1708555808.0], 'StartTimes': [1708557079.0], 'EndTimes': [1708559220.0], 'TotalUserCpuTimeHistory': [1761], 'TotalSysCpuTimeHistory': [55], 'WallDurations': [9.0, 287.5890874862671, 2141.0], 'JobIds': ['105159496.0'], 'State': 'finished', 'RecordedSite': True}, '41': {'Retries': 0, 'Restarts': 0, 'SiteHistory': ['Unknown', 'T2_US_Nebraska', 'T2_US_Nebraska'], 'ResidentSetSize': [1786164], 'SubmitTimes': [1708555808.0], 'StartTimes': [1708557079.0], 'EndTimes': [1708559829.0], 'TotalUserCpuTimeHistory': [2372], 'TotalSysCpuTimeHistory': [58], 'WallDurations': [9.0, 287.5890874862671, 2750.0], 'JobIds': ['105159497.0'], 'State': 'finished', 'RecordedSite': True}, '38': {'Retries': 0, 'Restarts': 0, 'SiteHistory': ['Unknown', 'T2_US_Nebraska', 'T2_US_Nebraska'], 'ResidentSetSize': [1643916], 'SubmitTimes': [1708555808.0], 'StartTimes': [1708557080.0], 'EndTimes': [1708559331.0], 'TotalUserCpuTimeHistory': [1892], 'TotalSysCpuTimeHistory': [56], 'WallDurations': [9.0, 286.5890874862671, 2251.0], 'JobIds': ['105159498.0'], 'State': 'finished', 'RecordedSite': True}, '37': {'Retries': 0, 'Restarts': 0, 'SiteHistory': ['Unknown', 'T2_US_Nebraska', 'T2_US_Nebraska'], 'ResidentSetSize': [1737888], 'SubmitTimes': [1708555808.0], 'StartTimes': [1708557080.0], 'EndTimes': [1708559155.0], 'TotalUserCpuTimeHistory': [1678], 'TotalSysCpuTimeHistory': [63], 'WallDurations': [9.0, 286.5890874862671, 2075.0], 'JobIds': ['105159499.0'], 'State': 'finished', 'RecordedSite': True}, '39': {'Retries': 0, 'Restarts': 0, 'SiteHistory': ['Unknown', 'T2_US_Nebraska', 'T2_US_Nebraska'], 'ResidentSetSize': [1738616], 'SubmitTimes': [1708555808.0], 'StartTimes': [1708557079.0], 'EndTimes': [1708559407.0], 'TotalUserCpuTimeHistory': [2001], 'TotalSysCpuTimeHistory': [44], 'WallDurations': [9.0, 287.5890874862671, 2328.0], 'JobIds': ['105159500.0'], 'State': 'finished', 'RecordedSite': True}, '42': {'Retries': 0, 'Restarts': 0, 'SiteHistory': ['Unknown', 'T2_US_Nebraska', 'T2_US_Nebraska'], 'ResidentSetSize': [1648000], 'SubmitTimes': [1708555808.0], 'StartTimes': [1708557080.0], 'EndTimes': [1708559126.0], 'TotalUserCpuTimeHistory': [1801], 'TotalSysCpuTimeHistory': [39], 'WallDurations': [9.0, 286.5890874862671, 2046.0], 'JobIds': ['105159501.0'], 'State': 'finished', 'RecordedSite': True}, '48': {'Retries': 0, 'Restarts': 0, 'SiteHistory': ['Unknown', 'T2_FR_IPHC', 'T2_FR_IPHC'], 'ResidentSetSize': [1310312], 'SubmitTimes': [1708555808.0], 'StartTimes': [1708556667.0], 'EndTimes': [1708557546.0], 'TotalUserCpuTimeHistory': [693], 'TotalSysCpuTimeHistory': [20], 'WallDurations': [9.0, 96.82897567749023, 879.0], 'JobIds': ['105159502.0'], 'State': 'finished', 'RecordedSite': True}, '46': {'Retries': 0, 'Restarts': 0, 'SiteHistory': ['Unknown', 'T2_US_Nebraska', 'T2_US_Nebraska'], 'ResidentSetSize': [1754756], 'SubmitTimes': [1708555809.0], 'StartTimes': [1708557079.0], 'EndTimes': [1708560632.0], 'TotalUserCpuTimeHistory': [3078], 'TotalSysCpuTimeHistory': [69], 'WallDurations': [9.0, 287.5890874862671, 3553.0], 'JobIds': ['105159503.0'], 'State': 'finished', 'RecordedSite': True}, '44': {'Retries': 1, 'Restarts': 0, 'SiteHistory': ['Unknown', 'T2_US_Nebraska', 'T2_US_Nebraska', 'T2_IT_Bari', 'T2_IT_Bari'], 'ResidentSetSize': [1726572, 1281484], 'SubmitTimes': [1708555809.0, 1708562522.0], 'StartTimes': [1708557079.0, 1708562534.0], 'EndTimes': [1708558845.0, 1708564335.0], 'TotalUserCpuTimeHistory': [1435, 1538], 'TotalSysCpuTimeHistory': [49, 34], 'WallDurations': [9.0, 287.5890874862671, 1766.0, 9.0, 1801.0], 'JobIds': ['105159504.0', '105161239.0'], 'State': 'finished', 'RecordedSite': True}, '43': {'Retries': 0, 'Restarts': 0, 'SiteHistory': ['Unknown', 'T2_US_Nebraska', 'T2_US_Nebraska'], 'ResidentSetSize': [1540176], 'SubmitTimes': [1708555809.0], 'StartTimes': [1708557079.0], 'EndTimes': [1708558202.0], 'TotalUserCpuTimeHistory': [909], 'TotalSysCpuTimeHistory': [30], 'WallDurations': [9.0, 287.5890874862671, 1123.0], 'JobIds': ['105159505.0'], 'State': 'finished', 'RecordedSite': True}, '45': {'Retries': 0, 'Restarts': 0, 'SiteHistory': ['Unknown', 'T2_US_Nebraska', 'T2_US_Nebraska'], 'ResidentSetSize': [1766112], 'SubmitTimes': [1708555809.0], 'StartTimes': [1708557191.0], 'EndTimes': [1708560021.0], 'TotalUserCpuTimeHistory': [2471], 'TotalSysCpuTimeHistory': [56], 'WallDurations': [10.0, 175.5890874862671, 2830.0], 'JobIds': ['105159506.0'], 'State': 'finished', 'RecordedSite': True}, '47': {'Retries': 0, 'Restarts': 0, 'SiteHistory': ['Unknown', 'T2_US_Nebraska', 'T2_US_Nebraska'], 'ResidentSetSize': [1797380], 'SubmitTimes': [1708555809.0], 'StartTimes': [1708557195.0], 'EndTimes': [1708561099.0], 'TotalUserCpuTimeHistory': [3496], 'TotalSysCpuTimeHistory': [57], 'WallDurations': [9.0, 171.5890874862671, 3904.0], 'JobIds': ['105159507.0'], 'State': 'finished', 'RecordedSite': True}, '50': {'Retries': 0, 'Restarts': 0, 'SiteHistory': ['Unknown', 'T2_US_Nebraska', 'T2_US_Nebraska'], 'ResidentSetSize': [1665416], 'SubmitTimes': [1708555809.0], 'StartTimes': [1708557208.0], 'EndTimes': [1708559788.0], 'TotalUserCpuTimeHistory': [2210], 'TotalSysCpuTimeHistory': [53], 'WallDurations': [10.0, 158.5890874862671, 2580.0], 'JobIds': ['105159508.0'], 'State': 'finished', 'RecordedSite': True}, '49': {'Retries': 0, 'Restarts': 0, 'SiteHistory': ['Unknown', 'T2_US_Nebraska', 'T2_US_Nebraska'], 'ResidentSetSize': [1644124], 'SubmitTimes': [1708555809.0], 'StartTimes': [1708557225.0], 'EndTimes': [1708561324.0], 'TotalUserCpuTimeHistory': [3530], 'TotalSysCpuTimeHistory': [98], 'WallDurations': [9.0, 141.5890874862671, 4099.0], 'JobIds': ['105159509.0'], 'State': 'finished', 'RecordedSite': True}, '51': {'Retries': 0, 'Restarts': 0, 'SiteHistory': ['Unknown', 'T2_US_Nebraska', 'T2_US_Nebraska'], 'ResidentSetSize': [1662792], 'SubmitTimes': [1708555809.0], 'StartTimes': [1708557281.0], 'EndTimes': [1708558922.0], 'TotalUserCpuTimeHistory': [1299], 'TotalSysCpuTimeHistory': [44], 'WallDurations': [10.0, 85.58908748626709, 1641.0], 'JobIds': ['105159510.0'], 'State': 'finished', 'RecordedSite': True}, '52': {'Retries': 0, 'Restarts': 0, 'SiteHistory': ['Unknown', 'T2_US_Nebraska', 'T2_US_Nebraska'], 'ResidentSetSize': [1783228], 'SubmitTimes': [1708555809.0], 'StartTimes': [1708557298.0], 'EndTimes': [1708559563.0], 'TotalUserCpuTimeHistory': [1949], 'TotalSysCpuTimeHistory': [43], 'WallDurations': [9.0, 68.58908748626709, 2265.0], 'JobIds': ['105159511.0'], 'State': 'finished', 'RecordedSite': True}, '54': {'Retries': 0, 'Restarts': 0, 'SiteHistory': ['Unknown', 'T2_US_Nebraska', 'T2_US_Nebraska'], 'ResidentSetSize': [1626012], 'SubmitTimes': [1708555809.0], 'StartTimes': [1708557385.0], 'EndTimes': [1708559132.0], 'TotalUserCpuTimeHistory': [1471], 'TotalSysCpuTimeHistory': [47], 'WallDurations': [9.0, 283.28559732437134, 1747.0], 'JobIds': ['105159512.0'], 'State': 'finished', 'RecordedSite': True}, '56': {'Retries': 0, 'Restarts': 0, 'SiteHistory': ['Unknown', 'T2_US_Nebraska', 'T2_US_Nebraska'], 'ResidentSetSize': [1458912], 'SubmitTimes': [1708555809.0], 'StartTimes': [1708557539.0], 'EndTimes': [1708557856.0], 'TotalUserCpuTimeHistory': [235], 'TotalSysCpuTimeHistory': [8], 'WallDurations': [10.0, 129.28559732437134, 317.0], 'JobIds': ['105159513.0'], 'State': 'finished', 'RecordedSite': True}, '55': {'Retries': 0, 'Restarts': 0, 'SiteHistory': ['Unknown', 'T2_US_Nebraska', 'T2_US_Nebraska'], 'ResidentSetSize': [1477380], 'SubmitTimes': [1708555809.0], 'StartTimes': [1708557538.0], 'EndTimes': [1708559030.0], 'TotalUserCpuTimeHistory': [1202], 'TotalSysCpuTimeHistory': [38], 'WallDurations': [9.0, 130.28559732437134, 1492.0], 'JobIds': ['105159514.0'], 'State': 'finished', 'RecordedSite': True}, '53': {'Retries': 0, 'Restarts': 0, 'SiteHistory': ['Unknown', 'T2_US_Nebraska', 'T2_US_Nebraska'], 'ResidentSetSize': [1636056], 'SubmitTimes': [1708555809.0], 'StartTimes': [1708557538.0], 'EndTimes': [1708559680.0], 'TotalUserCpuTimeHistory': [1801], 'TotalSysCpuTimeHistory': [51], 'WallDurations': [9.0, 130.28559732437134, 2142.0], 'JobIds': ['105159515.0'], 'State': 'finished', 'RecordedSite': True}, '58': {'Retries': 0, 'Restarts': 0, 'SiteHistory': ['Unknown', 'T2_CH_CSCS', 'T2_CH_CSCS'], 'ResidentSetSize': [1377744], 'SubmitTimes': [1708555809.0], 'StartTimes': [1708556430.0], 'EndTimes': [1708558262.0], 'TotalUserCpuTimeHistory': [1040], 'TotalSysCpuTimeHistory': [26], 'WallDurations': [9.0, 33.60262393951416, 1832.0], 'JobIds': ['105159516.0'], 'State': 'finished', 'RecordedSite': True}, '57': {'Retries': 0, 'Restarts': 0, 'SiteHistory': ['Unknown', 'T2_CH_CSCS', 'T2_CH_CSCS'], 'ResidentSetSize': [1581136], 'SubmitTimes': [1708555809.0], 'StartTimes': [1708556638.0], 'EndTimes': [1708558113.0], 'TotalUserCpuTimeHistory': [810], 'TotalSysCpuTimeHistory': [24], 'WallDurations': [9.0, 125.82897567749023, 1475.0], 'JobIds': ['105159517.0'], 'State': 'finished', 'RecordedSite': True}, '62': {'Retries': 0, 'Restarts': 0, 'SiteHistory': ['Unknown', 'T2_CH_CSCS', 'T2_CH_CSCS'], 'ResidentSetSize': [1455400], 'SubmitTimes': [1708555809.0], 'StartTimes': [1708556829.0], 'EndTimes': [1708557940.0], 'TotalUserCpuTimeHistory': [666], 'TotalSysCpuTimeHistory': [15], 'WallDurations': [9.0, 236.3159613609314, 1111.0], 'JobIds': ['105159518.0'], 'State': 'finished', 'RecordedSite': True}, '61': {'Retries': 0, 'Restarts': 0, 'SiteHistory': ['Unknown', 'T2_US_Nebraska', 'T2_US_Nebraska'], 'ResidentSetSize': [1635248], 'SubmitTimes': [1708555809.0], 'StartTimes': [1708557538.0], 'EndTimes': [1708559333.0], 'TotalUserCpuTimeHistory': [1499], 'TotalSysCpuTimeHistory': [40], 'WallDurations': [10.0, 130.28559732437134, 1795.0], 'JobIds': ['105159519.0'], 'State': 'finished', 'RecordedSite': True}, '63': {'Retries': 0, 'Restarts': 0, 'SiteHistory': ['Unknown', 'T2_BE_IIHE', 'T2_BE_IIHE'], 'ResidentSetSize': [1558684], 'SubmitTimes': [1708555809.0], 'StartTimes': [1708555964.0], 'EndTimes': [1708558502.0], 'TotalUserCpuTimeHistory': [2274], 'TotalSysCpuTimeHistory': [50], 'WallDurations': [10.0, 199.37524509429932, 2538.0], 'JobIds': ['105159520.0'], 'State': 'finished', 'RecordedSite': True}, '59': {'Retries': 0, 'Restarts': 0, 'SiteHistory': ['Unknown', 'T2_US_Nebraska', 'T2_US_Nebraska'], 'ResidentSetSize': [1807432], 'SubmitTimes': [1708555809.0], 'StartTimes': [1708557539.0], 'EndTimes': [1708560256.0], 'TotalUserCpuTimeHistory': [2369], 'TotalSysCpuTimeHistory': [55], 'WallDurations': [9.0, 129.28559732437134, 2717.0], 'JobIds': ['105159521.0'], 'State': 'finished', 'RecordedSite': True}, '64': {'Retries': 0, 'Restarts': 0, 'SiteHistory': ['Unknown', 'T2_BE_IIHE', 'T2_BE_IIHE'], 'ResidentSetSize': [1550196], 'SubmitTimes': [1708555810.0], 'StartTimes': [1708555964.0], 'EndTimes': [1708558238.0], 'TotalUserCpuTimeHistory': [2098], 'TotalSysCpuTimeHistory': [46], 'WallDurations': [9.0, 199.37524509429932, 2274.0], 'JobIds': ['105159522.0'], 'State': 'finished', 'RecordedSite': True}, '60': {'Retries': 0, 'Restarts': 0, 'SiteHistory': ['Unknown', 'T2_US_Nebraska', 'T2_US_Nebraska'], 'ResidentSetSize': [1760640], 'SubmitTimes': [1708555810.0], 'StartTimes': [1708557540.0], 'EndTimes': [1708561120.0], 'TotalUserCpuTimeHistory': [3057], 'TotalSysCpuTimeHistory': [64], 'WallDurations': [10.0, 128.28559732437134, 3580.0], 'JobIds': ['105159523.0'], 'State': 'finished', 'RecordedSite': True}, '65': {'Retries': 0, 'Restarts': 0, 'SiteHistory': ['Unknown', 'T2_US_Nebraska', 'T2_US_Nebraska'], 'ResidentSetSize': [1768156], 'SubmitTimes': [1708555810.0], 'StartTimes': [1708557539.0], 'EndTimes': [1708560469.0], 'TotalUserCpuTimeHistory': [2448], 'TotalSysCpuTimeHistory': [73], 'WallDurations': [9.0, 129.28559732437134, 2930.0], 'JobIds': ['105159524.0'], 'State': 'finished', 'RecordedSite': True}, '69': {'Retries': 0, 'Restarts': 0, 'SiteHistory': ['Unknown', 'T2_US_Nebraska', 'T2_US_Nebraska'], 'ResidentSetSize': [1666248], 'SubmitTimes': [1708555810.0], 'StartTimes': [1708557540.0], 'EndTimes': [1708561734.0], 'TotalUserCpuTimeHistory': [3611], 'TotalSysCpuTimeHistory': [88], 'WallDurations': [9.0, 128.28559732437134, 4194.0], 'JobIds': ['105159525.0'], 'State': 'finished', 'RecordedSite': True}, '66': {'Retries': 0, 'Restarts': 0, 'SiteHistory': ['Unknown', 'T2_US_Nebraska', 'T2_US_Nebraska'], 'ResidentSetSize': [1758104], 'SubmitTimes': [1708555810.0], 'StartTimes': [1708557537.0], 'EndTimes': [1708561213.0], 'TotalUserCpuTimeHistory': [3194], 'TotalSysCpuTimeHistory': [70], 'WallDurations': [9.0, 131.28559732437134, 3676.0], 'JobIds': ['105159526.0'], 'State': 'finished', 'RecordedSite': True}, '67': {'Retries': 0, 'Restarts': 0, 'SiteHistory': ['Unknown', 'T2_US_Nebraska', 'T2_US_Nebraska'], 'ResidentSetSize': [1767084], 'SubmitTimes': [1708555810.0], 'StartTimes': [1708557541.0], 'EndTimes': [1708561712.0], 'TotalUserCpuTimeHistory': [3593], 'TotalSysCpuTimeHistory': [83], 'WallDurations': [9.0, 127.28559732437134, 4171.0], 'JobIds': ['105159527.0'], 'State': 'finished', 'RecordedSite': True}, '71': {'Retries': 0, 'Restarts': 0, 'SiteHistory': ['Unknown', 'T2_US_Nebraska', 'T2_US_Nebraska'], 'ResidentSetSize': [1752612], 'SubmitTimes': [1708555810.0], 'StartTimes': [1708557539.0], 'EndTimes': [1708561679.0], 'TotalUserCpuTimeHistory': [3565], 'TotalSysCpuTimeHistory': [70], 'WallDurations': [9.0, 129.28559732437134, 4140.0], 'JobIds': ['105159528.0'], 'State': 'finished', 'RecordedSite': True}, '68': {'Retries': 0, 'Restarts': 0, 'SiteHistory': ['Unknown', 'T2_US_Nebraska', 'T2_US_Nebraska'], 'ResidentSetSize': [1664572], 'SubmitTimes': [1708555810.0], 'StartTimes': [1708557539.0], 'EndTimes': [1708561857.0], 'TotalUserCpuTimeHistory': [3724], 'TotalSysCpuTimeHistory': [88], 'WallDurations': [9.0, 129.28559732437134, 4318.0], 'JobIds': ['105159529.0'], 'State': 'finished', 'RecordedSite': True}, '70': {'Retries': 0, 'Restarts': 0, 'SiteHistory': ['Unknown', 'T2_US_Nebraska', 'T2_US_Nebraska'], 'ResidentSetSize': [1789664], 'SubmitTimes': [1708555815.0], 'StartTimes': [1708557538.0], 'EndTimes': [1708560179.0], 'TotalUserCpuTimeHistory': [2263], 'TotalSysCpuTimeHistory': [39], 'WallDurations': [9.0, 130.28559732437134, 2641.0], 'JobIds': ['105159531.0'], 'State': 'finished', 'RecordedSite': True}, '72': {'Retries': 0, 'Restarts': 0, 'SiteHistory': ['Unknown', 'T2_US_Nebraska', 'T2_US_Nebraska'], 'ResidentSetSize': [1755928], 'SubmitTimes': [1708555815.0], 'StartTimes': [1708557540.0], 'EndTimes': [1708561177.0], 'TotalUserCpuTimeHistory': [3147], 'TotalSysCpuTimeHistory': [72], 'WallDurations': [10.0, 128.28559732437134, 3637.0], 'JobIds': ['105159532.0'], 'State': 'finished', 'RecordedSite': True}, '73': {'Retries': 0, 'Restarts': 0, 'SiteHistory': ['Unknown', 'T2_US_Nebraska', 'T2_US_Nebraska'], 'ResidentSetSize': [1750908], 'SubmitTimes': [1708555815.0], 'StartTimes': [1708557540.0], 'EndTimes': [1708561550.0], 'TotalUserCpuTimeHistory': [3483], 'TotalSysCpuTimeHistory': [70], 'WallDurations': [9.0, 128.28559732437134, 4010.0], 'JobIds': ['105159533.0'], 'State': 'finished', 'RecordedSite': True}, '74': {'Retries': 0, 'Restarts': 0, 'SiteHistory': ['Unknown', 'T2_US_Nebraska', 'T2_US_Nebraska'], 'ResidentSetSize': [1760220], 'SubmitTimes': [1708555815.0], 'StartTimes': [1708557540.0], 'EndTimes': [1708560758.0], 'TotalUserCpuTimeHistory': [2842], 'TotalSysCpuTimeHistory': [57], 'WallDurations': [9.0, 128.28559732437134, 3218.0], 'JobIds': ['105159534.0'], 'State': 'finished', 'RecordedSite': True}, '75': {'Retries': 0, 'Restarts': 0, 'SiteHistory': ['Unknown', 'T2_US_Nebraska', 'T2_US_Nebraska'], 'ResidentSetSize': [1736008], 'SubmitTimes': [1708555816.0], 'StartTimes': [1708557541.0], 'EndTimes': [1708559810.0], 'TotalUserCpuTimeHistory': [1900], 'TotalSysCpuTimeHistory': [60], 'WallDurations': [8.0, 127.28559732437134, 2269.0], 'JobIds': ['105159535.0'], 'State': 'finished', 'RecordedSite': True}, '76': {'Retries': 0, 'Restarts': 0, 'SiteHistory': ['Unknown', 'T2_US_Nebraska', 'T2_US_Nebraska'], 'ResidentSetSize': [1794076], 'SubmitTimes': [1708555816.0], 'StartTimes': [1708557540.0], 'EndTimes': [1708560455.0], 'TotalUserCpuTimeHistory': [2579], 'TotalSysCpuTimeHistory': [37], 'WallDurations': [8.0, 128.28559732437134, 2915.0], 'JobIds': ['105159536.0'], 'State': 'finished', 'RecordedSite': True}, '77': {'Retries': 0, 'Restarts': 0, 'SiteHistory': ['Unknown', 'T2_US_Nebraska', 'T2_US_Nebraska'], 'ResidentSetSize': [1762064], 'SubmitTimes': [1708555816.0], 'StartTimes': [1708557540.0], 'EndTimes': [1708560409.0], 'TotalUserCpuTimeHistory': [2480], 'TotalSysCpuTimeHistory': [57], 'WallDurations': [9.0, 128.28559732437134, 2869.0], 'JobIds': ['105159537.0'], 'State': 'finished', 'RecordedSite': True}, '78': {'Retries': 0, 'Restarts': 0, 'SiteHistory': ['Unknown', 'T2_US_Nebraska', 'T2_US_Nebraska'], 'ResidentSetSize': [1485284], 'SubmitTimes': [1708555816.0], 'StartTimes': [1708557538.0], 'EndTimes': [1708558633.0], 'TotalUserCpuTimeHistory': [863], 'TotalSysCpuTimeHistory': [32], 'WallDurations': [9.0, 130.28559732437134, 1095.0], 'JobIds': ['105159538.0'], 'State': 'finished', 'RecordedSite': True}, '79': {'Retries': 0, 'Restarts': 0, 'SiteHistory': ['Unknown', 'T2_US_Nebraska', 'T2_US_Nebraska'], 'ResidentSetSize': [1759452], 'SubmitTimes': [1708555816.0], 'StartTimes': [1708557538.0], 'EndTimes': [1708560023.0], 'TotalUserCpuTimeHistory': [2179], 'TotalSysCpuTimeHistory': [42], 'WallDurations': [8.0, 130.28559732437134, 2485.0], 'JobIds': ['105159539.0'], 'State': 'finished', 'RecordedSite': True}, '80': {'Retries': 0, 'Restarts': 0, 'SiteHistory': ['Unknown', 'T2_US_Nebraska', 'T2_US_Nebraska'], 'ResidentSetSize': [1728904], 'SubmitTimes': [1708555816.0], 'StartTimes': [1708557538.0], 'EndTimes': [1708560096.0], 'TotalUserCpuTimeHistory': [2151], 'TotalSysCpuTimeHistory': [68], 'WallDurations': [9.0, 130.28559732437134, 2558.0], 'JobIds': ['105159540.0'], 'State': 'finished', 'RecordedSite': True}, '81': {'Retries': 0, 'Restarts': 0, 'SiteHistory': ['Unknown', 'T2_US_Nebraska', 'T2_US_Nebraska'], 'ResidentSetSize': [1759608], 'SubmitTimes': [1708555816.0], 'StartTimes': [1708557540.0], 'EndTimes': [1708561403.0], 'TotalUserCpuTimeHistory': [3441], 'TotalSysCpuTimeHistory': [66], 'WallDurations': [9.0, 128.28559732437134, 3863.0], 'JobIds': ['105159541.0'], 'State': 'finished', 'RecordedSite': True}, '82': {'Retries': 0, 'Restarts': 0, 'SiteHistory': ['Unknown', 'T2_US_Nebraska', 'T2_US_Nebraska'], 'ResidentSetSize': [1744808], 'SubmitTimes': [1708555816.0], 'StartTimes': [1708557540.0], 'EndTimes': [1708560572.0], 'TotalUserCpuTimeHistory': [2632], 'TotalSysCpuTimeHistory': [62], 'WallDurations': [9.0, 128.28559732437134, 3032.0], 'JobIds': ['105159542.0'], 'State': 'finished', 'RecordedSite': True}, '83': {'Retries': 0, 'Restarts': 0, 'SiteHistory': ['Unknown', 'T2_US_Nebraska', 'T2_US_Nebraska'], 'ResidentSetSize': [1733976], 'SubmitTimes': [1708555816.0], 'StartTimes': [1708557541.0], 'EndTimes': [1708559383.0], 'TotalUserCpuTimeHistory': [1500], 'TotalSysCpuTimeHistory': [54], 'WallDurations': [10.0, 127.28559732437134, 1842.0], 'JobIds': ['105159543.0'], 'State': 'finished', 'RecordedSite': True}, '84': {'Retries': 0, 'Restarts': 0, 'SiteHistory': ['Unknown', 'T2_US_Nebraska', 'T2_US_Nebraska'], 'ResidentSetSize': [1750392], 'SubmitTimes': [1708555816.0], 'StartTimes': [1708557540.0], 'EndTimes': [1708559716.0], 'TotalUserCpuTimeHistory': [1870], 'TotalSysCpuTimeHistory': [38], 'WallDurations': [9.0, 128.28559732437134, 2176.0], 'JobIds': ['105159544.0'], 'State': 'finished', 'RecordedSite': True}, '85': {'Retries': 0, 'Restarts': 0, 'SiteHistory': ['Unknown', 'T2_US_Nebraska', 'T2_US_Nebraska'], 'ResidentSetSize': [1728040], 'SubmitTimes': [1708555817.0], 'StartTimes': [1708557540.0], 'EndTimes': [1708560005.0], 'TotalUserCpuTimeHistory': [2117], 'TotalSysCpuTimeHistory': [56], 'WallDurations': [9.0, 128.28559732437134, 2465.0], 'JobIds': ['105159545.0'], 'State': 'finished', 'RecordedSite': True}, '86': {'Retries': 0, 'Restarts': 0, 'SiteHistory': ['Unknown', 'T2_US_Nebraska', 'T2_US_Nebraska'], 'ResidentSetSize': [1619840], 'SubmitTimes': [1708555817.0], 'StartTimes': [1708557541.0], 'EndTimes': [1708560101.0], 'TotalUserCpuTimeHistory': [2094], 'TotalSysCpuTimeHistory': [50], 'WallDurations': [10.0, 127.28559732437134, 2560.0], 'JobIds': ['105159546.0'], 'State': 'finished', 'RecordedSite': True}, '87': {'Retries': 0, 'Restarts': 0, 'SiteHistory': ['Unknown', 'T2_US_Nebraska', 'T2_US_Nebraska'], 'ResidentSetSize': [1634120], 'SubmitTimes': [1708555817.0], 'StartTimes': [1708557541.0], 'EndTimes': [1708559755.0], 'TotalUserCpuTimeHistory': [1889], 'TotalSysCpuTimeHistory': [44], 'WallDurations': [9.0, 127.28559732437134, 2214.0], 'JobIds': ['105159547.0'], 'State': 'finished', 'RecordedSite': True}, '88': {'Retries': 0, 'Restarts': 0, 'SiteHistory': ['Unknown', 'T2_US_Nebraska', 'T2_US_Nebraska'], 'ResidentSetSize': [1621860], 'SubmitTimes': [1708555817.0], 'StartTimes': [1708557542.0], 'EndTimes': [1708559236.0], 'TotalUserCpuTimeHistory': [1431], 'TotalSysCpuTimeHistory': [36], 'WallDurations': [9.0, 126.28559732437134, 1694.0], 'JobIds': ['105159548.0'], 'State': 'finished', 'RecordedSite': True}, '89': {'Retries': 0, 'Restarts': 0, 'SiteHistory': ['Unknown', 'T2_US_Nebraska', 'T2_US_Nebraska'], 'ResidentSetSize': [1512668], 'SubmitTimes': [1708555817.0], 'StartTimes': [1708557540.0], 'EndTimes': [1708558634.0], 'TotalUserCpuTimeHistory': [903], 'TotalSysCpuTimeHistory': [16], 'WallDurations': [9.0, 128.28559732437134, 1094.0], 'JobIds': ['105159549.0'], 'State': 'finished', 'RecordedSite': True}, '35': {'Retries': 0, 'Restarts': 0, 'SiteHistory': ['Unknown', 'T2_US_Nebraska', 'T2_US_Nebraska'], 'ResidentSetSize': [1759748], 'SubmitTimes': [1708555817.0], 'StartTimes': [1708557537.0], 'EndTimes': [1708560900.0], 'TotalUserCpuTimeHistory': [2948], 'TotalSysCpuTimeHistory': [69], 'WallDurations': [10.0, 131.28559732437134, 3363.0], 'JobIds': ['105159550.0'], 'State': 'finished', 'RecordedSite': True}}
INFO 2024-02-22 20:36:25.876 UTC: 	 Status on the scheduler:	COMPLETED
INFO 2024-02-22 20:36:25.876 UTC: 	 
Jobs status:                    finished     		100.0% (89/89)
DEBUG 2024-02-22 20:36:25.876 UTC: 	 Encoded data for curl request: subresource=publicationstatus&workflow=240221_224332%3Ambuonsan_crab_SkimB4Mu_2023eraD-v2_stream7_Mini&username=mbuonsan
INFO 2024-02-22 20:36:26.060 UTC: 	 
Output dataset:			/FakeDataset/fakefile-FakePublish-2ec3cbeddb13cdb01d3d9c414267228f/USER
INFO 2024-02-22 20:36:26.060 UTC: 	 
No publication information available yet
INFO 2024-02-22 20:36:26.063 UTC: 	 
Warning: the max jobs runtime is less than 30% of the task requested value (1250 min), please consider to request a lower value for failed jobs (allowed through crab resubmit) and/or improve the jobs splitting (e.g. config.Data.splitting = 'Automatic') in a new task.
INFO 2024-02-22 20:36:26.063 UTC: 	 
Summary of run jobs:
 * Memory: 1477MB min, 1825MB max, 1573MB ave
 * Runtime: 0:05:17 min, 1:11:58 max, 0:40:18 ave
 * CPU eff: 57% min, 94% max, 88% ave
 * Waste: 6:25:09 (10% of total)

DEBUG 2024-02-22 20:36:26.063 UTC: 	 Requesting resubmission of failed jobs in task 240221_224332:mbuonsan_crab_SkimB4Mu_2023eraD-v2_stream7_Mini
ERROR 2024-02-22 20:36:26.064 UTC: 	 Found no jobs to resubmit. Only jobs in status failed can be resubmitted. Jobs in status finished can also be resubmitted, but only if the jobids are specified and the force option is set.
ERROR 2024-02-22 20:36:26.064 UTC: 	 Caught ClientException exception
Traceback (most recent call last):
  File "/cvmfs/cms.cern.ch/share/cms/crab-prod/v3.240110.01/bin/crab.py", line 152, in <module>
    client()
  File "/cvmfs/cms.cern.ch/share/cms/crab-prod/v3.240110.01/bin/crab.py", line 137, in __call__
    returnDict = self.cmd()
  File "/cvmfs/cms.cern.ch/share/cms/crab-prod/v3.240110.01/lib/CRABClient/Commands/resubmit.py", line 65, in __call__
    self.jobids = self.processJobIds(jobList)
  File "/cvmfs/cms.cern.ch/share/cms/crab-prod/v3.240110.01/lib/CRABClient/Commands/resubmit.py", line 171, in processJobIds
    raise ConfigurationException(msg)
CRABClient.ClientExceptions.ConfigurationException: Found no jobs to resubmit. Only jobs in status failed can be resubmitted. Jobs in status finished can also be resubmitted, but only if the jobids are specified and the force option is set.
