DEBUG 2024-02-21 22:42:05.552 UTC: 	 CRAB Client version: v3.240110
DEBUG 2024-02-21 22:42:05.552 UTC: 	 Running on: Linux ui02.recas.ba.infn.it 3.10.0-1160.80.1.el7.x86_64 #1 SMP Tue Nov 8 15:48:59 UTC 2022 x86_64 x86_64 x86_64 GNU/Linux - CentOS Linux 7 (Core)
DEBUG 2024-02-21 22:42:05.552 UTC: 	 Executing command: 'submit'
DEBUG 2024-02-21 22:42:05.552 UTC: 	 Found CRAB cache file /lustrehome/mbuonsante/.crab3
INFO 2024-02-21 22:42:05.553 UTC: 	 Will use CRAB configuration file CRAB_stream_2.py
DEBUG 2024-02-21 22:42:05.553 UTC: 	 Loading CRAB configuration file.
DEBUG 2024-02-21 22:42:05.557 UTC: 	 Will use CRAB plugin ANALYSIS (i.e. will run an analysis job type).
DEBUG 2024-02-21 22:42:05.559 UTC: 	 Checking credentials
DEBUG 2024-02-21 22:42:05.559 UTC: 	 Found proxy file /tmp/x509up_u881331
DEBUG 2024-02-21 22:42:05.559 UTC: 	 Making sure it has proper VOMS extension
DEBUG 2024-02-21 22:42:05.559 UTC: 	 Executing command :
 voms-proxy-info --vo --file /tmp/x509up_u881331
DEBUG 2024-02-21 22:42:06.926 UTC: 	 output : cms

 error: 
 retcode : 0
DEBUG 2024-02-21 22:42:06.926 UTC: 	 Getting proxy life time left
DEBUG 2024-02-21 22:42:06.926 UTC: 	 Executing command :
 voms-proxy-info --actimeleft --timeleft --file /tmp/x509up_u881331
DEBUG 2024-02-21 22:42:08.458 UTC: 	 output : 478689
478688

 error: 
 retcode : 0
DEBUG 2024-02-21 22:42:08.458 UTC: 	 Proxy valid for 132:58:08 hours
DEBUG 2024-02-21 22:42:08.458 UTC: 	 Encoded data for curl request: subresource=delegatedn
DEBUG 2024-02-21 22:42:08.647 UTC: 	 Registering user credentials on myproxy for /DC=ch/DC=cern/OU=computers/CN=crab-(preprod|prod|dev)-tw(01|02|03).cern.ch|/DC=ch/DC=cern/OU=computers/CN=stefanov(m|m2).cern.ch|/DC=ch/DC=cern/OU=computers/CN=dciangot-tw.cern.ch
DEBUG 2024-02-21 22:42:08.647 UTC: 	 Executing command :
 voms-proxy-info --identity --file /tmp/x509up_u881331
DEBUG 2024-02-21 22:42:10.441 UTC: 	 output : /DC=ch/DC=cern/OU=Organic Units/OU=Users/CN=mbuonsan/CN=866052/CN=Marco Buonsante

 error: 
 retcode : 0
DEBUG 2024-02-21 22:42:10.441 UTC: 	 Getting myproxy life time left for db438794163ae221c16ac5cdc1e476b2bc2ff634
DEBUG 2024-02-21 22:42:10.441 UTC: 	 Executing command :
 myproxy-info -s myproxy.cern.ch -l db438794163ae221c16ac5cdc1e476b2bc2ff634
DEBUG 2024-02-21 22:42:10.789 UTC: 	 output : username: db438794163ae221c16ac5cdc1e476b2bc2ff634
owner: /DC=ch/DC=cern/OU=Organic Units/OU=Users/CN=mbuonsan/CN=866052/CN=Marco Buonsante
  renewal policy: /DC=ch/DC=cern/OU=computers/CN=crab-(preprod|prod|dev)-tw(01|02|03).cern.ch|/DC=ch/DC=cern/OU=computers/CN=stefanov(m|m2).cern.ch|/DC=ch/DC=cern/OU=computers/CN=dciangot-tw.cern.ch
  trusted retrieval policy: /DC=ch/DC=cern/OU=computers/CN=crab-(preprod|prod|dev)-tw(01|02|03).cern.ch|/DC=ch/DC=cern/OU=computers/CN=stefanov(m|m2).cern.ch|/DC=ch/DC=cern/OU=computers/CN=dciangot-tw.cern.ch
  timeleft: 492:59:17  (20.5 days)

 error: 
 retcode : 0
DEBUG 2024-02-21 22:42:10.790 UTC: 	 Myproxy is valid: 1774740
DEBUG 2024-02-21 22:42:10.790 UTC: 	 Result of myproxy credential check:
  Credential exists on myproxy: username: db438794163ae221c16ac5cdc1e476b2bc2ff634  - validity: 20 days, 12:59:00
DEBUG 2024-02-21 22:42:10.790 UTC: 	 Command use: submit
DEBUG 2024-02-21 22:42:10.790 UTC: 	 Options use: ['-c', 'CRAB_stream_2.py']
DEBUG 2024-02-21 22:42:10.790 UTC: 	 Encoded data for curl request: subresource=version
DEBUG 2024-02-21 22:42:10.958 UTC: 	 CRABClient version: v3.240110
DEBUG 2024-02-21 22:42:10.958 UTC: 	 Instance is prod
DEBUG 2024-02-21 22:42:10.958 UTC: 	 Server base url is cmsweb.cern.ch
DEBUG 2024-02-21 22:42:10.959 UTC: 	 Command api workflow
DEBUG 2024-02-21 22:42:10.959 UTC: 	 Started submission
DEBUG 2024-02-21 22:42:10.959 UTC: 	 Working on /lustrehome/mbuonsante/B_4mu/CMSSW_13_0_13/src/B4muNtuplizer/CrabSubmission/2023_eraD-v2/crab_projects/crab_SkimB4Mu_2023eraD-v2_stream2_Mini
DEBUG 2024-02-21 22:42:10.959 UTC: 	 Encoded data for curl request: subresource=backendurls
DEBUG 2024-02-21 22:42:11.200 UTC: 	 Loading required information from the environment
DEBUG 2024-02-21 22:42:11.200 UTC: 	 Found CMSSW_13_0_13 for slc7_amd64_gcc11 with base /lustrehome/mbuonsante/B_4mu/CMSSW_13_0_13
DEBUG 2024-02-21 22:42:11.200 UTC: 	 Loading required information from the environment
DEBUG 2024-02-21 22:42:11.200 UTC: 	 Found CMSSW_13_0_13 for slc7_amd64_gcc11 with base /lustrehome/mbuonsante/B_4mu/CMSSW_13_0_13
DEBUG 2024-02-21 22:42:11.200 UTC: 	 UNIQUE NAME: tarUUID 8150c0e6-ee0c-4f67-a1cc-51ee80532ce9 
DEBUG 2024-02-21 22:42:11.200 UTC: 	 self.config: from WMCore.Configuration import Configuration
config = Configuration()
config.section_('General')
config.General.workArea = 'crab_projects'
config.General.requestName = 'SkimB4Mu_2023eraD-v2_stream2_Mini'
config.General.transferOutputs = True
config.General.transferLogs = False
config.section_('JobType')
config.JobType.psetName = '/lustrehome/mbuonsante/B_4mu/CMSSW_13_0_13/src/B4muNtuplizer/CrabSubmission/2023_eraD-v2/PatAndTree_cfg.py'
config.JobType.pluginName = 'Analysis'
config.JobType.allowUndistributedCMSSW = True
config.section_('Data')
config.Data.unitsPerJob = 50
config.Data.outputDatasetTag = 'SkimB4Mu_2023eraD-v2_stream2_Mini'
config.Data.allowNonValidInputDataset = True
config.Data.lumiMask = 'https://cms-service-dqmdc.web.cern.ch/CAF/certification/Collisions23/Cert_Collisions2023_eraD_369803_370790_Golden.json'
config.Data.inputDBS = 'global'
config.Data.splitting = 'LumiBased'
config.Data.inputDataset = '/ParkingDoubleMuonLowMass2/Run2023D-22Sep2023_v2-v1/MINIAOD'
config.section_('Site')
config.Site.storageSite = 'T2_IT_Bari'
config.Site.ignoreGlobalBlacklist = True
config.section_('User')
config.section_('Debug')

DEBUG 2024-02-21 22:42:11.201 UTC: 	 self.config.JobType.psetName: /lustrehome/mbuonsante/B_4mu/CMSSW_13_0_13/src/B4muNtuplizer/CrabSubmission/2023_eraD-v2/PatAndTree_cfg.py
INFO 2024-02-21 22:42:11.201 UTC: 	 Importing CMSSW configuration /lustrehome/mbuonsante/B_4mu/CMSSW_13_0_13/src/B4muNtuplizer/CrabSubmission/2023_eraD-v2/PatAndTree_cfg.py
INFO 2024-02-21 22:42:13.184 UTC: 	 Finished importing CMSSW configuration /lustrehome/mbuonsante/B_4mu/CMSSW_13_0_13/src/B4muNtuplizer/CrabSubmission/2023_eraD-v2/PatAndTree_cfg.py
DEBUG 2024-02-21 22:42:13.184 UTC: 	 Writing CMSSW configuration to /lustrehome/mbuonsante/B_4mu/CMSSW_13_0_13/src/B4muNtuplizer/CrabSubmission/2023_eraD-v2/crab_projects/crab_SkimB4Mu_2023eraD-v2_stream2_Mini/inputs/PSet.py
DEBUG 2024-02-21 22:42:13.285 UTC: 	 The following EDM output files will be collected: []
DEBUG 2024-02-21 22:42:13.285 UTC: 	 The following TFile output files will be collected: ['TreeData.root']
DEBUG 2024-02-21 22:42:13.285 UTC: 	 The following user output files (not listed as PoolOuputModule or TFileService in the CMSSW PSet) will be collected: 
DEBUG 2024-02-21 22:42:13.285 UTC: 	 Loading required information from the environment
DEBUG 2024-02-21 22:42:13.285 UTC: 	 Found CMSSW_13_0_13 for slc7_amd64_gcc11 with base /lustrehome/mbuonsante/B_4mu/CMSSW_13_0_13
DEBUG 2024-02-21 22:42:13.285 UTC: 	 Making tarball in /lustrehome/mbuonsante/B_4mu/CMSSW_13_0_13/src/B4muNtuplizer/CrabSubmission/2023_eraD-v2/crab_projects/crab_SkimB4Mu_2023eraD-v2_stream2_Mini/inputs/8150c0e6-ee0c-4f67-a1cc-51ee80532ce9default.tgz
DEBUG 2024-02-21 22:42:13.285 UTC: 	 Checking directory /lustrehome/mbuonsante/B_4mu/CMSSW_13_0_13/bin
DEBUG 2024-02-21 22:42:13.285 UTC: 	 Adding directory /lustrehome/mbuonsante/B_4mu/CMSSW_13_0_13/bin to tarball
DEBUG 2024-02-21 22:42:13.287 UTC: 	 Checking directory /lustrehome/mbuonsante/B_4mu/CMSSW_13_0_13/python
DEBUG 2024-02-21 22:42:13.287 UTC: 	 Adding directory /lustrehome/mbuonsante/B_4mu/CMSSW_13_0_13/python to tarball
DEBUG 2024-02-21 22:42:13.342 UTC: 	 Checking directory /lustrehome/mbuonsante/B_4mu/CMSSW_13_0_13/cfipython
DEBUG 2024-02-21 22:42:13.343 UTC: 	 Adding directory /lustrehome/mbuonsante/B_4mu/CMSSW_13_0_13/cfipython to tarball
DEBUG 2024-02-21 22:42:13.351 UTC: 	 Checking directory /lustrehome/mbuonsante/B_4mu/CMSSW_13_0_13/lib
DEBUG 2024-02-21 22:42:13.351 UTC: 	 Adding directory /lustrehome/mbuonsante/B_4mu/CMSSW_13_0_13/lib to tarball
DEBUG 2024-02-21 22:42:13.817 UTC: 	 Checking directory /lustrehome/mbuonsante/B_4mu/CMSSW_13_0_13/biglib
DEBUG 2024-02-21 22:42:13.817 UTC: 	 Adding directory /lustrehome/mbuonsante/B_4mu/CMSSW_13_0_13/biglib to tarball
DEBUG 2024-02-21 22:42:13.818 UTC: 	 Checking directory /lustrehome/mbuonsante/B_4mu/CMSSW_13_0_13/module
DEBUG 2024-02-21 22:42:13.818 UTC: 	 Checking directory /lustrehome/mbuonsante/B_4mu/CMSSW_13_0_13/config/SCRAM/hooks
DEBUG 2024-02-21 22:42:13.818 UTC: 	 Adding directory /lustrehome/mbuonsante/B_4mu/CMSSW_13_0_13/config/SCRAM/hooks to tarball
DEBUG 2024-02-21 22:42:13.847 UTC: 	 Adding directory /lustrehome/mbuonsante/B_4mu/CMSSW_13_0_13/src/B4muNtuplizer/SkimTools/python to tarball
DEBUG 2024-02-21 22:42:13.859 UTC: 	 Adding directory /lustrehome/mbuonsante/B_4mu/CMSSW_13_0_13/src/CommonTools/CandAlgos/interface to tarball
DEBUG 2024-02-21 22:42:13.867 UTC: 	 Adding directory /lustrehome/mbuonsante/B_4mu/CMSSW_13_0_13/src/CommonTools/CandAlgos/python to tarball
DEBUG 2024-02-21 22:42:14.038 UTC: 	 Uploading archive /lustrehome/mbuonsante/B_4mu/CMSSW_13_0_13/src/B4muNtuplizer/CrabSubmission/2023_eraD-v2/crab_projects/crab_SkimB4Mu_2023eraD-v2_stream2_Mini/inputs/8150c0e6-ee0c-4f67-a1cc-51ee80532ce9default.tgz (0.644531.1 MB) to the CRAB cache. Using URI https://cmsweb.cern.ch/S3/crabcache_prod
DEBUG 2024-02-21 22:42:14.524 UTC: 	 Encoded data for curl request: subresource=upload&objecttype=sandbox&tarballname=c21f585968b676319b78458a8dfff0d78967d784c1d5d78343c5cdc38d3be0e5.tar.gz
DEBUG 2024-02-21 22:42:14.711 UTC: 	 sandbox c21f585968b676319b78458a8dfff0d78967d784c1d5d78343c5cdc38d3be0e5.tar.gz is already in the S3 store, will not upload again
DEBUG 2024-02-21 22:42:14.711 UTC: 	 Loading required information from the environment
DEBUG 2024-02-21 22:42:14.711 UTC: 	 Found CMSSW_13_0_13 for slc7_amd64_gcc11 with base /lustrehome/mbuonsante/B_4mu/CMSSW_13_0_13
DEBUG 2024-02-21 22:42:14.711 UTC: 	 Making tarball in /lustrehome/mbuonsante/B_4mu/CMSSW_13_0_13/src/B4muNtuplizer/CrabSubmission/2023_eraD-v2/crab_projects/crab_SkimB4Mu_2023eraD-v2_stream2_Mini/inputs/debugFiles.tgz
DEBUG 2024-02-21 22:42:14.715 UTC: 	 Uploading archive /lustrehome/mbuonsante/B_4mu/CMSSW_13_0_13/src/B4muNtuplizer/CrabSubmission/2023_eraD-v2/crab_projects/crab_SkimB4Mu_2023eraD-v2_stream2_Mini/inputs/debugFiles.tgz (2 KB) to the CRAB cache. Using URI https://cmsweb.cern.ch/S3/crabcache_prod
DEBUG 2024-02-21 22:42:14.719 UTC: 	 Encoded data for curl request: subresource=upload&objecttype=sandbox&tarballname=9ed114fd9c28ea66cedc58ff94326223690685de95a7aff05a560dc2b2e7344a.tar.gz
DEBUG 2024-02-21 22:42:14.920 UTC: 	 Will execute:
curl -f -v -X POST  -H "User-Agent: CRAB" -F "key=mbuonsan/sandboxes/9ed114fd9c28ea66cedc58ff94326223690685de95a7aff05a560dc2b2e7344a.tar.gz" -F "AWSAccessKeyId=ab00fcc889f248c495d2875f15a3badb" -F "policy=eyJleHBpcmF0aW9uIjogIjIwMjQtMDItMjFUMjM6NDI6MTRaIiwgImNvbmRpdGlvbnMiOiBbeyJidWNrZXQiOiAiY3JhYmNhY2hlX3Byb2QifSwgeyJrZXkiOiAibWJ1b25zYW4vc2FuZGJveGVzLzllZDExNGZkOWMyOGVhNjZjZWRjNThmZjk0MzI2MjIzNjkwNjg1ZGU5NWE3YWZmMDVhNTYwZGMyYjJlNzM0NGEudGFyLmd6In1dfQ==" -F "signature=Gj0lPtxMdVaw70HXR8Fw5yYiSqc=" -F "file=@/lustrehome/mbuonsante/B_4mu/CMSSW_13_0_13/src/B4muNtuplizer/CrabSubmission/2023_eraD-v2/crab_projects/crab_SkimB4Mu_2023eraD-v2_stream2_Mini/inputs/debugFiles.tgz" "https://s3.cern.ch/crabcache_prod"
DEBUG 2024-02-21 22:42:15.072 UTC: 	 exitcode: 0
stdout: b''
DEBUG 2024-02-21 22:42:15.073 UTC: 	 sandbox /lustrehome/mbuonsante/B_4mu/CMSSW_13_0_13/src/B4muNtuplizer/CrabSubmission/2023_eraD-v2/crab_projects/crab_SkimB4Mu_2023eraD-v2_stream2_Mini/inputs/debugFiles.tgz successully uploaded to S3
DEBUG 2024-02-21 22:42:15.073 UTC: 	 Result uploading input files: c21f585968b676319b78458a8dfff0d78967d784c1d5d78343c5cdc38d3be0e5.tar.gz 
DEBUG 2024-02-21 22:42:15.073 UTC: 	 Attaching lumi mask https://cms-service-dqmdc.web.cern.ch/CAF/certification/Collisions23/Cert_Collisions2023_eraD_369803_370790_Golden.json to the request
DEBUG 2024-02-21 22:42:15.073 UTC: 	 Downloading lumi-mask from https://cms-service-dqmdc.web.cern.ch/CAF/certification/Collisions23/Cert_Collisions2023_eraD_369803_370790_Golden.json
WARNING 2024-02-21 22:42:15.285 UTC: 	 Warning: The following output files will not be published, as they are not EDM files: ['TreeData.root']
DEBUG 2024-02-21 22:42:15.285 UTC: 	 submit() - self.configuration from WMCore.Configuration import Configuration
config = Configuration()
config.section_('General')
config.General.workArea = 'crab_projects'
config.General.requestName = 'SkimB4Mu_2023eraD-v2_stream2_Mini'
config.General.transferOutputs = True
config.General.transferLogs = False
config.section_('JobType')
config.JobType.psetName = '/lustrehome/mbuonsante/B_4mu/CMSSW_13_0_13/src/B4muNtuplizer/CrabSubmission/2023_eraD-v2/PatAndTree_cfg.py'
config.JobType.pluginName = 'Analysis'
config.JobType.allowUndistributedCMSSW = True
config.section_('Data')
config.Data.unitsPerJob = 50
config.Data.outputDatasetTag = 'SkimB4Mu_2023eraD-v2_stream2_Mini'
config.Data.allowNonValidInputDataset = True
config.Data.lumiMask = 'https://cms-service-dqmdc.web.cern.ch/CAF/certification/Collisions23/Cert_Collisions2023_eraD_369803_370790_Golden.json'
config.Data.inputDBS = 'global'
config.Data.splitting = 'LumiBased'
config.Data.inputDataset = '/ParkingDoubleMuonLowMass2/Run2023D-22Sep2023_v2-v1/MINIAOD'
config.section_('Site')
config.Site.storageSite = 'T2_IT_Bari'
config.Site.ignoreGlobalBlacklist = True
config.section_('User')
config.section_('Debug')

DEBUG 2024-02-21 22:42:15.285 UTC: 	 submit() - self.configreq {'dryrun': 0, 'workflow': 'crab_SkimB4Mu_2023eraD-v2_stream2_Mini', 'saveoutput': 1, 'savelogsflag': 0, 'inputdata': '/ParkingDoubleMuonLowMass2/Run2023D-22Sep2023_v2-v1/MINIAOD', 'primarydataset': '', 'nonvaliddata': 1, 'userfiles': [], 'dbsurl': 'https://cmsweb.cern.ch/dbs/prod/global/DBSReader', 'useparent': 0, 'ignorelocality': 0, 'splitalgo': 'LumiBased', 'algoargs': 50, 'totalunits': 0, 'publication': 1, 'publishdbsurl': 'https://cmsweb.cern.ch/dbs/prod/phys03/DBSWriter', 'publishname2': 'SkimB4Mu_2023eraD-v2_stream2_Mini', 'jobtype': 'Analysis', 'generator': 'pythia', 'addoutputfiles': [], 'maxjobruntime': 1250, 'numcores': 1, 'maxmemory': 2000, 'priority': 10, 'nonprodsw': 1, 'asyncdest': 'T2_IT_Bari', 'requireaccelerator': 0, 'oneEventMode': 0, 'extrajdl': [], 'ignoreglobalblacklist': 1, 'partialdataset': 0, 'inputblocks': []}
DEBUG 2024-02-21 22:42:15.285 UTC: 	 submit() - jobconfig {'addoutputfiles': [], 'tfileoutfiles': ['TreeData.root'], 'edmoutfiles': [], 'jobarch': 'slc7_amd64_gcc11', 'jobsw': 'CMSSW_13_0_13', 'inputdata': '/ParkingDoubleMuonLowMass2/Run2023D-22Sep2023_v2-v1/MINIAOD', 'cacheurl': 'https://cmsweb.cern.ch/S3/crabcache_prod', 'cachefilename': 'c21f585968b676319b78458a8dfff0d78967d784c1d5d78343c5cdc38d3be0e5.tar.gz', 'debugfilename': '9ed114fd9c28ea66cedc58ff94326223690685de95a7aff05a560dc2b2e7344a.tar.gz', 'runs': ['369927', '369943', '369956', '369978', '369998', '369999', '370093', '370097', '370102', '370129', '370144', '370169', '370172', '370175', '370293', '370294', '370300', '370304', '370307', '370321', '370332', '370340', '370354', '370357', '370406', '370436', '370460', '370472', '370497', '370522', '370560', '370579', '370580', '370667', '370717', '370725', '370749', '370753', '370772', '370774', '370775', '370776', '370790'], 'lumis': ['37,376', '1,384', '37,1076', '31,812', '1,179', '1,41', '1,450', '1,356', '1,762', '42,123,125,552', '1,715,717,1329', '46,454,456,490,492,526,528,562,564,598,600,935,1002,1014,1016,1019,1021,1033,1035,1449', '1,300', '92,757,759,1785', '39,1618', '1,668', '1,962', '1,327', '1,708', '39,52', '1,144,146,1523,1525,1968', '24,779', '34,311', '1,801', '37,121,123,738,746,869', '1,31', '8,123', '1,32,34,43', '1,115,117,1419,1426,1436', '48,369', '62,90,92,410', '33,113,120,123', '1,2875', '1,28,30,102', '39,157', '44,392,394,456', '49,173,175,483,485,966,968,1541', '1,249', '29,1247', '1,159', '1,168', '1,326', '54,76'], 'jobtype': 'Analysis'}
INFO 2024-02-21 22:42:15.285 UTC: 	 Sending the request to the server at cmsweb.cern.ch
DEBUG 2024-02-21 22:42:15.286 UTC: 	 Submitting {'dryrun': 0, 'workflow': 'crab_SkimB4Mu_2023eraD-v2_stream2_Mini', 'saveoutput': 1, 'savelogsflag': 0, 'inputdata': '/ParkingDoubleMuonLowMass2/Run2023D-22Sep2023_v2-v1/MINIAOD', 'primarydataset': '', 'nonvaliddata': 1, 'userfiles': [], 'dbsurl': 'https://cmsweb.cern.ch/dbs/prod/global/DBSReader', 'useparent': 0, 'ignorelocality': 0, 'splitalgo': 'LumiBased', 'algoargs': 50, 'totalunits': 0, 'publication': 1, 'publishdbsurl': 'https://cmsweb.cern.ch/dbs/prod/phys03/DBSWriter', 'publishname2': 'SkimB4Mu_2023eraD-v2_stream2_Mini', 'jobtype': 'Analysis', 'generator': 'pythia', 'addoutputfiles': [], 'maxjobruntime': 1250, 'numcores': 1, 'maxmemory': 2000, 'priority': 10, 'nonprodsw': 1, 'asyncdest': 'T2_IT_Bari', 'requireaccelerator': 0, 'oneEventMode': 0, 'extrajdl': [], 'ignoreglobalblacklist': 1, 'partialdataset': 0, 'inputblocks': [], 'tfileoutfiles': ['TreeData.root'], 'edmoutfiles': [], 'jobarch': 'slc7_amd64_gcc11', 'jobsw': 'CMSSW_13_0_13', 'cacheurl': 'https://cmsweb.cern.ch/S3/crabcache_prod', 'cachefilename': 'c21f585968b676319b78458a8dfff0d78967d784c1d5d78343c5cdc38d3be0e5.tar.gz', 'debugfilename': '9ed114fd9c28ea66cedc58ff94326223690685de95a7aff05a560dc2b2e7344a.tar.gz', 'runs': ['369927', '369943', '369956', '369978', '369998', '369999', '370093', '370097', '370102', '370129', '370144', '370169', '370172', '370175', '370293', '370294', '370300', '370304', '370307', '370321', '370332', '370340', '370354', '370357', '370406', '370436', '370460', '370472', '370497', '370522', '370560', '370579', '370580', '370667', '370717', '370725', '370749', '370753', '370772', '370774', '370775', '370776', '370790'], 'lumis': ['37,376', '1,384', '37,1076', '31,812', '1,179', '1,41', '1,450', '1,356', '1,762', '42,123,125,552', '1,715,717,1329', '46,454,456,490,492,526,528,562,564,598,600,935,1002,1014,1016,1019,1021,1033,1035,1449', '1,300', '92,757,759,1785', '39,1618', '1,668', '1,962', '1,327', '1,708', '39,52', '1,144,146,1523,1525,1968', '24,779', '34,311', '1,801', '37,121,123,738,746,869', '1,31', '8,123', '1,32,34,43', '1,115,117,1419,1426,1436', '48,369', '62,90,92,410', '33,113,120,123', '1,2875', '1,28,30,102', '39,157', '44,392,394,456', '49,173,175,483,485,966,968,1541', '1,249', '29,1247', '1,159', '1,168', '1,326', '54,76']} 
DEBUG 2024-02-21 22:42:15.286 UTC: 	 Encoded data for curl request: dryrun=0&workflow=crab_SkimB4Mu_2023eraD-v2_stream2_Mini&saveoutput=1&savelogsflag=0&inputdata=%2FParkingDoubleMuonLowMass2%2FRun2023D-22Sep2023_v2-v1%2FMINIAOD&primarydataset=&nonvaliddata=1&dbsurl=https%3A%2F%2Fcmsweb.cern.ch%2Fdbs%2Fprod%2Fglobal%2FDBSReader&useparent=0&ignorelocality=0&splitalgo=LumiBased&algoargs=50&totalunits=0&publication=1&publishdbsurl=https%3A%2F%2Fcmsweb.cern.ch%2Fdbs%2Fprod%2Fphys03%2FDBSWriter&publishname2=SkimB4Mu_2023eraD-v2_stream2_Mini&jobtype=Analysis&generator=pythia&maxjobruntime=1250&numcores=1&maxmemory=2000&priority=10&nonprodsw=1&asyncdest=T2_IT_Bari&requireaccelerator=0&oneEventMode=0&ignoreglobalblacklist=1&partialdataset=0&jobarch=slc7_amd64_gcc11&jobsw=CMSSW_13_0_13&cacheurl=https%3A%2F%2Fcmsweb.cern.ch%2FS3%2Fcrabcache_prod&cachefilename=c21f585968b676319b78458a8dfff0d78967d784c1d5d78343c5cdc38d3be0e5.tar.gz&debugfilename=9ed114fd9c28ea66cedc58ff94326223690685de95a7aff05a560dc2b2e7344a.tar.gz&tfileoutfiles=TreeData.root&runs=369927&runs=369943&runs=369956&runs=369978&runs=369998&runs=369999&runs=370093&runs=370097&runs=370102&runs=370129&runs=370144&runs=370169&runs=370172&runs=370175&runs=370293&runs=370294&runs=370300&runs=370304&runs=370307&runs=370321&runs=370332&runs=370340&runs=370354&runs=370357&runs=370406&runs=370436&runs=370460&runs=370472&runs=370497&runs=370522&runs=370560&runs=370579&runs=370580&runs=370667&runs=370717&runs=370725&runs=370749&runs=370753&runs=370772&runs=370774&runs=370775&runs=370776&runs=370790&lumis=37%2C376&lumis=1%2C384&lumis=37%2C1076&lumis=31%2C812&lumis=1%2C179&lumis=1%2C41&lumis=1%2C450&lumis=1%2C356&lumis=1%2C762&lumis=42%2C123%2C125%2C552&lumis=1%2C715%2C717%2C1329&lumis=46%2C454%2C456%2C490%2C492%2C526%2C528%2C562%2C564%2C598%2C600%2C935%2C1002%2C1014%2C1016%2C1019%2C1021%2C1033%2C1035%2C1449&lumis=1%2C300&lumis=92%2C757%2C759%2C1785&lumis=39%2C1618&lumis=1%2C668&lumis=1%2C962&lumis=1%2C327&lumis=1%2C708&lumis=39%2C52&lumis=1%2C144%2C146%2C1523%2C1525%2C1968&lumis=24%2C779&lumis=34%2C311&lumis=1%2C801&lumis=37%2C121%2C123%2C738%2C746%2C869&lumis=1%2C31&lumis=8%2C123&lumis=1%2C32%2C34%2C43&lumis=1%2C115%2C117%2C1419%2C1426%2C1436&lumis=48%2C369&lumis=62%2C90%2C92%2C410&lumis=33%2C113%2C120%2C123&lumis=1%2C2875&lumis=1%2C28%2C30%2C102&lumis=39%2C157&lumis=44%2C392%2C394%2C456&lumis=49%2C173%2C175%2C483%2C485%2C966%2C968%2C1541&lumis=1%2C249&lumis=29%2C1247&lumis=1%2C159&lumis=1%2C168&lumis=1%2C326&lumis=54%2C76
DEBUG 2024-02-21 22:42:15.660 UTC: 	 Result: {'result': [{'RequestName': '240221_224215:mbuonsan_crab_SkimB4Mu_2023eraD-v2_stream2_Mini'}]}
INFO 2024-02-21 22:42:15.661 UTC: 	 Success: Your task has been delivered to the prod CRAB3 server.
INFO 2024-02-21 22:42:15.661 UTC: 	 Task name: 240221_224215:mbuonsan_crab_SkimB4Mu_2023eraD-v2_stream2_Mini
INFO 2024-02-21 22:42:15.661 UTC: 	 Project dir: crab_projects/crab_SkimB4Mu_2023eraD-v2_stream2_Mini
INFO 2024-02-21 22:42:15.661 UTC: 	 Please use ' crab status -d crab_projects/crab_SkimB4Mu_2023eraD-v2_stream2_Mini ' to check how the submission process proceeds.
DEBUG 2024-02-21 22:42:15.662 UTC: 	 About to return
INFO 2024-02-21 22:42:15.666 UTC: 	 Log file is /lustrehome/mbuonsante/B_4mu/CMSSW_13_0_13/src/B4muNtuplizer/CrabSubmission/2023_eraD-v2/crab_projects/crab_SkimB4Mu_2023eraD-v2_stream2_Mini/crab.log
DEBUG 2024-02-22 20:34:39.801 UTC: 	 CRAB Client version: v3.240110
DEBUG 2024-02-22 20:34:39.802 UTC: 	 Running on: Linux ui02.recas.ba.infn.it 3.10.0-1160.80.1.el7.x86_64 #1 SMP Tue Nov 8 15:48:59 UTC 2022 x86_64 x86_64 x86_64 GNU/Linux - CentOS Linux 7 (Core)
DEBUG 2024-02-22 20:34:39.802 UTC: 	 Executing command: 'resubmit'
DEBUG 2024-02-22 20:34:39.802 UTC: 	 Found CRAB cache file /lustrehome/mbuonsante/.crab3
DEBUG 2024-02-22 20:34:39.811 UTC: 	 Checking credentials
DEBUG 2024-02-22 20:34:39.811 UTC: 	 Found proxy file /tmp/x509up_u881331
DEBUG 2024-02-22 20:34:39.811 UTC: 	 Making sure it has proper VOMS extension
DEBUG 2024-02-22 20:34:39.811 UTC: 	 Executing command :
 voms-proxy-info --vo --file /tmp/x509up_u881331
DEBUG 2024-02-22 20:34:40.948 UTC: 	 output : cms

 error: 
 retcode : 0
DEBUG 2024-02-22 20:34:40.948 UTC: 	 Getting proxy life time left
DEBUG 2024-02-22 20:34:40.948 UTC: 	 Executing command :
 voms-proxy-info --actimeleft --timeleft --file /tmp/x509up_u881331
DEBUG 2024-02-22 20:34:42.034 UTC: 	 output : 399935
399934

 error: 
 retcode : 0
DEBUG 2024-02-22 20:34:42.035 UTC: 	 Proxy valid for 111:05:34 hours
DEBUG 2024-02-22 20:34:42.035 UTC: 	 Encoded data for curl request: subresource=delegatedn
DEBUG 2024-02-22 20:34:42.206 UTC: 	 Registering user credentials on myproxy for /DC=ch/DC=cern/OU=computers/CN=crab-(preprod|prod|dev)-tw(01|02|03).cern.ch|/DC=ch/DC=cern/OU=computers/CN=stefanov(m|m2).cern.ch|/DC=ch/DC=cern/OU=computers/CN=dciangot-tw.cern.ch
DEBUG 2024-02-22 20:34:42.206 UTC: 	 Executing command :
 voms-proxy-info --identity --file /tmp/x509up_u881331
DEBUG 2024-02-22 20:34:43.252 UTC: 	 output : /DC=ch/DC=cern/OU=Organic Units/OU=Users/CN=mbuonsan/CN=866052/CN=Marco Buonsante

 error: 
 retcode : 0
DEBUG 2024-02-22 20:34:43.252 UTC: 	 Getting myproxy life time left for db438794163ae221c16ac5cdc1e476b2bc2ff634
DEBUG 2024-02-22 20:34:43.253 UTC: 	 Executing command :
 myproxy-info -s myproxy.cern.ch -l db438794163ae221c16ac5cdc1e476b2bc2ff634
DEBUG 2024-02-22 20:34:43.764 UTC: 	 output : username: db438794163ae221c16ac5cdc1e476b2bc2ff634
owner: /DC=ch/DC=cern/OU=Organic Units/OU=Users/CN=mbuonsan/CN=866052/CN=Marco Buonsante
  renewal policy: /DC=ch/DC=cern/OU=computers/CN=crab-(preprod|prod|dev)-tw(01|02|03).cern.ch|/DC=ch/DC=cern/OU=computers/CN=stefanov(m|m2).cern.ch|/DC=ch/DC=cern/OU=computers/CN=dciangot-tw.cern.ch
  trusted retrieval policy: /DC=ch/DC=cern/OU=computers/CN=crab-(preprod|prod|dev)-tw(01|02|03).cern.ch|/DC=ch/DC=cern/OU=computers/CN=stefanov(m|m2).cern.ch|/DC=ch/DC=cern/OU=computers/CN=dciangot-tw.cern.ch
  timeleft: 471:06:44  (19.6 days)

 error: 
 retcode : 0
DEBUG 2024-02-22 20:34:43.764 UTC: 	 Myproxy is valid: 1695960
DEBUG 2024-02-22 20:34:43.764 UTC: 	 Result of myproxy credential check:
  Credential exists on myproxy: username: db438794163ae221c16ac5cdc1e476b2bc2ff634  - validity: 19 days, 15:06:00
DEBUG 2024-02-22 20:34:43.765 UTC: 	 Encoded data for curl request: subresource=search&workflow=240221_224215%3Ambuonsan_crab_SkimB4Mu_2023eraD-v2_stream2_Mini
DEBUG 2024-02-22 20:34:43.946 UTC: 	 Command use: resubmit
DEBUG 2024-02-22 20:34:43.946 UTC: 	 Options use: ['-d', 'crab_projects/crab_SkimB4Mu_2023eraD-v2_stream2_Mini']
DEBUG 2024-02-22 20:34:43.947 UTC: 	 Encoded data for curl request: subresource=version
DEBUG 2024-02-22 20:34:44.130 UTC: 	 CRABClient version: v3.240110
DEBUG 2024-02-22 20:34:44.130 UTC: 	 Instance is prod
DEBUG 2024-02-22 20:34:44.130 UTC: 	 Server base url is cmsweb.cern.ch
DEBUG 2024-02-22 20:34:44.130 UTC: 	 Command api workflow
DEBUG 2024-02-22 20:34:44.143 UTC: 	 CRAB Client version: v3.240110
DEBUG 2024-02-22 20:34:44.143 UTC: 	 Running on: Linux ui02.recas.ba.infn.it 3.10.0-1160.80.1.el7.x86_64 #1 SMP Tue Nov 8 15:48:59 UTC 2022 x86_64 x86_64 x86_64 GNU/Linux - CentOS Linux 7 (Core)
DEBUG 2024-02-22 20:34:44.143 UTC: 	 Executing command: 'status'
DEBUG 2024-02-22 20:34:44.143 UTC: 	 Found CRAB cache file /lustrehome/mbuonsante/.crab3
DEBUG 2024-02-22 20:34:44.146 UTC: 	 Checking credentials
DEBUG 2024-02-22 20:34:44.146 UTC: 	 Found proxy file /tmp/x509up_u881331
DEBUG 2024-02-22 20:34:44.146 UTC: 	 Making sure it has proper VOMS extension
DEBUG 2024-02-22 20:34:44.146 UTC: 	 Executing command :
 voms-proxy-info --vo --file /tmp/x509up_u881331
DEBUG 2024-02-22 20:34:45.245 UTC: 	 output : cms

 error: 
 retcode : 0
DEBUG 2024-02-22 20:34:45.245 UTC: 	 Getting proxy life time left
DEBUG 2024-02-22 20:34:45.245 UTC: 	 Executing command :
 voms-proxy-info --actimeleft --timeleft --file /tmp/x509up_u881331
DEBUG 2024-02-22 20:34:46.347 UTC: 	 output : 399931
399930

 error: 
 retcode : 0
DEBUG 2024-02-22 20:34:46.348 UTC: 	 Proxy valid for 111:05:30 hours
DEBUG 2024-02-22 20:34:46.348 UTC: 	 Encoded data for curl request: subresource=delegatedn
DEBUG 2024-02-22 20:34:46.509 UTC: 	 Registering user credentials on myproxy for /DC=ch/DC=cern/OU=computers/CN=crab-(preprod|prod|dev)-tw(01|02|03).cern.ch|/DC=ch/DC=cern/OU=computers/CN=stefanov(m|m2).cern.ch|/DC=ch/DC=cern/OU=computers/CN=dciangot-tw.cern.ch
DEBUG 2024-02-22 20:34:46.509 UTC: 	 Executing command :
 voms-proxy-info --identity --file /tmp/x509up_u881331
DEBUG 2024-02-22 20:34:47.610 UTC: 	 output : /DC=ch/DC=cern/OU=Organic Units/OU=Users/CN=mbuonsan/CN=866052/CN=Marco Buonsante

 error: 
 retcode : 0
DEBUG 2024-02-22 20:34:47.610 UTC: 	 Getting myproxy life time left for db438794163ae221c16ac5cdc1e476b2bc2ff634
DEBUG 2024-02-22 20:34:47.610 UTC: 	 Executing command :
 myproxy-info -s myproxy.cern.ch -l db438794163ae221c16ac5cdc1e476b2bc2ff634
DEBUG 2024-02-22 20:34:47.996 UTC: 	 output : username: db438794163ae221c16ac5cdc1e476b2bc2ff634
owner: /DC=ch/DC=cern/OU=Organic Units/OU=Users/CN=mbuonsan/CN=866052/CN=Marco Buonsante
  renewal policy: /DC=ch/DC=cern/OU=computers/CN=crab-(preprod|prod|dev)-tw(01|02|03).cern.ch|/DC=ch/DC=cern/OU=computers/CN=stefanov(m|m2).cern.ch|/DC=ch/DC=cern/OU=computers/CN=dciangot-tw.cern.ch
  trusted retrieval policy: /DC=ch/DC=cern/OU=computers/CN=crab-(preprod|prod|dev)-tw(01|02|03).cern.ch|/DC=ch/DC=cern/OU=computers/CN=stefanov(m|m2).cern.ch|/DC=ch/DC=cern/OU=computers/CN=dciangot-tw.cern.ch
  timeleft: 471:06:40  (19.6 days)

 error: 
 retcode : 0
DEBUG 2024-02-22 20:34:47.997 UTC: 	 Myproxy is valid: 1695960
DEBUG 2024-02-22 20:34:47.997 UTC: 	 Result of myproxy credential check:
  Credential exists on myproxy: username: db438794163ae221c16ac5cdc1e476b2bc2ff634  - validity: 19 days, 15:06:00
DEBUG 2024-02-22 20:34:47.997 UTC: 	 Retrieving username ...
DEBUG 2024-02-22 20:34:47.997 UTC: 	 Retrieving username from CRIC...
DEBUG 2024-02-22 20:34:49.030 UTC: 	 username is mbuonsan
INFO 2024-02-22 20:34:50.223 UTC: 	 Rucio client intialized for account mbuonsan
DEBUG 2024-02-22 20:34:50.223 UTC: 	 Command use: status
DEBUG 2024-02-22 20:34:50.223 UTC: 	 Options use: []
DEBUG 2024-02-22 20:34:50.224 UTC: 	 Encoded data for curl request: subresource=version
DEBUG 2024-02-22 20:34:50.403 UTC: 	 CRABClient version: v3.240110
DEBUG 2024-02-22 20:34:50.403 UTC: 	 Instance is prod
DEBUG 2024-02-22 20:34:50.403 UTC: 	 Server base url is cmsweb.cern.ch
DEBUG 2024-02-22 20:34:50.403 UTC: 	 Command api workflow
DEBUG 2024-02-22 20:34:50.404 UTC: 	 Encoded data for curl request: subresource=search&workflow=240221_224215%3Ambuonsan_crab_SkimB4Mu_2023eraD-v2_stream2_Mini
DEBUG 2024-02-22 20:34:50.583 UTC: 	 Got information from server oracle database: {'desc': {'columns': ['tm_taskname', 'tm_activity', 'panda_jobset_id', 'tm_task_status', 'tm_task_command', 'tm_start_time', 'tm_start_injection', 'tm_end_injection', 'tm_task_failure', 'tm_job_sw', 'tm_job_arch', 'tm_input_dataset', 'tm_nonvalid_input_dataset', 'tm_use_parent', 'tm_site_whitelist', 'tm_site_blacklist', 'tm_split_algo', 'tm_split_args', 'tm_user_sandbox', 'tm_cache_url', 'tm_username', 'tm_user_dn', 'tm_user_vo', 'tm_user_role', 'tm_user_group', 'tm_publish_name', 'tm_publish_groupname', 'tm_asyncdest', 'tm_dbs_url', 'tm_publish_dbs_url', 'tm_publication', 'tm_outfiles', 'tm_tfile_outfiles', 'tm_edm_outfiles', 'tm_job_type', 'tm_generator', 'tm_events_per_lumi', 'tm_arguments', 'panda_resubmitted_jobs', 'tm_save_logs', 'tw_name', 'tm_user_infiles', 'tm_maxjobruntime', 'tm_numcores', 'tm_maxmemory', 'tm_priority', 'tm_output_dataset', 'tm_task_warnings', 'tm_user_webdir', 'tm_scriptexe', 'tm_scriptargs', 'tm_extrajdl', 'tm_asourl', 'tm_collector', 'tm_schedd', 'tm_dry_run', 'tm_user_files', 'tm_transfer_outputs', 'tm_output_lfn', 'tm_ignore_locality', 'tm_fail_limit', 'tm_one_event_mode', 'tm_secondary_input_dataset', 'tm_primary_dataset', 'tm_last_publication', 'tm_debug_files', 'clusterid', 'tm_asodb', 'tm_ignore_global_blacklist', 'tm_submitter_ip_addr', 'tm_totalunits', 'tm_ddm_reqid', 'tm_user_config', 'tm_transfer_container', 'tm_transfer_rule', 'tm_publish_rule', 'tm_multipub_rule']}, 'result': ['240221_224215:mbuonsan_crab_SkimB4Mu_2023eraD-v2_stream2_Mini', 'None', 'None', 'SUBMITTED', 'SUBMIT', '2024-02-21 22:42:15.640481', 'None', '2024-02-21 22:45:28.146437', 'None', 'CMSSW_13_0_13', 'slc7_amd64_gcc11', '/ParkingDoubleMuonLowMass2/Run2023D-22Sep2023_v2-v1/MINIAOD', 'T', '0', '[]', '[]', 'LumiBased', "{'halt_job_on_file_boundaries': False, 'splitOnRun': False, 'lumis_per_job': 50, 'runs': ['369927', '369943', '369956', '369978', '369998', '369999', '370093', '370097', '370102', '370129', '370144', '370169', '370172', '370175', '370293', '370294', '370300', '370304', '370307', '370321', '370332', '370340', '370354', '370357', '370406', '370436', '370460', '370472', '370497', '370522', '370560', '370579', '370580', '370667', '370717', '370725', '370749', '370753', '370772', '370774', '370775', '370776', '370790'], 'lumis': ['37,376', '1,384', '37,1076', '31,812', '1,179', '1,41', '1,450', '1,356', '1,762', '42,123,125,552', '1,715,717,1329', '46,454,456,490,492,526,528,562,564,598,600,935,1002,1014,1016,1019,1021,1033,1035,1449', '1,300', '92,757,759,1785', '39,1618', '1,668', '1,962', '1,327', '1,708', '39,52', '1,144,146,1523,1525,1968', '24,779', '34,311', '1,801', '37,121,123,738,746,869', '1,31', '8,123', '1,32,34,43', '1,115,117,1419,1426,1436', '48,369', '62,90,92,410', '33,113,120,123', '1,2875', '1,28,30,102', '39,157', '44,392,394,456', '49,173,175,483,485,966,968,1541', '1,249', '29,1247', '1,159', '1,168', '1,326', '54,76']}", 'c21f585968b676319b78458a8dfff0d78967d784c1d5d78343c5cdc38d3be0e5.tar.gz', 'https://cmsweb.cern.ch/S3/crabcache_prod', 'mbuonsan', '/DC=ch/DC=cern/OU=Organic Units/OU=Users/CN=mbuonsan/CN=866052/CN=Marco Buonsante', 'cms', 'None', 'None', 'SkimB4Mu_2023eraD-v2_stream2_Mini-00000000000000000000000000000000', 'F', 'T2_IT_Bari', 'https://cmsweb.cern.ch/dbs/prod/global/DBSReader', 'https://cmsweb.cern.ch/dbs/prod/phys03/DBSWriter', 'T', '[]', "['TreeData.root']", '[]', 'Analysis', 'pythia', 'None', '{}', 'None', 'F', 'crab-prod-tw01', '[]', '1250', '1', '2000', '10', "['/FakeDataset/fakefile-FakePublish-852a07b22063aca989ebb1689f2348ca/USER']", '[]', 'http://vocms0106.cern.ch/mon/mbuonsan/240221_224215:mbuonsan_crab_SkimB4Mu_2023eraD-v2_stream2_Mini', 'None', '[]', '[]', 'None', 'cmsgwms-collector-global.cern.ch:9620,cmsgwms-collector-global.fnal.gov:9620', 'crab3@vocms0106.cern.ch', 'F', '[]', 'T', '/store/user/mbuonsan/', 'F', 'None', 'F', 'None', 'ParkingDoubleMuonLowMass2', 'None', '9ed114fd9c28ea66cedc58ff94326223690685de95a7aff05a560dc2b2e7344a.tar.gz', '92146828', 'None', 'T', '188.184.75.82', '0.0', 'None', '{"partialdataset": false, "requireaccelerator": false, "acceleratorparams": null, "inputblocks": null}', 'None', 'None', 'None', 'None']}
INFO 2024-02-22 20:34:50.584 UTC: 	 CRAB project directory:		/lustrehome/mbuonsante/B_4mu/CMSSW_13_0_13/src/B4muNtuplizer/CrabSubmission/2023_eraD-v2/crab_projects/crab_SkimB4Mu_2023eraD-v2_stream2_Mini
INFO 2024-02-22 20:34:50.584 UTC: 	 Task name:			240221_224215:mbuonsan_crab_SkimB4Mu_2023eraD-v2_stream2_Mini
INFO 2024-02-22 20:34:50.584 UTC: 	 Grid scheduler - Task Worker:	crab3@vocms0106.cern.ch - crab-prod-tw01
INFO 2024-02-22 20:34:50.584 UTC: 	 Status on the CRAB server:	SUBMITTED
INFO 2024-02-22 20:34:50.584 UTC: 	 Task URL to use for HELP:	https://cmsweb.cern.ch/crabserver/ui/task/240221_224215%3Ambuonsan_crab_SkimB4Mu_2023eraD-v2_stream2_Mini
INFO 2024-02-22 20:34:50.593 UTC: 	 Dashboard monitoring URL:	https://monit-grafana.cern.ch/d/cmsTMDetail/cms-task-monitoring-task-view?orgId=11&var-user=mbuonsan&var-task=240221_224215%3Ambuonsan_crab_SkimB4Mu_2023eraD-v2_stream2_Mini&from=1708551735000&to=now
DEBUG 2024-02-22 20:34:50.593 UTC: 	 The CRAB server submitted your task to the Grid scheduler (cluster ID: 92146828)
DEBUG 2024-02-22 20:34:50.593 UTC: 	 Webdir is located at http://vocms0106.cern.ch/mon/mbuonsan/240221_224215:mbuonsan_crab_SkimB4Mu_2023eraD-v2_stream2_Mini
DEBUG 2024-02-22 20:34:50.594 UTC: 	 Encoded data for curl request: subresource=webdirprx&workflow=240221_224215%3Ambuonsan_crab_SkimB4Mu_2023eraD-v2_stream2_Mini
DEBUG 2024-02-22 20:34:50.756 UTC: 	 Proxied webdir is located at https://cmsweb.cern.ch:8443/scheddmon/0106/mbuonsan/240221_224215:mbuonsan_crab_SkimB4Mu_2023eraD-v2_stream2_Mini
DEBUG 2024-02-22 20:34:50.757 UTC: 	 Retrieving 'status_cache' file from https://cmsweb.cern.ch:8443/scheddmon/0106/mbuonsan/240221_224215:mbuonsan_crab_SkimB4Mu_2023eraD-v2_stream2_Mini/status_cache.pkl
DEBUG 2024-02-22 20:34:50.757 UTC: 	 Will execute:
curl -sS --capath /etc/grid-security/certificates --cert /tmp/x509up_u881331 --key /tmp/x509up_u881331 -o /tmp/crab_status-cache-ozdsa7kg.pkl -w %"{http_code}" "https://cmsweb.cern.ch:8443/scheddmon/0106/mbuonsan/240221_224215:mbuonsan_crab_SkimB4Mu_2023eraD-v2_stream2_Mini/status_cache.pkl"
DEBUG 2024-02-22 20:34:50.757 UTC: 	 Executing command :
 curl -sS --capath /etc/grid-security/certificates --cert /tmp/x509up_u881331 --key /tmp/x509up_u881331 -o /tmp/crab_status-cache-ozdsa7kg.pkl -w %"{http_code}" "https://cmsweb.cern.ch:8443/scheddmon/0106/mbuonsan/240221_224215:mbuonsan_crab_SkimB4Mu_2023eraD-v2_stream2_Mini/status_cache.pkl"
DEBUG 2024-02-22 20:34:50.965 UTC: 	 output : 200
 error: 
 retcode : 0
DEBUG 2024-02-22 20:34:50.965 UTC: 	 exitcode: 0
stdout: 200
stderr: 
error details: 
DEBUG 2024-02-22 20:34:50.966 UTC: 	 Got information from status cache file: {'2': {'Retries': 0, 'Restarts': 0, 'SiteHistory': ['Unknown', 'T2_UK_SGrid_RALPP', 'T2_UK_SGrid_RALPP'], 'ResidentSetSize': [1570048], 'SubmitTimes': [1708555536.0], 'StartTimes': [1708555678.0], 'EndTimes': [1708558763.0], 'TotalUserCpuTimeHistory': [2790], 'TotalSysCpuTimeHistory': [89], 'WallDurations': [8.0, 213.98064970970154, 3085.0], 'JobIds': ['92146832.0'], 'State': 'finished', 'RecordedSite': True}, '3': {'Retries': 0, 'Restarts': 0, 'SiteHistory': ['Unknown', 'T2_UK_SGrid_RALPP', 'T2_UK_SGrid_RALPP'], 'ResidentSetSize': [1569144], 'SubmitTimes': [1708555536.0], 'StartTimes': [1708555678.0], 'EndTimes': [1708558019.0], 'TotalUserCpuTimeHistory': [1915], 'TotalSysCpuTimeHistory': [49], 'WallDurations': [9.0, 213.98064970970154, 2341.0], 'JobIds': ['92146833.0'], 'State': 'finished', 'RecordedSite': True}, '4': {'Retries': 0, 'Restarts': 0, 'SiteHistory': ['Unknown', 'T2_UK_SGrid_RALPP', 'T2_UK_SGrid_RALPP'], 'ResidentSetSize': [1599828], 'SubmitTimes': [1708555536.0], 'StartTimes': [1708555678.0], 'EndTimes': [1708558596.0], 'TotalUserCpuTimeHistory': [2205], 'TotalSysCpuTimeHistory': [62], 'WallDurations': [9.0, 213.98064970970154, 2918.0], 'JobIds': ['92146834.0'], 'State': 'finished', 'RecordedSite': True}, '6': {'Retries': 0, 'Restarts': 0, 'SiteHistory': ['T2_US_Caltech', 'T2_US_Caltech'], 'ResidentSetSize': [1846812], 'SubmitTimes': [1708555536.0], 'StartTimes': [1708555548.0], 'EndTimes': [1708558594.0], 'TotalUserCpuTimeHistory': [2368], 'TotalSysCpuTimeHistory': [49], 'WallDurations': [9.0, 3046.0], 'JobIds': ['92146835.0'], 'State': 'finished', 'RecordedSite': True}, '8': {'Retries': 0, 'Restarts': 0, 'SiteHistory': ['T2_US_Caltech', 'T2_US_Caltech'], 'ResidentSetSize': [1867328], 'SubmitTimes': [1708555536.0], 'StartTimes': [1708555551.0], 'EndTimes': [1708560477.0], 'TotalUserCpuTimeHistory': [4087], 'TotalSysCpuTimeHistory': [88], 'WallDurations': [10.0, 4926.0], 'JobIds': ['92146836.0'], 'State': 'finished', 'RecordedSite': True}, '10': {'Retries': 0, 'Restarts': 0, 'SiteHistory': ['Unknown', 'T2_US_Caltech', 'T2_US_Caltech'], 'ResidentSetSize': [1755408], 'SubmitTimes': [1708555536.0], 'StartTimes': [1708555596.0], 'EndTimes': [1708557721.0], 'TotalUserCpuTimeHistory': [1723], 'TotalSysCpuTimeHistory': [39], 'WallDurations': [9.0, 295.98064970970154, 2125.0], 'JobIds': ['92146837.0'], 'State': 'finished', 'RecordedSite': True}, '9': {'Retries': 0, 'Restarts': 0, 'SiteHistory': ['Unknown', 'T2_US_Caltech', 'T2_US_Caltech'], 'ResidentSetSize': [1532708], 'SubmitTimes': [1708555536.0], 'StartTimes': [1708555598.0], 'EndTimes': [1708561277.0], 'TotalUserCpuTimeHistory': [5118], 'TotalSysCpuTimeHistory': [93], 'WallDurations': [10.0, 293.98064970970154, 5679.0], 'JobIds': ['92146838.0'], 'State': 'finished', 'RecordedSite': True}, '12': {'Retries': 0, 'Restarts': 0, 'SiteHistory': ['Unknown', 'T2_US_Caltech', 'T2_US_Caltech'], 'ResidentSetSize': [1710604], 'SubmitTimes': [1708555536.0], 'StartTimes': [1708555614.0], 'EndTimes': [1708556565.0], 'TotalUserCpuTimeHistory': [751], 'TotalSysCpuTimeHistory': [13], 'WallDurations': [9.0, 277.98064970970154, 951.0], 'JobIds': ['92146839.0'], 'State': 'finished', 'RecordedSite': True}, '1': {'Retries': 1, 'Restarts': 0, 'SiteHistory': ['Unknown', 'T2_UK_SGrid_RALPP', 'T2_UK_SGrid_RALPP', 'T2_US_Caltech', 'T2_US_Caltech'], 'ResidentSetSize': [1310072, 1581640], 'SubmitTimes': [1708555536.0, 1708558384.0], 'StartTimes': [1708555678.0, 1708558403.0], 'EndTimes': [1708556513.0, 1708559739.0], 'TotalUserCpuTimeHistory': [618, 1066], 'TotalSysCpuTimeHistory': [29, 36], 'WallDurations': [9.0, 213.98064970970154, 835.0, 9.0, 1336.0], 'JobIds': ['92146840.0', '92147802.0'], 'State': 'finished', 'RecordedSite': True}, '7': {'Retries': 0, 'Restarts': 0, 'SiteHistory': ['Unknown', 'T2_US_Caltech', 'T2_US_Caltech'], 'ResidentSetSize': [1850168], 'SubmitTimes': [1708555536.0], 'StartTimes': [1708555646.0], 'EndTimes': [1708558526.0], 'TotalUserCpuTimeHistory': [2330], 'TotalSysCpuTimeHistory': [45], 'WallDurations': [9.0, 245.98064970970154, 2880.0], 'JobIds': ['92146841.0'], 'State': 'finished', 'RecordedSite': True}, '13': {'Retries': 0, 'Restarts': 0, 'SiteHistory': ['Unknown', 'T2_US_Caltech', 'T2_US_Caltech'], 'ResidentSetSize': [1698252], 'SubmitTimes': [1708555536.0], 'StartTimes': [1708555658.0], 'EndTimes': [1708561010.0], 'TotalUserCpuTimeHistory': [2216], 'TotalSysCpuTimeHistory': [55], 'WallDurations': [10.0, 233.98064970970154, 5352.0], 'JobIds': ['92146842.0'], 'State': 'finished', 'RecordedSite': True}, '16': {'Retries': 0, 'Restarts': 0, 'SiteHistory': ['Unknown', 'T2_US_Caltech', 'T2_US_Caltech'], 'ResidentSetSize': [1883516], 'SubmitTimes': [1708555536.0], 'StartTimes': [1708555675.0], 'EndTimes': [1708559349.0], 'TotalUserCpuTimeHistory': [3092], 'TotalSysCpuTimeHistory': [79], 'WallDurations': [8.0, 216.98064970970154, 3674.0], 'JobIds': ['92146843.0'], 'State': 'finished', 'RecordedSite': True}, '14': {'Retries': 0, 'Restarts': 0, 'SiteHistory': ['Unknown', 'T2_US_Caltech', 'T2_US_Caltech'], 'ResidentSetSize': [1833264], 'SubmitTimes': [1708555536.0], 'StartTimes': [1708555689.0], 'EndTimes': [1708557641.0], 'TotalUserCpuTimeHistory': [1589], 'TotalSysCpuTimeHistory': [42], 'WallDurations': [9.0, 202.98064970970154, 1952.0], 'JobIds': ['92146844.0'], 'State': 'finished', 'RecordedSite': True}, '17': {'Retries': 0, 'Restarts': 0, 'SiteHistory': ['Unknown', 'T2_US_Caltech', 'T2_US_Caltech'], 'ResidentSetSize': [1838628], 'SubmitTimes': [1708555536.0], 'StartTimes': [1708555697.0], 'EndTimes': [1708559204.0], 'TotalUserCpuTimeHistory': [2261], 'TotalSysCpuTimeHistory': [39], 'WallDurations': [9.0, 194.98064970970154, 3507.0], 'JobIds': ['92146845.0'], 'State': 'finished', 'RecordedSite': True}, '18': {'Retries': 0, 'Restarts': 0, 'SiteHistory': ['Unknown', 'T2_US_Caltech', 'T2_US_Caltech'], 'ResidentSetSize': [1887564], 'SubmitTimes': [1708555536.0], 'StartTimes': [1708555729.0], 'EndTimes': [1708559935.0], 'TotalUserCpuTimeHistory': [3478], 'TotalSysCpuTimeHistory': [68], 'WallDurations': [9.0, 162.98064970970154, 4206.0], 'JobIds': ['92146846.0'], 'State': 'finished', 'RecordedSite': True}, '20': {'Retries': 0, 'Restarts': 0, 'SiteHistory': ['Unknown', 'T2_US_Caltech', 'T2_US_Caltech'], 'ResidentSetSize': [1687220], 'SubmitTimes': [1708555536.0], 'StartTimes': [1708555762.0], 'EndTimes': [1708558211.0], 'TotalUserCpuTimeHistory': [1975], 'TotalSysCpuTimeHistory': [65], 'WallDurations': [9.0, 129.98064970970154, 2449.0], 'JobIds': ['92146847.0'], 'State': 'finished', 'RecordedSite': True}, '5': {'Retries': 0, 'Restarts': 0, 'SiteHistory': ['Unknown', 'T3_UK_ScotGrid_GLA', 'T3_UK_ScotGrid_GLA'], 'ResidentSetSize': [1507856], 'SubmitTimes': [1708555536.0], 'StartTimes': [1708555679.0], 'EndTimes': [1708558314.0], 'TotalUserCpuTimeHistory': [1800], 'TotalSysCpuTimeHistory': [53], 'WallDurations': [8.0, 212.98064970970154, 2635.0], 'JobIds': ['92146848.0'], 'State': 'finished', 'RecordedSite': True}, '11': {'Retries': 0, 'Restarts': 0, 'SiteHistory': ['Unknown', 'T2_UK_SGrid_RALPP', 'T2_UK_SGrid_RALPP'], 'ResidentSetSize': [1563316], 'SubmitTimes': [1708555536.0], 'StartTimes': [1708555678.0], 'EndTimes': [1708557865.0], 'TotalUserCpuTimeHistory': [1825], 'TotalSysCpuTimeHistory': [48], 'WallDurations': [8.0, 213.98064970970154, 2187.0], 'JobIds': ['92146849.0'], 'State': 'finished', 'RecordedSite': True}, '19': {'Retries': 0, 'Restarts': 0, 'SiteHistory': ['Unknown', 'T2_US_Caltech', 'T2_US_Caltech'], 'ResidentSetSize': [1712572], 'SubmitTimes': [1708555536.0], 'StartTimes': [1708555794.0], 'EndTimes': [1708558531.0], 'TotalUserCpuTimeHistory': [2164], 'TotalSysCpuTimeHistory': [60], 'WallDurations': [9.0, 97.98064970970154, 2737.0], 'JobIds': ['92146850.0'], 'State': 'finished', 'RecordedSite': True}, '15': {'Retries': 0, 'Restarts': 0, 'SiteHistory': ['Unknown', 'T2_US_Caltech', 'T2_US_Caltech'], 'ResidentSetSize': [1850768], 'SubmitTimes': [1708555536.0], 'StartTimes': [1708555832.0], 'EndTimes': [1708558289.0], 'TotalUserCpuTimeHistory': [1848], 'TotalSysCpuTimeHistory': [44], 'WallDurations': [9.0, 59.98064970970154, 2457.0], 'JobIds': ['92146851.0'], 'State': 'finished', 'RecordedSite': True}, '24': {'Retries': 1, 'Restarts': 0, 'SiteHistory': ['Unknown', 'T2_US_Caltech', 'T2_US_Caltech', 'T2_IT_Legnaro', 'T2_IT_Legnaro'], 'ResidentSetSize': [1622648, 1289440], 'SubmitTimes': [1708555536.0, 1708559828.0], 'StartTimes': [1708555895.0, 1708559874.0], 'EndTimes': [1708557962.0, 1708560701.0], 'TotalUserCpuTimeHistory': [1733, 741], 'TotalSysCpuTimeHistory': [57, 21], 'WallDurations': [9.0, 297.1903443336487, 2067.0, 8.0, 827.0], 'JobIds': ['92146852.0', '92148109.0'], 'State': 'finished', 'RecordedSite': True}, '22': {'Retries': 0, 'Restarts': 0, 'SiteHistory': ['Unknown', 'T2_US_Caltech', 'T2_US_Caltech'], 'ResidentSetSize': [1696624], 'SubmitTimes': [1708555536.0], 'StartTimes': [1708555999.0], 'EndTimes': [1708559507.0], 'TotalUserCpuTimeHistory': [1869], 'TotalSysCpuTimeHistory': [42], 'WallDurations': [9.0, 193.19034433364868, 3508.0], 'JobIds': ['92146853.0'], 'State': 'finished', 'RecordedSite': True}, '23': {'Retries': 0, 'Restarts': 0, 'SiteHistory': ['Unknown', 'T2_US_Caltech', 'T2_US_Caltech'], 'ResidentSetSize': [1661848], 'SubmitTimes': [1708555537.0], 'StartTimes': [1708556030.0], 'EndTimes': [1708558861.0], 'TotalUserCpuTimeHistory': [1774], 'TotalSysCpuTimeHistory': [56], 'WallDurations': [9.0, 162.19034433364868, 2831.0], 'JobIds': ['92146854.0'], 'State': 'finished', 'RecordedSite': True}, '30': {'Retries': 1, 'Restarts': 0, 'SiteHistory': ['Unknown', 'T2_US_Caltech', 'T2_US_Caltech', 'Unknown', 'T2_IT_Bari', 'T2_IT_Bari'], 'ResidentSetSize': [1881452, 1561084], 'SubmitTimes': [1708555537.0, 1708563102.0], 'StartTimes': [1708556050.0, 1708563178.0], 'EndTimes': [1708561229.0, 1708566741.0], 'TotalUserCpuTimeHistory': [2731, 2402], 'TotalSysCpuTimeHistory': [57, 58], 'WallDurations': [10.0, 142.19034433364868, 5179.0, 9.0, 250.12113070487976, 3563.0], 'JobIds': ['92146855.0', '92148502.0'], 'State': 'finished', 'RecordedSite': True}, '27': {'Retries': 0, 'Restarts': 0, 'SiteHistory': ['Unknown', 'T2_US_Caltech', 'T2_US_Caltech'], 'ResidentSetSize': [1849936], 'SubmitTimes': [1708555537.0], 'StartTimes': [1708556053.0], 'EndTimes': [1708559081.0], 'TotalUserCpuTimeHistory': [2408], 'TotalSysCpuTimeHistory': [56], 'WallDurations': [9.0, 139.19034433364868, 3028.0], 'JobIds': ['92146856.0'], 'State': 'finished', 'RecordedSite': True}, '26': {'Retries': 0, 'Restarts': 0, 'SiteHistory': ['Unknown', 'T2_US_Caltech', 'T2_US_Caltech'], 'ResidentSetSize': [1723396], 'SubmitTimes': [1708555537.0], 'StartTimes': [1708556049.0], 'EndTimes': [1708561171.0], 'TotalUserCpuTimeHistory': [2306], 'TotalSysCpuTimeHistory': [64], 'WallDurations': [9.0, 143.19034433364868, 5122.0], 'JobIds': ['92146857.0'], 'State': 'finished', 'RecordedSite': True}, '33': {'Retries': 0, 'Restarts': 0, 'SiteHistory': ['Unknown', 'T2_US_Caltech', 'T2_US_Caltech'], 'ResidentSetSize': [1769404], 'SubmitTimes': [1708555537.0], 'StartTimes': [1708556050.0], 'EndTimes': [1708559003.0], 'TotalUserCpuTimeHistory': [2444], 'TotalSysCpuTimeHistory': [65], 'WallDurations': [9.0, 142.19034433364868, 2953.0], 'JobIds': ['92146858.0'], 'State': 'finished', 'RecordedSite': True}, '32': {'Retries': 0, 'Restarts': 0, 'SiteHistory': ['Unknown', 'T2_US_Caltech', 'T2_US_Caltech'], 'ResidentSetSize': [1844420], 'SubmitTimes': [1708555537.0], 'StartTimes': [1708556049.0], 'EndTimes': [1708559528.0], 'TotalUserCpuTimeHistory': [2947], 'TotalSysCpuTimeHistory': [69], 'WallDurations': [9.0, 143.19034433364868, 3479.0], 'JobIds': ['92146859.0'], 'State': 'finished', 'RecordedSite': True}, '34': {'Retries': 0, 'Restarts': 0, 'SiteHistory': ['Unknown', 'T2_US_Caltech', 'T2_US_Caltech'], 'ResidentSetSize': [1740280], 'SubmitTimes': [1708555537.0], 'StartTimes': [1708556052.0], 'EndTimes': [1708560229.0], 'TotalUserCpuTimeHistory': [2249], 'TotalSysCpuTimeHistory': [71], 'WallDurations': [10.0, 140.19034433364868, 4177.0], 'JobIds': ['92146860.0'], 'State': 'finished', 'RecordedSite': True}, '25': {'Retries': 0, 'Restarts': 0, 'SiteHistory': ['Unknown', 'T2_US_Caltech', 'T2_US_Caltech'], 'ResidentSetSize': [1833840], 'SubmitTimes': [1708555537.0], 'StartTimes': [1708556049.0], 'EndTimes': [1708559451.0], 'TotalUserCpuTimeHistory': [2898], 'TotalSysCpuTimeHistory': [61], 'WallDurations': [9.0, 143.19034433364868, 3402.0], 'JobIds': ['92146861.0'], 'State': 'finished', 'RecordedSite': True}, '35': {'Retries': 0, 'Restarts': 0, 'SiteHistory': ['Unknown', 'T2_US_Caltech', 'T2_US_Caltech'], 'ResidentSetSize': [1685036], 'SubmitTimes': [1708555537.0], 'StartTimes': [1708556065.0], 'EndTimes': [1708557607.0], 'TotalUserCpuTimeHistory': [1028], 'TotalSysCpuTimeHistory': [28], 'WallDurations': [9.0, 127.19034433364868, 1542.0], 'JobIds': ['92146862.0'], 'State': 'finished', 'RecordedSite': True}, '36': {'Retries': 0, 'Restarts': 0, 'SiteHistory': ['Unknown', 'T2_US_Caltech', 'T2_US_Caltech'], 'ResidentSetSize': [1715524], 'SubmitTimes': [1708555537.0], 'StartTimes': [1708556052.0], 'EndTimes': [1708558130.0], 'TotalUserCpuTimeHistory': [1687], 'TotalSysCpuTimeHistory': [54], 'WallDurations': [9.0, 140.19034433364868, 2078.0], 'JobIds': ['92146863.0'], 'State': 'finished', 'RecordedSite': True}, '38': {'Retries': 0, 'Restarts': 0, 'SiteHistory': ['Unknown', 'T2_US_Caltech', 'T2_US_Caltech'], 'ResidentSetSize': [1826928], 'SubmitTimes': [1708555537.0], 'StartTimes': [1708556050.0], 'EndTimes': [1708559780.0], 'TotalUserCpuTimeHistory': [3276], 'TotalSysCpuTimeHistory': [76], 'WallDurations': [9.0, 142.19034433364868, 3730.0], 'JobIds': ['92146864.0'], 'State': 'finished', 'RecordedSite': True}, '39': {'Retries': 0, 'Restarts': 0, 'SiteHistory': ['Unknown', 'T2_US_Caltech', 'T2_US_Caltech'], 'ResidentSetSize': [1759264], 'SubmitTimes': [1708555537.0], 'StartTimes': [1708556052.0], 'EndTimes': [1708558456.0], 'TotalUserCpuTimeHistory': [2002], 'TotalSysCpuTimeHistory': [58], 'WallDurations': [9.0, 140.19034433364868, 2404.0], 'JobIds': ['92146865.0'], 'State': 'finished', 'RecordedSite': True}, '28': {'Retries': 0, 'Restarts': 0, 'SiteHistory': ['Unknown', 'T2_US_Caltech', 'T2_US_Caltech'], 'ResidentSetSize': [1893368], 'SubmitTimes': [1708555537.0], 'StartTimes': [1708556050.0], 'EndTimes': [1708559773.0], 'TotalUserCpuTimeHistory': [3164], 'TotalSysCpuTimeHistory': [65], 'WallDurations': [9.0, 142.19034433364868, 3723.0], 'JobIds': ['92146866.0'], 'State': 'finished', 'RecordedSite': True}, '29': {'Retries': 0, 'Restarts': 0, 'SiteHistory': ['Unknown', 'T2_US_Caltech', 'T2_US_Caltech'], 'ResidentSetSize': [1878560], 'SubmitTimes': [1708555537.0], 'StartTimes': [1708556052.0], 'EndTimes': [1708559468.0], 'TotalUserCpuTimeHistory': [2934], 'TotalSysCpuTimeHistory': [67], 'WallDurations': [9.0, 140.19034433364868, 3416.0], 'JobIds': ['92146867.0'], 'State': 'finished', 'RecordedSite': True}, '37': {'Retries': 0, 'Restarts': 0, 'SiteHistory': ['Unknown', 'T2_US_Caltech', 'T2_US_Caltech'], 'ResidentSetSize': [1910236], 'SubmitTimes': [1708555537.0], 'StartTimes': [1708556050.0], 'EndTimes': [1708560193.0], 'TotalUserCpuTimeHistory': [3613], 'TotalSysCpuTimeHistory': [73], 'WallDurations': [10.0, 142.19034433364868, 4143.0], 'JobIds': ['92146868.0'], 'State': 'finished', 'RecordedSite': True}, '31': {'Retries': 0, 'Restarts': 0, 'SiteHistory': ['Unknown', 'T2_US_Caltech', 'T2_US_Caltech'], 'ResidentSetSize': [1832076], 'SubmitTimes': [1708555537.0], 'StartTimes': [1708556050.0], 'EndTimes': [1708559096.0], 'TotalUserCpuTimeHistory': [2590], 'TotalSysCpuTimeHistory': [56], 'WallDurations': [10.0, 142.19034433364868, 3046.0], 'JobIds': ['92146869.0'], 'State': 'finished', 'RecordedSite': True}, '40': {'Retries': 1, 'Restarts': 0, 'SiteHistory': ['Unknown', 'T2_US_Caltech', 'T2_US_Caltech', 'T2_US_Caltech', 'T2_US_Caltech'], 'ResidentSetSize': [1532576, 1530508], 'SubmitTimes': [1708555537.0, 1708558107.0], 'StartTimes': [1708556052.0, 1708558136.0], 'EndTimes': [1708556237.0, 1708558298.0], 'TotalUserCpuTimeHistory': [112, 100], 'TotalSysCpuTimeHistory': [6, 5], 'WallDurations': [9.0, 140.19034433364868, 185.0, 162.0, 166.62828969955444], 'JobIds': ['92146870.0', '92147768.0'], 'State': 'finished', 'RecordedSite': True}, '41': {'Retries': 0, 'Restarts': 0, 'SiteHistory': ['Unknown', 'T2_US_Caltech', 'T2_US_Caltech'], 'ResidentSetSize': [1820052], 'SubmitTimes': [1708555537.0], 'StartTimes': [1708556049.0], 'EndTimes': [1708560009.0], 'TotalUserCpuTimeHistory': [2234], 'TotalSysCpuTimeHistory': [70], 'WallDurations': [10.0, 143.19034433364868, 3960.0], 'JobIds': ['92146871.0'], 'State': 'finished', 'RecordedSite': True}, '42': {'Retries': 0, 'Restarts': 0, 'SiteHistory': ['Unknown', 'T2_US_Caltech', 'T2_US_Caltech'], 'ResidentSetSize': [1829052], 'SubmitTimes': [1708555537.0], 'StartTimes': [1708556052.0], 'EndTimes': [1708560263.0], 'TotalUserCpuTimeHistory': [3026], 'TotalSysCpuTimeHistory': [95], 'WallDurations': [10.0, 140.19034433364868, 4211.0], 'JobIds': ['92146872.0'], 'State': 'finished', 'RecordedSite': True}, '43': {'Retries': 0, 'Restarts': 0, 'SiteHistory': ['Unknown', 'T2_US_Caltech', 'T2_US_Caltech'], 'ResidentSetSize': [1722960], 'SubmitTimes': [1708555538.0], 'StartTimes': [1708556053.0], 'EndTimes': [1708558396.0], 'TotalUserCpuTimeHistory': [1863], 'TotalSysCpuTimeHistory': [46], 'WallDurations': [9.0, 139.19034433364868, 2343.0], 'JobIds': ['92146873.0'], 'State': 'finished', 'RecordedSite': True}, '44': {'Retries': 0, 'Restarts': 0, 'SiteHistory': ['Unknown', 'T2_US_Caltech', 'T2_US_Caltech'], 'ResidentSetSize': [1695432], 'SubmitTimes': [1708555538.0], 'StartTimes': [1708556052.0], 'EndTimes': [1708558723.0], 'TotalUserCpuTimeHistory': [1797], 'TotalSysCpuTimeHistory': [50], 'WallDurations': [9.0, 140.19034433364868, 2671.0], 'JobIds': ['92146874.0'], 'State': 'finished', 'RecordedSite': True}, '48': {'Retries': 1, 'Restarts': 0, 'SiteHistory': ['Unknown', 'T2_US_Caltech', 'T2_US_Caltech', 'T2_US_Caltech', 'T2_US_Caltech'], 'ResidentSetSize': [1530844, 1482636], 'SubmitTimes': [1708555538.0, 1708558334.0], 'StartTimes': [1708556051.0, 1708558345.0], 'EndTimes': [1708556461.0, 1708558701.0], 'TotalUserCpuTimeHistory': [294, 263], 'TotalSysCpuTimeHistory': [8, 11], 'WallDurations': [9.0, 141.19034433364868, 410.0, 9.0, 356.0], 'JobIds': ['92146875.0', '92147797.0'], 'State': 'finished', 'RecordedSite': True}, '45': {'Retries': 0, 'Restarts': 0, 'SiteHistory': ['Unknown', 'T2_US_Caltech', 'T2_US_Caltech'], 'ResidentSetSize': [1674728], 'SubmitTimes': [1708555538.0], 'StartTimes': [1708556052.0], 'EndTimes': [1708559385.0], 'TotalUserCpuTimeHistory': [1191], 'TotalSysCpuTimeHistory': [43], 'WallDurations': [10.0, 140.19034433364868, 3333.0], 'JobIds': ['92146876.0'], 'State': 'finished', 'RecordedSite': True}, '55': {'Retries': 0, 'Restarts': 0, 'SiteHistory': ['Unknown', 'T2_US_Caltech', 'T2_US_Caltech'], 'ResidentSetSize': [1691448], 'SubmitTimes': [1708555538.0], 'StartTimes': [1708556050.0], 'EndTimes': [1708558340.0], 'TotalUserCpuTimeHistory': [1834], 'TotalSysCpuTimeHistory': [57], 'WallDurations': [10.0, 142.19034433364868, 2290.0], 'JobIds': ['92146877.0'], 'State': 'finished', 'RecordedSite': True}, '47': {'Retries': 0, 'Restarts': 0, 'SiteHistory': ['Unknown', 'T2_US_Caltech', 'T2_US_Caltech'], 'ResidentSetSize': [1546796], 'SubmitTimes': [1708555538.0], 'StartTimes': [1708556053.0], 'EndTimes': [1708557941.0], 'TotalUserCpuTimeHistory': [887], 'TotalSysCpuTimeHistory': [27], 'WallDurations': [9.0, 139.19034433364868, 1888.0], 'JobIds': ['92146878.0'], 'State': 'finished', 'RecordedSite': True}, '46': {'Retries': 0, 'Restarts': 0, 'SiteHistory': ['Unknown', 'T2_US_Caltech', 'T2_US_Caltech'], 'ResidentSetSize': [1680000], 'SubmitTimes': [1708555538.0], 'StartTimes': [1708556051.0], 'EndTimes': [1708558157.0], 'TotalUserCpuTimeHistory': [1398], 'TotalSysCpuTimeHistory': [46], 'WallDurations': [9.0, 141.19034433364868, 2106.0], 'JobIds': ['92146879.0'], 'State': 'finished', 'RecordedSite': True}, '56': {'Retries': 0, 'Restarts': 0, 'SiteHistory': ['Unknown', 'T2_US_Caltech', 'T2_US_Caltech'], 'ResidentSetSize': [1722864], 'SubmitTimes': [1708555538.0], 'StartTimes': [1708556050.0], 'EndTimes': [1708558254.0], 'TotalUserCpuTimeHistory': [1678], 'TotalSysCpuTimeHistory': [48], 'WallDurations': [9.0, 142.19034433364868, 2204.0], 'JobIds': ['92146880.0'], 'State': 'finished', 'RecordedSite': True}, '53': {'Retries': 0, 'Restarts': 0, 'SiteHistory': ['Unknown', 'T2_US_Caltech', 'T2_US_Caltech'], 'ResidentSetSize': [1699060], 'SubmitTimes': [1708555538.0], 'StartTimes': [1708556052.0], 'EndTimes': [1708558009.0], 'TotalUserCpuTimeHistory': [1588], 'TotalSysCpuTimeHistory': [42], 'WallDurations': [9.0, 140.19034433364868, 1957.0], 'JobIds': ['92146881.0'], 'State': 'finished', 'RecordedSite': True}, '54': {'Retries': 0, 'Restarts': 0, 'SiteHistory': ['Unknown', 'T2_US_Caltech', 'T2_US_Caltech'], 'ResidentSetSize': [1824468], 'SubmitTimes': [1708555538.0], 'StartTimes': [1708556051.0], 'EndTimes': [1708559675.0], 'TotalUserCpuTimeHistory': [3149], 'TotalSysCpuTimeHistory': [71], 'WallDurations': [9.0, 141.19034433364868, 3624.0], 'JobIds': ['92146882.0'], 'State': 'finished', 'RecordedSite': True}, '52': {'Retries': 0, 'Restarts': 0, 'SiteHistory': ['Unknown', 'T2_US_Caltech', 'T2_US_Caltech'], 'ResidentSetSize': [1834748], 'SubmitTimes': [1708555538.0], 'StartTimes': [1708556053.0], 'EndTimes': [1708558450.0], 'TotalUserCpuTimeHistory': [1996], 'TotalSysCpuTimeHistory': [51], 'WallDurations': [9.0, 139.19034433364868, 2397.0], 'JobIds': ['92146883.0'], 'State': 'finished', 'RecordedSite': True}, '57': {'Retries': 0, 'Restarts': 0, 'SiteHistory': ['Unknown', 'T2_US_Caltech', 'T2_US_Caltech'], 'ResidentSetSize': [1727084], 'SubmitTimes': [1708555538.0], 'StartTimes': [1708556051.0], 'EndTimes': [1708558067.0], 'TotalUserCpuTimeHistory': [1732], 'TotalSysCpuTimeHistory': [40], 'WallDurations': [9.0, 141.19034433364868, 2016.0], 'JobIds': ['92146884.0'], 'State': 'finished', 'RecordedSite': True}, '59': {'Retries': 0, 'Restarts': 0, 'SiteHistory': ['Unknown', 'T2_US_Caltech', 'T2_US_Caltech'], 'ResidentSetSize': [1846152], 'SubmitTimes': [1708555538.0], 'StartTimes': [1708556051.0], 'EndTimes': [1708558237.0], 'TotalUserCpuTimeHistory': [1767], 'TotalSysCpuTimeHistory': [46], 'WallDurations': [9.0, 141.19034433364868, 2186.0], 'JobIds': ['92146885.0'], 'State': 'finished', 'RecordedSite': True}, '58': {'Retries': 0, 'Restarts': 0, 'SiteHistory': ['Unknown', 'T2_US_Caltech', 'T2_US_Caltech'], 'ResidentSetSize': [1847708], 'SubmitTimes': [1708555538.0], 'StartTimes': [1708556053.0], 'EndTimes': [1708558480.0], 'TotalUserCpuTimeHistory': [1904], 'TotalSysCpuTimeHistory': [39], 'WallDurations': [9.0, 139.19034433364868, 2427.0], 'JobIds': ['92146886.0'], 'State': 'finished', 'RecordedSite': True}, '50': {'Retries': 0, 'Restarts': 0, 'SiteHistory': ['Unknown', 'T2_US_Caltech', 'T2_US_Caltech'], 'ResidentSetSize': [1573512], 'SubmitTimes': [1708555538.0], 'StartTimes': [1708556054.0], 'EndTimes': [1708558748.0], 'TotalUserCpuTimeHistory': [1187], 'TotalSysCpuTimeHistory': [35], 'WallDurations': [11.0, 138.19034433364868, 2694.0], 'JobIds': ['92146887.0'], 'State': 'finished', 'RecordedSite': True}, '49': {'Retries': 0, 'Restarts': 0, 'SiteHistory': ['Unknown', 'T1_IT_CNAF', 'T1_IT_CNAF'], 'ResidentSetSize': [1268336], 'SubmitTimes': [1708555538.0], 'StartTimes': [1708555887.0], 'EndTimes': [1708556664.0], 'TotalUserCpuTimeHistory': [328], 'TotalSysCpuTimeHistory': [18], 'WallDurations': [0, 4.980649709701538, 777.0], 'JobIds': ['92146888.0'], 'State': 'finished', 'RecordedSite': True}, '51': {'Retries': 0, 'Restarts': 0, 'SiteHistory': ['Unknown', 'T2_US_Caltech', 'T2_US_Caltech'], 'ResidentSetSize': [1840496], 'SubmitTimes': [1708555538.0], 'StartTimes': [1708556054.0], 'EndTimes': [1708558306.0], 'TotalUserCpuTimeHistory': [1825], 'TotalSysCpuTimeHistory': [41], 'WallDurations': [9.0, 138.19034433364868, 2252.0], 'JobIds': ['92146889.0'], 'State': 'finished', 'RecordedSite': True}, '60': {'Retries': 0, 'Restarts': 0, 'SiteHistory': ['Unknown', 'T2_US_Caltech', 'T2_US_Caltech'], 'ResidentSetSize': [1839548], 'SubmitTimes': [1708555538.0], 'StartTimes': [1708556054.0], 'EndTimes': [1708558475.0], 'TotalUserCpuTimeHistory': [2015], 'TotalSysCpuTimeHistory': [39], 'WallDurations': [8.0, 138.19034433364868, 2421.0], 'JobIds': ['92146890.0'], 'State': 'finished', 'RecordedSite': True}, '61': {'Retries': 0, 'Restarts': 0, 'SiteHistory': ['Unknown', 'T2_US_Caltech', 'T2_US_Caltech'], 'ResidentSetSize': [1793696], 'SubmitTimes': [1708555538.0], 'StartTimes': [1708556053.0], 'EndTimes': [1708561696.0], 'TotalUserCpuTimeHistory': [3705], 'TotalSysCpuTimeHistory': [93], 'WallDurations': [9.0, 139.19034433364868, 5643.0], 'JobIds': ['92146891.0'], 'State': 'finished', 'RecordedSite': True}, '66': {'Retries': 0, 'Restarts': 0, 'SiteHistory': ['Unknown', 'T2_US_Caltech', 'T2_US_Caltech'], 'ResidentSetSize': [1844424], 'SubmitTimes': [1708555538.0], 'StartTimes': [1708556054.0], 'EndTimes': [1708558818.0], 'TotalUserCpuTimeHistory': [2210], 'TotalSysCpuTimeHistory': [37], 'WallDurations': [9.0, 138.19034433364868, 2764.0], 'JobIds': ['92146892.0'], 'State': 'finished', 'RecordedSite': True}, '65': {'Retries': 0, 'Restarts': 0, 'SiteHistory': ['Unknown', 'T2_US_Caltech', 'T2_US_Caltech'], 'ResidentSetSize': [1832540], 'SubmitTimes': [1708555538.0], 'StartTimes': [1708556053.0], 'EndTimes': [1708559180.0], 'TotalUserCpuTimeHistory': [2026], 'TotalSysCpuTimeHistory': [37], 'WallDurations': [9.0, 139.19034433364868, 3127.0], 'JobIds': ['92146893.0'], 'State': 'finished', 'RecordedSite': True}, '62': {'Retries': 0, 'Restarts': 0, 'SiteHistory': ['Unknown', 'T2_US_Caltech', 'T2_US_Caltech'], 'ResidentSetSize': [1746884], 'SubmitTimes': [1708555538.0], 'StartTimes': [1708556053.0], 'EndTimes': [1708559063.0], 'TotalUserCpuTimeHistory': [1829], 'TotalSysCpuTimeHistory': [45], 'WallDurations': [9.0, 139.19034433364868, 3010.0], 'JobIds': ['92146894.0'], 'State': 'finished', 'RecordedSite': True}, '67': {'Retries': 0, 'Restarts': 0, 'SiteHistory': ['Unknown', 'T2_US_Caltech', 'T2_US_Caltech'], 'ResidentSetSize': [1849412], 'SubmitTimes': [1708555539.0], 'StartTimes': [1708556053.0], 'EndTimes': [1708559728.0], 'TotalUserCpuTimeHistory': [3155], 'TotalSysCpuTimeHistory': [66], 'WallDurations': [10.0, 139.19034433364868, 3675.0], 'JobIds': ['92146895.0'], 'State': 'finished', 'RecordedSite': True}, '73': {'Retries': 1, 'Restarts': 0, 'SiteHistory': ['Unknown', 'T2_US_Caltech', 'T2_US_Caltech', 'T2_US_Caltech', 'T2_US_Caltech'], 'ResidentSetSize': [1678796, 1556096], 'SubmitTimes': [1708555540.0, 1708559454.0], 'StartTimes': [1708556055.0, 1708559465.0], 'EndTimes': [1708557578.0, 1708560692.0], 'TotalUserCpuTimeHistory': [998, 907], 'TotalSysCpuTimeHistory': [28, 22], 'WallDurations': [10.0, 137.19034433364868, 1523.0, 9.0, 1227.0], 'JobIds': ['92146896.0', '92148086.0'], 'State': 'finished', 'RecordedSite': True}, '64': {'Retries': 0, 'Restarts': 0, 'SiteHistory': ['Unknown', 'T2_US_Caltech', 'T2_US_Caltech'], 'ResidentSetSize': [1760336], 'SubmitTimes': [1708555540.0], 'StartTimes': [1708556060.0], 'EndTimes': [1708558256.0], 'TotalUserCpuTimeHistory': [1737], 'TotalSysCpuTimeHistory': [47], 'WallDurations': [9.0, 132.19034433364868, 2196.0], 'JobIds': ['92146898.0'], 'State': 'finished', 'RecordedSite': True}, '72': {'Retries': 0, 'Restarts': 0, 'SiteHistory': ['Unknown', 'T2_US_Caltech', 'T2_US_Caltech'], 'ResidentSetSize': [1724132], 'SubmitTimes': [1708555540.0], 'StartTimes': [1708556052.0], 'EndTimes': [1708559204.0], 'TotalUserCpuTimeHistory': [2706], 'TotalSysCpuTimeHistory': [79], 'WallDurations': [9.0, 140.19034433364868, 3152.0], 'JobIds': ['92146900.0'], 'State': 'finished', 'RecordedSite': True}, '70': {'Retries': 0, 'Restarts': 0, 'SiteHistory': ['Unknown', 'T2_US_Caltech', 'T2_US_Caltech'], 'ResidentSetSize': [1872624], 'SubmitTimes': [1708555540.0], 'StartTimes': [1708556054.0], 'EndTimes': [1708559526.0], 'TotalUserCpuTimeHistory': [2968], 'TotalSysCpuTimeHistory': [56], 'WallDurations': [9.0, 138.19034433364868, 3472.0], 'JobIds': ['92146902.0'], 'State': 'finished', 'RecordedSite': True}, '69': {'Retries': 0, 'Restarts': 0, 'SiteHistory': ['Unknown', 'T2_US_Caltech', 'T2_US_Caltech'], 'ResidentSetSize': [1848312], 'SubmitTimes': [1708555540.0], 'StartTimes': [1708556052.0], 'EndTimes': [1708558922.0], 'TotalUserCpuTimeHistory': [2379], 'TotalSysCpuTimeHistory': [52], 'WallDurations': [10.0, 140.19034433364868, 2870.0], 'JobIds': ['92146904.0'], 'State': 'finished', 'RecordedSite': True}, '80': {'Retries': 0, 'Restarts': 0, 'SiteHistory': ['Unknown', 'T2_US_Caltech', 'T2_US_Caltech'], 'ResidentSetSize': [1840832], 'SubmitTimes': [1708555540.0], 'StartTimes': [1708556053.0], 'EndTimes': [1708558261.0], 'TotalUserCpuTimeHistory': [1667], 'TotalSysCpuTimeHistory': [40], 'WallDurations': [9.0, 139.19034433364868, 2208.0], 'JobIds': ['92146906.0'], 'State': 'finished', 'RecordedSite': True}, '74': {'Retries': 0, 'Restarts': 0, 'SiteHistory': ['Unknown', 'T2_US_Caltech', 'T2_US_Caltech'], 'ResidentSetSize': [1759304], 'SubmitTimes': [1708555540.0], 'StartTimes': [1708556054.0], 'EndTimes': [1708560657.0], 'TotalUserCpuTimeHistory': [2683], 'TotalSysCpuTimeHistory': [75], 'WallDurations': [9.0, 138.19034433364868, 4603.0], 'JobIds': ['92146908.0'], 'State': 'finished', 'RecordedSite': True}, '71': {'Retries': 0, 'Restarts': 0, 'SiteHistory': ['Unknown', 'T2_US_Caltech', 'T2_US_Caltech'], 'ResidentSetSize': [1790416], 'SubmitTimes': [1708555540.0], 'StartTimes': [1708556053.0], 'EndTimes': [1708558021.0], 'TotalUserCpuTimeHistory': [1570], 'TotalSysCpuTimeHistory': [35], 'WallDurations': [9.0, 139.19034433364868, 1968.0], 'JobIds': ['92146910.0'], 'State': 'finished', 'RecordedSite': True}, '76': {'Retries': 0, 'Restarts': 0, 'SiteHistory': ['Unknown', 'T2_US_Caltech', 'T2_US_Caltech'], 'ResidentSetSize': [1835316], 'SubmitTimes': [1708555540.0], 'StartTimes': [1708556055.0], 'EndTimes': [1708559540.0], 'TotalUserCpuTimeHistory': [3022], 'TotalSysCpuTimeHistory': [61], 'WallDurations': [10.0, 137.19034433364868, 3485.0], 'JobIds': ['92146912.0'], 'State': 'finished', 'RecordedSite': True}, '68': {'Retries': 0, 'Restarts': 0, 'SiteHistory': ['Unknown', 'T2_US_Caltech', 'T2_US_Caltech'], 'ResidentSetSize': [1828368], 'SubmitTimes': [1708555540.0], 'StartTimes': [1708556054.0], 'EndTimes': [1708560754.0], 'TotalUserCpuTimeHistory': [4216], 'TotalSysCpuTimeHistory': [85], 'WallDurations': [9.0, 138.19034433364868, 4700.0], 'JobIds': ['92146914.0'], 'State': 'finished', 'RecordedSite': True}, '63': {'Retries': 0, 'Restarts': 0, 'SiteHistory': ['Unknown', 'T2_US_Caltech', 'T2_US_Caltech'], 'ResidentSetSize': [1690604], 'SubmitTimes': [1708555540.0], 'StartTimes': [1708556054.0], 'EndTimes': [1708557663.0], 'TotalUserCpuTimeHistory': [1198], 'TotalSysCpuTimeHistory': [27], 'WallDurations': [9.0, 138.19034433364868, 1609.0], 'JobIds': ['92146916.0'], 'State': 'finished', 'RecordedSite': True}, '79': {'Retries': 0, 'Restarts': 0, 'SiteHistory': ['Unknown', 'T2_US_Caltech', 'T2_US_Caltech'], 'ResidentSetSize': [1840944], 'SubmitTimes': [1708555540.0], 'StartTimes': [1708556054.0], 'EndTimes': [1708558737.0], 'TotalUserCpuTimeHistory': [2239], 'TotalSysCpuTimeHistory': [39], 'WallDurations': [9.0, 138.19034433364868, 2683.0], 'JobIds': ['92146918.0'], 'State': 'finished', 'RecordedSite': True}, '81': {'Retries': 0, 'Restarts': 0, 'SiteHistory': ['Unknown', 'T2_US_Caltech', 'T2_US_Caltech'], 'ResidentSetSize': [1840308], 'SubmitTimes': [1708555540.0], 'StartTimes': [1708556054.0], 'EndTimes': [1708562022.0], 'TotalUserCpuTimeHistory': [3317], 'TotalSysCpuTimeHistory': [62], 'WallDurations': [9.0, 138.19034433364868, 5968.0], 'JobIds': ['92146920.0'], 'State': 'finished', 'RecordedSite': True}, '77': {'Retries': 0, 'Restarts': 0, 'SiteHistory': ['Unknown', 'T2_US_Caltech', 'T2_US_Caltech'], 'ResidentSetSize': [1845568], 'SubmitTimes': [1708555540.0], 'StartTimes': [1708556054.0], 'EndTimes': [1708559248.0], 'TotalUserCpuTimeHistory': [2699], 'TotalSysCpuTimeHistory': [46], 'WallDurations': [9.0, 138.19034433364868, 3194.0], 'JobIds': ['92146922.0'], 'State': 'finished', 'RecordedSite': True}, '78': {'Retries': 0, 'Restarts': 0, 'SiteHistory': ['Unknown', 'T2_US_Caltech', 'T2_US_Caltech'], 'ResidentSetSize': [1852052], 'SubmitTimes': [1708555540.0], 'StartTimes': [1708556061.0], 'EndTimes': [1708559403.0], 'TotalUserCpuTimeHistory': [2369], 'TotalSysCpuTimeHistory': [43], 'WallDurations': [9.0, 131.19034433364868, 3342.0], 'JobIds': ['92146924.0'], 'State': 'finished', 'RecordedSite': True}, '75': {'Retries': 0, 'Restarts': 0, 'SiteHistory': ['Unknown', 'T2_US_Caltech', 'T2_US_Caltech'], 'ResidentSetSize': [1838020], 'SubmitTimes': [1708555540.0], 'StartTimes': [1708556055.0], 'EndTimes': [1708560149.0], 'TotalUserCpuTimeHistory': [2466], 'TotalSysCpuTimeHistory': [54], 'WallDurations': [11.0, 137.19034433364868, 4094.0], 'JobIds': ['92146926.0'], 'State': 'finished', 'RecordedSite': True}, '82': {'Retries': 0, 'Restarts': 0, 'SiteHistory': ['Unknown', 'T2_US_Caltech', 'T2_US_Caltech'], 'ResidentSetSize': [1770640], 'SubmitTimes': [1708555540.0], 'StartTimes': [1708556061.0], 'EndTimes': [1708558988.0], 'TotalUserCpuTimeHistory': [2254], 'TotalSysCpuTimeHistory': [56], 'WallDurations': [9.0, 131.19034433364868, 2927.0], 'JobIds': ['92146928.0'], 'State': 'finished', 'RecordedSite': True}, '83': {'Retries': 0, 'Restarts': 0, 'SiteHistory': ['Unknown', 'T2_US_Caltech', 'T2_US_Caltech'], 'ResidentSetSize': [1741832], 'SubmitTimes': [1708555540.0], 'StartTimes': [1708556059.0], 'EndTimes': [1708558178.0], 'TotalUserCpuTimeHistory': [1708], 'TotalSysCpuTimeHistory': [57], 'WallDurations': [10.0, 133.19034433364868, 2119.0], 'JobIds': ['92146930.0'], 'State': 'finished', 'RecordedSite': True}, '85': {'Retries': 0, 'Restarts': 0, 'SiteHistory': ['Unknown', 'T2_US_Caltech', 'T2_US_Caltech'], 'ResidentSetSize': [1821996], 'SubmitTimes': [1708555540.0], 'StartTimes': [1708556055.0], 'EndTimes': [1708560719.0], 'TotalUserCpuTimeHistory': [4166], 'TotalSysCpuTimeHistory': [85], 'WallDurations': [9.0, 137.19034433364868, 4664.0], 'JobIds': ['92146932.0'], 'State': 'finished', 'RecordedSite': True}, '87': {'Retries': 0, 'Restarts': 0, 'SiteHistory': ['Unknown', 'T2_US_Caltech', 'T2_US_Caltech'], 'ResidentSetSize': [1715360], 'SubmitTimes': [1708555540.0], 'StartTimes': [1708556054.0], 'EndTimes': [1708557785.0], 'TotalUserCpuTimeHistory': [1399], 'TotalSysCpuTimeHistory': [37], 'WallDurations': [10.0, 138.19034433364868, 1731.0], 'JobIds': ['92146934.0'], 'State': 'finished', 'RecordedSite': True}, '84': {'Retries': 1, 'Restarts': 0, 'SiteHistory': ['Unknown', 'T2_US_Caltech', 'T2_US_Caltech', 'T2_DE_DESY', 'T2_DE_DESY'], 'ResidentSetSize': [1826872, 1438768], 'SubmitTimes': [1708555540.0, 1708564782.0], 'StartTimes': [1708556056.0, 1708564900.0], 'EndTimes': [1708561105.0, 1708567746.0], 'TotalUserCpuTimeHistory': [2976, 2604], 'TotalSysCpuTimeHistory': [56, 81], 'WallDurations': [10.0, 136.19034433364868, 5049.0, 9.0, 2846.0], 'JobIds': ['92146936.0', '92148755.0'], 'State': 'finished', 'RecordedSite': True}, '88': {'Retries': 0, 'Restarts': 0, 'SiteHistory': ['Unknown', 'T2_US_Caltech', 'T2_US_Caltech'], 'ResidentSetSize': [1668984], 'SubmitTimes': [1708555540.0], 'StartTimes': [1708556054.0], 'EndTimes': [1708557807.0], 'TotalUserCpuTimeHistory': [1455], 'TotalSysCpuTimeHistory': [39], 'WallDurations': [9.0, 138.19034433364868, 1753.0], 'JobIds': ['92146938.0'], 'State': 'finished', 'RecordedSite': True}, '86': {'Retries': 0, 'Restarts': 0, 'SiteHistory': ['Unknown', 'T2_US_Caltech', 'T2_US_Caltech'], 'ResidentSetSize': [1765252], 'SubmitTimes': [1708555541.0], 'StartTimes': [1708556061.0], 'EndTimes': [1708558135.0], 'TotalUserCpuTimeHistory': [1655], 'TotalSysCpuTimeHistory': [57], 'WallDurations': [11.0, 131.19034433364868, 2074.0], 'JobIds': ['92146940.0'], 'State': 'finished', 'RecordedSite': True}, '89': {'Retries': 0, 'Restarts': 0, 'SiteHistory': ['Unknown', 'T2_US_Caltech', 'T2_US_Caltech'], 'ResidentSetSize': [1669028], 'SubmitTimes': [1708555541.0], 'StartTimes': [1708556064.0], 'EndTimes': [1708558205.0], 'TotalUserCpuTimeHistory': [1806], 'TotalSysCpuTimeHistory': [54], 'WallDurations': [9.0, 128.19034433364868, 2141.0], 'JobIds': ['92146942.0'], 'State': 'finished', 'RecordedSite': True}, '90': {'Retries': 0, 'Restarts': 0, 'SiteHistory': ['Unknown', 'T2_US_Caltech', 'T2_US_Caltech'], 'ResidentSetSize': [68388], 'SubmitTimes': [1708555541.0], 'StartTimes': [1708556056.0], 'EndTimes': [1708556197.0], 'TotalUserCpuTimeHistory': [68], 'TotalSysCpuTimeHistory': [6], 'WallDurations': [9.0, 136.19034433364868, 141.0], 'JobIds': ['92146944.0'], 'State': 'finished', 'RecordedSite': True}, '21': {'Retries': 0, 'Restarts': 0, 'SiteHistory': ['Unknown', 'T2_US_Caltech', 'T2_US_Caltech'], 'ResidentSetSize': [1652920], 'SubmitTimes': [1708555541.0], 'StartTimes': [1708556054.0], 'EndTimes': [1708557584.0], 'TotalUserCpuTimeHistory': [1230], 'TotalSysCpuTimeHistory': [38], 'WallDurations': [9.0, 138.19034433364868, 1530.0], 'JobIds': ['92146946.0'], 'State': 'finished', 'RecordedSite': True}}
INFO 2024-02-22 20:34:50.966 UTC: 	 Status on the scheduler:	COMPLETED
INFO 2024-02-22 20:34:50.966 UTC: 	 
Jobs status:                    finished     		100.0% (90/90)
DEBUG 2024-02-22 20:34:50.966 UTC: 	 Encoded data for curl request: subresource=publicationstatus&workflow=240221_224215%3Ambuonsan_crab_SkimB4Mu_2023eraD-v2_stream2_Mini&username=mbuonsan
INFO 2024-02-22 20:34:51.138 UTC: 	 
Output dataset:			/FakeDataset/fakefile-FakePublish-852a07b22063aca989ebb1689f2348ca/USER
INFO 2024-02-22 20:34:51.138 UTC: 	 
No publication information available yet
INFO 2024-02-22 20:34:51.142 UTC: 	 
Warning: the max jobs runtime is less than 30% of the task requested value (1250 min), please consider to request a lower value for failed jobs (allowed through crab resubmit) and/or improve the jobs splitting (e.g. config.Data.splitting = 'Automatic') in a new task.
INFO 2024-02-22 20:34:51.142 UTC: 	 
Summary of run jobs:
 * Memory: 66MB min, 1865MB max, 1678MB ave
 * Runtime: 0:02:21 min, 1:39:28 max, 0:47:31 ave
 * CPU eff: 37% min, 94% max, 77% ave
 * Waste: 8:20:46 (10% of total)

DEBUG 2024-02-22 20:34:51.142 UTC: 	 Requesting resubmission of failed jobs in task 240221_224215:mbuonsan_crab_SkimB4Mu_2023eraD-v2_stream2_Mini
ERROR 2024-02-22 20:34:51.142 UTC: 	 Found no jobs to resubmit. Only jobs in status failed can be resubmitted. Jobs in status finished can also be resubmitted, but only if the jobids are specified and the force option is set.
ERROR 2024-02-22 20:34:51.142 UTC: 	 Caught ClientException exception
Traceback (most recent call last):
  File "/cvmfs/cms.cern.ch/share/cms/crab-prod/v3.240110.01/bin/crab.py", line 152, in <module>
    client()
  File "/cvmfs/cms.cern.ch/share/cms/crab-prod/v3.240110.01/bin/crab.py", line 137, in __call__
    returnDict = self.cmd()
  File "/cvmfs/cms.cern.ch/share/cms/crab-prod/v3.240110.01/lib/CRABClient/Commands/resubmit.py", line 65, in __call__
    self.jobids = self.processJobIds(jobList)
  File "/cvmfs/cms.cern.ch/share/cms/crab-prod/v3.240110.01/lib/CRABClient/Commands/resubmit.py", line 171, in processJobIds
    raise ConfigurationException(msg)
CRABClient.ClientExceptions.ConfigurationException: Found no jobs to resubmit. Only jobs in status failed can be resubmitted. Jobs in status finished can also be resubmitted, but only if the jobids are specified and the force option is set.
