DEBUG 2024-02-21 22:42:38.093 UTC: 	 CRAB Client version: v3.240110
DEBUG 2024-02-21 22:42:38.093 UTC: 	 Running on: Linux ui02.recas.ba.infn.it 3.10.0-1160.80.1.el7.x86_64 #1 SMP Tue Nov 8 15:48:59 UTC 2022 x86_64 x86_64 x86_64 GNU/Linux - CentOS Linux 7 (Core)
DEBUG 2024-02-21 22:42:38.093 UTC: 	 Executing command: 'submit'
DEBUG 2024-02-21 22:42:38.093 UTC: 	 Found CRAB cache file /lustrehome/mbuonsante/.crab3
INFO 2024-02-21 22:42:38.094 UTC: 	 Will use CRAB configuration file CRAB_stream_4.py
DEBUG 2024-02-21 22:42:38.094 UTC: 	 Loading CRAB configuration file.
DEBUG 2024-02-21 22:42:38.097 UTC: 	 Will use CRAB plugin ANALYSIS (i.e. will run an analysis job type).
DEBUG 2024-02-21 22:42:38.098 UTC: 	 Checking credentials
DEBUG 2024-02-21 22:42:38.098 UTC: 	 Found proxy file /tmp/x509up_u881331
DEBUG 2024-02-21 22:42:38.099 UTC: 	 Making sure it has proper VOMS extension
DEBUG 2024-02-21 22:42:38.099 UTC: 	 Executing command :
 voms-proxy-info --vo --file /tmp/x509up_u881331
DEBUG 2024-02-21 22:42:39.911 UTC: 	 output : cms

 error: 
 retcode : 0
DEBUG 2024-02-21 22:42:39.911 UTC: 	 Getting proxy life time left
DEBUG 2024-02-21 22:42:39.911 UTC: 	 Executing command :
 voms-proxy-info --actimeleft --timeleft --file /tmp/x509up_u881331
DEBUG 2024-02-21 22:42:41.658 UTC: 	 output : 478656
478655

 error: 
 retcode : 0
DEBUG 2024-02-21 22:42:41.658 UTC: 	 Proxy valid for 132:57:35 hours
DEBUG 2024-02-21 22:42:41.658 UTC: 	 Encoded data for curl request: subresource=delegatedn
DEBUG 2024-02-21 22:42:41.824 UTC: 	 Registering user credentials on myproxy for /DC=ch/DC=cern/OU=computers/CN=crab-(preprod|prod|dev)-tw(01|02|03).cern.ch|/DC=ch/DC=cern/OU=computers/CN=stefanov(m|m2).cern.ch|/DC=ch/DC=cern/OU=computers/CN=dciangot-tw.cern.ch
DEBUG 2024-02-21 22:42:41.824 UTC: 	 Executing command :
 voms-proxy-info --identity --file /tmp/x509up_u881331
DEBUG 2024-02-21 22:42:43.785 UTC: 	 output : /DC=ch/DC=cern/OU=Organic Units/OU=Users/CN=mbuonsan/CN=866052/CN=Marco Buonsante

 error: 
 retcode : 0
DEBUG 2024-02-21 22:42:43.785 UTC: 	 Getting myproxy life time left for db438794163ae221c16ac5cdc1e476b2bc2ff634
DEBUG 2024-02-21 22:42:43.785 UTC: 	 Executing command :
 myproxy-info -s myproxy.cern.ch -l db438794163ae221c16ac5cdc1e476b2bc2ff634
DEBUG 2024-02-21 22:42:44.226 UTC: 	 output : username: db438794163ae221c16ac5cdc1e476b2bc2ff634
owner: /DC=ch/DC=cern/OU=Organic Units/OU=Users/CN=mbuonsan/CN=866052/CN=Marco Buonsante
  renewal policy: /DC=ch/DC=cern/OU=computers/CN=crab-(preprod|prod|dev)-tw(01|02|03).cern.ch|/DC=ch/DC=cern/OU=computers/CN=stefanov(m|m2).cern.ch|/DC=ch/DC=cern/OU=computers/CN=dciangot-tw.cern.ch
  trusted retrieval policy: /DC=ch/DC=cern/OU=computers/CN=crab-(preprod|prod|dev)-tw(01|02|03).cern.ch|/DC=ch/DC=cern/OU=computers/CN=stefanov(m|m2).cern.ch|/DC=ch/DC=cern/OU=computers/CN=dciangot-tw.cern.ch
  timeleft: 492:58:43  (20.5 days)

 error: 
 retcode : 0
DEBUG 2024-02-21 22:42:44.227 UTC: 	 Myproxy is valid: 1774680
DEBUG 2024-02-21 22:42:44.227 UTC: 	 Result of myproxy credential check:
  Credential exists on myproxy: username: db438794163ae221c16ac5cdc1e476b2bc2ff634  - validity: 20 days, 12:58:00
DEBUG 2024-02-21 22:42:44.227 UTC: 	 Command use: submit
DEBUG 2024-02-21 22:42:44.227 UTC: 	 Options use: ['-c', 'CRAB_stream_4.py']
DEBUG 2024-02-21 22:42:44.227 UTC: 	 Encoded data for curl request: subresource=version
DEBUG 2024-02-21 22:42:44.451 UTC: 	 CRABClient version: v3.240110
DEBUG 2024-02-21 22:42:44.451 UTC: 	 Instance is prod
DEBUG 2024-02-21 22:42:44.451 UTC: 	 Server base url is cmsweb.cern.ch
DEBUG 2024-02-21 22:42:44.451 UTC: 	 Command api workflow
DEBUG 2024-02-21 22:42:44.451 UTC: 	 Started submission
DEBUG 2024-02-21 22:42:44.451 UTC: 	 Working on /lustrehome/mbuonsante/B_4mu/CMSSW_13_0_13/src/B4muNtuplizer/CrabSubmission/2023_eraD-v2/crab_projects/crab_SkimB4Mu_2023eraD-v2_stream4_Mini
DEBUG 2024-02-21 22:42:44.451 UTC: 	 Encoded data for curl request: subresource=backendurls
DEBUG 2024-02-21 22:42:44.767 UTC: 	 Loading required information from the environment
DEBUG 2024-02-21 22:42:44.767 UTC: 	 Found CMSSW_13_0_13 for slc7_amd64_gcc11 with base /lustrehome/mbuonsante/B_4mu/CMSSW_13_0_13
DEBUG 2024-02-21 22:42:44.767 UTC: 	 Loading required information from the environment
DEBUG 2024-02-21 22:42:44.768 UTC: 	 Found CMSSW_13_0_13 for slc7_amd64_gcc11 with base /lustrehome/mbuonsante/B_4mu/CMSSW_13_0_13
DEBUG 2024-02-21 22:42:44.768 UTC: 	 UNIQUE NAME: tarUUID 6d39699f-c130-4553-bcdc-a342b4480f27 
DEBUG 2024-02-21 22:42:44.768 UTC: 	 self.config: from WMCore.Configuration import Configuration
config = Configuration()
config.section_('General')
config.General.requestName = 'SkimB4Mu_2023eraD-v2_stream4_Mini'
config.General.transferOutputs = True
config.General.transferLogs = False
config.General.workArea = 'crab_projects'
config.section_('JobType')
config.JobType.allowUndistributedCMSSW = True
config.JobType.psetName = '/lustrehome/mbuonsante/B_4mu/CMSSW_13_0_13/src/B4muNtuplizer/CrabSubmission/2023_eraD-v2/PatAndTree_cfg.py'
config.JobType.pluginName = 'Analysis'
config.section_('Data')
config.Data.lumiMask = 'https://cms-service-dqmdc.web.cern.ch/CAF/certification/Collisions23/Cert_Collisions2023_eraD_369803_370790_Golden.json'
config.Data.inputDBS = 'global'
config.Data.allowNonValidInputDataset = True
config.Data.outputDatasetTag = 'SkimB4Mu_2023eraD-v2_stream4_Mini'
config.Data.splitting = 'LumiBased'
config.Data.unitsPerJob = 50
config.Data.inputDataset = '/ParkingDoubleMuonLowMass4/Run2023D-22Sep2023_v2-v2/MINIAOD'
config.section_('Site')
config.Site.ignoreGlobalBlacklist = True
config.Site.storageSite = 'T2_IT_Bari'
config.section_('User')
config.section_('Debug')

DEBUG 2024-02-21 22:42:44.768 UTC: 	 self.config.JobType.psetName: /lustrehome/mbuonsante/B_4mu/CMSSW_13_0_13/src/B4muNtuplizer/CrabSubmission/2023_eraD-v2/PatAndTree_cfg.py
INFO 2024-02-21 22:42:44.768 UTC: 	 Importing CMSSW configuration /lustrehome/mbuonsante/B_4mu/CMSSW_13_0_13/src/B4muNtuplizer/CrabSubmission/2023_eraD-v2/PatAndTree_cfg.py
INFO 2024-02-21 22:42:47.383 UTC: 	 Finished importing CMSSW configuration /lustrehome/mbuonsante/B_4mu/CMSSW_13_0_13/src/B4muNtuplizer/CrabSubmission/2023_eraD-v2/PatAndTree_cfg.py
DEBUG 2024-02-21 22:42:47.383 UTC: 	 Writing CMSSW configuration to /lustrehome/mbuonsante/B_4mu/CMSSW_13_0_13/src/B4muNtuplizer/CrabSubmission/2023_eraD-v2/crab_projects/crab_SkimB4Mu_2023eraD-v2_stream4_Mini/inputs/PSet.py
DEBUG 2024-02-21 22:42:47.499 UTC: 	 The following EDM output files will be collected: []
DEBUG 2024-02-21 22:42:47.499 UTC: 	 The following TFile output files will be collected: ['TreeData.root']
DEBUG 2024-02-21 22:42:47.499 UTC: 	 The following user output files (not listed as PoolOuputModule or TFileService in the CMSSW PSet) will be collected: 
DEBUG 2024-02-21 22:42:47.499 UTC: 	 Loading required information from the environment
DEBUG 2024-02-21 22:42:47.499 UTC: 	 Found CMSSW_13_0_13 for slc7_amd64_gcc11 with base /lustrehome/mbuonsante/B_4mu/CMSSW_13_0_13
DEBUG 2024-02-21 22:42:47.499 UTC: 	 Making tarball in /lustrehome/mbuonsante/B_4mu/CMSSW_13_0_13/src/B4muNtuplizer/CrabSubmission/2023_eraD-v2/crab_projects/crab_SkimB4Mu_2023eraD-v2_stream4_Mini/inputs/6d39699f-c130-4553-bcdc-a342b4480f27default.tgz
DEBUG 2024-02-21 22:42:47.500 UTC: 	 Checking directory /lustrehome/mbuonsante/B_4mu/CMSSW_13_0_13/bin
DEBUG 2024-02-21 22:42:47.500 UTC: 	 Adding directory /lustrehome/mbuonsante/B_4mu/CMSSW_13_0_13/bin to tarball
DEBUG 2024-02-21 22:42:47.502 UTC: 	 Checking directory /lustrehome/mbuonsante/B_4mu/CMSSW_13_0_13/python
DEBUG 2024-02-21 22:42:47.502 UTC: 	 Adding directory /lustrehome/mbuonsante/B_4mu/CMSSW_13_0_13/python to tarball
DEBUG 2024-02-21 22:42:47.557 UTC: 	 Checking directory /lustrehome/mbuonsante/B_4mu/CMSSW_13_0_13/cfipython
DEBUG 2024-02-21 22:42:47.558 UTC: 	 Adding directory /lustrehome/mbuonsante/B_4mu/CMSSW_13_0_13/cfipython to tarball
DEBUG 2024-02-21 22:42:47.570 UTC: 	 Checking directory /lustrehome/mbuonsante/B_4mu/CMSSW_13_0_13/lib
DEBUG 2024-02-21 22:42:47.571 UTC: 	 Adding directory /lustrehome/mbuonsante/B_4mu/CMSSW_13_0_13/lib to tarball
DEBUG 2024-02-21 22:42:48.212 UTC: 	 Checking directory /lustrehome/mbuonsante/B_4mu/CMSSW_13_0_13/biglib
DEBUG 2024-02-21 22:42:48.212 UTC: 	 Adding directory /lustrehome/mbuonsante/B_4mu/CMSSW_13_0_13/biglib to tarball
DEBUG 2024-02-21 22:42:48.213 UTC: 	 Checking directory /lustrehome/mbuonsante/B_4mu/CMSSW_13_0_13/module
DEBUG 2024-02-21 22:42:48.213 UTC: 	 Checking directory /lustrehome/mbuonsante/B_4mu/CMSSW_13_0_13/config/SCRAM/hooks
DEBUG 2024-02-21 22:42:48.213 UTC: 	 Adding directory /lustrehome/mbuonsante/B_4mu/CMSSW_13_0_13/config/SCRAM/hooks to tarball
DEBUG 2024-02-21 22:42:48.268 UTC: 	 Adding directory /lustrehome/mbuonsante/B_4mu/CMSSW_13_0_13/src/B4muNtuplizer/SkimTools/python to tarball
DEBUG 2024-02-21 22:42:48.279 UTC: 	 Adding directory /lustrehome/mbuonsante/B_4mu/CMSSW_13_0_13/src/CommonTools/CandAlgos/interface to tarball
DEBUG 2024-02-21 22:42:48.284 UTC: 	 Adding directory /lustrehome/mbuonsante/B_4mu/CMSSW_13_0_13/src/CommonTools/CandAlgos/python to tarball
DEBUG 2024-02-21 22:42:48.471 UTC: 	 Uploading archive /lustrehome/mbuonsante/B_4mu/CMSSW_13_0_13/src/B4muNtuplizer/CrabSubmission/2023_eraD-v2/crab_projects/crab_SkimB4Mu_2023eraD-v2_stream4_Mini/inputs/6d39699f-c130-4553-bcdc-a342b4480f27default.tgz (0.643555.1 MB) to the CRAB cache. Using URI https://cmsweb.cern.ch/S3/crabcache_prod
DEBUG 2024-02-21 22:42:49.007 UTC: 	 Encoded data for curl request: subresource=upload&objecttype=sandbox&tarballname=c21f585968b676319b78458a8dfff0d78967d784c1d5d78343c5cdc38d3be0e5.tar.gz
DEBUG 2024-02-21 22:42:49.209 UTC: 	 sandbox c21f585968b676319b78458a8dfff0d78967d784c1d5d78343c5cdc38d3be0e5.tar.gz is already in the S3 store, will not upload again
DEBUG 2024-02-21 22:42:49.210 UTC: 	 Loading required information from the environment
DEBUG 2024-02-21 22:42:49.210 UTC: 	 Found CMSSW_13_0_13 for slc7_amd64_gcc11 with base /lustrehome/mbuonsante/B_4mu/CMSSW_13_0_13
DEBUG 2024-02-21 22:42:49.210 UTC: 	 Making tarball in /lustrehome/mbuonsante/B_4mu/CMSSW_13_0_13/src/B4muNtuplizer/CrabSubmission/2023_eraD-v2/crab_projects/crab_SkimB4Mu_2023eraD-v2_stream4_Mini/inputs/debugFiles.tgz
DEBUG 2024-02-21 22:42:49.214 UTC: 	 Uploading archive /lustrehome/mbuonsante/B_4mu/CMSSW_13_0_13/src/B4muNtuplizer/CrabSubmission/2023_eraD-v2/crab_projects/crab_SkimB4Mu_2023eraD-v2_stream4_Mini/inputs/debugFiles.tgz (2 KB) to the CRAB cache. Using URI https://cmsweb.cern.ch/S3/crabcache_prod
DEBUG 2024-02-21 22:42:49.217 UTC: 	 Encoded data for curl request: subresource=upload&objecttype=sandbox&tarballname=541316ad41a3213e0d335ebb9fe3601b0e956c975f9a1eac2a9a58ed092b431d.tar.gz
DEBUG 2024-02-21 22:42:49.426 UTC: 	 Will execute:
curl -f -v -X POST  -H "User-Agent: CRAB" -F "key=mbuonsan/sandboxes/541316ad41a3213e0d335ebb9fe3601b0e956c975f9a1eac2a9a58ed092b431d.tar.gz" -F "AWSAccessKeyId=ab00fcc889f248c495d2875f15a3badb" -F "policy=eyJleHBpcmF0aW9uIjogIjIwMjQtMDItMjFUMjM6NDI6NDlaIiwgImNvbmRpdGlvbnMiOiBbeyJidWNrZXQiOiAiY3JhYmNhY2hlX3Byb2QifSwgeyJrZXkiOiAibWJ1b25zYW4vc2FuZGJveGVzLzU0MTMxNmFkNDFhMzIxM2UwZDMzNWViYjlmZTM2MDFiMGU5NTZjOTc1ZjlhMWVhYzJhOWE1OGVkMDkyYjQzMWQudGFyLmd6In1dfQ==" -F "signature=5YaUS31AltARK/nUraNByHWO8IQ=" -F "file=@/lustrehome/mbuonsante/B_4mu/CMSSW_13_0_13/src/B4muNtuplizer/CrabSubmission/2023_eraD-v2/crab_projects/crab_SkimB4Mu_2023eraD-v2_stream4_Mini/inputs/debugFiles.tgz" "https://s3.cern.ch/crabcache_prod"
DEBUG 2024-02-21 22:42:49.627 UTC: 	 exitcode: 0
stdout: b''
DEBUG 2024-02-21 22:42:49.627 UTC: 	 sandbox /lustrehome/mbuonsante/B_4mu/CMSSW_13_0_13/src/B4muNtuplizer/CrabSubmission/2023_eraD-v2/crab_projects/crab_SkimB4Mu_2023eraD-v2_stream4_Mini/inputs/debugFiles.tgz successully uploaded to S3
DEBUG 2024-02-21 22:42:49.627 UTC: 	 Result uploading input files: c21f585968b676319b78458a8dfff0d78967d784c1d5d78343c5cdc38d3be0e5.tar.gz 
DEBUG 2024-02-21 22:42:49.627 UTC: 	 Attaching lumi mask https://cms-service-dqmdc.web.cern.ch/CAF/certification/Collisions23/Cert_Collisions2023_eraD_369803_370790_Golden.json to the request
DEBUG 2024-02-21 22:42:49.627 UTC: 	 Downloading lumi-mask from https://cms-service-dqmdc.web.cern.ch/CAF/certification/Collisions23/Cert_Collisions2023_eraD_369803_370790_Golden.json
WARNING 2024-02-21 22:42:49.844 UTC: 	 Warning: The following output files will not be published, as they are not EDM files: ['TreeData.root']
DEBUG 2024-02-21 22:42:49.844 UTC: 	 submit() - self.configuration from WMCore.Configuration import Configuration
config = Configuration()
config.section_('General')
config.General.requestName = 'SkimB4Mu_2023eraD-v2_stream4_Mini'
config.General.transferOutputs = True
config.General.transferLogs = False
config.General.workArea = 'crab_projects'
config.section_('JobType')
config.JobType.allowUndistributedCMSSW = True
config.JobType.psetName = '/lustrehome/mbuonsante/B_4mu/CMSSW_13_0_13/src/B4muNtuplizer/CrabSubmission/2023_eraD-v2/PatAndTree_cfg.py'
config.JobType.pluginName = 'Analysis'
config.section_('Data')
config.Data.lumiMask = 'https://cms-service-dqmdc.web.cern.ch/CAF/certification/Collisions23/Cert_Collisions2023_eraD_369803_370790_Golden.json'
config.Data.inputDBS = 'global'
config.Data.allowNonValidInputDataset = True
config.Data.outputDatasetTag = 'SkimB4Mu_2023eraD-v2_stream4_Mini'
config.Data.splitting = 'LumiBased'
config.Data.unitsPerJob = 50
config.Data.inputDataset = '/ParkingDoubleMuonLowMass4/Run2023D-22Sep2023_v2-v2/MINIAOD'
config.section_('Site')
config.Site.ignoreGlobalBlacklist = True
config.Site.storageSite = 'T2_IT_Bari'
config.section_('User')
config.section_('Debug')

DEBUG 2024-02-21 22:42:49.844 UTC: 	 submit() - self.configreq {'dryrun': 0, 'workflow': 'crab_SkimB4Mu_2023eraD-v2_stream4_Mini', 'saveoutput': 1, 'savelogsflag': 0, 'inputdata': '/ParkingDoubleMuonLowMass4/Run2023D-22Sep2023_v2-v2/MINIAOD', 'primarydataset': '', 'nonvaliddata': 1, 'userfiles': [], 'dbsurl': 'https://cmsweb.cern.ch/dbs/prod/global/DBSReader', 'useparent': 0, 'ignorelocality': 0, 'splitalgo': 'LumiBased', 'algoargs': 50, 'totalunits': 0, 'publication': 1, 'publishdbsurl': 'https://cmsweb.cern.ch/dbs/prod/phys03/DBSWriter', 'publishname2': 'SkimB4Mu_2023eraD-v2_stream4_Mini', 'jobtype': 'Analysis', 'generator': 'pythia', 'addoutputfiles': [], 'maxjobruntime': 1250, 'numcores': 1, 'maxmemory': 2000, 'priority': 10, 'nonprodsw': 1, 'asyncdest': 'T2_IT_Bari', 'requireaccelerator': 0, 'oneEventMode': 0, 'extrajdl': [], 'ignoreglobalblacklist': 1, 'partialdataset': 0, 'inputblocks': []}
DEBUG 2024-02-21 22:42:49.844 UTC: 	 submit() - jobconfig {'addoutputfiles': [], 'tfileoutfiles': ['TreeData.root'], 'edmoutfiles': [], 'jobarch': 'slc7_amd64_gcc11', 'jobsw': 'CMSSW_13_0_13', 'inputdata': '/ParkingDoubleMuonLowMass4/Run2023D-22Sep2023_v2-v2/MINIAOD', 'cacheurl': 'https://cmsweb.cern.ch/S3/crabcache_prod', 'cachefilename': 'c21f585968b676319b78458a8dfff0d78967d784c1d5d78343c5cdc38d3be0e5.tar.gz', 'debugfilename': '541316ad41a3213e0d335ebb9fe3601b0e956c975f9a1eac2a9a58ed092b431d.tar.gz', 'runs': ['369927', '369943', '369956', '369978', '369998', '369999', '370093', '370097', '370102', '370129', '370144', '370169', '370172', '370175', '370293', '370294', '370300', '370304', '370307', '370321', '370332', '370340', '370354', '370357', '370406', '370436', '370460', '370472', '370497', '370522', '370560', '370579', '370580', '370667', '370717', '370725', '370749', '370753', '370772', '370774', '370775', '370776', '370790'], 'lumis': ['37,376', '1,384', '37,1076', '31,812', '1,179', '1,41', '1,450', '1,356', '1,762', '42,123,125,552', '1,715,717,1329', '46,454,456,490,492,526,528,562,564,598,600,935,1002,1014,1016,1019,1021,1033,1035,1449', '1,300', '92,757,759,1785', '39,1618', '1,668', '1,962', '1,327', '1,708', '39,52', '1,144,146,1523,1525,1968', '24,779', '34,311', '1,801', '37,121,123,738,746,869', '1,31', '8,123', '1,32,34,43', '1,115,117,1419,1426,1436', '48,369', '62,90,92,410', '33,113,120,123', '1,2875', '1,28,30,102', '39,157', '44,392,394,456', '49,173,175,483,485,966,968,1541', '1,249', '29,1247', '1,159', '1,168', '1,326', '54,76'], 'jobtype': 'Analysis'}
INFO 2024-02-21 22:42:49.844 UTC: 	 Sending the request to the server at cmsweb.cern.ch
DEBUG 2024-02-21 22:42:49.844 UTC: 	 Submitting {'dryrun': 0, 'workflow': 'crab_SkimB4Mu_2023eraD-v2_stream4_Mini', 'saveoutput': 1, 'savelogsflag': 0, 'inputdata': '/ParkingDoubleMuonLowMass4/Run2023D-22Sep2023_v2-v2/MINIAOD', 'primarydataset': '', 'nonvaliddata': 1, 'userfiles': [], 'dbsurl': 'https://cmsweb.cern.ch/dbs/prod/global/DBSReader', 'useparent': 0, 'ignorelocality': 0, 'splitalgo': 'LumiBased', 'algoargs': 50, 'totalunits': 0, 'publication': 1, 'publishdbsurl': 'https://cmsweb.cern.ch/dbs/prod/phys03/DBSWriter', 'publishname2': 'SkimB4Mu_2023eraD-v2_stream4_Mini', 'jobtype': 'Analysis', 'generator': 'pythia', 'addoutputfiles': [], 'maxjobruntime': 1250, 'numcores': 1, 'maxmemory': 2000, 'priority': 10, 'nonprodsw': 1, 'asyncdest': 'T2_IT_Bari', 'requireaccelerator': 0, 'oneEventMode': 0, 'extrajdl': [], 'ignoreglobalblacklist': 1, 'partialdataset': 0, 'inputblocks': [], 'tfileoutfiles': ['TreeData.root'], 'edmoutfiles': [], 'jobarch': 'slc7_amd64_gcc11', 'jobsw': 'CMSSW_13_0_13', 'cacheurl': 'https://cmsweb.cern.ch/S3/crabcache_prod', 'cachefilename': 'c21f585968b676319b78458a8dfff0d78967d784c1d5d78343c5cdc38d3be0e5.tar.gz', 'debugfilename': '541316ad41a3213e0d335ebb9fe3601b0e956c975f9a1eac2a9a58ed092b431d.tar.gz', 'runs': ['369927', '369943', '369956', '369978', '369998', '369999', '370093', '370097', '370102', '370129', '370144', '370169', '370172', '370175', '370293', '370294', '370300', '370304', '370307', '370321', '370332', '370340', '370354', '370357', '370406', '370436', '370460', '370472', '370497', '370522', '370560', '370579', '370580', '370667', '370717', '370725', '370749', '370753', '370772', '370774', '370775', '370776', '370790'], 'lumis': ['37,376', '1,384', '37,1076', '31,812', '1,179', '1,41', '1,450', '1,356', '1,762', '42,123,125,552', '1,715,717,1329', '46,454,456,490,492,526,528,562,564,598,600,935,1002,1014,1016,1019,1021,1033,1035,1449', '1,300', '92,757,759,1785', '39,1618', '1,668', '1,962', '1,327', '1,708', '39,52', '1,144,146,1523,1525,1968', '24,779', '34,311', '1,801', '37,121,123,738,746,869', '1,31', '8,123', '1,32,34,43', '1,115,117,1419,1426,1436', '48,369', '62,90,92,410', '33,113,120,123', '1,2875', '1,28,30,102', '39,157', '44,392,394,456', '49,173,175,483,485,966,968,1541', '1,249', '29,1247', '1,159', '1,168', '1,326', '54,76']} 
DEBUG 2024-02-21 22:42:49.845 UTC: 	 Encoded data for curl request: dryrun=0&workflow=crab_SkimB4Mu_2023eraD-v2_stream4_Mini&saveoutput=1&savelogsflag=0&inputdata=%2FParkingDoubleMuonLowMass4%2FRun2023D-22Sep2023_v2-v2%2FMINIAOD&primarydataset=&nonvaliddata=1&dbsurl=https%3A%2F%2Fcmsweb.cern.ch%2Fdbs%2Fprod%2Fglobal%2FDBSReader&useparent=0&ignorelocality=0&splitalgo=LumiBased&algoargs=50&totalunits=0&publication=1&publishdbsurl=https%3A%2F%2Fcmsweb.cern.ch%2Fdbs%2Fprod%2Fphys03%2FDBSWriter&publishname2=SkimB4Mu_2023eraD-v2_stream4_Mini&jobtype=Analysis&generator=pythia&maxjobruntime=1250&numcores=1&maxmemory=2000&priority=10&nonprodsw=1&asyncdest=T2_IT_Bari&requireaccelerator=0&oneEventMode=0&ignoreglobalblacklist=1&partialdataset=0&jobarch=slc7_amd64_gcc11&jobsw=CMSSW_13_0_13&cacheurl=https%3A%2F%2Fcmsweb.cern.ch%2FS3%2Fcrabcache_prod&cachefilename=c21f585968b676319b78458a8dfff0d78967d784c1d5d78343c5cdc38d3be0e5.tar.gz&debugfilename=541316ad41a3213e0d335ebb9fe3601b0e956c975f9a1eac2a9a58ed092b431d.tar.gz&tfileoutfiles=TreeData.root&runs=369927&runs=369943&runs=369956&runs=369978&runs=369998&runs=369999&runs=370093&runs=370097&runs=370102&runs=370129&runs=370144&runs=370169&runs=370172&runs=370175&runs=370293&runs=370294&runs=370300&runs=370304&runs=370307&runs=370321&runs=370332&runs=370340&runs=370354&runs=370357&runs=370406&runs=370436&runs=370460&runs=370472&runs=370497&runs=370522&runs=370560&runs=370579&runs=370580&runs=370667&runs=370717&runs=370725&runs=370749&runs=370753&runs=370772&runs=370774&runs=370775&runs=370776&runs=370790&lumis=37%2C376&lumis=1%2C384&lumis=37%2C1076&lumis=31%2C812&lumis=1%2C179&lumis=1%2C41&lumis=1%2C450&lumis=1%2C356&lumis=1%2C762&lumis=42%2C123%2C125%2C552&lumis=1%2C715%2C717%2C1329&lumis=46%2C454%2C456%2C490%2C492%2C526%2C528%2C562%2C564%2C598%2C600%2C935%2C1002%2C1014%2C1016%2C1019%2C1021%2C1033%2C1035%2C1449&lumis=1%2C300&lumis=92%2C757%2C759%2C1785&lumis=39%2C1618&lumis=1%2C668&lumis=1%2C962&lumis=1%2C327&lumis=1%2C708&lumis=39%2C52&lumis=1%2C144%2C146%2C1523%2C1525%2C1968&lumis=24%2C779&lumis=34%2C311&lumis=1%2C801&lumis=37%2C121%2C123%2C738%2C746%2C869&lumis=1%2C31&lumis=8%2C123&lumis=1%2C32%2C34%2C43&lumis=1%2C115%2C117%2C1419%2C1426%2C1436&lumis=48%2C369&lumis=62%2C90%2C92%2C410&lumis=33%2C113%2C120%2C123&lumis=1%2C2875&lumis=1%2C28%2C30%2C102&lumis=39%2C157&lumis=44%2C392%2C394%2C456&lumis=49%2C173%2C175%2C483%2C485%2C966%2C968%2C1541&lumis=1%2C249&lumis=29%2C1247&lumis=1%2C159&lumis=1%2C168&lumis=1%2C326&lumis=54%2C76
DEBUG 2024-02-21 22:42:50.074 UTC: 	 Result: {'result': [{'RequestName': '240221_224250:mbuonsan_crab_SkimB4Mu_2023eraD-v2_stream4_Mini'}]}
INFO 2024-02-21 22:42:50.077 UTC: 	 Success: Your task has been delivered to the prod CRAB3 server.
INFO 2024-02-21 22:42:50.077 UTC: 	 Task name: 240221_224250:mbuonsan_crab_SkimB4Mu_2023eraD-v2_stream4_Mini
INFO 2024-02-21 22:42:50.077 UTC: 	 Project dir: crab_projects/crab_SkimB4Mu_2023eraD-v2_stream4_Mini
INFO 2024-02-21 22:42:50.077 UTC: 	 Please use ' crab status -d crab_projects/crab_SkimB4Mu_2023eraD-v2_stream4_Mini ' to check how the submission process proceeds.
DEBUG 2024-02-21 22:42:50.077 UTC: 	 About to return
INFO 2024-02-21 22:42:50.086 UTC: 	 Log file is /lustrehome/mbuonsante/B_4mu/CMSSW_13_0_13/src/B4muNtuplizer/CrabSubmission/2023_eraD-v2/crab_projects/crab_SkimB4Mu_2023eraD-v2_stream4_Mini/crab.log
DEBUG 2024-02-22 20:35:08.875 UTC: 	 CRAB Client version: v3.240110
DEBUG 2024-02-22 20:35:08.876 UTC: 	 Running on: Linux ui02.recas.ba.infn.it 3.10.0-1160.80.1.el7.x86_64 #1 SMP Tue Nov 8 15:48:59 UTC 2022 x86_64 x86_64 x86_64 GNU/Linux - CentOS Linux 7 (Core)
DEBUG 2024-02-22 20:35:08.876 UTC: 	 Executing command: 'resubmit'
DEBUG 2024-02-22 20:35:08.876 UTC: 	 Found CRAB cache file /lustrehome/mbuonsante/.crab3
DEBUG 2024-02-22 20:35:08.881 UTC: 	 Checking credentials
DEBUG 2024-02-22 20:35:08.881 UTC: 	 Found proxy file /tmp/x509up_u881331
DEBUG 2024-02-22 20:35:08.881 UTC: 	 Making sure it has proper VOMS extension
DEBUG 2024-02-22 20:35:08.881 UTC: 	 Executing command :
 voms-proxy-info --vo --file /tmp/x509up_u881331
DEBUG 2024-02-22 20:35:09.990 UTC: 	 output : cms

 error: 
 retcode : 0
DEBUG 2024-02-22 20:35:09.990 UTC: 	 Getting proxy life time left
DEBUG 2024-02-22 20:35:09.990 UTC: 	 Executing command :
 voms-proxy-info --actimeleft --timeleft --file /tmp/x509up_u881331
DEBUG 2024-02-22 20:35:11.243 UTC: 	 output : 399906
399905

 error: 
 retcode : 0
DEBUG 2024-02-22 20:35:11.243 UTC: 	 Proxy valid for 111:05:05 hours
DEBUG 2024-02-22 20:35:11.243 UTC: 	 Encoded data for curl request: subresource=delegatedn
DEBUG 2024-02-22 20:35:11.430 UTC: 	 Registering user credentials on myproxy for /DC=ch/DC=cern/OU=computers/CN=crab-(preprod|prod|dev)-tw(01|02|03).cern.ch|/DC=ch/DC=cern/OU=computers/CN=stefanov(m|m2).cern.ch|/DC=ch/DC=cern/OU=computers/CN=dciangot-tw.cern.ch
DEBUG 2024-02-22 20:35:11.430 UTC: 	 Executing command :
 voms-proxy-info --identity --file /tmp/x509up_u881331
DEBUG 2024-02-22 20:35:12.512 UTC: 	 output : /DC=ch/DC=cern/OU=Organic Units/OU=Users/CN=mbuonsan/CN=866052/CN=Marco Buonsante

 error: 
 retcode : 0
DEBUG 2024-02-22 20:35:12.513 UTC: 	 Getting myproxy life time left for db438794163ae221c16ac5cdc1e476b2bc2ff634
DEBUG 2024-02-22 20:35:12.513 UTC: 	 Executing command :
 myproxy-info -s myproxy.cern.ch -l db438794163ae221c16ac5cdc1e476b2bc2ff634
DEBUG 2024-02-22 20:35:12.846 UTC: 	 output : username: db438794163ae221c16ac5cdc1e476b2bc2ff634
owner: /DC=ch/DC=cern/OU=Organic Units/OU=Users/CN=mbuonsan/CN=866052/CN=Marco Buonsante
  renewal policy: /DC=ch/DC=cern/OU=computers/CN=crab-(preprod|prod|dev)-tw(01|02|03).cern.ch|/DC=ch/DC=cern/OU=computers/CN=stefanov(m|m2).cern.ch|/DC=ch/DC=cern/OU=computers/CN=dciangot-tw.cern.ch
  trusted retrieval policy: /DC=ch/DC=cern/OU=computers/CN=crab-(preprod|prod|dev)-tw(01|02|03).cern.ch|/DC=ch/DC=cern/OU=computers/CN=stefanov(m|m2).cern.ch|/DC=ch/DC=cern/OU=computers/CN=dciangot-tw.cern.ch
  timeleft: 471:06:15  (19.6 days)

 error: 
 retcode : 0
DEBUG 2024-02-22 20:35:12.846 UTC: 	 Myproxy is valid: 1695960
DEBUG 2024-02-22 20:35:12.847 UTC: 	 Result of myproxy credential check:
  Credential exists on myproxy: username: db438794163ae221c16ac5cdc1e476b2bc2ff634  - validity: 19 days, 15:06:00
DEBUG 2024-02-22 20:35:12.848 UTC: 	 Encoded data for curl request: subresource=search&workflow=240221_224250%3Ambuonsan_crab_SkimB4Mu_2023eraD-v2_stream4_Mini
DEBUG 2024-02-22 20:35:13.033 UTC: 	 Command use: resubmit
DEBUG 2024-02-22 20:35:13.033 UTC: 	 Options use: ['-d', 'crab_projects/crab_SkimB4Mu_2023eraD-v2_stream4_Mini']
DEBUG 2024-02-22 20:35:13.033 UTC: 	 Encoded data for curl request: subresource=version
DEBUG 2024-02-22 20:35:13.198 UTC: 	 CRABClient version: v3.240110
DEBUG 2024-02-22 20:35:13.198 UTC: 	 Instance is prod
DEBUG 2024-02-22 20:35:13.198 UTC: 	 Server base url is cmsweb.cern.ch
DEBUG 2024-02-22 20:35:13.198 UTC: 	 Command api workflow
DEBUG 2024-02-22 20:35:13.211 UTC: 	 CRAB Client version: v3.240110
DEBUG 2024-02-22 20:35:13.211 UTC: 	 Running on: Linux ui02.recas.ba.infn.it 3.10.0-1160.80.1.el7.x86_64 #1 SMP Tue Nov 8 15:48:59 UTC 2022 x86_64 x86_64 x86_64 GNU/Linux - CentOS Linux 7 (Core)
DEBUG 2024-02-22 20:35:13.211 UTC: 	 Executing command: 'status'
DEBUG 2024-02-22 20:35:13.211 UTC: 	 Found CRAB cache file /lustrehome/mbuonsante/.crab3
DEBUG 2024-02-22 20:35:13.213 UTC: 	 Checking credentials
DEBUG 2024-02-22 20:35:13.213 UTC: 	 Found proxy file /tmp/x509up_u881331
DEBUG 2024-02-22 20:35:13.214 UTC: 	 Making sure it has proper VOMS extension
DEBUG 2024-02-22 20:35:13.214 UTC: 	 Executing command :
 voms-proxy-info --vo --file /tmp/x509up_u881331
DEBUG 2024-02-22 20:35:14.306 UTC: 	 output : cms

 error: 
 retcode : 0
DEBUG 2024-02-22 20:35:14.306 UTC: 	 Getting proxy life time left
DEBUG 2024-02-22 20:35:14.306 UTC: 	 Executing command :
 voms-proxy-info --actimeleft --timeleft --file /tmp/x509up_u881331
DEBUG 2024-02-22 20:35:15.482 UTC: 	 output : 399902
399901

 error: 
 retcode : 0
DEBUG 2024-02-22 20:35:15.482 UTC: 	 Proxy valid for 111:05:01 hours
DEBUG 2024-02-22 20:35:15.483 UTC: 	 Encoded data for curl request: subresource=delegatedn
DEBUG 2024-02-22 20:35:15.656 UTC: 	 Registering user credentials on myproxy for /DC=ch/DC=cern/OU=computers/CN=crab-(preprod|prod|dev)-tw(01|02|03).cern.ch|/DC=ch/DC=cern/OU=computers/CN=stefanov(m|m2).cern.ch|/DC=ch/DC=cern/OU=computers/CN=dciangot-tw.cern.ch
DEBUG 2024-02-22 20:35:15.656 UTC: 	 Executing command :
 voms-proxy-info --identity --file /tmp/x509up_u881331
DEBUG 2024-02-22 20:35:16.769 UTC: 	 output : /DC=ch/DC=cern/OU=Organic Units/OU=Users/CN=mbuonsan/CN=866052/CN=Marco Buonsante

 error: 
 retcode : 0
DEBUG 2024-02-22 20:35:16.769 UTC: 	 Getting myproxy life time left for db438794163ae221c16ac5cdc1e476b2bc2ff634
DEBUG 2024-02-22 20:35:16.769 UTC: 	 Executing command :
 myproxy-info -s myproxy.cern.ch -l db438794163ae221c16ac5cdc1e476b2bc2ff634
DEBUG 2024-02-22 20:35:17.104 UTC: 	 output : username: db438794163ae221c16ac5cdc1e476b2bc2ff634
owner: /DC=ch/DC=cern/OU=Organic Units/OU=Users/CN=mbuonsan/CN=866052/CN=Marco Buonsante
  renewal policy: /DC=ch/DC=cern/OU=computers/CN=crab-(preprod|prod|dev)-tw(01|02|03).cern.ch|/DC=ch/DC=cern/OU=computers/CN=stefanov(m|m2).cern.ch|/DC=ch/DC=cern/OU=computers/CN=dciangot-tw.cern.ch
  trusted retrieval policy: /DC=ch/DC=cern/OU=computers/CN=crab-(preprod|prod|dev)-tw(01|02|03).cern.ch|/DC=ch/DC=cern/OU=computers/CN=stefanov(m|m2).cern.ch|/DC=ch/DC=cern/OU=computers/CN=dciangot-tw.cern.ch
  timeleft: 471:06:10  (19.6 days)

 error: 
 retcode : 0
DEBUG 2024-02-22 20:35:17.104 UTC: 	 Myproxy is valid: 1695960
DEBUG 2024-02-22 20:35:17.104 UTC: 	 Result of myproxy credential check:
  Credential exists on myproxy: username: db438794163ae221c16ac5cdc1e476b2bc2ff634  - validity: 19 days, 15:06:00
DEBUG 2024-02-22 20:35:17.104 UTC: 	 Retrieving username ...
DEBUG 2024-02-22 20:35:17.104 UTC: 	 Retrieving username from CRIC...
DEBUG 2024-02-22 20:35:18.049 UTC: 	 username is mbuonsan
INFO 2024-02-22 20:35:19.247 UTC: 	 Rucio client intialized for account mbuonsan
DEBUG 2024-02-22 20:35:19.248 UTC: 	 Command use: status
DEBUG 2024-02-22 20:35:19.248 UTC: 	 Options use: []
DEBUG 2024-02-22 20:35:19.248 UTC: 	 Encoded data for curl request: subresource=version
DEBUG 2024-02-22 20:35:19.407 UTC: 	 CRABClient version: v3.240110
DEBUG 2024-02-22 20:35:19.407 UTC: 	 Instance is prod
DEBUG 2024-02-22 20:35:19.407 UTC: 	 Server base url is cmsweb.cern.ch
DEBUG 2024-02-22 20:35:19.407 UTC: 	 Command api workflow
DEBUG 2024-02-22 20:35:19.408 UTC: 	 Encoded data for curl request: subresource=search&workflow=240221_224250%3Ambuonsan_crab_SkimB4Mu_2023eraD-v2_stream4_Mini
DEBUG 2024-02-22 20:35:19.589 UTC: 	 Got information from server oracle database: {'desc': {'columns': ['tm_taskname', 'tm_activity', 'panda_jobset_id', 'tm_task_status', 'tm_task_command', 'tm_start_time', 'tm_start_injection', 'tm_end_injection', 'tm_task_failure', 'tm_job_sw', 'tm_job_arch', 'tm_input_dataset', 'tm_nonvalid_input_dataset', 'tm_use_parent', 'tm_site_whitelist', 'tm_site_blacklist', 'tm_split_algo', 'tm_split_args', 'tm_user_sandbox', 'tm_cache_url', 'tm_username', 'tm_user_dn', 'tm_user_vo', 'tm_user_role', 'tm_user_group', 'tm_publish_name', 'tm_publish_groupname', 'tm_asyncdest', 'tm_dbs_url', 'tm_publish_dbs_url', 'tm_publication', 'tm_outfiles', 'tm_tfile_outfiles', 'tm_edm_outfiles', 'tm_job_type', 'tm_generator', 'tm_events_per_lumi', 'tm_arguments', 'panda_resubmitted_jobs', 'tm_save_logs', 'tw_name', 'tm_user_infiles', 'tm_maxjobruntime', 'tm_numcores', 'tm_maxmemory', 'tm_priority', 'tm_output_dataset', 'tm_task_warnings', 'tm_user_webdir', 'tm_scriptexe', 'tm_scriptargs', 'tm_extrajdl', 'tm_asourl', 'tm_collector', 'tm_schedd', 'tm_dry_run', 'tm_user_files', 'tm_transfer_outputs', 'tm_output_lfn', 'tm_ignore_locality', 'tm_fail_limit', 'tm_one_event_mode', 'tm_secondary_input_dataset', 'tm_primary_dataset', 'tm_last_publication', 'tm_debug_files', 'clusterid', 'tm_asodb', 'tm_ignore_global_blacklist', 'tm_submitter_ip_addr', 'tm_totalunits', 'tm_ddm_reqid', 'tm_user_config', 'tm_transfer_container', 'tm_transfer_rule', 'tm_publish_rule', 'tm_multipub_rule']}, 'result': ['240221_224250:mbuonsan_crab_SkimB4Mu_2023eraD-v2_stream4_Mini', 'None', 'None', 'SUBMITTED', 'SUBMIT', '2024-02-21 22:42:50.054085', 'None', '2024-02-21 22:46:43.823161', 'None', 'CMSSW_13_0_13', 'slc7_amd64_gcc11', '/ParkingDoubleMuonLowMass4/Run2023D-22Sep2023_v2-v2/MINIAOD', 'T', '0', '[]', '[]', 'LumiBased', "{'halt_job_on_file_boundaries': False, 'splitOnRun': False, 'lumis_per_job': 50, 'runs': ['369927', '369943', '369956', '369978', '369998', '369999', '370093', '370097', '370102', '370129', '370144', '370169', '370172', '370175', '370293', '370294', '370300', '370304', '370307', '370321', '370332', '370340', '370354', '370357', '370406', '370436', '370460', '370472', '370497', '370522', '370560', '370579', '370580', '370667', '370717', '370725', '370749', '370753', '370772', '370774', '370775', '370776', '370790'], 'lumis': ['37,376', '1,384', '37,1076', '31,812', '1,179', '1,41', '1,450', '1,356', '1,762', '42,123,125,552', '1,715,717,1329', '46,454,456,490,492,526,528,562,564,598,600,935,1002,1014,1016,1019,1021,1033,1035,1449', '1,300', '92,757,759,1785', '39,1618', '1,668', '1,962', '1,327', '1,708', '39,52', '1,144,146,1523,1525,1968', '24,779', '34,311', '1,801', '37,121,123,738,746,869', '1,31', '8,123', '1,32,34,43', '1,115,117,1419,1426,1436', '48,369', '62,90,92,410', '33,113,120,123', '1,2875', '1,28,30,102', '39,157', '44,392,394,456', '49,173,175,483,485,966,968,1541', '1,249', '29,1247', '1,159', '1,168', '1,326', '54,76']}", 'c21f585968b676319b78458a8dfff0d78967d784c1d5d78343c5cdc38d3be0e5.tar.gz', 'https://cmsweb.cern.ch/S3/crabcache_prod', 'mbuonsan', '/DC=ch/DC=cern/OU=Organic Units/OU=Users/CN=mbuonsan/CN=866052/CN=Marco Buonsante', 'cms', 'None', 'None', 'SkimB4Mu_2023eraD-v2_stream4_Mini-00000000000000000000000000000000', 'F', 'T2_IT_Bari', 'https://cmsweb.cern.ch/dbs/prod/global/DBSReader', 'https://cmsweb.cern.ch/dbs/prod/phys03/DBSWriter', 'T', '[]', "['TreeData.root']", '[]', 'Analysis', 'pythia', 'None', '{}', 'None', 'F', 'crab-prod-tw01', '[]', '1250', '1', '2000', '10', "['/FakeDataset/fakefile-FakePublish-8a8e7cfeba51e3139e28e77d7ae8bdd9/USER']", '[]', 'http://vocms0122.cern.ch/mon/mbuonsan/240221_224250:mbuonsan_crab_SkimB4Mu_2023eraD-v2_stream4_Mini', 'None', '[]', '[]', 'None', 'cmsgwms-collector-global.cern.ch:9620,cmsgwms-collector-global.fnal.gov:9620', 'crab3@vocms0122.cern.ch', 'F', '[]', 'T', '/store/user/mbuonsan/', 'F', 'None', 'F', 'None', 'ParkingDoubleMuonLowMass4', 'None', '541316ad41a3213e0d335ebb9fe3601b0e956c975f9a1eac2a9a58ed092b431d.tar.gz', '105830441', 'None', 'T', '188.184.73.32', '0.0', 'None', '{"partialdataset": false, "requireaccelerator": false, "acceleratorparams": null, "inputblocks": null}', 'None', 'None', 'None', 'None']}
INFO 2024-02-22 20:35:19.590 UTC: 	 CRAB project directory:		/lustrehome/mbuonsante/B_4mu/CMSSW_13_0_13/src/B4muNtuplizer/CrabSubmission/2023_eraD-v2/crab_projects/crab_SkimB4Mu_2023eraD-v2_stream4_Mini
INFO 2024-02-22 20:35:19.590 UTC: 	 Task name:			240221_224250:mbuonsan_crab_SkimB4Mu_2023eraD-v2_stream4_Mini
INFO 2024-02-22 20:35:19.590 UTC: 	 Grid scheduler - Task Worker:	crab3@vocms0122.cern.ch - crab-prod-tw01
INFO 2024-02-22 20:35:19.590 UTC: 	 Status on the CRAB server:	SUBMITTED
INFO 2024-02-22 20:35:19.590 UTC: 	 Task URL to use for HELP:	https://cmsweb.cern.ch/crabserver/ui/task/240221_224250%3Ambuonsan_crab_SkimB4Mu_2023eraD-v2_stream4_Mini
INFO 2024-02-22 20:35:19.599 UTC: 	 Dashboard monitoring URL:	https://monit-grafana.cern.ch/d/cmsTMDetail/cms-task-monitoring-task-view?orgId=11&var-user=mbuonsan&var-task=240221_224250%3Ambuonsan_crab_SkimB4Mu_2023eraD-v2_stream4_Mini&from=1708551770000&to=now
DEBUG 2024-02-22 20:35:19.599 UTC: 	 The CRAB server submitted your task to the Grid scheduler (cluster ID: 105830441)
DEBUG 2024-02-22 20:35:19.600 UTC: 	 Webdir is located at http://vocms0122.cern.ch/mon/mbuonsan/240221_224250:mbuonsan_crab_SkimB4Mu_2023eraD-v2_stream4_Mini
DEBUG 2024-02-22 20:35:19.600 UTC: 	 Encoded data for curl request: subresource=webdirprx&workflow=240221_224250%3Ambuonsan_crab_SkimB4Mu_2023eraD-v2_stream4_Mini
DEBUG 2024-02-22 20:35:19.797 UTC: 	 Proxied webdir is located at https://cmsweb.cern.ch:8443/scheddmon/0122/mbuonsan/240221_224250:mbuonsan_crab_SkimB4Mu_2023eraD-v2_stream4_Mini
DEBUG 2024-02-22 20:35:19.798 UTC: 	 Retrieving 'status_cache' file from https://cmsweb.cern.ch:8443/scheddmon/0122/mbuonsan/240221_224250:mbuonsan_crab_SkimB4Mu_2023eraD-v2_stream4_Mini/status_cache.pkl
DEBUG 2024-02-22 20:35:19.798 UTC: 	 Will execute:
curl -sS --capath /etc/grid-security/certificates --cert /tmp/x509up_u881331 --key /tmp/x509up_u881331 -o /tmp/crab_status-cache-3yhht9qq.pkl -w %"{http_code}" "https://cmsweb.cern.ch:8443/scheddmon/0122/mbuonsan/240221_224250:mbuonsan_crab_SkimB4Mu_2023eraD-v2_stream4_Mini/status_cache.pkl"
DEBUG 2024-02-22 20:35:19.798 UTC: 	 Executing command :
 curl -sS --capath /etc/grid-security/certificates --cert /tmp/x509up_u881331 --key /tmp/x509up_u881331 -o /tmp/crab_status-cache-3yhht9qq.pkl -w %"{http_code}" "https://cmsweb.cern.ch:8443/scheddmon/0122/mbuonsan/240221_224250:mbuonsan_crab_SkimB4Mu_2023eraD-v2_stream4_Mini/status_cache.pkl"
DEBUG 2024-02-22 20:35:19.974 UTC: 	 output : 200
 error: 
 retcode : 0
DEBUG 2024-02-22 20:35:19.974 UTC: 	 exitcode: 0
stdout: 200
stderr: 
error details: 
DEBUG 2024-02-22 20:35:19.975 UTC: 	 Got information from status cache file: {'1': {'Retries': 0, 'Restarts': 0, 'SiteHistory': ['Unknown', 'T2_IT_Pisa', 'T2_IT_Pisa'], 'ResidentSetSize': [1400896], 'SubmitTimes': [1708555608.0], 'StartTimes': [1708555946.0], 'EndTimes': [1708557312.0], 'TotalUserCpuTimeHistory': [1196], 'TotalSysCpuTimeHistory': [39], 'WallDurations': [9.0, 23.497447729110718, 1366.0], 'JobIds': ['105830443.0'], 'State': 'finished', 'RecordedSite': True}, '2': {'Retries': 1, 'Restarts': 0, 'SiteHistory': ['Unknown', 'T2_IT_Pisa', 'T2_IT_Pisa', 'T2_IT_Legnaro', 'T2_IT_Legnaro'], 'ResidentSetSize': [1206428, 77456], 'SubmitTimes': [1708555608.0, 1708558420.0], 'StartTimes': [1708555946.0, 1708558424.0], 'EndTimes': [1708556546.0, 1708558673.0], 'TotalUserCpuTimeHistory': [466, 205], 'TotalSysCpuTimeHistory': [17, 8], 'WallDurations': [9.0, 23.497447729110718, 600.0, 249.0, 258.8111057281494], 'JobIds': ['105830444.0', '105830714.0'], 'State': 'finished', 'RecordedSite': True}, '3': {'Retries': 0, 'Restarts': 0, 'SiteHistory': ['Unknown', 'T2_FR_IPHC', 'T2_FR_IPHC'], 'ResidentSetSize': [1289116], 'SubmitTimes': [1708555608.0], 'StartTimes': [1708559906.0], 'EndTimes': [1708560967.0], 'TotalUserCpuTimeHistory': [929], 'TotalSysCpuTimeHistory': [28], 'WallDurations': [8.0, 281.694456577301, 1061.0], 'JobIds': ['105830445.0'], 'State': 'finished', 'RecordedSite': True}, '4': {'Retries': 0, 'Restarts': 0, 'SiteHistory': ['Unknown', 'T2_FR_IPHC', 'T2_FR_IPHC'], 'ResidentSetSize': [1323436], 'SubmitTimes': [1708555608.0], 'StartTimes': [1708559906.0], 'EndTimes': [1708561272.0], 'TotalUserCpuTimeHistory': [1236], 'TotalSysCpuTimeHistory': [36], 'WallDurations': [8.0, 281.694456577301, 1366.0], 'JobIds': ['105830446.0'], 'State': 'finished', 'RecordedSite': True}, '5': {'Retries': 0, 'Restarts': 0, 'SiteHistory': ['Unknown', 'T2_FR_IPHC', 'T2_FR_IPHC'], 'ResidentSetSize': [1155916], 'SubmitTimes': [1708555608.0], 'StartTimes': [1708559906.0], 'EndTimes': [1708560962.0], 'TotalUserCpuTimeHistory': [923], 'TotalSysCpuTimeHistory': [29], 'WallDurations': [8.0, 281.694456577301, 1056.0], 'JobIds': ['105830447.0'], 'State': 'finished', 'RecordedSite': True}, '6': {'Retries': 0, 'Restarts': 0, 'SiteHistory': ['Unknown', 'T2_FR_IPHC', 'T2_FR_IPHC'], 'ResidentSetSize': [1413908], 'SubmitTimes': [1708555608.0], 'StartTimes': [1708559323.0], 'EndTimes': [1708560438.0], 'TotalUserCpuTimeHistory': [922], 'TotalSysCpuTimeHistory': [38], 'WallDurations': [8.0, 262.83031582832336, 1115.0], 'JobIds': ['105830448.0'], 'State': 'finished', 'RecordedSite': True}, '7': {'Retries': 0, 'Restarts': 0, 'SiteHistory': ['Unknown', 'T2_FR_IPHC', 'T2_FR_IPHC'], 'ResidentSetSize': [1429924], 'SubmitTimes': [1708555608.0], 'StartTimes': [1708559427.0], 'EndTimes': [1708560314.0], 'TotalUserCpuTimeHistory': [774], 'TotalSysCpuTimeHistory': [26], 'WallDurations': [8.0, 158.83031582832336, 887.0], 'JobIds': ['105830449.0'], 'State': 'finished', 'RecordedSite': True}, '8': {'Retries': 0, 'Restarts': 0, 'SiteHistory': ['Unknown', 'T2_FR_IPHC', 'T2_FR_IPHC'], 'ResidentSetSize': [1301236], 'SubmitTimes': [1708555608.0], 'StartTimes': [1708559449.0], 'EndTimes': [1708560976.0], 'TotalUserCpuTimeHistory': [1315], 'TotalSysCpuTimeHistory': [50], 'WallDurations': [8.0, 136.83031582832336, 1527.0], 'JobIds': ['105830450.0'], 'State': 'finished', 'RecordedSite': True}, '9': {'Retries': 0, 'Restarts': 0, 'SiteHistory': ['Unknown', 'T2_FR_IPHC', 'T2_FR_IPHC'], 'ResidentSetSize': [1317012], 'SubmitTimes': [1708555608.0], 'StartTimes': [1708559464.0], 'EndTimes': [1708560711.0], 'TotalUserCpuTimeHistory': [1053], 'TotalSysCpuTimeHistory': [28], 'WallDurations': [8.0, 121.83031582832336, 1247.0], 'JobIds': ['105830451.0'], 'State': 'finished', 'RecordedSite': True}, '10': {'Retries': 0, 'Restarts': 0, 'SiteHistory': ['Unknown', 'T2_FR_IPHC', 'T2_FR_IPHC'], 'ResidentSetSize': [1315096], 'SubmitTimes': [1708555608.0], 'StartTimes': [1708559477.0], 'EndTimes': [1708560963.0], 'TotalUserCpuTimeHistory': [1261], 'TotalSysCpuTimeHistory': [47], 'WallDurations': [8.0, 108.83031582832336, 1486.0], 'JobIds': ['105830452.0'], 'State': 'finished', 'RecordedSite': True}, '12': {'Retries': 1, 'Restarts': 0, 'SiteHistory': ['Unknown', 'T2_FR_IPHC', 'T2_FR_IPHC', 'T2_FR_IPHC', 'T2_FR_IPHC'], 'ResidentSetSize': [1454528, 1564340], 'SubmitTimes': [1708555608.0, 1708563014.0], 'StartTimes': [1708559508.0, 1708563179.0], 'EndTimes': [1708561143.0, 1708565565.0], 'TotalUserCpuTimeHistory': [1504, 2110], 'TotalSysCpuTimeHistory': [34, 71], 'WallDurations': [9.0, 77.83031582832336, 1635.0, 8.0, 2386.0], 'JobIds': ['105830453.0', '105831117.0'], 'State': 'finished', 'RecordedSite': True}, '11': {'Retries': 0, 'Restarts': 0, 'SiteHistory': ['Unknown', 'T2_FR_IPHC', 'T2_FR_IPHC'], 'ResidentSetSize': [1315284], 'SubmitTimes': [1708555608.0], 'StartTimes': [1708559525.0], 'EndTimes': [1708561888.0], 'TotalUserCpuTimeHistory': [2089], 'TotalSysCpuTimeHistory': [47], 'WallDurations': [8.0, 60.830315828323364, 2363.0], 'JobIds': ['105830454.0'], 'State': 'finished', 'RecordedSite': True}, '13': {'Retries': 0, 'Restarts': 0, 'SiteHistory': ['Unknown', 'T2_FR_IPHC', 'T2_FR_IPHC'], 'ResidentSetSize': [1314060], 'SubmitTimes': [1708555608.0], 'StartTimes': [1708559574.0], 'EndTimes': [1708561842.0], 'TotalUserCpuTimeHistory': [2069], 'TotalSysCpuTimeHistory': [51], 'WallDurations': [9.0, 11.830315828323364, 2268.0], 'JobIds': ['105830455.0'], 'State': 'finished', 'RecordedSite': True}, '14': {'Retries': 0, 'Restarts': 0, 'SiteHistory': ['Unknown', 'T2_FR_IPHC', 'T2_FR_IPHC'], 'ResidentSetSize': [1310440], 'SubmitTimes': [1708555608.0], 'StartTimes': [1708559623.0], 'EndTimes': [1708561967.0], 'TotalUserCpuTimeHistory': [1973], 'TotalSysCpuTimeHistory': [51], 'WallDurations': [9.0, 263.84568786621094, 2344.0], 'JobIds': ['105830457.0'], 'State': 'finished', 'RecordedSite': True}, '15': {'Retries': 0, 'Restarts': 0, 'SiteHistory': ['Unknown', 'T2_FR_IPHC', 'T2_FR_IPHC'], 'ResidentSetSize': [1317584], 'SubmitTimes': [1708555608.0], 'StartTimes': [1708559631.0], 'EndTimes': [1708561346.0], 'TotalUserCpuTimeHistory': [1514], 'TotalSysCpuTimeHistory': [51], 'WallDurations': [8.0, 255.84568786621094, 1715.0], 'JobIds': ['105830458.0'], 'State': 'finished', 'RecordedSite': True}, '16': {'Retries': 0, 'Restarts': 0, 'SiteHistory': ['Unknown', 'T2_FR_IPHC', 'T2_FR_IPHC'], 'ResidentSetSize': [1301344], 'SubmitTimes': [1708555608.0], 'StartTimes': [1708559653.0], 'EndTimes': [1708560918.0], 'TotalUserCpuTimeHistory': [1131], 'TotalSysCpuTimeHistory': [29], 'WallDurations': [9.0, 233.84568786621094, 1265.0], 'JobIds': ['105830459.0'], 'State': 'finished', 'RecordedSite': True}, '17': {'Retries': 0, 'Restarts': 0, 'SiteHistory': ['Unknown', 'T2_FR_IPHC', 'T2_FR_IPHC'], 'ResidentSetSize': [1316216], 'SubmitTimes': [1708555608.0], 'StartTimes': [1708559651.0], 'EndTimes': [1708561980.0], 'TotalUserCpuTimeHistory': [2068], 'TotalSysCpuTimeHistory': [60], 'WallDurations': [9.0, 235.84568786621094, 2329.0], 'JobIds': ['105830460.0'], 'State': 'finished', 'RecordedSite': True}, '18': {'Retries': 0, 'Restarts': 0, 'SiteHistory': ['Unknown', 'T2_FR_IPHC', 'T2_FR_IPHC'], 'ResidentSetSize': [1447884], 'SubmitTimes': [1708555609.0], 'StartTimes': [1708559653.0], 'EndTimes': [1708561309.0], 'TotalUserCpuTimeHistory': [1507], 'TotalSysCpuTimeHistory': [36], 'WallDurations': [10.0, 233.84568786621094, 1656.0], 'JobIds': ['105830461.0'], 'State': 'finished', 'RecordedSite': True}, '19': {'Retries': 0, 'Restarts': 0, 'SiteHistory': ['Unknown', 'T2_FR_IPHC', 'T2_FR_IPHC'], 'ResidentSetSize': [1311408], 'SubmitTimes': [1708555609.0], 'StartTimes': [1708559652.0], 'EndTimes': [1708561605.0], 'TotalUserCpuTimeHistory': [1735], 'TotalSysCpuTimeHistory': [53], 'WallDurations': [9.0, 234.84568786621094, 1953.0], 'JobIds': ['105830462.0'], 'State': 'finished', 'RecordedSite': True}, '20': {'Retries': 0, 'Restarts': 0, 'SiteHistory': ['Unknown', 'T2_FR_IPHC', 'T2_FR_IPHC'], 'ResidentSetSize': [1449348], 'SubmitTimes': [1708555609.0], 'StartTimes': [1708559651.0], 'EndTimes': [1708561233.0], 'TotalUserCpuTimeHistory': [1437], 'TotalSysCpuTimeHistory': [37], 'WallDurations': [9.0, 235.84568786621094, 1582.0], 'JobIds': ['105830463.0'], 'State': 'finished', 'RecordedSite': True}, '21': {'Retries': 0, 'Restarts': 0, 'SiteHistory': ['Unknown', 'T2_FR_IPHC', 'T2_FR_IPHC'], 'ResidentSetSize': [1304012], 'SubmitTimes': [1708555609.0], 'StartTimes': [1708559653.0], 'EndTimes': [1708561241.0], 'TotalUserCpuTimeHistory': [1472], 'TotalSysCpuTimeHistory': [30], 'WallDurations': [9.0, 233.84568786621094, 1588.0], 'JobIds': ['105830464.0'], 'State': 'finished', 'RecordedSite': True}, '23': {'Retries': 0, 'Restarts': 0, 'SiteHistory': ['Unknown', 'T2_FR_IPHC', 'T2_FR_IPHC'], 'ResidentSetSize': [1316700], 'SubmitTimes': [1708555609.0], 'StartTimes': [1708559652.0], 'EndTimes': [1708561784.0], 'TotalUserCpuTimeHistory': [1905], 'TotalSysCpuTimeHistory': [55], 'WallDurations': [8.0, 234.84568786621094, 2132.0], 'JobIds': ['105830465.0'], 'State': 'finished', 'RecordedSite': True}, '22': {'Retries': 0, 'Restarts': 0, 'SiteHistory': ['Unknown', 'T2_FR_IPHC', 'T2_FR_IPHC'], 'ResidentSetSize': [1313132], 'SubmitTimes': [1708555614.0], 'StartTimes': [1708559653.0], 'EndTimes': [1708562152.0], 'TotalUserCpuTimeHistory': [2187], 'TotalSysCpuTimeHistory': [66], 'WallDurations': [9.0, 233.84568786621094, 2499.0], 'JobIds': ['105830467.0'], 'State': 'finished', 'RecordedSite': True}, '24': {'Retries': 0, 'Restarts': 0, 'SiteHistory': ['Unknown', 'T2_FR_IPHC', 'T2_FR_IPHC'], 'ResidentSetSize': [1308576], 'SubmitTimes': [1708555614.0], 'StartTimes': [1708559653.0], 'EndTimes': [1708561956.0], 'TotalUserCpuTimeHistory': [2064], 'TotalSysCpuTimeHistory': [55], 'WallDurations': [9.0, 233.84568786621094, 2303.0], 'JobIds': ['105830468.0'], 'State': 'finished', 'RecordedSite': True}, '25': {'Retries': 0, 'Restarts': 0, 'SiteHistory': ['Unknown', 'T2_FR_IPHC', 'T2_FR_IPHC'], 'ResidentSetSize': [1304940], 'SubmitTimes': [1708555614.0], 'StartTimes': [1708559653.0], 'EndTimes': [1708561748.0], 'TotalUserCpuTimeHistory': [1871], 'TotalSysCpuTimeHistory': [59], 'WallDurations': [9.0, 233.84568786621094, 2095.0], 'JobIds': ['105830469.0'], 'State': 'finished', 'RecordedSite': True}, '26': {'Retries': 0, 'Restarts': 0, 'SiteHistory': ['Unknown', 'T2_FR_IPHC', 'T2_FR_IPHC'], 'ResidentSetSize': [1317464], 'SubmitTimes': [1708555614.0], 'StartTimes': [1708559653.0], 'EndTimes': [1708561963.0], 'TotalUserCpuTimeHistory': [2101], 'TotalSysCpuTimeHistory': [54], 'WallDurations': [9.0, 233.84568786621094, 2310.0], 'JobIds': ['105830470.0'], 'State': 'finished', 'RecordedSite': True}, '27': {'Retries': 0, 'Restarts': 0, 'SiteHistory': ['Unknown', 'T2_FR_IPHC', 'T2_FR_IPHC'], 'ResidentSetSize': [1302264], 'SubmitTimes': [1708555614.0], 'StartTimes': [1708559652.0], 'EndTimes': [1708560920.0], 'TotalUserCpuTimeHistory': [1132], 'TotalSysCpuTimeHistory': [34], 'WallDurations': [9.0, 234.84568786621094, 1268.0], 'JobIds': ['105830471.0'], 'State': 'finished', 'RecordedSite': True}, '28': {'Retries': 0, 'Restarts': 0, 'SiteHistory': ['Unknown', 'T2_FR_IPHC', 'T2_FR_IPHC'], 'ResidentSetSize': [1298628], 'SubmitTimes': [1708555614.0], 'StartTimes': [1708559652.0], 'EndTimes': [1708561030.0], 'TotalUserCpuTimeHistory': [1208], 'TotalSysCpuTimeHistory': [42], 'WallDurations': [9.0, 234.84568786621094, 1378.0], 'JobIds': ['105830472.0'], 'State': 'finished', 'RecordedSite': True}, '29': {'Retries': 0, 'Restarts': 0, 'SiteHistory': ['Unknown', 'T2_FR_IPHC', 'T2_FR_IPHC'], 'ResidentSetSize': [1258072], 'SubmitTimes': [1708555614.0], 'StartTimes': [1708559653.0], 'EndTimes': [1708560627.0], 'TotalUserCpuTimeHistory': [809], 'TotalSysCpuTimeHistory': [35], 'WallDurations': [9.0, 233.84568786621094, 974.0], 'JobIds': ['105830473.0'], 'State': 'finished', 'RecordedSite': True}, '30': {'Retries': 0, 'Restarts': 0, 'SiteHistory': ['Unknown', 'T2_FR_IPHC', 'T2_FR_IPHC'], 'ResidentSetSize': [1271908], 'SubmitTimes': [1708555614.0], 'StartTimes': [1708559652.0], 'EndTimes': [1708560376.0], 'TotalUserCpuTimeHistory': [636], 'TotalSysCpuTimeHistory': [17], 'WallDurations': [9.0, 234.84568786621094, 724.0], 'JobIds': ['105830474.0'], 'State': 'finished', 'RecordedSite': True}, '31': {'Retries': 0, 'Restarts': 0, 'SiteHistory': ['Unknown', 'T2_FR_IPHC', 'T2_FR_IPHC'], 'ResidentSetSize': [1273512], 'SubmitTimes': [1708555614.0], 'StartTimes': [1708559652.0], 'EndTimes': [1708560776.0], 'TotalUserCpuTimeHistory': [869], 'TotalSysCpuTimeHistory': [29], 'WallDurations': [9.0, 234.84568786621094, 1124.0], 'JobIds': ['105830475.0'], 'State': 'finished', 'RecordedSite': True}, '32': {'Retries': 0, 'Restarts': 0, 'SiteHistory': ['Unknown', 'T2_FR_IPHC', 'T2_FR_IPHC'], 'ResidentSetSize': [1309360], 'SubmitTimes': [1708555614.0], 'StartTimes': [1708559653.0], 'EndTimes': [1708560514.0], 'TotalUserCpuTimeHistory': [745], 'TotalSysCpuTimeHistory': [24], 'WallDurations': [9.0, 233.84568786621094, 861.0], 'JobIds': ['105830476.0'], 'State': 'finished', 'RecordedSite': True}, '33': {'Retries': 0, 'Restarts': 0, 'SiteHistory': ['Unknown', 'T2_FR_IPHC', 'T2_FR_IPHC'], 'ResidentSetSize': [1320584], 'SubmitTimes': [1708555614.0], 'StartTimes': [1708559653.0], 'EndTimes': [1708560858.0], 'TotalUserCpuTimeHistory': [1026], 'TotalSysCpuTimeHistory': [45], 'WallDurations': [9.0, 233.84568786621094, 1205.0], 'JobIds': ['105830477.0'], 'State': 'finished', 'RecordedSite': True}, '34': {'Retries': 0, 'Restarts': 0, 'SiteHistory': ['Unknown', 'T2_FR_IPHC', 'T2_FR_IPHC'], 'ResidentSetSize': [1270232], 'SubmitTimes': [1708555614.0], 'StartTimes': [1708559653.0], 'EndTimes': [1708561011.0], 'TotalUserCpuTimeHistory': [1181], 'TotalSysCpuTimeHistory': [37], 'WallDurations': [9.0, 233.84568786621094, 1358.0], 'JobIds': ['105830478.0'], 'State': 'finished', 'RecordedSite': True}, '35': {'Retries': 0, 'Restarts': 0, 'SiteHistory': ['Unknown', 'T2_FR_IPHC', 'T2_FR_IPHC'], 'ResidentSetSize': [1320804], 'SubmitTimes': [1708555614.0], 'StartTimes': [1708559652.0], 'EndTimes': [1708561500.0], 'TotalUserCpuTimeHistory': [1553], 'TotalSysCpuTimeHistory': [36], 'WallDurations': [9.0, 234.84568786621094, 1848.0], 'JobIds': ['105830479.0'], 'State': 'finished', 'RecordedSite': True}, '36': {'Retries': 0, 'Restarts': 0, 'SiteHistory': ['Unknown', 'T2_FR_IPHC', 'T2_FR_IPHC'], 'ResidentSetSize': [1312364], 'SubmitTimes': [1708555614.0], 'StartTimes': [1708559654.0], 'EndTimes': [1708561779.0], 'TotalUserCpuTimeHistory': [1816], 'TotalSysCpuTimeHistory': [39], 'WallDurations': [8.0, 232.84568786621094, 2125.0], 'JobIds': ['105830480.0'], 'State': 'finished', 'RecordedSite': True}, '37': {'Retries': 0, 'Restarts': 0, 'SiteHistory': ['Unknown', 'T2_FR_IPHC', 'T2_FR_IPHC'], 'ResidentSetSize': [1289932], 'SubmitTimes': [1708555614.0], 'StartTimes': [1708559655.0], 'EndTimes': [1708562024.0], 'TotalUserCpuTimeHistory': [2010], 'TotalSysCpuTimeHistory': [54], 'WallDurations': [8.0, 231.84568786621094, 2369.0], 'JobIds': ['105830481.0'], 'State': 'finished', 'RecordedSite': True}, '38': {'Retries': 0, 'Restarts': 0, 'SiteHistory': ['Unknown', 'T2_FR_IPHC', 'T2_FR_IPHC'], 'ResidentSetSize': [1246676], 'SubmitTimes': [1708555614.0], 'StartTimes': [1708559662.0], 'EndTimes': [1708561503.0], 'TotalUserCpuTimeHistory': [1636], 'TotalSysCpuTimeHistory': [32], 'WallDurations': [8.0, 224.84568786621094, 1841.0], 'JobIds': ['105830482.0'], 'State': 'finished', 'RecordedSite': True}, '39': {'Retries': 0, 'Restarts': 0, 'SiteHistory': ['Unknown', 'T2_FR_IPHC', 'T2_FR_IPHC'], 'ResidentSetSize': [1317312], 'SubmitTimes': [1708555614.0], 'StartTimes': [1708559691.0], 'EndTimes': [1708561531.0], 'TotalUserCpuTimeHistory': [1703], 'TotalSysCpuTimeHistory': [34], 'WallDurations': [8.0, 195.84568786621094, 1840.0], 'JobIds': ['105830483.0'], 'State': 'finished', 'RecordedSite': True}, '40': {'Retries': 0, 'Restarts': 0, 'SiteHistory': ['Unknown', 'T2_FR_IPHC', 'T2_FR_IPHC'], 'ResidentSetSize': [1313460], 'SubmitTimes': [1708555614.0], 'StartTimes': [1708559708.0], 'EndTimes': [1708561540.0], 'TotalUserCpuTimeHistory': [1686], 'TotalSysCpuTimeHistory': [37], 'WallDurations': [9.0, 178.84568786621094, 1832.0], 'JobIds': ['105830484.0'], 'State': 'finished', 'RecordedSite': True}, '41': {'Retries': 0, 'Restarts': 0, 'SiteHistory': ['Unknown', 'T2_FR_IPHC', 'T2_FR_IPHC'], 'ResidentSetSize': [1316072], 'SubmitTimes': [1708555614.0], 'StartTimes': [1708559736.0], 'EndTimes': [1708561577.0], 'TotalUserCpuTimeHistory': [1676], 'TotalSysCpuTimeHistory': [35], 'WallDurations': [9.0, 150.84568786621094, 1841.0], 'JobIds': ['105830485.0'], 'State': 'finished', 'RecordedSite': True}, '42': {'Retries': 0, 'Restarts': 0, 'SiteHistory': ['Unknown', 'T2_FR_IPHC', 'T2_FR_IPHC'], 'ResidentSetSize': [1276968], 'SubmitTimes': [1708555614.0], 'StartTimes': [1708559779.0], 'EndTimes': [1708561958.0], 'TotalUserCpuTimeHistory': [1942], 'TotalSysCpuTimeHistory': [41], 'WallDurations': [9.0, 107.84568786621094, 2179.0], 'JobIds': ['105830486.0'], 'State': 'finished', 'RecordedSite': True}, '44': {'Retries': 0, 'Restarts': 0, 'SiteHistory': ['Unknown', 'T2_FR_IPHC', 'T2_FR_IPHC'], 'ResidentSetSize': [1312748], 'SubmitTimes': [1708555615.0], 'StartTimes': [1708559789.0], 'EndTimes': [1708562305.0], 'TotalUserCpuTimeHistory': [2197], 'TotalSysCpuTimeHistory': [46], 'WallDurations': [9.0, 97.84568786621094, 2516.0], 'JobIds': ['105830487.0'], 'State': 'finished', 'RecordedSite': True}, '45': {'Retries': 0, 'Restarts': 0, 'SiteHistory': ['Unknown', 'T2_FR_IPHC', 'T2_FR_IPHC'], 'ResidentSetSize': [1309768], 'SubmitTimes': [1708555615.0], 'StartTimes': [1708559811.0], 'EndTimes': [1708562037.0], 'TotalUserCpuTimeHistory': [1973], 'TotalSysCpuTimeHistory': [52], 'WallDurations': [8.0, 75.84568786621094, 2226.0], 'JobIds': ['105830488.0'], 'State': 'finished', 'RecordedSite': True}, '46': {'Retries': 0, 'Restarts': 0, 'SiteHistory': ['Unknown', 'T2_FR_IPHC', 'T2_FR_IPHC'], 'ResidentSetSize': [1310628], 'SubmitTimes': [1708555615.0], 'StartTimes': [1708559841.0], 'EndTimes': [1708562133.0], 'TotalUserCpuTimeHistory': [2040], 'TotalSysCpuTimeHistory': [52], 'WallDurations': [9.0, 45.84568786621094, 2292.0], 'JobIds': ['105830489.0'], 'State': 'finished', 'RecordedSite': True}, '47': {'Retries': 0, 'Restarts': 0, 'SiteHistory': ['Unknown', 'T2_FR_IPHC', 'T2_FR_IPHC'], 'ResidentSetSize': [1311356], 'SubmitTimes': [1708555615.0], 'StartTimes': [1708559879.0], 'EndTimes': [1708562124.0], 'TotalUserCpuTimeHistory': [2060], 'TotalSysCpuTimeHistory': [48], 'WallDurations': [0, 7.8456878662109375, 2245.0], 'JobIds': ['105830490.0'], 'State': 'finished', 'RecordedSite': True}, '48': {'Retries': 0, 'Restarts': 0, 'SiteHistory': ['Unknown', 'T2_FR_IPHC', 'T2_FR_IPHC'], 'ResidentSetSize': [1231944], 'SubmitTimes': [1708555615.0], 'StartTimes': [1708559903.0], 'EndTimes': [1708561725.0], 'TotalUserCpuTimeHistory': [1670], 'TotalSysCpuTimeHistory': [41], 'WallDurations': [9.0, 284.694456577301, 1822.0], 'JobIds': ['105830491.0'], 'State': 'finished', 'RecordedSite': True}, '49': {'Retries': 0, 'Restarts': 0, 'SiteHistory': ['Unknown', 'T2_FR_IPHC', 'T2_FR_IPHC'], 'ResidentSetSize': [1302100], 'SubmitTimes': [1708555615.0], 'StartTimes': [1708559906.0], 'EndTimes': [1708561226.0], 'TotalUserCpuTimeHistory': [1105], 'TotalSysCpuTimeHistory': [35], 'WallDurations': [9.0, 281.694456577301, 1320.0], 'JobIds': ['105830492.0'], 'State': 'finished', 'RecordedSite': True}, '50': {'Retries': 0, 'Restarts': 0, 'SiteHistory': ['Unknown', 'T2_FR_IPHC', 'T2_FR_IPHC'], 'ResidentSetSize': [1296764], 'SubmitTimes': [1708555615.0], 'StartTimes': [1708559905.0], 'EndTimes': [1708561508.0], 'TotalUserCpuTimeHistory': [1354], 'TotalSysCpuTimeHistory': [51], 'WallDurations': [9.0, 282.694456577301, 1603.0], 'JobIds': ['105830493.0'], 'State': 'finished', 'RecordedSite': True}, '51': {'Retries': 0, 'Restarts': 0, 'SiteHistory': ['Unknown', 'T2_FR_IPHC', 'T2_FR_IPHC'], 'ResidentSetSize': [1287568], 'SubmitTimes': [1708555615.0], 'StartTimes': [1708559906.0], 'EndTimes': [1708561103.0], 'TotalUserCpuTimeHistory': [999], 'TotalSysCpuTimeHistory': [31], 'WallDurations': [8.0, 281.694456577301, 1197.0], 'JobIds': ['105830494.0'], 'State': 'finished', 'RecordedSite': True}, '53': {'Retries': 0, 'Restarts': 0, 'SiteHistory': ['Unknown', 'T1_US_FNAL', 'T1_US_FNAL'], 'ResidentSetSize': [1081600], 'SubmitTimes': [1708555615.0], 'StartTimes': [1708563890.0], 'EndTimes': [1708564109.0], 'TotalUserCpuTimeHistory': [74], 'TotalSysCpuTimeHistory': [5], 'WallDurations': [11.0, 216.69544649124146, 219.0], 'JobIds': ['105830495.0'], 'State': 'finished', 'RecordedSite': True}, '54': {'Retries': 0, 'Restarts': 0, 'SiteHistory': ['Unknown', 'T1_US_FNAL', 'T1_US_FNAL'], 'ResidentSetSize': [1571004], 'SubmitTimes': [1708555615.0], 'StartTimes': [1708563890.0], 'EndTimes': [1708565959.0], 'TotalUserCpuTimeHistory': [1820], 'TotalSysCpuTimeHistory': [45], 'WallDurations': [8.0, 216.69544649124146, 2069.0], 'JobIds': ['105830496.0'], 'State': 'finished', 'RecordedSite': True}, '55': {'Retries': 0, 'Restarts': 0, 'SiteHistory': ['Unknown', 'T1_US_FNAL', 'T1_US_FNAL'], 'ResidentSetSize': [1565456], 'SubmitTimes': [1708555615.0], 'StartTimes': [1708563888.0], 'EndTimes': [1708566041.0], 'TotalUserCpuTimeHistory': [1918], 'TotalSysCpuTimeHistory': [41], 'WallDurations': [10.0, 218.69544649124146, 2153.0], 'JobIds': ['105830497.0'], 'State': 'finished', 'RecordedSite': True}, '56': {'Retries': 0, 'Restarts': 0, 'SiteHistory': ['Unknown', 'T1_US_FNAL', 'T1_US_FNAL'], 'ResidentSetSize': [1561104], 'SubmitTimes': [1708555615.0], 'StartTimes': [1708563886.0], 'EndTimes': [1708566141.0], 'TotalUserCpuTimeHistory': [1996], 'TotalSysCpuTimeHistory': [48], 'WallDurations': [10.0, 220.69544649124146, 2255.0], 'JobIds': ['105830498.0'], 'State': 'finished', 'RecordedSite': True}, '57': {'Retries': 0, 'Restarts': 0, 'SiteHistory': ['Unknown', 'T1_US_FNAL', 'T1_US_FNAL'], 'ResidentSetSize': [1461312], 'SubmitTimes': [1708555615.0], 'StartTimes': [1708563893.0], 'EndTimes': [1708568233.0], 'TotalUserCpuTimeHistory': [3330], 'TotalSysCpuTimeHistory': [126], 'WallDurations': [10.0, 213.69544649124146, 4340.0], 'JobIds': ['105830499.0'], 'State': 'finished', 'RecordedSite': True}, '52': {'Retries': 0, 'Restarts': 0, 'SiteHistory': ['Unknown', 'T2_FR_IPHC', 'T2_FR_IPHC'], 'ResidentSetSize': [955516], 'SubmitTimes': [1708555615.0], 'StartTimes': [1708559905.0], 'EndTimes': [1708560571.0], 'TotalUserCpuTimeHistory': [533], 'TotalSysCpuTimeHistory': [21], 'WallDurations': [9.0, 282.694456577301, 666.0], 'JobIds': ['105830500.0'], 'State': 'finished', 'RecordedSite': True}, '59': {'Retries': 0, 'Restarts': 0, 'SiteHistory': ['Unknown', 'T1_US_FNAL', 'T1_US_FNAL'], 'ResidentSetSize': [1455664], 'SubmitTimes': [1708555615.0], 'StartTimes': [1708563893.0], 'EndTimes': [1708568209.0], 'TotalUserCpuTimeHistory': [3090], 'TotalSysCpuTimeHistory': [77], 'WallDurations': [9.0, 213.69544649124146, 4316.0], 'JobIds': ['105830501.0'], 'State': 'finished', 'RecordedSite': True}, '61': {'Retries': 0, 'Restarts': 0, 'SiteHistory': ['Unknown', 'T1_US_FNAL', 'T1_US_FNAL'], 'ResidentSetSize': [1422940], 'SubmitTimes': [1708555615.0], 'StartTimes': [1708563896.0], 'EndTimes': [1708566022.0], 'TotalUserCpuTimeHistory': [1501], 'TotalSysCpuTimeHistory': [66], 'WallDurations': [10.0, 210.69544649124146, 2126.0], 'JobIds': ['105830502.0'], 'State': 'finished', 'RecordedSite': True}, '58': {'Retries': 0, 'Restarts': 0, 'SiteHistory': ['Unknown', 'T1_US_FNAL', 'T1_US_FNAL'], 'ResidentSetSize': [1455092], 'SubmitTimes': [1708555615.0], 'StartTimes': [1708563896.0], 'EndTimes': [1708568098.0], 'TotalUserCpuTimeHistory': [3025], 'TotalSysCpuTimeHistory': [79], 'WallDurations': [10.0, 210.69544649124146, 4202.0], 'JobIds': ['105830503.0'], 'State': 'finished', 'RecordedSite': True}, '60': {'Retries': 0, 'Restarts': 0, 'SiteHistory': ['Unknown', 'T1_US_FNAL', 'T1_US_FNAL'], 'ResidentSetSize': [1410824], 'SubmitTimes': [1708555615.0], 'StartTimes': [1708563895.0], 'EndTimes': [1708564895.0], 'TotalUserCpuTimeHistory': [829], 'TotalSysCpuTimeHistory': [27], 'WallDurations': [9.0, 211.69544649124146, 1000.0], 'JobIds': ['105830504.0'], 'State': 'finished', 'RecordedSite': True}, '62': {'Retries': 0, 'Restarts': 0, 'SiteHistory': ['Unknown', 'T2_CH_CSCS', 'T2_CH_CSCS'], 'ResidentSetSize': [1037848], 'SubmitTimes': [1708555615.0], 'StartTimes': [1708556417.0], 'EndTimes': [1708556870.0], 'TotalUserCpuTimeHistory': [217], 'TotalSysCpuTimeHistory': [9], 'WallDurations': [9.0, 155.14087891578674, 453.0], 'JobIds': ['105830505.0'], 'State': 'finished', 'RecordedSite': True}, '63': {'Retries': 0, 'Restarts': 0, 'SiteHistory': ['T2_UK_SGrid_RALPP', 'T2_UK_SGrid_RALPP'], 'ResidentSetSize': [1594828], 'SubmitTimes': [1708555615.0], 'StartTimes': [1708555655.0], 'EndTimes': [1708555814.0], 'TotalUserCpuTimeHistory': [82], 'TotalSysCpuTimeHistory': [7], 'WallDurations': [9.0, 159.0], 'JobIds': ['105830506.0'], 'State': 'finished', 'RecordedSite': True}, '66': {'Retries': 0, 'Restarts': 4, 'SiteHistory': ['Unknown', 'T2_ES_IFCA', 'T2_ES_IFCA', 'T2_ES_IFCA', 'T2_ES_IFCA', 'T2_ES_IFCA', 'T2_US_MIT'], 'ResidentSetSize': [1840, 1836, 1840, 1836, 1468912], 'SubmitTimes': [1708555615.0, -1, -1, -1, -1], 'StartTimes': [1708560404.0, 1708560528.0, 1708560773.0, 1708560897.0, 1708561028.0], 'EndTimes': [1708560524.0, 1708560648.0, 1708560893.0, 1708561017.0, 1708563608.0], 'TotalUserCpuTimeHistory': [0.0, 0.0, 0.0, 0.0, 1749], 'TotalSysCpuTimeHistory': [0.0, 0.0, 0.0, 0.0, 47], 'WallDurations': [9.0, 84.53688311576843, 120.0, 120.0, 120.0, 120.0, 2580.0], 'JobIds': ['105830507.0', '105830507.0', '105830507.0', '105830507.0', '105830507.0'], 'State': 'finished', 'RecordedSite': True}, '64': {'Retries': 1, 'Restarts': 0, 'SiteHistory': ['Unknown', 'T3_UK_London_QMUL', 'T3_UK_London_QMUL', 'T2_UK_London_IC', 'T2_UK_London_IC'], 'ResidentSetSize': [68096, 1544108], 'SubmitTimes': [1708555615.0, 1708557713.0], 'StartTimes': [1708555675.0, 1708557755.0], 'EndTimes': [1708555840.0, 1708558025.0], 'TotalUserCpuTimeHistory': [120, 186], 'TotalSysCpuTimeHistory': [5, 13], 'WallDurations': [165.0, 294.4974477291107, 294.4974477291107, 9.0, 270.0], 'JobIds': ['105830508.0', '105830658.0'], 'State': 'finished', 'RecordedSite': True}, '65': {'Retries': 0, 'Restarts': 4, 'SiteHistory': ['Unknown', 'T2_ES_IFCA', 'T2_ES_IFCA', 'T2_ES_IFCA', 'T2_ES_IFCA', 'T2_ES_IFCA', 'T2_US_MIT'], 'ResidentSetSize': [1836, 1836, 1836, 1848, 1285072], 'SubmitTimes': [1708555615.0, -1, -1, -1, -1], 'StartTimes': [1708560404.0, 1708560528.0, 1708560771.0, 1708560897.0, 1708561028.0], 'EndTimes': [1708560524.0, 1708560648.0, 1708560892.0, 1708561017.0, 1708562138.0], 'TotalUserCpuTimeHistory': [0.0, 0.0, 0.0, 0.0, 615], 'TotalSysCpuTimeHistory': [0.0, 0.0, 0.0, 0.0, 26], 'WallDurations': [8.0, 84.53688311576843, 120.0, 120.0, 121.0, 120.0, 1110.0], 'JobIds': ['105830509.0', '105830509.0', '105830509.0', '105830509.0', '105830509.0'], 'State': 'finished', 'RecordedSite': True}, '67': {'Retries': 0, 'Restarts': 3, 'SiteHistory': ['Unknown', 'T2_ES_IFCA', 'T2_ES_IFCA', 'T2_ES_IFCA', 'T2_ES_IFCA', 'T2_ES_IFCA'], 'ResidentSetSize': [1836, 1840, 1840, 1289432], 'SubmitTimes': [1708555615.0, -1, -1, -1], 'StartTimes': [1708560405.0, 1708560529.0, 1708560773.0, 1708560938.0], 'EndTimes': [1708560525.0, 1708560649.0, 1708560893.0, 1708565442.0], 'TotalUserCpuTimeHistory': [0.0, 0.0, 0.0, 2822], 'TotalSysCpuTimeHistory': [0.0, 0.0, 0.0, 145], 'WallDurations': [9.0, 83.53688311576843, 120.0, 120.0, 120.0, 4504.0], 'JobIds': ['105830510.0', '105830510.0', '105830510.0', '105830510.0'], 'State': 'finished', 'RecordedSite': True}, '70': {'Retries': 0, 'Restarts': 3, 'SiteHistory': ['Unknown', 'T2_ES_IFCA', 'T2_ES_IFCA', 'T2_ES_IFCA', 'T2_ES_IFCA', 'T2_ES_IFCA'], 'ResidentSetSize': [1836, 1836, 1840, 1275864], 'SubmitTimes': [1708555615.0, -1, -1, -1], 'StartTimes': [1708560404.0, 1708560529.0, 1708560773.0, 1708560939.0], 'EndTimes': [1708560525.0, 1708560649.0, 1708560893.0, 1708564323.0], 'TotalUserCpuTimeHistory': [0.0, 0.0, 0.0, 1704], 'TotalSysCpuTimeHistory': [0.0, 0.0, 0.0, 83], 'WallDurations': [9.0, 84.53688311576843, 121.0, 120.0, 120.0, 3384.0], 'JobIds': ['105830511.0', '105830511.0', '105830511.0', '105830511.0'], 'State': 'finished', 'RecordedSite': True}, '68': {'Retries': 0, 'Restarts': 3, 'SiteHistory': ['Unknown', 'T2_ES_IFCA', 'T2_ES_IFCA', 'T2_ES_IFCA', 'T2_ES_IFCA', 'T2_ES_IFCA'], 'ResidentSetSize': [1836, 1836, 1836, 1303804], 'SubmitTimes': [1708555615.0, -1, -1, -1], 'StartTimes': [1708560405.0, 1708560649.0, 1708560774.0, 1708560938.0], 'EndTimes': [1708560525.0, 1708560769.0, 1708560894.0, 1708566800.0], 'TotalUserCpuTimeHistory': [0.0, 0.0, 0.0, 2415], 'TotalSysCpuTimeHistory': [0.0, 0.0, 0.0, 135], 'WallDurations': [8.0, 83.53688311576843, 120.0, 120.0, 120.0, 5862.0], 'JobIds': ['105830512.0', '105830512.0', '105830512.0', '105830512.0'], 'State': 'finished', 'RecordedSite': True}, '69': {'Retries': 0, 'Restarts': 3, 'SiteHistory': ['Unknown', 'T2_ES_IFCA', 'T2_ES_IFCA', 'T2_ES_IFCA', 'T2_ES_IFCA', 'T2_ES_IFCA'], 'ResidentSetSize': [1836, 1836, 1836, 1304380], 'SubmitTimes': [1708555616.0, -1, -1, -1], 'StartTimes': [1708560405.0, 1708560649.0, 1708560774.0, 1708560939.0], 'EndTimes': [1708560526.0, 1708560769.0, 1708560894.0, 1708564680.0], 'TotalUserCpuTimeHistory': [0.0, 0.0, 0.0, 1976], 'TotalSysCpuTimeHistory': [0.0, 0.0, 0.0, 120], 'WallDurations': [9.0, 83.53688311576843, 121.0, 120.0, 120.0, 3741.0], 'JobIds': ['105830513.0', '105830513.0', '105830513.0', '105830513.0'], 'State': 'finished', 'RecordedSite': True}, '71': {'Retries': 0, 'Restarts': 2, 'SiteHistory': ['Unknown', 'T2_ES_IFCA', 'T2_ES_IFCA', 'T2_ES_IFCA', 'T2_ES_IFCA'], 'ResidentSetSize': [1836, 1836, 1250500], 'SubmitTimes': [1708555616.0, -1, -1], 'StartTimes': [1708560406.0, 1708560650.0, 1708560783.0], 'EndTimes': [1708560526.0, 1708560770.0, 1708562097.0], 'TotalUserCpuTimeHistory': [0.0, 0.0, 343], 'TotalSysCpuTimeHistory': [0.0, 0.0, 37], 'WallDurations': [8.0, 82.53688311576843, 120.0, 120.0, 1314.0], 'JobIds': ['105830514.0', '105830514.0', '105830514.0'], 'State': 'failed', 'RecordedSite': True, 'Error': [8001, "Error while running CMSSW:\nFatal Exception\nAn exception of category 'FileReadError' occurred while\n   [0] Processing  Event run: 370776 lumi: 322 event: 673233620 stream: 0\n   [1] Running path 'B4MuSkim'\n   [2] Prefetching for module SimpleEventCounter/'InitialPlots'\n   [3] While reading from source std::vector<pat::Muon> slimmedMuons '' PAT\n   [4] Rethrowing an exception that happened on a different read request.\n   [5] Processing  Event run: 370776 lumi: 322 event: 673233620 stream: 0\n   [6] Running path 'B4MuSkim'\n   [7] Prefetching for module HLTHighLevel/'B4MuHLTFilter'\n   [8] While reading from source edm::TriggerResults TriggerResults '' HLT\n   [9] Reading branch edmTriggerResults_TriggerResults__HLT.\n   [10] Calling XrdFile::readv()\n   [11] XrdAdaptor::ClientRequest::HandleResponse() failure while running connection recovery\n   [12] Handling XrdAdaptor::RequestManager::requestFailure()\n   [13] In XrdAdaptor::RequestManager::OpenHandler::HandleResponseWithHosts()\nException Message:\nXrdCl::File::Open(name='root://xrootd-cms.infn.it//store/data/Run2023D/ParkingDoubleMuonLowMass4/MINIAOD/22Sep2023_v2-v2/2550000/9ed97515-d016-4e93-861c-016b57d5c00c.root', flags=0x10, permissions=0660) => error '[ERROR] Operation expired' (errno=0, code=206)\n   Additional Info:\n      [a] Original error: '[ERROR] Server responded with an error: [3008] Unable to readv /store/data/Run2023D/ParkingDoubleMuonLowMass4/MINIAOD/22Sep2023_v2-v2/2550000/9ed97515-d016-4e93-861c-016b57d5c00c.root; cannot allocate memory\n' (errno=3008, code=400, source=tapexrd.cmsaf.mit.edu:1094 (site T2_US_MIT)).\n      [b] Original failed source is tapexrd.cmsaf.mit.edu:1094 (site T2_US_MIT)\n      [c] Disabled source: tapexrd.cmsaf.mit.edu:1094\n", {'type': 'Fatal Exception', 'details': "An exception of category 'FileReadError' occurred while\n   [0] Processing  Event run: 370776 lumi: 322 event: 673233620 stream: 0\n   [1] Running path 'B4MuSkim'\n   [2] Prefetching for module SimpleEventCounter/'InitialPlots'\n   [3] While reading from source std::vector<pat::Muon> slimmedMuons '' PAT\n   [4] Rethrowing an exception that happened on a different read request.\n   [5] Processing  Event run: 370776 lumi: 322 event: 673233620 stream: 0\n   [6] Running path 'B4MuSkim'\n   [7] Prefetching for module HLTHighLevel/'B4MuHLTFilter'\n   [8] While reading from source edm::TriggerResults TriggerResults '' HLT\n   [9] Reading branch edmTriggerResults_TriggerResults__HLT.\n   [10] Calling XrdFile::readv()\n   [11] XrdAdaptor::ClientRequest::HandleResponse() failure while running connection recovery\n   [12] Handling XrdAdaptor::RequestManager::requestFailure()\n   [13] In XrdAdaptor::RequestManager::OpenHandler::HandleResponseWithHosts()\nException Message:\nXrdCl::File::Open(name='root://xrootd-cms.infn.it//store/data/Run2023D/ParkingDoubleMuonLowMass4/MINIAOD/22Sep2023_v2-v2/2550000/9ed97515-d016-4e93-861c-016b57d5c00c.root', flags=0x10, permissions=0660) => error '[ERROR] Operation expired' (errno=0, code=206)\n   Additional Info:\n      [a] Original error: '[ERROR] Server responded with an error: [3008] Unable to readv /store/data/Run2023D/ParkingDoubleMuonLowMass4/MINIAOD/22Sep2023_v2-v2/2550000/9ed97515-d016-4e93-861c-016b57d5c00c.root; cannot allocate memory\n' (errno=3008, code=400, source=tapexrd.cmsaf.mit.edu:1094 (site T2_US_MIT)).\n      [b] Original failed source is tapexrd.cmsaf.mit.edu:1094 (site T2_US_MIT)\n      [c] Disabled source: tapexrd.cmsaf.mit.edu:1094", 'exitCode': 8001}]}, '72': {'Retries': 0, 'Restarts': 3, 'SiteHistory': ['Unknown', 'T2_ES_IFCA', 'T2_ES_IFCA', 'T2_ES_IFCA', 'Unknown', 'T2_ES_IFCA', 'T2_US_MIT'], 'ResidentSetSize': [1836, 1836, 1836, 1557600], 'SubmitTimes': [1708555616.0, -1, -1, -1], 'StartTimes': [1708560406.0, 1708560650.0, 1708560895.0, 1708561028.0], 'EndTimes': [1708560527.0, 1708560770.0, 1708561015.0, 1708565935.0], 'TotalUserCpuTimeHistory': [0.0, 0.0, 0.0, 1415], 'TotalSysCpuTimeHistory': [0.0, 0.0, 0.0, 38], 'WallDurations': [9.0, 82.53688311576843, 121.0, 120.0, 120.0, 9.0, 4907.0], 'JobIds': ['105830515.0', '105830515.0', '105830515.0', '105830515.0'], 'State': 'finished', 'RecordedSite': True}, '73': {'Retries': 0, 'Restarts': 3, 'SiteHistory': ['Unknown', 'T2_ES_IFCA', 'T2_ES_IFCA', 'T2_ES_IFCA', 'Unknown', 'T2_ES_IFCA', 'T2_US_MIT'], 'ResidentSetSize': [1840, 1836, 1836, 1241424], 'SubmitTimes': [1708555616.0, -1, -1, -1], 'StartTimes': [1708560407.0, 1708560651.0, 1708560895.0, 1708561028.0], 'EndTimes': [1708560527.0, 1708560771.0, 1708561015.0, 1708565466.0], 'TotalUserCpuTimeHistory': [0.0, 0.0, 0.0, 1745], 'TotalSysCpuTimeHistory': [0.0, 0.0, 0.0, 67], 'WallDurations': [8.0, 81.53688311576843, 120.0, 120.0, 120.0, 10.0, 4438.0], 'JobIds': ['105830516.0', '105830516.0', '105830516.0', '105830516.0'], 'State': 'finished', 'RecordedSite': True}, '74': {'Retries': 0, 'Restarts': 3, 'SiteHistory': ['Unknown', 'T2_ES_IFCA', 'T2_ES_IFCA', 'T2_ES_IFCA', 'T2_ES_IFCA', 'T2_US_MIT'], 'ResidentSetSize': [1852, 1836, 1836, 1278232], 'SubmitTimes': [1708555616.0, -1, -1, -1], 'StartTimes': [1708560527.0, 1708560651.0, 1708560896.0, 1708561029.0], 'EndTimes': [1708560647.0, 1708560771.0, 1708561017.0, 1708563097.0], 'TotalUserCpuTimeHistory': [0.0, 0.0, 0.0, 924], 'TotalSysCpuTimeHistory': [0.0, 0.0, 0.0, 29], 'WallDurations': [120.0, 120.0, 0, 121.0, 10.0, 2068.0], 'JobIds': ['105830517.0', '105830517.0', '105830517.0', '105830517.0'], 'State': 'finished', 'RecordedSite': True}, '75': {'Retries': 0, 'Restarts': 2, 'SiteHistory': ['Unknown', 'T2_ES_IFCA', 'T2_ES_IFCA', 'T2_ES_IFCA', 'T2_US_MIT'], 'ResidentSetSize': [1836, 1840, 1249268], 'SubmitTimes': [1708555616.0, -1, -1], 'StartTimes': [1708560527.0, 1708560896.0, 1708561029.0], 'EndTimes': [1708560647.0, 1708561016.0, 1708562989.0], 'TotalUserCpuTimeHistory': [0.0, 0.0, 275], 'TotalSysCpuTimeHistory': [0.0, 0.0, 15], 'WallDurations': [120.0, 0, 120.0, 9.0, 1960.0], 'JobIds': ['105830518.0', '105830518.0', '105830518.0'], 'State': 'finished', 'RecordedSite': True}, '76': {'Retries': 0, 'Restarts': 0, 'SiteHistory': ['Unknown', 'T2_US_MIT', 'T2_US_MIT'], 'ResidentSetSize': [1324700], 'SubmitTimes': [1708555616.0], 'StartTimes': [1708561028.0], 'EndTimes': [1708564342.0], 'TotalUserCpuTimeHistory': [1622], 'TotalSysCpuTimeHistory': [77], 'WallDurations': [8.0, 63.10634255409241, 3314.0], 'JobIds': ['105830519.0'], 'State': 'finished', 'RecordedSite': True}, '77': {'Retries': 0, 'Restarts': 0, 'SiteHistory': ['Unknown', 'T2_US_MIT', 'T2_US_MIT'], 'ResidentSetSize': [1377564], 'SubmitTimes': [1708555616.0], 'StartTimes': [1708561029.0], 'EndTimes': [1708565718.0], 'TotalUserCpuTimeHistory': [2061], 'TotalSysCpuTimeHistory': [76], 'WallDurations': [9.0, 62.10634255409241, 4689.0], 'JobIds': ['105830520.0'], 'State': 'finished', 'RecordedSite': True}, '78': {'Retries': 0, 'Restarts': 0, 'SiteHistory': ['Unknown', 'T2_US_MIT', 'T2_US_MIT'], 'ResidentSetSize': [1261352], 'SubmitTimes': [1708555616.0], 'StartTimes': [1708561029.0], 'EndTimes': [1708562380.0], 'TotalUserCpuTimeHistory': [167], 'TotalSysCpuTimeHistory': [7], 'WallDurations': [9.0, 62.10634255409241, 1351.0], 'JobIds': ['105830521.0'], 'State': 'finished', 'RecordedSite': True}, '80': {'Retries': 0, 'Restarts': 0, 'SiteHistory': ['Unknown', 'T2_IT_Bari', 'T2_IT_Bari'], 'ResidentSetSize': [1288364], 'SubmitTimes': [1708555616.0], 'StartTimes': [1708559651.0], 'EndTimes': [1708562961.0], 'TotalUserCpuTimeHistory': [2843], 'TotalSysCpuTimeHistory': [83], 'WallDurations': [9.0, 235.84568786621094, 3310.0], 'JobIds': ['105830522.0'], 'State': 'finished', 'RecordedSite': True}, '79': {'Retries': 0, 'Restarts': 0, 'SiteHistory': ['Unknown', 'T2_IT_Legnaro', 'T2_IT_Legnaro'], 'ResidentSetSize': [38288], 'SubmitTimes': [1708555616.0], 'StartTimes': [1708557669.0], 'EndTimes': [1708557781.0], 'TotalUserCpuTimeHistory': [61], 'TotalSysCpuTimeHistory': [5], 'WallDurations': [8.0, 109.23435568809509, 112.0], 'JobIds': ['105830523.0'], 'State': 'finished', 'RecordedSite': True}, '82': {'Retries': 0, 'Restarts': 0, 'SiteHistory': ['Unknown', 'T2_IT_Bari', 'T2_IT_Bari'], 'ResidentSetSize': [1297740], 'SubmitTimes': [1708555616.0], 'StartTimes': [1708559654.0], 'EndTimes': [1708562406.0], 'TotalUserCpuTimeHistory': [2359], 'TotalSysCpuTimeHistory': [69], 'WallDurations': [8.0, 232.84568786621094, 2752.0], 'JobIds': ['105830524.0'], 'State': 'finished', 'RecordedSite': True}, '83': {'Retries': 0, 'Restarts': 0, 'SiteHistory': ['Unknown', 'T2_IT_Bari', 'T2_IT_Bari'], 'ResidentSetSize': [1297680], 'SubmitTimes': [1708555616.0], 'StartTimes': [1708559652.0], 'EndTimes': [1708563174.0], 'TotalUserCpuTimeHistory': [2865], 'TotalSysCpuTimeHistory': [163], 'WallDurations': [8.0, 234.84568786621094, 3522.0], 'JobIds': ['105830525.0'], 'State': 'finished', 'RecordedSite': True}, '85': {'Retries': 0, 'Restarts': 0, 'SiteHistory': ['Unknown', 'T2_IT_Bari', 'T2_IT_Bari'], 'ResidentSetSize': [1113280], 'SubmitTimes': [1708555616.0], 'StartTimes': [1708559653.0], 'EndTimes': [1708560950.0], 'TotalUserCpuTimeHistory': [945], 'TotalSysCpuTimeHistory': [66], 'WallDurations': [9.0, 233.84568786621094, 1297.0], 'JobIds': ['105830526.0'], 'State': 'finished', 'RecordedSite': True}, '86': {'Retries': 0, 'Restarts': 0, 'SiteHistory': ['Unknown', 'T2_IN_TIFR', 'T2_IN_TIFR'], 'ResidentSetSize': [1316108], 'SubmitTimes': [1708555616.0], 'StartTimes': [1708556234.0], 'EndTimes': [1708569707.0], 'TotalUserCpuTimeHistory': [874.0], 'TotalSysCpuTimeHistory': [101.0], 'WallDurations': [9.0, 36.865044593811035, 13473.0], 'JobIds': ['105830527.0'], 'State': 'finished', 'RecordedSite': True}, '81': {'Retries': 0, 'Restarts': 0, 'SiteHistory': ['Unknown', 'T2_IT_Bari', 'T2_IT_Bari'], 'ResidentSetSize': [1302624], 'SubmitTimes': [1708555616.0], 'StartTimes': [1708559654.0], 'EndTimes': [1708562488.0], 'TotalUserCpuTimeHistory': [1997], 'TotalSysCpuTimeHistory': [56], 'WallDurations': [8.0, 232.84568786621094, 2834.0], 'JobIds': ['105830528.0'], 'State': 'finished', 'RecordedSite': True}, '84': {'Retries': 0, 'Restarts': 0, 'SiteHistory': ['Unknown', 'T2_IT_Bari', 'T2_IT_Bari'], 'ResidentSetSize': [1311544], 'SubmitTimes': [1708555616.0], 'StartTimes': [1708559654.0], 'EndTimes': [1708562010.0], 'TotalUserCpuTimeHistory': [1966], 'TotalSysCpuTimeHistory': [52], 'WallDurations': [8.0, 232.84568786621094, 2356.0], 'JobIds': ['105830529.0'], 'State': 'finished', 'RecordedSite': True}, '87': {'Retries': 0, 'Restarts': 0, 'SiteHistory': ['Unknown', 'T2_FR_GRIF', 'T2_FR_GRIF'], 'ResidentSetSize': [1465700], 'SubmitTimes': [1708555616.0], 'StartTimes': [1708556166.0], 'EndTimes': [1708557650.0], 'TotalUserCpuTimeHistory': [1279], 'TotalSysCpuTimeHistory': [36], 'WallDurations': [9.0, 104.86504459381104, 1484.0], 'JobIds': ['105830530.0'], 'State': 'finished', 'RecordedSite': True}, '89': {'Retries': 0, 'Restarts': 0, 'SiteHistory': ['Unknown', 'T2_FI_HIP', 'T2_FI_HIP'], 'ResidentSetSize': [1179600], 'SubmitTimes': [1708555616.0], 'StartTimes': [1708562627.0], 'EndTimes': [1708563996.0], 'TotalUserCpuTimeHistory': [1221], 'TotalSysCpuTimeHistory': [40], 'WallDurations': [8.0, 274.14523696899414, 1369.0], 'JobIds': ['105830531.0'], 'State': 'finished', 'RecordedSite': True}, '88': {'Retries': 0, 'Restarts': 0, 'SiteHistory': ['Unknown', 'T2_FR_GRIF', 'T2_FR_GRIF'], 'ResidentSetSize': [77924], 'SubmitTimes': [1708555616.0], 'StartTimes': [1708556166.0], 'EndTimes': [1708556374.0], 'TotalUserCpuTimeHistory': [121], 'TotalSysCpuTimeHistory': [9], 'WallDurations': [9.0, 104.86504459381104, 208.0], 'JobIds': ['105830532.0'], 'State': 'finished', 'RecordedSite': True}, '90': {'Retries': 0, 'Restarts': 0, 'SiteHistory': ['Unknown', 'T2_FI_HIP', 'T2_FI_HIP'], 'ResidentSetSize': [1237988], 'SubmitTimes': [1708555616.0], 'StartTimes': [1708562635.0], 'EndTimes': [1708564278.0], 'TotalUserCpuTimeHistory': [1474], 'TotalSysCpuTimeHistory': [46], 'WallDurations': [9.0, 266.14523696899414, 1643.0], 'JobIds': ['105830533.0'], 'State': 'finished', 'RecordedSite': True}, '92': {'Retries': 0, 'Restarts': 0, 'SiteHistory': ['Unknown', 'T2_FI_HIP', 'T2_FI_HIP'], 'ResidentSetSize': [1123144], 'SubmitTimes': [1708555616.0], 'StartTimes': [1708562657.0], 'EndTimes': [1708564085.0], 'TotalUserCpuTimeHistory': [1259], 'TotalSysCpuTimeHistory': [43], 'WallDurations': [9.0, 244.14523696899414, 1428.0], 'JobIds': ['105830534.0'], 'State': 'finished', 'RecordedSite': True}, '91': {'Retries': 0, 'Restarts': 0, 'SiteHistory': ['Unknown', 'T2_FI_HIP', 'T2_FI_HIP'], 'ResidentSetSize': [1263876], 'SubmitTimes': [1708555616.0], 'StartTimes': [1708562657.0], 'EndTimes': [1708564284.0], 'TotalUserCpuTimeHistory': [1453], 'TotalSysCpuTimeHistory': [43], 'WallDurations': [8.0, 244.14523696899414, 1627.0], 'JobIds': ['105830535.0'], 'State': 'finished', 'RecordedSite': True}, '93': {'Retries': 0, 'Restarts': 0, 'SiteHistory': ['Unknown', 'T2_FI_HIP', 'T2_FI_HIP'], 'ResidentSetSize': [1117856], 'SubmitTimes': [1708555616.0], 'StartTimes': [1708562656.0], 'EndTimes': [1708564079.0], 'TotalUserCpuTimeHistory': [1203], 'TotalSysCpuTimeHistory': [39], 'WallDurations': [8.0, 245.14523696899414, 1423.0], 'JobIds': ['105830536.0'], 'State': 'finished', 'RecordedSite': True}, '94': {'Retries': 0, 'Restarts': 0, 'SiteHistory': ['Unknown', 'T2_FI_HIP', 'T2_FI_HIP'], 'ResidentSetSize': [1085432], 'SubmitTimes': [1708555616.0], 'StartTimes': [1708562657.0], 'EndTimes': [1708563557.0], 'TotalUserCpuTimeHistory': [810], 'TotalSysCpuTimeHistory': [21], 'WallDurations': [8.0, 244.14523696899414, 900.0], 'JobIds': ['105830537.0'], 'State': 'finished', 'RecordedSite': True}, '95': {'Retries': 0, 'Restarts': 0, 'SiteHistory': ['Unknown', 'T1_ES_PIC', 'T1_ES_PIC'], 'ResidentSetSize': [1310812], 'SubmitTimes': [1708555616.0], 'StartTimes': [1708562391.0], 'EndTimes': [1708563194.0], 'TotalUserCpuTimeHistory': [691], 'TotalSysCpuTimeHistory': [18], 'WallDurations': [8.0, 208.46852707862854, 803.0], 'JobIds': ['105830538.0'], 'State': 'finished', 'RecordedSite': True}, '96': {'Retries': 0, 'Restarts': 0, 'SiteHistory': ['Unknown', 'T1_US_FNAL', 'T1_US_FNAL'], 'ResidentSetSize': [1322168], 'SubmitTimes': [1708555616.0], 'StartTimes': [1708563900.0], 'EndTimes': [1708564663.0], 'TotalUserCpuTimeHistory': [564], 'TotalSysCpuTimeHistory': [17], 'WallDurations': [9.0, 206.69544649124146, 763.0], 'JobIds': ['105830539.0'], 'State': 'finished', 'RecordedSite': True}, '43': {'Retries': 0, 'Restarts': 0, 'SiteHistory': ['Unknown', 'T2_FR_IPHC', 'T2_FR_IPHC'], 'ResidentSetSize': [1309644], 'SubmitTimes': [1708555616.0], 'StartTimes': [1708559906.0], 'EndTimes': [1708561352.0], 'TotalUserCpuTimeHistory': [1328], 'TotalSysCpuTimeHistory': [30], 'WallDurations': [9.0, 281.694456577301, 1446.0], 'JobIds': ['105830540.0'], 'State': 'finished', 'RecordedSite': True}}
INFO 2024-02-22 20:35:19.976 UTC: 	 Status on the scheduler:	FAILED
INFO 2024-02-22 20:35:19.976 UTC: 	 
Jobs status:                    failed       		  1.0% ( 1/96)
INFO 2024-02-22 20:35:19.976 UTC: 	 				finished     		 99.0% (95/96)
DEBUG 2024-02-22 20:35:19.976 UTC: 	 Encoded data for curl request: subresource=publicationstatus&workflow=240221_224250%3Ambuonsan_crab_SkimB4Mu_2023eraD-v2_stream4_Mini&username=mbuonsan
INFO 2024-02-22 20:35:20.136 UTC: 	 
Output dataset:			/FakeDataset/fakefile-FakePublish-8a8e7cfeba51e3139e28e77d7ae8bdd9/USER
INFO 2024-02-22 20:35:20.136 UTC: 	 
No publication information available yet
INFO 2024-02-22 20:35:20.137 UTC: 	 
Error Summary: (use crab status --verboseErrors for details about the errors)

 1 jobs failed with exit code 8001

Have a look at https://twiki.cern.ch/twiki/bin/viewauth/CMSPublic/JobExitCodes for a description of the exit codes.
INFO 2024-02-22 20:35:20.146 UTC: 	 
Warning: the max jobs runtime is less than 30% of the task requested value (1250 min), please consider to request a lower value for failed jobs (allowed through crab resubmit) and/or improve the jobs splitting (e.g. config.Data.splitting = 'Automatic') in a new task.
INFO 2024-02-22 20:35:20.147 UTC: 	 
Summary of run jobs:
 * Memory: 75MB min, 1557MB max, 1248MB ave
 * Runtime: 0:01:52 min, 3:44:33 max, 0:34:05 ave
 * CPU eff: 7% min, 95% max, 72% ave
 * Waste: 6:57:44 (11% of total)

DEBUG 2024-02-22 20:35:20.149 UTC: 	 Requesting resubmission of failed jobs in task 240221_224250:mbuonsan_crab_SkimB4Mu_2023eraD-v2_stream4_Mini
INFO 2024-02-22 20:35:20.149 UTC: 	 Sending resubmit request to the server.
DEBUG 2024-02-22 20:35:20.149 UTC: 	 Submitting {'workflow': '240221_224250:mbuonsan_crab_SkimB4Mu_2023eraD-v2_stream4_Mini', 'subresource': 'resubmit2', 'jobids': ['71'], 'publication': 0} 
DEBUG 2024-02-22 20:35:20.150 UTC: 	 Encoded data for curl request: workflow=240221_224250%3Ambuonsan_crab_SkimB4Mu_2023eraD-v2_stream4_Mini&subresource=resubmit2&publication=0&jobids=71
DEBUG 2024-02-22 20:35:20.355 UTC: 	 Result: {'desc': {'columns': ['tm_site_blacklist', 'tm_site_whitelist', 'tm_maxjobruntime', 'tm_maxmemory', 'tm_numcores', 'tm_priority']}, 'result': [{'result': 'ok'}]}
INFO 2024-02-22 20:35:20.355 UTC: 	 Resubmit request sent to the server.
INFO 2024-02-22 20:35:20.355 UTC: 	 Please use ' crab status ' to check how the resubmission process proceeds.
Notice it may take a couple of minutes for the resubmission to get fully processed.
INFO 2024-02-22 20:35:20.391 UTC: 	 Log file is /lustrehome/mbuonsante/B_4mu/CMSSW_13_0_13/src/B4muNtuplizer/CrabSubmission/2023_eraD-v2/crab_projects/crab_SkimB4Mu_2023eraD-v2_stream4_Mini/crab.log
