DEBUG 2024-02-21 22:31:04.170 UTC: 	 CRAB Client version: v3.240110
DEBUG 2024-02-21 22:31:04.170 UTC: 	 Running on: Linux ui02.recas.ba.infn.it 3.10.0-1160.80.1.el7.x86_64 #1 SMP Tue Nov 8 15:48:59 UTC 2022 x86_64 x86_64 x86_64 GNU/Linux - CentOS Linux 7 (Core)
DEBUG 2024-02-21 22:31:04.170 UTC: 	 Executing command: 'submit'
DEBUG 2024-02-21 22:31:04.170 UTC: 	 Found CRAB cache file /lustrehome/mbuonsante/.crab3
INFO 2024-02-21 22:31:04.171 UTC: 	 Will use CRAB configuration file CRAB_stream_5.py
DEBUG 2024-02-21 22:31:04.171 UTC: 	 Loading CRAB configuration file.
DEBUG 2024-02-21 22:31:04.174 UTC: 	 Will use CRAB plugin ANALYSIS (i.e. will run an analysis job type).
DEBUG 2024-02-21 22:31:04.177 UTC: 	 Checking credentials
DEBUG 2024-02-21 22:31:04.177 UTC: 	 Found proxy file /tmp/x509up_u881331
DEBUG 2024-02-21 22:31:04.177 UTC: 	 Making sure it has proper VOMS extension
DEBUG 2024-02-21 22:31:04.177 UTC: 	 Executing command :
 voms-proxy-info --vo --file /tmp/x509up_u881331
DEBUG 2024-02-21 22:31:05.956 UTC: 	 output : cms

 error: 
 retcode : 0
DEBUG 2024-02-21 22:31:05.956 UTC: 	 Getting proxy life time left
DEBUG 2024-02-21 22:31:05.956 UTC: 	 Executing command :
 voms-proxy-info --actimeleft --timeleft --file /tmp/x509up_u881331
DEBUG 2024-02-21 22:31:08.208 UTC: 	 output : 479349
479348

 error: 
 retcode : 0
DEBUG 2024-02-21 22:31:08.208 UTC: 	 Proxy valid for 133:09:08 hours
DEBUG 2024-02-21 22:31:08.208 UTC: 	 Encoded data for curl request: subresource=delegatedn
DEBUG 2024-02-21 22:31:08.438 UTC: 	 Registering user credentials on myproxy for /DC=ch/DC=cern/OU=computers/CN=crab-(preprod|prod|dev)-tw(01|02|03).cern.ch|/DC=ch/DC=cern/OU=computers/CN=stefanov(m|m2).cern.ch|/DC=ch/DC=cern/OU=computers/CN=dciangot-tw.cern.ch
DEBUG 2024-02-21 22:31:08.439 UTC: 	 Executing command :
 voms-proxy-info --identity --file /tmp/x509up_u881331
DEBUG 2024-02-21 22:31:10.311 UTC: 	 output : /DC=ch/DC=cern/OU=Organic Units/OU=Users/CN=mbuonsan/CN=866052/CN=Marco Buonsante

 error: 
 retcode : 0
DEBUG 2024-02-21 22:31:10.311 UTC: 	 Getting myproxy life time left for db438794163ae221c16ac5cdc1e476b2bc2ff634
DEBUG 2024-02-21 22:31:10.311 UTC: 	 Executing command :
 myproxy-info -s myproxy.cern.ch -l db438794163ae221c16ac5cdc1e476b2bc2ff634
DEBUG 2024-02-21 22:31:10.673 UTC: 	 output : username: db438794163ae221c16ac5cdc1e476b2bc2ff634
owner: /DC=ch/DC=cern/OU=Organic Units/OU=Users/CN=mbuonsan/CN=866052/CN=Marco Buonsante
  renewal policy: /DC=ch/DC=cern/OU=computers/CN=crab-(preprod|prod|dev)-tw(01|02|03).cern.ch|/DC=ch/DC=cern/OU=computers/CN=stefanov(m|m2).cern.ch|/DC=ch/DC=cern/OU=computers/CN=dciangot-tw.cern.ch
  trusted retrieval policy: /DC=ch/DC=cern/OU=computers/CN=crab-(preprod|prod|dev)-tw(01|02|03).cern.ch|/DC=ch/DC=cern/OU=computers/CN=stefanov(m|m2).cern.ch|/DC=ch/DC=cern/OU=computers/CN=dciangot-tw.cern.ch
  timeleft: 493:10:17  (20.5 days)

 error: 
 retcode : 0
DEBUG 2024-02-21 22:31:10.674 UTC: 	 Myproxy is valid: 1775400
DEBUG 2024-02-21 22:31:10.675 UTC: 	 Result of myproxy credential check:
  Credential exists on myproxy: username: db438794163ae221c16ac5cdc1e476b2bc2ff634  - validity: 20 days, 13:10:00
DEBUG 2024-02-21 22:31:10.676 UTC: 	 Command use: submit
DEBUG 2024-02-21 22:31:10.676 UTC: 	 Options use: ['-c', 'CRAB_stream_5.py']
DEBUG 2024-02-21 22:31:10.676 UTC: 	 Encoded data for curl request: subresource=version
DEBUG 2024-02-21 22:31:10.870 UTC: 	 CRABClient version: v3.240110
DEBUG 2024-02-21 22:31:10.870 UTC: 	 Instance is prod
DEBUG 2024-02-21 22:31:10.870 UTC: 	 Server base url is cmsweb.cern.ch
DEBUG 2024-02-21 22:31:10.871 UTC: 	 Command api workflow
DEBUG 2024-02-21 22:31:10.871 UTC: 	 Started submission
DEBUG 2024-02-21 22:31:10.871 UTC: 	 Working on /lustrehome/mbuonsante/B_4mu/CMSSW_13_0_13/src/B4muNtuplizer/CrabSubmission/2023_eraC-v3/crab_projects/crab_SkimB4Mu_2023eraC-v3_stream5_Mini
DEBUG 2024-02-21 22:31:10.871 UTC: 	 Encoded data for curl request: subresource=backendurls
DEBUG 2024-02-21 22:31:11.176 UTC: 	 Loading required information from the environment
DEBUG 2024-02-21 22:31:11.176 UTC: 	 Found CMSSW_13_0_13 for slc7_amd64_gcc11 with base /lustrehome/mbuonsante/B_4mu/CMSSW_13_0_13
DEBUG 2024-02-21 22:31:11.176 UTC: 	 Loading required information from the environment
DEBUG 2024-02-21 22:31:11.176 UTC: 	 Found CMSSW_13_0_13 for slc7_amd64_gcc11 with base /lustrehome/mbuonsante/B_4mu/CMSSW_13_0_13
DEBUG 2024-02-21 22:31:11.176 UTC: 	 UNIQUE NAME: tarUUID 9184e3b1-b403-400c-b39e-d1e28b1ccd74 
DEBUG 2024-02-21 22:31:11.176 UTC: 	 self.config: from WMCore.Configuration import Configuration
config = Configuration()
config.section_('General')
config.General.workArea = 'crab_projects'
config.General.transferLogs = False
config.General.requestName = 'SkimB4Mu_2023eraC-v3_stream5_Mini'
config.General.transferOutputs = True
config.section_('JobType')
config.JobType.allowUndistributedCMSSW = True
config.JobType.psetName = '/lustrehome/mbuonsante/B_4mu/CMSSW_13_0_13/src/B4muNtuplizer/CrabSubmission/2023_eraC-v3/PatAndTree_cfg.py'
config.JobType.pluginName = 'Analysis'
config.section_('Data')
config.Data.lumiMask = 'https://cms-service-dqmdc.web.cern.ch/CAF/certification/Collisions23/Cert_Collisions2023_eraC_367095_368823_Golden.json'
config.Data.splitting = 'LumiBased'
config.Data.outputDatasetTag = 'SkimB4Mu_2023eraC-v3_stream5_Mini'
config.Data.allowNonValidInputDataset = True
config.Data.unitsPerJob = 50
config.Data.inputDBS = 'global'
config.Data.inputDataset = '/ParkingDoubleMuonLowMass5/Run2023C-22Sep2023_v3-v1/MINIAOD'
config.section_('Site')
config.Site.ignoreGlobalBlacklist = True
config.Site.storageSite = 'T2_IT_Bari'
config.section_('User')
config.section_('Debug')

DEBUG 2024-02-21 22:31:11.176 UTC: 	 self.config.JobType.psetName: /lustrehome/mbuonsante/B_4mu/CMSSW_13_0_13/src/B4muNtuplizer/CrabSubmission/2023_eraC-v3/PatAndTree_cfg.py
INFO 2024-02-21 22:31:11.177 UTC: 	 Importing CMSSW configuration /lustrehome/mbuonsante/B_4mu/CMSSW_13_0_13/src/B4muNtuplizer/CrabSubmission/2023_eraC-v3/PatAndTree_cfg.py
INFO 2024-02-21 22:31:13.443 UTC: 	 Finished importing CMSSW configuration /lustrehome/mbuonsante/B_4mu/CMSSW_13_0_13/src/B4muNtuplizer/CrabSubmission/2023_eraC-v3/PatAndTree_cfg.py
DEBUG 2024-02-21 22:31:13.444 UTC: 	 Writing CMSSW configuration to /lustrehome/mbuonsante/B_4mu/CMSSW_13_0_13/src/B4muNtuplizer/CrabSubmission/2023_eraC-v3/crab_projects/crab_SkimB4Mu_2023eraC-v3_stream5_Mini/inputs/PSet.py
DEBUG 2024-02-21 22:31:13.565 UTC: 	 The following EDM output files will be collected: []
DEBUG 2024-02-21 22:31:13.565 UTC: 	 The following TFile output files will be collected: ['TreeData.root']
DEBUG 2024-02-21 22:31:13.565 UTC: 	 The following user output files (not listed as PoolOuputModule or TFileService in the CMSSW PSet) will be collected: 
DEBUG 2024-02-21 22:31:13.565 UTC: 	 Loading required information from the environment
DEBUG 2024-02-21 22:31:13.566 UTC: 	 Found CMSSW_13_0_13 for slc7_amd64_gcc11 with base /lustrehome/mbuonsante/B_4mu/CMSSW_13_0_13
DEBUG 2024-02-21 22:31:13.566 UTC: 	 Making tarball in /lustrehome/mbuonsante/B_4mu/CMSSW_13_0_13/src/B4muNtuplizer/CrabSubmission/2023_eraC-v3/crab_projects/crab_SkimB4Mu_2023eraC-v3_stream5_Mini/inputs/9184e3b1-b403-400c-b39e-d1e28b1ccd74default.tgz
DEBUG 2024-02-21 22:31:13.566 UTC: 	 Checking directory /lustrehome/mbuonsante/B_4mu/CMSSW_13_0_13/bin
DEBUG 2024-02-21 22:31:13.566 UTC: 	 Adding directory /lustrehome/mbuonsante/B_4mu/CMSSW_13_0_13/bin to tarball
DEBUG 2024-02-21 22:31:13.569 UTC: 	 Checking directory /lustrehome/mbuonsante/B_4mu/CMSSW_13_0_13/python
DEBUG 2024-02-21 22:31:13.569 UTC: 	 Adding directory /lustrehome/mbuonsante/B_4mu/CMSSW_13_0_13/python to tarball
DEBUG 2024-02-21 22:31:13.635 UTC: 	 Checking directory /lustrehome/mbuonsante/B_4mu/CMSSW_13_0_13/cfipython
DEBUG 2024-02-21 22:31:13.635 UTC: 	 Adding directory /lustrehome/mbuonsante/B_4mu/CMSSW_13_0_13/cfipython to tarball
DEBUG 2024-02-21 22:31:13.644 UTC: 	 Checking directory /lustrehome/mbuonsante/B_4mu/CMSSW_13_0_13/lib
DEBUG 2024-02-21 22:31:13.644 UTC: 	 Adding directory /lustrehome/mbuonsante/B_4mu/CMSSW_13_0_13/lib to tarball
DEBUG 2024-02-21 22:31:14.187 UTC: 	 Checking directory /lustrehome/mbuonsante/B_4mu/CMSSW_13_0_13/biglib
DEBUG 2024-02-21 22:31:14.188 UTC: 	 Adding directory /lustrehome/mbuonsante/B_4mu/CMSSW_13_0_13/biglib to tarball
DEBUG 2024-02-21 22:31:14.189 UTC: 	 Checking directory /lustrehome/mbuonsante/B_4mu/CMSSW_13_0_13/module
DEBUG 2024-02-21 22:31:14.189 UTC: 	 Checking directory /lustrehome/mbuonsante/B_4mu/CMSSW_13_0_13/config/SCRAM/hooks
DEBUG 2024-02-21 22:31:14.189 UTC: 	 Adding directory /lustrehome/mbuonsante/B_4mu/CMSSW_13_0_13/config/SCRAM/hooks to tarball
DEBUG 2024-02-21 22:31:14.214 UTC: 	 Adding directory /lustrehome/mbuonsante/B_4mu/CMSSW_13_0_13/src/B4muNtuplizer/SkimTools/python to tarball
DEBUG 2024-02-21 22:31:14.225 UTC: 	 Adding directory /lustrehome/mbuonsante/B_4mu/CMSSW_13_0_13/src/CommonTools/CandAlgos/interface to tarball
DEBUG 2024-02-21 22:31:14.230 UTC: 	 Adding directory /lustrehome/mbuonsante/B_4mu/CMSSW_13_0_13/src/CommonTools/CandAlgos/python to tarball
DEBUG 2024-02-21 22:31:14.414 UTC: 	 Uploading archive /lustrehome/mbuonsante/B_4mu/CMSSW_13_0_13/src/B4muNtuplizer/CrabSubmission/2023_eraC-v3/crab_projects/crab_SkimB4Mu_2023eraC-v3_stream5_Mini/inputs/9184e3b1-b403-400c-b39e-d1e28b1ccd74default.tgz (0.643555.1 MB) to the CRAB cache. Using URI https://cmsweb.cern.ch/S3/crabcache_prod
DEBUG 2024-02-21 22:31:14.940 UTC: 	 Encoded data for curl request: subresource=upload&objecttype=sandbox&tarballname=c21f585968b676319b78458a8dfff0d78967d784c1d5d78343c5cdc38d3be0e5.tar.gz
DEBUG 2024-02-21 22:31:15.157 UTC: 	 sandbox c21f585968b676319b78458a8dfff0d78967d784c1d5d78343c5cdc38d3be0e5.tar.gz is already in the S3 store, will not upload again
DEBUG 2024-02-21 22:31:15.157 UTC: 	 Loading required information from the environment
DEBUG 2024-02-21 22:31:15.157 UTC: 	 Found CMSSW_13_0_13 for slc7_amd64_gcc11 with base /lustrehome/mbuonsante/B_4mu/CMSSW_13_0_13
DEBUG 2024-02-21 22:31:15.157 UTC: 	 Making tarball in /lustrehome/mbuonsante/B_4mu/CMSSW_13_0_13/src/B4muNtuplizer/CrabSubmission/2023_eraC-v3/crab_projects/crab_SkimB4Mu_2023eraC-v3_stream5_Mini/inputs/debugFiles.tgz
DEBUG 2024-02-21 22:31:15.164 UTC: 	 Uploading archive /lustrehome/mbuonsante/B_4mu/CMSSW_13_0_13/src/B4muNtuplizer/CrabSubmission/2023_eraC-v3/crab_projects/crab_SkimB4Mu_2023eraC-v3_stream5_Mini/inputs/debugFiles.tgz (2 KB) to the CRAB cache. Using URI https://cmsweb.cern.ch/S3/crabcache_prod
DEBUG 2024-02-21 22:31:15.167 UTC: 	 Encoded data for curl request: subresource=upload&objecttype=sandbox&tarballname=2f45f9413b3e03ed0c8203b927364e849de8b25bea1fa86b78ef52ed0f88e251.tar.gz
DEBUG 2024-02-21 22:31:15.420 UTC: 	 Will execute:
curl -f -v -X POST  -H "User-Agent: CRAB" -F "key=mbuonsan/sandboxes/2f45f9413b3e03ed0c8203b927364e849de8b25bea1fa86b78ef52ed0f88e251.tar.gz" -F "AWSAccessKeyId=ab00fcc889f248c495d2875f15a3badb" -F "policy=eyJleHBpcmF0aW9uIjogIjIwMjQtMDItMjFUMjM6MzE6MTVaIiwgImNvbmRpdGlvbnMiOiBbeyJidWNrZXQiOiAiY3JhYmNhY2hlX3Byb2QifSwgeyJrZXkiOiAibWJ1b25zYW4vc2FuZGJveGVzLzJmNDVmOTQxM2IzZTAzZWQwYzgyMDNiOTI3MzY0ZTg0OWRlOGIyNWJlYTFmYTg2Yjc4ZWY1MmVkMGY4OGUyNTEudGFyLmd6In1dfQ==" -F "signature=q2GauMpYIWkOCzVjBAMz7DSR2sA=" -F "file=@/lustrehome/mbuonsante/B_4mu/CMSSW_13_0_13/src/B4muNtuplizer/CrabSubmission/2023_eraC-v3/crab_projects/crab_SkimB4Mu_2023eraC-v3_stream5_Mini/inputs/debugFiles.tgz" "https://s3.cern.ch/crabcache_prod"
DEBUG 2024-02-21 22:31:15.591 UTC: 	 exitcode: 0
stdout: b''
DEBUG 2024-02-21 22:31:15.591 UTC: 	 sandbox /lustrehome/mbuonsante/B_4mu/CMSSW_13_0_13/src/B4muNtuplizer/CrabSubmission/2023_eraC-v3/crab_projects/crab_SkimB4Mu_2023eraC-v3_stream5_Mini/inputs/debugFiles.tgz successully uploaded to S3
DEBUG 2024-02-21 22:31:15.591 UTC: 	 Result uploading input files: c21f585968b676319b78458a8dfff0d78967d784c1d5d78343c5cdc38d3be0e5.tar.gz 
DEBUG 2024-02-21 22:31:15.591 UTC: 	 Attaching lumi mask https://cms-service-dqmdc.web.cern.ch/CAF/certification/Collisions23/Cert_Collisions2023_eraC_367095_368823_Golden.json to the request
DEBUG 2024-02-21 22:31:15.591 UTC: 	 Downloading lumi-mask from https://cms-service-dqmdc.web.cern.ch/CAF/certification/Collisions23/Cert_Collisions2023_eraC_367095_368823_Golden.json
WARNING 2024-02-21 22:31:15.844 UTC: 	 Warning: The following output files will not be published, as they are not EDM files: ['TreeData.root']
DEBUG 2024-02-21 22:31:15.844 UTC: 	 submit() - self.configuration from WMCore.Configuration import Configuration
config = Configuration()
config.section_('General')
config.General.workArea = 'crab_projects'
config.General.transferLogs = False
config.General.requestName = 'SkimB4Mu_2023eraC-v3_stream5_Mini'
config.General.transferOutputs = True
config.section_('JobType')
config.JobType.allowUndistributedCMSSW = True
config.JobType.psetName = '/lustrehome/mbuonsante/B_4mu/CMSSW_13_0_13/src/B4muNtuplizer/CrabSubmission/2023_eraC-v3/PatAndTree_cfg.py'
config.JobType.pluginName = 'Analysis'
config.section_('Data')
config.Data.lumiMask = 'https://cms-service-dqmdc.web.cern.ch/CAF/certification/Collisions23/Cert_Collisions2023_eraC_367095_368823_Golden.json'
config.Data.splitting = 'LumiBased'
config.Data.outputDatasetTag = 'SkimB4Mu_2023eraC-v3_stream5_Mini'
config.Data.allowNonValidInputDataset = True
config.Data.unitsPerJob = 50
config.Data.inputDBS = 'global'
config.Data.inputDataset = '/ParkingDoubleMuonLowMass5/Run2023C-22Sep2023_v3-v1/MINIAOD'
config.section_('Site')
config.Site.ignoreGlobalBlacklist = True
config.Site.storageSite = 'T2_IT_Bari'
config.section_('User')
config.section_('Debug')

DEBUG 2024-02-21 22:31:15.844 UTC: 	 submit() - self.configreq {'dryrun': 0, 'workflow': 'crab_SkimB4Mu_2023eraC-v3_stream5_Mini', 'saveoutput': 1, 'savelogsflag': 0, 'inputdata': '/ParkingDoubleMuonLowMass5/Run2023C-22Sep2023_v3-v1/MINIAOD', 'primarydataset': '', 'nonvaliddata': 1, 'userfiles': [], 'dbsurl': 'https://cmsweb.cern.ch/dbs/prod/global/DBSReader', 'useparent': 0, 'ignorelocality': 0, 'splitalgo': 'LumiBased', 'algoargs': 50, 'totalunits': 0, 'publication': 1, 'publishdbsurl': 'https://cmsweb.cern.ch/dbs/prod/phys03/DBSWriter', 'publishname2': 'SkimB4Mu_2023eraC-v3_stream5_Mini', 'jobtype': 'Analysis', 'generator': 'pythia', 'addoutputfiles': [], 'maxjobruntime': 1250, 'numcores': 1, 'maxmemory': 2000, 'priority': 10, 'nonprodsw': 1, 'asyncdest': 'T2_IT_Bari', 'requireaccelerator': 0, 'oneEventMode': 0, 'extrajdl': [], 'ignoreglobalblacklist': 1, 'partialdataset': 0, 'inputblocks': []}
DEBUG 2024-02-21 22:31:15.844 UTC: 	 submit() - jobconfig {'addoutputfiles': [], 'tfileoutfiles': ['TreeData.root'], 'edmoutfiles': [], 'jobarch': 'slc7_amd64_gcc11', 'jobsw': 'CMSSW_13_0_13', 'inputdata': '/ParkingDoubleMuonLowMass5/Run2023C-22Sep2023_v3-v1/MINIAOD', 'cacheurl': 'https://cmsweb.cern.ch/S3/crabcache_prod', 'cachefilename': 'c21f585968b676319b78458a8dfff0d78967d784c1d5d78343c5cdc38d3be0e5.tar.gz', 'debugfilename': '2f45f9413b3e03ed0c8203b927364e849de8b25bea1fa86b78ef52ed0f88e251.tar.gz', 'runs': ['367095', '367100', '367102', '367103', '367104', '367111', '367112', '367127', '367128', '367129', '367130', '367131', '367133', '367228', '367229', '367230', '367231', '367232', '367234', '367260', '367262', '367263', '367264', '367267', '367269', '367270', '367271', '367312', '367314', '367315', '367334', '367336', '367337', '367355', '367406', '367413', '367415', '367416', '367475', '367477', '367515', '367516', '367552', '367553', '367554', '367615', '367618', '367619', '367661', '367662', '367663', '367665', '367666', '367691', '367696', '367699', '367730', '367742', '367758', '367770', '367771', '367772', '367790', '367831', '367836', '367838', '367840', '367881', '367883', '367884', '367902', '367904', '367905', '367906', '367907', '367908', '367910', '368223', '368224', '368229', '368318', '368320', '368321', '368332', '368333', '368343', '368382', '368384', '368388', '368389', '368400', '368410', '368412', '368423', '368451', '368453', '368454', '368489', '368546', '368547', '368548', '368566', '368567', '368609', '368611', '368613', '368636', '368669', '368670', '368672', '368674', '368675', '368676', '368678', '368684', '368685', '368723', '368724', '368746', '368749', '368753', '368762', '368764', '368765', '368822', '368823'], 'lumis': ['1,564', '45,390', '1,75', '1,64', '1,1082', '51,338', '1,1438', '18,350', '1,2,6,6,11,12,14,15', '1,3', '1,2,6,9,13,126,135,167', '1,149', '1,275', '55,280,285,287,292,294,298,304', '1,34', '1,1', '1,22', '1,996', '1,501', '52,69,72,240', '1,42,49,119,123,271', '10,21', '1,847', '45,322', '1,33', '1,961', '1,135', '53,225,227,269', '1,20', '1,893', '26,324', '1,169', '1,1046', '60,63', '48,476', '68,448,450,467,469,746,748,750,752,898,900,1340,1342,1367', '1,97', '1,55', '56,634', '1,1289', '44,668', '1,1236', '49,59', '1,644', '1,312', '53,484', '18,341', '1,300,302,501,503,579', '50,366', '1,18', '1,1', '1,271', '1,11,16,86', '46,204', '1,856,858,1920', '1,151', '48,562', '39,443', '52,767', '47,198', '1,91', '1,6', '1,160', '53,504', '48,588', '1,793', '1,570', '14,152', '1,1050', '1,1011', '42,273', '1,103', '1,48', '1,344', '1,119', '1,358', '1,593', '45,437,445,487', '1,57', '52,569', '37,319', '1,285', '1,337', '1,14', '1,25', '1,328', '37,792', '1,44', '39,444,448,1431,1434,1472', '1,198', '40,271', '49,1501', '1,92', '42,159,161,516', '1,144', '1,5', '1,68,72,1168', '47,791,793,827,829,863,865,899,901,935,937,971,973,1007,1009,1043,1045,1079,1081,1280,1282,1380,1382,1581,1583,1595', '1,659', '1,194,197,702', '1,75,77,86,89,90,93,280,282,1044', '1,1195', '1,31,33,411,414,436', '41,1039', '1,247,249,382', '1,260', '51,819', '42,410', '1,255,306,308', '1,866', '1,12', '1,50', '1,156', '1,171', '40,135', '1,1481', '63,63,97,188', '1,1200', '39,77', '1,169', '1,976', '45,238', '1,1', '1,1386', '45,330,332,908,910,991', '3,35'], 'jobtype': 'Analysis'}
INFO 2024-02-21 22:31:15.844 UTC: 	 Sending the request to the server at cmsweb.cern.ch
DEBUG 2024-02-21 22:31:15.844 UTC: 	 Submitting {'dryrun': 0, 'workflow': 'crab_SkimB4Mu_2023eraC-v3_stream5_Mini', 'saveoutput': 1, 'savelogsflag': 0, 'inputdata': '/ParkingDoubleMuonLowMass5/Run2023C-22Sep2023_v3-v1/MINIAOD', 'primarydataset': '', 'nonvaliddata': 1, 'userfiles': [], 'dbsurl': 'https://cmsweb.cern.ch/dbs/prod/global/DBSReader', 'useparent': 0, 'ignorelocality': 0, 'splitalgo': 'LumiBased', 'algoargs': 50, 'totalunits': 0, 'publication': 1, 'publishdbsurl': 'https://cmsweb.cern.ch/dbs/prod/phys03/DBSWriter', 'publishname2': 'SkimB4Mu_2023eraC-v3_stream5_Mini', 'jobtype': 'Analysis', 'generator': 'pythia', 'addoutputfiles': [], 'maxjobruntime': 1250, 'numcores': 1, 'maxmemory': 2000, 'priority': 10, 'nonprodsw': 1, 'asyncdest': 'T2_IT_Bari', 'requireaccelerator': 0, 'oneEventMode': 0, 'extrajdl': [], 'ignoreglobalblacklist': 1, 'partialdataset': 0, 'inputblocks': [], 'tfileoutfiles': ['TreeData.root'], 'edmoutfiles': [], 'jobarch': 'slc7_amd64_gcc11', 'jobsw': 'CMSSW_13_0_13', 'cacheurl': 'https://cmsweb.cern.ch/S3/crabcache_prod', 'cachefilename': 'c21f585968b676319b78458a8dfff0d78967d784c1d5d78343c5cdc38d3be0e5.tar.gz', 'debugfilename': '2f45f9413b3e03ed0c8203b927364e849de8b25bea1fa86b78ef52ed0f88e251.tar.gz', 'runs': ['367095', '367100', '367102', '367103', '367104', '367111', '367112', '367127', '367128', '367129', '367130', '367131', '367133', '367228', '367229', '367230', '367231', '367232', '367234', '367260', '367262', '367263', '367264', '367267', '367269', '367270', '367271', '367312', '367314', '367315', '367334', '367336', '367337', '367355', '367406', '367413', '367415', '367416', '367475', '367477', '367515', '367516', '367552', '367553', '367554', '367615', '367618', '367619', '367661', '367662', '367663', '367665', '367666', '367691', '367696', '367699', '367730', '367742', '367758', '367770', '367771', '367772', '367790', '367831', '367836', '367838', '367840', '367881', '367883', '367884', '367902', '367904', '367905', '367906', '367907', '367908', '367910', '368223', '368224', '368229', '368318', '368320', '368321', '368332', '368333', '368343', '368382', '368384', '368388', '368389', '368400', '368410', '368412', '368423', '368451', '368453', '368454', '368489', '368546', '368547', '368548', '368566', '368567', '368609', '368611', '368613', '368636', '368669', '368670', '368672', '368674', '368675', '368676', '368678', '368684', '368685', '368723', '368724', '368746', '368749', '368753', '368762', '368764', '368765', '368822', '368823'], 'lumis': ['1,564', '45,390', '1,75', '1,64', '1,1082', '51,338', '1,1438', '18,350', '1,2,6,6,11,12,14,15', '1,3', '1,2,6,9,13,126,135,167', '1,149', '1,275', '55,280,285,287,292,294,298,304', '1,34', '1,1', '1,22', '1,996', '1,501', '52,69,72,240', '1,42,49,119,123,271', '10,21', '1,847', '45,322', '1,33', '1,961', '1,135', '53,225,227,269', '1,20', '1,893', '26,324', '1,169', '1,1046', '60,63', '48,476', '68,448,450,467,469,746,748,750,752,898,900,1340,1342,1367', '1,97', '1,55', '56,634', '1,1289', '44,668', '1,1236', '49,59', '1,644', '1,312', '53,484', '18,341', '1,300,302,501,503,579', '50,366', '1,18', '1,1', '1,271', '1,11,16,86', '46,204', '1,856,858,1920', '1,151', '48,562', '39,443', '52,767', '47,198', '1,91', '1,6', '1,160', '53,504', '48,588', '1,793', '1,570', '14,152', '1,1050', '1,1011', '42,273', '1,103', '1,48', '1,344', '1,119', '1,358', '1,593', '45,437,445,487', '1,57', '52,569', '37,319', '1,285', '1,337', '1,14', '1,25', '1,328', '37,792', '1,44', '39,444,448,1431,1434,1472', '1,198', '40,271', '49,1501', '1,92', '42,159,161,516', '1,144', '1,5', '1,68,72,1168', '47,791,793,827,829,863,865,899,901,935,937,971,973,1007,1009,1043,1045,1079,1081,1280,1282,1380,1382,1581,1583,1595', '1,659', '1,194,197,702', '1,75,77,86,89,90,93,280,282,1044', '1,1195', '1,31,33,411,414,436', '41,1039', '1,247,249,382', '1,260', '51,819', '42,410', '1,255,306,308', '1,866', '1,12', '1,50', '1,156', '1,171', '40,135', '1,1481', '63,63,97,188', '1,1200', '39,77', '1,169', '1,976', '45,238', '1,1', '1,1386', '45,330,332,908,910,991', '3,35']} 
DEBUG 2024-02-21 22:31:15.846 UTC: 	 Encoded data for curl request: dryrun=0&workflow=crab_SkimB4Mu_2023eraC-v3_stream5_Mini&saveoutput=1&savelogsflag=0&inputdata=%2FParkingDoubleMuonLowMass5%2FRun2023C-22Sep2023_v3-v1%2FMINIAOD&primarydataset=&nonvaliddata=1&dbsurl=https%3A%2F%2Fcmsweb.cern.ch%2Fdbs%2Fprod%2Fglobal%2FDBSReader&useparent=0&ignorelocality=0&splitalgo=LumiBased&algoargs=50&totalunits=0&publication=1&publishdbsurl=https%3A%2F%2Fcmsweb.cern.ch%2Fdbs%2Fprod%2Fphys03%2FDBSWriter&publishname2=SkimB4Mu_2023eraC-v3_stream5_Mini&jobtype=Analysis&generator=pythia&maxjobruntime=1250&numcores=1&maxmemory=2000&priority=10&nonprodsw=1&asyncdest=T2_IT_Bari&requireaccelerator=0&oneEventMode=0&ignoreglobalblacklist=1&partialdataset=0&jobarch=slc7_amd64_gcc11&jobsw=CMSSW_13_0_13&cacheurl=https%3A%2F%2Fcmsweb.cern.ch%2FS3%2Fcrabcache_prod&cachefilename=c21f585968b676319b78458a8dfff0d78967d784c1d5d78343c5cdc38d3be0e5.tar.gz&debugfilename=2f45f9413b3e03ed0c8203b927364e849de8b25bea1fa86b78ef52ed0f88e251.tar.gz&tfileoutfiles=TreeData.root&runs=367095&runs=367100&runs=367102&runs=367103&runs=367104&runs=367111&runs=367112&runs=367127&runs=367128&runs=367129&runs=367130&runs=367131&runs=367133&runs=367228&runs=367229&runs=367230&runs=367231&runs=367232&runs=367234&runs=367260&runs=367262&runs=367263&runs=367264&runs=367267&runs=367269&runs=367270&runs=367271&runs=367312&runs=367314&runs=367315&runs=367334&runs=367336&runs=367337&runs=367355&runs=367406&runs=367413&runs=367415&runs=367416&runs=367475&runs=367477&runs=367515&runs=367516&runs=367552&runs=367553&runs=367554&runs=367615&runs=367618&runs=367619&runs=367661&runs=367662&runs=367663&runs=367665&runs=367666&runs=367691&runs=367696&runs=367699&runs=367730&runs=367742&runs=367758&runs=367770&runs=367771&runs=367772&runs=367790&runs=367831&runs=367836&runs=367838&runs=367840&runs=367881&runs=367883&runs=367884&runs=367902&runs=367904&runs=367905&runs=367906&runs=367907&runs=367908&runs=367910&runs=368223&runs=368224&runs=368229&runs=368318&runs=368320&runs=368321&runs=368332&runs=368333&runs=368343&runs=368382&runs=368384&runs=368388&runs=368389&runs=368400&runs=368410&runs=368412&runs=368423&runs=368451&runs=368453&runs=368454&runs=368489&runs=368546&runs=368547&runs=368548&runs=368566&runs=368567&runs=368609&runs=368611&runs=368613&runs=368636&runs=368669&runs=368670&runs=368672&runs=368674&runs=368675&runs=368676&runs=368678&runs=368684&runs=368685&runs=368723&runs=368724&runs=368746&runs=368749&runs=368753&runs=368762&runs=368764&runs=368765&runs=368822&runs=368823&lumis=1%2C564&lumis=45%2C390&lumis=1%2C75&lumis=1%2C64&lumis=1%2C1082&lumis=51%2C338&lumis=1%2C1438&lumis=18%2C350&lumis=1%2C2%2C6%2C6%2C11%2C12%2C14%2C15&lumis=1%2C3&lumis=1%2C2%2C6%2C9%2C13%2C126%2C135%2C167&lumis=1%2C149&lumis=1%2C275&lumis=55%2C280%2C285%2C287%2C292%2C294%2C298%2C304&lumis=1%2C34&lumis=1%2C1&lumis=1%2C22&lumis=1%2C996&lumis=1%2C501&lumis=52%2C69%2C72%2C240&lumis=1%2C42%2C49%2C119%2C123%2C271&lumis=10%2C21&lumis=1%2C847&lumis=45%2C322&lumis=1%2C33&lumis=1%2C961&lumis=1%2C135&lumis=53%2C225%2C227%2C269&lumis=1%2C20&lumis=1%2C893&lumis=26%2C324&lumis=1%2C169&lumis=1%2C1046&lumis=60%2C63&lumis=48%2C476&lumis=68%2C448%2C450%2C467%2C469%2C746%2C748%2C750%2C752%2C898%2C900%2C1340%2C1342%2C1367&lumis=1%2C97&lumis=1%2C55&lumis=56%2C634&lumis=1%2C1289&lumis=44%2C668&lumis=1%2C1236&lumis=49%2C59&lumis=1%2C644&lumis=1%2C312&lumis=53%2C484&lumis=18%2C341&lumis=1%2C300%2C302%2C501%2C503%2C579&lumis=50%2C366&lumis=1%2C18&lumis=1%2C1&lumis=1%2C271&lumis=1%2C11%2C16%2C86&lumis=46%2C204&lumis=1%2C856%2C858%2C1920&lumis=1%2C151&lumis=48%2C562&lumis=39%2C443&lumis=52%2C767&lumis=47%2C198&lumis=1%2C91&lumis=1%2C6&lumis=1%2C160&lumis=53%2C504&lumis=48%2C588&lumis=1%2C793&lumis=1%2C570&lumis=14%2C152&lumis=1%2C1050&lumis=1%2C1011&lumis=42%2C273&lumis=1%2C103&lumis=1%2C48&lumis=1%2C344&lumis=1%2C119&lumis=1%2C358&lumis=1%2C593&lumis=45%2C437%2C445%2C487&lumis=1%2C57&lumis=52%2C569&lumis=37%2C319&lumis=1%2C285&lumis=1%2C337&lumis=1%2C14&lumis=1%2C25&lumis=1%2C328&lumis=37%2C792&lumis=1%2C44&lumis=39%2C444%2C448%2C1431%2C1434%2C1472&lumis=1%2C198&lumis=40%2C271&lumis=49%2C1501&lumis=1%2C92&lumis=42%2C159%2C161%2C516&lumis=1%2C144&lumis=1%2C5&lumis=1%2C68%2C72%2C1168&lumis=47%2C791%2C793%2C827%2C829%2C863%2C865%2C899%2C901%2C935%2C937%2C971%2C973%2C1007%2C1009%2C1043%2C1045%2C1079%2C1081%2C1280%2C1282%2C1380%2C1382%2C1581%2C1583%2C1595&lumis=1%2C659&lumis=1%2C194%2C197%2C702&lumis=1%2C75%2C77%2C86%2C89%2C90%2C93%2C280%2C282%2C1044&lumis=1%2C1195&lumis=1%2C31%2C33%2C411%2C414%2C436&lumis=41%2C1039&lumis=1%2C247%2C249%2C382&lumis=1%2C260&lumis=51%2C819&lumis=42%2C410&lumis=1%2C255%2C306%2C308&lumis=1%2C866&lumis=1%2C12&lumis=1%2C50&lumis=1%2C156&lumis=1%2C171&lumis=40%2C135&lumis=1%2C1481&lumis=63%2C63%2C97%2C188&lumis=1%2C1200&lumis=39%2C77&lumis=1%2C169&lumis=1%2C976&lumis=45%2C238&lumis=1%2C1&lumis=1%2C1386&lumis=45%2C330%2C332%2C908%2C910%2C991&lumis=3%2C35
DEBUG 2024-02-21 22:31:16.060 UTC: 	 Result: {'result': [{'RequestName': '240221_223116:mbuonsan_crab_SkimB4Mu_2023eraC-v3_stream5_Mini'}]}
INFO 2024-02-21 22:31:16.061 UTC: 	 Success: Your task has been delivered to the prod CRAB3 server.
INFO 2024-02-21 22:31:16.061 UTC: 	 Task name: 240221_223116:mbuonsan_crab_SkimB4Mu_2023eraC-v3_stream5_Mini
INFO 2024-02-21 22:31:16.061 UTC: 	 Project dir: crab_projects/crab_SkimB4Mu_2023eraC-v3_stream5_Mini
INFO 2024-02-21 22:31:16.061 UTC: 	 Please use ' crab status -d crab_projects/crab_SkimB4Mu_2023eraC-v3_stream5_Mini ' to check how the submission process proceeds.
DEBUG 2024-02-21 22:31:16.061 UTC: 	 About to return
INFO 2024-02-21 22:31:16.066 UTC: 	 Log file is /lustrehome/mbuonsante/B_4mu/CMSSW_13_0_13/src/B4muNtuplizer/CrabSubmission/2023_eraC-v3/crab_projects/crab_SkimB4Mu_2023eraC-v3_stream5_Mini/crab.log
DEBUG 2024-02-22 20:25:39.425 UTC: 	 CRAB Client version: v3.240110
DEBUG 2024-02-22 20:25:39.425 UTC: 	 Running on: Linux ui02.recas.ba.infn.it 3.10.0-1160.80.1.el7.x86_64 #1 SMP Tue Nov 8 15:48:59 UTC 2022 x86_64 x86_64 x86_64 GNU/Linux - CentOS Linux 7 (Core)
DEBUG 2024-02-22 20:25:39.425 UTC: 	 Executing command: 'resubmit'
DEBUG 2024-02-22 20:25:39.425 UTC: 	 Found CRAB cache file /lustrehome/mbuonsante/.crab3
DEBUG 2024-02-22 20:25:39.430 UTC: 	 Checking credentials
DEBUG 2024-02-22 20:25:39.430 UTC: 	 Found proxy file /tmp/x509up_u881331
DEBUG 2024-02-22 20:25:39.430 UTC: 	 Making sure it has proper VOMS extension
DEBUG 2024-02-22 20:25:39.430 UTC: 	 Executing command :
 voms-proxy-info --vo --file /tmp/x509up_u881331
DEBUG 2024-02-22 20:25:40.928 UTC: 	 output : cms

 error: 
 retcode : 0
DEBUG 2024-02-22 20:25:40.928 UTC: 	 Getting proxy life time left
DEBUG 2024-02-22 20:25:40.928 UTC: 	 Executing command :
 voms-proxy-info --actimeleft --timeleft --file /tmp/x509up_u881331
DEBUG 2024-02-22 20:25:42.731 UTC: 	 output : 400475
400474

 error: 
 retcode : 0
DEBUG 2024-02-22 20:25:42.731 UTC: 	 Proxy valid for 111:14:34 hours
DEBUG 2024-02-22 20:25:42.731 UTC: 	 Encoded data for curl request: subresource=delegatedn
DEBUG 2024-02-22 20:25:42.912 UTC: 	 Registering user credentials on myproxy for /DC=ch/DC=cern/OU=computers/CN=crab-(preprod|prod|dev)-tw(01|02|03).cern.ch|/DC=ch/DC=cern/OU=computers/CN=stefanov(m|m2).cern.ch|/DC=ch/DC=cern/OU=computers/CN=dciangot-tw.cern.ch
DEBUG 2024-02-22 20:25:42.912 UTC: 	 Executing command :
 voms-proxy-info --identity --file /tmp/x509up_u881331
DEBUG 2024-02-22 20:25:44.814 UTC: 	 output : /DC=ch/DC=cern/OU=Organic Units/OU=Users/CN=mbuonsan/CN=866052/CN=Marco Buonsante

 error: 
 retcode : 0
DEBUG 2024-02-22 20:25:44.815 UTC: 	 Getting myproxy life time left for db438794163ae221c16ac5cdc1e476b2bc2ff634
DEBUG 2024-02-22 20:25:44.815 UTC: 	 Executing command :
 myproxy-info -s myproxy.cern.ch -l db438794163ae221c16ac5cdc1e476b2bc2ff634
DEBUG 2024-02-22 20:25:45.164 UTC: 	 output : username: db438794163ae221c16ac5cdc1e476b2bc2ff634
owner: /DC=ch/DC=cern/OU=Organic Units/OU=Users/CN=mbuonsan/CN=866052/CN=Marco Buonsante
  renewal policy: /DC=ch/DC=cern/OU=computers/CN=crab-(preprod|prod|dev)-tw(01|02|03).cern.ch|/DC=ch/DC=cern/OU=computers/CN=stefanov(m|m2).cern.ch|/DC=ch/DC=cern/OU=computers/CN=dciangot-tw.cern.ch
  trusted retrieval policy: /DC=ch/DC=cern/OU=computers/CN=crab-(preprod|prod|dev)-tw(01|02|03).cern.ch|/DC=ch/DC=cern/OU=computers/CN=stefanov(m|m2).cern.ch|/DC=ch/DC=cern/OU=computers/CN=dciangot-tw.cern.ch
  timeleft: 471:15:42  (19.6 days)

 error: 
 retcode : 0
DEBUG 2024-02-22 20:25:45.165 UTC: 	 Myproxy is valid: 1696500
DEBUG 2024-02-22 20:25:45.165 UTC: 	 Result of myproxy credential check:
  Credential exists on myproxy: username: db438794163ae221c16ac5cdc1e476b2bc2ff634  - validity: 19 days, 15:15:00
DEBUG 2024-02-22 20:25:45.165 UTC: 	 Encoded data for curl request: subresource=search&workflow=240221_223116%3Ambuonsan_crab_SkimB4Mu_2023eraC-v3_stream5_Mini
DEBUG 2024-02-22 20:25:45.351 UTC: 	 Command use: resubmit
DEBUG 2024-02-22 20:25:45.351 UTC: 	 Options use: ['-d', 'crab_projects/crab_SkimB4Mu_2023eraC-v3_stream5_Mini']
DEBUG 2024-02-22 20:25:45.351 UTC: 	 Encoded data for curl request: subresource=version
DEBUG 2024-02-22 20:25:45.520 UTC: 	 CRABClient version: v3.240110
DEBUG 2024-02-22 20:25:45.521 UTC: 	 Instance is prod
DEBUG 2024-02-22 20:25:45.521 UTC: 	 Server base url is cmsweb.cern.ch
DEBUG 2024-02-22 20:25:45.521 UTC: 	 Command api workflow
DEBUG 2024-02-22 20:25:45.574 UTC: 	 CRAB Client version: v3.240110
DEBUG 2024-02-22 20:25:45.574 UTC: 	 Running on: Linux ui02.recas.ba.infn.it 3.10.0-1160.80.1.el7.x86_64 #1 SMP Tue Nov 8 15:48:59 UTC 2022 x86_64 x86_64 x86_64 GNU/Linux - CentOS Linux 7 (Core)
DEBUG 2024-02-22 20:25:45.574 UTC: 	 Executing command: 'status'
DEBUG 2024-02-22 20:25:45.574 UTC: 	 Found CRAB cache file /lustrehome/mbuonsante/.crab3
DEBUG 2024-02-22 20:25:45.577 UTC: 	 Checking credentials
DEBUG 2024-02-22 20:25:45.577 UTC: 	 Found proxy file /tmp/x509up_u881331
DEBUG 2024-02-22 20:25:45.578 UTC: 	 Making sure it has proper VOMS extension
DEBUG 2024-02-22 20:25:45.578 UTC: 	 Executing command :
 voms-proxy-info --vo --file /tmp/x509up_u881331
DEBUG 2024-02-22 20:25:47.269 UTC: 	 output : cms

 error: 
 retcode : 0
DEBUG 2024-02-22 20:25:47.270 UTC: 	 Getting proxy life time left
DEBUG 2024-02-22 20:25:47.270 UTC: 	 Executing command :
 voms-proxy-info --actimeleft --timeleft --file /tmp/x509up_u881331
DEBUG 2024-02-22 20:25:49.150 UTC: 	 output : 400468
400467

 error: 
 retcode : 0
DEBUG 2024-02-22 20:25:49.150 UTC: 	 Proxy valid for 111:14:27 hours
DEBUG 2024-02-22 20:25:49.151 UTC: 	 Encoded data for curl request: subresource=delegatedn
DEBUG 2024-02-22 20:25:49.341 UTC: 	 Registering user credentials on myproxy for /DC=ch/DC=cern/OU=computers/CN=crab-(preprod|prod|dev)-tw(01|02|03).cern.ch|/DC=ch/DC=cern/OU=computers/CN=stefanov(m|m2).cern.ch|/DC=ch/DC=cern/OU=computers/CN=dciangot-tw.cern.ch
DEBUG 2024-02-22 20:25:49.341 UTC: 	 Executing command :
 voms-proxy-info --identity --file /tmp/x509up_u881331
DEBUG 2024-02-22 20:25:50.899 UTC: 	 output : /DC=ch/DC=cern/OU=Organic Units/OU=Users/CN=mbuonsan/CN=866052/CN=Marco Buonsante

 error: 
 retcode : 0
DEBUG 2024-02-22 20:25:50.899 UTC: 	 Getting myproxy life time left for db438794163ae221c16ac5cdc1e476b2bc2ff634
DEBUG 2024-02-22 20:25:50.899 UTC: 	 Executing command :
 myproxy-info -s myproxy.cern.ch -l db438794163ae221c16ac5cdc1e476b2bc2ff634
DEBUG 2024-02-22 20:25:51.288 UTC: 	 output : username: db438794163ae221c16ac5cdc1e476b2bc2ff634
owner: /DC=ch/DC=cern/OU=Organic Units/OU=Users/CN=mbuonsan/CN=866052/CN=Marco Buonsante
  renewal policy: /DC=ch/DC=cern/OU=computers/CN=crab-(preprod|prod|dev)-tw(01|02|03).cern.ch|/DC=ch/DC=cern/OU=computers/CN=stefanov(m|m2).cern.ch|/DC=ch/DC=cern/OU=computers/CN=dciangot-tw.cern.ch
  trusted retrieval policy: /DC=ch/DC=cern/OU=computers/CN=crab-(preprod|prod|dev)-tw(01|02|03).cern.ch|/DC=ch/DC=cern/OU=computers/CN=stefanov(m|m2).cern.ch|/DC=ch/DC=cern/OU=computers/CN=dciangot-tw.cern.ch
  timeleft: 471:15:36  (19.6 days)

 error: 
 retcode : 0
DEBUG 2024-02-22 20:25:51.288 UTC: 	 Myproxy is valid: 1696500
DEBUG 2024-02-22 20:25:51.288 UTC: 	 Result of myproxy credential check:
  Credential exists on myproxy: username: db438794163ae221c16ac5cdc1e476b2bc2ff634  - validity: 19 days, 15:15:00
DEBUG 2024-02-22 20:25:51.288 UTC: 	 Retrieving username ...
DEBUG 2024-02-22 20:25:51.288 UTC: 	 Retrieving username from CRIC...
DEBUG 2024-02-22 20:25:52.325 UTC: 	 username is mbuonsan
INFO 2024-02-22 20:25:53.822 UTC: 	 Rucio client intialized for account mbuonsan
DEBUG 2024-02-22 20:25:53.822 UTC: 	 Command use: status
DEBUG 2024-02-22 20:25:53.822 UTC: 	 Options use: []
DEBUG 2024-02-22 20:25:53.822 UTC: 	 Encoded data for curl request: subresource=version
DEBUG 2024-02-22 20:25:53.990 UTC: 	 CRABClient version: v3.240110
DEBUG 2024-02-22 20:25:53.990 UTC: 	 Instance is prod
DEBUG 2024-02-22 20:25:53.990 UTC: 	 Server base url is cmsweb.cern.ch
DEBUG 2024-02-22 20:25:53.990 UTC: 	 Command api workflow
DEBUG 2024-02-22 20:25:53.991 UTC: 	 Encoded data for curl request: subresource=search&workflow=240221_223116%3Ambuonsan_crab_SkimB4Mu_2023eraC-v3_stream5_Mini
DEBUG 2024-02-22 20:25:54.181 UTC: 	 Got information from server oracle database: {'desc': {'columns': ['tm_taskname', 'tm_activity', 'panda_jobset_id', 'tm_task_status', 'tm_task_command', 'tm_start_time', 'tm_start_injection', 'tm_end_injection', 'tm_task_failure', 'tm_job_sw', 'tm_job_arch', 'tm_input_dataset', 'tm_nonvalid_input_dataset', 'tm_use_parent', 'tm_site_whitelist', 'tm_site_blacklist', 'tm_split_algo', 'tm_split_args', 'tm_user_sandbox', 'tm_cache_url', 'tm_username', 'tm_user_dn', 'tm_user_vo', 'tm_user_role', 'tm_user_group', 'tm_publish_name', 'tm_publish_groupname', 'tm_asyncdest', 'tm_dbs_url', 'tm_publish_dbs_url', 'tm_publication', 'tm_outfiles', 'tm_tfile_outfiles', 'tm_edm_outfiles', 'tm_job_type', 'tm_generator', 'tm_events_per_lumi', 'tm_arguments', 'panda_resubmitted_jobs', 'tm_save_logs', 'tw_name', 'tm_user_infiles', 'tm_maxjobruntime', 'tm_numcores', 'tm_maxmemory', 'tm_priority', 'tm_output_dataset', 'tm_task_warnings', 'tm_user_webdir', 'tm_scriptexe', 'tm_scriptargs', 'tm_extrajdl', 'tm_asourl', 'tm_collector', 'tm_schedd', 'tm_dry_run', 'tm_user_files', 'tm_transfer_outputs', 'tm_output_lfn', 'tm_ignore_locality', 'tm_fail_limit', 'tm_one_event_mode', 'tm_secondary_input_dataset', 'tm_primary_dataset', 'tm_last_publication', 'tm_debug_files', 'clusterid', 'tm_asodb', 'tm_ignore_global_blacklist', 'tm_submitter_ip_addr', 'tm_totalunits', 'tm_ddm_reqid', 'tm_user_config', 'tm_transfer_container', 'tm_transfer_rule', 'tm_publish_rule', 'tm_multipub_rule']}, 'result': ['240221_223116:mbuonsan_crab_SkimB4Mu_2023eraC-v3_stream5_Mini', 'None', 'None', 'SUBMITTED', 'SUBMIT', '2024-02-21 22:31:16.039841', 'None', '2024-02-21 22:33:48.704950', 'None', 'CMSSW_13_0_13', 'slc7_amd64_gcc11', '/ParkingDoubleMuonLowMass5/Run2023C-22Sep2023_v3-v1/MINIAOD', 'T', '0', '[]', '[]', 'LumiBased', "{'halt_job_on_file_boundaries': False, 'splitOnRun': False, 'lumis_per_job': 50, 'runs': ['367095', '367100', '367102', '367103', '367104', '367111', '367112', '367127', '367128', '367129', '367130', '367131', '367133', '367228', '367229', '367230', '367231', '367232', '367234', '367260', '367262', '367263', '367264', '367267', '367269', '367270', '367271', '367312', '367314', '367315', '367334', '367336', '367337', '367355', '367406', '367413', '367415', '367416', '367475', '367477', '367515', '367516', '367552', '367553', '367554', '367615', '367618', '367619', '367661', '367662', '367663', '367665', '367666', '367691', '367696', '367699', '367730', '367742', '367758', '367770', '367771', '367772', '367790', '367831', '367836', '367838', '367840', '367881', '367883', '367884', '367902', '367904', '367905', '367906', '367907', '367908', '367910', '368223', '368224', '368229', '368318', '368320', '368321', '368332', '368333', '368343', '368382', '368384', '368388', '368389', '368400', '368410', '368412', '368423', '368451', '368453', '368454', '368489', '368546', '368547', '368548', '368566', '368567', '368609', '368611', '368613', '368636', '368669', '368670', '368672', '368674', '368675', '368676', '368678', '368684', '368685', '368723', '368724', '368746', '368749', '368753', '368762', '368764', '368765', '368822', '368823'], 'lumis': ['1,564', '45,390', '1,75', '1,64', '1,1082', '51,338', '1,1438', '18,350', '1,2,6,6,11,12,14,15', '1,3', '1,2,6,9,13,126,135,167', '1,149', '1,275', '55,280,285,287,292,294,298,304', '1,34', '1,1', '1,22', '1,996', '1,501', '52,69,72,240', '1,42,49,119,123,271', '10,21', '1,847', '45,322', '1,33', '1,961', '1,135', '53,225,227,269', '1,20', '1,893', '26,324', '1,169', '1,1046', '60,63', '48,476', '68,448,450,467,469,746,748,750,752,898,900,1340,1342,1367', '1,97', '1,55', '56,634', '1,1289', '44,668', '1,1236', '49,59', '1,644', '1,312', '53,484', '18,341', '1,300,302,501,503,579', '50,366', '1,18', '1,1', '1,271', '1,11,16,86', '46,204', '1,856,858,1920', '1,151', '48,562', '39,443', '52,767', '47,198', '1,91', '1,6', '1,160', '53,504', '48,588', '1,793', '1,570', '14,152', '1,1050', '1,1011', '42,273', '1,103', '1,48', '1,344', '1,119', '1,358', '1,593', '45,437,445,487', '1,57', '52,569', '37,319', '1,285', '1,337', '1,14', '1,25', '1,328', '37,792', '1,44', '39,444,448,1431,1434,1472', '1,198', '40,271', '49,1501', '1,92', '42,159,161,516', '1,144', '1,5', '1,68,72,1168', '47,791,793,827,829,863,865,899,901,935,937,971,973,1007,1009,1043,1045,1079,1081,1280,1282,1380,1382,1581,1583,1595', '1,659', '1,194,197,702', '1,75,77,86,89,90,93,280,282,1044', '1,1195', '1,31,33,411,414,436', '41,1039', '1,247,249,382', '1,260', '51,819', '42,410', '1,255,306,308', '1,866', '1,12', '1,50', '1,156', '1,171', '40,135', '1,1481', '63,63,97,188', '1,1200', '39,77', '1,169', '1,976', '45,238', '1,1', '1,1386', '45,330,332,908,910,991', '3,35']}", 'c21f585968b676319b78458a8dfff0d78967d784c1d5d78343c5cdc38d3be0e5.tar.gz', 'https://cmsweb.cern.ch/S3/crabcache_prod', 'mbuonsan', '/DC=ch/DC=cern/OU=Organic Units/OU=Users/CN=mbuonsan/CN=866052/CN=Marco Buonsante', 'cms', 'None', 'None', 'SkimB4Mu_2023eraC-v3_stream5_Mini-00000000000000000000000000000000', 'F', 'T2_IT_Bari', 'https://cmsweb.cern.ch/dbs/prod/global/DBSReader', 'https://cmsweb.cern.ch/dbs/prod/phys03/DBSWriter', 'T', '[]', "['TreeData.root']", '[]', 'Analysis', 'pythia', 'None', '{}', 'None', 'F', 'crab-prod-tw01', '[]', '1250', '1', '2000', '10', "['/FakeDataset/fakefile-FakePublish-a8c15fe55f15354b8a0b4683f60ec848/USER']", '[]', 'http://vocms0137.cern.ch/mon/mbuonsan/240221_223116:mbuonsan_crab_SkimB4Mu_2023eraC-v3_stream5_Mini', 'None', '[]', '[]', 'None', 'cmsgwms-collector-global.cern.ch:9620,cmsgwms-collector-global.fnal.gov:9620', 'crab3@vocms0137.cern.ch', 'F', '[]', 'T', '/store/user/mbuonsan/', 'F', 'None', 'F', 'None', 'ParkingDoubleMuonLowMass5', 'None', '2f45f9413b3e03ed0c8203b927364e849de8b25bea1fa86b78ef52ed0f88e251.tar.gz', '101954462', 'None', 'T', '188.185.101.116', '0.0', 'None', '{"partialdataset": false, "requireaccelerator": false, "acceleratorparams": null, "inputblocks": null}', 'None', 'None', 'None', 'None']}
INFO 2024-02-22 20:25:54.181 UTC: 	 CRAB project directory:		/lustrehome/mbuonsante/B_4mu/CMSSW_13_0_13/src/B4muNtuplizer/CrabSubmission/2023_eraC-v3/crab_projects/crab_SkimB4Mu_2023eraC-v3_stream5_Mini
INFO 2024-02-22 20:25:54.181 UTC: 	 Task name:			240221_223116:mbuonsan_crab_SkimB4Mu_2023eraC-v3_stream5_Mini
INFO 2024-02-22 20:25:54.181 UTC: 	 Grid scheduler - Task Worker:	crab3@vocms0137.cern.ch - crab-prod-tw01
INFO 2024-02-22 20:25:54.181 UTC: 	 Status on the CRAB server:	SUBMITTED
INFO 2024-02-22 20:25:54.182 UTC: 	 Task URL to use for HELP:	https://cmsweb.cern.ch/crabserver/ui/task/240221_223116%3Ambuonsan_crab_SkimB4Mu_2023eraC-v3_stream5_Mini
INFO 2024-02-22 20:25:54.191 UTC: 	 Dashboard monitoring URL:	https://monit-grafana.cern.ch/d/cmsTMDetail/cms-task-monitoring-task-view?orgId=11&var-user=mbuonsan&var-task=240221_223116%3Ambuonsan_crab_SkimB4Mu_2023eraC-v3_stream5_Mini&from=1708551076000&to=now
DEBUG 2024-02-22 20:25:54.191 UTC: 	 The CRAB server submitted your task to the Grid scheduler (cluster ID: 101954462)
DEBUG 2024-02-22 20:25:54.191 UTC: 	 Webdir is located at http://vocms0137.cern.ch/mon/mbuonsan/240221_223116:mbuonsan_crab_SkimB4Mu_2023eraC-v3_stream5_Mini
DEBUG 2024-02-22 20:25:54.191 UTC: 	 Encoded data for curl request: subresource=webdirprx&workflow=240221_223116%3Ambuonsan_crab_SkimB4Mu_2023eraC-v3_stream5_Mini
DEBUG 2024-02-22 20:25:54.358 UTC: 	 Proxied webdir is located at https://cmsweb.cern.ch:8443/scheddmon/0137/mbuonsan/240221_223116:mbuonsan_crab_SkimB4Mu_2023eraC-v3_stream5_Mini
DEBUG 2024-02-22 20:25:54.358 UTC: 	 Retrieving 'status_cache' file from https://cmsweb.cern.ch:8443/scheddmon/0137/mbuonsan/240221_223116:mbuonsan_crab_SkimB4Mu_2023eraC-v3_stream5_Mini/status_cache.pkl
DEBUG 2024-02-22 20:25:54.358 UTC: 	 Will execute:
curl -sS --capath /etc/grid-security/certificates --cert /tmp/x509up_u881331 --key /tmp/x509up_u881331 -o /tmp/crab_status-cache-ce92x_47.pkl -w %"{http_code}" "https://cmsweb.cern.ch:8443/scheddmon/0137/mbuonsan/240221_223116:mbuonsan_crab_SkimB4Mu_2023eraC-v3_stream5_Mini/status_cache.pkl"
DEBUG 2024-02-22 20:25:54.358 UTC: 	 Executing command :
 curl -sS --capath /etc/grid-security/certificates --cert /tmp/x509up_u881331 --key /tmp/x509up_u881331 -o /tmp/crab_status-cache-ce92x_47.pkl -w %"{http_code}" "https://cmsweb.cern.ch:8443/scheddmon/0137/mbuonsan/240221_223116:mbuonsan_crab_SkimB4Mu_2023eraC-v3_stream5_Mini/status_cache.pkl"
DEBUG 2024-02-22 20:25:54.574 UTC: 	 output : 200
 error: 
 retcode : 0
DEBUG 2024-02-22 20:25:54.574 UTC: 	 exitcode: 0
stdout: 200
stderr: 
error details: 
DEBUG 2024-02-22 20:25:54.576 UTC: 	 Got information from status cache file: {'3': {'Retries': 0, 'Restarts': 0, 'SiteHistory': ['Unknown', 'T2_US_Caltech', 'T2_US_Caltech'], 'ResidentSetSize': [1503448], 'SubmitTimes': [1708554833.0], 'StartTimes': [1708555057.0], 'EndTimes': [1708560862.0], 'TotalUserCpuTimeHistory': [3351], 'TotalSysCpuTimeHistory': [90], 'WallDurations': [9.0, 138.2043435573578, 5805.0], 'JobIds': ['101954465.0'], 'State': 'finished', 'RecordedSite': True}, '1': {'Retries': 0, 'Restarts': 0, 'SiteHistory': ['Unknown', 'T1_US_FNAL', 'T1_US_FNAL'], 'ResidentSetSize': [1263372], 'SubmitTimes': [1708554833.0], 'StartTimes': [1708555396.0], 'EndTimes': [1708558562.0], 'TotalUserCpuTimeHistory': [2294], 'TotalSysCpuTimeHistory': [53], 'WallDurations': [10.0, 99.49735903739929, 3166.0], 'JobIds': ['101954466.0'], 'State': 'finished', 'RecordedSite': True}, '2': {'Retries': 0, 'Restarts': 0, 'SiteHistory': ['Unknown', 'T2_IT_Rome', 'T2_IT_Rome'], 'ResidentSetSize': [1246356], 'SubmitTimes': [1708554833.0], 'StartTimes': [1708555199.0], 'EndTimes': [1708555480.0], 'TotalUserCpuTimeHistory': [218], 'TotalSysCpuTimeHistory': [8], 'WallDurations': [281.0, 296.4973590373993, 296.4973590373993], 'JobIds': ['101954467.0'], 'State': 'finished', 'RecordedSite': True}, '4': {'Retries': 0, 'Restarts': 0, 'SiteHistory': ['Unknown', 'T2_US_Caltech', 'T2_US_Caltech'], 'ResidentSetSize': [1609896], 'SubmitTimes': [1708554833.0], 'StartTimes': [1708555055.0], 'EndTimes': [1708557374.0], 'TotalUserCpuTimeHistory': [1931], 'TotalSysCpuTimeHistory': [42], 'WallDurations': [10.0, 140.2043435573578, 2319.0], 'JobIds': ['101954468.0'], 'State': 'finished', 'RecordedSite': True}, '5': {'Retries': 1, 'Restarts': 0, 'SiteHistory': ['Unknown', 'T2_US_Caltech', 'T2_US_Caltech', 'T1_US_FNAL', 'T1_US_FNAL'], 'ResidentSetSize': [1563620, 1309504], 'SubmitTimes': [1708554833.0, 1708558456.0], 'StartTimes': [1708555055.0, 1708558468.0], 'EndTimes': [1708556581.0, 1708559653.0], 'TotalUserCpuTimeHistory': [1231, 1038], 'TotalSysCpuTimeHistory': [35, 32], 'WallDurations': [9.0, 140.2043435573578, 1526.0, 9.0, 1185.0], 'JobIds': ['101954469.0', '101956135.0'], 'State': 'finished', 'RecordedSite': True}, '7': {'Retries': 0, 'Restarts': 0, 'SiteHistory': ['Unknown', 'T1_US_FNAL', 'T1_US_FNAL'], 'ResidentSetSize': [1040800], 'SubmitTimes': [1708554833.0], 'StartTimes': [1708555391.0], 'EndTimes': [1708556149.0], 'TotalUserCpuTimeHistory': [592], 'TotalSysCpuTimeHistory': [21], 'WallDurations': [9.0, 104.49735903739929, 758.0], 'JobIds': ['101954470.0'], 'State': 'finished', 'RecordedSite': True}, '8': {'Retries': 0, 'Restarts': 0, 'SiteHistory': ['Unknown', 'T1_US_FNAL', 'T1_US_FNAL'], 'ResidentSetSize': [1162196], 'SubmitTimes': [1708554833.0], 'StartTimes': [1708555396.0], 'EndTimes': [1708558134.0], 'TotalUserCpuTimeHistory': [2319], 'TotalSysCpuTimeHistory': [131], 'WallDurations': [9.0, 99.49735903739929, 2738.0], 'JobIds': ['101954471.0'], 'State': 'finished', 'RecordedSite': True}, '6': {'Retries': 0, 'Restarts': 0, 'SiteHistory': ['Unknown', 'T2_US_Caltech', 'T2_US_Caltech'], 'ResidentSetSize': [1551344], 'SubmitTimes': [1708554833.0], 'StartTimes': [1708555054.0], 'EndTimes': [1708556343.0], 'TotalUserCpuTimeHistory': [1046], 'TotalSysCpuTimeHistory': [23], 'WallDurations': [9.0, 141.2043435573578, 1289.0], 'JobIds': ['101954472.0'], 'State': 'finished', 'RecordedSite': True}, '9': {'Retries': 0, 'Restarts': 0, 'SiteHistory': ['Unknown', 'T1_US_FNAL', 'T1_US_FNAL'], 'ResidentSetSize': [50764], 'SubmitTimes': [1708554833.0], 'StartTimes': [1708555396.0], 'EndTimes': [1708555679.0], 'TotalUserCpuTimeHistory': [147], 'TotalSysCpuTimeHistory': [5], 'WallDurations': [9.0, 99.49735903739929, 283.0], 'JobIds': ['101954473.0'], 'State': 'finished', 'RecordedSite': True}, '12': {'Retries': 0, 'Restarts': 0, 'SiteHistory': ['Unknown', 'T1_US_FNAL', 'T1_US_FNAL'], 'ResidentSetSize': [1120248], 'SubmitTimes': [1708554833.0], 'StartTimes': [1708555393.0], 'EndTimes': [1708557035.0], 'TotalUserCpuTimeHistory': [1121], 'TotalSysCpuTimeHistory': [27], 'WallDurations': [9.0, 102.49735903739929, 1642.0], 'JobIds': ['101954474.0'], 'State': 'finished', 'RecordedSite': True}, '13': {'Retries': 0, 'Restarts': 0, 'SiteHistory': ['Unknown', 'T1_US_FNAL', 'T1_US_FNAL'], 'ResidentSetSize': [1093756], 'SubmitTimes': [1708554833.0], 'StartTimes': [1708555397.0], 'EndTimes': [1708557441.0], 'TotalUserCpuTimeHistory': [1463], 'TotalSysCpuTimeHistory': [45], 'WallDurations': [10.0, 98.49735903739929, 2044.0], 'JobIds': ['101954475.0'], 'State': 'finished', 'RecordedSite': True}, '11': {'Retries': 0, 'Restarts': 0, 'SiteHistory': ['Unknown', 'T1_US_FNAL', 'T1_US_FNAL'], 'ResidentSetSize': [1250956], 'SubmitTimes': [1708554833.0], 'StartTimes': [1708555395.0], 'EndTimes': [1708558116.0], 'TotalUserCpuTimeHistory': [2421], 'TotalSysCpuTimeHistory': [68], 'WallDurations': [9.0, 100.49735903739929, 2721.0], 'JobIds': ['101954476.0'], 'State': 'finished', 'RecordedSite': True}, '15': {'Retries': 1, 'Restarts': 0, 'SiteHistory': ['Unknown', 'T1_US_FNAL', 'T1_US_FNAL', 'T1_US_FNAL', 'T1_US_FNAL'], 'ResidentSetSize': [1179532, 1481272], 'SubmitTimes': [1708554833.0, 1708558371.0], 'StartTimes': [1708555396.0, 1708558390.0], 'EndTimes': [1708556498.0, 1708560057.0], 'TotalUserCpuTimeHistory': [941, 1023], 'TotalSysCpuTimeHistory': [27, 28], 'WallDurations': [9.0, 99.49735903739929, 1102.0, 9.0, 1667.0], 'JobIds': ['101954477.0', '101956127.0'], 'State': 'finished', 'RecordedSite': True}, '17': {'Retries': 0, 'Restarts': 0, 'SiteHistory': ['Unknown', 'T1_US_FNAL', 'T1_US_FNAL'], 'ResidentSetSize': [992048], 'SubmitTimes': [1708554833.0], 'StartTimes': [1708555391.0], 'EndTimes': [1708556662.0], 'TotalUserCpuTimeHistory': [1096], 'TotalSysCpuTimeHistory': [28], 'WallDurations': [9.0, 104.49735903739929, 1271.0], 'JobIds': ['101954478.0'], 'State': 'finished', 'RecordedSite': True}, '18': {'Retries': 0, 'Restarts': 0, 'SiteHistory': ['Unknown', 'T1_US_FNAL', 'T1_US_FNAL'], 'ResidentSetSize': [1300788], 'SubmitTimes': [1708554833.0], 'StartTimes': [1708555394.0], 'EndTimes': [1708558918.0], 'TotalUserCpuTimeHistory': [2542], 'TotalSysCpuTimeHistory': [115], 'WallDurations': [10.0, 101.49735903739929, 3524.0], 'JobIds': ['101954479.0'], 'State': 'finished', 'RecordedSite': True}, '19': {'Retries': 0, 'Restarts': 0, 'SiteHistory': ['Unknown', 'T1_US_FNAL', 'T1_US_FNAL'], 'ResidentSetSize': [1284508], 'SubmitTimes': [1708554834.0], 'StartTimes': [1708555394.0], 'EndTimes': [1708558469.0], 'TotalUserCpuTimeHistory': [2435], 'TotalSysCpuTimeHistory': [74], 'WallDurations': [10.0, 101.49735903739929, 3075.0], 'JobIds': ['101954480.0'], 'State': 'finished', 'RecordedSite': True}, '10': {'Retries': 0, 'Restarts': 0, 'SiteHistory': ['Unknown', 'T1_US_FNAL', 'T1_US_FNAL'], 'ResidentSetSize': [1281172], 'SubmitTimes': [1708554834.0], 'StartTimes': [1708555397.0], 'EndTimes': [1708557489.0], 'TotalUserCpuTimeHistory': [1805], 'TotalSysCpuTimeHistory': [48], 'WallDurations': [9.0, 98.49735903739929, 2092.0], 'JobIds': ['101954481.0'], 'State': 'finished', 'RecordedSite': True}, '14': {'Retries': 0, 'Restarts': 0, 'SiteHistory': ['Unknown', 'T1_US_FNAL', 'T1_US_FNAL'], 'ResidentSetSize': [1266344], 'SubmitTimes': [1708554834.0], 'StartTimes': [1708555454.0], 'EndTimes': [1708565909.0], 'TotalUserCpuTimeHistory': [5538], 'TotalSysCpuTimeHistory': [1262], 'WallDurations': [14.0, 41.49735903739929, 10455.0], 'JobIds': ['101954482.0'], 'State': 'finished', 'RecordedSite': True}, '16': {'Retries': 0, 'Restarts': 0, 'SiteHistory': ['Unknown', 'T1_US_FNAL', 'T1_US_FNAL'], 'ResidentSetSize': [1173928], 'SubmitTimes': [1708554834.0], 'StartTimes': [1708555391.0], 'EndTimes': [1708557582.0], 'TotalUserCpuTimeHistory': [1900], 'TotalSysCpuTimeHistory': [56], 'WallDurations': [10.0, 104.49735903739929, 2191.0], 'JobIds': ['101954483.0'], 'State': 'finished', 'RecordedSite': True}, '20': {'Retries': 0, 'Restarts': 0, 'SiteHistory': ['Unknown', 'T1_US_FNAL', 'T1_US_FNAL'], 'ResidentSetSize': [1258836], 'SubmitTimes': [1708554839.0], 'StartTimes': [1708555394.0], 'EndTimes': [1708558277.0], 'TotalUserCpuTimeHistory': [2598], 'TotalSysCpuTimeHistory': [62], 'WallDurations': [10.0, 101.49735903739929, 2883.0], 'JobIds': ['101954484.0'], 'State': 'finished', 'RecordedSite': True}, '21': {'Retries': 0, 'Restarts': 0, 'SiteHistory': ['Unknown', 'T1_US_FNAL', 'T1_US_FNAL'], 'ResidentSetSize': [1441704], 'SubmitTimes': [1708554839.0], 'StartTimes': [1708555393.0], 'EndTimes': [1708558068.0], 'TotalUserCpuTimeHistory': [1740], 'TotalSysCpuTimeHistory': [54], 'WallDurations': [9.0, 102.49735903739929, 2675.0], 'JobIds': ['101954485.0'], 'State': 'finished', 'RecordedSite': True}, '22': {'Retries': 0, 'Restarts': 0, 'SiteHistory': ['Unknown', 'T1_US_FNAL', 'T1_US_FNAL'], 'ResidentSetSize': [1160684], 'SubmitTimes': [1708554839.0], 'StartTimes': [1708555395.0], 'EndTimes': [1708556488.0], 'TotalUserCpuTimeHistory': [888], 'TotalSysCpuTimeHistory': [25], 'WallDurations': [9.0, 100.49735903739929, 1093.0], 'JobIds': ['101954486.0'], 'State': 'finished', 'RecordedSite': True}, '23': {'Retries': 0, 'Restarts': 0, 'SiteHistory': ['Unknown', 'T1_US_FNAL', 'T1_US_FNAL'], 'ResidentSetSize': [1154888], 'SubmitTimes': [1708554839.0], 'StartTimes': [1708555392.0], 'EndTimes': [1708557570.0], 'TotalUserCpuTimeHistory': [1918], 'TotalSysCpuTimeHistory': [66], 'WallDurations': [10.0, 103.49735903739929, 2178.0], 'JobIds': ['101954487.0'], 'State': 'finished', 'RecordedSite': True}, '24': {'Retries': 0, 'Restarts': 0, 'SiteHistory': ['Unknown', 'T2_US_Vanderbilt', 'T2_US_Vanderbilt'], 'ResidentSetSize': [1243876], 'SubmitTimes': [1708554839.0], 'StartTimes': [1708555052.0], 'EndTimes': [1708556397.0], 'TotalUserCpuTimeHistory': [712], 'TotalSysCpuTimeHistory': [21], 'WallDurations': [9.0, 143.2043435573578, 1345.0], 'JobIds': ['101954488.0'], 'State': 'finished', 'RecordedSite': True}, '25': {'Retries': 0, 'Restarts': 0, 'SiteHistory': ['Unknown', 'T2_US_Vanderbilt', 'T2_US_Vanderbilt'], 'ResidentSetSize': [1233552], 'SubmitTimes': [1708554839.0], 'StartTimes': [1708555053.0], 'EndTimes': [1708558221.0], 'TotalUserCpuTimeHistory': [2002], 'TotalSysCpuTimeHistory': [60], 'WallDurations': [10.0, 142.2043435573578, 3168.0], 'JobIds': ['101954489.0'], 'State': 'finished', 'RecordedSite': True}, '26': {'Retries': 0, 'Restarts': 0, 'SiteHistory': ['Unknown', 'T2_US_Vanderbilt', 'T2_US_Vanderbilt'], 'ResidentSetSize': [1262156], 'SubmitTimes': [1708554839.0], 'StartTimes': [1708555052.0], 'EndTimes': [1708558471.0], 'TotalUserCpuTimeHistory': [2563], 'TotalSysCpuTimeHistory': [75], 'WallDurations': [10.0, 143.2043435573578, 3419.0], 'JobIds': ['101954490.0'], 'State': 'finished', 'RecordedSite': True}, '27': {'Retries': 0, 'Restarts': 0, 'SiteHistory': ['Unknown', 'T2_US_Vanderbilt', 'T2_US_Vanderbilt'], 'ResidentSetSize': [1263580], 'SubmitTimes': [1708554839.0], 'StartTimes': [1708555049.0], 'EndTimes': [1708560525.0], 'TotalUserCpuTimeHistory': [4747], 'TotalSysCpuTimeHistory': [154], 'WallDurations': [9.0, 146.2043435573578, 5476.0], 'JobIds': ['101954491.0'], 'State': 'finished', 'RecordedSite': True}, '28': {'Retries': 0, 'Restarts': 0, 'SiteHistory': ['Unknown', 'T2_US_Vanderbilt', 'T2_US_Vanderbilt'], 'ResidentSetSize': [1250324], 'SubmitTimes': [1708554840.0], 'StartTimes': [1708555051.0], 'EndTimes': [1708558223.0], 'TotalUserCpuTimeHistory': [2453], 'TotalSysCpuTimeHistory': [82], 'WallDurations': [10.0, 144.2043435573578, 3172.0], 'JobIds': ['101954492.0'], 'State': 'finished', 'RecordedSite': True}, '29': {'Retries': 0, 'Restarts': 0, 'SiteHistory': ['Unknown', 'T2_US_Vanderbilt', 'T2_US_Vanderbilt'], 'ResidentSetSize': [1193852], 'SubmitTimes': [1708554840.0], 'StartTimes': [1708555051.0], 'EndTimes': [1708556182.0], 'TotalUserCpuTimeHistory': [790], 'TotalSysCpuTimeHistory': [32], 'WallDurations': [9.0, 144.2043435573578, 1131.0], 'JobIds': ['101954493.0'], 'State': 'finished', 'RecordedSite': True}, '30': {'Retries': 0, 'Restarts': 0, 'SiteHistory': ['Unknown', 'T2_US_Vanderbilt', 'T2_US_Vanderbilt'], 'ResidentSetSize': [1184604], 'SubmitTimes': [1708554840.0], 'StartTimes': [1708555055.0], 'EndTimes': [1708556210.0], 'TotalUserCpuTimeHistory': [676], 'TotalSysCpuTimeHistory': [30], 'WallDurations': [9.0, 140.2043435573578, 1155.0], 'JobIds': ['101954494.0'], 'State': 'finished', 'RecordedSite': True}, '31': {'Retries': 1, 'Restarts': 0, 'SiteHistory': ['Unknown', 'T2_US_Vanderbilt', 'T2_US_Vanderbilt', 'T2_US_Vanderbilt', 'T2_US_Vanderbilt'], 'ResidentSetSize': [1262656, 1262452], 'SubmitTimes': [1708554840.0, 1708558506.0], 'StartTimes': [1708555052.0, 1708558513.0], 'EndTimes': [1708556633.0, 1708560301.0], 'TotalUserCpuTimeHistory': [1073, 1373], 'TotalSysCpuTimeHistory': [33, 36], 'WallDurations': [9.0, 143.2043435573578, 1581.0, 9.0, 1788.0], 'JobIds': ['101954495.0', '101956140.0'], 'State': 'finished', 'RecordedSite': True}, '32': {'Retries': 0, 'Restarts': 0, 'SiteHistory': ['Unknown', 'T2_US_Vanderbilt', 'T2_US_Vanderbilt'], 'ResidentSetSize': [1243724], 'SubmitTimes': [1708554840.0], 'StartTimes': [1708555052.0], 'EndTimes': [1708558097.0], 'TotalUserCpuTimeHistory': [2411], 'TotalSysCpuTimeHistory': [57], 'WallDurations': [10.0, 143.2043435573578, 3045.0], 'JobIds': ['101954496.0'], 'State': 'finished', 'RecordedSite': True}, '33': {'Retries': 0, 'Restarts': 0, 'SiteHistory': ['Unknown', 'T2_US_Vanderbilt', 'T2_US_Vanderbilt'], 'ResidentSetSize': [1242284], 'SubmitTimes': [1708554840.0], 'StartTimes': [1708555052.0], 'EndTimes': [1708558706.0], 'TotalUserCpuTimeHistory': [3005], 'TotalSysCpuTimeHistory': [69], 'WallDurations': [9.0, 143.2043435573578, 3654.0], 'JobIds': ['101954497.0'], 'State': 'finished', 'RecordedSite': True}, '34': {'Retries': 0, 'Restarts': 0, 'SiteHistory': ['Unknown', 'T2_US_Vanderbilt', 'T2_US_Vanderbilt'], 'ResidentSetSize': [1227868], 'SubmitTimes': [1708554840.0], 'StartTimes': [1708555052.0], 'EndTimes': [1708559732.0], 'TotalUserCpuTimeHistory': [2817], 'TotalSysCpuTimeHistory': [77], 'WallDurations': [9.0, 143.2043435573578, 4680.0], 'JobIds': ['101954498.0'], 'State': 'finished', 'RecordedSite': True}, '35': {'Retries': 0, 'Restarts': 0, 'SiteHistory': ['Unknown', 'T2_US_Vanderbilt', 'T2_US_Vanderbilt'], 'ResidentSetSize': [1244796], 'SubmitTimes': [1708554840.0], 'StartTimes': [1708555052.0], 'EndTimes': [1708557752.0], 'TotalUserCpuTimeHistory': [1933], 'TotalSysCpuTimeHistory': [66], 'WallDurations': [9.0, 143.2043435573578, 2700.0], 'JobIds': ['101954499.0'], 'State': 'finished', 'RecordedSite': True}, '36': {'Retries': 0, 'Restarts': 0, 'SiteHistory': ['Unknown', 'T2_US_Vanderbilt', 'T2_US_Vanderbilt'], 'ResidentSetSize': [969924], 'SubmitTimes': [1708554840.0], 'StartTimes': [1708555053.0], 'EndTimes': [1708555812.0], 'TotalUserCpuTimeHistory': [494], 'TotalSysCpuTimeHistory': [16], 'WallDurations': [9.0, 142.2043435573578, 759.0], 'JobIds': ['101954500.0'], 'State': 'finished', 'RecordedSite': True}, '37': {'Retries': 0, 'Restarts': 0, 'SiteHistory': ['Unknown', 'T1_US_FNAL', 'T1_US_FNAL'], 'ResidentSetSize': [1003896], 'SubmitTimes': [1708554840.0], 'StartTimes': [1708555391.0], 'EndTimes': [1708556322.0], 'TotalUserCpuTimeHistory': [802], 'TotalSysCpuTimeHistory': [21], 'WallDurations': [10.0, 104.49735903739929, 931.0], 'JobIds': ['101954501.0'], 'State': 'finished', 'RecordedSite': True}, '38': {'Retries': 0, 'Restarts': 0, 'SiteHistory': ['Unknown', 'T2_US_Wisconsin', 'T2_US_Wisconsin'], 'ResidentSetSize': [1560568], 'SubmitTimes': [1708554840.0], 'StartTimes': [1708555051.0], 'EndTimes': [1708555290.0], 'TotalUserCpuTimeHistory': [165], 'TotalSysCpuTimeHistory': [6], 'WallDurations': [9.0, 144.2043435573578, 239.0], 'JobIds': ['101954502.0'], 'State': 'finished', 'RecordedSite': True}, '39': {'Retries': 0, 'Restarts': 0, 'SiteHistory': ['Unknown', 'T2_US_Vanderbilt', 'T2_US_Vanderbilt'], 'ResidentSetSize': [1257060], 'SubmitTimes': [1708554840.0], 'StartTimes': [1708555051.0], 'EndTimes': [1708556922.0], 'TotalUserCpuTimeHistory': [1358], 'TotalSysCpuTimeHistory': [47], 'WallDurations': [9.0, 144.2043435573578, 1871.0], 'JobIds': ['101954503.0'], 'State': 'finished', 'RecordedSite': True}, '42': {'Retries': 0, 'Restarts': 0, 'SiteHistory': ['Unknown', 'T1_US_FNAL', 'T1_US_FNAL'], 'ResidentSetSize': [1179724], 'SubmitTimes': [1708554840.0], 'StartTimes': [1708555399.0], 'EndTimes': [1708557666.0], 'TotalUserCpuTimeHistory': [1519], 'TotalSysCpuTimeHistory': [57], 'WallDurations': [10.0, 96.49735903739929, 2267.0], 'JobIds': ['101954504.0'], 'State': 'finished', 'RecordedSite': True}, '41': {'Retries': 0, 'Restarts': 0, 'SiteHistory': ['Unknown', 'T2_US_Vanderbilt', 'T2_US_Vanderbilt'], 'ResidentSetSize': [1149208], 'SubmitTimes': [1708554840.0], 'StartTimes': [1708555051.0], 'EndTimes': [1708555210.0], 'TotalUserCpuTimeHistory': [77], 'TotalSysCpuTimeHistory': [6], 'WallDurations': [9.0, 144.2043435573578, 159.0], 'JobIds': ['101954505.0'], 'State': 'finished', 'RecordedSite': True}, '43': {'Retries': 0, 'Restarts': 0, 'SiteHistory': ['Unknown', 'T1_US_FNAL', 'T1_US_FNAL'], 'ResidentSetSize': [1257684], 'SubmitTimes': [1708554840.0], 'StartTimes': [1708555390.0], 'EndTimes': [1708558486.0], 'TotalUserCpuTimeHistory': [2825], 'TotalSysCpuTimeHistory': [63], 'WallDurations': [9.0, 105.49735903739929, 3096.0], 'JobIds': ['101954506.0'], 'State': 'finished', 'RecordedSite': True}, '44': {'Retries': 0, 'Restarts': 0, 'SiteHistory': ['Unknown', 'T1_US_FNAL', 'T1_US_FNAL'], 'ResidentSetSize': [1256816], 'SubmitTimes': [1708554840.0], 'StartTimes': [1708555396.0], 'EndTimes': [1708558395.0], 'TotalUserCpuTimeHistory': [2430], 'TotalSysCpuTimeHistory': [63], 'WallDurations': [9.0, 99.49735903739929, 2999.0], 'JobIds': ['101954507.0'], 'State': 'finished', 'RecordedSite': True}, '45': {'Retries': 0, 'Restarts': 0, 'SiteHistory': ['Unknown', 'T1_US_FNAL', 'T1_US_FNAL'], 'ResidentSetSize': [1174940], 'SubmitTimes': [1708554840.0], 'StartTimes': [1708555390.0], 'EndTimes': [1708557237.0], 'TotalUserCpuTimeHistory': [1332], 'TotalSysCpuTimeHistory': [31], 'WallDurations': [9.0, 105.49735903739929, 1847.0], 'JobIds': ['101954508.0'], 'State': 'finished', 'RecordedSite': True}, '46': {'Retries': 0, 'Restarts': 0, 'SiteHistory': ['Unknown', 'T1_US_FNAL', 'T1_US_FNAL'], 'ResidentSetSize': [1381392], 'SubmitTimes': [1708554840.0], 'StartTimes': [1708555392.0], 'EndTimes': [1708558711.0], 'TotalUserCpuTimeHistory': [2308], 'TotalSysCpuTimeHistory': [63], 'WallDurations': [11.0, 103.49735903739929, 3319.0], 'JobIds': ['101954509.0'], 'State': 'finished', 'RecordedSite': True}, '48': {'Retries': 0, 'Restarts': 0, 'SiteHistory': ['Unknown', 'T1_US_FNAL', 'T1_US_FNAL'], 'ResidentSetSize': [956036], 'SubmitTimes': [1708554840.0], 'StartTimes': [1708555395.0], 'EndTimes': [1708556160.0], 'TotalUserCpuTimeHistory': [577], 'TotalSysCpuTimeHistory': [19], 'WallDurations': [8.0, 100.49735903739929, 765.0], 'JobIds': ['101954510.0'], 'State': 'finished', 'RecordedSite': True}, '50': {'Retries': 0, 'Restarts': 0, 'SiteHistory': ['Unknown', 'T2_EE_Estonia', 'T2_EE_Estonia'], 'ResidentSetSize': [1472720], 'SubmitTimes': [1708554840.0], 'StartTimes': [1708555196.0], 'EndTimes': [1708558158.0], 'TotalUserCpuTimeHistory': [1701], 'TotalSysCpuTimeHistory': [36], 'WallDurations': [9.0, 299.4973590373993, 2962.0], 'JobIds': ['101954511.0'], 'State': 'finished', 'RecordedSite': True}, '49': {'Retries': 0, 'Restarts': 0, 'SiteHistory': ['Unknown', 'T2_EE_Estonia', 'T2_EE_Estonia'], 'ResidentSetSize': [1496900], 'SubmitTimes': [1708554840.0], 'StartTimes': [1708555196.0], 'EndTimes': [1708557596.0], 'TotalUserCpuTimeHistory': [1306], 'TotalSysCpuTimeHistory': [45], 'WallDurations': [9.0, 299.4973590373993, 2400.0], 'JobIds': ['101954512.0'], 'State': 'finished', 'RecordedSite': True}, '47': {'Retries': 0, 'Restarts': 0, 'SiteHistory': ['Unknown', 'T1_US_FNAL', 'T1_US_FNAL'], 'ResidentSetSize': [1143152], 'SubmitTimes': [1708554840.0], 'StartTimes': [1708555398.0], 'EndTimes': [1708557145.0], 'TotalUserCpuTimeHistory': [1279], 'TotalSysCpuTimeHistory': [36], 'WallDurations': [9.0, 97.49735903739929, 1747.0], 'JobIds': ['101954513.0'], 'State': 'finished', 'RecordedSite': True}, '52': {'Retries': 0, 'Restarts': 0, 'SiteHistory': ['Unknown', 'T2_EE_Estonia', 'T2_EE_Estonia'], 'ResidentSetSize': [1471380], 'SubmitTimes': [1708554840.0], 'StartTimes': [1708555198.0], 'EndTimes': [1708559082.0], 'TotalUserCpuTimeHistory': [2411], 'TotalSysCpuTimeHistory': [50], 'WallDurations': [9.0, 297.4973590373993, 3884.0], 'JobIds': ['101954514.0'], 'State': 'finished', 'RecordedSite': True}, '51': {'Retries': 0, 'Restarts': 0, 'SiteHistory': ['Unknown', 'T2_EE_Estonia', 'T2_EE_Estonia'], 'ResidentSetSize': [1481536], 'SubmitTimes': [1708554840.0], 'StartTimes': [1708555199.0], 'EndTimes': [1708559613.0], 'TotalUserCpuTimeHistory': [2582], 'TotalSysCpuTimeHistory': [55], 'WallDurations': [9.0, 296.4973590373993, 4414.0], 'JobIds': ['101954515.0'], 'State': 'finished', 'RecordedSite': True}, '55': {'Retries': 0, 'Restarts': 0, 'SiteHistory': ['Unknown', 'T2_EE_Estonia', 'T2_EE_Estonia'], 'ResidentSetSize': [1171704], 'SubmitTimes': [1708554840.0], 'StartTimes': [1708555199.0], 'EndTimes': [1708559335.0], 'TotalUserCpuTimeHistory': [2355], 'TotalSysCpuTimeHistory': [70], 'WallDurations': [9.0, 296.4973590373993, 4136.0], 'JobIds': ['101954516.0'], 'State': 'finished', 'RecordedSite': True}, '57': {'Retries': 0, 'Restarts': 0, 'SiteHistory': ['Unknown', 'T1_US_FNAL', 'T1_US_FNAL'], 'ResidentSetSize': [1292080], 'SubmitTimes': [1708554840.0], 'StartTimes': [1708555391.0], 'EndTimes': [1708556940.0], 'TotalUserCpuTimeHistory': [1357], 'TotalSysCpuTimeHistory': [34], 'WallDurations': [9.0, 104.49735903739929, 1549.0], 'JobIds': ['101954517.0'], 'State': 'finished', 'RecordedSite': True}, '54': {'Retries': 0, 'Restarts': 0, 'SiteHistory': ['Unknown', 'T2_EE_Estonia', 'T2_EE_Estonia'], 'ResidentSetSize': [1254828], 'SubmitTimes': [1708554840.0], 'StartTimes': [1708555196.0], 'EndTimes': [1708560744.0], 'TotalUserCpuTimeHistory': [3591], 'TotalSysCpuTimeHistory': [111], 'WallDurations': [9.0, 299.4973590373993, 5548.0], 'JobIds': ['101954518.0'], 'State': 'finished', 'RecordedSite': True}, '59': {'Retries': 0, 'Restarts': 0, 'SiteHistory': ['Unknown', 'T1_US_FNAL', 'T1_US_FNAL'], 'ResidentSetSize': [1167984], 'SubmitTimes': [1708554840.0], 'StartTimes': [1708555391.0], 'EndTimes': [1708557318.0], 'TotalUserCpuTimeHistory': [1409], 'TotalSysCpuTimeHistory': [33], 'WallDurations': [9.0, 104.49735903739929, 1927.0], 'JobIds': ['101954519.0'], 'State': 'finished', 'RecordedSite': True}, '53': {'Retries': 0, 'Restarts': 0, 'SiteHistory': ['Unknown', 'T2_EE_Estonia', 'T2_EE_Estonia'], 'ResidentSetSize': [1277444], 'SubmitTimes': [1708554840.0], 'StartTimes': [1708555196.0], 'EndTimes': [1708559616.0], 'TotalUserCpuTimeHistory': [2850], 'TotalSysCpuTimeHistory': [54], 'WallDurations': [9.0, 299.4973590373993, 4420.0], 'JobIds': ['101954520.0'], 'State': 'finished', 'RecordedSite': True}, '56': {'Retries': 0, 'Restarts': 0, 'SiteHistory': ['Unknown', 'T2_EE_Estonia', 'T2_EE_Estonia'], 'ResidentSetSize': [1027848], 'SubmitTimes': [1708554840.0], 'StartTimes': [1708555203.0], 'EndTimes': [1708557379.0], 'TotalUserCpuTimeHistory': [793], 'TotalSysCpuTimeHistory': [19], 'WallDurations': [9.0, 292.4973590373993, 2176.0], 'JobIds': ['101954521.0'], 'State': 'finished', 'RecordedSite': True}, '58': {'Retries': 0, 'Restarts': 0, 'SiteHistory': ['Unknown', 'T1_US_FNAL', 'T1_US_FNAL'], 'ResidentSetSize': [1335184], 'SubmitTimes': [1708554840.0], 'StartTimes': [1708555393.0], 'EndTimes': [1708558306.0], 'TotalUserCpuTimeHistory': [2554], 'TotalSysCpuTimeHistory': [77], 'WallDurations': [10.0, 102.49735903739929, 2913.0], 'JobIds': ['101954522.0'], 'State': 'finished', 'RecordedSite': True}, '61': {'Retries': 0, 'Restarts': 0, 'SiteHistory': ['Unknown', 'T1_US_FNAL', 'T1_US_FNAL'], 'ResidentSetSize': [1157212], 'SubmitTimes': [1708554840.0], 'StartTimes': [1708555395.0], 'EndTimes': [1708557314.0], 'TotalUserCpuTimeHistory': [1610], 'TotalSysCpuTimeHistory': [51], 'WallDurations': [10.0, 100.49735903739929, 1919.0], 'JobIds': ['101954523.0'], 'State': 'finished', 'RecordedSite': True}, '60': {'Retries': 0, 'Restarts': 0, 'SiteHistory': ['Unknown', 'T1_US_FNAL', 'T1_US_FNAL'], 'ResidentSetSize': [1165424], 'SubmitTimes': [1708554840.0], 'StartTimes': [1708555396.0], 'EndTimes': [1708557776.0], 'TotalUserCpuTimeHistory': [2121], 'TotalSysCpuTimeHistory': [58], 'WallDurations': [9.0, 99.49735903739929, 2380.0], 'JobIds': ['101954524.0'], 'State': 'finished', 'RecordedSite': True}, '62': {'Retries': 0, 'Restarts': 0, 'SiteHistory': ['Unknown', 'T1_US_FNAL', 'T1_US_FNAL'], 'ResidentSetSize': [973732], 'SubmitTimes': [1708554840.0], 'StartTimes': [1708555392.0], 'EndTimes': [1708556228.0], 'TotalUserCpuTimeHistory': [662], 'TotalSysCpuTimeHistory': [21], 'WallDurations': [9.0, 103.49735903739929, 836.0], 'JobIds': ['101954525.0'], 'State': 'finished', 'RecordedSite': True}, '63': {'Retries': 0, 'Restarts': 0, 'SiteHistory': ['Unknown', 'T1_US_FNAL', 'T1_US_FNAL'], 'ResidentSetSize': [1022992], 'SubmitTimes': [1708554840.0], 'StartTimes': [1708555396.0], 'EndTimes': [1708556885.0], 'TotalUserCpuTimeHistory': [900], 'TotalSysCpuTimeHistory': [28], 'WallDurations': [9.0, 99.49735903739929, 1489.0], 'JobIds': ['101954526.0'], 'State': 'finished', 'RecordedSite': True}, '69': {'Retries': 0, 'Restarts': 0, 'SiteHistory': ['Unknown', 'T2_US_Vanderbilt', 'T2_US_Vanderbilt'], 'ResidentSetSize': [1226364], 'SubmitTimes': [1708554840.0], 'StartTimes': [1708555053.0], 'EndTimes': [1708558852.0], 'TotalUserCpuTimeHistory': [1837], 'TotalSysCpuTimeHistory': [74], 'WallDurations': [9.0, 142.2043435573578, 3799.0], 'JobIds': ['101954527.0'], 'State': 'finished', 'RecordedSite': True}, '66': {'Retries': 0, 'Restarts': 0, 'SiteHistory': ['Unknown', 'T1_US_FNAL', 'T1_US_FNAL'], 'ResidentSetSize': [1246680], 'SubmitTimes': [1708554840.0], 'StartTimes': [1708555393.0], 'EndTimes': [1708558490.0], 'TotalUserCpuTimeHistory': [2813], 'TotalSysCpuTimeHistory': [64], 'WallDurations': [10.0, 102.49735903739929, 3097.0], 'JobIds': ['101954528.0'], 'State': 'finished', 'RecordedSite': True}, '67': {'Retries': 0, 'Restarts': 0, 'SiteHistory': ['Unknown', 'T1_US_FNAL', 'T1_US_FNAL'], 'ResidentSetSize': [1191204], 'SubmitTimes': [1708554841.0], 'StartTimes': [1708555393.0], 'EndTimes': [1708558050.0], 'TotalUserCpuTimeHistory': [2253], 'TotalSysCpuTimeHistory': [120], 'WallDurations': [11.0, 102.49735903739929, 2657.0], 'JobIds': ['101954529.0'], 'State': 'finished', 'RecordedSite': True}, '64': {'Retries': 0, 'Restarts': 0, 'SiteHistory': ['Unknown', 'T1_US_FNAL', 'T1_US_FNAL'], 'ResidentSetSize': [1548712], 'SubmitTimes': [1708554841.0], 'StartTimes': [1708555393.0], 'EndTimes': [1708557851.0], 'TotalUserCpuTimeHistory': [1623], 'TotalSysCpuTimeHistory': [37], 'WallDurations': [9.0, 102.49735903739929, 2458.0], 'JobIds': ['101954530.0'], 'State': 'finished', 'RecordedSite': True}, '65': {'Retries': 0, 'Restarts': 0, 'SiteHistory': ['Unknown', 'T1_US_FNAL', 'T1_US_FNAL'], 'ResidentSetSize': [1273632], 'SubmitTimes': [1708554841.0], 'StartTimes': [1708555397.0], 'EndTimes': [1708559329.0], 'TotalUserCpuTimeHistory': [3463], 'TotalSysCpuTimeHistory': [159], 'WallDurations': [9.0, 98.49735903739929, 3932.0], 'JobIds': ['101954531.0'], 'State': 'finished', 'RecordedSite': True}, '71': {'Retries': 0, 'Restarts': 0, 'SiteHistory': ['Unknown', 'T2_US_Vanderbilt', 'T2_US_Vanderbilt'], 'ResidentSetSize': [1243488], 'SubmitTimes': [1708554841.0], 'StartTimes': [1708555053.0], 'EndTimes': [1708559350.0], 'TotalUserCpuTimeHistory': [3423], 'TotalSysCpuTimeHistory': [138], 'WallDurations': [9.0, 142.2043435573578, 4297.0], 'JobIds': ['101954532.0'], 'State': 'finished', 'RecordedSite': True}, '70': {'Retries': 0, 'Restarts': 0, 'SiteHistory': ['Unknown', 'T2_US_Vanderbilt', 'T2_US_Vanderbilt'], 'ResidentSetSize': [1106004], 'SubmitTimes': [1708554841.0], 'StartTimes': [1708555052.0], 'EndTimes': [1708556916.0], 'TotalUserCpuTimeHistory': [1368], 'TotalSysCpuTimeHistory': [37], 'WallDurations': [9.0, 143.2043435573578, 1864.0], 'JobIds': ['101954533.0'], 'State': 'finished', 'RecordedSite': True}, '75': {'Retries': 0, 'Restarts': 0, 'SiteHistory': ['Unknown', 'T1_US_FNAL', 'T1_US_FNAL'], 'ResidentSetSize': [1014984], 'SubmitTimes': [1708554841.0], 'StartTimes': [1708555396.0], 'EndTimes': [1708556702.0], 'TotalUserCpuTimeHistory': [823], 'TotalSysCpuTimeHistory': [24], 'WallDurations': [9.0, 99.49735903739929, 1306.0], 'JobIds': ['101954534.0'], 'State': 'finished', 'RecordedSite': True}, '68': {'Retries': 0, 'Restarts': 0, 'SiteHistory': ['Unknown', 'T1_US_FNAL', 'T1_US_FNAL'], 'ResidentSetSize': [1253860], 'SubmitTimes': [1708554841.0], 'StartTimes': [1708555391.0], 'EndTimes': [1708558503.0], 'TotalUserCpuTimeHistory': [2725], 'TotalSysCpuTimeHistory': [61], 'WallDurations': [11.0, 104.49735903739929, 3112.0], 'JobIds': ['101954535.0'], 'State': 'finished', 'RecordedSite': True}, '72': {'Retries': 0, 'Restarts': 0, 'SiteHistory': ['Unknown', 'T2_US_Vanderbilt', 'T2_US_Vanderbilt'], 'ResidentSetSize': [1143628], 'SubmitTimes': [1708554841.0], 'StartTimes': [1708555053.0], 'EndTimes': [1708558001.0], 'TotalUserCpuTimeHistory': [2227], 'TotalSysCpuTimeHistory': [55], 'WallDurations': [10.0, 142.2043435573578, 2948.0], 'JobIds': ['101954536.0'], 'State': 'finished', 'RecordedSite': True}, '73': {'Retries': 0, 'Restarts': 0, 'SiteHistory': ['Unknown', 'T1_US_FNAL', 'T1_US_FNAL'], 'ResidentSetSize': [2009412], 'SubmitTimes': [1708554841.0], 'StartTimes': [1708555396.0], 'EndTimes': [1708557621.0], 'TotalUserCpuTimeHistory': [1659], 'TotalSysCpuTimeHistory': [59], 'WallDurations': [9.0, 99.49735903739929, 2225.0], 'JobIds': ['101954537.0'], 'State': 'finished', 'RecordedSite': True}, '74': {'Retries': 0, 'Restarts': 0, 'SiteHistory': ['Unknown', 'T1_US_FNAL', 'T1_US_FNAL'], 'ResidentSetSize': [1186004], 'SubmitTimes': [1708554841.0], 'StartTimes': [1708555397.0], 'EndTimes': [1708557132.0], 'TotalUserCpuTimeHistory': [1110], 'TotalSysCpuTimeHistory': [41], 'WallDurations': [10.0, 98.49735903739929, 1735.0], 'JobIds': ['101954538.0'], 'State': 'finished', 'RecordedSite': True}, '77': {'Retries': 0, 'Restarts': 0, 'SiteHistory': ['Unknown', 'T1_US_FNAL', 'T1_US_FNAL'], 'ResidentSetSize': [1201176], 'SubmitTimes': [1708554841.0], 'StartTimes': [1708555395.0], 'EndTimes': [1708557106.0], 'TotalUserCpuTimeHistory': [1444], 'TotalSysCpuTimeHistory': [48], 'WallDurations': [11.0, 100.49735903739929, 1711.0], 'JobIds': ['101954539.0'], 'State': 'finished', 'RecordedSite': True}, '76': {'Retries': 0, 'Restarts': 0, 'SiteHistory': ['Unknown', 'T1_US_FNAL', 'T1_US_FNAL'], 'ResidentSetSize': [1034704], 'SubmitTimes': [1708554841.0], 'StartTimes': [1708555396.0], 'EndTimes': [1708556477.0], 'TotalUserCpuTimeHistory': [868], 'TotalSysCpuTimeHistory': [25], 'WallDurations': [9.0, 99.49735903739929, 1081.0], 'JobIds': ['101954540.0'], 'State': 'finished', 'RecordedSite': True}, '78': {'Retries': 0, 'Restarts': 0, 'SiteHistory': ['Unknown', 'T1_US_FNAL', 'T1_US_FNAL'], 'ResidentSetSize': [1004688], 'SubmitTimes': [1708554841.0], 'StartTimes': [1708555398.0], 'EndTimes': [1708555891.0], 'TotalUserCpuTimeHistory': [268], 'TotalSysCpuTimeHistory': [7], 'WallDurations': [10.0, 97.49735903739929, 493.0], 'JobIds': ['101954541.0'], 'State': 'finished', 'RecordedSite': True}, '79': {'Retries': 0, 'Restarts': 0, 'SiteHistory': ['Unknown', 'T2_EE_Estonia', 'T2_EE_Estonia'], 'ResidentSetSize': [1452752], 'SubmitTimes': [1708554841.0], 'StartTimes': [1708555198.0], 'EndTimes': [1708558129.0], 'TotalUserCpuTimeHistory': [1842], 'TotalSysCpuTimeHistory': [45], 'WallDurations': [9.0, 297.4973590373993, 2931.0], 'JobIds': ['101954542.0'], 'State': 'finished', 'RecordedSite': True}, '81': {'Retries': 0, 'Restarts': 0, 'SiteHistory': ['Unknown', 'T2_US_Vanderbilt', 'T2_US_Vanderbilt'], 'ResidentSetSize': [1231272], 'SubmitTimes': [1708554841.0], 'StartTimes': [1708555056.0], 'EndTimes': [1708555404.0], 'TotalUserCpuTimeHistory': [133], 'TotalSysCpuTimeHistory': [10], 'WallDurations': [10.0, 139.2043435573578, 348.0], 'JobIds': ['101954543.0'], 'State': 'finished', 'RecordedSite': True}, '83': {'Retries': 0, 'Restarts': 0, 'SiteHistory': ['Unknown', 'T1_US_FNAL', 'T1_US_FNAL'], 'ResidentSetSize': [1278716], 'SubmitTimes': [1708554841.0], 'StartTimes': [1708555391.0], 'EndTimes': [1708556925.0], 'TotalUserCpuTimeHistory': [1340], 'TotalSysCpuTimeHistory': [35], 'WallDurations': [9.0, 104.49735903739929, 1534.0], 'JobIds': ['101954544.0'], 'State': 'finished', 'RecordedSite': True}, '82': {'Retries': 0, 'Restarts': 0, 'SiteHistory': ['Unknown', 'T1_RU_JINR', 'T1_RU_JINR'], 'ResidentSetSize': [41784], 'SubmitTimes': [1708554841.0], 'StartTimes': [1708555390.0], 'EndTimes': [1708555657.0], 'TotalUserCpuTimeHistory': [172], 'TotalSysCpuTimeHistory': [5], 'WallDurations': [8.0, 105.49735903739929, 267.0], 'JobIds': ['101954545.0'], 'State': 'finished', 'RecordedSite': True}, '80': {'Retries': 0, 'Restarts': 0, 'SiteHistory': ['Unknown', 'T2_EE_Estonia', 'T2_EE_Estonia'], 'ResidentSetSize': [1150616], 'SubmitTimes': [1708554841.0], 'StartTimes': [1708555198.0], 'EndTimes': [1708557684.0], 'TotalUserCpuTimeHistory': [1435], 'TotalSysCpuTimeHistory': [34], 'WallDurations': [9.0, 297.4973590373993, 2486.0], 'JobIds': ['101954546.0'], 'State': 'finished', 'RecordedSite': True}, '85': {'Retries': 0, 'Restarts': 0, 'SiteHistory': ['Unknown', 'T1_US_FNAL', 'T1_US_FNAL'], 'ResidentSetSize': [1307532], 'SubmitTimes': [1708554841.0], 'StartTimes': [1708555388.0], 'EndTimes': [1708557618.0], 'TotalUserCpuTimeHistory': [1948], 'TotalSysCpuTimeHistory': [44], 'WallDurations': [9.0, 107.49735903739929, 2230.0], 'JobIds': ['101954547.0'], 'State': 'finished', 'RecordedSite': True}, '84': {'Retries': 0, 'Restarts': 0, 'SiteHistory': ['Unknown', 'T1_DE_KIT', 'T1_DE_KIT'], 'ResidentSetSize': [1226308], 'SubmitTimes': [1708554841.0], 'StartTimes': [1708555392.0], 'EndTimes': [1708557559.0], 'TotalUserCpuTimeHistory': [1983], 'TotalSysCpuTimeHistory': [70], 'WallDurations': [8.0, 103.49735903739929, 2167.0], 'JobIds': ['101954548.0'], 'State': 'finished', 'RecordedSite': True}, '86': {'Retries': 0, 'Restarts': 0, 'SiteHistory': ['Unknown', 'T1_US_FNAL', 'T1_US_FNAL'], 'ResidentSetSize': [1282624], 'SubmitTimes': [1708554841.0], 'StartTimes': [1708555398.0], 'EndTimes': [1708557256.0], 'TotalUserCpuTimeHistory': [1583], 'TotalSysCpuTimeHistory': [41], 'WallDurations': [9.0, 97.49735903739929, 1858.0], 'JobIds': ['101954549.0'], 'State': 'finished', 'RecordedSite': True}, '90': {'Retries': 0, 'Restarts': 0, 'SiteHistory': ['Unknown', 'T1_US_FNAL', 'T1_US_FNAL'], 'ResidentSetSize': [1102792], 'SubmitTimes': [1708554841.0], 'StartTimes': [1708555395.0], 'EndTimes': [1708556989.0], 'TotalUserCpuTimeHistory': [1392], 'TotalSysCpuTimeHistory': [45], 'WallDurations': [10.0, 100.49735903739929, 1594.0], 'JobIds': ['101954550.0'], 'State': 'finished', 'RecordedSite': True}, '87': {'Retries': 0, 'Restarts': 0, 'SiteHistory': ['Unknown', 'T1_US_FNAL', 'T1_US_FNAL'], 'ResidentSetSize': [1300368], 'SubmitTimes': [1708554841.0], 'StartTimes': [1708555395.0], 'EndTimes': [1708558481.0], 'TotalUserCpuTimeHistory': [2761], 'TotalSysCpuTimeHistory': [80], 'WallDurations': [9.0, 100.49735903739929, 3086.0], 'JobIds': ['101954551.0'], 'State': 'finished', 'RecordedSite': True}, '88': {'Retries': 0, 'Restarts': 0, 'SiteHistory': ['Unknown', 'T1_US_FNAL', 'T1_US_FNAL'], 'ResidentSetSize': [1173576], 'SubmitTimes': [1708554841.0], 'StartTimes': [1708555399.0], 'EndTimes': [1708557163.0], 'TotalUserCpuTimeHistory': [1180], 'TotalSysCpuTimeHistory': [32], 'WallDurations': [10.0, 96.49735903739929, 1764.0], 'JobIds': ['101954552.0'], 'State': 'finished', 'RecordedSite': True}, '91': {'Retries': 0, 'Restarts': 0, 'SiteHistory': ['Unknown', 'T1_US_FNAL', 'T1_US_FNAL'], 'ResidentSetSize': [1237876], 'SubmitTimes': [1708554841.0], 'StartTimes': [1708555401.0], 'EndTimes': [1708558525.0], 'TotalUserCpuTimeHistory': [2697], 'TotalSysCpuTimeHistory': [140], 'WallDurations': [9.0, 94.49735903739929, 3124.0], 'JobIds': ['101954553.0'], 'State': 'finished', 'RecordedSite': True}, '89': {'Retries': 0, 'Restarts': 0, 'SiteHistory': ['Unknown', 'T1_US_FNAL', 'T1_US_FNAL'], 'ResidentSetSize': [1169536], 'SubmitTimes': [1708554841.0], 'StartTimes': [1708555399.0], 'EndTimes': [1708557922.0], 'TotalUserCpuTimeHistory': [1870], 'TotalSysCpuTimeHistory': [86], 'WallDurations': [9.0, 96.49735903739929, 2523.0], 'JobIds': ['101954554.0'], 'State': 'finished', 'RecordedSite': True}, '92': {'Retries': 0, 'Restarts': 0, 'SiteHistory': ['Unknown', 'T1_US_FNAL', 'T1_US_FNAL'], 'ResidentSetSize': [1154328], 'SubmitTimes': [1708554841.0], 'StartTimes': [1708555396.0], 'EndTimes': [1708557253.0], 'TotalUserCpuTimeHistory': [1362], 'TotalSysCpuTimeHistory': [32], 'WallDurations': [8.0, 99.49735903739929, 1857.0], 'JobIds': ['101954555.0'], 'State': 'finished', 'RecordedSite': True}, '96': {'Retries': 0, 'Restarts': 0, 'SiteHistory': ['Unknown', 'T1_US_FNAL', 'T1_US_FNAL'], 'ResidentSetSize': [1212948], 'SubmitTimes': [1708554841.0], 'StartTimes': [1708555397.0], 'EndTimes': [1708557628.0], 'TotalUserCpuTimeHistory': [1941], 'TotalSysCpuTimeHistory': [51], 'WallDurations': [10.0, 98.49735903739929, 2231.0], 'JobIds': ['101954556.0'], 'State': 'finished', 'RecordedSite': True}, '94': {'Retries': 0, 'Restarts': 0, 'SiteHistory': ['Unknown', 'T1_US_FNAL', 'T1_US_FNAL'], 'ResidentSetSize': [1477016], 'SubmitTimes': [1708554841.0], 'StartTimes': [1708555416.0], 'EndTimes': [1708558954.0], 'TotalUserCpuTimeHistory': [2445], 'TotalSysCpuTimeHistory': [143], 'WallDurations': [9.0, 79.49735903739929, 3538.0], 'JobIds': ['101954557.0'], 'State': 'finished', 'RecordedSite': True}, '95': {'Retries': 0, 'Restarts': 0, 'SiteHistory': ['Unknown', 'T1_US_FNAL', 'T1_US_FNAL'], 'ResidentSetSize': [1163756], 'SubmitTimes': [1708554841.0], 'StartTimes': [1708555398.0], 'EndTimes': [1708556534.0], 'TotalUserCpuTimeHistory': [980], 'TotalSysCpuTimeHistory': [25], 'WallDurations': [9.0, 97.49735903739929, 1136.0], 'JobIds': ['101954558.0'], 'State': 'finished', 'RecordedSite': True}, '97': {'Retries': 0, 'Restarts': 0, 'SiteHistory': ['Unknown', 'T1_US_FNAL', 'T1_US_FNAL'], 'ResidentSetSize': [1247920], 'SubmitTimes': [1708554841.0], 'StartTimes': [1708555398.0], 'EndTimes': [1708558279.0], 'TotalUserCpuTimeHistory': [2579], 'TotalSysCpuTimeHistory': [61], 'WallDurations': [9.0, 97.49735903739929, 2881.0], 'JobIds': ['101954559.0'], 'State': 'finished', 'RecordedSite': True}, '99': {'Retries': 0, 'Restarts': 0, 'SiteHistory': ['Unknown', 'T1_US_FNAL', 'T1_US_FNAL'], 'ResidentSetSize': [1563032], 'SubmitTimes': [1708554841.0], 'StartTimes': [1708555397.0], 'EndTimes': [1708559377.0], 'TotalUserCpuTimeHistory': [2925], 'TotalSysCpuTimeHistory': [76], 'WallDurations': [10.0, 98.49735903739929, 3980.0], 'JobIds': ['101954560.0'], 'State': 'finished', 'RecordedSite': True}, '98': {'Retries': 0, 'Restarts': 0, 'SiteHistory': ['Unknown', 'T1_US_FNAL', 'T1_US_FNAL'], 'ResidentSetSize': [1281432], 'SubmitTimes': [1708554841.0], 'StartTimes': [1708555398.0], 'EndTimes': [1708557224.0], 'TotalUserCpuTimeHistory': [1563], 'TotalSysCpuTimeHistory': [33], 'WallDurations': [9.0, 97.49735903739929, 1826.0], 'JobIds': ['101954561.0'], 'State': 'finished', 'RecordedSite': True}, '101': {'Retries': 0, 'Restarts': 0, 'SiteHistory': ['Unknown', 'T1_US_FNAL', 'T1_US_FNAL'], 'ResidentSetSize': [1118676], 'SubmitTimes': [1708554841.0], 'StartTimes': [1708555401.0], 'EndTimes': [1708555565.0], 'TotalUserCpuTimeHistory': [83], 'TotalSysCpuTimeHistory': [8], 'WallDurations': [9.0, 94.49735903739929, 164.0], 'JobIds': ['101954562.0'], 'State': 'finished', 'RecordedSite': True}, '93': {'Retries': 0, 'Restarts': 0, 'SiteHistory': ['Unknown', 'T1_US_FNAL', 'T1_US_FNAL'], 'ResidentSetSize': [1343056], 'SubmitTimes': [1708554841.0], 'StartTimes': [1708555400.0], 'EndTimes': [1708558152.0], 'TotalUserCpuTimeHistory': [1859], 'TotalSysCpuTimeHistory': [54], 'WallDurations': [11.0, 95.49735903739929, 2752.0], 'JobIds': ['101954563.0'], 'State': 'finished', 'RecordedSite': True}, '100': {'Retries': 0, 'Restarts': 0, 'SiteHistory': ['Unknown', 'T1_US_FNAL', 'T1_US_FNAL'], 'ResidentSetSize': [1248276], 'SubmitTimes': [1708554841.0], 'StartTimes': [1708555396.0], 'EndTimes': [1708558463.0], 'TotalUserCpuTimeHistory': [2789], 'TotalSysCpuTimeHistory': [63], 'WallDurations': [10.0, 99.49735903739929, 3067.0], 'JobIds': ['101954564.0'], 'State': 'finished', 'RecordedSite': True}, '102': {'Retries': 0, 'Restarts': 0, 'SiteHistory': ['Unknown', 'T1_IT_CNAF', 'T1_IT_CNAF'], 'ResidentSetSize': [1085628], 'SubmitTimes': [1708554841.0], 'StartTimes': [1708555390.0], 'EndTimes': [1708557188.0], 'TotalUserCpuTimeHistory': [1411], 'TotalSysCpuTimeHistory': [48], 'WallDurations': [8.0, 105.49735903739929, 1798.0], 'JobIds': ['101954565.0'], 'State': 'finished', 'RecordedSite': True}, '103': {'Retries': 1, 'Restarts': 0, 'SiteHistory': ['Unknown', 'T1_IT_CNAF', 'T1_IT_CNAF', 'T1_IT_CNAF', 'T1_IT_CNAF'], 'ResidentSetSize': [945548, 1254120], 'SubmitTimes': [1708554841.0, 1708563770.0], 'StartTimes': [1708555390.0, 1708563881.0], 'EndTimes': [1708556487.0, 1708564222.0], 'TotalUserCpuTimeHistory': [439, 240], 'TotalSysCpuTimeHistory': [15, 11], 'WallDurations': [9.0, 105.49735903739929, 1097.0, 8.0, 341.0], 'JobIds': ['101954566.0', '101956884.0'], 'State': 'finished', 'RecordedSite': True}, '40': {'Retries': 0, 'Restarts': 0, 'SiteHistory': ['Unknown', 'T2_US_Vanderbilt', 'T2_US_Vanderbilt'], 'ResidentSetSize': [1158316], 'SubmitTimes': [1708554841.0], 'StartTimes': [1708555055.0], 'EndTimes': [1708557405.0], 'TotalUserCpuTimeHistory': [1602], 'TotalSysCpuTimeHistory': [58], 'WallDurations': [9.0, 140.2043435573578, 2350.0], 'JobIds': ['101954567.0'], 'State': 'finished', 'RecordedSite': True}}
INFO 2024-02-22 20:25:54.576 UTC: 	 Status on the scheduler:	COMPLETED
INFO 2024-02-22 20:25:54.577 UTC: 	 
Jobs status:                    finished     		100.0% (103/103)
DEBUG 2024-02-22 20:25:54.577 UTC: 	 Encoded data for curl request: subresource=publicationstatus&workflow=240221_223116%3Ambuonsan_crab_SkimB4Mu_2023eraC-v3_stream5_Mini&username=mbuonsan
INFO 2024-02-22 20:25:54.772 UTC: 	 
Output dataset:			/FakeDataset/fakefile-FakePublish-a8c15fe55f15354b8a0b4683f60ec848/USER
INFO 2024-02-22 20:25:54.774 UTC: 	 
No publication information available yet
INFO 2024-02-22 20:25:54.779 UTC: 	 
Warning: the max jobs runtime is less than 30% of the task requested value (1250 min), please consider to request a lower value for failed jobs (allowed through crab resubmit) and/or improve the jobs splitting (e.g. config.Data.splitting = 'Automatic') in a new task.
INFO 2024-02-22 20:25:54.779 UTC: 	 
Summary of run jobs:
 * Memory: 49MB min, 1962MB max, 1193MB ave
 * Runtime: 0:02:39 min, 2:54:15 max, 0:39:44 ave
 * CPU eff: 37% min, 95% max, 76% ave
 * Waste: 5:35:24 (8% of total)

DEBUG 2024-02-22 20:25:54.785 UTC: 	 Requesting resubmission of failed jobs in task 240221_223116:mbuonsan_crab_SkimB4Mu_2023eraC-v3_stream5_Mini
ERROR 2024-02-22 20:25:54.786 UTC: 	 Found no jobs to resubmit. Only jobs in status failed can be resubmitted. Jobs in status finished can also be resubmitted, but only if the jobids are specified and the force option is set.
ERROR 2024-02-22 20:25:54.786 UTC: 	 Caught ClientException exception
Traceback (most recent call last):
  File "/cvmfs/cms.cern.ch/share/cms/crab-prod/v3.240110.01/bin/crab.py", line 152, in <module>
    client()
  File "/cvmfs/cms.cern.ch/share/cms/crab-prod/v3.240110.01/bin/crab.py", line 137, in __call__
    returnDict = self.cmd()
  File "/cvmfs/cms.cern.ch/share/cms/crab-prod/v3.240110.01/lib/CRABClient/Commands/resubmit.py", line 65, in __call__
    self.jobids = self.processJobIds(jobList)
  File "/cvmfs/cms.cern.ch/share/cms/crab-prod/v3.240110.01/lib/CRABClient/Commands/resubmit.py", line 171, in processJobIds
    raise ConfigurationException(msg)
CRABClient.ClientExceptions.ConfigurationException: Found no jobs to resubmit. Only jobs in status failed can be resubmitted. Jobs in status finished can also be resubmitted, but only if the jobids are specified and the force option is set.
