DEBUG 2024-02-21 22:27:46.315 UTC: 	 CRAB Client version: v3.240110
DEBUG 2024-02-21 22:27:46.316 UTC: 	 Running on: Linux ui02.recas.ba.infn.it 3.10.0-1160.80.1.el7.x86_64 #1 SMP Tue Nov 8 15:48:59 UTC 2022 x86_64 x86_64 x86_64 GNU/Linux - CentOS Linux 7 (Core)
DEBUG 2024-02-21 22:27:46.316 UTC: 	 Executing command: 'submit'
DEBUG 2024-02-21 22:27:46.316 UTC: 	 Found CRAB cache file /lustrehome/mbuonsante/.crab3
INFO 2024-02-21 22:27:46.317 UTC: 	 Will use CRAB configuration file CRAB_stream_2.py
DEBUG 2024-02-21 22:27:46.317 UTC: 	 Loading CRAB configuration file.
DEBUG 2024-02-21 22:27:46.320 UTC: 	 Will use CRAB plugin ANALYSIS (i.e. will run an analysis job type).
DEBUG 2024-02-21 22:27:46.322 UTC: 	 Checking credentials
DEBUG 2024-02-21 22:27:46.322 UTC: 	 Found proxy file /tmp/x509up_u881331
DEBUG 2024-02-21 22:27:46.322 UTC: 	 Making sure it has proper VOMS extension
DEBUG 2024-02-21 22:27:46.322 UTC: 	 Executing command :
 voms-proxy-info --vo --file /tmp/x509up_u881331
DEBUG 2024-02-21 22:27:48.119 UTC: 	 output : cms

 error: 
 retcode : 0
DEBUG 2024-02-21 22:27:48.119 UTC: 	 Getting proxy life time left
DEBUG 2024-02-21 22:27:48.119 UTC: 	 Executing command :
 voms-proxy-info --actimeleft --timeleft --file /tmp/x509up_u881331
DEBUG 2024-02-21 22:27:49.881 UTC: 	 output : 479548
479547

 error: 
 retcode : 0
DEBUG 2024-02-21 22:27:49.881 UTC: 	 Proxy valid for 133:12:27 hours
DEBUG 2024-02-21 22:27:49.881 UTC: 	 Encoded data for curl request: subresource=delegatedn
DEBUG 2024-02-21 22:27:50.056 UTC: 	 Registering user credentials on myproxy for /DC=ch/DC=cern/OU=computers/CN=crab-(preprod|prod|dev)-tw(01|02|03).cern.ch|/DC=ch/DC=cern/OU=computers/CN=stefanov(m|m2).cern.ch|/DC=ch/DC=cern/OU=computers/CN=dciangot-tw.cern.ch
DEBUG 2024-02-21 22:27:50.056 UTC: 	 Executing command :
 voms-proxy-info --identity --file /tmp/x509up_u881331
DEBUG 2024-02-21 22:27:51.846 UTC: 	 output : /DC=ch/DC=cern/OU=Organic Units/OU=Users/CN=mbuonsan/CN=866052/CN=Marco Buonsante

 error: 
 retcode : 0
DEBUG 2024-02-21 22:27:51.846 UTC: 	 Getting myproxy life time left for db438794163ae221c16ac5cdc1e476b2bc2ff634
DEBUG 2024-02-21 22:27:51.846 UTC: 	 Executing command :
 myproxy-info -s myproxy.cern.ch -l db438794163ae221c16ac5cdc1e476b2bc2ff634
DEBUG 2024-02-21 22:27:52.180 UTC: 	 output : username: db438794163ae221c16ac5cdc1e476b2bc2ff634
owner: /DC=ch/DC=cern/OU=Organic Units/OU=Users/CN=mbuonsan/CN=866052/CN=Marco Buonsante
  renewal policy: /DC=ch/DC=cern/OU=computers/CN=crab-(preprod|prod|dev)-tw(01|02|03).cern.ch|/DC=ch/DC=cern/OU=computers/CN=stefanov(m|m2).cern.ch|/DC=ch/DC=cern/OU=computers/CN=dciangot-tw.cern.ch
  trusted retrieval policy: /DC=ch/DC=cern/OU=computers/CN=crab-(preprod|prod|dev)-tw(01|02|03).cern.ch|/DC=ch/DC=cern/OU=computers/CN=stefanov(m|m2).cern.ch|/DC=ch/DC=cern/OU=computers/CN=dciangot-tw.cern.ch
  timeleft: 493:13:35  (20.6 days)

 error: 
 retcode : 0
DEBUG 2024-02-21 22:27:52.180 UTC: 	 Myproxy is valid: 1775580
DEBUG 2024-02-21 22:27:52.180 UTC: 	 Result of myproxy credential check:
  Credential exists on myproxy: username: db438794163ae221c16ac5cdc1e476b2bc2ff634  - validity: 20 days, 13:13:00
DEBUG 2024-02-21 22:27:52.180 UTC: 	 Command use: submit
DEBUG 2024-02-21 22:27:52.180 UTC: 	 Options use: ['-c', 'CRAB_stream_2.py']
DEBUG 2024-02-21 22:27:52.181 UTC: 	 Encoded data for curl request: subresource=version
DEBUG 2024-02-21 22:27:52.367 UTC: 	 CRABClient version: v3.240110
DEBUG 2024-02-21 22:27:52.367 UTC: 	 Instance is prod
DEBUG 2024-02-21 22:27:52.367 UTC: 	 Server base url is cmsweb.cern.ch
DEBUG 2024-02-21 22:27:52.367 UTC: 	 Command api workflow
DEBUG 2024-02-21 22:27:52.367 UTC: 	 Started submission
DEBUG 2024-02-21 22:27:52.367 UTC: 	 Working on /lustrehome/mbuonsante/B_4mu/CMSSW_13_0_13/src/B4muNtuplizer/CrabSubmission/2023_eraC-v2/crab_projects/crab_SkimB4Mu_2023eraC-v2_stream2_Mini
DEBUG 2024-02-21 22:27:52.367 UTC: 	 Encoded data for curl request: subresource=backendurls
DEBUG 2024-02-21 22:27:52.685 UTC: 	 Loading required information from the environment
DEBUG 2024-02-21 22:27:52.685 UTC: 	 Found CMSSW_13_0_13 for slc7_amd64_gcc11 with base /lustrehome/mbuonsante/B_4mu/CMSSW_13_0_13
DEBUG 2024-02-21 22:27:52.685 UTC: 	 Loading required information from the environment
DEBUG 2024-02-21 22:27:52.685 UTC: 	 Found CMSSW_13_0_13 for slc7_amd64_gcc11 with base /lustrehome/mbuonsante/B_4mu/CMSSW_13_0_13
DEBUG 2024-02-21 22:27:52.685 UTC: 	 UNIQUE NAME: tarUUID 3b5e134e-6297-41c9-b1b5-fc2dd8d6d750 
DEBUG 2024-02-21 22:27:52.685 UTC: 	 self.config: from WMCore.Configuration import Configuration
config = Configuration()
config.section_('General')
config.General.transferOutputs = True
config.General.transferLogs = False
config.General.requestName = 'SkimB4Mu_2023eraC-v2_stream2_Mini'
config.General.workArea = 'crab_projects'
config.section_('JobType')
config.JobType.psetName = '/lustrehome/mbuonsante/B_4mu/CMSSW_13_0_13/src/B4muNtuplizer/CrabSubmission/2023_eraC-v2/PatAndTree_cfg.py'
config.JobType.allowUndistributedCMSSW = True
config.JobType.pluginName = 'Analysis'
config.section_('Data')
config.Data.lumiMask = 'https://cms-service-dqmdc.web.cern.ch/CAF/certification/Collisions23/Cert_Collisions2023_eraC_367095_368823_Golden.json'
config.Data.inputDBS = 'global'
config.Data.inputDataset = '/ParkingDoubleMuonLowMass2/Run2023C-22Sep2023_v2-v1/MINIAOD'
config.Data.outputDatasetTag = 'SkimB4Mu_2023eraC-v2_stream2_Mini'
config.Data.allowNonValidInputDataset = True
config.Data.splitting = 'LumiBased'
config.Data.unitsPerJob = 50
config.section_('Site')
config.Site.ignoreGlobalBlacklist = True
config.Site.storageSite = 'T2_IT_Bari'
config.section_('User')
config.section_('Debug')

DEBUG 2024-02-21 22:27:52.685 UTC: 	 self.config.JobType.psetName: /lustrehome/mbuonsante/B_4mu/CMSSW_13_0_13/src/B4muNtuplizer/CrabSubmission/2023_eraC-v2/PatAndTree_cfg.py
INFO 2024-02-21 22:27:52.686 UTC: 	 Importing CMSSW configuration /lustrehome/mbuonsante/B_4mu/CMSSW_13_0_13/src/B4muNtuplizer/CrabSubmission/2023_eraC-v2/PatAndTree_cfg.py
INFO 2024-02-21 22:27:54.649 UTC: 	 Finished importing CMSSW configuration /lustrehome/mbuonsante/B_4mu/CMSSW_13_0_13/src/B4muNtuplizer/CrabSubmission/2023_eraC-v2/PatAndTree_cfg.py
DEBUG 2024-02-21 22:27:54.649 UTC: 	 Writing CMSSW configuration to /lustrehome/mbuonsante/B_4mu/CMSSW_13_0_13/src/B4muNtuplizer/CrabSubmission/2023_eraC-v2/crab_projects/crab_SkimB4Mu_2023eraC-v2_stream2_Mini/inputs/PSet.py
DEBUG 2024-02-21 22:27:54.778 UTC: 	 The following EDM output files will be collected: []
DEBUG 2024-02-21 22:27:54.778 UTC: 	 The following TFile output files will be collected: ['TreeData.root']
DEBUG 2024-02-21 22:27:54.778 UTC: 	 The following user output files (not listed as PoolOuputModule or TFileService in the CMSSW PSet) will be collected: 
DEBUG 2024-02-21 22:27:54.778 UTC: 	 Loading required information from the environment
DEBUG 2024-02-21 22:27:54.778 UTC: 	 Found CMSSW_13_0_13 for slc7_amd64_gcc11 with base /lustrehome/mbuonsante/B_4mu/CMSSW_13_0_13
DEBUG 2024-02-21 22:27:54.778 UTC: 	 Making tarball in /lustrehome/mbuonsante/B_4mu/CMSSW_13_0_13/src/B4muNtuplizer/CrabSubmission/2023_eraC-v2/crab_projects/crab_SkimB4Mu_2023eraC-v2_stream2_Mini/inputs/3b5e134e-6297-41c9-b1b5-fc2dd8d6d750default.tgz
DEBUG 2024-02-21 22:27:54.779 UTC: 	 Checking directory /lustrehome/mbuonsante/B_4mu/CMSSW_13_0_13/bin
DEBUG 2024-02-21 22:27:54.780 UTC: 	 Adding directory /lustrehome/mbuonsante/B_4mu/CMSSW_13_0_13/bin to tarball
DEBUG 2024-02-21 22:27:54.802 UTC: 	 Checking directory /lustrehome/mbuonsante/B_4mu/CMSSW_13_0_13/python
DEBUG 2024-02-21 22:27:54.802 UTC: 	 Adding directory /lustrehome/mbuonsante/B_4mu/CMSSW_13_0_13/python to tarball
DEBUG 2024-02-21 22:27:54.869 UTC: 	 Checking directory /lustrehome/mbuonsante/B_4mu/CMSSW_13_0_13/cfipython
DEBUG 2024-02-21 22:27:54.869 UTC: 	 Adding directory /lustrehome/mbuonsante/B_4mu/CMSSW_13_0_13/cfipython to tarball
DEBUG 2024-02-21 22:27:54.876 UTC: 	 Checking directory /lustrehome/mbuonsante/B_4mu/CMSSW_13_0_13/lib
DEBUG 2024-02-21 22:27:54.877 UTC: 	 Adding directory /lustrehome/mbuonsante/B_4mu/CMSSW_13_0_13/lib to tarball
DEBUG 2024-02-21 22:27:55.354 UTC: 	 Checking directory /lustrehome/mbuonsante/B_4mu/CMSSW_13_0_13/biglib
DEBUG 2024-02-21 22:27:55.354 UTC: 	 Adding directory /lustrehome/mbuonsante/B_4mu/CMSSW_13_0_13/biglib to tarball
DEBUG 2024-02-21 22:27:55.355 UTC: 	 Checking directory /lustrehome/mbuonsante/B_4mu/CMSSW_13_0_13/module
DEBUG 2024-02-21 22:27:55.355 UTC: 	 Checking directory /lustrehome/mbuonsante/B_4mu/CMSSW_13_0_13/config/SCRAM/hooks
DEBUG 2024-02-21 22:27:55.356 UTC: 	 Adding directory /lustrehome/mbuonsante/B_4mu/CMSSW_13_0_13/config/SCRAM/hooks to tarball
DEBUG 2024-02-21 22:27:55.377 UTC: 	 Adding directory /lustrehome/mbuonsante/B_4mu/CMSSW_13_0_13/src/B4muNtuplizer/SkimTools/python to tarball
DEBUG 2024-02-21 22:27:55.390 UTC: 	 Adding directory /lustrehome/mbuonsante/B_4mu/CMSSW_13_0_13/src/CommonTools/CandAlgos/interface to tarball
DEBUG 2024-02-21 22:27:55.396 UTC: 	 Adding directory /lustrehome/mbuonsante/B_4mu/CMSSW_13_0_13/src/CommonTools/CandAlgos/python to tarball
DEBUG 2024-02-21 22:27:55.561 UTC: 	 Uploading archive /lustrehome/mbuonsante/B_4mu/CMSSW_13_0_13/src/B4muNtuplizer/CrabSubmission/2023_eraC-v2/crab_projects/crab_SkimB4Mu_2023eraC-v2_stream2_Mini/inputs/3b5e134e-6297-41c9-b1b5-fc2dd8d6d750default.tgz (0.644531.1 MB) to the CRAB cache. Using URI https://cmsweb.cern.ch/S3/crabcache_prod
DEBUG 2024-02-21 22:27:56.030 UTC: 	 Encoded data for curl request: subresource=upload&objecttype=sandbox&tarballname=c21f585968b676319b78458a8dfff0d78967d784c1d5d78343c5cdc38d3be0e5.tar.gz
DEBUG 2024-02-21 22:27:56.233 UTC: 	 sandbox c21f585968b676319b78458a8dfff0d78967d784c1d5d78343c5cdc38d3be0e5.tar.gz is already in the S3 store, will not upload again
DEBUG 2024-02-21 22:27:56.233 UTC: 	 Loading required information from the environment
DEBUG 2024-02-21 22:27:56.233 UTC: 	 Found CMSSW_13_0_13 for slc7_amd64_gcc11 with base /lustrehome/mbuonsante/B_4mu/CMSSW_13_0_13
DEBUG 2024-02-21 22:27:56.233 UTC: 	 Making tarball in /lustrehome/mbuonsante/B_4mu/CMSSW_13_0_13/src/B4muNtuplizer/CrabSubmission/2023_eraC-v2/crab_projects/crab_SkimB4Mu_2023eraC-v2_stream2_Mini/inputs/debugFiles.tgz
DEBUG 2024-02-21 22:27:56.238 UTC: 	 Uploading archive /lustrehome/mbuonsante/B_4mu/CMSSW_13_0_13/src/B4muNtuplizer/CrabSubmission/2023_eraC-v2/crab_projects/crab_SkimB4Mu_2023eraC-v2_stream2_Mini/inputs/debugFiles.tgz (2 KB) to the CRAB cache. Using URI https://cmsweb.cern.ch/S3/crabcache_prod
DEBUG 2024-02-21 22:27:56.241 UTC: 	 Encoded data for curl request: subresource=upload&objecttype=sandbox&tarballname=dad66a2315ee7cc2043bcb8b9746fdc8f1182d71972e386f88dcdcf362d0ce0f.tar.gz
DEBUG 2024-02-21 22:27:56.430 UTC: 	 Will execute:
curl -f -v -X POST  -H "User-Agent: CRAB" -F "key=mbuonsan/sandboxes/dad66a2315ee7cc2043bcb8b9746fdc8f1182d71972e386f88dcdcf362d0ce0f.tar.gz" -F "AWSAccessKeyId=ab00fcc889f248c495d2875f15a3badb" -F "policy=eyJleHBpcmF0aW9uIjogIjIwMjQtMDItMjFUMjM6Mjc6NTZaIiwgImNvbmRpdGlvbnMiOiBbeyJidWNrZXQiOiAiY3JhYmNhY2hlX3Byb2QifSwgeyJrZXkiOiAibWJ1b25zYW4vc2FuZGJveGVzL2RhZDY2YTIzMTVlZTdjYzIwNDNiY2I4Yjk3NDZmZGM4ZjExODJkNzE5NzJlMzg2Zjg4ZGNkY2YzNjJkMGNlMGYudGFyLmd6In1dfQ==" -F "signature=0uVcyby+6FLNab32XR+OOQLz3to=" -F "file=@/lustrehome/mbuonsante/B_4mu/CMSSW_13_0_13/src/B4muNtuplizer/CrabSubmission/2023_eraC-v2/crab_projects/crab_SkimB4Mu_2023eraC-v2_stream2_Mini/inputs/debugFiles.tgz" "https://s3.cern.ch/crabcache_prod"
DEBUG 2024-02-21 22:27:56.616 UTC: 	 exitcode: 0
stdout: b''
DEBUG 2024-02-21 22:27:56.616 UTC: 	 sandbox /lustrehome/mbuonsante/B_4mu/CMSSW_13_0_13/src/B4muNtuplizer/CrabSubmission/2023_eraC-v2/crab_projects/crab_SkimB4Mu_2023eraC-v2_stream2_Mini/inputs/debugFiles.tgz successully uploaded to S3
DEBUG 2024-02-21 22:27:56.616 UTC: 	 Result uploading input files: c21f585968b676319b78458a8dfff0d78967d784c1d5d78343c5cdc38d3be0e5.tar.gz 
DEBUG 2024-02-21 22:27:56.616 UTC: 	 Attaching lumi mask https://cms-service-dqmdc.web.cern.ch/CAF/certification/Collisions23/Cert_Collisions2023_eraC_367095_368823_Golden.json to the request
DEBUG 2024-02-21 22:27:56.617 UTC: 	 Downloading lumi-mask from https://cms-service-dqmdc.web.cern.ch/CAF/certification/Collisions23/Cert_Collisions2023_eraC_367095_368823_Golden.json
WARNING 2024-02-21 22:27:56.845 UTC: 	 Warning: The following output files will not be published, as they are not EDM files: ['TreeData.root']
DEBUG 2024-02-21 22:27:56.846 UTC: 	 submit() - self.configuration from WMCore.Configuration import Configuration
config = Configuration()
config.section_('General')
config.General.transferOutputs = True
config.General.transferLogs = False
config.General.requestName = 'SkimB4Mu_2023eraC-v2_stream2_Mini'
config.General.workArea = 'crab_projects'
config.section_('JobType')
config.JobType.psetName = '/lustrehome/mbuonsante/B_4mu/CMSSW_13_0_13/src/B4muNtuplizer/CrabSubmission/2023_eraC-v2/PatAndTree_cfg.py'
config.JobType.allowUndistributedCMSSW = True
config.JobType.pluginName = 'Analysis'
config.section_('Data')
config.Data.lumiMask = 'https://cms-service-dqmdc.web.cern.ch/CAF/certification/Collisions23/Cert_Collisions2023_eraC_367095_368823_Golden.json'
config.Data.inputDBS = 'global'
config.Data.inputDataset = '/ParkingDoubleMuonLowMass2/Run2023C-22Sep2023_v2-v1/MINIAOD'
config.Data.outputDatasetTag = 'SkimB4Mu_2023eraC-v2_stream2_Mini'
config.Data.allowNonValidInputDataset = True
config.Data.splitting = 'LumiBased'
config.Data.unitsPerJob = 50
config.section_('Site')
config.Site.ignoreGlobalBlacklist = True
config.Site.storageSite = 'T2_IT_Bari'
config.section_('User')
config.section_('Debug')

DEBUG 2024-02-21 22:27:56.846 UTC: 	 submit() - self.configreq {'dryrun': 0, 'workflow': 'crab_SkimB4Mu_2023eraC-v2_stream2_Mini', 'saveoutput': 1, 'savelogsflag': 0, 'inputdata': '/ParkingDoubleMuonLowMass2/Run2023C-22Sep2023_v2-v1/MINIAOD', 'primarydataset': '', 'nonvaliddata': 1, 'userfiles': [], 'dbsurl': 'https://cmsweb.cern.ch/dbs/prod/global/DBSReader', 'useparent': 0, 'ignorelocality': 0, 'splitalgo': 'LumiBased', 'algoargs': 50, 'totalunits': 0, 'publication': 1, 'publishdbsurl': 'https://cmsweb.cern.ch/dbs/prod/phys03/DBSWriter', 'publishname2': 'SkimB4Mu_2023eraC-v2_stream2_Mini', 'jobtype': 'Analysis', 'generator': 'pythia', 'addoutputfiles': [], 'maxjobruntime': 1250, 'numcores': 1, 'maxmemory': 2000, 'priority': 10, 'nonprodsw': 1, 'asyncdest': 'T2_IT_Bari', 'requireaccelerator': 0, 'oneEventMode': 0, 'extrajdl': [], 'ignoreglobalblacklist': 1, 'partialdataset': 0, 'inputblocks': []}
DEBUG 2024-02-21 22:27:56.846 UTC: 	 submit() - jobconfig {'addoutputfiles': [], 'tfileoutfiles': ['TreeData.root'], 'edmoutfiles': [], 'jobarch': 'slc7_amd64_gcc11', 'jobsw': 'CMSSW_13_0_13', 'inputdata': '/ParkingDoubleMuonLowMass2/Run2023C-22Sep2023_v2-v1/MINIAOD', 'cacheurl': 'https://cmsweb.cern.ch/S3/crabcache_prod', 'cachefilename': 'c21f585968b676319b78458a8dfff0d78967d784c1d5d78343c5cdc38d3be0e5.tar.gz', 'debugfilename': 'dad66a2315ee7cc2043bcb8b9746fdc8f1182d71972e386f88dcdcf362d0ce0f.tar.gz', 'runs': ['367095', '367100', '367102', '367103', '367104', '367111', '367112', '367127', '367128', '367129', '367130', '367131', '367133', '367228', '367229', '367230', '367231', '367232', '367234', '367260', '367262', '367263', '367264', '367267', '367269', '367270', '367271', '367312', '367314', '367315', '367334', '367336', '367337', '367355', '367406', '367413', '367415', '367416', '367475', '367477', '367515', '367516', '367552', '367553', '367554', '367615', '367618', '367619', '367661', '367662', '367663', '367665', '367666', '367691', '367696', '367699', '367730', '367742', '367758', '367770', '367771', '367772', '367790', '367831', '367836', '367838', '367840', '367881', '367883', '367884', '367902', '367904', '367905', '367906', '367907', '367908', '367910', '368223', '368224', '368229', '368318', '368320', '368321', '368332', '368333', '368343', '368382', '368384', '368388', '368389', '368400', '368410', '368412', '368423', '368451', '368453', '368454', '368489', '368546', '368547', '368548', '368566', '368567', '368609', '368611', '368613', '368636', '368669', '368670', '368672', '368674', '368675', '368676', '368678', '368684', '368685', '368723', '368724', '368746', '368749', '368753', '368762', '368764', '368765', '368822', '368823'], 'lumis': ['1,564', '45,390', '1,75', '1,64', '1,1082', '51,338', '1,1438', '18,350', '1,2,6,6,11,12,14,15', '1,3', '1,2,6,9,13,126,135,167', '1,149', '1,275', '55,280,285,287,292,294,298,304', '1,34', '1,1', '1,22', '1,996', '1,501', '52,69,72,240', '1,42,49,119,123,271', '10,21', '1,847', '45,322', '1,33', '1,961', '1,135', '53,225,227,269', '1,20', '1,893', '26,324', '1,169', '1,1046', '60,63', '48,476', '68,448,450,467,469,746,748,750,752,898,900,1340,1342,1367', '1,97', '1,55', '56,634', '1,1289', '44,668', '1,1236', '49,59', '1,644', '1,312', '53,484', '18,341', '1,300,302,501,503,579', '50,366', '1,18', '1,1', '1,271', '1,11,16,86', '46,204', '1,856,858,1920', '1,151', '48,562', '39,443', '52,767', '47,198', '1,91', '1,6', '1,160', '53,504', '48,588', '1,793', '1,570', '14,152', '1,1050', '1,1011', '42,273', '1,103', '1,48', '1,344', '1,119', '1,358', '1,593', '45,437,445,487', '1,57', '52,569', '37,319', '1,285', '1,337', '1,14', '1,25', '1,328', '37,792', '1,44', '39,444,448,1431,1434,1472', '1,198', '40,271', '49,1501', '1,92', '42,159,161,516', '1,144', '1,5', '1,68,72,1168', '47,791,793,827,829,863,865,899,901,935,937,971,973,1007,1009,1043,1045,1079,1081,1280,1282,1380,1382,1581,1583,1595', '1,659', '1,194,197,702', '1,75,77,86,89,90,93,280,282,1044', '1,1195', '1,31,33,411,414,436', '41,1039', '1,247,249,382', '1,260', '51,819', '42,410', '1,255,306,308', '1,866', '1,12', '1,50', '1,156', '1,171', '40,135', '1,1481', '63,63,97,188', '1,1200', '39,77', '1,169', '1,976', '45,238', '1,1', '1,1386', '45,330,332,908,910,991', '3,35'], 'jobtype': 'Analysis'}
INFO 2024-02-21 22:27:56.846 UTC: 	 Sending the request to the server at cmsweb.cern.ch
DEBUG 2024-02-21 22:27:56.846 UTC: 	 Submitting {'dryrun': 0, 'workflow': 'crab_SkimB4Mu_2023eraC-v2_stream2_Mini', 'saveoutput': 1, 'savelogsflag': 0, 'inputdata': '/ParkingDoubleMuonLowMass2/Run2023C-22Sep2023_v2-v1/MINIAOD', 'primarydataset': '', 'nonvaliddata': 1, 'userfiles': [], 'dbsurl': 'https://cmsweb.cern.ch/dbs/prod/global/DBSReader', 'useparent': 0, 'ignorelocality': 0, 'splitalgo': 'LumiBased', 'algoargs': 50, 'totalunits': 0, 'publication': 1, 'publishdbsurl': 'https://cmsweb.cern.ch/dbs/prod/phys03/DBSWriter', 'publishname2': 'SkimB4Mu_2023eraC-v2_stream2_Mini', 'jobtype': 'Analysis', 'generator': 'pythia', 'addoutputfiles': [], 'maxjobruntime': 1250, 'numcores': 1, 'maxmemory': 2000, 'priority': 10, 'nonprodsw': 1, 'asyncdest': 'T2_IT_Bari', 'requireaccelerator': 0, 'oneEventMode': 0, 'extrajdl': [], 'ignoreglobalblacklist': 1, 'partialdataset': 0, 'inputblocks': [], 'tfileoutfiles': ['TreeData.root'], 'edmoutfiles': [], 'jobarch': 'slc7_amd64_gcc11', 'jobsw': 'CMSSW_13_0_13', 'cacheurl': 'https://cmsweb.cern.ch/S3/crabcache_prod', 'cachefilename': 'c21f585968b676319b78458a8dfff0d78967d784c1d5d78343c5cdc38d3be0e5.tar.gz', 'debugfilename': 'dad66a2315ee7cc2043bcb8b9746fdc8f1182d71972e386f88dcdcf362d0ce0f.tar.gz', 'runs': ['367095', '367100', '367102', '367103', '367104', '367111', '367112', '367127', '367128', '367129', '367130', '367131', '367133', '367228', '367229', '367230', '367231', '367232', '367234', '367260', '367262', '367263', '367264', '367267', '367269', '367270', '367271', '367312', '367314', '367315', '367334', '367336', '367337', '367355', '367406', '367413', '367415', '367416', '367475', '367477', '367515', '367516', '367552', '367553', '367554', '367615', '367618', '367619', '367661', '367662', '367663', '367665', '367666', '367691', '367696', '367699', '367730', '367742', '367758', '367770', '367771', '367772', '367790', '367831', '367836', '367838', '367840', '367881', '367883', '367884', '367902', '367904', '367905', '367906', '367907', '367908', '367910', '368223', '368224', '368229', '368318', '368320', '368321', '368332', '368333', '368343', '368382', '368384', '368388', '368389', '368400', '368410', '368412', '368423', '368451', '368453', '368454', '368489', '368546', '368547', '368548', '368566', '368567', '368609', '368611', '368613', '368636', '368669', '368670', '368672', '368674', '368675', '368676', '368678', '368684', '368685', '368723', '368724', '368746', '368749', '368753', '368762', '368764', '368765', '368822', '368823'], 'lumis': ['1,564', '45,390', '1,75', '1,64', '1,1082', '51,338', '1,1438', '18,350', '1,2,6,6,11,12,14,15', '1,3', '1,2,6,9,13,126,135,167', '1,149', '1,275', '55,280,285,287,292,294,298,304', '1,34', '1,1', '1,22', '1,996', '1,501', '52,69,72,240', '1,42,49,119,123,271', '10,21', '1,847', '45,322', '1,33', '1,961', '1,135', '53,225,227,269', '1,20', '1,893', '26,324', '1,169', '1,1046', '60,63', '48,476', '68,448,450,467,469,746,748,750,752,898,900,1340,1342,1367', '1,97', '1,55', '56,634', '1,1289', '44,668', '1,1236', '49,59', '1,644', '1,312', '53,484', '18,341', '1,300,302,501,503,579', '50,366', '1,18', '1,1', '1,271', '1,11,16,86', '46,204', '1,856,858,1920', '1,151', '48,562', '39,443', '52,767', '47,198', '1,91', '1,6', '1,160', '53,504', '48,588', '1,793', '1,570', '14,152', '1,1050', '1,1011', '42,273', '1,103', '1,48', '1,344', '1,119', '1,358', '1,593', '45,437,445,487', '1,57', '52,569', '37,319', '1,285', '1,337', '1,14', '1,25', '1,328', '37,792', '1,44', '39,444,448,1431,1434,1472', '1,198', '40,271', '49,1501', '1,92', '42,159,161,516', '1,144', '1,5', '1,68,72,1168', '47,791,793,827,829,863,865,899,901,935,937,971,973,1007,1009,1043,1045,1079,1081,1280,1282,1380,1382,1581,1583,1595', '1,659', '1,194,197,702', '1,75,77,86,89,90,93,280,282,1044', '1,1195', '1,31,33,411,414,436', '41,1039', '1,247,249,382', '1,260', '51,819', '42,410', '1,255,306,308', '1,866', '1,12', '1,50', '1,156', '1,171', '40,135', '1,1481', '63,63,97,188', '1,1200', '39,77', '1,169', '1,976', '45,238', '1,1', '1,1386', '45,330,332,908,910,991', '3,35']} 
DEBUG 2024-02-21 22:27:56.847 UTC: 	 Encoded data for curl request: dryrun=0&workflow=crab_SkimB4Mu_2023eraC-v2_stream2_Mini&saveoutput=1&savelogsflag=0&inputdata=%2FParkingDoubleMuonLowMass2%2FRun2023C-22Sep2023_v2-v1%2FMINIAOD&primarydataset=&nonvaliddata=1&dbsurl=https%3A%2F%2Fcmsweb.cern.ch%2Fdbs%2Fprod%2Fglobal%2FDBSReader&useparent=0&ignorelocality=0&splitalgo=LumiBased&algoargs=50&totalunits=0&publication=1&publishdbsurl=https%3A%2F%2Fcmsweb.cern.ch%2Fdbs%2Fprod%2Fphys03%2FDBSWriter&publishname2=SkimB4Mu_2023eraC-v2_stream2_Mini&jobtype=Analysis&generator=pythia&maxjobruntime=1250&numcores=1&maxmemory=2000&priority=10&nonprodsw=1&asyncdest=T2_IT_Bari&requireaccelerator=0&oneEventMode=0&ignoreglobalblacklist=1&partialdataset=0&jobarch=slc7_amd64_gcc11&jobsw=CMSSW_13_0_13&cacheurl=https%3A%2F%2Fcmsweb.cern.ch%2FS3%2Fcrabcache_prod&cachefilename=c21f585968b676319b78458a8dfff0d78967d784c1d5d78343c5cdc38d3be0e5.tar.gz&debugfilename=dad66a2315ee7cc2043bcb8b9746fdc8f1182d71972e386f88dcdcf362d0ce0f.tar.gz&tfileoutfiles=TreeData.root&runs=367095&runs=367100&runs=367102&runs=367103&runs=367104&runs=367111&runs=367112&runs=367127&runs=367128&runs=367129&runs=367130&runs=367131&runs=367133&runs=367228&runs=367229&runs=367230&runs=367231&runs=367232&runs=367234&runs=367260&runs=367262&runs=367263&runs=367264&runs=367267&runs=367269&runs=367270&runs=367271&runs=367312&runs=367314&runs=367315&runs=367334&runs=367336&runs=367337&runs=367355&runs=367406&runs=367413&runs=367415&runs=367416&runs=367475&runs=367477&runs=367515&runs=367516&runs=367552&runs=367553&runs=367554&runs=367615&runs=367618&runs=367619&runs=367661&runs=367662&runs=367663&runs=367665&runs=367666&runs=367691&runs=367696&runs=367699&runs=367730&runs=367742&runs=367758&runs=367770&runs=367771&runs=367772&runs=367790&runs=367831&runs=367836&runs=367838&runs=367840&runs=367881&runs=367883&runs=367884&runs=367902&runs=367904&runs=367905&runs=367906&runs=367907&runs=367908&runs=367910&runs=368223&runs=368224&runs=368229&runs=368318&runs=368320&runs=368321&runs=368332&runs=368333&runs=368343&runs=368382&runs=368384&runs=368388&runs=368389&runs=368400&runs=368410&runs=368412&runs=368423&runs=368451&runs=368453&runs=368454&runs=368489&runs=368546&runs=368547&runs=368548&runs=368566&runs=368567&runs=368609&runs=368611&runs=368613&runs=368636&runs=368669&runs=368670&runs=368672&runs=368674&runs=368675&runs=368676&runs=368678&runs=368684&runs=368685&runs=368723&runs=368724&runs=368746&runs=368749&runs=368753&runs=368762&runs=368764&runs=368765&runs=368822&runs=368823&lumis=1%2C564&lumis=45%2C390&lumis=1%2C75&lumis=1%2C64&lumis=1%2C1082&lumis=51%2C338&lumis=1%2C1438&lumis=18%2C350&lumis=1%2C2%2C6%2C6%2C11%2C12%2C14%2C15&lumis=1%2C3&lumis=1%2C2%2C6%2C9%2C13%2C126%2C135%2C167&lumis=1%2C149&lumis=1%2C275&lumis=55%2C280%2C285%2C287%2C292%2C294%2C298%2C304&lumis=1%2C34&lumis=1%2C1&lumis=1%2C22&lumis=1%2C996&lumis=1%2C501&lumis=52%2C69%2C72%2C240&lumis=1%2C42%2C49%2C119%2C123%2C271&lumis=10%2C21&lumis=1%2C847&lumis=45%2C322&lumis=1%2C33&lumis=1%2C961&lumis=1%2C135&lumis=53%2C225%2C227%2C269&lumis=1%2C20&lumis=1%2C893&lumis=26%2C324&lumis=1%2C169&lumis=1%2C1046&lumis=60%2C63&lumis=48%2C476&lumis=68%2C448%2C450%2C467%2C469%2C746%2C748%2C750%2C752%2C898%2C900%2C1340%2C1342%2C1367&lumis=1%2C97&lumis=1%2C55&lumis=56%2C634&lumis=1%2C1289&lumis=44%2C668&lumis=1%2C1236&lumis=49%2C59&lumis=1%2C644&lumis=1%2C312&lumis=53%2C484&lumis=18%2C341&lumis=1%2C300%2C302%2C501%2C503%2C579&lumis=50%2C366&lumis=1%2C18&lumis=1%2C1&lumis=1%2C271&lumis=1%2C11%2C16%2C86&lumis=46%2C204&lumis=1%2C856%2C858%2C1920&lumis=1%2C151&lumis=48%2C562&lumis=39%2C443&lumis=52%2C767&lumis=47%2C198&lumis=1%2C91&lumis=1%2C6&lumis=1%2C160&lumis=53%2C504&lumis=48%2C588&lumis=1%2C793&lumis=1%2C570&lumis=14%2C152&lumis=1%2C1050&lumis=1%2C1011&lumis=42%2C273&lumis=1%2C103&lumis=1%2C48&lumis=1%2C344&lumis=1%2C119&lumis=1%2C358&lumis=1%2C593&lumis=45%2C437%2C445%2C487&lumis=1%2C57&lumis=52%2C569&lumis=37%2C319&lumis=1%2C285&lumis=1%2C337&lumis=1%2C14&lumis=1%2C25&lumis=1%2C328&lumis=37%2C792&lumis=1%2C44&lumis=39%2C444%2C448%2C1431%2C1434%2C1472&lumis=1%2C198&lumis=40%2C271&lumis=49%2C1501&lumis=1%2C92&lumis=42%2C159%2C161%2C516&lumis=1%2C144&lumis=1%2C5&lumis=1%2C68%2C72%2C1168&lumis=47%2C791%2C793%2C827%2C829%2C863%2C865%2C899%2C901%2C935%2C937%2C971%2C973%2C1007%2C1009%2C1043%2C1045%2C1079%2C1081%2C1280%2C1282%2C1380%2C1382%2C1581%2C1583%2C1595&lumis=1%2C659&lumis=1%2C194%2C197%2C702&lumis=1%2C75%2C77%2C86%2C89%2C90%2C93%2C280%2C282%2C1044&lumis=1%2C1195&lumis=1%2C31%2C33%2C411%2C414%2C436&lumis=41%2C1039&lumis=1%2C247%2C249%2C382&lumis=1%2C260&lumis=51%2C819&lumis=42%2C410&lumis=1%2C255%2C306%2C308&lumis=1%2C866&lumis=1%2C12&lumis=1%2C50&lumis=1%2C156&lumis=1%2C171&lumis=40%2C135&lumis=1%2C1481&lumis=63%2C63%2C97%2C188&lumis=1%2C1200&lumis=39%2C77&lumis=1%2C169&lumis=1%2C976&lumis=45%2C238&lumis=1%2C1&lumis=1%2C1386&lumis=45%2C330%2C332%2C908%2C910%2C991&lumis=3%2C35
DEBUG 2024-02-21 22:27:57.064 UTC: 	 Result: {'result': [{'RequestName': '240221_222757:mbuonsan_crab_SkimB4Mu_2023eraC-v2_stream2_Mini'}]}
INFO 2024-02-21 22:27:57.066 UTC: 	 Success: Your task has been delivered to the prod CRAB3 server.
INFO 2024-02-21 22:27:57.066 UTC: 	 Task name: 240221_222757:mbuonsan_crab_SkimB4Mu_2023eraC-v2_stream2_Mini
INFO 2024-02-21 22:27:57.066 UTC: 	 Project dir: crab_projects/crab_SkimB4Mu_2023eraC-v2_stream2_Mini
INFO 2024-02-21 22:27:57.066 UTC: 	 Please use ' crab status -d crab_projects/crab_SkimB4Mu_2023eraC-v2_stream2_Mini ' to check how the submission process proceeds.
DEBUG 2024-02-21 22:27:57.066 UTC: 	 About to return
INFO 2024-02-21 22:27:57.071 UTC: 	 Log file is /lustrehome/mbuonsante/B_4mu/CMSSW_13_0_13/src/B4muNtuplizer/CrabSubmission/2023_eraC-v2/crab_projects/crab_SkimB4Mu_2023eraC-v2_stream2_Mini/crab.log
DEBUG 2024-02-22 18:03:41.806 UTC: 	 CRAB Client version: v3.240110
DEBUG 2024-02-22 18:03:41.807 UTC: 	 Running on: Linux ui02.recas.ba.infn.it 3.10.0-1160.80.1.el7.x86_64 #1 SMP Tue Nov 8 15:48:59 UTC 2022 x86_64 x86_64 x86_64 GNU/Linux - CentOS Linux 7 (Core)
DEBUG 2024-02-22 18:03:41.807 UTC: 	 Executing command: 'resubmit'
DEBUG 2024-02-22 18:03:41.807 UTC: 	 Found CRAB cache file /lustrehome/mbuonsante/.crab3
DEBUG 2024-02-22 18:03:41.826 UTC: 	 Checking credentials
DEBUG 2024-02-22 18:03:41.826 UTC: 	 Found proxy file /tmp/x509up_u881331
DEBUG 2024-02-22 18:03:41.826 UTC: 	 Making sure it has proper VOMS extension
DEBUG 2024-02-22 18:03:41.826 UTC: 	 Executing command :
 voms-proxy-info --vo --file /tmp/x509up_u881331
DEBUG 2024-02-22 18:03:43.108 UTC: 	 output : cms

 error: 
 retcode : 0
DEBUG 2024-02-22 18:03:43.108 UTC: 	 Getting proxy life time left
DEBUG 2024-02-22 18:03:43.108 UTC: 	 Executing command :
 voms-proxy-info --actimeleft --timeleft --file /tmp/x509up_u881331
DEBUG 2024-02-22 18:03:44.417 UTC: 	 output : 408993
408992

 error: 
 retcode : 0
DEBUG 2024-02-22 18:03:44.417 UTC: 	 Proxy valid for 113:36:32 hours
DEBUG 2024-02-22 18:03:44.418 UTC: 	 Encoded data for curl request: subresource=delegatedn
DEBUG 2024-02-22 18:03:44.598 UTC: 	 Registering user credentials on myproxy for /DC=ch/DC=cern/OU=computers/CN=crab-(preprod|prod|dev)-tw(01|02|03).cern.ch|/DC=ch/DC=cern/OU=computers/CN=stefanov(m|m2).cern.ch|/DC=ch/DC=cern/OU=computers/CN=dciangot-tw.cern.ch
DEBUG 2024-02-22 18:03:44.598 UTC: 	 Executing command :
 voms-proxy-info --identity --file /tmp/x509up_u881331
DEBUG 2024-02-22 18:03:45.885 UTC: 	 output : /DC=ch/DC=cern/OU=Organic Units/OU=Users/CN=mbuonsan/CN=866052/CN=Marco Buonsante

 error: 
 retcode : 0
DEBUG 2024-02-22 18:03:45.886 UTC: 	 Getting myproxy life time left for db438794163ae221c16ac5cdc1e476b2bc2ff634
DEBUG 2024-02-22 18:03:45.886 UTC: 	 Executing command :
 myproxy-info -s myproxy.cern.ch -l db438794163ae221c16ac5cdc1e476b2bc2ff634
DEBUG 2024-02-22 18:03:46.258 UTC: 	 output : username: db438794163ae221c16ac5cdc1e476b2bc2ff634
owner: /DC=ch/DC=cern/OU=Organic Units/OU=Users/CN=mbuonsan/CN=866052/CN=Marco Buonsante
  renewal policy: /DC=ch/DC=cern/OU=computers/CN=crab-(preprod|prod|dev)-tw(01|02|03).cern.ch|/DC=ch/DC=cern/OU=computers/CN=stefanov(m|m2).cern.ch|/DC=ch/DC=cern/OU=computers/CN=dciangot-tw.cern.ch
  trusted retrieval policy: /DC=ch/DC=cern/OU=computers/CN=crab-(preprod|prod|dev)-tw(01|02|03).cern.ch|/DC=ch/DC=cern/OU=computers/CN=stefanov(m|m2).cern.ch|/DC=ch/DC=cern/OU=computers/CN=dciangot-tw.cern.ch
  timeleft: 473:37:41  (19.7 days)

 error: 
 retcode : 0
DEBUG 2024-02-22 18:03:46.259 UTC: 	 Myproxy is valid: 1705020
DEBUG 2024-02-22 18:03:46.259 UTC: 	 Result of myproxy credential check:
  Credential exists on myproxy: username: db438794163ae221c16ac5cdc1e476b2bc2ff634  - validity: 19 days, 17:37:00
DEBUG 2024-02-22 18:03:46.259 UTC: 	 Encoded data for curl request: subresource=search&workflow=240221_222757%3Ambuonsan_crab_SkimB4Mu_2023eraC-v2_stream2_Mini
DEBUG 2024-02-22 18:03:46.437 UTC: 	 Command use: resubmit
DEBUG 2024-02-22 18:03:46.437 UTC: 	 Options use: ['-d', 'crab_projects/crab_SkimB4Mu_2023eraC-v2_stream2_Mini']
DEBUG 2024-02-22 18:03:46.437 UTC: 	 Encoded data for curl request: subresource=version
DEBUG 2024-02-22 18:03:46.614 UTC: 	 CRABClient version: v3.240110
DEBUG 2024-02-22 18:03:46.614 UTC: 	 Instance is prod
DEBUG 2024-02-22 18:03:46.614 UTC: 	 Server base url is cmsweb.cern.ch
DEBUG 2024-02-22 18:03:46.614 UTC: 	 Command api workflow
DEBUG 2024-02-22 18:03:46.630 UTC: 	 CRAB Client version: v3.240110
DEBUG 2024-02-22 18:03:46.630 UTC: 	 Running on: Linux ui02.recas.ba.infn.it 3.10.0-1160.80.1.el7.x86_64 #1 SMP Tue Nov 8 15:48:59 UTC 2022 x86_64 x86_64 x86_64 GNU/Linux - CentOS Linux 7 (Core)
DEBUG 2024-02-22 18:03:46.630 UTC: 	 Executing command: 'status'
DEBUG 2024-02-22 18:03:46.630 UTC: 	 Found CRAB cache file /lustrehome/mbuonsante/.crab3
DEBUG 2024-02-22 18:03:46.633 UTC: 	 Checking credentials
DEBUG 2024-02-22 18:03:46.633 UTC: 	 Found proxy file /tmp/x509up_u881331
DEBUG 2024-02-22 18:03:46.633 UTC: 	 Making sure it has proper VOMS extension
DEBUG 2024-02-22 18:03:46.633 UTC: 	 Executing command :
 voms-proxy-info --vo --file /tmp/x509up_u881331
DEBUG 2024-02-22 18:03:47.831 UTC: 	 output : cms

 error: 
 retcode : 0
DEBUG 2024-02-22 18:03:47.831 UTC: 	 Getting proxy life time left
DEBUG 2024-02-22 18:03:47.831 UTC: 	 Executing command :
 voms-proxy-info --actimeleft --timeleft --file /tmp/x509up_u881331
DEBUG 2024-02-22 18:03:49.055 UTC: 	 output : 408988
408987

 error: 
 retcode : 0
DEBUG 2024-02-22 18:03:49.055 UTC: 	 Proxy valid for 113:36:27 hours
DEBUG 2024-02-22 18:03:49.055 UTC: 	 Encoded data for curl request: subresource=delegatedn
DEBUG 2024-02-22 18:03:49.233 UTC: 	 Registering user credentials on myproxy for /DC=ch/DC=cern/OU=computers/CN=crab-(preprod|prod|dev)-tw(01|02|03).cern.ch|/DC=ch/DC=cern/OU=computers/CN=stefanov(m|m2).cern.ch|/DC=ch/DC=cern/OU=computers/CN=dciangot-tw.cern.ch
DEBUG 2024-02-22 18:03:49.233 UTC: 	 Executing command :
 voms-proxy-info --identity --file /tmp/x509up_u881331
DEBUG 2024-02-22 18:03:50.442 UTC: 	 output : /DC=ch/DC=cern/OU=Organic Units/OU=Users/CN=mbuonsan/CN=866052/CN=Marco Buonsante

 error: 
 retcode : 0
DEBUG 2024-02-22 18:03:50.443 UTC: 	 Getting myproxy life time left for db438794163ae221c16ac5cdc1e476b2bc2ff634
DEBUG 2024-02-22 18:03:50.443 UTC: 	 Executing command :
 myproxy-info -s myproxy.cern.ch -l db438794163ae221c16ac5cdc1e476b2bc2ff634
DEBUG 2024-02-22 18:03:50.771 UTC: 	 output : username: db438794163ae221c16ac5cdc1e476b2bc2ff634
owner: /DC=ch/DC=cern/OU=Organic Units/OU=Users/CN=mbuonsan/CN=866052/CN=Marco Buonsante
  renewal policy: /DC=ch/DC=cern/OU=computers/CN=crab-(preprod|prod|dev)-tw(01|02|03).cern.ch|/DC=ch/DC=cern/OU=computers/CN=stefanov(m|m2).cern.ch|/DC=ch/DC=cern/OU=computers/CN=dciangot-tw.cern.ch
  trusted retrieval policy: /DC=ch/DC=cern/OU=computers/CN=crab-(preprod|prod|dev)-tw(01|02|03).cern.ch|/DC=ch/DC=cern/OU=computers/CN=stefanov(m|m2).cern.ch|/DC=ch/DC=cern/OU=computers/CN=dciangot-tw.cern.ch
  timeleft: 473:37:37  (19.7 days)

 error: 
 retcode : 0
DEBUG 2024-02-22 18:03:50.772 UTC: 	 Myproxy is valid: 1705020
DEBUG 2024-02-22 18:03:50.772 UTC: 	 Result of myproxy credential check:
  Credential exists on myproxy: username: db438794163ae221c16ac5cdc1e476b2bc2ff634  - validity: 19 days, 17:37:00
DEBUG 2024-02-22 18:03:50.772 UTC: 	 Retrieving username ...
DEBUG 2024-02-22 18:03:50.772 UTC: 	 Retrieving username from CRIC...
DEBUG 2024-02-22 18:03:51.799 UTC: 	 username is mbuonsan
INFO 2024-02-22 18:03:53.127 UTC: 	 Rucio client intialized for account mbuonsan
DEBUG 2024-02-22 18:03:53.128 UTC: 	 Command use: status
DEBUG 2024-02-22 18:03:53.128 UTC: 	 Options use: []
DEBUG 2024-02-22 18:03:53.128 UTC: 	 Encoded data for curl request: subresource=version
DEBUG 2024-02-22 18:03:53.321 UTC: 	 CRABClient version: v3.240110
DEBUG 2024-02-22 18:03:53.321 UTC: 	 Instance is prod
DEBUG 2024-02-22 18:03:53.321 UTC: 	 Server base url is cmsweb.cern.ch
DEBUG 2024-02-22 18:03:53.321 UTC: 	 Command api workflow
DEBUG 2024-02-22 18:03:53.322 UTC: 	 Encoded data for curl request: subresource=search&workflow=240221_222757%3Ambuonsan_crab_SkimB4Mu_2023eraC-v2_stream2_Mini
DEBUG 2024-02-22 18:03:53.517 UTC: 	 Got information from server oracle database: {'desc': {'columns': ['tm_taskname', 'tm_activity', 'panda_jobset_id', 'tm_task_status', 'tm_task_command', 'tm_start_time', 'tm_start_injection', 'tm_end_injection', 'tm_task_failure', 'tm_job_sw', 'tm_job_arch', 'tm_input_dataset', 'tm_nonvalid_input_dataset', 'tm_use_parent', 'tm_site_whitelist', 'tm_site_blacklist', 'tm_split_algo', 'tm_split_args', 'tm_user_sandbox', 'tm_cache_url', 'tm_username', 'tm_user_dn', 'tm_user_vo', 'tm_user_role', 'tm_user_group', 'tm_publish_name', 'tm_publish_groupname', 'tm_asyncdest', 'tm_dbs_url', 'tm_publish_dbs_url', 'tm_publication', 'tm_outfiles', 'tm_tfile_outfiles', 'tm_edm_outfiles', 'tm_job_type', 'tm_generator', 'tm_events_per_lumi', 'tm_arguments', 'panda_resubmitted_jobs', 'tm_save_logs', 'tw_name', 'tm_user_infiles', 'tm_maxjobruntime', 'tm_numcores', 'tm_maxmemory', 'tm_priority', 'tm_output_dataset', 'tm_task_warnings', 'tm_user_webdir', 'tm_scriptexe', 'tm_scriptargs', 'tm_extrajdl', 'tm_asourl', 'tm_collector', 'tm_schedd', 'tm_dry_run', 'tm_user_files', 'tm_transfer_outputs', 'tm_output_lfn', 'tm_ignore_locality', 'tm_fail_limit', 'tm_one_event_mode', 'tm_secondary_input_dataset', 'tm_primary_dataset', 'tm_last_publication', 'tm_debug_files', 'clusterid', 'tm_asodb', 'tm_ignore_global_blacklist', 'tm_submitter_ip_addr', 'tm_totalunits', 'tm_ddm_reqid', 'tm_user_config', 'tm_transfer_container', 'tm_transfer_rule', 'tm_publish_rule', 'tm_multipub_rule']}, 'result': ['240221_222757:mbuonsan_crab_SkimB4Mu_2023eraC-v2_stream2_Mini', 'None', 'None', 'SUBMITTED', 'SUBMIT', '2024-02-21 22:27:57.039431', 'None', '2024-02-21 22:30:07.288933', 'None', 'CMSSW_13_0_13', 'slc7_amd64_gcc11', '/ParkingDoubleMuonLowMass2/Run2023C-22Sep2023_v2-v1/MINIAOD', 'T', '0', '[]', '[]', 'LumiBased', "{'halt_job_on_file_boundaries': False, 'splitOnRun': False, 'lumis_per_job': 50, 'runs': ['367095', '367100', '367102', '367103', '367104', '367111', '367112', '367127', '367128', '367129', '367130', '367131', '367133', '367228', '367229', '367230', '367231', '367232', '367234', '367260', '367262', '367263', '367264', '367267', '367269', '367270', '367271', '367312', '367314', '367315', '367334', '367336', '367337', '367355', '367406', '367413', '367415', '367416', '367475', '367477', '367515', '367516', '367552', '367553', '367554', '367615', '367618', '367619', '367661', '367662', '367663', '367665', '367666', '367691', '367696', '367699', '367730', '367742', '367758', '367770', '367771', '367772', '367790', '367831', '367836', '367838', '367840', '367881', '367883', '367884', '367902', '367904', '367905', '367906', '367907', '367908', '367910', '368223', '368224', '368229', '368318', '368320', '368321', '368332', '368333', '368343', '368382', '368384', '368388', '368389', '368400', '368410', '368412', '368423', '368451', '368453', '368454', '368489', '368546', '368547', '368548', '368566', '368567', '368609', '368611', '368613', '368636', '368669', '368670', '368672', '368674', '368675', '368676', '368678', '368684', '368685', '368723', '368724', '368746', '368749', '368753', '368762', '368764', '368765', '368822', '368823'], 'lumis': ['1,564', '45,390', '1,75', '1,64', '1,1082', '51,338', '1,1438', '18,350', '1,2,6,6,11,12,14,15', '1,3', '1,2,6,9,13,126,135,167', '1,149', '1,275', '55,280,285,287,292,294,298,304', '1,34', '1,1', '1,22', '1,996', '1,501', '52,69,72,240', '1,42,49,119,123,271', '10,21', '1,847', '45,322', '1,33', '1,961', '1,135', '53,225,227,269', '1,20', '1,893', '26,324', '1,169', '1,1046', '60,63', '48,476', '68,448,450,467,469,746,748,750,752,898,900,1340,1342,1367', '1,97', '1,55', '56,634', '1,1289', '44,668', '1,1236', '49,59', '1,644', '1,312', '53,484', '18,341', '1,300,302,501,503,579', '50,366', '1,18', '1,1', '1,271', '1,11,16,86', '46,204', '1,856,858,1920', '1,151', '48,562', '39,443', '52,767', '47,198', '1,91', '1,6', '1,160', '53,504', '48,588', '1,793', '1,570', '14,152', '1,1050', '1,1011', '42,273', '1,103', '1,48', '1,344', '1,119', '1,358', '1,593', '45,437,445,487', '1,57', '52,569', '37,319', '1,285', '1,337', '1,14', '1,25', '1,328', '37,792', '1,44', '39,444,448,1431,1434,1472', '1,198', '40,271', '49,1501', '1,92', '42,159,161,516', '1,144', '1,5', '1,68,72,1168', '47,791,793,827,829,863,865,899,901,935,937,971,973,1007,1009,1043,1045,1079,1081,1280,1282,1380,1382,1581,1583,1595', '1,659', '1,194,197,702', '1,75,77,86,89,90,93,280,282,1044', '1,1195', '1,31,33,411,414,436', '41,1039', '1,247,249,382', '1,260', '51,819', '42,410', '1,255,306,308', '1,866', '1,12', '1,50', '1,156', '1,171', '40,135', '1,1481', '63,63,97,188', '1,1200', '39,77', '1,169', '1,976', '45,238', '1,1', '1,1386', '45,330,332,908,910,991', '3,35']}", 'c21f585968b676319b78458a8dfff0d78967d784c1d5d78343c5cdc38d3be0e5.tar.gz', 'https://cmsweb.cern.ch/S3/crabcache_prod', 'mbuonsan', '/DC=ch/DC=cern/OU=Organic Units/OU=Users/CN=mbuonsan/CN=866052/CN=Marco Buonsante', 'cms', 'None', 'None', 'SkimB4Mu_2023eraC-v2_stream2_Mini-00000000000000000000000000000000', 'F', 'T2_IT_Bari', 'https://cmsweb.cern.ch/dbs/prod/global/DBSReader', 'https://cmsweb.cern.ch/dbs/prod/phys03/DBSWriter', 'T', '[]', "['TreeData.root']", '[]', 'Analysis', 'pythia', 'None', '{}', 'None', 'F', 'crab-prod-tw01', '[]', '1250', '1', '2000', '10', "['/FakeDataset/fakefile-FakePublish-e02fec71732f30eb847053b3e19c99cf/USER']", '[]', 'http://vocms0144.cern.ch/mon/mbuonsan/240221_222757:mbuonsan_crab_SkimB4Mu_2023eraC-v2_stream2_Mini', 'None', '[]', '[]', 'None', 'cmsgwms-collector-global.cern.ch:9620,cmsgwms-collector-global.fnal.gov:9620', 'crab3@vocms0144.cern.ch', 'F', '[]', 'T', '/store/user/mbuonsan/', 'F', 'None', 'F', 'None', 'ParkingDoubleMuonLowMass2', 'None', 'dad66a2315ee7cc2043bcb8b9746fdc8f1182d71972e386f88dcdcf362d0ce0f.tar.gz', '103686035', 'None', 'T', '188.185.101.116', '0.0', 'None', '{"partialdataset": false, "requireaccelerator": false, "acceleratorparams": null, "inputblocks": null}', 'None', 'None', 'None', 'None']}
INFO 2024-02-22 18:03:53.518 UTC: 	 CRAB project directory:		/lustrehome/mbuonsante/B_4mu/CMSSW_13_0_13/src/B4muNtuplizer/CrabSubmission/2023_eraC-v2/crab_projects/crab_SkimB4Mu_2023eraC-v2_stream2_Mini
INFO 2024-02-22 18:03:53.518 UTC: 	 Task name:			240221_222757:mbuonsan_crab_SkimB4Mu_2023eraC-v2_stream2_Mini
INFO 2024-02-22 18:03:53.518 UTC: 	 Grid scheduler - Task Worker:	crab3@vocms0144.cern.ch - crab-prod-tw01
INFO 2024-02-22 18:03:53.518 UTC: 	 Status on the CRAB server:	SUBMITTED
INFO 2024-02-22 18:03:53.518 UTC: 	 Task URL to use for HELP:	https://cmsweb.cern.ch/crabserver/ui/task/240221_222757%3Ambuonsan_crab_SkimB4Mu_2023eraC-v2_stream2_Mini
INFO 2024-02-22 18:03:53.527 UTC: 	 Dashboard monitoring URL:	https://monit-grafana.cern.ch/d/cmsTMDetail/cms-task-monitoring-task-view?orgId=11&var-user=mbuonsan&var-task=240221_222757%3Ambuonsan_crab_SkimB4Mu_2023eraC-v2_stream2_Mini&from=1708550877000&to=now
DEBUG 2024-02-22 18:03:53.527 UTC: 	 The CRAB server submitted your task to the Grid scheduler (cluster ID: 103686035)
DEBUG 2024-02-22 18:03:53.527 UTC: 	 Webdir is located at http://vocms0144.cern.ch/mon/mbuonsan/240221_222757:mbuonsan_crab_SkimB4Mu_2023eraC-v2_stream2_Mini
DEBUG 2024-02-22 18:03:53.527 UTC: 	 Encoded data for curl request: subresource=webdirprx&workflow=240221_222757%3Ambuonsan_crab_SkimB4Mu_2023eraC-v2_stream2_Mini
DEBUG 2024-02-22 18:03:53.700 UTC: 	 Proxied webdir is located at https://cmsweb.cern.ch:8443/scheddmon/0144/mbuonsan/240221_222757:mbuonsan_crab_SkimB4Mu_2023eraC-v2_stream2_Mini
DEBUG 2024-02-22 18:03:53.700 UTC: 	 Retrieving 'status_cache' file from https://cmsweb.cern.ch:8443/scheddmon/0144/mbuonsan/240221_222757:mbuonsan_crab_SkimB4Mu_2023eraC-v2_stream2_Mini/status_cache.pkl
DEBUG 2024-02-22 18:03:53.701 UTC: 	 Will execute:
curl -sS --capath /etc/grid-security/certificates --cert /tmp/x509up_u881331 --key /tmp/x509up_u881331 -o /tmp/crab_status-cache-frkc4s6f.pkl -w %"{http_code}" "https://cmsweb.cern.ch:8443/scheddmon/0144/mbuonsan/240221_222757:mbuonsan_crab_SkimB4Mu_2023eraC-v2_stream2_Mini/status_cache.pkl"
DEBUG 2024-02-22 18:03:53.701 UTC: 	 Executing command :
 curl -sS --capath /etc/grid-security/certificates --cert /tmp/x509up_u881331 --key /tmp/x509up_u881331 -o /tmp/crab_status-cache-frkc4s6f.pkl -w %"{http_code}" "https://cmsweb.cern.ch:8443/scheddmon/0144/mbuonsan/240221_222757:mbuonsan_crab_SkimB4Mu_2023eraC-v2_stream2_Mini/status_cache.pkl"
DEBUG 2024-02-22 18:03:53.927 UTC: 	 output : 200
 error: 
 retcode : 0
DEBUG 2024-02-22 18:03:53.927 UTC: 	 exitcode: 0
stdout: 200
stderr: 
error details: 
DEBUG 2024-02-22 18:03:53.928 UTC: 	 Got information from status cache file: {'1': {'Retries': 0, 'Restarts': 0, 'SiteHistory': ['Unknown', 'T2_FR_IPHC', 'T2_FR_IPHC'], 'ResidentSetSize': [81752], 'SubmitTimes': [1708554618.0], 'StartTimes': [1708559009.0], 'EndTimes': [1708559216.0], 'TotalUserCpuTimeHistory': [154], 'TotalSysCpuTimeHistory': [5], 'WallDurations': [8.0, 188.611074924469, 207.0], 'JobIds': ['103686065.0'], 'State': 'finished', 'RecordedSite': True}, '2': {'Retries': 0, 'Restarts': 0, 'SiteHistory': ['Unknown', 'T1_US_FNAL', 'T1_US_FNAL'], 'ResidentSetSize': [1476372], 'SubmitTimes': [1708554618.0], 'StartTimes': [1708563301.0], 'EndTimes': [1708565114.0], 'TotalUserCpuTimeHistory': [1599], 'TotalSysCpuTimeHistory': [39], 'WallDurations': [8.0, 121.66996335983276, 1813.0], 'JobIds': ['103686067.0'], 'State': 'finished', 'RecordedSite': True}, '5': {'Retries': 0, 'Restarts': 0, 'SiteHistory': ['Unknown', 'T1_US_FNAL', 'T1_US_FNAL'], 'ResidentSetSize': [1403848], 'SubmitTimes': [1708554618.0], 'StartTimes': [1708563306.0], 'EndTimes': [1708565249.0], 'TotalUserCpuTimeHistory': [1706], 'TotalSysCpuTimeHistory': [46], 'WallDurations': [9.0, 116.66996335983276, 1943.0], 'JobIds': ['103686069.0'], 'State': 'finished', 'RecordedSite': True}, '4': {'Retries': 0, 'Restarts': 0, 'SiteHistory': ['Unknown', 'T1_US_FNAL', 'T1_US_FNAL'], 'ResidentSetSize': [1447996], 'SubmitTimes': [1708554618.0], 'StartTimes': [1708563366.0], 'EndTimes': [1708564751.0], 'TotalUserCpuTimeHistory': [1218], 'TotalSysCpuTimeHistory': [29], 'WallDurations': [9.0, 56.669963359832764, 1385.0], 'JobIds': ['103686071.0'], 'State': 'finished', 'RecordedSite': True}, '3': {'Retries': 0, 'Restarts': 0, 'SiteHistory': ['Unknown', 'T1_US_FNAL', 'T1_US_FNAL'], 'ResidentSetSize': [1465484], 'SubmitTimes': [1708554618.0], 'StartTimes': [1708563370.0], 'EndTimes': [1708564629.0], 'TotalUserCpuTimeHistory': [1053], 'TotalSysCpuTimeHistory': [27], 'WallDurations': [9.0, 52.669963359832764, 1259.0], 'JobIds': ['103686073.0'], 'State': 'finished', 'RecordedSite': True}, '8': {'Retries': 0, 'Restarts': 0, 'SiteHistory': ['Unknown', 'T1_US_FNAL', 'T1_US_FNAL'], 'ResidentSetSize': [1399696], 'SubmitTimes': [1708554618.0], 'StartTimes': [1708558151.0], 'EndTimes': [1708559147.0], 'TotalUserCpuTimeHistory': [866], 'TotalSysCpuTimeHistory': [24], 'WallDurations': [9.0, 141.11610889434814, 996.0], 'JobIds': ['103686075.0'], 'State': 'finished', 'RecordedSite': True}, '7': {'Retries': 0, 'Restarts': 0, 'SiteHistory': ['Unknown', 'T1_US_FNAL', 'T1_US_FNAL'], 'ResidentSetSize': [1438464], 'SubmitTimes': [1708554618.0], 'StartTimes': [1708558155.0], 'EndTimes': [1708559919.0], 'TotalUserCpuTimeHistory': [1586], 'TotalSysCpuTimeHistory': [49], 'WallDurations': [9.0, 137.11610889434814, 1764.0], 'JobIds': ['103686077.0'], 'State': 'finished', 'RecordedSite': True}, '6': {'Retries': 0, 'Restarts': 0, 'SiteHistory': ['Unknown', 'T1_US_FNAL', 'T1_US_FNAL'], 'ResidentSetSize': [1425088], 'SubmitTimes': [1708554618.0], 'StartTimes': [1708558155.0], 'EndTimes': [1708559703.0], 'TotalUserCpuTimeHistory': [1057], 'TotalSysCpuTimeHistory': [27], 'WallDurations': [8.0, 137.11610889434814, 1548.0], 'JobIds': ['103686079.0'], 'State': 'finished', 'RecordedSite': True}, '12': {'Retries': 0, 'Restarts': 0, 'SiteHistory': ['Unknown', 'T1_US_FNAL', 'T1_US_FNAL'], 'ResidentSetSize': [1254368], 'SubmitTimes': [1708554619.0], 'StartTimes': [1708558157.0], 'EndTimes': [1708559439.0], 'TotalUserCpuTimeHistory': [1094], 'TotalSysCpuTimeHistory': [41], 'WallDurations': [9.0, 135.11610889434814, 1282.0], 'JobIds': ['103686081.0'], 'State': 'finished', 'RecordedSite': True}, '9': {'Retries': 0, 'Restarts': 0, 'SiteHistory': ['Unknown', 'T1_US_FNAL', 'T1_US_FNAL'], 'ResidentSetSize': [1280180], 'SubmitTimes': [1708554620.0], 'StartTimes': [1708558158.0], 'EndTimes': [1708559217.0], 'TotalUserCpuTimeHistory': [783], 'TotalSysCpuTimeHistory': [23], 'WallDurations': [9.0, 134.11610889434814, 1059.0], 'JobIds': ['103686083.0'], 'State': 'finished', 'RecordedSite': True}, '10': {'Retries': 0, 'Restarts': 0, 'SiteHistory': ['Unknown', 'T1_US_FNAL', 'T1_US_FNAL'], 'ResidentSetSize': [1265872], 'SubmitTimes': [1708554620.0], 'StartTimes': [1708558156.0], 'EndTimes': [1708558992.0], 'TotalUserCpuTimeHistory': [709], 'TotalSysCpuTimeHistory': [21], 'WallDurations': [8.0, 136.11610889434814, 836.0], 'JobIds': ['103686085.0'], 'State': 'finished', 'RecordedSite': True}, '16': {'Retries': 1, 'Restarts': 0, 'SiteHistory': ['Unknown', 'T1_US_FNAL', 'T1_US_FNAL', 'T1_US_FNAL', 'T1_US_FNAL'], 'ResidentSetSize': [1461492, 1316548], 'SubmitTimes': [1708554620.0, 1708561713.0], 'StartTimes': [1708558154.0, 1708561724.0], 'EndTimes': [1708559840.0, 1708563767.0], 'TotalUserCpuTimeHistory': [1142, 1790], 'TotalSysCpuTimeHistory': [35, 58], 'WallDurations': [9.0, 138.11610889434814, 1686.0, 10.0, 2043.0], 'JobIds': ['103686087.0', '103689183.0'], 'State': 'finished', 'RecordedSite': True}, '18': {'Retries': 0, 'Restarts': 0, 'SiteHistory': ['Unknown', 'T1_US_FNAL', 'T1_US_FNAL'], 'ResidentSetSize': [1564240], 'SubmitTimes': [1708554620.0], 'StartTimes': [1708558155.0], 'EndTimes': [1708559856.0], 'TotalUserCpuTimeHistory': [1446], 'TotalSysCpuTimeHistory': [40], 'WallDurations': [8.0, 137.11610889434814, 1701.0], 'JobIds': ['103686090.0'], 'State': 'finished', 'RecordedSite': True}, '17': {'Retries': 0, 'Restarts': 0, 'SiteHistory': ['Unknown', 'T1_US_FNAL', 'T1_US_FNAL'], 'ResidentSetSize': [1464264], 'SubmitTimes': [1708554620.0], 'StartTimes': [1708558156.0], 'EndTimes': [1708560607.0], 'TotalUserCpuTimeHistory': [1770], 'TotalSysCpuTimeHistory': [40], 'WallDurations': [9.0, 136.11610889434814, 2451.0], 'JobIds': ['103686092.0'], 'State': 'finished', 'RecordedSite': True}, '15': {'Retries': 0, 'Restarts': 0, 'SiteHistory': ['Unknown', 'T1_US_FNAL', 'T1_US_FNAL'], 'ResidentSetSize': [1482108], 'SubmitTimes': [1708554620.0], 'StartTimes': [1708558161.0], 'EndTimes': [1708559926.0], 'TotalUserCpuTimeHistory': [1289], 'TotalSysCpuTimeHistory': [38], 'WallDurations': [10.0, 131.11610889434814, 1765.0], 'JobIds': ['103686094.0'], 'State': 'finished', 'RecordedSite': True}, '11': {'Retries': 0, 'Restarts': 0, 'SiteHistory': ['Unknown', 'T1_US_FNAL', 'T1_US_FNAL'], 'ResidentSetSize': [1302752], 'SubmitTimes': [1708554621.0], 'StartTimes': [1708558157.0], 'EndTimes': [1708559753.0], 'TotalUserCpuTimeHistory': [1180], 'TotalSysCpuTimeHistory': [44], 'WallDurations': [10.0, 135.11610889434814, 1596.0], 'JobIds': ['103686096.0'], 'State': 'finished', 'RecordedSite': True}, '13': {'Retries': 0, 'Restarts': 0, 'SiteHistory': ['Unknown', 'T1_US_FNAL', 'T1_US_FNAL'], 'ResidentSetSize': [1264300], 'SubmitTimes': [1708554621.0], 'StartTimes': [1708558156.0], 'EndTimes': [1708559393.0], 'TotalUserCpuTimeHistory': [1020], 'TotalSysCpuTimeHistory': [34], 'WallDurations': [10.0, 136.11610889434814, 1237.0], 'JobIds': ['103686098.0'], 'State': 'finished', 'RecordedSite': True}, '14': {'Retries': 0, 'Restarts': 0, 'SiteHistory': ['Unknown', 'T1_US_FNAL', 'T1_US_FNAL'], 'ResidentSetSize': [1326388], 'SubmitTimes': [1708554621.0], 'StartTimes': [1708558156.0], 'EndTimes': [1708558943.0], 'TotalUserCpuTimeHistory': [645], 'TotalSysCpuTimeHistory': [22], 'WallDurations': [9.0, 136.11610889434814, 787.0], 'JobIds': ['103686100.0'], 'State': 'finished', 'RecordedSite': True}, '19': {'Retries': 0, 'Restarts': 0, 'SiteHistory': ['Unknown', 'T1_US_FNAL', 'T1_US_FNAL'], 'ResidentSetSize': [1463568], 'SubmitTimes': [1708554621.0], 'StartTimes': [1708558155.0], 'EndTimes': [1708559163.0], 'TotalUserCpuTimeHistory': [848], 'TotalSysCpuTimeHistory': [23], 'WallDurations': [8.0, 137.11610889434814, 1008.0], 'JobIds': ['103686102.0'], 'State': 'finished', 'RecordedSite': True}, '20': {'Retries': 0, 'Restarts': 0, 'SiteHistory': ['Unknown', 'T1_US_FNAL', 'T1_US_FNAL'], 'ResidentSetSize': [1493676], 'SubmitTimes': [1708554621.0], 'StartTimes': [1708558159.0], 'EndTimes': [1708559962.0], 'TotalUserCpuTimeHistory': [1100], 'TotalSysCpuTimeHistory': [28], 'WallDurations': [9.0, 133.11610889434814, 1803.0], 'JobIds': ['103686104.0'], 'State': 'finished', 'RecordedSite': True}, '23': {'Retries': 0, 'Restarts': 0, 'SiteHistory': ['Unknown', 'T1_US_FNAL', 'T1_US_FNAL'], 'ResidentSetSize': [1556640], 'SubmitTimes': [1708554621.0], 'StartTimes': [1708558155.0], 'EndTimes': [1708559962.0], 'TotalUserCpuTimeHistory': [1672], 'TotalSysCpuTimeHistory': [36], 'WallDurations': [9.0, 137.11610889434814, 1807.0], 'JobIds': ['103686106.0'], 'State': 'finished', 'RecordedSite': True}, '26': {'Retries': 0, 'Restarts': 0, 'SiteHistory': ['Unknown', 'T1_US_FNAL', 'T1_US_FNAL'], 'ResidentSetSize': [1454784], 'SubmitTimes': [1708554621.0], 'StartTimes': [1708558156.0], 'EndTimes': [1708561209.0], 'TotalUserCpuTimeHistory': [2375], 'TotalSysCpuTimeHistory': [86], 'WallDurations': [10.0, 136.11610889434814, 3053.0], 'JobIds': ['103686108.0'], 'State': 'finished', 'RecordedSite': True}, '30': {'Retries': 0, 'Restarts': 0, 'SiteHistory': ['Unknown', 'T2_CH_CSCS', 'T2_CH_CSCS'], 'ResidentSetSize': [976360], 'SubmitTimes': [1708554621.0], 'StartTimes': [1708557211.0], 'EndTimes': [1708558098.0], 'TotalUserCpuTimeHistory': [468], 'TotalSysCpuTimeHistory': [14], 'WallDurations': [9.0, 174.2441544532776, 887.0], 'JobIds': ['103686110.0'], 'State': 'finished', 'RecordedSite': True}, '24': {'Retries': 0, 'Restarts': 0, 'SiteHistory': ['Unknown', 'T1_US_FNAL', 'T1_US_FNAL'], 'ResidentSetSize': [1454568], 'SubmitTimes': [1708554621.0], 'StartTimes': [1708558157.0], 'EndTimes': [1708561518.0], 'TotalUserCpuTimeHistory': [3011], 'TotalSysCpuTimeHistory': [91], 'WallDurations': [9.0, 135.11610889434814, 3361.0], 'JobIds': ['103686112.0'], 'State': 'finished', 'RecordedSite': True}, '25': {'Retries': 0, 'Restarts': 0, 'SiteHistory': ['Unknown', 'T1_US_FNAL', 'T1_US_FNAL'], 'ResidentSetSize': [1563008], 'SubmitTimes': [1708554621.0], 'StartTimes': [1708558156.0], 'EndTimes': [1708560368.0], 'TotalUserCpuTimeHistory': [1952], 'TotalSysCpuTimeHistory': [47], 'WallDurations': [10.0, 136.11610889434814, 2212.0], 'JobIds': ['103686114.0'], 'State': 'finished', 'RecordedSite': True}, '22': {'Retries': 0, 'Restarts': 0, 'SiteHistory': ['Unknown', 'T1_US_FNAL', 'T1_US_FNAL'], 'ResidentSetSize': [1568980], 'SubmitTimes': [1708554621.0], 'StartTimes': [1708558158.0], 'EndTimes': [1708560315.0], 'TotalUserCpuTimeHistory': [1967], 'TotalSysCpuTimeHistory': [43], 'WallDurations': [10.0, 134.11610889434814, 2157.0], 'JobIds': ['103686116.0'], 'State': 'finished', 'RecordedSite': True}, '37': {'Retries': 1, 'Restarts': 0, 'SiteHistory': ['T2_UK_London_IC', 'T2_UK_London_IC', 'T1_US_FNAL', 'T1_US_FNAL'], 'ResidentSetSize': [1304672, 2135536], 'SubmitTimes': [1708554621.0, 1708559509.0], 'StartTimes': [1708554631.0, 1708559537.0], 'EndTimes': [1708557638.0, 1708562010.0], 'TotalUserCpuTimeHistory': [2726, 1778], 'TotalSysCpuTimeHistory': [70, 42], 'WallDurations': [9.0, 3007.0, 9.0, 2473.0], 'JobIds': ['103686118.0', '103689052.0'], 'State': 'finished', 'RecordedSite': True}, '27': {'Retries': 0, 'Restarts': 0, 'SiteHistory': ['Unknown', 'T1_US_FNAL', 'T1_US_FNAL'], 'ResidentSetSize': [1423908], 'SubmitTimes': [1708554621.0], 'StartTimes': [1708558159.0], 'EndTimes': [1708559204.0], 'TotalUserCpuTimeHistory': [906], 'TotalSysCpuTimeHistory': [24], 'WallDurations': [8.0, 133.11610889434814, 1045.0], 'JobIds': ['103686120.0'], 'State': 'finished', 'RecordedSite': True}, '29': {'Retries': 0, 'Restarts': 0, 'SiteHistory': ['Unknown', 'T2_CH_CSCS', 'T2_CH_CSCS'], 'ResidentSetSize': [1444220], 'SubmitTimes': [1708554621.0], 'StartTimes': [1708557405.0], 'EndTimes': [1708558936.0], 'TotalUserCpuTimeHistory': [921], 'TotalSysCpuTimeHistory': [22], 'WallDurations': [8.0, 282.5224862098694, 1531.0], 'JobIds': ['103686122.0'], 'State': 'finished', 'RecordedSite': True}, '33': {'Retries': 1, 'Restarts': 0, 'SiteHistory': ['Unknown', 'T2_HU_Budapest', 'T2_HU_Budapest', 'T2_HU_Budapest', 'T2_HU_Budapest'], 'ResidentSetSize': [1556776, 1556156], 'SubmitTimes': [1708554621.0, 1708557847.0], 'StartTimes': [1708554704.0, 1708557854.0], 'EndTimes': [1708555980.0, 1708559385.0], 'TotalUserCpuTimeHistory': [1109, 1344], 'TotalSysCpuTimeHistory': [36, 45], 'WallDurations': [8.0, 268.7464282512665, 1276.0, 9.0, 1531.0], 'JobIds': ['103686124.0', '103688754.0'], 'State': 'finished', 'RecordedSite': True}, '28': {'Retries': 0, 'Restarts': 0, 'SiteHistory': ['Unknown', 'T1_US_FNAL', 'T1_US_FNAL'], 'ResidentSetSize': [1389808], 'SubmitTimes': [1708554621.0], 'StartTimes': [1708558155.0], 'EndTimes': [1708559060.0], 'TotalUserCpuTimeHistory': [778], 'TotalSysCpuTimeHistory': [22], 'WallDurations': [9.0, 137.11610889434814, 905.0], 'JobIds': ['103686125.0'], 'State': 'finished', 'RecordedSite': True}, '31': {'Retries': 0, 'Restarts': 0, 'SiteHistory': ['Unknown', 'T2_HU_Budapest', 'T2_HU_Budapest'], 'ResidentSetSize': [1557872], 'SubmitTimes': [1708554621.0], 'StartTimes': [1708554704.0], 'EndTimes': [1708555942.0], 'TotalUserCpuTimeHistory': [1093], 'TotalSysCpuTimeHistory': [26], 'WallDurations': [8.0, 268.7464282512665, 1238.0], 'JobIds': ['103686126.0'], 'State': 'finished', 'RecordedSite': True}, '32': {'Retries': 0, 'Restarts': 0, 'SiteHistory': ['Unknown', 'T2_HU_Budapest', 'T2_HU_Budapest'], 'ResidentSetSize': [1564300], 'SubmitTimes': [1708554622.0], 'StartTimes': [1708554704.0], 'EndTimes': [1708556209.0], 'TotalUserCpuTimeHistory': [1312], 'TotalSysCpuTimeHistory': [42], 'WallDurations': [9.0, 268.7464282512665, 1505.0], 'JobIds': ['103686127.0'], 'State': 'finished', 'RecordedSite': True}, '40': {'Retries': 0, 'Restarts': 0, 'SiteHistory': ['Unknown', 'T1_US_FNAL', 'T1_US_FNAL'], 'ResidentSetSize': [1476348], 'SubmitTimes': [1708554622.0], 'StartTimes': [1708558156.0], 'EndTimes': [1708560600.0], 'TotalUserCpuTimeHistory': [2192], 'TotalSysCpuTimeHistory': [65], 'WallDurations': [10.0, 136.11610889434814, 2444.0], 'JobIds': ['103686128.0'], 'State': 'finished', 'RecordedSite': True}, '35': {'Retries': 0, 'Restarts': 0, 'SiteHistory': ['Unknown', 'T3_UK_London_QMUL', 'T3_UK_London_QMUL'], 'ResidentSetSize': [1259504], 'SubmitTimes': [1708554622.0], 'StartTimes': [1708554704.0], 'EndTimes': [1708556111.0], 'TotalUserCpuTimeHistory': [1205], 'TotalSysCpuTimeHistory': [32], 'WallDurations': [8.0, 268.7464282512665, 1407.0], 'JobIds': ['103686129.0'], 'State': 'finished', 'RecordedSite': True}, '38': {'Retries': 0, 'Restarts': 0, 'SiteHistory': ['T2_UK_London_IC', 'T2_UK_London_IC'], 'ResidentSetSize': [1304424], 'SubmitTimes': [1708554622.0], 'StartTimes': [1708554653.0], 'EndTimes': [1708557147.0], 'TotalUserCpuTimeHistory': [2251], 'TotalSysCpuTimeHistory': [57], 'WallDurations': [9.0, 2494.0], 'JobIds': ['103686130.0'], 'State': 'finished', 'RecordedSite': True}, '34': {'Retries': 1, 'Restarts': 0, 'SiteHistory': ['Unknown', 'T2_HU_Budapest', 'T2_HU_Budapest', 'T2_HU_Budapest', 'T2_HU_Budapest'], 'ResidentSetSize': [1559564, 1559784], 'SubmitTimes': [1708554622.0, 1708556906.0], 'StartTimes': [1708554705.0, 1708556961.0], 'EndTimes': [1708555032.0, 1708557301.0], 'TotalUserCpuTimeHistory': [225, 263], 'TotalSysCpuTimeHistory': [8, 11], 'WallDurations': [9.0, 267.7464282512665, 327.0, 8.0, 340.0], 'JobIds': ['103686131.0', '103688546.0'], 'State': 'finished', 'RecordedSite': True}, '41': {'Retries': 0, 'Restarts': 0, 'SiteHistory': ['Unknown', 'T1_US_FNAL', 'T1_US_FNAL'], 'ResidentSetSize': [1469152], 'SubmitTimes': [1708554622.0], 'StartTimes': [1708558160.0], 'EndTimes': [1708561548.0], 'TotalUserCpuTimeHistory': [2542], 'TotalSysCpuTimeHistory': [107], 'WallDurations': [9.0, 132.11610889434814, 3388.0], 'JobIds': ['103686132.0'], 'State': 'finished', 'RecordedSite': True}, '39': {'Retries': 0, 'Restarts': 0, 'SiteHistory': ['Unknown', 'T1_US_FNAL', 'T1_US_FNAL'], 'ResidentSetSize': [1569568], 'SubmitTimes': [1708554622.0], 'StartTimes': [1708558160.0], 'EndTimes': [1708559998.0], 'TotalUserCpuTimeHistory': [1606], 'TotalSysCpuTimeHistory': [41], 'WallDurations': [9.0, 132.11610889434814, 1838.0], 'JobIds': ['103686133.0'], 'State': 'finished', 'RecordedSite': True}, '42': {'Retries': 0, 'Restarts': 0, 'SiteHistory': ['Unknown', 'T1_US_FNAL', 'T1_US_FNAL'], 'ResidentSetSize': [1450608], 'SubmitTimes': [1708554622.0], 'StartTimes': [1708558158.0], 'EndTimes': [1708559668.0], 'TotalUserCpuTimeHistory': [1307], 'TotalSysCpuTimeHistory': [30], 'WallDurations': [9.0, 134.11610889434814, 1510.0], 'JobIds': ['103686134.0'], 'State': 'finished', 'RecordedSite': True}, '36': {'Retries': 0, 'Restarts': 0, 'SiteHistory': ['Unknown', 'T2_UK_London_IC', 'T2_UK_London_IC'], 'ResidentSetSize': [1621736], 'SubmitTimes': [1708554622.0], 'StartTimes': [1708554678.0], 'EndTimes': [1708557083.0], 'TotalUserCpuTimeHistory': [2084], 'TotalSysCpuTimeHistory': [66], 'WallDurations': [8.0, 294.7464282512665, 2405.0], 'JobIds': ['103686135.0'], 'State': 'finished', 'RecordedSite': True}, '45': {'Retries': 0, 'Restarts': 0, 'SiteHistory': ['Unknown', 'T2_IT_Bari', 'T2_IT_Bari'], 'ResidentSetSize': [1466256], 'SubmitTimes': [1708554622.0], 'StartTimes': [1708557415.0], 'EndTimes': [1708560396.0], 'TotalUserCpuTimeHistory': [1992], 'TotalSysCpuTimeHistory': [75], 'WallDurations': [8.0, 272.5224862098694, 2981.0], 'JobIds': ['103686136.0'], 'State': 'finished', 'RecordedSite': True}, '44': {'Retries': 0, 'Restarts': 0, 'SiteHistory': ['Unknown', 'T2_IT_Legnaro', 'T2_IT_Legnaro'], 'ResidentSetSize': [1258556], 'SubmitTimes': [1708554622.0], 'StartTimes': [1708555998.0], 'EndTimes': [1708556289.0], 'TotalUserCpuTimeHistory': [238], 'TotalSysCpuTimeHistory': [8], 'WallDurations': [9.0, 179.18699598312378, 291.0], 'JobIds': ['103686137.0'], 'State': 'finished', 'RecordedSite': True}, '43': {'Retries': 0, 'Restarts': 0, 'SiteHistory': ['Unknown', 'T2_IT_Legnaro', 'T2_IT_Legnaro'], 'ResidentSetSize': [1435644], 'SubmitTimes': [1708554622.0], 'StartTimes': [1708556021.0], 'EndTimes': [1708556830.0], 'TotalUserCpuTimeHistory': [718], 'TotalSysCpuTimeHistory': [23], 'WallDurations': [8.0, 156.18699598312378, 809.0], 'JobIds': ['103686138.0'], 'State': 'finished', 'RecordedSite': True}, '49': {'Retries': 0, 'Restarts': 0, 'SiteHistory': ['Unknown', 'T1_US_FNAL', 'T1_US_FNAL'], 'ResidentSetSize': [1437816], 'SubmitTimes': [1708554622.0], 'StartTimes': [1708558158.0], 'EndTimes': [1708559381.0], 'TotalUserCpuTimeHistory': [1055], 'TotalSysCpuTimeHistory': [29], 'WallDurations': [9.0, 134.11610889434814, 1223.0], 'JobIds': ['103686139.0'], 'State': 'finished', 'RecordedSite': True}, '46': {'Retries': 0, 'Restarts': 0, 'SiteHistory': ['Unknown', 'T1_US_FNAL', 'T1_US_FNAL'], 'ResidentSetSize': [1454796], 'SubmitTimes': [1708554622.0], 'StartTimes': [1708558157.0], 'EndTimes': [1708561208.0], 'TotalUserCpuTimeHistory': [2213], 'TotalSysCpuTimeHistory': [69], 'WallDurations': [11.0, 135.11610889434814, 3051.0], 'JobIds': ['103686140.0'], 'State': 'finished', 'RecordedSite': True}, '50': {'Retries': 0, 'Restarts': 0, 'SiteHistory': ['Unknown', 'T1_US_FNAL', 'T1_US_FNAL'], 'ResidentSetSize': [1427404], 'SubmitTimes': [1708554622.0], 'StartTimes': [1708558157.0], 'EndTimes': [1708559502.0], 'TotalUserCpuTimeHistory': [1180], 'TotalSysCpuTimeHistory': [34], 'WallDurations': [9.0, 135.11610889434814, 1345.0], 'JobIds': ['103686141.0'], 'State': 'finished', 'RecordedSite': True}, '48': {'Retries': 0, 'Restarts': 0, 'SiteHistory': ['Unknown', 'T1_US_FNAL', 'T1_US_FNAL'], 'ResidentSetSize': [1428532], 'SubmitTimes': [1708554622.0], 'StartTimes': [1708558158.0], 'EndTimes': [1708559663.0], 'TotalUserCpuTimeHistory': [1131], 'TotalSysCpuTimeHistory': [31], 'WallDurations': [9.0, 134.11610889434814, 1505.0], 'JobIds': ['103686142.0'], 'State': 'finished', 'RecordedSite': True}, '47': {'Retries': 0, 'Restarts': 0, 'SiteHistory': ['Unknown', 'T1_US_FNAL', 'T1_US_FNAL'], 'ResidentSetSize': [1453620], 'SubmitTimes': [1708554622.0], 'StartTimes': [1708558168.0], 'EndTimes': [1708561265.0], 'TotalUserCpuTimeHistory': [2150], 'TotalSysCpuTimeHistory': [93], 'WallDurations': [9.0, 124.11610889434814, 3097.0], 'JobIds': ['103686143.0'], 'State': 'finished', 'RecordedSite': True}, '51': {'Retries': 0, 'Restarts': 0, 'SiteHistory': ['Unknown', 'T1_US_FNAL', 'T1_US_FNAL'], 'ResidentSetSize': [1316140], 'SubmitTimes': [1708554622.0], 'StartTimes': [1708558168.0], 'EndTimes': [1708560363.0], 'TotalUserCpuTimeHistory': [1531], 'TotalSysCpuTimeHistory': [62], 'WallDurations': [9.0, 124.11610889434814, 2195.0], 'JobIds': ['103686144.0'], 'State': 'finished', 'RecordedSite': True}, '52': {'Retries': 0, 'Restarts': 0, 'SiteHistory': ['Unknown', 'T2_IT_Bari', 'T2_IT_Bari'], 'ResidentSetSize': [1290196], 'SubmitTimes': [1708554628.0], 'StartTimes': [1708558273.0], 'EndTimes': [1708558987.0], 'TotalUserCpuTimeHistory': [507], 'TotalSysCpuTimeHistory': [22], 'WallDurations': [8.0, 19.116108894348145, 714.0], 'JobIds': ['103686166.0'], 'State': 'finished', 'RecordedSite': True}, '53': {'Retries': 0, 'Restarts': 0, 'SiteHistory': ['Unknown', 'T1_US_FNAL', 'T1_US_FNAL'], 'ResidentSetSize': [1450396], 'SubmitTimes': [1708554628.0], 'StartTimes': [1708558278.0], 'EndTimes': [1708559925.0], 'TotalUserCpuTimeHistory': [1126], 'TotalSysCpuTimeHistory': [31], 'WallDurations': [9.0, 14.116108894348145, 1647.0], 'JobIds': ['103686168.0'], 'State': 'finished', 'RecordedSite': True}, '54': {'Retries': 0, 'Restarts': 0, 'SiteHistory': ['Unknown', 'T2_IT_Pisa', 'T2_IT_Pisa'], 'ResidentSetSize': [1286632], 'SubmitTimes': [1708554628.0], 'StartTimes': [1708558549.0], 'EndTimes': [1708560421.0], 'TotalUserCpuTimeHistory': [1589], 'TotalSysCpuTimeHistory': [49], 'WallDurations': [9.0, 45.328084230422974, 1872.0], 'JobIds': ['103686170.0'], 'State': 'finished', 'RecordedSite': True}, '55': {'Retries': 0, 'Restarts': 0, 'SiteHistory': ['Unknown', 'T1_US_FNAL', 'T1_US_FNAL'], 'ResidentSetSize': [1562724], 'SubmitTimes': [1708554628.0], 'StartTimes': [1708558674.0], 'EndTimes': [1708560535.0], 'TotalUserCpuTimeHistory': [1678], 'TotalSysCpuTimeHistory': [36], 'WallDurations': [9.0, 222.52084112167358, 1861.0], 'JobIds': ['103686172.0'], 'State': 'finished', 'RecordedSite': True}, '56': {'Retries': 0, 'Restarts': 0, 'SiteHistory': ['Unknown', 'T1_US_FNAL', 'T1_US_FNAL'], 'ResidentSetSize': [1454356], 'SubmitTimes': [1708554628.0], 'StartTimes': [1708558778.0], 'EndTimes': [1708561147.0], 'TotalUserCpuTimeHistory': [2089], 'TotalSysCpuTimeHistory': [45], 'WallDurations': [9.0, 118.52084112167358, 2369.0], 'JobIds': ['103686175.0'], 'State': 'finished', 'RecordedSite': True}, '57': {'Retries': 0, 'Restarts': 0, 'SiteHistory': ['Unknown', 'T1_US_FNAL', 'T1_US_FNAL'], 'ResidentSetSize': [1465396], 'SubmitTimes': [1708554629.0], 'StartTimes': [1708558784.0], 'EndTimes': [1708561115.0], 'TotalUserCpuTimeHistory': [2092], 'TotalSysCpuTimeHistory': [45], 'WallDurations': [9.0, 112.52084112167358, 2331.0], 'JobIds': ['103686177.0'], 'State': 'finished', 'RecordedSite': True}, '58': {'Retries': 0, 'Restarts': 0, 'SiteHistory': ['Unknown', 'T1_US_FNAL', 'T1_US_FNAL'], 'ResidentSetSize': [1462096], 'SubmitTimes': [1708554629.0], 'StartTimes': [1708558785.0], 'EndTimes': [1708560994.0], 'TotalUserCpuTimeHistory': [1974], 'TotalSysCpuTimeHistory': [43], 'WallDurations': [10.0, 111.52084112167358, 2209.0], 'JobIds': ['103686179.0'], 'State': 'finished', 'RecordedSite': True}, '59': {'Retries': 0, 'Restarts': 0, 'SiteHistory': ['Unknown', 'T1_US_FNAL', 'T1_US_FNAL'], 'ResidentSetSize': [1467376], 'SubmitTimes': [1708554629.0], 'StartTimes': [1708558816.0], 'EndTimes': [1708560804.0], 'TotalUserCpuTimeHistory': [1734], 'TotalSysCpuTimeHistory': [44], 'WallDurations': [9.0, 80.52084112167358, 1988.0], 'JobIds': ['103686181.0'], 'State': 'finished', 'RecordedSite': True}, '60': {'Retries': 0, 'Restarts': 0, 'SiteHistory': ['Unknown', 'T1_US_FNAL', 'T1_US_FNAL'], 'ResidentSetSize': [1444436], 'SubmitTimes': [1708554629.0], 'StartTimes': [1708558901.0], 'EndTimes': [1708560343.0], 'TotalUserCpuTimeHistory': [1269], 'TotalSysCpuTimeHistory': [34], 'WallDurations': [9.0, 296.611074924469, 1442.0], 'JobIds': ['103686183.0'], 'State': 'finished', 'RecordedSite': True}, '61': {'Retries': 0, 'Restarts': 0, 'SiteHistory': ['Unknown', 'T1_US_FNAL', 'T1_US_FNAL'], 'ResidentSetSize': [1441392], 'SubmitTimes': [1708554629.0], 'StartTimes': [1708558907.0], 'EndTimes': [1708560957.0], 'TotalUserCpuTimeHistory': [1502], 'TotalSysCpuTimeHistory': [38], 'WallDurations': [8.0, 290.611074924469, 2050.0], 'JobIds': ['103686185.0'], 'State': 'finished', 'RecordedSite': True}, '62': {'Retries': 0, 'Restarts': 0, 'SiteHistory': ['Unknown', 'T1_US_FNAL', 'T1_US_FNAL'], 'ResidentSetSize': [1476492], 'SubmitTimes': [1708554629.0], 'StartTimes': [1708558949.0], 'EndTimes': [1708560561.0], 'TotalUserCpuTimeHistory': [1408], 'TotalSysCpuTimeHistory': [36], 'WallDurations': [10.0, 248.611074924469, 1612.0], 'JobIds': ['103686187.0'], 'State': 'finished', 'RecordedSite': True}, '63': {'Retries': 0, 'Restarts': 0, 'SiteHistory': ['Unknown', 'T1_US_FNAL', 'T1_US_FNAL'], 'ResidentSetSize': [1422348], 'SubmitTimes': [1708554629.0], 'StartTimes': [1708558991.0], 'EndTimes': [1708561256.0], 'TotalUserCpuTimeHistory': [2063], 'TotalSysCpuTimeHistory': [53], 'WallDurations': [9.0, 206.611074924469, 2265.0], 'JobIds': ['103686189.0'], 'State': 'finished', 'RecordedSite': True}, '64': {'Retries': 0, 'Restarts': 0, 'SiteHistory': ['Unknown', 'T2_IT_Bari', 'T2_IT_Bari'], 'ResidentSetSize': [986020], 'SubmitTimes': [1708554629.0], 'StartTimes': [1708558989.0], 'EndTimes': [1708559766.0], 'TotalUserCpuTimeHistory': [589], 'TotalSysCpuTimeHistory': [18], 'WallDurations': [9.0, 208.611074924469, 777.0], 'JobIds': ['103686190.0'], 'State': 'finished', 'RecordedSite': True}, '65': {'Retries': 0, 'Restarts': 0, 'SiteHistory': ['Unknown', 'T1_US_FNAL', 'T1_US_FNAL'], 'ResidentSetSize': [1278752], 'SubmitTimes': [1708554629.0], 'StartTimes': [1708558995.0], 'EndTimes': [1708559514.0], 'TotalUserCpuTimeHistory': [412], 'TotalSysCpuTimeHistory': [12], 'WallDurations': [9.0, 202.611074924469, 519.0], 'JobIds': ['103686191.0'], 'State': 'finished', 'RecordedSite': True}, '66': {'Retries': 0, 'Restarts': 0, 'SiteHistory': ['Unknown', 'T2_FR_GRIF', 'T2_FR_GRIF'], 'ResidentSetSize': [1301144], 'SubmitTimes': [1708554630.0], 'StartTimes': [1708554900.0], 'EndTimes': [1708559518.0], 'TotalUserCpuTimeHistory': [1809], 'TotalSysCpuTimeHistory': [46], 'WallDurations': [9.0, 72.74642825126648, 4618.0], 'JobIds': ['103686192.0'], 'State': 'finished', 'RecordedSite': True}, '67': {'Retries': 0, 'Restarts': 0, 'SiteHistory': ['Unknown', 'T2_FR_GRIF', 'T2_FR_GRIF'], 'ResidentSetSize': [1252892], 'SubmitTimes': [1708554630.0], 'StartTimes': [1708554924.0], 'EndTimes': [1708557923.0], 'TotalUserCpuTimeHistory': [2646], 'TotalSysCpuTimeHistory': [77], 'WallDurations': [9.0, 48.74642825126648, 2999.0], 'JobIds': ['103686193.0'], 'State': 'finished', 'RecordedSite': True}, '68': {'Retries': 0, 'Restarts': 0, 'SiteHistory': ['Unknown', 'T2_FR_GRIF', 'T2_FR_GRIF'], 'ResidentSetSize': [1155484], 'SubmitTimes': [1708554630.0], 'StartTimes': [1708555498.0], 'EndTimes': [1708557589.0], 'TotalUserCpuTimeHistory': [1767], 'TotalSysCpuTimeHistory': [63], 'WallDurations': [9.0, 76.70396041870117, 2091.0], 'JobIds': ['103686195.0'], 'State': 'finished', 'RecordedSite': True}, '69': {'Retries': 1, 'Restarts': 0, 'SiteHistory': ['Unknown', 'T2_FR_GRIF', 'T2_FR_GRIF', 'T1_US_FNAL', 'T1_US_FNAL'], 'ResidentSetSize': [1556308, 1307552], 'SubmitTimes': [1708554630.0, 1708559444.0], 'StartTimes': [1708555550.0, 1708559481.0], 'EndTimes': [1708557568.0, 1708561447.0], 'TotalUserCpuTimeHistory': [1740, 1706], 'TotalSysCpuTimeHistory': [39, 38], 'WallDurations': [9.0, 24.703960418701172, 2018.0, 8.0, 1966.0], 'JobIds': ['103686196.0', '103689047.0'], 'State': 'finished', 'RecordedSite': True}, '70': {'Retries': 0, 'Restarts': 0, 'SiteHistory': ['Unknown', 'T2_FR_GRIF', 'T2_FR_GRIF'], 'ResidentSetSize': [1438328], 'SubmitTimes': [1708554630.0], 'StartTimes': [1708555909.0], 'EndTimes': [1708557553.0], 'TotalUserCpuTimeHistory': [1377], 'TotalSysCpuTimeHistory': [44], 'WallDurations': [8.0, 268.1869959831238, 1644.0], 'JobIds': ['103686197.0'], 'State': 'finished', 'RecordedSite': True}, '71': {'Retries': 0, 'Restarts': 0, 'SiteHistory': ['Unknown', 'T2_FR_GRIF', 'T2_FR_GRIF'], 'ResidentSetSize': [1221248], 'SubmitTimes': [1708554630.0], 'StartTimes': [1708555922.0], 'EndTimes': [1708558020.0], 'TotalUserCpuTimeHistory': [1710], 'TotalSysCpuTimeHistory': [86], 'WallDurations': [9.0, 255.18699598312378, 2098.0], 'JobIds': ['103686198.0'], 'State': 'finished', 'RecordedSite': True}, '73': {'Retries': 0, 'Restarts': 0, 'SiteHistory': ['Unknown', 'T2_IT_Legnaro', 'T2_IT_Legnaro'], 'ResidentSetSize': [1304220], 'SubmitTimes': [1708554630.0], 'StartTimes': [1708556086.0], 'EndTimes': [1708556232.0], 'TotalUserCpuTimeHistory': [113], 'TotalSysCpuTimeHistory': [4], 'WallDurations': [9.0, 91.18699598312378, 146.0], 'JobIds': ['103686199.0'], 'State': 'finished', 'RecordedSite': True}, '75': {'Retries': 0, 'Restarts': 0, 'SiteHistory': ['Unknown', 'T1_US_FNAL', 'T1_US_FNAL'], 'ResidentSetSize': [1307488], 'SubmitTimes': [1708554630.0], 'StartTimes': [1708559007.0], 'EndTimes': [1708559506.0], 'TotalUserCpuTimeHistory': [401], 'TotalSysCpuTimeHistory': [10], 'WallDurations': [9.0, 190.611074924469, 499.0], 'JobIds': ['103686200.0'], 'State': 'finished', 'RecordedSite': True}, '74': {'Retries': 1, 'Restarts': 0, 'SiteHistory': ['Unknown', 'T1_IT_CNAF', 'T1_IT_CNAF', 'T1_US_FNAL', 'T1_US_FNAL'], 'ResidentSetSize': [1113628, 1460452], 'SubmitTimes': [1708554630.0, 1708564364.0], 'StartTimes': [1708555338.0, 1708564381.0], 'EndTimes': [1708557080.0, 1708566602.0], 'TotalUserCpuTimeHistory': [1336, 1993], 'TotalSysCpuTimeHistory': [44, 52], 'WallDurations': [8.0, 236.70396041870117, 1742.0, 10.0, 2221.0], 'JobIds': ['103686201.0', '103689359.0'], 'State': 'finished', 'RecordedSite': True}, '76': {'Retries': 0, 'Restarts': 0, 'SiteHistory': ['Unknown', 'T1_DE_KIT', 'T1_DE_KIT'], 'ResidentSetSize': [1280492], 'SubmitTimes': [1708554630.0], 'StartTimes': [1708554711.0], 'EndTimes': [1708556632.0], 'TotalUserCpuTimeHistory': [1742], 'TotalSysCpuTimeHistory': [64], 'WallDurations': [9.0, 261.7464282512665, 1921.0], 'JobIds': ['103686202.0'], 'State': 'finished', 'RecordedSite': True}, '77': {'Retries': 0, 'Restarts': 0, 'SiteHistory': ['Unknown', 'T1_DE_KIT', 'T1_DE_KIT'], 'ResidentSetSize': [1293744], 'SubmitTimes': [1708554630.0], 'StartTimes': [1708554780.0], 'EndTimes': [1708556033.0], 'TotalUserCpuTimeHistory': [1089], 'TotalSysCpuTimeHistory': [52], 'WallDurations': [10.0, 192.74642825126648, 1253.0], 'JobIds': ['103686203.0'], 'State': 'finished', 'RecordedSite': True}, '21': {'Retries': 0, 'Restarts': 0, 'SiteHistory': ['Unknown', 'T1_US_FNAL', 'T1_US_FNAL'], 'ResidentSetSize': [1306508], 'SubmitTimes': [1708554630.0], 'StartTimes': [1708559039.0], 'EndTimes': [1708562874.0], 'TotalUserCpuTimeHistory': [3297], 'TotalSysCpuTimeHistory': [159], 'WallDurations': [9.0, 158.611074924469, 3835.0], 'JobIds': ['103686204.0'], 'State': 'finished', 'RecordedSite': True}, '72': {'Retries': 0, 'Restarts': 0, 'SiteHistory': ['Unknown', 'T2_IT_Legnaro', 'T2_IT_Legnaro'], 'ResidentSetSize': [1535844], 'SubmitTimes': [1708554630.0], 'StartTimes': [1708556234.0], 'EndTimes': [1708557572.0], 'TotalUserCpuTimeHistory': [1195], 'TotalSysCpuTimeHistory': [30], 'WallDurations': [8.0, 244.88574314117432, 1338.0], 'JobIds': ['103686205.0'], 'State': 'finished', 'RecordedSite': True}}
INFO 2024-02-22 18:03:53.928 UTC: 	 Status on the scheduler:	COMPLETED
INFO 2024-02-22 18:03:53.928 UTC: 	 
Jobs status:                    finished     		100.0% (77/77)
DEBUG 2024-02-22 18:03:53.929 UTC: 	 Encoded data for curl request: subresource=publicationstatus&workflow=240221_222757%3Ambuonsan_crab_SkimB4Mu_2023eraC-v2_stream2_Mini&username=mbuonsan
INFO 2024-02-22 18:03:54.116 UTC: 	 
Output dataset:			/FakeDataset/fakefile-FakePublish-e02fec71732f30eb847053b3e19c99cf/USER
INFO 2024-02-22 18:03:54.116 UTC: 	 
No publication information available yet
INFO 2024-02-22 18:03:54.119 UTC: 	 
Warning: the max jobs runtime is less than 30% of the task requested value (1250 min), please consider to request a lower value for failed jobs (allowed through crab resubmit) and/or improve the jobs splitting (e.g. config.Data.splitting = 'Automatic') in a new task.
INFO 2024-02-22 18:03:54.119 UTC: 	 
Summary of run jobs:
 * Memory: 79MB min, 2085MB max, 1361MB ave
 * Runtime: 0:02:26 min, 1:16:58 max, 0:29:10 ave
 * CPU eff: 40% min, 95% max, 83% ave
 * Waste: 6:17:25 (14% of total)

DEBUG 2024-02-22 18:03:54.120 UTC: 	 Requesting resubmission of failed jobs in task 240221_222757:mbuonsan_crab_SkimB4Mu_2023eraC-v2_stream2_Mini
ERROR 2024-02-22 18:03:54.120 UTC: 	 Found no jobs to resubmit. Only jobs in status failed can be resubmitted. Jobs in status finished can also be resubmitted, but only if the jobids are specified and the force option is set.
ERROR 2024-02-22 18:03:54.121 UTC: 	 Caught ClientException exception
Traceback (most recent call last):
  File "/cvmfs/cms.cern.ch/share/cms/crab-prod/v3.240110.01/bin/crab.py", line 152, in <module>
    client()
  File "/cvmfs/cms.cern.ch/share/cms/crab-prod/v3.240110.01/bin/crab.py", line 137, in __call__
    returnDict = self.cmd()
  File "/cvmfs/cms.cern.ch/share/cms/crab-prod/v3.240110.01/lib/CRABClient/Commands/resubmit.py", line 65, in __call__
    self.jobids = self.processJobIds(jobList)
  File "/cvmfs/cms.cern.ch/share/cms/crab-prod/v3.240110.01/lib/CRABClient/Commands/resubmit.py", line 171, in processJobIds
    raise ConfigurationException(msg)
CRABClient.ClientExceptions.ConfigurationException: Found no jobs to resubmit. Only jobs in status failed can be resubmitted. Jobs in status finished can also be resubmitted, but only if the jobids are specified and the force option is set.
