DEBUG 2024-02-21 22:28:02.882 UTC: 	 CRAB Client version: v3.240110
DEBUG 2024-02-21 22:28:02.882 UTC: 	 Running on: Linux ui02.recas.ba.infn.it 3.10.0-1160.80.1.el7.x86_64 #1 SMP Tue Nov 8 15:48:59 UTC 2022 x86_64 x86_64 x86_64 GNU/Linux - CentOS Linux 7 (Core)
DEBUG 2024-02-21 22:28:02.882 UTC: 	 Executing command: 'submit'
DEBUG 2024-02-21 22:28:02.883 UTC: 	 Found CRAB cache file /lustrehome/mbuonsante/.crab3
INFO 2024-02-21 22:28:02.884 UTC: 	 Will use CRAB configuration file CRAB_stream_3.py
DEBUG 2024-02-21 22:28:02.885 UTC: 	 Loading CRAB configuration file.
DEBUG 2024-02-21 22:28:02.892 UTC: 	 Will use CRAB plugin ANALYSIS (i.e. will run an analysis job type).
DEBUG 2024-02-21 22:28:02.899 UTC: 	 Checking credentials
DEBUG 2024-02-21 22:28:02.900 UTC: 	 Found proxy file /tmp/x509up_u881331
DEBUG 2024-02-21 22:28:02.900 UTC: 	 Making sure it has proper VOMS extension
DEBUG 2024-02-21 22:28:02.900 UTC: 	 Executing command :
 voms-proxy-info --vo --file /tmp/x509up_u881331
DEBUG 2024-02-21 22:28:04.534 UTC: 	 output : cms

 error: 
 retcode : 0
DEBUG 2024-02-21 22:28:04.534 UTC: 	 Getting proxy life time left
DEBUG 2024-02-21 22:28:04.534 UTC: 	 Executing command :
 voms-proxy-info --actimeleft --timeleft --file /tmp/x509up_u881331
DEBUG 2024-02-21 22:28:06.220 UTC: 	 output : 479531
479530

 error: 
 retcode : 0
DEBUG 2024-02-21 22:28:06.220 UTC: 	 Proxy valid for 133:12:10 hours
DEBUG 2024-02-21 22:28:06.220 UTC: 	 Encoded data for curl request: subresource=delegatedn
DEBUG 2024-02-21 22:28:06.400 UTC: 	 Registering user credentials on myproxy for /DC=ch/DC=cern/OU=computers/CN=crab-(preprod|prod|dev)-tw(01|02|03).cern.ch|/DC=ch/DC=cern/OU=computers/CN=stefanov(m|m2).cern.ch|/DC=ch/DC=cern/OU=computers/CN=dciangot-tw.cern.ch
DEBUG 2024-02-21 22:28:06.400 UTC: 	 Executing command :
 voms-proxy-info --identity --file /tmp/x509up_u881331
DEBUG 2024-02-21 22:28:08.370 UTC: 	 output : /DC=ch/DC=cern/OU=Organic Units/OU=Users/CN=mbuonsan/CN=866052/CN=Marco Buonsante

 error: 
 retcode : 0
DEBUG 2024-02-21 22:28:08.370 UTC: 	 Getting myproxy life time left for db438794163ae221c16ac5cdc1e476b2bc2ff634
DEBUG 2024-02-21 22:28:08.370 UTC: 	 Executing command :
 myproxy-info -s myproxy.cern.ch -l db438794163ae221c16ac5cdc1e476b2bc2ff634
DEBUG 2024-02-21 22:28:08.711 UTC: 	 output : username: db438794163ae221c16ac5cdc1e476b2bc2ff634
owner: /DC=ch/DC=cern/OU=Organic Units/OU=Users/CN=mbuonsan/CN=866052/CN=Marco Buonsante
  renewal policy: /DC=ch/DC=cern/OU=computers/CN=crab-(preprod|prod|dev)-tw(01|02|03).cern.ch|/DC=ch/DC=cern/OU=computers/CN=stefanov(m|m2).cern.ch|/DC=ch/DC=cern/OU=computers/CN=dciangot-tw.cern.ch
  trusted retrieval policy: /DC=ch/DC=cern/OU=computers/CN=crab-(preprod|prod|dev)-tw(01|02|03).cern.ch|/DC=ch/DC=cern/OU=computers/CN=stefanov(m|m2).cern.ch|/DC=ch/DC=cern/OU=computers/CN=dciangot-tw.cern.ch
  timeleft: 493:13:19  (20.6 days)

 error: 
 retcode : 0
DEBUG 2024-02-21 22:28:08.711 UTC: 	 Myproxy is valid: 1775580
DEBUG 2024-02-21 22:28:08.711 UTC: 	 Result of myproxy credential check:
  Credential exists on myproxy: username: db438794163ae221c16ac5cdc1e476b2bc2ff634  - validity: 20 days, 13:13:00
DEBUG 2024-02-21 22:28:08.711 UTC: 	 Command use: submit
DEBUG 2024-02-21 22:28:08.711 UTC: 	 Options use: ['-c', 'CRAB_stream_3.py']
DEBUG 2024-02-21 22:28:08.712 UTC: 	 Encoded data for curl request: subresource=version
DEBUG 2024-02-21 22:28:08.905 UTC: 	 CRABClient version: v3.240110
DEBUG 2024-02-21 22:28:08.905 UTC: 	 Instance is prod
DEBUG 2024-02-21 22:28:08.905 UTC: 	 Server base url is cmsweb.cern.ch
DEBUG 2024-02-21 22:28:08.905 UTC: 	 Command api workflow
DEBUG 2024-02-21 22:28:08.905 UTC: 	 Started submission
DEBUG 2024-02-21 22:28:08.906 UTC: 	 Working on /lustrehome/mbuonsante/B_4mu/CMSSW_13_0_13/src/B4muNtuplizer/CrabSubmission/2023_eraC-v2/crab_projects/crab_SkimB4Mu_2023eraC-v2_stream3_Mini
DEBUG 2024-02-21 22:28:08.906 UTC: 	 Encoded data for curl request: subresource=backendurls
DEBUG 2024-02-21 22:28:09.197 UTC: 	 Loading required information from the environment
DEBUG 2024-02-21 22:28:09.197 UTC: 	 Found CMSSW_13_0_13 for slc7_amd64_gcc11 with base /lustrehome/mbuonsante/B_4mu/CMSSW_13_0_13
DEBUG 2024-02-21 22:28:09.197 UTC: 	 Loading required information from the environment
DEBUG 2024-02-21 22:28:09.197 UTC: 	 Found CMSSW_13_0_13 for slc7_amd64_gcc11 with base /lustrehome/mbuonsante/B_4mu/CMSSW_13_0_13
DEBUG 2024-02-21 22:28:09.197 UTC: 	 UNIQUE NAME: tarUUID 5c0a0a74-f767-4b37-bea0-7dd100b202c6 
DEBUG 2024-02-21 22:28:09.197 UTC: 	 self.config: from WMCore.Configuration import Configuration
config = Configuration()
config.section_('General')
config.General.transferLogs = False
config.General.requestName = 'SkimB4Mu_2023eraC-v2_stream3_Mini'
config.General.workArea = 'crab_projects'
config.General.transferOutputs = True
config.section_('JobType')
config.JobType.allowUndistributedCMSSW = True
config.JobType.psetName = '/lustrehome/mbuonsante/B_4mu/CMSSW_13_0_13/src/B4muNtuplizer/CrabSubmission/2023_eraC-v2/PatAndTree_cfg.py'
config.JobType.pluginName = 'Analysis'
config.section_('Data')
config.Data.inputDBS = 'global'
config.Data.outputDatasetTag = 'SkimB4Mu_2023eraC-v2_stream3_Mini'
config.Data.unitsPerJob = 50
config.Data.inputDataset = '/ParkingDoubleMuonLowMass3/Run2023C-22Sep2023_v2-v1/MINIAOD'
config.Data.allowNonValidInputDataset = True
config.Data.splitting = 'LumiBased'
config.Data.lumiMask = 'https://cms-service-dqmdc.web.cern.ch/CAF/certification/Collisions23/Cert_Collisions2023_eraC_367095_368823_Golden.json'
config.section_('Site')
config.Site.storageSite = 'T2_IT_Bari'
config.Site.ignoreGlobalBlacklist = True
config.section_('User')
config.section_('Debug')

DEBUG 2024-02-21 22:28:09.197 UTC: 	 self.config.JobType.psetName: /lustrehome/mbuonsante/B_4mu/CMSSW_13_0_13/src/B4muNtuplizer/CrabSubmission/2023_eraC-v2/PatAndTree_cfg.py
INFO 2024-02-21 22:28:09.197 UTC: 	 Importing CMSSW configuration /lustrehome/mbuonsante/B_4mu/CMSSW_13_0_13/src/B4muNtuplizer/CrabSubmission/2023_eraC-v2/PatAndTree_cfg.py
INFO 2024-02-21 22:28:11.186 UTC: 	 Finished importing CMSSW configuration /lustrehome/mbuonsante/B_4mu/CMSSW_13_0_13/src/B4muNtuplizer/CrabSubmission/2023_eraC-v2/PatAndTree_cfg.py
DEBUG 2024-02-21 22:28:11.186 UTC: 	 Writing CMSSW configuration to /lustrehome/mbuonsante/B_4mu/CMSSW_13_0_13/src/B4muNtuplizer/CrabSubmission/2023_eraC-v2/crab_projects/crab_SkimB4Mu_2023eraC-v2_stream3_Mini/inputs/PSet.py
DEBUG 2024-02-21 22:28:11.277 UTC: 	 The following EDM output files will be collected: []
DEBUG 2024-02-21 22:28:11.277 UTC: 	 The following TFile output files will be collected: ['TreeData.root']
DEBUG 2024-02-21 22:28:11.277 UTC: 	 The following user output files (not listed as PoolOuputModule or TFileService in the CMSSW PSet) will be collected: 
DEBUG 2024-02-21 22:28:11.277 UTC: 	 Loading required information from the environment
DEBUG 2024-02-21 22:28:11.277 UTC: 	 Found CMSSW_13_0_13 for slc7_amd64_gcc11 with base /lustrehome/mbuonsante/B_4mu/CMSSW_13_0_13
DEBUG 2024-02-21 22:28:11.277 UTC: 	 Making tarball in /lustrehome/mbuonsante/B_4mu/CMSSW_13_0_13/src/B4muNtuplizer/CrabSubmission/2023_eraC-v2/crab_projects/crab_SkimB4Mu_2023eraC-v2_stream3_Mini/inputs/5c0a0a74-f767-4b37-bea0-7dd100b202c6default.tgz
DEBUG 2024-02-21 22:28:11.278 UTC: 	 Checking directory /lustrehome/mbuonsante/B_4mu/CMSSW_13_0_13/bin
DEBUG 2024-02-21 22:28:11.278 UTC: 	 Adding directory /lustrehome/mbuonsante/B_4mu/CMSSW_13_0_13/bin to tarball
DEBUG 2024-02-21 22:28:11.280 UTC: 	 Checking directory /lustrehome/mbuonsante/B_4mu/CMSSW_13_0_13/python
DEBUG 2024-02-21 22:28:11.280 UTC: 	 Adding directory /lustrehome/mbuonsante/B_4mu/CMSSW_13_0_13/python to tarball
DEBUG 2024-02-21 22:28:11.328 UTC: 	 Checking directory /lustrehome/mbuonsante/B_4mu/CMSSW_13_0_13/cfipython
DEBUG 2024-02-21 22:28:11.328 UTC: 	 Adding directory /lustrehome/mbuonsante/B_4mu/CMSSW_13_0_13/cfipython to tarball
DEBUG 2024-02-21 22:28:11.335 UTC: 	 Checking directory /lustrehome/mbuonsante/B_4mu/CMSSW_13_0_13/lib
DEBUG 2024-02-21 22:28:11.336 UTC: 	 Adding directory /lustrehome/mbuonsante/B_4mu/CMSSW_13_0_13/lib to tarball
DEBUG 2024-02-21 22:28:11.766 UTC: 	 Checking directory /lustrehome/mbuonsante/B_4mu/CMSSW_13_0_13/biglib
DEBUG 2024-02-21 22:28:11.766 UTC: 	 Adding directory /lustrehome/mbuonsante/B_4mu/CMSSW_13_0_13/biglib to tarball
DEBUG 2024-02-21 22:28:11.767 UTC: 	 Checking directory /lustrehome/mbuonsante/B_4mu/CMSSW_13_0_13/module
DEBUG 2024-02-21 22:28:11.767 UTC: 	 Checking directory /lustrehome/mbuonsante/B_4mu/CMSSW_13_0_13/config/SCRAM/hooks
DEBUG 2024-02-21 22:28:11.767 UTC: 	 Adding directory /lustrehome/mbuonsante/B_4mu/CMSSW_13_0_13/config/SCRAM/hooks to tarball
DEBUG 2024-02-21 22:28:11.788 UTC: 	 Adding directory /lustrehome/mbuonsante/B_4mu/CMSSW_13_0_13/src/B4muNtuplizer/SkimTools/python to tarball
DEBUG 2024-02-21 22:28:11.799 UTC: 	 Adding directory /lustrehome/mbuonsante/B_4mu/CMSSW_13_0_13/src/CommonTools/CandAlgos/interface to tarball
DEBUG 2024-02-21 22:28:11.804 UTC: 	 Adding directory /lustrehome/mbuonsante/B_4mu/CMSSW_13_0_13/src/CommonTools/CandAlgos/python to tarball
DEBUG 2024-02-21 22:28:11.958 UTC: 	 Uploading archive /lustrehome/mbuonsante/B_4mu/CMSSW_13_0_13/src/B4muNtuplizer/CrabSubmission/2023_eraC-v2/crab_projects/crab_SkimB4Mu_2023eraC-v2_stream3_Mini/inputs/5c0a0a74-f767-4b37-bea0-7dd100b202c6default.tgz (0.644531.1 MB) to the CRAB cache. Using URI https://cmsweb.cern.ch/S3/crabcache_prod
DEBUG 2024-02-21 22:28:12.403 UTC: 	 Encoded data for curl request: subresource=upload&objecttype=sandbox&tarballname=c21f585968b676319b78458a8dfff0d78967d784c1d5d78343c5cdc38d3be0e5.tar.gz
DEBUG 2024-02-21 22:28:12.602 UTC: 	 sandbox c21f585968b676319b78458a8dfff0d78967d784c1d5d78343c5cdc38d3be0e5.tar.gz is already in the S3 store, will not upload again
DEBUG 2024-02-21 22:28:12.602 UTC: 	 Loading required information from the environment
DEBUG 2024-02-21 22:28:12.602 UTC: 	 Found CMSSW_13_0_13 for slc7_amd64_gcc11 with base /lustrehome/mbuonsante/B_4mu/CMSSW_13_0_13
DEBUG 2024-02-21 22:28:12.602 UTC: 	 Making tarball in /lustrehome/mbuonsante/B_4mu/CMSSW_13_0_13/src/B4muNtuplizer/CrabSubmission/2023_eraC-v2/crab_projects/crab_SkimB4Mu_2023eraC-v2_stream3_Mini/inputs/debugFiles.tgz
DEBUG 2024-02-21 22:28:12.607 UTC: 	 Uploading archive /lustrehome/mbuonsante/B_4mu/CMSSW_13_0_13/src/B4muNtuplizer/CrabSubmission/2023_eraC-v2/crab_projects/crab_SkimB4Mu_2023eraC-v2_stream3_Mini/inputs/debugFiles.tgz (2 KB) to the CRAB cache. Using URI https://cmsweb.cern.ch/S3/crabcache_prod
DEBUG 2024-02-21 22:28:12.609 UTC: 	 Encoded data for curl request: subresource=upload&objecttype=sandbox&tarballname=22e2ef90a9ea727bed46b3039f8cdf04164dfec84c674c795cda558a42ac2a98.tar.gz
DEBUG 2024-02-21 22:28:12.798 UTC: 	 Will execute:
curl -f -v -X POST  -H "User-Agent: CRAB" -F "key=mbuonsan/sandboxes/22e2ef90a9ea727bed46b3039f8cdf04164dfec84c674c795cda558a42ac2a98.tar.gz" -F "AWSAccessKeyId=ab00fcc889f248c495d2875f15a3badb" -F "policy=eyJleHBpcmF0aW9uIjogIjIwMjQtMDItMjFUMjM6Mjg6MTJaIiwgImNvbmRpdGlvbnMiOiBbeyJidWNrZXQiOiAiY3JhYmNhY2hlX3Byb2QifSwgeyJrZXkiOiAibWJ1b25zYW4vc2FuZGJveGVzLzIyZTJlZjkwYTllYTcyN2JlZDQ2YjMwMzlmOGNkZjA0MTY0ZGZlYzg0YzY3NGM3OTVjZGE1NThhNDJhYzJhOTgudGFyLmd6In1dfQ==" -F "signature=dJrNOJgFfW/Nm5GivAQIzz1lRqQ=" -F "file=@/lustrehome/mbuonsante/B_4mu/CMSSW_13_0_13/src/B4muNtuplizer/CrabSubmission/2023_eraC-v2/crab_projects/crab_SkimB4Mu_2023eraC-v2_stream3_Mini/inputs/debugFiles.tgz" "https://s3.cern.ch/crabcache_prod"
DEBUG 2024-02-21 22:28:12.946 UTC: 	 exitcode: 0
stdout: b''
DEBUG 2024-02-21 22:28:12.946 UTC: 	 sandbox /lustrehome/mbuonsante/B_4mu/CMSSW_13_0_13/src/B4muNtuplizer/CrabSubmission/2023_eraC-v2/crab_projects/crab_SkimB4Mu_2023eraC-v2_stream3_Mini/inputs/debugFiles.tgz successully uploaded to S3
DEBUG 2024-02-21 22:28:12.946 UTC: 	 Result uploading input files: c21f585968b676319b78458a8dfff0d78967d784c1d5d78343c5cdc38d3be0e5.tar.gz 
DEBUG 2024-02-21 22:28:12.946 UTC: 	 Attaching lumi mask https://cms-service-dqmdc.web.cern.ch/CAF/certification/Collisions23/Cert_Collisions2023_eraC_367095_368823_Golden.json to the request
DEBUG 2024-02-21 22:28:12.947 UTC: 	 Downloading lumi-mask from https://cms-service-dqmdc.web.cern.ch/CAF/certification/Collisions23/Cert_Collisions2023_eraC_367095_368823_Golden.json
WARNING 2024-02-21 22:28:13.131 UTC: 	 Warning: The following output files will not be published, as they are not EDM files: ['TreeData.root']
DEBUG 2024-02-21 22:28:13.132 UTC: 	 submit() - self.configuration from WMCore.Configuration import Configuration
config = Configuration()
config.section_('General')
config.General.transferLogs = False
config.General.requestName = 'SkimB4Mu_2023eraC-v2_stream3_Mini'
config.General.workArea = 'crab_projects'
config.General.transferOutputs = True
config.section_('JobType')
config.JobType.allowUndistributedCMSSW = True
config.JobType.psetName = '/lustrehome/mbuonsante/B_4mu/CMSSW_13_0_13/src/B4muNtuplizer/CrabSubmission/2023_eraC-v2/PatAndTree_cfg.py'
config.JobType.pluginName = 'Analysis'
config.section_('Data')
config.Data.inputDBS = 'global'
config.Data.outputDatasetTag = 'SkimB4Mu_2023eraC-v2_stream3_Mini'
config.Data.unitsPerJob = 50
config.Data.inputDataset = '/ParkingDoubleMuonLowMass3/Run2023C-22Sep2023_v2-v1/MINIAOD'
config.Data.allowNonValidInputDataset = True
config.Data.splitting = 'LumiBased'
config.Data.lumiMask = 'https://cms-service-dqmdc.web.cern.ch/CAF/certification/Collisions23/Cert_Collisions2023_eraC_367095_368823_Golden.json'
config.section_('Site')
config.Site.storageSite = 'T2_IT_Bari'
config.Site.ignoreGlobalBlacklist = True
config.section_('User')
config.section_('Debug')

DEBUG 2024-02-21 22:28:13.132 UTC: 	 submit() - self.configreq {'dryrun': 0, 'workflow': 'crab_SkimB4Mu_2023eraC-v2_stream3_Mini', 'saveoutput': 1, 'savelogsflag': 0, 'inputdata': '/ParkingDoubleMuonLowMass3/Run2023C-22Sep2023_v2-v1/MINIAOD', 'primarydataset': '', 'nonvaliddata': 1, 'userfiles': [], 'dbsurl': 'https://cmsweb.cern.ch/dbs/prod/global/DBSReader', 'useparent': 0, 'ignorelocality': 0, 'splitalgo': 'LumiBased', 'algoargs': 50, 'totalunits': 0, 'publication': 1, 'publishdbsurl': 'https://cmsweb.cern.ch/dbs/prod/phys03/DBSWriter', 'publishname2': 'SkimB4Mu_2023eraC-v2_stream3_Mini', 'jobtype': 'Analysis', 'generator': 'pythia', 'addoutputfiles': [], 'maxjobruntime': 1250, 'numcores': 1, 'maxmemory': 2000, 'priority': 10, 'nonprodsw': 1, 'asyncdest': 'T2_IT_Bari', 'requireaccelerator': 0, 'oneEventMode': 0, 'extrajdl': [], 'ignoreglobalblacklist': 1, 'partialdataset': 0, 'inputblocks': []}
DEBUG 2024-02-21 22:28:13.132 UTC: 	 submit() - jobconfig {'addoutputfiles': [], 'tfileoutfiles': ['TreeData.root'], 'edmoutfiles': [], 'jobarch': 'slc7_amd64_gcc11', 'jobsw': 'CMSSW_13_0_13', 'inputdata': '/ParkingDoubleMuonLowMass3/Run2023C-22Sep2023_v2-v1/MINIAOD', 'cacheurl': 'https://cmsweb.cern.ch/S3/crabcache_prod', 'cachefilename': 'c21f585968b676319b78458a8dfff0d78967d784c1d5d78343c5cdc38d3be0e5.tar.gz', 'debugfilename': '22e2ef90a9ea727bed46b3039f8cdf04164dfec84c674c795cda558a42ac2a98.tar.gz', 'runs': ['367095', '367100', '367102', '367103', '367104', '367111', '367112', '367127', '367128', '367129', '367130', '367131', '367133', '367228', '367229', '367230', '367231', '367232', '367234', '367260', '367262', '367263', '367264', '367267', '367269', '367270', '367271', '367312', '367314', '367315', '367334', '367336', '367337', '367355', '367406', '367413', '367415', '367416', '367475', '367477', '367515', '367516', '367552', '367553', '367554', '367615', '367618', '367619', '367661', '367662', '367663', '367665', '367666', '367691', '367696', '367699', '367730', '367742', '367758', '367770', '367771', '367772', '367790', '367831', '367836', '367838', '367840', '367881', '367883', '367884', '367902', '367904', '367905', '367906', '367907', '367908', '367910', '368223', '368224', '368229', '368318', '368320', '368321', '368332', '368333', '368343', '368382', '368384', '368388', '368389', '368400', '368410', '368412', '368423', '368451', '368453', '368454', '368489', '368546', '368547', '368548', '368566', '368567', '368609', '368611', '368613', '368636', '368669', '368670', '368672', '368674', '368675', '368676', '368678', '368684', '368685', '368723', '368724', '368746', '368749', '368753', '368762', '368764', '368765', '368822', '368823'], 'lumis': ['1,564', '45,390', '1,75', '1,64', '1,1082', '51,338', '1,1438', '18,350', '1,2,6,6,11,12,14,15', '1,3', '1,2,6,9,13,126,135,167', '1,149', '1,275', '55,280,285,287,292,294,298,304', '1,34', '1,1', '1,22', '1,996', '1,501', '52,69,72,240', '1,42,49,119,123,271', '10,21', '1,847', '45,322', '1,33', '1,961', '1,135', '53,225,227,269', '1,20', '1,893', '26,324', '1,169', '1,1046', '60,63', '48,476', '68,448,450,467,469,746,748,750,752,898,900,1340,1342,1367', '1,97', '1,55', '56,634', '1,1289', '44,668', '1,1236', '49,59', '1,644', '1,312', '53,484', '18,341', '1,300,302,501,503,579', '50,366', '1,18', '1,1', '1,271', '1,11,16,86', '46,204', '1,856,858,1920', '1,151', '48,562', '39,443', '52,767', '47,198', '1,91', '1,6', '1,160', '53,504', '48,588', '1,793', '1,570', '14,152', '1,1050', '1,1011', '42,273', '1,103', '1,48', '1,344', '1,119', '1,358', '1,593', '45,437,445,487', '1,57', '52,569', '37,319', '1,285', '1,337', '1,14', '1,25', '1,328', '37,792', '1,44', '39,444,448,1431,1434,1472', '1,198', '40,271', '49,1501', '1,92', '42,159,161,516', '1,144', '1,5', '1,68,72,1168', '47,791,793,827,829,863,865,899,901,935,937,971,973,1007,1009,1043,1045,1079,1081,1280,1282,1380,1382,1581,1583,1595', '1,659', '1,194,197,702', '1,75,77,86,89,90,93,280,282,1044', '1,1195', '1,31,33,411,414,436', '41,1039', '1,247,249,382', '1,260', '51,819', '42,410', '1,255,306,308', '1,866', '1,12', '1,50', '1,156', '1,171', '40,135', '1,1481', '63,63,97,188', '1,1200', '39,77', '1,169', '1,976', '45,238', '1,1', '1,1386', '45,330,332,908,910,991', '3,35'], 'jobtype': 'Analysis'}
INFO 2024-02-21 22:28:13.132 UTC: 	 Sending the request to the server at cmsweb.cern.ch
DEBUG 2024-02-21 22:28:13.132 UTC: 	 Submitting {'dryrun': 0, 'workflow': 'crab_SkimB4Mu_2023eraC-v2_stream3_Mini', 'saveoutput': 1, 'savelogsflag': 0, 'inputdata': '/ParkingDoubleMuonLowMass3/Run2023C-22Sep2023_v2-v1/MINIAOD', 'primarydataset': '', 'nonvaliddata': 1, 'userfiles': [], 'dbsurl': 'https://cmsweb.cern.ch/dbs/prod/global/DBSReader', 'useparent': 0, 'ignorelocality': 0, 'splitalgo': 'LumiBased', 'algoargs': 50, 'totalunits': 0, 'publication': 1, 'publishdbsurl': 'https://cmsweb.cern.ch/dbs/prod/phys03/DBSWriter', 'publishname2': 'SkimB4Mu_2023eraC-v2_stream3_Mini', 'jobtype': 'Analysis', 'generator': 'pythia', 'addoutputfiles': [], 'maxjobruntime': 1250, 'numcores': 1, 'maxmemory': 2000, 'priority': 10, 'nonprodsw': 1, 'asyncdest': 'T2_IT_Bari', 'requireaccelerator': 0, 'oneEventMode': 0, 'extrajdl': [], 'ignoreglobalblacklist': 1, 'partialdataset': 0, 'inputblocks': [], 'tfileoutfiles': ['TreeData.root'], 'edmoutfiles': [], 'jobarch': 'slc7_amd64_gcc11', 'jobsw': 'CMSSW_13_0_13', 'cacheurl': 'https://cmsweb.cern.ch/S3/crabcache_prod', 'cachefilename': 'c21f585968b676319b78458a8dfff0d78967d784c1d5d78343c5cdc38d3be0e5.tar.gz', 'debugfilename': '22e2ef90a9ea727bed46b3039f8cdf04164dfec84c674c795cda558a42ac2a98.tar.gz', 'runs': ['367095', '367100', '367102', '367103', '367104', '367111', '367112', '367127', '367128', '367129', '367130', '367131', '367133', '367228', '367229', '367230', '367231', '367232', '367234', '367260', '367262', '367263', '367264', '367267', '367269', '367270', '367271', '367312', '367314', '367315', '367334', '367336', '367337', '367355', '367406', '367413', '367415', '367416', '367475', '367477', '367515', '367516', '367552', '367553', '367554', '367615', '367618', '367619', '367661', '367662', '367663', '367665', '367666', '367691', '367696', '367699', '367730', '367742', '367758', '367770', '367771', '367772', '367790', '367831', '367836', '367838', '367840', '367881', '367883', '367884', '367902', '367904', '367905', '367906', '367907', '367908', '367910', '368223', '368224', '368229', '368318', '368320', '368321', '368332', '368333', '368343', '368382', '368384', '368388', '368389', '368400', '368410', '368412', '368423', '368451', '368453', '368454', '368489', '368546', '368547', '368548', '368566', '368567', '368609', '368611', '368613', '368636', '368669', '368670', '368672', '368674', '368675', '368676', '368678', '368684', '368685', '368723', '368724', '368746', '368749', '368753', '368762', '368764', '368765', '368822', '368823'], 'lumis': ['1,564', '45,390', '1,75', '1,64', '1,1082', '51,338', '1,1438', '18,350', '1,2,6,6,11,12,14,15', '1,3', '1,2,6,9,13,126,135,167', '1,149', '1,275', '55,280,285,287,292,294,298,304', '1,34', '1,1', '1,22', '1,996', '1,501', '52,69,72,240', '1,42,49,119,123,271', '10,21', '1,847', '45,322', '1,33', '1,961', '1,135', '53,225,227,269', '1,20', '1,893', '26,324', '1,169', '1,1046', '60,63', '48,476', '68,448,450,467,469,746,748,750,752,898,900,1340,1342,1367', '1,97', '1,55', '56,634', '1,1289', '44,668', '1,1236', '49,59', '1,644', '1,312', '53,484', '18,341', '1,300,302,501,503,579', '50,366', '1,18', '1,1', '1,271', '1,11,16,86', '46,204', '1,856,858,1920', '1,151', '48,562', '39,443', '52,767', '47,198', '1,91', '1,6', '1,160', '53,504', '48,588', '1,793', '1,570', '14,152', '1,1050', '1,1011', '42,273', '1,103', '1,48', '1,344', '1,119', '1,358', '1,593', '45,437,445,487', '1,57', '52,569', '37,319', '1,285', '1,337', '1,14', '1,25', '1,328', '37,792', '1,44', '39,444,448,1431,1434,1472', '1,198', '40,271', '49,1501', '1,92', '42,159,161,516', '1,144', '1,5', '1,68,72,1168', '47,791,793,827,829,863,865,899,901,935,937,971,973,1007,1009,1043,1045,1079,1081,1280,1282,1380,1382,1581,1583,1595', '1,659', '1,194,197,702', '1,75,77,86,89,90,93,280,282,1044', '1,1195', '1,31,33,411,414,436', '41,1039', '1,247,249,382', '1,260', '51,819', '42,410', '1,255,306,308', '1,866', '1,12', '1,50', '1,156', '1,171', '40,135', '1,1481', '63,63,97,188', '1,1200', '39,77', '1,169', '1,976', '45,238', '1,1', '1,1386', '45,330,332,908,910,991', '3,35']} 
DEBUG 2024-02-21 22:28:13.134 UTC: 	 Encoded data for curl request: dryrun=0&workflow=crab_SkimB4Mu_2023eraC-v2_stream3_Mini&saveoutput=1&savelogsflag=0&inputdata=%2FParkingDoubleMuonLowMass3%2FRun2023C-22Sep2023_v2-v1%2FMINIAOD&primarydataset=&nonvaliddata=1&dbsurl=https%3A%2F%2Fcmsweb.cern.ch%2Fdbs%2Fprod%2Fglobal%2FDBSReader&useparent=0&ignorelocality=0&splitalgo=LumiBased&algoargs=50&totalunits=0&publication=1&publishdbsurl=https%3A%2F%2Fcmsweb.cern.ch%2Fdbs%2Fprod%2Fphys03%2FDBSWriter&publishname2=SkimB4Mu_2023eraC-v2_stream3_Mini&jobtype=Analysis&generator=pythia&maxjobruntime=1250&numcores=1&maxmemory=2000&priority=10&nonprodsw=1&asyncdest=T2_IT_Bari&requireaccelerator=0&oneEventMode=0&ignoreglobalblacklist=1&partialdataset=0&jobarch=slc7_amd64_gcc11&jobsw=CMSSW_13_0_13&cacheurl=https%3A%2F%2Fcmsweb.cern.ch%2FS3%2Fcrabcache_prod&cachefilename=c21f585968b676319b78458a8dfff0d78967d784c1d5d78343c5cdc38d3be0e5.tar.gz&debugfilename=22e2ef90a9ea727bed46b3039f8cdf04164dfec84c674c795cda558a42ac2a98.tar.gz&tfileoutfiles=TreeData.root&runs=367095&runs=367100&runs=367102&runs=367103&runs=367104&runs=367111&runs=367112&runs=367127&runs=367128&runs=367129&runs=367130&runs=367131&runs=367133&runs=367228&runs=367229&runs=367230&runs=367231&runs=367232&runs=367234&runs=367260&runs=367262&runs=367263&runs=367264&runs=367267&runs=367269&runs=367270&runs=367271&runs=367312&runs=367314&runs=367315&runs=367334&runs=367336&runs=367337&runs=367355&runs=367406&runs=367413&runs=367415&runs=367416&runs=367475&runs=367477&runs=367515&runs=367516&runs=367552&runs=367553&runs=367554&runs=367615&runs=367618&runs=367619&runs=367661&runs=367662&runs=367663&runs=367665&runs=367666&runs=367691&runs=367696&runs=367699&runs=367730&runs=367742&runs=367758&runs=367770&runs=367771&runs=367772&runs=367790&runs=367831&runs=367836&runs=367838&runs=367840&runs=367881&runs=367883&runs=367884&runs=367902&runs=367904&runs=367905&runs=367906&runs=367907&runs=367908&runs=367910&runs=368223&runs=368224&runs=368229&runs=368318&runs=368320&runs=368321&runs=368332&runs=368333&runs=368343&runs=368382&runs=368384&runs=368388&runs=368389&runs=368400&runs=368410&runs=368412&runs=368423&runs=368451&runs=368453&runs=368454&runs=368489&runs=368546&runs=368547&runs=368548&runs=368566&runs=368567&runs=368609&runs=368611&runs=368613&runs=368636&runs=368669&runs=368670&runs=368672&runs=368674&runs=368675&runs=368676&runs=368678&runs=368684&runs=368685&runs=368723&runs=368724&runs=368746&runs=368749&runs=368753&runs=368762&runs=368764&runs=368765&runs=368822&runs=368823&lumis=1%2C564&lumis=45%2C390&lumis=1%2C75&lumis=1%2C64&lumis=1%2C1082&lumis=51%2C338&lumis=1%2C1438&lumis=18%2C350&lumis=1%2C2%2C6%2C6%2C11%2C12%2C14%2C15&lumis=1%2C3&lumis=1%2C2%2C6%2C9%2C13%2C126%2C135%2C167&lumis=1%2C149&lumis=1%2C275&lumis=55%2C280%2C285%2C287%2C292%2C294%2C298%2C304&lumis=1%2C34&lumis=1%2C1&lumis=1%2C22&lumis=1%2C996&lumis=1%2C501&lumis=52%2C69%2C72%2C240&lumis=1%2C42%2C49%2C119%2C123%2C271&lumis=10%2C21&lumis=1%2C847&lumis=45%2C322&lumis=1%2C33&lumis=1%2C961&lumis=1%2C135&lumis=53%2C225%2C227%2C269&lumis=1%2C20&lumis=1%2C893&lumis=26%2C324&lumis=1%2C169&lumis=1%2C1046&lumis=60%2C63&lumis=48%2C476&lumis=68%2C448%2C450%2C467%2C469%2C746%2C748%2C750%2C752%2C898%2C900%2C1340%2C1342%2C1367&lumis=1%2C97&lumis=1%2C55&lumis=56%2C634&lumis=1%2C1289&lumis=44%2C668&lumis=1%2C1236&lumis=49%2C59&lumis=1%2C644&lumis=1%2C312&lumis=53%2C484&lumis=18%2C341&lumis=1%2C300%2C302%2C501%2C503%2C579&lumis=50%2C366&lumis=1%2C18&lumis=1%2C1&lumis=1%2C271&lumis=1%2C11%2C16%2C86&lumis=46%2C204&lumis=1%2C856%2C858%2C1920&lumis=1%2C151&lumis=48%2C562&lumis=39%2C443&lumis=52%2C767&lumis=47%2C198&lumis=1%2C91&lumis=1%2C6&lumis=1%2C160&lumis=53%2C504&lumis=48%2C588&lumis=1%2C793&lumis=1%2C570&lumis=14%2C152&lumis=1%2C1050&lumis=1%2C1011&lumis=42%2C273&lumis=1%2C103&lumis=1%2C48&lumis=1%2C344&lumis=1%2C119&lumis=1%2C358&lumis=1%2C593&lumis=45%2C437%2C445%2C487&lumis=1%2C57&lumis=52%2C569&lumis=37%2C319&lumis=1%2C285&lumis=1%2C337&lumis=1%2C14&lumis=1%2C25&lumis=1%2C328&lumis=37%2C792&lumis=1%2C44&lumis=39%2C444%2C448%2C1431%2C1434%2C1472&lumis=1%2C198&lumis=40%2C271&lumis=49%2C1501&lumis=1%2C92&lumis=42%2C159%2C161%2C516&lumis=1%2C144&lumis=1%2C5&lumis=1%2C68%2C72%2C1168&lumis=47%2C791%2C793%2C827%2C829%2C863%2C865%2C899%2C901%2C935%2C937%2C971%2C973%2C1007%2C1009%2C1043%2C1045%2C1079%2C1081%2C1280%2C1282%2C1380%2C1382%2C1581%2C1583%2C1595&lumis=1%2C659&lumis=1%2C194%2C197%2C702&lumis=1%2C75%2C77%2C86%2C89%2C90%2C93%2C280%2C282%2C1044&lumis=1%2C1195&lumis=1%2C31%2C33%2C411%2C414%2C436&lumis=41%2C1039&lumis=1%2C247%2C249%2C382&lumis=1%2C260&lumis=51%2C819&lumis=42%2C410&lumis=1%2C255%2C306%2C308&lumis=1%2C866&lumis=1%2C12&lumis=1%2C50&lumis=1%2C156&lumis=1%2C171&lumis=40%2C135&lumis=1%2C1481&lumis=63%2C63%2C97%2C188&lumis=1%2C1200&lumis=39%2C77&lumis=1%2C169&lumis=1%2C976&lumis=45%2C238&lumis=1%2C1&lumis=1%2C1386&lumis=45%2C330%2C332%2C908%2C910%2C991&lumis=3%2C35
DEBUG 2024-02-21 22:28:13.316 UTC: 	 Result: {'result': [{'RequestName': '240221_222813:mbuonsan_crab_SkimB4Mu_2023eraC-v2_stream3_Mini'}]}
INFO 2024-02-21 22:28:13.317 UTC: 	 Success: Your task has been delivered to the prod CRAB3 server.
INFO 2024-02-21 22:28:13.317 UTC: 	 Task name: 240221_222813:mbuonsan_crab_SkimB4Mu_2023eraC-v2_stream3_Mini
INFO 2024-02-21 22:28:13.317 UTC: 	 Project dir: crab_projects/crab_SkimB4Mu_2023eraC-v2_stream3_Mini
INFO 2024-02-21 22:28:13.318 UTC: 	 Please use ' crab status -d crab_projects/crab_SkimB4Mu_2023eraC-v2_stream3_Mini ' to check how the submission process proceeds.
DEBUG 2024-02-21 22:28:13.318 UTC: 	 About to return
INFO 2024-02-21 22:28:13.322 UTC: 	 Log file is /lustrehome/mbuonsante/B_4mu/CMSSW_13_0_13/src/B4muNtuplizer/CrabSubmission/2023_eraC-v2/crab_projects/crab_SkimB4Mu_2023eraC-v2_stream3_Mini/crab.log
DEBUG 2024-02-22 18:03:56.945 UTC: 	 CRAB Client version: v3.240110
DEBUG 2024-02-22 18:03:56.945 UTC: 	 Running on: Linux ui02.recas.ba.infn.it 3.10.0-1160.80.1.el7.x86_64 #1 SMP Tue Nov 8 15:48:59 UTC 2022 x86_64 x86_64 x86_64 GNU/Linux - CentOS Linux 7 (Core)
DEBUG 2024-02-22 18:03:56.945 UTC: 	 Executing command: 'resubmit'
DEBUG 2024-02-22 18:03:56.945 UTC: 	 Found CRAB cache file /lustrehome/mbuonsante/.crab3
DEBUG 2024-02-22 18:03:56.953 UTC: 	 Checking credentials
DEBUG 2024-02-22 18:03:56.953 UTC: 	 Found proxy file /tmp/x509up_u881331
DEBUG 2024-02-22 18:03:56.953 UTC: 	 Making sure it has proper VOMS extension
DEBUG 2024-02-22 18:03:56.953 UTC: 	 Executing command :
 voms-proxy-info --vo --file /tmp/x509up_u881331
DEBUG 2024-02-22 18:03:58.165 UTC: 	 output : cms

 error: 
 retcode : 0
DEBUG 2024-02-22 18:03:58.165 UTC: 	 Getting proxy life time left
DEBUG 2024-02-22 18:03:58.165 UTC: 	 Executing command :
 voms-proxy-info --actimeleft --timeleft --file /tmp/x509up_u881331
DEBUG 2024-02-22 18:03:59.423 UTC: 	 output : 408978
408977

 error: 
 retcode : 0
DEBUG 2024-02-22 18:03:59.423 UTC: 	 Proxy valid for 113:36:17 hours
DEBUG 2024-02-22 18:03:59.423 UTC: 	 Encoded data for curl request: subresource=delegatedn
DEBUG 2024-02-22 18:03:59.597 UTC: 	 Registering user credentials on myproxy for /DC=ch/DC=cern/OU=computers/CN=crab-(preprod|prod|dev)-tw(01|02|03).cern.ch|/DC=ch/DC=cern/OU=computers/CN=stefanov(m|m2).cern.ch|/DC=ch/DC=cern/OU=computers/CN=dciangot-tw.cern.ch
DEBUG 2024-02-22 18:03:59.598 UTC: 	 Executing command :
 voms-proxy-info --identity --file /tmp/x509up_u881331
DEBUG 2024-02-22 18:04:00.707 UTC: 	 output : /DC=ch/DC=cern/OU=Organic Units/OU=Users/CN=mbuonsan/CN=866052/CN=Marco Buonsante

 error: 
 retcode : 0
DEBUG 2024-02-22 18:04:00.707 UTC: 	 Getting myproxy life time left for db438794163ae221c16ac5cdc1e476b2bc2ff634
DEBUG 2024-02-22 18:04:00.707 UTC: 	 Executing command :
 myproxy-info -s myproxy.cern.ch -l db438794163ae221c16ac5cdc1e476b2bc2ff634
DEBUG 2024-02-22 18:04:01.039 UTC: 	 output : username: db438794163ae221c16ac5cdc1e476b2bc2ff634
owner: /DC=ch/DC=cern/OU=Organic Units/OU=Users/CN=mbuonsan/CN=866052/CN=Marco Buonsante
  renewal policy: /DC=ch/DC=cern/OU=computers/CN=crab-(preprod|prod|dev)-tw(01|02|03).cern.ch|/DC=ch/DC=cern/OU=computers/CN=stefanov(m|m2).cern.ch|/DC=ch/DC=cern/OU=computers/CN=dciangot-tw.cern.ch
  trusted retrieval policy: /DC=ch/DC=cern/OU=computers/CN=crab-(preprod|prod|dev)-tw(01|02|03).cern.ch|/DC=ch/DC=cern/OU=computers/CN=stefanov(m|m2).cern.ch|/DC=ch/DC=cern/OU=computers/CN=dciangot-tw.cern.ch
  timeleft: 473:37:26  (19.7 days)

 error: 
 retcode : 0
DEBUG 2024-02-22 18:04:01.040 UTC: 	 Myproxy is valid: 1705020
DEBUG 2024-02-22 18:04:01.040 UTC: 	 Result of myproxy credential check:
  Credential exists on myproxy: username: db438794163ae221c16ac5cdc1e476b2bc2ff634  - validity: 19 days, 17:37:00
DEBUG 2024-02-22 18:04:01.041 UTC: 	 Encoded data for curl request: subresource=search&workflow=240221_222813%3Ambuonsan_crab_SkimB4Mu_2023eraC-v2_stream3_Mini
DEBUG 2024-02-22 18:04:01.224 UTC: 	 Command use: resubmit
DEBUG 2024-02-22 18:04:01.224 UTC: 	 Options use: ['-d', 'crab_projects/crab_SkimB4Mu_2023eraC-v2_stream3_Mini']
DEBUG 2024-02-22 18:04:01.224 UTC: 	 Encoded data for curl request: subresource=version
DEBUG 2024-02-22 18:04:01.405 UTC: 	 CRABClient version: v3.240110
DEBUG 2024-02-22 18:04:01.405 UTC: 	 Instance is prod
DEBUG 2024-02-22 18:04:01.406 UTC: 	 Server base url is cmsweb.cern.ch
DEBUG 2024-02-22 18:04:01.406 UTC: 	 Command api workflow
DEBUG 2024-02-22 18:04:01.427 UTC: 	 CRAB Client version: v3.240110
DEBUG 2024-02-22 18:04:01.427 UTC: 	 Running on: Linux ui02.recas.ba.infn.it 3.10.0-1160.80.1.el7.x86_64 #1 SMP Tue Nov 8 15:48:59 UTC 2022 x86_64 x86_64 x86_64 GNU/Linux - CentOS Linux 7 (Core)
DEBUG 2024-02-22 18:04:01.427 UTC: 	 Executing command: 'status'
DEBUG 2024-02-22 18:04:01.427 UTC: 	 Found CRAB cache file /lustrehome/mbuonsante/.crab3
DEBUG 2024-02-22 18:04:01.430 UTC: 	 Checking credentials
DEBUG 2024-02-22 18:04:01.430 UTC: 	 Found proxy file /tmp/x509up_u881331
DEBUG 2024-02-22 18:04:01.430 UTC: 	 Making sure it has proper VOMS extension
DEBUG 2024-02-22 18:04:01.430 UTC: 	 Executing command :
 voms-proxy-info --vo --file /tmp/x509up_u881331
DEBUG 2024-02-22 18:04:02.523 UTC: 	 output : cms

 error: 
 retcode : 0
DEBUG 2024-02-22 18:04:02.523 UTC: 	 Getting proxy life time left
DEBUG 2024-02-22 18:04:02.523 UTC: 	 Executing command :
 voms-proxy-info --actimeleft --timeleft --file /tmp/x509up_u881331
DEBUG 2024-02-22 18:04:03.667 UTC: 	 output : 408974
408973

 error: 
 retcode : 0
DEBUG 2024-02-22 18:04:03.667 UTC: 	 Proxy valid for 113:36:13 hours
DEBUG 2024-02-22 18:04:03.667 UTC: 	 Encoded data for curl request: subresource=delegatedn
DEBUG 2024-02-22 18:04:03.839 UTC: 	 Registering user credentials on myproxy for /DC=ch/DC=cern/OU=computers/CN=crab-(preprod|prod|dev)-tw(01|02|03).cern.ch|/DC=ch/DC=cern/OU=computers/CN=stefanov(m|m2).cern.ch|/DC=ch/DC=cern/OU=computers/CN=dciangot-tw.cern.ch
DEBUG 2024-02-22 18:04:03.839 UTC: 	 Executing command :
 voms-proxy-info --identity --file /tmp/x509up_u881331
DEBUG 2024-02-22 18:04:04.967 UTC: 	 output : /DC=ch/DC=cern/OU=Organic Units/OU=Users/CN=mbuonsan/CN=866052/CN=Marco Buonsante

 error: 
 retcode : 0
DEBUG 2024-02-22 18:04:04.968 UTC: 	 Getting myproxy life time left for db438794163ae221c16ac5cdc1e476b2bc2ff634
DEBUG 2024-02-22 18:04:04.968 UTC: 	 Executing command :
 myproxy-info -s myproxy.cern.ch -l db438794163ae221c16ac5cdc1e476b2bc2ff634
DEBUG 2024-02-22 18:04:05.368 UTC: 	 output : username: db438794163ae221c16ac5cdc1e476b2bc2ff634
owner: /DC=ch/DC=cern/OU=Organic Units/OU=Users/CN=mbuonsan/CN=866052/CN=Marco Buonsante
  renewal policy: /DC=ch/DC=cern/OU=computers/CN=crab-(preprod|prod|dev)-tw(01|02|03).cern.ch|/DC=ch/DC=cern/OU=computers/CN=stefanov(m|m2).cern.ch|/DC=ch/DC=cern/OU=computers/CN=dciangot-tw.cern.ch
  trusted retrieval policy: /DC=ch/DC=cern/OU=computers/CN=crab-(preprod|prod|dev)-tw(01|02|03).cern.ch|/DC=ch/DC=cern/OU=computers/CN=stefanov(m|m2).cern.ch|/DC=ch/DC=cern/OU=computers/CN=dciangot-tw.cern.ch
  timeleft: 473:37:22  (19.7 days)

 error: 
 retcode : 0
DEBUG 2024-02-22 18:04:05.368 UTC: 	 Myproxy is valid: 1705020
DEBUG 2024-02-22 18:04:05.368 UTC: 	 Result of myproxy credential check:
  Credential exists on myproxy: username: db438794163ae221c16ac5cdc1e476b2bc2ff634  - validity: 19 days, 17:37:00
DEBUG 2024-02-22 18:04:05.368 UTC: 	 Retrieving username ...
DEBUG 2024-02-22 18:04:05.368 UTC: 	 Retrieving username from CRIC...
DEBUG 2024-02-22 18:04:35.487 UTC: 	 username is mbuonsan
INFO 2024-02-22 18:04:37.140 UTC: 	 Rucio client intialized for account mbuonsan
DEBUG 2024-02-22 18:04:37.141 UTC: 	 Command use: status
DEBUG 2024-02-22 18:04:37.141 UTC: 	 Options use: []
DEBUG 2024-02-22 18:04:37.141 UTC: 	 Encoded data for curl request: subresource=version
DEBUG 2024-02-22 18:04:37.321 UTC: 	 CRABClient version: v3.240110
DEBUG 2024-02-22 18:04:37.321 UTC: 	 Instance is prod
DEBUG 2024-02-22 18:04:37.321 UTC: 	 Server base url is cmsweb.cern.ch
DEBUG 2024-02-22 18:04:37.321 UTC: 	 Command api workflow
DEBUG 2024-02-22 18:04:37.322 UTC: 	 Encoded data for curl request: subresource=search&workflow=240221_222813%3Ambuonsan_crab_SkimB4Mu_2023eraC-v2_stream3_Mini
DEBUG 2024-02-22 18:04:37.502 UTC: 	 Got information from server oracle database: {'desc': {'columns': ['tm_taskname', 'tm_activity', 'panda_jobset_id', 'tm_task_status', 'tm_task_command', 'tm_start_time', 'tm_start_injection', 'tm_end_injection', 'tm_task_failure', 'tm_job_sw', 'tm_job_arch', 'tm_input_dataset', 'tm_nonvalid_input_dataset', 'tm_use_parent', 'tm_site_whitelist', 'tm_site_blacklist', 'tm_split_algo', 'tm_split_args', 'tm_user_sandbox', 'tm_cache_url', 'tm_username', 'tm_user_dn', 'tm_user_vo', 'tm_user_role', 'tm_user_group', 'tm_publish_name', 'tm_publish_groupname', 'tm_asyncdest', 'tm_dbs_url', 'tm_publish_dbs_url', 'tm_publication', 'tm_outfiles', 'tm_tfile_outfiles', 'tm_edm_outfiles', 'tm_job_type', 'tm_generator', 'tm_events_per_lumi', 'tm_arguments', 'panda_resubmitted_jobs', 'tm_save_logs', 'tw_name', 'tm_user_infiles', 'tm_maxjobruntime', 'tm_numcores', 'tm_maxmemory', 'tm_priority', 'tm_output_dataset', 'tm_task_warnings', 'tm_user_webdir', 'tm_scriptexe', 'tm_scriptargs', 'tm_extrajdl', 'tm_asourl', 'tm_collector', 'tm_schedd', 'tm_dry_run', 'tm_user_files', 'tm_transfer_outputs', 'tm_output_lfn', 'tm_ignore_locality', 'tm_fail_limit', 'tm_one_event_mode', 'tm_secondary_input_dataset', 'tm_primary_dataset', 'tm_last_publication', 'tm_debug_files', 'clusterid', 'tm_asodb', 'tm_ignore_global_blacklist', 'tm_submitter_ip_addr', 'tm_totalunits', 'tm_ddm_reqid', 'tm_user_config', 'tm_transfer_container', 'tm_transfer_rule', 'tm_publish_rule', 'tm_multipub_rule']}, 'result': ['240221_222813:mbuonsan_crab_SkimB4Mu_2023eraC-v2_stream3_Mini', 'None', 'None', 'SUBMITTED', 'SUBMIT', '2024-02-21 22:28:13.294664', 'None', '2024-02-21 22:30:16.393791', 'None', 'CMSSW_13_0_13', 'slc7_amd64_gcc11', '/ParkingDoubleMuonLowMass3/Run2023C-22Sep2023_v2-v1/MINIAOD', 'T', '0', '[]', '[]', 'LumiBased', "{'halt_job_on_file_boundaries': False, 'splitOnRun': False, 'lumis_per_job': 50, 'runs': ['367095', '367100', '367102', '367103', '367104', '367111', '367112', '367127', '367128', '367129', '367130', '367131', '367133', '367228', '367229', '367230', '367231', '367232', '367234', '367260', '367262', '367263', '367264', '367267', '367269', '367270', '367271', '367312', '367314', '367315', '367334', '367336', '367337', '367355', '367406', '367413', '367415', '367416', '367475', '367477', '367515', '367516', '367552', '367553', '367554', '367615', '367618', '367619', '367661', '367662', '367663', '367665', '367666', '367691', '367696', '367699', '367730', '367742', '367758', '367770', '367771', '367772', '367790', '367831', '367836', '367838', '367840', '367881', '367883', '367884', '367902', '367904', '367905', '367906', '367907', '367908', '367910', '368223', '368224', '368229', '368318', '368320', '368321', '368332', '368333', '368343', '368382', '368384', '368388', '368389', '368400', '368410', '368412', '368423', '368451', '368453', '368454', '368489', '368546', '368547', '368548', '368566', '368567', '368609', '368611', '368613', '368636', '368669', '368670', '368672', '368674', '368675', '368676', '368678', '368684', '368685', '368723', '368724', '368746', '368749', '368753', '368762', '368764', '368765', '368822', '368823'], 'lumis': ['1,564', '45,390', '1,75', '1,64', '1,1082', '51,338', '1,1438', '18,350', '1,2,6,6,11,12,14,15', '1,3', '1,2,6,9,13,126,135,167', '1,149', '1,275', '55,280,285,287,292,294,298,304', '1,34', '1,1', '1,22', '1,996', '1,501', '52,69,72,240', '1,42,49,119,123,271', '10,21', '1,847', '45,322', '1,33', '1,961', '1,135', '53,225,227,269', '1,20', '1,893', '26,324', '1,169', '1,1046', '60,63', '48,476', '68,448,450,467,469,746,748,750,752,898,900,1340,1342,1367', '1,97', '1,55', '56,634', '1,1289', '44,668', '1,1236', '49,59', '1,644', '1,312', '53,484', '18,341', '1,300,302,501,503,579', '50,366', '1,18', '1,1', '1,271', '1,11,16,86', '46,204', '1,856,858,1920', '1,151', '48,562', '39,443', '52,767', '47,198', '1,91', '1,6', '1,160', '53,504', '48,588', '1,793', '1,570', '14,152', '1,1050', '1,1011', '42,273', '1,103', '1,48', '1,344', '1,119', '1,358', '1,593', '45,437,445,487', '1,57', '52,569', '37,319', '1,285', '1,337', '1,14', '1,25', '1,328', '37,792', '1,44', '39,444,448,1431,1434,1472', '1,198', '40,271', '49,1501', '1,92', '42,159,161,516', '1,144', '1,5', '1,68,72,1168', '47,791,793,827,829,863,865,899,901,935,937,971,973,1007,1009,1043,1045,1079,1081,1280,1282,1380,1382,1581,1583,1595', '1,659', '1,194,197,702', '1,75,77,86,89,90,93,280,282,1044', '1,1195', '1,31,33,411,414,436', '41,1039', '1,247,249,382', '1,260', '51,819', '42,410', '1,255,306,308', '1,866', '1,12', '1,50', '1,156', '1,171', '40,135', '1,1481', '63,63,97,188', '1,1200', '39,77', '1,169', '1,976', '45,238', '1,1', '1,1386', '45,330,332,908,910,991', '3,35']}", 'c21f585968b676319b78458a8dfff0d78967d784c1d5d78343c5cdc38d3be0e5.tar.gz', 'https://cmsweb.cern.ch/S3/crabcache_prod', 'mbuonsan', '/DC=ch/DC=cern/OU=Organic Units/OU=Users/CN=mbuonsan/CN=866052/CN=Marco Buonsante', 'cms', 'None', 'None', 'SkimB4Mu_2023eraC-v2_stream3_Mini-00000000000000000000000000000000', 'F', 'T2_IT_Bari', 'https://cmsweb.cern.ch/dbs/prod/global/DBSReader', 'https://cmsweb.cern.ch/dbs/prod/phys03/DBSWriter', 'T', '[]', "['TreeData.root']", '[]', 'Analysis', 'pythia', 'None', '{}', 'None', 'F', 'crab-prod-tw01', '[]', '1250', '1', '2000', '10', "['/FakeDataset/fakefile-FakePublish-5538524af361378ebcfbd1681be46c2b/USER']", '[]', 'http://vocms0195.cern.ch/mon/mbuonsan/240221_222813:mbuonsan_crab_SkimB4Mu_2023eraC-v2_stream3_Mini', 'None', '[]', '[]', 'None', 'cmsgwms-collector-global.cern.ch:9620,cmsgwms-collector-global.fnal.gov:9620', 'crab3@vocms0195.cern.ch', 'F', '[]', 'T', '/store/user/mbuonsan/', 'F', 'None', 'F', 'None', 'ParkingDoubleMuonLowMass3', 'None', '22e2ef90a9ea727bed46b3039f8cdf04164dfec84c674c795cda558a42ac2a98.tar.gz', '99128090', 'None', 'T', '137.138.154.184', '0.0', 'None', '{"partialdataset": false, "requireaccelerator": false, "acceleratorparams": null, "inputblocks": null}', 'None', 'None', 'None', 'None']}
INFO 2024-02-22 18:04:37.503 UTC: 	 CRAB project directory:		/lustrehome/mbuonsante/B_4mu/CMSSW_13_0_13/src/B4muNtuplizer/CrabSubmission/2023_eraC-v2/crab_projects/crab_SkimB4Mu_2023eraC-v2_stream3_Mini
INFO 2024-02-22 18:04:37.503 UTC: 	 Task name:			240221_222813:mbuonsan_crab_SkimB4Mu_2023eraC-v2_stream3_Mini
INFO 2024-02-22 18:04:37.503 UTC: 	 Grid scheduler - Task Worker:	crab3@vocms0195.cern.ch - crab-prod-tw01
INFO 2024-02-22 18:04:37.503 UTC: 	 Status on the CRAB server:	SUBMITTED
INFO 2024-02-22 18:04:37.503 UTC: 	 Task URL to use for HELP:	https://cmsweb.cern.ch/crabserver/ui/task/240221_222813%3Ambuonsan_crab_SkimB4Mu_2023eraC-v2_stream3_Mini
INFO 2024-02-22 18:04:37.520 UTC: 	 Dashboard monitoring URL:	https://monit-grafana.cern.ch/d/cmsTMDetail/cms-task-monitoring-task-view?orgId=11&var-user=mbuonsan&var-task=240221_222813%3Ambuonsan_crab_SkimB4Mu_2023eraC-v2_stream3_Mini&from=1708550893000&to=now
DEBUG 2024-02-22 18:04:37.520 UTC: 	 The CRAB server submitted your task to the Grid scheduler (cluster ID: 99128090)
DEBUG 2024-02-22 18:04:37.520 UTC: 	 Webdir is located at http://vocms0195.cern.ch/mon/mbuonsan/240221_222813:mbuonsan_crab_SkimB4Mu_2023eraC-v2_stream3_Mini
DEBUG 2024-02-22 18:04:37.521 UTC: 	 Encoded data for curl request: subresource=webdirprx&workflow=240221_222813%3Ambuonsan_crab_SkimB4Mu_2023eraC-v2_stream3_Mini
DEBUG 2024-02-22 18:04:37.745 UTC: 	 Proxied webdir is located at https://cmsweb.cern.ch:8443/scheddmon/0195/mbuonsan/240221_222813:mbuonsan_crab_SkimB4Mu_2023eraC-v2_stream3_Mini
DEBUG 2024-02-22 18:04:37.745 UTC: 	 Retrieving 'status_cache' file from https://cmsweb.cern.ch:8443/scheddmon/0195/mbuonsan/240221_222813:mbuonsan_crab_SkimB4Mu_2023eraC-v2_stream3_Mini/status_cache.pkl
DEBUG 2024-02-22 18:04:37.746 UTC: 	 Will execute:
curl -sS --capath /etc/grid-security/certificates --cert /tmp/x509up_u881331 --key /tmp/x509up_u881331 -o /tmp/crab_status-cache-16dnfcrt.pkl -w %"{http_code}" "https://cmsweb.cern.ch:8443/scheddmon/0195/mbuonsan/240221_222813:mbuonsan_crab_SkimB4Mu_2023eraC-v2_stream3_Mini/status_cache.pkl"
DEBUG 2024-02-22 18:04:37.746 UTC: 	 Executing command :
 curl -sS --capath /etc/grid-security/certificates --cert /tmp/x509up_u881331 --key /tmp/x509up_u881331 -o /tmp/crab_status-cache-16dnfcrt.pkl -w %"{http_code}" "https://cmsweb.cern.ch:8443/scheddmon/0195/mbuonsan/240221_222813:mbuonsan_crab_SkimB4Mu_2023eraC-v2_stream3_Mini/status_cache.pkl"
DEBUG 2024-02-22 18:04:37.990 UTC: 	 output : 200
 error: 
 retcode : 0
DEBUG 2024-02-22 18:04:37.990 UTC: 	 exitcode: 0
stdout: 200
stderr: 
error details: 
DEBUG 2024-02-22 18:04:37.992 UTC: 	 Got information from status cache file: {'5': {'Retries': 0, 'Restarts': 0, 'SiteHistory': ['Unknown', 'T2_DE_DESY', 'T2_DE_DESY'], 'ResidentSetSize': [1338756], 'SubmitTimes': [1708554621.0], 'StartTimes': [1708557931.0], 'EndTimes': [1708558651.0], 'TotalUserCpuTimeHistory': [630], 'TotalSysCpuTimeHistory': [22], 'WallDurations': [9.0, 90.42491459846497, 720.0], 'JobIds': ['99128093.0'], 'State': 'finished', 'RecordedSite': True}, '1': {'Retries': 1, 'Restarts': 0, 'SiteHistory': ['Unknown', 'T2_IT_Pisa', 'T2_IT_Pisa', 'Unknown', 'T2_IT_Pisa', 'T2_IT_Pisa'], 'ResidentSetSize': [1245212, 1244192], 'SubmitTimes': [1708554621.0, 1708557099.0], 'StartTimes': [1708554704.0, 1708557207.0], 'EndTimes': [1708555225.0, 1708557698.0], 'TotalUserCpuTimeHistory': [399, 393], 'TotalSysCpuTimeHistory': [14, 13], 'WallDurations': [9.0, 278.39621663093567, 521.0, 10.0, 207.77968502044678, 491.0], 'JobIds': ['99128094.0', '99129738.0'], 'State': 'finished', 'RecordedSite': True}, '2': {'Retries': 0, 'Restarts': 0, 'SiteHistory': ['Unknown', 'T2_DE_DESY', 'T2_DE_DESY'], 'ResidentSetSize': [1307388], 'SubmitTimes': [1708554621.0], 'StartTimes': [1708557940.0], 'EndTimes': [1708558681.0], 'TotalUserCpuTimeHistory': [627], 'TotalSysCpuTimeHistory': [15], 'WallDurations': [8.0, 81.42491459846497, 741.0], 'JobIds': ['99128095.0'], 'State': 'finished', 'RecordedSite': True}, '4': {'Retries': 0, 'Restarts': 0, 'SiteHistory': ['Unknown', 'T2_DE_DESY', 'T2_DE_DESY'], 'ResidentSetSize': [1456152], 'SubmitTimes': [1708554621.0], 'StartTimes': [1708557968.0], 'EndTimes': [1708559696.0], 'TotalUserCpuTimeHistory': [1591], 'TotalSysCpuTimeHistory': [34], 'WallDurations': [8.0, 53.424914598464966, 1728.0], 'JobIds': ['99128096.0'], 'State': 'finished', 'RecordedSite': True}, '6': {'Retries': 0, 'Restarts': 0, 'SiteHistory': ['Unknown', 'T2_DE_DESY', 'T2_DE_DESY'], 'ResidentSetSize': [1319448], 'SubmitTimes': [1708554622.0], 'StartTimes': [1708555944.0], 'EndTimes': [1708557207.0], 'TotalUserCpuTimeHistory': [1011], 'TotalSysCpuTimeHistory': [40], 'WallDurations': [9.0, 248.270649433136, 1263.0], 'JobIds': ['99128097.0'], 'State': 'finished', 'RecordedSite': True}, '7': {'Retries': 0, 'Restarts': 0, 'SiteHistory': ['Unknown', 'T2_IT_Legnaro', 'T2_IT_Legnaro'], 'ResidentSetSize': [1301768], 'SubmitTimes': [1708554622.0], 'StartTimes': [1708554696.0], 'EndTimes': [1708555989.0], 'TotalUserCpuTimeHistory': [1187], 'TotalSysCpuTimeHistory': [26], 'WallDurations': [9.0, 286.39621663093567, 1293.0], 'JobIds': ['99128098.0'], 'State': 'finished', 'RecordedSite': True}, '3': {'Retries': 0, 'Restarts': 0, 'SiteHistory': ['Unknown', 'T2_DE_DESY', 'T2_DE_DESY'], 'ResidentSetSize': [1568108], 'SubmitTimes': [1708554622.0], 'StartTimes': [1708557975.0], 'EndTimes': [1708559226.0], 'TotalUserCpuTimeHistory': [1141], 'TotalSysCpuTimeHistory': [28], 'WallDurations': [8.0, 46.424914598464966, 1251.0], 'JobIds': ['99128099.0'], 'State': 'finished', 'RecordedSite': True}, '8': {'Retries': 0, 'Restarts': 0, 'SiteHistory': ['Unknown', 'T2_DE_DESY', 'T2_DE_DESY'], 'ResidentSetSize': [1574276], 'SubmitTimes': [1708554623.0], 'StartTimes': [1708555942.0], 'EndTimes': [1708557965.0], 'TotalUserCpuTimeHistory': [1671], 'TotalSysCpuTimeHistory': [40], 'WallDurations': [8.0, 250.270649433136, 2023.0], 'JobIds': ['99128100.0'], 'State': 'finished', 'RecordedSite': True}, '9': {'Retries': 0, 'Restarts': 0, 'SiteHistory': ['Unknown', 'T2_DE_DESY', 'T2_DE_DESY'], 'ResidentSetSize': [1507300], 'SubmitTimes': [1708554625.0], 'StartTimes': [1708555942.0], 'EndTimes': [1708557321.0], 'TotalUserCpuTimeHistory': [1108], 'TotalSysCpuTimeHistory': [35], 'WallDurations': [9.0, 250.270649433136, 1379.0], 'JobIds': ['99128102.0'], 'State': 'finished', 'RecordedSite': True}, '10': {'Retries': 0, 'Restarts': 0, 'SiteHistory': ['Unknown', 'T2_DE_DESY', 'T2_DE_DESY'], 'ResidentSetSize': [1455312], 'SubmitTimes': [1708554625.0], 'StartTimes': [1708555943.0], 'EndTimes': [1708557666.0], 'TotalUserCpuTimeHistory': [1442], 'TotalSysCpuTimeHistory': [43], 'WallDurations': [9.0, 249.270649433136, 1723.0], 'JobIds': ['99128103.0'], 'State': 'finished', 'RecordedSite': True}, '12': {'Retries': 0, 'Restarts': 0, 'SiteHistory': ['Unknown', 'T2_DE_DESY', 'T2_DE_DESY'], 'ResidentSetSize': [1437144], 'SubmitTimes': [1708554626.0], 'StartTimes': [1708555941.0], 'EndTimes': [1708557136.0], 'TotalUserCpuTimeHistory': [914], 'TotalSysCpuTimeHistory': [31], 'WallDurations': [9.0, 251.270649433136, 1195.0], 'JobIds': ['99128104.0'], 'State': 'finished', 'RecordedSite': True}, '15': {'Retries': 0, 'Restarts': 0, 'SiteHistory': ['Unknown', 'T2_DE_DESY', 'T2_DE_DESY'], 'ResidentSetSize': [1414664], 'SubmitTimes': [1708554626.0], 'StartTimes': [1708555943.0], 'EndTimes': [1708557125.0], 'TotalUserCpuTimeHistory': [908], 'TotalSysCpuTimeHistory': [26], 'WallDurations': [9.0, 249.270649433136, 1182.0], 'JobIds': ['99128105.0'], 'State': 'finished', 'RecordedSite': True}, '18': {'Retries': 0, 'Restarts': 0, 'SiteHistory': ['Unknown', 'T2_DE_DESY', 'T2_DE_DESY'], 'ResidentSetSize': [1220104], 'SubmitTimes': [1708554627.0], 'StartTimes': [1708555941.0], 'EndTimes': [1708556347.0], 'TotalUserCpuTimeHistory': [277], 'TotalSysCpuTimeHistory': [10], 'WallDurations': [9.0, 251.270649433136, 406.0], 'JobIds': ['99128106.0'], 'State': 'finished', 'RecordedSite': True}, '13': {'Retries': 0, 'Restarts': 0, 'SiteHistory': ['Unknown', 'T2_DE_DESY', 'T2_DE_DESY'], 'ResidentSetSize': [1548472], 'SubmitTimes': [1708554632.0], 'StartTimes': [1708555940.0], 'EndTimes': [1708557938.0], 'TotalUserCpuTimeHistory': [1507], 'TotalSysCpuTimeHistory': [39], 'WallDurations': [9.0, 252.270649433136, 1998.0], 'JobIds': ['99128107.0'], 'State': 'finished', 'RecordedSite': True}, '14': {'Retries': 0, 'Restarts': 0, 'SiteHistory': ['Unknown', 'T2_DE_DESY', 'T2_DE_DESY'], 'ResidentSetSize': [1438812], 'SubmitTimes': [1708554632.0], 'StartTimes': [1708555942.0], 'EndTimes': [1708557830.0], 'TotalUserCpuTimeHistory': [1574], 'TotalSysCpuTimeHistory': [71], 'WallDurations': [9.0, 250.270649433136, 1888.0], 'JobIds': ['99128108.0'], 'State': 'finished', 'RecordedSite': True}, '16': {'Retries': 1, 'Restarts': 0, 'SiteHistory': ['Unknown', 'T2_DE_DESY', 'T2_DE_DESY', 'T1_US_FNAL', 'T1_US_FNAL'], 'ResidentSetSize': [1281964, 1260704], 'SubmitTimes': [1708554632.0, 1708559559.0], 'StartTimes': [1708555944.0, 1708559640.0], 'EndTimes': [1708557690.0, 1708561827.0], 'TotalUserCpuTimeHistory': [1419, 1491], 'TotalSysCpuTimeHistory': [57, 60], 'WallDurations': [8.0, 248.270649433136, 1746.0, 9.0, 2187.0], 'JobIds': ['99128109.0', '99130623.0'], 'State': 'finished', 'RecordedSite': True}, '17': {'Retries': 0, 'Restarts': 0, 'SiteHistory': ['Unknown', 'T2_DE_DESY', 'T2_DE_DESY'], 'ResidentSetSize': [1288200], 'SubmitTimes': [1708554632.0], 'StartTimes': [1708555944.0], 'EndTimes': [1708557868.0], 'TotalUserCpuTimeHistory': [1262], 'TotalSysCpuTimeHistory': [39], 'WallDurations': [8.0, 248.270649433136, 1924.0], 'JobIds': ['99128110.0'], 'State': 'finished', 'RecordedSite': True}, '19': {'Retries': 0, 'Restarts': 0, 'SiteHistory': ['Unknown', 'T2_IN_TIFR', 'T2_IN_TIFR'], 'ResidentSetSize': [1309508], 'SubmitTimes': [1708554632.0], 'StartTimes': [1708554702.0], 'EndTimes': [1708557011.0], 'TotalUserCpuTimeHistory': [1298], 'TotalSysCpuTimeHistory': [39], 'WallDurations': [8.0, 280.39621663093567, 2309.0], 'JobIds': ['99128111.0'], 'State': 'finished', 'RecordedSite': True}, '11': {'Retries': 1, 'Restarts': 0, 'SiteHistory': ['Unknown', 'T2_DE_DESY', 'T2_DE_DESY', 'T1_US_FNAL', 'T1_US_FNAL'], 'ResidentSetSize': [1544268, 1226320], 'SubmitTimes': [1708554632.0, 1708560051.0], 'StartTimes': [1708555944.0, 1708560060.0], 'EndTimes': [1708558178.0, 1708561746.0], 'TotalUserCpuTimeHistory': [1720, 1474], 'TotalSysCpuTimeHistory': [43, 36], 'WallDurations': [8.0, 248.270649433136, 2234.0, 9.0, 1686.0], 'JobIds': ['99128112.0', '99130735.0'], 'State': 'finished', 'RecordedSite': True}, '20': {'Retries': 0, 'Restarts': 0, 'SiteHistory': ['Unknown', 'T2_IN_TIFR', 'T2_IN_TIFR'], 'ResidentSetSize': [1334180], 'SubmitTimes': [1708554633.0], 'StartTimes': [1708554702.0], 'EndTimes': [1708555330.0], 'TotalUserCpuTimeHistory': [533], 'TotalSysCpuTimeHistory': [14], 'WallDurations': [8.0, 280.39621663093567, 628.0], 'JobIds': ['99128113.0'], 'State': 'finished', 'RecordedSite': True}, '21': {'Retries': 0, 'Restarts': 0, 'SiteHistory': ['Unknown', 'T2_CH_CSCS', 'T2_CH_CSCS'], 'ResidentSetSize': [1443588], 'SubmitTimes': [1708554633.0], 'StartTimes': [1708554696.0], 'EndTimes': [1708566727.0], 'TotalUserCpuTimeHistory': [1181], 'TotalSysCpuTimeHistory': [24], 'WallDurations': [9.0, 286.39621663093567, 12031.0], 'JobIds': ['99128114.0'], 'State': 'finished', 'RecordedSite': True}, '22': {'Retries': 0, 'Restarts': 0, 'SiteHistory': ['Unknown', 'T2_CH_CSCS', 'T2_CH_CSCS'], 'ResidentSetSize': [1530136], 'SubmitTimes': [1708554633.0], 'StartTimes': [1708554701.0], 'EndTimes': [1708567806.0], 'TotalUserCpuTimeHistory': [874], 'TotalSysCpuTimeHistory': [20], 'WallDurations': [8.0, 281.39621663093567, 13105.0], 'JobIds': ['99128115.0'], 'State': 'finished', 'RecordedSite': True}, '23': {'Retries': 0, 'Restarts': 0, 'SiteHistory': ['Unknown', 'T2_CH_CSCS', 'T2_CH_CSCS'], 'ResidentSetSize': [1144200], 'SubmitTimes': [1708554633.0], 'StartTimes': [1708554696.0], 'EndTimes': [1708556410.0], 'TotalUserCpuTimeHistory': [1096], 'TotalSysCpuTimeHistory': [26], 'WallDurations': [9.0, 286.39621663093567, 1714.0], 'JobIds': ['99128116.0'], 'State': 'finished', 'RecordedSite': True}, '24': {'Retries': 0, 'Restarts': 0, 'SiteHistory': ['Unknown', 'T2_CH_CSCS', 'T2_CH_CSCS'], 'ResidentSetSize': [1216840], 'SubmitTimes': [1708554633.0], 'StartTimes': [1708554700.0], 'EndTimes': [1708556358.0], 'TotalUserCpuTimeHistory': [1050], 'TotalSysCpuTimeHistory': [24], 'WallDurations': [9.0, 282.39621663093567, 1658.0], 'JobIds': ['99128117.0'], 'State': 'finished', 'RecordedSite': True}, '25': {'Retries': 0, 'Restarts': 0, 'SiteHistory': ['Unknown', 'T2_CH_CSCS', 'T2_CH_CSCS'], 'ResidentSetSize': [1168708], 'SubmitTimes': [1708554633.0], 'StartTimes': [1708554696.0], 'EndTimes': [1708555853.0], 'TotalUserCpuTimeHistory': [727], 'TotalSysCpuTimeHistory': [18], 'WallDurations': [9.0, 286.39621663093567, 1157.0], 'JobIds': ['99128118.0'], 'State': 'finished', 'RecordedSite': True}, '26': {'Retries': 1, 'Restarts': 0, 'SiteHistory': ['Unknown', 'T2_CH_CSCS', 'T2_CH_CSCS', 'Unknown', 'T1_US_FNAL', 'T1_US_FNAL'], 'ResidentSetSize': [1406340, 1265144], 'SubmitTimes': [1708554633.0, 1708557630.0], 'StartTimes': [1708554714.0, 1708557736.0], 'EndTimes': [1708555757.0, 1708558525.0], 'TotalUserCpuTimeHistory': [600, 693], 'TotalSysCpuTimeHistory': [18, 21], 'WallDurations': [8.0, 268.39621663093567, 1043.0, 9.0, 285.42491459846497, 789.0], 'JobIds': ['99128119.0', '99129850.0'], 'State': 'finished', 'RecordedSite': True}, '27': {'Retries': 1, 'Restarts': 0, 'SiteHistory': ['Unknown', 'T2_CH_CSCS', 'T2_CH_CSCS', 'T1_US_FNAL', 'T1_US_FNAL'], 'ResidentSetSize': [1410652, 1293104], 'SubmitTimes': [1708554633.0, 1708557610.0], 'StartTimes': [1708554709.0, 1708557661.0], 'EndTimes': [1708555734.0, 1708558492.0], 'TotalUserCpuTimeHistory': [609, 627], 'TotalSysCpuTimeHistory': [18, 20], 'WallDurations': [9.0, 273.39621663093567, 1025.0, 9.0, 831.0], 'JobIds': ['99128120.0', '99129844.0'], 'State': 'finished', 'RecordedSite': True}, '28': {'Retries': 1, 'Restarts': 0, 'SiteHistory': ['Unknown', 'T2_CH_CSCS', 'T2_CH_CSCS', 'T2_CH_CSCS', 'T2_CH_CSCS'], 'ResidentSetSize': [1420108, 1426036], 'SubmitTimes': [1708554633.0, 1708559126.0], 'StartTimes': [1708554710.0, 1708559163.0], 'EndTimes': [1708555448.0, 1708559998.0], 'TotalUserCpuTimeHistory': [430, 433], 'TotalSysCpuTimeHistory': [13, 14], 'WallDurations': [10.0, 272.39621663093567, 738.0, 8.0, 835.0], 'JobIds': ['99128121.0', '99130529.0'], 'State': 'finished', 'RecordedSite': True}, '29': {'Retries': 0, 'Restarts': 0, 'SiteHistory': ['Unknown', 'T3_UK_London_QMUL', 'T3_UK_London_QMUL'], 'ResidentSetSize': [1240776], 'SubmitTimes': [1708554633.0], 'StartTimes': [1708554704.0], 'EndTimes': [1708556641.0], 'TotalUserCpuTimeHistory': [1538], 'TotalSysCpuTimeHistory': [43], 'WallDurations': [8.0, 278.39621663093567, 1937.0], 'JobIds': ['99128122.0'], 'State': 'finished', 'RecordedSite': True}, '30': {'Retries': 0, 'Restarts': 0, 'SiteHistory': ['Unknown', 'T2_UK_SGrid_RALPP', 'T2_UK_SGrid_RALPP'], 'ResidentSetSize': [1332116], 'SubmitTimes': [1708554633.0], 'StartTimes': [1708554709.0], 'EndTimes': [1708556189.0], 'TotalUserCpuTimeHistory': [1126], 'TotalSysCpuTimeHistory': [39], 'WallDurations': [8.0, 273.39621663093567, 1480.0], 'JobIds': ['99128123.0'], 'State': 'finished', 'RecordedSite': True}, '31': {'Retries': 1, 'Restarts': 0, 'SiteHistory': ['Unknown', 'T2_UK_SGrid_RALPP', 'T2_UK_SGrid_RALPP', 'T2_IT_Bari', 'T2_IT_Bari'], 'ResidentSetSize': [1253752, 1237516], 'SubmitTimes': [1708554633.0, 1708558628.0], 'StartTimes': [1708554702.0, 1708558646.0], 'EndTimes': [1708554957.0, 1708559077.0], 'TotalUserCpuTimeHistory': [147, 301], 'TotalSysCpuTimeHistory': [9, 11], 'WallDurations': [255.0, 280.39621663093567, 280.39621663093567, 9.0, 431.0], 'JobIds': ['99128124.0', '99130425.0'], 'State': 'finished', 'RecordedSite': True}, '32': {'Retries': 0, 'Restarts': 0, 'SiteHistory': ['Unknown', 'T3_UK_London_RHUL', 'T3_UK_London_RHUL'], 'ResidentSetSize': [1242232], 'SubmitTimes': [1708554633.0], 'StartTimes': [1708554700.0], 'EndTimes': [1708555700.0], 'TotalUserCpuTimeHistory': [735], 'TotalSysCpuTimeHistory': [29], 'WallDurations': [9.0, 282.39621663093567, 1000.0], 'JobIds': ['99128125.0'], 'State': 'finished', 'RecordedSite': True}, '33': {'Retries': 1, 'Restarts': 0, 'SiteHistory': ['Unknown', 'T1_ES_PIC', 'T1_ES_PIC', 'T1_US_FNAL', 'T1_US_FNAL'], 'ResidentSetSize': [1560120, 1294108], 'SubmitTimes': [1708554633.0, 1708558210.0], 'StartTimes': [1708555136.0, 1708558275.0], 'EndTimes': [1708556335.0, 1708558919.0], 'TotalUserCpuTimeHistory': [873, 539], 'TotalSysCpuTimeHistory': [38, 16], 'WallDurations': [8.0, 148.68501353263855, 1199.0, 10.0, 644.0], 'JobIds': ['99128126.0', '99129987.0'], 'State': 'finished', 'RecordedSite': True}, '34': {'Retries': 0, 'Restarts': 0, 'SiteHistory': ['Unknown', 'T2_TR_METU', 'T2_TR_METU'], 'ResidentSetSize': [1263796], 'SubmitTimes': [1708554633.0], 'StartTimes': [1708554702.0], 'EndTimes': [1708559227.0], 'TotalUserCpuTimeHistory': [3898], 'TotalSysCpuTimeHistory': [189], 'WallDurations': [8.0, 280.39621663093567, 4525.0], 'JobIds': ['99128127.0'], 'State': 'finished', 'RecordedSite': True}, '35': {'Retries': 0, 'Restarts': 0, 'SiteHistory': ['Unknown', 'T2_TR_METU', 'T2_TR_METU'], 'ResidentSetSize': [1199708], 'SubmitTimes': [1708554633.0], 'StartTimes': [1708554702.0], 'EndTimes': [1708558809.0], 'TotalUserCpuTimeHistory': [3570], 'TotalSysCpuTimeHistory': [171], 'WallDurations': [9.0, 280.39621663093567, 4107.0], 'JobIds': ['99128128.0'], 'State': 'finished', 'RecordedSite': True}, '36': {'Retries': 1, 'Restarts': 0, 'SiteHistory': ['Unknown', 'T2_TR_METU', 'T2_TR_METU', 'T1_US_FNAL', 'T1_US_FNAL'], 'ResidentSetSize': [1206236, 1547644], 'SubmitTimes': [1708554633.0, 1708560171.0], 'StartTimes': [1708554702.0, 1708560244.0], 'EndTimes': [1708558297.0, 1708561747.0], 'TotalUserCpuTimeHistory': [3021, 1271], 'TotalSysCpuTimeHistory': [164, 34], 'WallDurations': [10.0, 280.39621663093567, 3595.0, 9.0, 1503.0], 'JobIds': ['99128129.0', '99130760.0'], 'State': 'finished', 'RecordedSite': True}, '37': {'Retries': 0, 'Restarts': 0, 'SiteHistory': ['Unknown', 'T2_TR_METU', 'T2_TR_METU'], 'ResidentSetSize': [1235804], 'SubmitTimes': [1708554633.0], 'StartTimes': [1708554702.0], 'EndTimes': [1708558283.0], 'TotalUserCpuTimeHistory': [3097], 'TotalSysCpuTimeHistory': [129], 'WallDurations': [9.0, 280.39621663093567, 3581.0], 'JobIds': ['99128130.0'], 'State': 'finished', 'RecordedSite': True}, '38': {'Retries': 0, 'Restarts': 0, 'SiteHistory': ['Unknown', 'T2_TR_METU', 'T2_TR_METU'], 'ResidentSetSize': [1179556], 'SubmitTimes': [1708554633.0], 'StartTimes': [1708554709.0], 'EndTimes': [1708559356.0], 'TotalUserCpuTimeHistory': [3890], 'TotalSysCpuTimeHistory': [199], 'WallDurations': [9.0, 273.39621663093567, 4647.0], 'JobIds': ['99128131.0'], 'State': 'finished', 'RecordedSite': True}, '40': {'Retries': 0, 'Restarts': 0, 'SiteHistory': ['Unknown', 'T2_TR_METU', 'T2_TR_METU'], 'ResidentSetSize': [11824], 'SubmitTimes': [1708554633.0], 'StartTimes': [1708554718.0], 'EndTimes': [1708554926.0], 'TotalUserCpuTimeHistory': [113], 'TotalSysCpuTimeHistory': [10], 'WallDurations': [208.0, 264.39621663093567, 264.39621663093567], 'JobIds': ['99128132.0'], 'State': 'finished', 'RecordedSite': True}, '41': {'Retries': 0, 'Restarts': 0, 'SiteHistory': ['T1_DE_KIT', 'T1_DE_KIT'], 'ResidentSetSize': [1121420], 'SubmitTimes': [1708554633.0], 'StartTimes': [1708554661.0], 'EndTimes': [1708554943.0], 'TotalUserCpuTimeHistory': [223], 'TotalSysCpuTimeHistory': [11], 'WallDurations': [10.0, 282.0], 'JobIds': ['99128133.0'], 'State': 'finished', 'RecordedSite': True}, '42': {'Retries': 0, 'Restarts': 0, 'SiteHistory': ['Unknown', 'T2_HU_Budapest', 'T2_HU_Budapest'], 'ResidentSetSize': [1618488], 'SubmitTimes': [1708554633.0], 'StartTimes': [1708554702.0], 'EndTimes': [1708556919.0], 'TotalUserCpuTimeHistory': [1932], 'TotalSysCpuTimeHistory': [67], 'WallDurations': [10.0, 280.39621663093567, 2217.0], 'JobIds': ['99128134.0'], 'State': 'finished', 'RecordedSite': True}, '45': {'Retries': 0, 'Restarts': 0, 'SiteHistory': ['Unknown', 'T2_HU_Budapest', 'T2_HU_Budapest'], 'ResidentSetSize': [1600136], 'SubmitTimes': [1708554633.0], 'StartTimes': [1708554704.0], 'EndTimes': [1708556552.0], 'TotalUserCpuTimeHistory': [1557], 'TotalSysCpuTimeHistory': [45], 'WallDurations': [9.0, 278.39621663093567, 1848.0], 'JobIds': ['99128135.0'], 'State': 'finished', 'RecordedSite': True}, '46': {'Retries': 1, 'Restarts': 0, 'SiteHistory': ['Unknown', 'T2_HU_Budapest', 'T2_HU_Budapest', 'T2_IT_Bari', 'T2_IT_Bari'], 'ResidentSetSize': [1568640, 1398948], 'SubmitTimes': [1708554633.0, 1708557757.0], 'StartTimes': [1708554703.0, 1708557786.0], 'EndTimes': [1708555879.0, 1708559471.0], 'TotalUserCpuTimeHistory': [1008, 1324], 'TotalSysCpuTimeHistory': [28, 29], 'WallDurations': [8.0, 279.39621663093567, 1176.0, 9.0, 1685.0], 'JobIds': ['99128136.0', '99129879.0'], 'State': 'finished', 'RecordedSite': True}, '47': {'Retries': 1, 'Restarts': 0, 'SiteHistory': ['Unknown', 'T2_HU_Budapest', 'T2_HU_Budapest', 'Unknown', 'T2_IT_Bari', 'T2_IT_Bari'], 'ResidentSetSize': [1582272, 1273668], 'SubmitTimes': [1708554633.0, 1708556794.0], 'StartTimes': [1708554703.0, 1708556890.0], 'EndTimes': [1708554926.0, 1708557160.0], 'TotalUserCpuTimeHistory': [158, 195], 'TotalSysCpuTimeHistory': [5, 9], 'WallDurations': [223.0, 279.39621663093567, 279.39621663093567, 8.0, 216.71076035499573, 270.0], 'JobIds': ['99128137.0', '99129675.0'], 'State': 'finished', 'RecordedSite': True}, '43': {'Retries': 0, 'Restarts': 0, 'SiteHistory': ['Unknown', 'T2_HU_Budapest', 'T2_HU_Budapest'], 'ResidentSetSize': [1511232], 'SubmitTimes': [1708554633.0], 'StartTimes': [1708554708.0], 'EndTimes': [1708556558.0], 'TotalUserCpuTimeHistory': [1603], 'TotalSysCpuTimeHistory': [63], 'WallDurations': [8.0, 274.39621663093567, 1850.0], 'JobIds': ['99128138.0'], 'State': 'finished', 'RecordedSite': True}, '48': {'Retries': 0, 'Restarts': 0, 'SiteHistory': ['Unknown', 'T2_FR_GRIF', 'T2_FR_GRIF'], 'ResidentSetSize': [1209044], 'SubmitTimes': [1708554633.0], 'StartTimes': [1708554704.0], 'EndTimes': [1708559644.0], 'TotalUserCpuTimeHistory': [1602], 'TotalSysCpuTimeHistory': [49], 'WallDurations': [8.0, 278.39621663093567, 4940.0], 'JobIds': ['99128139.0'], 'State': 'finished', 'RecordedSite': True}, '50': {'Retries': 0, 'Restarts': 0, 'SiteHistory': ['T1_IT_CNAF', 'T1_IT_CNAF'], 'ResidentSetSize': [1268104], 'SubmitTimes': [1708554634.0], 'StartTimes': [1708554658.0], 'EndTimes': [1708555597.0], 'TotalUserCpuTimeHistory': [358], 'TotalSysCpuTimeHistory': [15], 'WallDurations': [9.0, 939.0], 'JobIds': ['99128140.0'], 'State': 'finished', 'RecordedSite': True}, '44': {'Retries': 0, 'Restarts': 0, 'SiteHistory': ['Unknown', 'T2_HU_Budapest', 'T2_HU_Budapest'], 'ResidentSetSize': [1581244], 'SubmitTimes': [1708554634.0], 'StartTimes': [1708554709.0], 'EndTimes': [1708556186.0], 'TotalUserCpuTimeHistory': [1201], 'TotalSysCpuTimeHistory': [50], 'WallDurations': [8.0, 273.39621663093567, 1477.0], 'JobIds': ['99128141.0'], 'State': 'finished', 'RecordedSite': True}, '53': {'Retries': 1, 'Restarts': 0, 'SiteHistory': ['Unknown', 'T2_ES_IFCA', 'T2_ES_IFCA', 'Unknown', 'T1_US_FNAL', 'T1_US_FNAL'], 'ResidentSetSize': [1288608, 1454984], 'SubmitTimes': [1708554634.0, 1708566989.0], 'StartTimes': [1708554706.0, 1708567143.0], 'EndTimes': [1708559712.0, 1708570723.0], 'TotalUserCpuTimeHistory': [2452, 3062], 'TotalSysCpuTimeHistory': [112, 142], 'WallDurations': [9.0, 276.39621663093567, 5006.0, 9.0, 229.8803300857544, 3580.0], 'JobIds': ['99128142.0', '99131559.0'], 'State': 'finished', 'RecordedSite': True}, '49': {'Retries': 0, 'Restarts': 0, 'SiteHistory': ['Unknown', 'T2_FR_GRIF', 'T2_FR_GRIF'], 'ResidentSetSize': [1096100], 'SubmitTimes': [1708554634.0], 'StartTimes': [1708554704.0], 'EndTimes': [1708556070.0], 'TotalUserCpuTimeHistory': [1135], 'TotalSysCpuTimeHistory': [42], 'WallDurations': [9.0, 278.39621663093567, 1366.0], 'JobIds': ['99128143.0'], 'State': 'finished', 'RecordedSite': True}, '54': {'Retries': 1, 'Restarts': 0, 'SiteHistory': ['Unknown', 'T2_ES_IFCA', 'T2_ES_IFCA', 'Unknown', 'T1_US_FNAL', 'T1_US_FNAL'], 'ResidentSetSize': [1286052, 1417120], 'SubmitTimes': [1708554634.0, 1708560701.0], 'StartTimes': [1708554709.0, 1708560826.0], 'EndTimes': [1708557033.0, 1708561858.0], 'TotalUserCpuTimeHistory': [1280, 882], 'TotalSysCpuTimeHistory': [57, 21], 'WallDurations': [8.0, 273.39621663093567, 2324.0, 9.0, 219.73306465148926, 1032.0], 'JobIds': ['99128144.0', '99130868.0'], 'State': 'finished', 'RecordedSite': True}, '51': {'Retries': 0, 'Restarts': 0, 'SiteHistory': ['Unknown', 'T1_US_FNAL', 'T1_US_FNAL'], 'ResidentSetSize': [1058512], 'SubmitTimes': [1708554634.0], 'StartTimes': [1708557217.0], 'EndTimes': [1708557507.0], 'TotalUserCpuTimeHistory': [233], 'TotalSysCpuTimeHistory': [7], 'WallDurations': [9.0, 197.77968502044678, 290.0], 'JobIds': ['99128145.0'], 'State': 'finished', 'RecordedSite': True}, '52': {'Retries': 1, 'Restarts': 0, 'SiteHistory': ['Unknown', 'T2_ES_IFCA', 'T2_ES_IFCA', 'T2_ES_IFCA', 'T2_ES_IFCA'], 'ResidentSetSize': [1316628, 1240140], 'SubmitTimes': [1708554634.0, 1708562558.0], 'StartTimes': [1708554706.0, 1708562655.0], 'EndTimes': [1708560685.0, 1708567603.0], 'TotalUserCpuTimeHistory': [2606, 2579], 'TotalSysCpuTimeHistory': [111, 115], 'WallDurations': [9.0, 276.39621663093567, 5979.0, 9.0, 4948.0], 'JobIds': ['99128146.0', '99131156.0'], 'State': 'finished', 'RecordedSite': True}, '55': {'Retries': 0, 'Restarts': 0, 'SiteHistory': ['Unknown', 'T2_BR_SPRACE', 'T2_BR_SPRACE'], 'ResidentSetSize': [1525252], 'SubmitTimes': [1708554634.0], 'StartTimes': [1708554719.0], 'EndTimes': [1708556659.0], 'TotalUserCpuTimeHistory': [1641], 'TotalSysCpuTimeHistory': [78], 'WallDurations': [8.0, 263.39621663093567, 1940.0], 'JobIds': ['99128147.0'], 'State': 'finished', 'RecordedSite': True}, '56': {'Retries': 0, 'Restarts': 0, 'SiteHistory': ['Unknown', 'T2_BR_SPRACE', 'T2_BR_SPRACE'], 'ResidentSetSize': [1571024], 'SubmitTimes': [1708554634.0], 'StartTimes': [1708554715.0], 'EndTimes': [1708556689.0], 'TotalUserCpuTimeHistory': [1676], 'TotalSysCpuTimeHistory': [59], 'WallDurations': [9.0, 267.39621663093567, 1974.0], 'JobIds': ['99128148.0'], 'State': 'finished', 'RecordedSite': True}, '57': {'Retries': 0, 'Restarts': 0, 'SiteHistory': ['Unknown', 'T2_BR_SPRACE', 'T2_BR_SPRACE'], 'ResidentSetSize': [1562688], 'SubmitTimes': [1708554634.0], 'StartTimes': [1708554724.0], 'EndTimes': [1708556508.0], 'TotalUserCpuTimeHistory': [1483], 'TotalSysCpuTimeHistory': [57], 'WallDurations': [9.0, 258.39621663093567, 1784.0], 'JobIds': ['99128149.0'], 'State': 'finished', 'RecordedSite': True}, '58': {'Retries': 1, 'Restarts': 0, 'SiteHistory': ['Unknown', 'T2_BR_SPRACE', 'T2_BR_SPRACE', 'T1_US_FNAL', 'T1_US_FNAL'], 'ResidentSetSize': [1564020, 1440520], 'SubmitTimes': [1708554634.0, 1708557590.0], 'StartTimes': [1708554714.0, 1708557617.0], 'EndTimes': [1708555715.0, 1708558833.0], 'TotalUserCpuTimeHistory': [772, 1048], 'TotalSysCpuTimeHistory': [35, 26], 'WallDurations': [8.0, 268.39621663093567, 1001.0, 9.0, 1216.0], 'JobIds': ['99128150.0', '99129839.0'], 'State': 'finished', 'RecordedSite': True}, '59': {'Retries': 0, 'Restarts': 0, 'SiteHistory': ['Unknown', 'T2_BR_SPRACE', 'T2_BR_SPRACE'], 'ResidentSetSize': [1496900], 'SubmitTimes': [1708554634.0], 'StartTimes': [1708554720.0], 'EndTimes': [1708556810.0], 'TotalUserCpuTimeHistory': [1758], 'TotalSysCpuTimeHistory': [64], 'WallDurations': [9.0, 262.39621663093567, 2090.0], 'JobIds': ['99128151.0'], 'State': 'finished', 'RecordedSite': True}, '60': {'Retries': 0, 'Restarts': 0, 'SiteHistory': ['Unknown', 'T2_BR_SPRACE', 'T2_BR_SPRACE'], 'ResidentSetSize': [1552420], 'SubmitTimes': [1708554634.0], 'StartTimes': [1708554732.0], 'EndTimes': [1708556364.0], 'TotalUserCpuTimeHistory': [1325], 'TotalSysCpuTimeHistory': [45], 'WallDurations': [10.0, 250.39621663093567, 1632.0], 'JobIds': ['99128152.0'], 'State': 'finished', 'RecordedSite': True}, '61': {'Retries': 1, 'Restarts': 0, 'SiteHistory': ['Unknown', 'T2_BR_SPRACE', 'T2_BR_SPRACE', 'T2_ES_IFCA', 'T2_ES_IFCA'], 'ResidentSetSize': [1498400, 1281096], 'SubmitTimes': [1708554634.0, 1708558110.0], 'StartTimes': [1708554718.0, 1708558122.0], 'EndTimes': [1708556236.0, 1708561998.0], 'TotalUserCpuTimeHistory': [1249, 1697], 'TotalSysCpuTimeHistory': [61, 98], 'WallDurations': [9.0, 264.39621663093567, 1518.0, 10.0, 3876.0], 'JobIds': ['99128153.0', '99129958.0'], 'State': 'finished', 'RecordedSite': True}, '62': {'Retries': 0, 'Restarts': 0, 'SiteHistory': ['Unknown', 'T2_BR_SPRACE', 'T2_BR_SPRACE'], 'ResidentSetSize': [1539296], 'SubmitTimes': [1708554634.0], 'StartTimes': [1708554720.0], 'EndTimes': [1708556199.0], 'TotalUserCpuTimeHistory': [1218], 'TotalSysCpuTimeHistory': [48], 'WallDurations': [9.0, 262.39621663093567, 1479.0], 'JobIds': ['99128154.0'], 'State': 'finished', 'RecordedSite': True}, '63': {'Retries': 0, 'Restarts': 0, 'SiteHistory': ['Unknown', 'T2_BR_SPRACE', 'T2_BR_SPRACE'], 'ResidentSetSize': [1529012], 'SubmitTimes': [1708554634.0], 'StartTimes': [1708554718.0], 'EndTimes': [1708556354.0], 'TotalUserCpuTimeHistory': [1126], 'TotalSysCpuTimeHistory': [48], 'WallDurations': [8.0, 264.39621663093567, 1636.0], 'JobIds': ['99128155.0'], 'State': 'finished', 'RecordedSite': True}, '64': {'Retries': 0, 'Restarts': 0, 'SiteHistory': ['Unknown', 'T2_BR_SPRACE', 'T2_BR_SPRACE'], 'ResidentSetSize': [1562136], 'SubmitTimes': [1708554634.0], 'StartTimes': [1708554718.0], 'EndTimes': [1708555419.0], 'TotalUserCpuTimeHistory': [491], 'TotalSysCpuTimeHistory': [23], 'WallDurations': [9.0, 264.39621663093567, 701.0], 'JobIds': ['99128156.0'], 'State': 'finished', 'RecordedSite': True}, '65': {'Retries': 0, 'Restarts': 0, 'SiteHistory': ['Unknown', 'T2_BR_SPRACE', 'T2_BR_SPRACE'], 'ResidentSetSize': [1574480], 'SubmitTimes': [1708554634.0], 'StartTimes': [1708554714.0], 'EndTimes': [1708555426.0], 'TotalUserCpuTimeHistory': [492], 'TotalSysCpuTimeHistory': [28], 'WallDurations': [10.0, 268.39621663093567, 712.0], 'JobIds': ['99128157.0'], 'State': 'finished', 'RecordedSite': True}, '66': {'Retries': 1, 'Restarts': 0, 'SiteHistory': ['Unknown', 'T2_ES_IFCA', 'T2_ES_IFCA', 'T1_US_FNAL', 'T1_US_FNAL'], 'ResidentSetSize': [1271748, 1312364], 'SubmitTimes': [1708554634.0, 1708561840.0], 'StartTimes': [1708554714.0, 1708561862.0], 'EndTimes': [1708556359.0, 1708562226.0], 'TotalUserCpuTimeHistory': [384, 269], 'TotalSysCpuTimeHistory': [36, 11], 'WallDurations': [8.0, 268.39621663093567, 1645.0, 8.0, 364.0], 'JobIds': ['99128158.0', '99131103.0'], 'State': 'finished', 'RecordedSite': True}, '67': {'Retries': 0, 'Restarts': 0, 'SiteHistory': ['T1_RU_JINR', 'T1_RU_JINR'], 'ResidentSetSize': [1467084], 'SubmitTimes': [1708554634.0], 'StartTimes': [1708554662.0], 'EndTimes': [1708556792.0], 'TotalUserCpuTimeHistory': [1780], 'TotalSysCpuTimeHistory': [39], 'WallDurations': [9.0, 2130.0], 'JobIds': ['99128159.0'], 'State': 'finished', 'RecordedSite': True}, '68': {'Retries': 0, 'Restarts': 0, 'SiteHistory': ['T1_RU_JINR', 'T1_RU_JINR'], 'ResidentSetSize': [1313528], 'SubmitTimes': [1708554634.0], 'StartTimes': [1708554664.0], 'EndTimes': [1708556276.0], 'TotalUserCpuTimeHistory': [1355], 'TotalSysCpuTimeHistory': [28], 'WallDurations': [9.0, 1612.0], 'JobIds': ['99128160.0'], 'State': 'finished', 'RecordedSite': True}, '69': {'Retries': 0, 'Restarts': 0, 'SiteHistory': ['T1_RU_JINR', 'T1_RU_JINR'], 'ResidentSetSize': [1311760], 'SubmitTimes': [1708554634.0], 'StartTimes': [1708554665.0], 'EndTimes': [1708556407.0], 'TotalUserCpuTimeHistory': [1419], 'TotalSysCpuTimeHistory': [33], 'WallDurations': [9.0, 1742.0], 'JobIds': ['99128161.0'], 'State': 'finished', 'RecordedSite': True}, '70': {'Retries': 0, 'Restarts': 0, 'SiteHistory': ['T1_RU_JINR', 'T1_RU_JINR'], 'ResidentSetSize': [1305748], 'SubmitTimes': [1708554634.0], 'StartTimes': [1708554664.0], 'EndTimes': [1708557476.0], 'TotalUserCpuTimeHistory': [2436], 'TotalSysCpuTimeHistory': [66], 'WallDurations': [8.0, 2812.0], 'JobIds': ['99128162.0'], 'State': 'finished', 'RecordedSite': True}, '73': {'Retries': 0, 'Restarts': 0, 'SiteHistory': ['T1_RU_JINR', 'T1_RU_JINR'], 'ResidentSetSize': [1305152], 'SubmitTimes': [1708554634.0], 'StartTimes': [1708554664.0], 'EndTimes': [1708556643.0], 'TotalUserCpuTimeHistory': [1696], 'TotalSysCpuTimeHistory': [38], 'WallDurations': [9.0, 1979.0], 'JobIds': ['99128163.0'], 'State': 'finished', 'RecordedSite': True}, '71': {'Retries': 0, 'Restarts': 0, 'SiteHistory': ['T1_RU_JINR', 'T1_RU_JINR'], 'ResidentSetSize': [1309972], 'SubmitTimes': [1708554634.0], 'StartTimes': [1708554664.0], 'EndTimes': [1708557443.0], 'TotalUserCpuTimeHistory': [2432], 'TotalSysCpuTimeHistory': [60], 'WallDurations': [8.0, 2779.0], 'JobIds': ['99128164.0'], 'State': 'finished', 'RecordedSite': True}, '72': {'Retries': 0, 'Restarts': 0, 'SiteHistory': ['T1_DE_KIT', 'T1_DE_KIT'], 'ResidentSetSize': [1284448], 'SubmitTimes': [1708554634.0], 'StartTimes': [1708554663.0], 'EndTimes': [1708556665.0], 'TotalUserCpuTimeHistory': [1730], 'TotalSysCpuTimeHistory': [77], 'WallDurations': [8.0, 2002.0], 'JobIds': ['99128165.0'], 'State': 'finished', 'RecordedSite': True}, '74': {'Retries': 0, 'Restarts': 0, 'SiteHistory': ['T1_DE_KIT', 'T1_DE_KIT'], 'ResidentSetSize': [1281872], 'SubmitTimes': [1708554635.0], 'StartTimes': [1708554662.0], 'EndTimes': [1708556974.0], 'TotalUserCpuTimeHistory': [1968], 'TotalSysCpuTimeHistory': [88], 'WallDurations': [9.0, 2312.0], 'JobIds': ['99128166.0'], 'State': 'finished', 'RecordedSite': True}, '75': {'Retries': 0, 'Restarts': 0, 'SiteHistory': ['T1_DE_KIT', 'T1_DE_KIT'], 'ResidentSetSize': [1280624], 'SubmitTimes': [1708554635.0], 'StartTimes': [1708554664.0], 'EndTimes': [1708556354.0], 'TotalUserCpuTimeHistory': [1531], 'TotalSysCpuTimeHistory': [67], 'WallDurations': [9.0, 1690.0], 'JobIds': ['99128167.0'], 'State': 'finished', 'RecordedSite': True}, '78': {'Retries': 0, 'Restarts': 0, 'SiteHistory': ['T1_DE_KIT', 'T1_DE_KIT'], 'ResidentSetSize': [1283548], 'SubmitTimes': [1708554635.0], 'StartTimes': [1708554665.0], 'EndTimes': [1708556690.0], 'TotalUserCpuTimeHistory': [1812], 'TotalSysCpuTimeHistory': [72], 'WallDurations': [9.0, 2025.0], 'JobIds': ['99128168.0'], 'State': 'finished', 'RecordedSite': True}, '76': {'Retries': 0, 'Restarts': 0, 'SiteHistory': ['Unknown', 'T1_DE_KIT', 'T1_DE_KIT'], 'ResidentSetSize': [1269996], 'SubmitTimes': [1708554635.0], 'StartTimes': [1708554948.0], 'EndTimes': [1708556531.0], 'TotalUserCpuTimeHistory': [1429], 'TotalSysCpuTimeHistory': [57], 'WallDurations': [8.0, 34.39621663093567, 1583.0], 'JobIds': ['99128169.0'], 'State': 'finished', 'RecordedSite': True}, '77': {'Retries': 0, 'Restarts': 0, 'SiteHistory': ['Unknown', 'T1_RU_JINR', 'T1_RU_JINR'], 'ResidentSetSize': [1247128], 'SubmitTimes': [1708554635.0], 'StartTimes': [1708555388.0], 'EndTimes': [1708557354.0], 'TotalUserCpuTimeHistory': [1739], 'TotalSysCpuTimeHistory': [34], 'WallDurations': [8.0, 198.78931164741516, 1966.0], 'JobIds': ['99128170.0'], 'State': 'finished', 'RecordedSite': True}, '79': {'Retries': 0, 'Restarts': 0, 'SiteHistory': ['Unknown', 'T1_RU_JINR', 'T1_RU_JINR'], 'ResidentSetSize': [1246892], 'SubmitTimes': [1708554635.0], 'StartTimes': [1708555388.0], 'EndTimes': [1708557395.0], 'TotalUserCpuTimeHistory': [1735], 'TotalSysCpuTimeHistory': [35], 'WallDurations': [9.0, 198.78931164741516, 2007.0], 'JobIds': ['99128171.0'], 'State': 'finished', 'RecordedSite': True}, '81': {'Retries': 1, 'Restarts': 0, 'SiteHistory': ['Unknown', 'T1_US_FNAL', 'T1_US_FNAL', 'Unknown', 'T1_US_FNAL', 'T1_US_FNAL'], 'ResidentSetSize': [1262304, 1280004], 'SubmitTimes': [1708554635.0, 1708559483.0], 'StartTimes': [1708557244.0, 1708559581.0], 'EndTimes': [1708557611.0, 1708560546.0], 'TotalUserCpuTimeHistory': [309, 694], 'TotalSysCpuTimeHistory': [9, 61], 'WallDurations': [9.0, 170.77968502044678, 367.0, 11.0, 256.3678207397461, 965.0], 'JobIds': ['99128172.0', '99130606.0'], 'State': 'finished', 'RecordedSite': True}, '80': {'Retries': 0, 'Restarts': 0, 'SiteHistory': ['Unknown', 'T1_RU_JINR', 'T1_RU_JINR'], 'ResidentSetSize': [1139732], 'SubmitTimes': [1708554635.0], 'StartTimes': [1708555388.0], 'EndTimes': [1708556541.0], 'TotalUserCpuTimeHistory': [966], 'TotalSysCpuTimeHistory': [21], 'WallDurations': [8.0, 198.78931164741516, 1153.0], 'JobIds': ['99128173.0'], 'State': 'finished', 'RecordedSite': True}, '82': {'Retries': 0, 'Restarts': 0, 'SiteHistory': ['Unknown', 'T1_ES_PIC', 'T1_ES_PIC'], 'ResidentSetSize': [1273308], 'SubmitTimes': [1708554635.0], 'StartTimes': [1708555135.0], 'EndTimes': [1708556776.0], 'TotalUserCpuTimeHistory': [568], 'TotalSysCpuTimeHistory': [22], 'WallDurations': [9.0, 149.68501353263855, 1641.0], 'JobIds': ['99128174.0'], 'State': 'finished', 'RecordedSite': True}, '39': {'Retries': 0, 'Restarts': 0, 'SiteHistory': ['Unknown', 'T2_TR_METU', 'T2_TR_METU'], 'ResidentSetSize': [1173156], 'SubmitTimes': [1708554635.0], 'StartTimes': [1708554718.0], 'EndTimes': [1708558998.0], 'TotalUserCpuTimeHistory': [3582], 'TotalSysCpuTimeHistory': [192], 'WallDurations': [8.0, 264.39621663093567, 4280.0], 'JobIds': ['99128175.0'], 'State': 'finished', 'RecordedSite': True}, '83': {'Retries': 0, 'Restarts': 0, 'SiteHistory': ['Unknown', 'T1_DE_KIT', 'T1_DE_KIT'], 'ResidentSetSize': [1463772], 'SubmitTimes': [1708554635.0], 'StartTimes': [1708556275.0], 'EndTimes': [1708557914.0], 'TotalUserCpuTimeHistory': [1473], 'TotalSysCpuTimeHistory': [61], 'WallDurations': [9.0, 221.43714594841003, 1639.0], 'JobIds': ['99128176.0'], 'State': 'finished', 'RecordedSite': True}}
INFO 2024-02-22 18:04:37.992 UTC: 	 Status on the scheduler:	COMPLETED
INFO 2024-02-22 18:04:37.992 UTC: 	 
Jobs status:                    finished     		100.0% (83/83)
DEBUG 2024-02-22 18:04:37.992 UTC: 	 Encoded data for curl request: subresource=publicationstatus&workflow=240221_222813%3Ambuonsan_crab_SkimB4Mu_2023eraC-v2_stream3_Mini&username=mbuonsan
INFO 2024-02-22 18:04:38.234 UTC: 	 
Output dataset:			/FakeDataset/fakefile-FakePublish-5538524af361378ebcfbd1681be46c2b/USER
INFO 2024-02-22 18:04:38.234 UTC: 	 
No publication information available yet
INFO 2024-02-22 18:04:38.237 UTC: 	 
Warning: the max jobs runtime is less than 30% of the task requested value (1250 min), please consider to request a lower value for failed jobs (allowed through crab resubmit) and/or improve the jobs splitting (e.g. config.Data.splitting = 'Automatic') in a new task.
INFO 2024-02-22 18:04:38.237 UTC: 	 
Summary of run jobs:
 * Memory: 11MB min, 1580MB max, 1304MB ave
 * Runtime: 0:04:24 min, 3:38:25 max, 0:33:28 ave
 * CPU eff: 7% min, 95% max, 69% ave
 * Waste: 14:27:17 (24% of total)

DEBUG 2024-02-22 18:04:38.237 UTC: 	 Requesting resubmission of failed jobs in task 240221_222813:mbuonsan_crab_SkimB4Mu_2023eraC-v2_stream3_Mini
ERROR 2024-02-22 18:04:38.237 UTC: 	 Found no jobs to resubmit. Only jobs in status failed can be resubmitted. Jobs in status finished can also be resubmitted, but only if the jobids are specified and the force option is set.
ERROR 2024-02-22 18:04:38.237 UTC: 	 Caught ClientException exception
Traceback (most recent call last):
  File "/cvmfs/cms.cern.ch/share/cms/crab-prod/v3.240110.01/bin/crab.py", line 152, in <module>
    client()
  File "/cvmfs/cms.cern.ch/share/cms/crab-prod/v3.240110.01/bin/crab.py", line 137, in __call__
    returnDict = self.cmd()
  File "/cvmfs/cms.cern.ch/share/cms/crab-prod/v3.240110.01/lib/CRABClient/Commands/resubmit.py", line 65, in __call__
    self.jobids = self.processJobIds(jobList)
  File "/cvmfs/cms.cern.ch/share/cms/crab-prod/v3.240110.01/lib/CRABClient/Commands/resubmit.py", line 171, in processJobIds
    raise ConfigurationException(msg)
CRABClient.ClientExceptions.ConfigurationException: Found no jobs to resubmit. Only jobs in status failed can be resubmitted. Jobs in status finished can also be resubmitted, but only if the jobids are specified and the force option is set.
