DEBUG 2024-02-21 22:49:26.255 UTC: 	 CRAB Client version: v3.240110
DEBUG 2024-02-21 22:49:26.255 UTC: 	 Running on: Linux ui02.recas.ba.infn.it 3.10.0-1160.80.1.el7.x86_64 #1 SMP Tue Nov 8 15:48:59 UTC 2022 x86_64 x86_64 x86_64 GNU/Linux - CentOS Linux 7 (Core)
DEBUG 2024-02-21 22:49:26.255 UTC: 	 Executing command: 'submit'
DEBUG 2024-02-21 22:49:26.255 UTC: 	 Found CRAB cache file /lustrehome/mbuonsante/.crab3
INFO 2024-02-21 22:49:26.256 UTC: 	 Will use CRAB configuration file CRAB_MC_BsJPsiPhi.py
DEBUG 2024-02-21 22:49:26.258 UTC: 	 Loading CRAB configuration file.
DEBUG 2024-02-21 22:49:26.263 UTC: 	 Will use CRAB plugin ANALYSIS (i.e. will run an analysis job type).
DEBUG 2024-02-21 22:49:26.268 UTC: 	 Checking credentials
DEBUG 2024-02-21 22:49:26.268 UTC: 	 Found proxy file /tmp/x509up_u881331
DEBUG 2024-02-21 22:49:26.268 UTC: 	 Making sure it has proper VOMS extension
DEBUG 2024-02-21 22:49:26.268 UTC: 	 Executing command :
 voms-proxy-info --vo --file /tmp/x509up_u881331
DEBUG 2024-02-21 22:49:27.865 UTC: 	 output : cms

 error: 
 retcode : 0
DEBUG 2024-02-21 22:49:27.866 UTC: 	 Getting proxy life time left
DEBUG 2024-02-21 22:49:27.866 UTC: 	 Executing command :
 voms-proxy-info --actimeleft --timeleft --file /tmp/x509up_u881331
DEBUG 2024-02-21 22:49:29.543 UTC: 	 output : 478248
478247

 error: 
 retcode : 0
DEBUG 2024-02-21 22:49:29.543 UTC: 	 Proxy valid for 132:50:47 hours
DEBUG 2024-02-21 22:49:29.544 UTC: 	 Encoded data for curl request: subresource=delegatedn
DEBUG 2024-02-21 22:49:29.761 UTC: 	 Registering user credentials on myproxy for /DC=ch/DC=cern/OU=computers/CN=crab-(preprod|prod|dev)-tw(01|02|03).cern.ch|/DC=ch/DC=cern/OU=computers/CN=stefanov(m|m2).cern.ch|/DC=ch/DC=cern/OU=computers/CN=dciangot-tw.cern.ch
DEBUG 2024-02-21 22:49:29.761 UTC: 	 Executing command :
 voms-proxy-info --identity --file /tmp/x509up_u881331
DEBUG 2024-02-21 22:49:31.242 UTC: 	 output : /DC=ch/DC=cern/OU=Organic Units/OU=Users/CN=mbuonsan/CN=866052/CN=Marco Buonsante

 error: 
 retcode : 0
DEBUG 2024-02-21 22:49:31.242 UTC: 	 Getting myproxy life time left for db438794163ae221c16ac5cdc1e476b2bc2ff634
DEBUG 2024-02-21 22:49:31.242 UTC: 	 Executing command :
 myproxy-info -s myproxy.cern.ch -l db438794163ae221c16ac5cdc1e476b2bc2ff634
DEBUG 2024-02-21 22:49:31.686 UTC: 	 output : username: db438794163ae221c16ac5cdc1e476b2bc2ff634
owner: /DC=ch/DC=cern/OU=Organic Units/OU=Users/CN=mbuonsan/CN=866052/CN=Marco Buonsante
  renewal policy: /DC=ch/DC=cern/OU=computers/CN=crab-(preprod|prod|dev)-tw(01|02|03).cern.ch|/DC=ch/DC=cern/OU=computers/CN=stefanov(m|m2).cern.ch|/DC=ch/DC=cern/OU=computers/CN=dciangot-tw.cern.ch
  trusted retrieval policy: /DC=ch/DC=cern/OU=computers/CN=crab-(preprod|prod|dev)-tw(01|02|03).cern.ch|/DC=ch/DC=cern/OU=computers/CN=stefanov(m|m2).cern.ch|/DC=ch/DC=cern/OU=computers/CN=dciangot-tw.cern.ch
  timeleft: 492:51:56  (20.5 days)

 error: 
 retcode : 0
DEBUG 2024-02-21 22:49:31.686 UTC: 	 Myproxy is valid: 1774260
DEBUG 2024-02-21 22:49:31.686 UTC: 	 Result of myproxy credential check:
  Credential exists on myproxy: username: db438794163ae221c16ac5cdc1e476b2bc2ff634  - validity: 20 days, 12:51:00
DEBUG 2024-02-21 22:49:31.687 UTC: 	 Command use: submit
DEBUG 2024-02-21 22:49:31.687 UTC: 	 Options use: ['-c', 'CRAB_MC_BsJPsiPhi.py']
DEBUG 2024-02-21 22:49:31.687 UTC: 	 Encoded data for curl request: subresource=version
DEBUG 2024-02-21 22:49:31.897 UTC: 	 CRABClient version: v3.240110
DEBUG 2024-02-21 22:49:31.897 UTC: 	 Instance is prod
DEBUG 2024-02-21 22:49:31.897 UTC: 	 Server base url is cmsweb.cern.ch
DEBUG 2024-02-21 22:49:31.897 UTC: 	 Command api workflow
DEBUG 2024-02-21 22:49:31.897 UTC: 	 Started submission
DEBUG 2024-02-21 22:49:31.897 UTC: 	 Working on /lustrehome/mbuonsante/B_4mu/CMSSW_13_0_13/src/B4muNtuplizer/CrabSubmission/2022_MC_BsJPsiPhi_post/crab_projects/crab_SkimB4Mu_2022_MC_BsJPsiPhi_post_BsJPsiPhi_Mini
DEBUG 2024-02-21 22:49:31.898 UTC: 	 Encoded data for curl request: subresource=backendurls
DEBUG 2024-02-21 22:49:32.154 UTC: 	 Loading required information from the environment
DEBUG 2024-02-21 22:49:32.154 UTC: 	 Found CMSSW_13_0_13 for slc7_amd64_gcc11 with base /lustrehome/mbuonsante/B_4mu/CMSSW_13_0_13
DEBUG 2024-02-21 22:49:32.154 UTC: 	 Loading required information from the environment
DEBUG 2024-02-21 22:49:32.155 UTC: 	 Found CMSSW_13_0_13 for slc7_amd64_gcc11 with base /lustrehome/mbuonsante/B_4mu/CMSSW_13_0_13
DEBUG 2024-02-21 22:49:32.155 UTC: 	 UNIQUE NAME: tarUUID a9f810c6-44c8-4e5f-af48-a0034bd6d5c8 
DEBUG 2024-02-21 22:49:32.155 UTC: 	 self.config: from WMCore.Configuration import Configuration
config = Configuration()
config.section_('General')
config.General.workArea = 'crab_projects'
config.General.requestName = 'SkimB4Mu_2022_MC_BsJPsiPhi_post_BsJPsiPhi_Mini'
config.General.transferLogs = False
config.General.transferOutputs = True
config.section_('JobType')
config.JobType.pluginName = 'Analysis'
config.JobType.allowUndistributedCMSSW = True
config.JobType.psetName = '/lustrehome/mbuonsante/B_4mu/CMSSW_13_0_13/src/B4muNtuplizer/CrabSubmission/2022_MC_BsJPsiPhi_post/PatAndTree_cfg.py'
config.section_('Data')
config.Data.unitsPerJob = 300
config.Data.outputDatasetTag = 'SkimB4Mu_2022_MC_BsJPsiPhi_post_BsJPsiPhi_Mini'
config.Data.splitting = 'LumiBased'
config.Data.inputDBS = 'global'
config.Data.inputDataset = '/BsToJpsiPhi_JMM_PhiMM_MuFilter_SoftQCDnonD_TuneCP5_13p6TeV-pythia8-evtgen/Run3Summer22EEMiniAODv4-130X_mcRun3_2022_realistic_postEE_v6-v2/MINIAODSIM'
config.Data.allowNonValidInputDataset = True
config.section_('Site')
config.Site.storageSite = 'T2_IT_Bari'
config.Site.ignoreGlobalBlacklist = True
config.section_('User')
config.section_('Debug')

DEBUG 2024-02-21 22:49:32.155 UTC: 	 self.config.JobType.psetName: /lustrehome/mbuonsante/B_4mu/CMSSW_13_0_13/src/B4muNtuplizer/CrabSubmission/2022_MC_BsJPsiPhi_post/PatAndTree_cfg.py
INFO 2024-02-21 22:49:32.155 UTC: 	 Importing CMSSW configuration /lustrehome/mbuonsante/B_4mu/CMSSW_13_0_13/src/B4muNtuplizer/CrabSubmission/2022_MC_BsJPsiPhi_post/PatAndTree_cfg.py
INFO 2024-02-21 22:49:34.618 UTC: 	 Finished importing CMSSW configuration /lustrehome/mbuonsante/B_4mu/CMSSW_13_0_13/src/B4muNtuplizer/CrabSubmission/2022_MC_BsJPsiPhi_post/PatAndTree_cfg.py
DEBUG 2024-02-21 22:49:34.619 UTC: 	 Writing CMSSW configuration to /lustrehome/mbuonsante/B_4mu/CMSSW_13_0_13/src/B4muNtuplizer/CrabSubmission/2022_MC_BsJPsiPhi_post/crab_projects/crab_SkimB4Mu_2022_MC_BsJPsiPhi_post_BsJPsiPhi_Mini/inputs/PSet.py
DEBUG 2024-02-21 22:49:34.724 UTC: 	 The following EDM output files will be collected: []
DEBUG 2024-02-21 22:49:34.725 UTC: 	 The following TFile output files will be collected: ['TreeMC.root']
DEBUG 2024-02-21 22:49:34.725 UTC: 	 The following user output files (not listed as PoolOuputModule or TFileService in the CMSSW PSet) will be collected: 
DEBUG 2024-02-21 22:49:34.725 UTC: 	 Loading required information from the environment
DEBUG 2024-02-21 22:49:34.725 UTC: 	 Found CMSSW_13_0_13 for slc7_amd64_gcc11 with base /lustrehome/mbuonsante/B_4mu/CMSSW_13_0_13
DEBUG 2024-02-21 22:49:34.725 UTC: 	 Making tarball in /lustrehome/mbuonsante/B_4mu/CMSSW_13_0_13/src/B4muNtuplizer/CrabSubmission/2022_MC_BsJPsiPhi_post/crab_projects/crab_SkimB4Mu_2022_MC_BsJPsiPhi_post_BsJPsiPhi_Mini/inputs/a9f810c6-44c8-4e5f-af48-a0034bd6d5c8default.tgz
DEBUG 2024-02-21 22:49:34.726 UTC: 	 Checking directory /lustrehome/mbuonsante/B_4mu/CMSSW_13_0_13/bin
DEBUG 2024-02-21 22:49:34.726 UTC: 	 Adding directory /lustrehome/mbuonsante/B_4mu/CMSSW_13_0_13/bin to tarball
DEBUG 2024-02-21 22:49:34.727 UTC: 	 Checking directory /lustrehome/mbuonsante/B_4mu/CMSSW_13_0_13/python
DEBUG 2024-02-21 22:49:34.727 UTC: 	 Adding directory /lustrehome/mbuonsante/B_4mu/CMSSW_13_0_13/python to tarball
DEBUG 2024-02-21 22:49:34.824 UTC: 	 Checking directory /lustrehome/mbuonsante/B_4mu/CMSSW_13_0_13/cfipython
DEBUG 2024-02-21 22:49:34.824 UTC: 	 Adding directory /lustrehome/mbuonsante/B_4mu/CMSSW_13_0_13/cfipython to tarball
DEBUG 2024-02-21 22:49:34.835 UTC: 	 Checking directory /lustrehome/mbuonsante/B_4mu/CMSSW_13_0_13/lib
DEBUG 2024-02-21 22:49:34.836 UTC: 	 Adding directory /lustrehome/mbuonsante/B_4mu/CMSSW_13_0_13/lib to tarball
DEBUG 2024-02-21 22:49:35.361 UTC: 	 Checking directory /lustrehome/mbuonsante/B_4mu/CMSSW_13_0_13/biglib
DEBUG 2024-02-21 22:49:35.361 UTC: 	 Adding directory /lustrehome/mbuonsante/B_4mu/CMSSW_13_0_13/biglib to tarball
DEBUG 2024-02-21 22:49:35.363 UTC: 	 Checking directory /lustrehome/mbuonsante/B_4mu/CMSSW_13_0_13/module
DEBUG 2024-02-21 22:49:35.363 UTC: 	 Checking directory /lustrehome/mbuonsante/B_4mu/CMSSW_13_0_13/config/SCRAM/hooks
DEBUG 2024-02-21 22:49:35.363 UTC: 	 Adding directory /lustrehome/mbuonsante/B_4mu/CMSSW_13_0_13/config/SCRAM/hooks to tarball
DEBUG 2024-02-21 22:49:35.403 UTC: 	 Adding directory /lustrehome/mbuonsante/B_4mu/CMSSW_13_0_13/src/B4muNtuplizer/SkimTools/python to tarball
DEBUG 2024-02-21 22:49:35.418 UTC: 	 Adding directory /lustrehome/mbuonsante/B_4mu/CMSSW_13_0_13/src/CommonTools/CandAlgos/interface to tarball
DEBUG 2024-02-21 22:49:35.425 UTC: 	 Adding directory /lustrehome/mbuonsante/B_4mu/CMSSW_13_0_13/src/CommonTools/CandAlgos/python to tarball
DEBUG 2024-02-21 22:49:35.644 UTC: 	 Uploading archive /lustrehome/mbuonsante/B_4mu/CMSSW_13_0_13/src/B4muNtuplizer/CrabSubmission/2022_MC_BsJPsiPhi_post/crab_projects/crab_SkimB4Mu_2022_MC_BsJPsiPhi_post_BsJPsiPhi_Mini/inputs/a9f810c6-44c8-4e5f-af48-a0034bd6d5c8default.tgz (0.644531.1 MB) to the CRAB cache. Using URI https://cmsweb.cern.ch/S3/crabcache_prod
DEBUG 2024-02-21 22:49:36.220 UTC: 	 Encoded data for curl request: subresource=upload&objecttype=sandbox&tarballname=b33526954e278d3a031b1b57fa0bcb2651f0bebc91398983b190a85d797db8d8.tar.gz
DEBUG 2024-02-21 22:49:36.438 UTC: 	 Will execute:
curl -f -v -X POST  -H "User-Agent: CRAB" -F "key=mbuonsan/sandboxes/b33526954e278d3a031b1b57fa0bcb2651f0bebc91398983b190a85d797db8d8.tar.gz" -F "AWSAccessKeyId=ab00fcc889f248c495d2875f15a3badb" -F "policy=eyJleHBpcmF0aW9uIjogIjIwMjQtMDItMjFUMjM6NDk6MzZaIiwgImNvbmRpdGlvbnMiOiBbeyJidWNrZXQiOiAiY3JhYmNhY2hlX3Byb2QifSwgeyJrZXkiOiAibWJ1b25zYW4vc2FuZGJveGVzL2IzMzUyNjk1NGUyNzhkM2EwMzFiMWI1N2ZhMGJjYjI2NTFmMGJlYmM5MTM5ODk4M2IxOTBhODVkNzk3ZGI4ZDgudGFyLmd6In1dfQ==" -F "signature=qhVbkhKQDZqDJe8bp6y7witI9AM=" -F "file=@/lustrehome/mbuonsante/B_4mu/CMSSW_13_0_13/src/B4muNtuplizer/CrabSubmission/2022_MC_BsJPsiPhi_post/crab_projects/crab_SkimB4Mu_2022_MC_BsJPsiPhi_post_BsJPsiPhi_Mini/inputs/a9f810c6-44c8-4e5f-af48-a0034bd6d5c8default.tgz" "https://s3.cern.ch/crabcache_prod"
DEBUG 2024-02-21 22:49:36.774 UTC: 	 exitcode: 0
stdout: b''
DEBUG 2024-02-21 22:49:36.774 UTC: 	 sandbox /lustrehome/mbuonsante/B_4mu/CMSSW_13_0_13/src/B4muNtuplizer/CrabSubmission/2022_MC_BsJPsiPhi_post/crab_projects/crab_SkimB4Mu_2022_MC_BsJPsiPhi_post_BsJPsiPhi_Mini/inputs/a9f810c6-44c8-4e5f-af48-a0034bd6d5c8default.tgz successully uploaded to S3
DEBUG 2024-02-21 22:49:36.775 UTC: 	 Loading required information from the environment
DEBUG 2024-02-21 22:49:36.775 UTC: 	 Found CMSSW_13_0_13 for slc7_amd64_gcc11 with base /lustrehome/mbuonsante/B_4mu/CMSSW_13_0_13
DEBUG 2024-02-21 22:49:36.775 UTC: 	 Making tarball in /lustrehome/mbuonsante/B_4mu/CMSSW_13_0_13/src/B4muNtuplizer/CrabSubmission/2022_MC_BsJPsiPhi_post/crab_projects/crab_SkimB4Mu_2022_MC_BsJPsiPhi_post_BsJPsiPhi_Mini/inputs/debugFiles.tgz
DEBUG 2024-02-21 22:49:36.779 UTC: 	 Uploading archive /lustrehome/mbuonsante/B_4mu/CMSSW_13_0_13/src/B4muNtuplizer/CrabSubmission/2022_MC_BsJPsiPhi_post/crab_projects/crab_SkimB4Mu_2022_MC_BsJPsiPhi_post_BsJPsiPhi_Mini/inputs/debugFiles.tgz (2 KB) to the CRAB cache. Using URI https://cmsweb.cern.ch/S3/crabcache_prod
DEBUG 2024-02-21 22:49:36.783 UTC: 	 Encoded data for curl request: subresource=upload&objecttype=sandbox&tarballname=5a0e99cc9c0b65ec2b7ecc4e3dfa2a8d406b2e7f887742a465715d28c1e4ef34.tar.gz
DEBUG 2024-02-21 22:49:37.006 UTC: 	 Will execute:
curl -f -v -X POST  -H "User-Agent: CRAB" -F "key=mbuonsan/sandboxes/5a0e99cc9c0b65ec2b7ecc4e3dfa2a8d406b2e7f887742a465715d28c1e4ef34.tar.gz" -F "AWSAccessKeyId=ab00fcc889f248c495d2875f15a3badb" -F "policy=eyJleHBpcmF0aW9uIjogIjIwMjQtMDItMjFUMjM6NDk6MzZaIiwgImNvbmRpdGlvbnMiOiBbeyJidWNrZXQiOiAiY3JhYmNhY2hlX3Byb2QifSwgeyJrZXkiOiAibWJ1b25zYW4vc2FuZGJveGVzLzVhMGU5OWNjOWMwYjY1ZWMyYjdlY2M0ZTNkZmEyYThkNDA2YjJlN2Y4ODc3NDJhNDY1NzE1ZDI4YzFlNGVmMzQudGFyLmd6In1dfQ==" -F "signature=A8C4SwF8hBGkwmnRxkqh3vishXE=" -F "file=@/lustrehome/mbuonsante/B_4mu/CMSSW_13_0_13/src/B4muNtuplizer/CrabSubmission/2022_MC_BsJPsiPhi_post/crab_projects/crab_SkimB4Mu_2022_MC_BsJPsiPhi_post_BsJPsiPhi_Mini/inputs/debugFiles.tgz" "https://s3.cern.ch/crabcache_prod"
DEBUG 2024-02-21 22:49:37.163 UTC: 	 exitcode: 0
stdout: b''
DEBUG 2024-02-21 22:49:37.163 UTC: 	 sandbox /lustrehome/mbuonsante/B_4mu/CMSSW_13_0_13/src/B4muNtuplizer/CrabSubmission/2022_MC_BsJPsiPhi_post/crab_projects/crab_SkimB4Mu_2022_MC_BsJPsiPhi_post_BsJPsiPhi_Mini/inputs/debugFiles.tgz successully uploaded to S3
DEBUG 2024-02-21 22:49:37.164 UTC: 	 Result uploading input files: b33526954e278d3a031b1b57fa0bcb2651f0bebc91398983b190a85d797db8d8.tar.gz 
WARNING 2024-02-21 22:49:37.164 UTC: 	 Warning: The following output files will not be published, as they are not EDM files: ['TreeMC.root']
DEBUG 2024-02-21 22:49:37.164 UTC: 	 submit() - self.configuration from WMCore.Configuration import Configuration
config = Configuration()
config.section_('General')
config.General.workArea = 'crab_projects'
config.General.requestName = 'SkimB4Mu_2022_MC_BsJPsiPhi_post_BsJPsiPhi_Mini'
config.General.transferLogs = False
config.General.transferOutputs = True
config.section_('JobType')
config.JobType.pluginName = 'Analysis'
config.JobType.allowUndistributedCMSSW = True
config.JobType.psetName = '/lustrehome/mbuonsante/B_4mu/CMSSW_13_0_13/src/B4muNtuplizer/CrabSubmission/2022_MC_BsJPsiPhi_post/PatAndTree_cfg.py'
config.section_('Data')
config.Data.unitsPerJob = 300
config.Data.outputDatasetTag = 'SkimB4Mu_2022_MC_BsJPsiPhi_post_BsJPsiPhi_Mini'
config.Data.splitting = 'LumiBased'
config.Data.inputDBS = 'global'
config.Data.inputDataset = '/BsToJpsiPhi_JMM_PhiMM_MuFilter_SoftQCDnonD_TuneCP5_13p6TeV-pythia8-evtgen/Run3Summer22EEMiniAODv4-130X_mcRun3_2022_realistic_postEE_v6-v2/MINIAODSIM'
config.Data.allowNonValidInputDataset = True
config.section_('Site')
config.Site.storageSite = 'T2_IT_Bari'
config.Site.ignoreGlobalBlacklist = True
config.section_('User')
config.section_('Debug')

DEBUG 2024-02-21 22:49:37.164 UTC: 	 submit() - self.configreq {'dryrun': 0, 'workflow': 'crab_SkimB4Mu_2022_MC_BsJPsiPhi_post_BsJPsiPhi_Mini', 'saveoutput': 1, 'savelogsflag': 0, 'inputdata': '/BsToJpsiPhi_JMM_PhiMM_MuFilter_SoftQCDnonD_TuneCP5_13p6TeV-pythia8-evtgen/Run3Summer22EEMiniAODv4-130X_mcRun3_2022_realistic_postEE_v6-v2/MINIAODSIM', 'primarydataset': '', 'nonvaliddata': 1, 'userfiles': [], 'dbsurl': 'https://cmsweb.cern.ch/dbs/prod/global/DBSReader', 'useparent': 0, 'ignorelocality': 0, 'splitalgo': 'LumiBased', 'algoargs': 300, 'totalunits': 0, 'publication': 1, 'publishdbsurl': 'https://cmsweb.cern.ch/dbs/prod/phys03/DBSWriter', 'publishname2': 'SkimB4Mu_2022_MC_BsJPsiPhi_post_BsJPsiPhi_Mini', 'jobtype': 'Analysis', 'generator': 'pythia', 'addoutputfiles': [], 'maxjobruntime': 1250, 'numcores': 1, 'maxmemory': 2000, 'priority': 10, 'nonprodsw': 1, 'asyncdest': 'T2_IT_Bari', 'requireaccelerator': 0, 'oneEventMode': 0, 'extrajdl': [], 'ignoreglobalblacklist': 1, 'partialdataset': 0, 'inputblocks': []}
DEBUG 2024-02-21 22:49:37.164 UTC: 	 submit() - jobconfig {'addoutputfiles': [], 'tfileoutfiles': ['TreeMC.root'], 'edmoutfiles': [], 'jobarch': 'slc7_amd64_gcc11', 'jobsw': 'CMSSW_13_0_13', 'inputdata': '/BsToJpsiPhi_JMM_PhiMM_MuFilter_SoftQCDnonD_TuneCP5_13p6TeV-pythia8-evtgen/Run3Summer22EEMiniAODv4-130X_mcRun3_2022_realistic_postEE_v6-v2/MINIAODSIM', 'cacheurl': 'https://cmsweb.cern.ch/S3/crabcache_prod', 'cachefilename': 'b33526954e278d3a031b1b57fa0bcb2651f0bebc91398983b190a85d797db8d8.tar.gz', 'debugfilename': '5a0e99cc9c0b65ec2b7ecc4e3dfa2a8d406b2e7f887742a465715d28c1e4ef34.tar.gz', 'jobtype': 'Analysis'}
INFO 2024-02-21 22:49:37.164 UTC: 	 Sending the request to the server at cmsweb.cern.ch
DEBUG 2024-02-21 22:49:37.164 UTC: 	 Submitting {'dryrun': 0, 'workflow': 'crab_SkimB4Mu_2022_MC_BsJPsiPhi_post_BsJPsiPhi_Mini', 'saveoutput': 1, 'savelogsflag': 0, 'inputdata': '/BsToJpsiPhi_JMM_PhiMM_MuFilter_SoftQCDnonD_TuneCP5_13p6TeV-pythia8-evtgen/Run3Summer22EEMiniAODv4-130X_mcRun3_2022_realistic_postEE_v6-v2/MINIAODSIM', 'primarydataset': '', 'nonvaliddata': 1, 'userfiles': [], 'dbsurl': 'https://cmsweb.cern.ch/dbs/prod/global/DBSReader', 'useparent': 0, 'ignorelocality': 0, 'splitalgo': 'LumiBased', 'algoargs': 300, 'totalunits': 0, 'publication': 1, 'publishdbsurl': 'https://cmsweb.cern.ch/dbs/prod/phys03/DBSWriter', 'publishname2': 'SkimB4Mu_2022_MC_BsJPsiPhi_post_BsJPsiPhi_Mini', 'jobtype': 'Analysis', 'generator': 'pythia', 'addoutputfiles': [], 'maxjobruntime': 1250, 'numcores': 1, 'maxmemory': 2000, 'priority': 10, 'nonprodsw': 1, 'asyncdest': 'T2_IT_Bari', 'requireaccelerator': 0, 'oneEventMode': 0, 'extrajdl': [], 'ignoreglobalblacklist': 1, 'partialdataset': 0, 'inputblocks': [], 'tfileoutfiles': ['TreeMC.root'], 'edmoutfiles': [], 'jobarch': 'slc7_amd64_gcc11', 'jobsw': 'CMSSW_13_0_13', 'cacheurl': 'https://cmsweb.cern.ch/S3/crabcache_prod', 'cachefilename': 'b33526954e278d3a031b1b57fa0bcb2651f0bebc91398983b190a85d797db8d8.tar.gz', 'debugfilename': '5a0e99cc9c0b65ec2b7ecc4e3dfa2a8d406b2e7f887742a465715d28c1e4ef34.tar.gz'} 
DEBUG 2024-02-21 22:49:37.165 UTC: 	 Encoded data for curl request: dryrun=0&workflow=crab_SkimB4Mu_2022_MC_BsJPsiPhi_post_BsJPsiPhi_Mini&saveoutput=1&savelogsflag=0&inputdata=%2FBsToJpsiPhi_JMM_PhiMM_MuFilter_SoftQCDnonD_TuneCP5_13p6TeV-pythia8-evtgen%2FRun3Summer22EEMiniAODv4-130X_mcRun3_2022_realistic_postEE_v6-v2%2FMINIAODSIM&primarydataset=&nonvaliddata=1&dbsurl=https%3A%2F%2Fcmsweb.cern.ch%2Fdbs%2Fprod%2Fglobal%2FDBSReader&useparent=0&ignorelocality=0&splitalgo=LumiBased&algoargs=300&totalunits=0&publication=1&publishdbsurl=https%3A%2F%2Fcmsweb.cern.ch%2Fdbs%2Fprod%2Fphys03%2FDBSWriter&publishname2=SkimB4Mu_2022_MC_BsJPsiPhi_post_BsJPsiPhi_Mini&jobtype=Analysis&generator=pythia&maxjobruntime=1250&numcores=1&maxmemory=2000&priority=10&nonprodsw=1&asyncdest=T2_IT_Bari&requireaccelerator=0&oneEventMode=0&ignoreglobalblacklist=1&partialdataset=0&jobarch=slc7_amd64_gcc11&jobsw=CMSSW_13_0_13&cacheurl=https%3A%2F%2Fcmsweb.cern.ch%2FS3%2Fcrabcache_prod&cachefilename=b33526954e278d3a031b1b57fa0bcb2651f0bebc91398983b190a85d797db8d8.tar.gz&debugfilename=5a0e99cc9c0b65ec2b7ecc4e3dfa2a8d406b2e7f887742a465715d28c1e4ef34.tar.gz&tfileoutfiles=TreeMC.root
DEBUG 2024-02-21 22:49:37.663 UTC: 	 Result: {'result': [{'RequestName': '240221_224937:mbuonsan_crab_SkimB4Mu_2022_MC_BsJPsiPhi_post_BsJPsiPhi_Mini'}]}
INFO 2024-02-21 22:49:37.664 UTC: 	 Success: Your task has been delivered to the prod CRAB3 server.
INFO 2024-02-21 22:49:37.664 UTC: 	 Task name: 240221_224937:mbuonsan_crab_SkimB4Mu_2022_MC_BsJPsiPhi_post_BsJPsiPhi_Mini
INFO 2024-02-21 22:49:37.665 UTC: 	 Project dir: crab_projects/crab_SkimB4Mu_2022_MC_BsJPsiPhi_post_BsJPsiPhi_Mini
INFO 2024-02-21 22:49:37.665 UTC: 	 Please use ' crab status -d crab_projects/crab_SkimB4Mu_2022_MC_BsJPsiPhi_post_BsJPsiPhi_Mini ' to check how the submission process proceeds.
DEBUG 2024-02-21 22:49:37.665 UTC: 	 About to return
INFO 2024-02-21 22:49:37.670 UTC: 	 Log file is /lustrehome/mbuonsante/B_4mu/CMSSW_13_0_13/src/B4muNtuplizer/CrabSubmission/2022_MC_BsJPsiPhi_post/crab_projects/crab_SkimB4Mu_2022_MC_BsJPsiPhi_post_BsJPsiPhi_Mini/crab.log
