DEBUG 2024-02-21 22:30:03.248 UTC: 	 CRAB Client version: v3.240110
DEBUG 2024-02-21 22:30:03.248 UTC: 	 Running on: Linux ui02.recas.ba.infn.it 3.10.0-1160.80.1.el7.x86_64 #1 SMP Tue Nov 8 15:48:59 UTC 2022 x86_64 x86_64 x86_64 GNU/Linux - CentOS Linux 7 (Core)
DEBUG 2024-02-21 22:30:03.248 UTC: 	 Executing command: 'submit'
DEBUG 2024-02-21 22:30:03.248 UTC: 	 Found CRAB cache file /lustrehome/mbuonsante/.crab3
INFO 2024-02-21 22:30:03.249 UTC: 	 Will use CRAB configuration file CRAB_stream_1.py
DEBUG 2024-02-21 22:30:03.249 UTC: 	 Loading CRAB configuration file.
DEBUG 2024-02-21 22:30:03.256 UTC: 	 Will use CRAB plugin ANALYSIS (i.e. will run an analysis job type).
DEBUG 2024-02-21 22:30:03.261 UTC: 	 Checking credentials
DEBUG 2024-02-21 22:30:03.261 UTC: 	 Found proxy file /tmp/x509up_u881331
DEBUG 2024-02-21 22:30:03.261 UTC: 	 Making sure it has proper VOMS extension
DEBUG 2024-02-21 22:30:03.261 UTC: 	 Executing command :
 voms-proxy-info --vo --file /tmp/x509up_u881331
DEBUG 2024-02-21 22:30:04.985 UTC: 	 output : cms

 error: 
 retcode : 0
DEBUG 2024-02-21 22:30:04.985 UTC: 	 Getting proxy life time left
DEBUG 2024-02-21 22:30:04.985 UTC: 	 Executing command :
 voms-proxy-info --actimeleft --timeleft --file /tmp/x509up_u881331
DEBUG 2024-02-21 22:30:06.488 UTC: 	 output : 479411
479410

 error: 
 retcode : 0
DEBUG 2024-02-21 22:30:06.488 UTC: 	 Proxy valid for 133:10:10 hours
DEBUG 2024-02-21 22:30:06.488 UTC: 	 Encoded data for curl request: subresource=delegatedn
DEBUG 2024-02-21 22:30:06.668 UTC: 	 Registering user credentials on myproxy for /DC=ch/DC=cern/OU=computers/CN=crab-(preprod|prod|dev)-tw(01|02|03).cern.ch|/DC=ch/DC=cern/OU=computers/CN=stefanov(m|m2).cern.ch|/DC=ch/DC=cern/OU=computers/CN=dciangot-tw.cern.ch
DEBUG 2024-02-21 22:30:06.668 UTC: 	 Executing command :
 voms-proxy-info --identity --file /tmp/x509up_u881331
DEBUG 2024-02-21 22:30:08.112 UTC: 	 output : /DC=ch/DC=cern/OU=Organic Units/OU=Users/CN=mbuonsan/CN=866052/CN=Marco Buonsante

 error: 
 retcode : 0
DEBUG 2024-02-21 22:30:08.112 UTC: 	 Getting myproxy life time left for db438794163ae221c16ac5cdc1e476b2bc2ff634
DEBUG 2024-02-21 22:30:08.112 UTC: 	 Executing command :
 myproxy-info -s myproxy.cern.ch -l db438794163ae221c16ac5cdc1e476b2bc2ff634
DEBUG 2024-02-21 22:30:08.493 UTC: 	 output : username: db438794163ae221c16ac5cdc1e476b2bc2ff634
owner: /DC=ch/DC=cern/OU=Organic Units/OU=Users/CN=mbuonsan/CN=866052/CN=Marco Buonsante
  renewal policy: /DC=ch/DC=cern/OU=computers/CN=crab-(preprod|prod|dev)-tw(01|02|03).cern.ch|/DC=ch/DC=cern/OU=computers/CN=stefanov(m|m2).cern.ch|/DC=ch/DC=cern/OU=computers/CN=dciangot-tw.cern.ch
  trusted retrieval policy: /DC=ch/DC=cern/OU=computers/CN=crab-(preprod|prod|dev)-tw(01|02|03).cern.ch|/DC=ch/DC=cern/OU=computers/CN=stefanov(m|m2).cern.ch|/DC=ch/DC=cern/OU=computers/CN=dciangot-tw.cern.ch
  timeleft: 493:11:19  (20.5 days)

 error: 
 retcode : 0
DEBUG 2024-02-21 22:30:08.493 UTC: 	 Myproxy is valid: 1775460
DEBUG 2024-02-21 22:30:08.493 UTC: 	 Result of myproxy credential check:
  Credential exists on myproxy: username: db438794163ae221c16ac5cdc1e476b2bc2ff634  - validity: 20 days, 13:11:00
DEBUG 2024-02-21 22:30:08.494 UTC: 	 Command use: submit
DEBUG 2024-02-21 22:30:08.494 UTC: 	 Options use: ['-c', 'CRAB_stream_1.py']
DEBUG 2024-02-21 22:30:08.494 UTC: 	 Encoded data for curl request: subresource=version
DEBUG 2024-02-21 22:30:08.676 UTC: 	 CRABClient version: v3.240110
DEBUG 2024-02-21 22:30:08.676 UTC: 	 Instance is prod
DEBUG 2024-02-21 22:30:08.676 UTC: 	 Server base url is cmsweb.cern.ch
DEBUG 2024-02-21 22:30:08.676 UTC: 	 Command api workflow
DEBUG 2024-02-21 22:30:08.676 UTC: 	 Started submission
DEBUG 2024-02-21 22:30:08.677 UTC: 	 Working on /lustrehome/mbuonsante/B_4mu/CMSSW_13_0_13/src/B4muNtuplizer/CrabSubmission/2023_eraC-v3/crab_projects/crab_SkimB4Mu_2023eraC-v3_stream1_Mini
DEBUG 2024-02-21 22:30:08.677 UTC: 	 Encoded data for curl request: subresource=backendurls
DEBUG 2024-02-21 22:30:08.912 UTC: 	 Loading required information from the environment
DEBUG 2024-02-21 22:30:08.912 UTC: 	 Found CMSSW_13_0_13 for slc7_amd64_gcc11 with base /lustrehome/mbuonsante/B_4mu/CMSSW_13_0_13
DEBUG 2024-02-21 22:30:08.912 UTC: 	 Loading required information from the environment
DEBUG 2024-02-21 22:30:08.912 UTC: 	 Found CMSSW_13_0_13 for slc7_amd64_gcc11 with base /lustrehome/mbuonsante/B_4mu/CMSSW_13_0_13
DEBUG 2024-02-21 22:30:08.913 UTC: 	 UNIQUE NAME: tarUUID 4a417696-78a8-49cb-b1f9-5c6de66147e2 
DEBUG 2024-02-21 22:30:08.913 UTC: 	 self.config: from WMCore.Configuration import Configuration
config = Configuration()
config.section_('General')
config.General.requestName = 'SkimB4Mu_2023eraC-v3_stream1_Mini'
config.General.transferOutputs = True
config.General.transferLogs = False
config.General.workArea = 'crab_projects'
config.section_('JobType')
config.JobType.psetName = '/lustrehome/mbuonsante/B_4mu/CMSSW_13_0_13/src/B4muNtuplizer/CrabSubmission/2023_eraC-v3/PatAndTree_cfg.py'
config.JobType.pluginName = 'Analysis'
config.JobType.allowUndistributedCMSSW = True
config.section_('Data')
config.Data.inputDataset = '/ParkingDoubleMuonLowMass1/Run2023C-22Sep2023_v3-v1/MINIAOD'
config.Data.unitsPerJob = 50
config.Data.allowNonValidInputDataset = True
config.Data.outputDatasetTag = 'SkimB4Mu_2023eraC-v3_stream1_Mini'
config.Data.inputDBS = 'global'
config.Data.lumiMask = 'https://cms-service-dqmdc.web.cern.ch/CAF/certification/Collisions23/Cert_Collisions2023_eraC_367095_368823_Golden.json'
config.Data.splitting = 'LumiBased'
config.section_('Site')
config.Site.storageSite = 'T2_IT_Bari'
config.Site.ignoreGlobalBlacklist = True
config.section_('User')
config.section_('Debug')

DEBUG 2024-02-21 22:30:08.913 UTC: 	 self.config.JobType.psetName: /lustrehome/mbuonsante/B_4mu/CMSSW_13_0_13/src/B4muNtuplizer/CrabSubmission/2023_eraC-v3/PatAndTree_cfg.py
INFO 2024-02-21 22:30:08.913 UTC: 	 Importing CMSSW configuration /lustrehome/mbuonsante/B_4mu/CMSSW_13_0_13/src/B4muNtuplizer/CrabSubmission/2023_eraC-v3/PatAndTree_cfg.py
INFO 2024-02-21 22:30:10.663 UTC: 	 Finished importing CMSSW configuration /lustrehome/mbuonsante/B_4mu/CMSSW_13_0_13/src/B4muNtuplizer/CrabSubmission/2023_eraC-v3/PatAndTree_cfg.py
DEBUG 2024-02-21 22:30:10.664 UTC: 	 Writing CMSSW configuration to /lustrehome/mbuonsante/B_4mu/CMSSW_13_0_13/src/B4muNtuplizer/CrabSubmission/2023_eraC-v3/crab_projects/crab_SkimB4Mu_2023eraC-v3_stream1_Mini/inputs/PSet.py
DEBUG 2024-02-21 22:30:10.753 UTC: 	 The following EDM output files will be collected: []
DEBUG 2024-02-21 22:30:10.753 UTC: 	 The following TFile output files will be collected: ['TreeData.root']
DEBUG 2024-02-21 22:30:10.753 UTC: 	 The following user output files (not listed as PoolOuputModule or TFileService in the CMSSW PSet) will be collected: 
DEBUG 2024-02-21 22:30:10.753 UTC: 	 Loading required information from the environment
DEBUG 2024-02-21 22:30:10.753 UTC: 	 Found CMSSW_13_0_13 for slc7_amd64_gcc11 with base /lustrehome/mbuonsante/B_4mu/CMSSW_13_0_13
DEBUG 2024-02-21 22:30:10.753 UTC: 	 Making tarball in /lustrehome/mbuonsante/B_4mu/CMSSW_13_0_13/src/B4muNtuplizer/CrabSubmission/2023_eraC-v3/crab_projects/crab_SkimB4Mu_2023eraC-v3_stream1_Mini/inputs/4a417696-78a8-49cb-b1f9-5c6de66147e2default.tgz
DEBUG 2024-02-21 22:30:10.754 UTC: 	 Checking directory /lustrehome/mbuonsante/B_4mu/CMSSW_13_0_13/bin
DEBUG 2024-02-21 22:30:10.754 UTC: 	 Adding directory /lustrehome/mbuonsante/B_4mu/CMSSW_13_0_13/bin to tarball
DEBUG 2024-02-21 22:30:10.756 UTC: 	 Checking directory /lustrehome/mbuonsante/B_4mu/CMSSW_13_0_13/python
DEBUG 2024-02-21 22:30:10.756 UTC: 	 Adding directory /lustrehome/mbuonsante/B_4mu/CMSSW_13_0_13/python to tarball
DEBUG 2024-02-21 22:30:10.804 UTC: 	 Checking directory /lustrehome/mbuonsante/B_4mu/CMSSW_13_0_13/cfipython
DEBUG 2024-02-21 22:30:10.804 UTC: 	 Adding directory /lustrehome/mbuonsante/B_4mu/CMSSW_13_0_13/cfipython to tarball
DEBUG 2024-02-21 22:30:10.812 UTC: 	 Checking directory /lustrehome/mbuonsante/B_4mu/CMSSW_13_0_13/lib
DEBUG 2024-02-21 22:30:10.812 UTC: 	 Adding directory /lustrehome/mbuonsante/B_4mu/CMSSW_13_0_13/lib to tarball
DEBUG 2024-02-21 22:30:11.222 UTC: 	 Checking directory /lustrehome/mbuonsante/B_4mu/CMSSW_13_0_13/biglib
DEBUG 2024-02-21 22:30:11.222 UTC: 	 Adding directory /lustrehome/mbuonsante/B_4mu/CMSSW_13_0_13/biglib to tarball
DEBUG 2024-02-21 22:30:11.223 UTC: 	 Checking directory /lustrehome/mbuonsante/B_4mu/CMSSW_13_0_13/module
DEBUG 2024-02-21 22:30:11.223 UTC: 	 Checking directory /lustrehome/mbuonsante/B_4mu/CMSSW_13_0_13/config/SCRAM/hooks
DEBUG 2024-02-21 22:30:11.223 UTC: 	 Adding directory /lustrehome/mbuonsante/B_4mu/CMSSW_13_0_13/config/SCRAM/hooks to tarball
DEBUG 2024-02-21 22:30:11.245 UTC: 	 Adding directory /lustrehome/mbuonsante/B_4mu/CMSSW_13_0_13/src/B4muNtuplizer/SkimTools/python to tarball
DEBUG 2024-02-21 22:30:11.255 UTC: 	 Adding directory /lustrehome/mbuonsante/B_4mu/CMSSW_13_0_13/src/CommonTools/CandAlgos/interface to tarball
DEBUG 2024-02-21 22:30:11.260 UTC: 	 Adding directory /lustrehome/mbuonsante/B_4mu/CMSSW_13_0_13/src/CommonTools/CandAlgos/python to tarball
DEBUG 2024-02-21 22:30:11.405 UTC: 	 Uploading archive /lustrehome/mbuonsante/B_4mu/CMSSW_13_0_13/src/B4muNtuplizer/CrabSubmission/2023_eraC-v3/crab_projects/crab_SkimB4Mu_2023eraC-v3_stream1_Mini/inputs/4a417696-78a8-49cb-b1f9-5c6de66147e2default.tgz (0.644531.1 MB) to the CRAB cache. Using URI https://cmsweb.cern.ch/S3/crabcache_prod
DEBUG 2024-02-21 22:30:11.791 UTC: 	 Encoded data for curl request: subresource=upload&objecttype=sandbox&tarballname=c21f585968b676319b78458a8dfff0d78967d784c1d5d78343c5cdc38d3be0e5.tar.gz
DEBUG 2024-02-21 22:30:11.991 UTC: 	 sandbox c21f585968b676319b78458a8dfff0d78967d784c1d5d78343c5cdc38d3be0e5.tar.gz is already in the S3 store, will not upload again
DEBUG 2024-02-21 22:30:11.991 UTC: 	 Loading required information from the environment
DEBUG 2024-02-21 22:30:11.991 UTC: 	 Found CMSSW_13_0_13 for slc7_amd64_gcc11 with base /lustrehome/mbuonsante/B_4mu/CMSSW_13_0_13
DEBUG 2024-02-21 22:30:11.991 UTC: 	 Making tarball in /lustrehome/mbuonsante/B_4mu/CMSSW_13_0_13/src/B4muNtuplizer/CrabSubmission/2023_eraC-v3/crab_projects/crab_SkimB4Mu_2023eraC-v3_stream1_Mini/inputs/debugFiles.tgz
DEBUG 2024-02-21 22:30:11.995 UTC: 	 Uploading archive /lustrehome/mbuonsante/B_4mu/CMSSW_13_0_13/src/B4muNtuplizer/CrabSubmission/2023_eraC-v3/crab_projects/crab_SkimB4Mu_2023eraC-v3_stream1_Mini/inputs/debugFiles.tgz (2 KB) to the CRAB cache. Using URI https://cmsweb.cern.ch/S3/crabcache_prod
DEBUG 2024-02-21 22:30:12.014 UTC: 	 Encoded data for curl request: subresource=upload&objecttype=sandbox&tarballname=95a3248fe6d2b2c1ed065b03db1e01d7733149a23e3aaf26295603fab91a0829.tar.gz
DEBUG 2024-02-21 22:30:12.233 UTC: 	 Will execute:
curl -f -v -X POST  -H "User-Agent: CRAB" -F "key=mbuonsan/sandboxes/95a3248fe6d2b2c1ed065b03db1e01d7733149a23e3aaf26295603fab91a0829.tar.gz" -F "AWSAccessKeyId=ab00fcc889f248c495d2875f15a3badb" -F "policy=eyJleHBpcmF0aW9uIjogIjIwMjQtMDItMjFUMjM6MzA6MTJaIiwgImNvbmRpdGlvbnMiOiBbeyJidWNrZXQiOiAiY3JhYmNhY2hlX3Byb2QifSwgeyJrZXkiOiAibWJ1b25zYW4vc2FuZGJveGVzLzk1YTMyNDhmZTZkMmIyYzFlZDA2NWIwM2RiMWUwMWQ3NzMzMTQ5YTIzZTNhYWYyNjI5NTYwM2ZhYjkxYTA4MjkudGFyLmd6In1dfQ==" -F "signature=eAlcGCgoacM1BF/jISfS6WheHHA=" -F "file=@/lustrehome/mbuonsante/B_4mu/CMSSW_13_0_13/src/B4muNtuplizer/CrabSubmission/2023_eraC-v3/crab_projects/crab_SkimB4Mu_2023eraC-v3_stream1_Mini/inputs/debugFiles.tgz" "https://s3.cern.ch/crabcache_prod"
DEBUG 2024-02-21 22:30:12.377 UTC: 	 exitcode: 0
stdout: b''
DEBUG 2024-02-21 22:30:12.377 UTC: 	 sandbox /lustrehome/mbuonsante/B_4mu/CMSSW_13_0_13/src/B4muNtuplizer/CrabSubmission/2023_eraC-v3/crab_projects/crab_SkimB4Mu_2023eraC-v3_stream1_Mini/inputs/debugFiles.tgz successully uploaded to S3
DEBUG 2024-02-21 22:30:12.377 UTC: 	 Result uploading input files: c21f585968b676319b78458a8dfff0d78967d784c1d5d78343c5cdc38d3be0e5.tar.gz 
DEBUG 2024-02-21 22:30:12.377 UTC: 	 Attaching lumi mask https://cms-service-dqmdc.web.cern.ch/CAF/certification/Collisions23/Cert_Collisions2023_eraC_367095_368823_Golden.json to the request
DEBUG 2024-02-21 22:30:12.377 UTC: 	 Downloading lumi-mask from https://cms-service-dqmdc.web.cern.ch/CAF/certification/Collisions23/Cert_Collisions2023_eraC_367095_368823_Golden.json
WARNING 2024-02-21 22:30:12.567 UTC: 	 Warning: The following output files will not be published, as they are not EDM files: ['TreeData.root']
DEBUG 2024-02-21 22:30:12.567 UTC: 	 submit() - self.configuration from WMCore.Configuration import Configuration
config = Configuration()
config.section_('General')
config.General.requestName = 'SkimB4Mu_2023eraC-v3_stream1_Mini'
config.General.transferOutputs = True
config.General.transferLogs = False
config.General.workArea = 'crab_projects'
config.section_('JobType')
config.JobType.psetName = '/lustrehome/mbuonsante/B_4mu/CMSSW_13_0_13/src/B4muNtuplizer/CrabSubmission/2023_eraC-v3/PatAndTree_cfg.py'
config.JobType.pluginName = 'Analysis'
config.JobType.allowUndistributedCMSSW = True
config.section_('Data')
config.Data.inputDataset = '/ParkingDoubleMuonLowMass1/Run2023C-22Sep2023_v3-v1/MINIAOD'
config.Data.unitsPerJob = 50
config.Data.allowNonValidInputDataset = True
config.Data.outputDatasetTag = 'SkimB4Mu_2023eraC-v3_stream1_Mini'
config.Data.inputDBS = 'global'
config.Data.lumiMask = 'https://cms-service-dqmdc.web.cern.ch/CAF/certification/Collisions23/Cert_Collisions2023_eraC_367095_368823_Golden.json'
config.Data.splitting = 'LumiBased'
config.section_('Site')
config.Site.storageSite = 'T2_IT_Bari'
config.Site.ignoreGlobalBlacklist = True
config.section_('User')
config.section_('Debug')

DEBUG 2024-02-21 22:30:12.567 UTC: 	 submit() - self.configreq {'dryrun': 0, 'workflow': 'crab_SkimB4Mu_2023eraC-v3_stream1_Mini', 'saveoutput': 1, 'savelogsflag': 0, 'inputdata': '/ParkingDoubleMuonLowMass1/Run2023C-22Sep2023_v3-v1/MINIAOD', 'primarydataset': '', 'nonvaliddata': 1, 'userfiles': [], 'dbsurl': 'https://cmsweb.cern.ch/dbs/prod/global/DBSReader', 'useparent': 0, 'ignorelocality': 0, 'splitalgo': 'LumiBased', 'algoargs': 50, 'totalunits': 0, 'publication': 1, 'publishdbsurl': 'https://cmsweb.cern.ch/dbs/prod/phys03/DBSWriter', 'publishname2': 'SkimB4Mu_2023eraC-v3_stream1_Mini', 'jobtype': 'Analysis', 'generator': 'pythia', 'addoutputfiles': [], 'maxjobruntime': 1250, 'numcores': 1, 'maxmemory': 2000, 'priority': 10, 'nonprodsw': 1, 'asyncdest': 'T2_IT_Bari', 'requireaccelerator': 0, 'oneEventMode': 0, 'extrajdl': [], 'ignoreglobalblacklist': 1, 'partialdataset': 0, 'inputblocks': []}
DEBUG 2024-02-21 22:30:12.567 UTC: 	 submit() - jobconfig {'addoutputfiles': [], 'tfileoutfiles': ['TreeData.root'], 'edmoutfiles': [], 'jobarch': 'slc7_amd64_gcc11', 'jobsw': 'CMSSW_13_0_13', 'inputdata': '/ParkingDoubleMuonLowMass1/Run2023C-22Sep2023_v3-v1/MINIAOD', 'cacheurl': 'https://cmsweb.cern.ch/S3/crabcache_prod', 'cachefilename': 'c21f585968b676319b78458a8dfff0d78967d784c1d5d78343c5cdc38d3be0e5.tar.gz', 'debugfilename': '95a3248fe6d2b2c1ed065b03db1e01d7733149a23e3aaf26295603fab91a0829.tar.gz', 'runs': ['367095', '367100', '367102', '367103', '367104', '367111', '367112', '367127', '367128', '367129', '367130', '367131', '367133', '367228', '367229', '367230', '367231', '367232', '367234', '367260', '367262', '367263', '367264', '367267', '367269', '367270', '367271', '367312', '367314', '367315', '367334', '367336', '367337', '367355', '367406', '367413', '367415', '367416', '367475', '367477', '367515', '367516', '367552', '367553', '367554', '367615', '367618', '367619', '367661', '367662', '367663', '367665', '367666', '367691', '367696', '367699', '367730', '367742', '367758', '367770', '367771', '367772', '367790', '367831', '367836', '367838', '367840', '367881', '367883', '367884', '367902', '367904', '367905', '367906', '367907', '367908', '367910', '368223', '368224', '368229', '368318', '368320', '368321', '368332', '368333', '368343', '368382', '368384', '368388', '368389', '368400', '368410', '368412', '368423', '368451', '368453', '368454', '368489', '368546', '368547', '368548', '368566', '368567', '368609', '368611', '368613', '368636', '368669', '368670', '368672', '368674', '368675', '368676', '368678', '368684', '368685', '368723', '368724', '368746', '368749', '368753', '368762', '368764', '368765', '368822', '368823'], 'lumis': ['1,564', '45,390', '1,75', '1,64', '1,1082', '51,338', '1,1438', '18,350', '1,2,6,6,11,12,14,15', '1,3', '1,2,6,9,13,126,135,167', '1,149', '1,275', '55,280,285,287,292,294,298,304', '1,34', '1,1', '1,22', '1,996', '1,501', '52,69,72,240', '1,42,49,119,123,271', '10,21', '1,847', '45,322', '1,33', '1,961', '1,135', '53,225,227,269', '1,20', '1,893', '26,324', '1,169', '1,1046', '60,63', '48,476', '68,448,450,467,469,746,748,750,752,898,900,1340,1342,1367', '1,97', '1,55', '56,634', '1,1289', '44,668', '1,1236', '49,59', '1,644', '1,312', '53,484', '18,341', '1,300,302,501,503,579', '50,366', '1,18', '1,1', '1,271', '1,11,16,86', '46,204', '1,856,858,1920', '1,151', '48,562', '39,443', '52,767', '47,198', '1,91', '1,6', '1,160', '53,504', '48,588', '1,793', '1,570', '14,152', '1,1050', '1,1011', '42,273', '1,103', '1,48', '1,344', '1,119', '1,358', '1,593', '45,437,445,487', '1,57', '52,569', '37,319', '1,285', '1,337', '1,14', '1,25', '1,328', '37,792', '1,44', '39,444,448,1431,1434,1472', '1,198', '40,271', '49,1501', '1,92', '42,159,161,516', '1,144', '1,5', '1,68,72,1168', '47,791,793,827,829,863,865,899,901,935,937,971,973,1007,1009,1043,1045,1079,1081,1280,1282,1380,1382,1581,1583,1595', '1,659', '1,194,197,702', '1,75,77,86,89,90,93,280,282,1044', '1,1195', '1,31,33,411,414,436', '41,1039', '1,247,249,382', '1,260', '51,819', '42,410', '1,255,306,308', '1,866', '1,12', '1,50', '1,156', '1,171', '40,135', '1,1481', '63,63,97,188', '1,1200', '39,77', '1,169', '1,976', '45,238', '1,1', '1,1386', '45,330,332,908,910,991', '3,35'], 'jobtype': 'Analysis'}
INFO 2024-02-21 22:30:12.568 UTC: 	 Sending the request to the server at cmsweb.cern.ch
DEBUG 2024-02-21 22:30:12.568 UTC: 	 Submitting {'dryrun': 0, 'workflow': 'crab_SkimB4Mu_2023eraC-v3_stream1_Mini', 'saveoutput': 1, 'savelogsflag': 0, 'inputdata': '/ParkingDoubleMuonLowMass1/Run2023C-22Sep2023_v3-v1/MINIAOD', 'primarydataset': '', 'nonvaliddata': 1, 'userfiles': [], 'dbsurl': 'https://cmsweb.cern.ch/dbs/prod/global/DBSReader', 'useparent': 0, 'ignorelocality': 0, 'splitalgo': 'LumiBased', 'algoargs': 50, 'totalunits': 0, 'publication': 1, 'publishdbsurl': 'https://cmsweb.cern.ch/dbs/prod/phys03/DBSWriter', 'publishname2': 'SkimB4Mu_2023eraC-v3_stream1_Mini', 'jobtype': 'Analysis', 'generator': 'pythia', 'addoutputfiles': [], 'maxjobruntime': 1250, 'numcores': 1, 'maxmemory': 2000, 'priority': 10, 'nonprodsw': 1, 'asyncdest': 'T2_IT_Bari', 'requireaccelerator': 0, 'oneEventMode': 0, 'extrajdl': [], 'ignoreglobalblacklist': 1, 'partialdataset': 0, 'inputblocks': [], 'tfileoutfiles': ['TreeData.root'], 'edmoutfiles': [], 'jobarch': 'slc7_amd64_gcc11', 'jobsw': 'CMSSW_13_0_13', 'cacheurl': 'https://cmsweb.cern.ch/S3/crabcache_prod', 'cachefilename': 'c21f585968b676319b78458a8dfff0d78967d784c1d5d78343c5cdc38d3be0e5.tar.gz', 'debugfilename': '95a3248fe6d2b2c1ed065b03db1e01d7733149a23e3aaf26295603fab91a0829.tar.gz', 'runs': ['367095', '367100', '367102', '367103', '367104', '367111', '367112', '367127', '367128', '367129', '367130', '367131', '367133', '367228', '367229', '367230', '367231', '367232', '367234', '367260', '367262', '367263', '367264', '367267', '367269', '367270', '367271', '367312', '367314', '367315', '367334', '367336', '367337', '367355', '367406', '367413', '367415', '367416', '367475', '367477', '367515', '367516', '367552', '367553', '367554', '367615', '367618', '367619', '367661', '367662', '367663', '367665', '367666', '367691', '367696', '367699', '367730', '367742', '367758', '367770', '367771', '367772', '367790', '367831', '367836', '367838', '367840', '367881', '367883', '367884', '367902', '367904', '367905', '367906', '367907', '367908', '367910', '368223', '368224', '368229', '368318', '368320', '368321', '368332', '368333', '368343', '368382', '368384', '368388', '368389', '368400', '368410', '368412', '368423', '368451', '368453', '368454', '368489', '368546', '368547', '368548', '368566', '368567', '368609', '368611', '368613', '368636', '368669', '368670', '368672', '368674', '368675', '368676', '368678', '368684', '368685', '368723', '368724', '368746', '368749', '368753', '368762', '368764', '368765', '368822', '368823'], 'lumis': ['1,564', '45,390', '1,75', '1,64', '1,1082', '51,338', '1,1438', '18,350', '1,2,6,6,11,12,14,15', '1,3', '1,2,6,9,13,126,135,167', '1,149', '1,275', '55,280,285,287,292,294,298,304', '1,34', '1,1', '1,22', '1,996', '1,501', '52,69,72,240', '1,42,49,119,123,271', '10,21', '1,847', '45,322', '1,33', '1,961', '1,135', '53,225,227,269', '1,20', '1,893', '26,324', '1,169', '1,1046', '60,63', '48,476', '68,448,450,467,469,746,748,750,752,898,900,1340,1342,1367', '1,97', '1,55', '56,634', '1,1289', '44,668', '1,1236', '49,59', '1,644', '1,312', '53,484', '18,341', '1,300,302,501,503,579', '50,366', '1,18', '1,1', '1,271', '1,11,16,86', '46,204', '1,856,858,1920', '1,151', '48,562', '39,443', '52,767', '47,198', '1,91', '1,6', '1,160', '53,504', '48,588', '1,793', '1,570', '14,152', '1,1050', '1,1011', '42,273', '1,103', '1,48', '1,344', '1,119', '1,358', '1,593', '45,437,445,487', '1,57', '52,569', '37,319', '1,285', '1,337', '1,14', '1,25', '1,328', '37,792', '1,44', '39,444,448,1431,1434,1472', '1,198', '40,271', '49,1501', '1,92', '42,159,161,516', '1,144', '1,5', '1,68,72,1168', '47,791,793,827,829,863,865,899,901,935,937,971,973,1007,1009,1043,1045,1079,1081,1280,1282,1380,1382,1581,1583,1595', '1,659', '1,194,197,702', '1,75,77,86,89,90,93,280,282,1044', '1,1195', '1,31,33,411,414,436', '41,1039', '1,247,249,382', '1,260', '51,819', '42,410', '1,255,306,308', '1,866', '1,12', '1,50', '1,156', '1,171', '40,135', '1,1481', '63,63,97,188', '1,1200', '39,77', '1,169', '1,976', '45,238', '1,1', '1,1386', '45,330,332,908,910,991', '3,35']} 
DEBUG 2024-02-21 22:30:12.569 UTC: 	 Encoded data for curl request: dryrun=0&workflow=crab_SkimB4Mu_2023eraC-v3_stream1_Mini&saveoutput=1&savelogsflag=0&inputdata=%2FParkingDoubleMuonLowMass1%2FRun2023C-22Sep2023_v3-v1%2FMINIAOD&primarydataset=&nonvaliddata=1&dbsurl=https%3A%2F%2Fcmsweb.cern.ch%2Fdbs%2Fprod%2Fglobal%2FDBSReader&useparent=0&ignorelocality=0&splitalgo=LumiBased&algoargs=50&totalunits=0&publication=1&publishdbsurl=https%3A%2F%2Fcmsweb.cern.ch%2Fdbs%2Fprod%2Fphys03%2FDBSWriter&publishname2=SkimB4Mu_2023eraC-v3_stream1_Mini&jobtype=Analysis&generator=pythia&maxjobruntime=1250&numcores=1&maxmemory=2000&priority=10&nonprodsw=1&asyncdest=T2_IT_Bari&requireaccelerator=0&oneEventMode=0&ignoreglobalblacklist=1&partialdataset=0&jobarch=slc7_amd64_gcc11&jobsw=CMSSW_13_0_13&cacheurl=https%3A%2F%2Fcmsweb.cern.ch%2FS3%2Fcrabcache_prod&cachefilename=c21f585968b676319b78458a8dfff0d78967d784c1d5d78343c5cdc38d3be0e5.tar.gz&debugfilename=95a3248fe6d2b2c1ed065b03db1e01d7733149a23e3aaf26295603fab91a0829.tar.gz&tfileoutfiles=TreeData.root&runs=367095&runs=367100&runs=367102&runs=367103&runs=367104&runs=367111&runs=367112&runs=367127&runs=367128&runs=367129&runs=367130&runs=367131&runs=367133&runs=367228&runs=367229&runs=367230&runs=367231&runs=367232&runs=367234&runs=367260&runs=367262&runs=367263&runs=367264&runs=367267&runs=367269&runs=367270&runs=367271&runs=367312&runs=367314&runs=367315&runs=367334&runs=367336&runs=367337&runs=367355&runs=367406&runs=367413&runs=367415&runs=367416&runs=367475&runs=367477&runs=367515&runs=367516&runs=367552&runs=367553&runs=367554&runs=367615&runs=367618&runs=367619&runs=367661&runs=367662&runs=367663&runs=367665&runs=367666&runs=367691&runs=367696&runs=367699&runs=367730&runs=367742&runs=367758&runs=367770&runs=367771&runs=367772&runs=367790&runs=367831&runs=367836&runs=367838&runs=367840&runs=367881&runs=367883&runs=367884&runs=367902&runs=367904&runs=367905&runs=367906&runs=367907&runs=367908&runs=367910&runs=368223&runs=368224&runs=368229&runs=368318&runs=368320&runs=368321&runs=368332&runs=368333&runs=368343&runs=368382&runs=368384&runs=368388&runs=368389&runs=368400&runs=368410&runs=368412&runs=368423&runs=368451&runs=368453&runs=368454&runs=368489&runs=368546&runs=368547&runs=368548&runs=368566&runs=368567&runs=368609&runs=368611&runs=368613&runs=368636&runs=368669&runs=368670&runs=368672&runs=368674&runs=368675&runs=368676&runs=368678&runs=368684&runs=368685&runs=368723&runs=368724&runs=368746&runs=368749&runs=368753&runs=368762&runs=368764&runs=368765&runs=368822&runs=368823&lumis=1%2C564&lumis=45%2C390&lumis=1%2C75&lumis=1%2C64&lumis=1%2C1082&lumis=51%2C338&lumis=1%2C1438&lumis=18%2C350&lumis=1%2C2%2C6%2C6%2C11%2C12%2C14%2C15&lumis=1%2C3&lumis=1%2C2%2C6%2C9%2C13%2C126%2C135%2C167&lumis=1%2C149&lumis=1%2C275&lumis=55%2C280%2C285%2C287%2C292%2C294%2C298%2C304&lumis=1%2C34&lumis=1%2C1&lumis=1%2C22&lumis=1%2C996&lumis=1%2C501&lumis=52%2C69%2C72%2C240&lumis=1%2C42%2C49%2C119%2C123%2C271&lumis=10%2C21&lumis=1%2C847&lumis=45%2C322&lumis=1%2C33&lumis=1%2C961&lumis=1%2C135&lumis=53%2C225%2C227%2C269&lumis=1%2C20&lumis=1%2C893&lumis=26%2C324&lumis=1%2C169&lumis=1%2C1046&lumis=60%2C63&lumis=48%2C476&lumis=68%2C448%2C450%2C467%2C469%2C746%2C748%2C750%2C752%2C898%2C900%2C1340%2C1342%2C1367&lumis=1%2C97&lumis=1%2C55&lumis=56%2C634&lumis=1%2C1289&lumis=44%2C668&lumis=1%2C1236&lumis=49%2C59&lumis=1%2C644&lumis=1%2C312&lumis=53%2C484&lumis=18%2C341&lumis=1%2C300%2C302%2C501%2C503%2C579&lumis=50%2C366&lumis=1%2C18&lumis=1%2C1&lumis=1%2C271&lumis=1%2C11%2C16%2C86&lumis=46%2C204&lumis=1%2C856%2C858%2C1920&lumis=1%2C151&lumis=48%2C562&lumis=39%2C443&lumis=52%2C767&lumis=47%2C198&lumis=1%2C91&lumis=1%2C6&lumis=1%2C160&lumis=53%2C504&lumis=48%2C588&lumis=1%2C793&lumis=1%2C570&lumis=14%2C152&lumis=1%2C1050&lumis=1%2C1011&lumis=42%2C273&lumis=1%2C103&lumis=1%2C48&lumis=1%2C344&lumis=1%2C119&lumis=1%2C358&lumis=1%2C593&lumis=45%2C437%2C445%2C487&lumis=1%2C57&lumis=52%2C569&lumis=37%2C319&lumis=1%2C285&lumis=1%2C337&lumis=1%2C14&lumis=1%2C25&lumis=1%2C328&lumis=37%2C792&lumis=1%2C44&lumis=39%2C444%2C448%2C1431%2C1434%2C1472&lumis=1%2C198&lumis=40%2C271&lumis=49%2C1501&lumis=1%2C92&lumis=42%2C159%2C161%2C516&lumis=1%2C144&lumis=1%2C5&lumis=1%2C68%2C72%2C1168&lumis=47%2C791%2C793%2C827%2C829%2C863%2C865%2C899%2C901%2C935%2C937%2C971%2C973%2C1007%2C1009%2C1043%2C1045%2C1079%2C1081%2C1280%2C1282%2C1380%2C1382%2C1581%2C1583%2C1595&lumis=1%2C659&lumis=1%2C194%2C197%2C702&lumis=1%2C75%2C77%2C86%2C89%2C90%2C93%2C280%2C282%2C1044&lumis=1%2C1195&lumis=1%2C31%2C33%2C411%2C414%2C436&lumis=41%2C1039&lumis=1%2C247%2C249%2C382&lumis=1%2C260&lumis=51%2C819&lumis=42%2C410&lumis=1%2C255%2C306%2C308&lumis=1%2C866&lumis=1%2C12&lumis=1%2C50&lumis=1%2C156&lumis=1%2C171&lumis=40%2C135&lumis=1%2C1481&lumis=63%2C63%2C97%2C188&lumis=1%2C1200&lumis=39%2C77&lumis=1%2C169&lumis=1%2C976&lumis=45%2C238&lumis=1%2C1&lumis=1%2C1386&lumis=45%2C330%2C332%2C908%2C910%2C991&lumis=3%2C35
DEBUG 2024-02-21 22:30:12.752 UTC: 	 Result: {'result': [{'RequestName': '240221_223012:mbuonsan_crab_SkimB4Mu_2023eraC-v3_stream1_Mini'}]}
INFO 2024-02-21 22:30:12.753 UTC: 	 Success: Your task has been delivered to the prod CRAB3 server.
INFO 2024-02-21 22:30:12.753 UTC: 	 Task name: 240221_223012:mbuonsan_crab_SkimB4Mu_2023eraC-v3_stream1_Mini
INFO 2024-02-21 22:30:12.753 UTC: 	 Project dir: crab_projects/crab_SkimB4Mu_2023eraC-v3_stream1_Mini
INFO 2024-02-21 22:30:12.753 UTC: 	 Please use ' crab status -d crab_projects/crab_SkimB4Mu_2023eraC-v3_stream1_Mini ' to check how the submission process proceeds.
DEBUG 2024-02-21 22:30:12.754 UTC: 	 About to return
INFO 2024-02-21 22:30:12.760 UTC: 	 Log file is /lustrehome/mbuonsante/B_4mu/CMSSW_13_0_13/src/B4muNtuplizer/CrabSubmission/2023_eraC-v3/crab_projects/crab_SkimB4Mu_2023eraC-v3_stream1_Mini/crab.log
DEBUG 2024-02-22 20:24:30.122 UTC: 	 CRAB Client version: v3.240110
DEBUG 2024-02-22 20:24:30.122 UTC: 	 Running on: Linux ui02.recas.ba.infn.it 3.10.0-1160.80.1.el7.x86_64 #1 SMP Tue Nov 8 15:48:59 UTC 2022 x86_64 x86_64 x86_64 GNU/Linux - CentOS Linux 7 (Core)
DEBUG 2024-02-22 20:24:30.122 UTC: 	 Executing command: 'resubmit'
DEBUG 2024-02-22 20:24:30.122 UTC: 	 Found CRAB cache file /lustrehome/mbuonsante/.crab3
DEBUG 2024-02-22 20:24:30.127 UTC: 	 Checking credentials
DEBUG 2024-02-22 20:24:30.127 UTC: 	 Found proxy file /tmp/x509up_u881331
DEBUG 2024-02-22 20:24:30.127 UTC: 	 Making sure it has proper VOMS extension
DEBUG 2024-02-22 20:24:30.127 UTC: 	 Executing command :
 voms-proxy-info --vo --file /tmp/x509up_u881331
DEBUG 2024-02-22 20:24:31.409 UTC: 	 output : cms

 error: 
 retcode : 0
DEBUG 2024-02-22 20:24:31.409 UTC: 	 Getting proxy life time left
DEBUG 2024-02-22 20:24:31.409 UTC: 	 Executing command :
 voms-proxy-info --actimeleft --timeleft --file /tmp/x509up_u881331
DEBUG 2024-02-22 20:24:32.952 UTC: 	 output : 400545
400544

 error: 
 retcode : 0
DEBUG 2024-02-22 20:24:32.953 UTC: 	 Proxy valid for 111:15:44 hours
DEBUG 2024-02-22 20:24:32.953 UTC: 	 Encoded data for curl request: subresource=delegatedn
DEBUG 2024-02-22 20:24:33.127 UTC: 	 Registering user credentials on myproxy for /DC=ch/DC=cern/OU=computers/CN=crab-(preprod|prod|dev)-tw(01|02|03).cern.ch|/DC=ch/DC=cern/OU=computers/CN=stefanov(m|m2).cern.ch|/DC=ch/DC=cern/OU=computers/CN=dciangot-tw.cern.ch
DEBUG 2024-02-22 20:24:33.128 UTC: 	 Executing command :
 voms-proxy-info --identity --file /tmp/x509up_u881331
DEBUG 2024-02-22 20:24:34.687 UTC: 	 output : /DC=ch/DC=cern/OU=Organic Units/OU=Users/CN=mbuonsan/CN=866052/CN=Marco Buonsante

 error: 
 retcode : 0
DEBUG 2024-02-22 20:24:34.687 UTC: 	 Getting myproxy life time left for db438794163ae221c16ac5cdc1e476b2bc2ff634
DEBUG 2024-02-22 20:24:34.687 UTC: 	 Executing command :
 myproxy-info -s myproxy.cern.ch -l db438794163ae221c16ac5cdc1e476b2bc2ff634
DEBUG 2024-02-22 20:24:35.019 UTC: 	 output : username: db438794163ae221c16ac5cdc1e476b2bc2ff634
owner: /DC=ch/DC=cern/OU=Organic Units/OU=Users/CN=mbuonsan/CN=866052/CN=Marco Buonsante
  renewal policy: /DC=ch/DC=cern/OU=computers/CN=crab-(preprod|prod|dev)-tw(01|02|03).cern.ch|/DC=ch/DC=cern/OU=computers/CN=stefanov(m|m2).cern.ch|/DC=ch/DC=cern/OU=computers/CN=dciangot-tw.cern.ch
  trusted retrieval policy: /DC=ch/DC=cern/OU=computers/CN=crab-(preprod|prod|dev)-tw(01|02|03).cern.ch|/DC=ch/DC=cern/OU=computers/CN=stefanov(m|m2).cern.ch|/DC=ch/DC=cern/OU=computers/CN=dciangot-tw.cern.ch
  timeleft: 471:16:52  (19.6 days)

 error: 
 retcode : 0
DEBUG 2024-02-22 20:24:35.019 UTC: 	 Myproxy is valid: 1696560
DEBUG 2024-02-22 20:24:35.019 UTC: 	 Result of myproxy credential check:
  Credential exists on myproxy: username: db438794163ae221c16ac5cdc1e476b2bc2ff634  - validity: 19 days, 15:16:00
DEBUG 2024-02-22 20:24:35.020 UTC: 	 Encoded data for curl request: subresource=search&workflow=240221_223012%3Ambuonsan_crab_SkimB4Mu_2023eraC-v3_stream1_Mini
DEBUG 2024-02-22 20:24:35.218 UTC: 	 Command use: resubmit
DEBUG 2024-02-22 20:24:35.218 UTC: 	 Options use: ['-d', 'crab_projects/crab_SkimB4Mu_2023eraC-v3_stream1_Mini']
DEBUG 2024-02-22 20:24:35.218 UTC: 	 Encoded data for curl request: subresource=version
DEBUG 2024-02-22 20:24:35.408 UTC: 	 CRABClient version: v3.240110
DEBUG 2024-02-22 20:24:35.408 UTC: 	 Instance is prod
DEBUG 2024-02-22 20:24:35.409 UTC: 	 Server base url is cmsweb.cern.ch
DEBUG 2024-02-22 20:24:35.409 UTC: 	 Command api workflow
DEBUG 2024-02-22 20:24:35.432 UTC: 	 CRAB Client version: v3.240110
DEBUG 2024-02-22 20:24:35.432 UTC: 	 Running on: Linux ui02.recas.ba.infn.it 3.10.0-1160.80.1.el7.x86_64 #1 SMP Tue Nov 8 15:48:59 UTC 2022 x86_64 x86_64 x86_64 GNU/Linux - CentOS Linux 7 (Core)
DEBUG 2024-02-22 20:24:35.432 UTC: 	 Executing command: 'status'
DEBUG 2024-02-22 20:24:35.432 UTC: 	 Found CRAB cache file /lustrehome/mbuonsante/.crab3
DEBUG 2024-02-22 20:24:35.435 UTC: 	 Checking credentials
DEBUG 2024-02-22 20:24:35.435 UTC: 	 Found proxy file /tmp/x509up_u881331
DEBUG 2024-02-22 20:24:35.435 UTC: 	 Making sure it has proper VOMS extension
DEBUG 2024-02-22 20:24:35.435 UTC: 	 Executing command :
 voms-proxy-info --vo --file /tmp/x509up_u881331
DEBUG 2024-02-22 20:24:36.672 UTC: 	 output : cms

 error: 
 retcode : 0
DEBUG 2024-02-22 20:24:36.672 UTC: 	 Getting proxy life time left
DEBUG 2024-02-22 20:24:36.673 UTC: 	 Executing command :
 voms-proxy-info --actimeleft --timeleft --file /tmp/x509up_u881331
DEBUG 2024-02-22 20:24:37.930 UTC: 	 output : 400540
400539

 error: 
 retcode : 0
DEBUG 2024-02-22 20:24:37.931 UTC: 	 Proxy valid for 111:15:39 hours
DEBUG 2024-02-22 20:24:37.931 UTC: 	 Encoded data for curl request: subresource=delegatedn
DEBUG 2024-02-22 20:24:38.120 UTC: 	 Registering user credentials on myproxy for /DC=ch/DC=cern/OU=computers/CN=crab-(preprod|prod|dev)-tw(01|02|03).cern.ch|/DC=ch/DC=cern/OU=computers/CN=stefanov(m|m2).cern.ch|/DC=ch/DC=cern/OU=computers/CN=dciangot-tw.cern.ch
DEBUG 2024-02-22 20:24:38.120 UTC: 	 Executing command :
 voms-proxy-info --identity --file /tmp/x509up_u881331
DEBUG 2024-02-22 20:24:39.140 UTC: 	 output : /DC=ch/DC=cern/OU=Organic Units/OU=Users/CN=mbuonsan/CN=866052/CN=Marco Buonsante

 error: 
 retcode : 0
DEBUG 2024-02-22 20:24:39.141 UTC: 	 Getting myproxy life time left for db438794163ae221c16ac5cdc1e476b2bc2ff634
DEBUG 2024-02-22 20:24:39.141 UTC: 	 Executing command :
 myproxy-info -s myproxy.cern.ch -l db438794163ae221c16ac5cdc1e476b2bc2ff634
DEBUG 2024-02-22 20:24:39.471 UTC: 	 output : username: db438794163ae221c16ac5cdc1e476b2bc2ff634
owner: /DC=ch/DC=cern/OU=Organic Units/OU=Users/CN=mbuonsan/CN=866052/CN=Marco Buonsante
  renewal policy: /DC=ch/DC=cern/OU=computers/CN=crab-(preprod|prod|dev)-tw(01|02|03).cern.ch|/DC=ch/DC=cern/OU=computers/CN=stefanov(m|m2).cern.ch|/DC=ch/DC=cern/OU=computers/CN=dciangot-tw.cern.ch
  trusted retrieval policy: /DC=ch/DC=cern/OU=computers/CN=crab-(preprod|prod|dev)-tw(01|02|03).cern.ch|/DC=ch/DC=cern/OU=computers/CN=stefanov(m|m2).cern.ch|/DC=ch/DC=cern/OU=computers/CN=dciangot-tw.cern.ch
  timeleft: 471:16:48  (19.6 days)

 error: 
 retcode : 0
DEBUG 2024-02-22 20:24:39.472 UTC: 	 Myproxy is valid: 1696560
DEBUG 2024-02-22 20:24:39.472 UTC: 	 Result of myproxy credential check:
  Credential exists on myproxy: username: db438794163ae221c16ac5cdc1e476b2bc2ff634  - validity: 19 days, 15:16:00
DEBUG 2024-02-22 20:24:39.472 UTC: 	 Retrieving username ...
DEBUG 2024-02-22 20:24:39.472 UTC: 	 Retrieving username from CRIC...
DEBUG 2024-02-22 20:24:40.417 UTC: 	 username is mbuonsan
INFO 2024-02-22 20:24:41.538 UTC: 	 Rucio client intialized for account mbuonsan
DEBUG 2024-02-22 20:24:41.538 UTC: 	 Command use: status
DEBUG 2024-02-22 20:24:41.538 UTC: 	 Options use: []
DEBUG 2024-02-22 20:24:41.538 UTC: 	 Encoded data for curl request: subresource=version
DEBUG 2024-02-22 20:24:41.702 UTC: 	 CRABClient version: v3.240110
DEBUG 2024-02-22 20:24:41.702 UTC: 	 Instance is prod
DEBUG 2024-02-22 20:24:41.702 UTC: 	 Server base url is cmsweb.cern.ch
DEBUG 2024-02-22 20:24:41.702 UTC: 	 Command api workflow
DEBUG 2024-02-22 20:24:41.702 UTC: 	 Encoded data for curl request: subresource=search&workflow=240221_223012%3Ambuonsan_crab_SkimB4Mu_2023eraC-v3_stream1_Mini
DEBUG 2024-02-22 20:24:41.896 UTC: 	 Got information from server oracle database: {'desc': {'columns': ['tm_taskname', 'tm_activity', 'panda_jobset_id', 'tm_task_status', 'tm_task_command', 'tm_start_time', 'tm_start_injection', 'tm_end_injection', 'tm_task_failure', 'tm_job_sw', 'tm_job_arch', 'tm_input_dataset', 'tm_nonvalid_input_dataset', 'tm_use_parent', 'tm_site_whitelist', 'tm_site_blacklist', 'tm_split_algo', 'tm_split_args', 'tm_user_sandbox', 'tm_cache_url', 'tm_username', 'tm_user_dn', 'tm_user_vo', 'tm_user_role', 'tm_user_group', 'tm_publish_name', 'tm_publish_groupname', 'tm_asyncdest', 'tm_dbs_url', 'tm_publish_dbs_url', 'tm_publication', 'tm_outfiles', 'tm_tfile_outfiles', 'tm_edm_outfiles', 'tm_job_type', 'tm_generator', 'tm_events_per_lumi', 'tm_arguments', 'panda_resubmitted_jobs', 'tm_save_logs', 'tw_name', 'tm_user_infiles', 'tm_maxjobruntime', 'tm_numcores', 'tm_maxmemory', 'tm_priority', 'tm_output_dataset', 'tm_task_warnings', 'tm_user_webdir', 'tm_scriptexe', 'tm_scriptargs', 'tm_extrajdl', 'tm_asourl', 'tm_collector', 'tm_schedd', 'tm_dry_run', 'tm_user_files', 'tm_transfer_outputs', 'tm_output_lfn', 'tm_ignore_locality', 'tm_fail_limit', 'tm_one_event_mode', 'tm_secondary_input_dataset', 'tm_primary_dataset', 'tm_last_publication', 'tm_debug_files', 'clusterid', 'tm_asodb', 'tm_ignore_global_blacklist', 'tm_submitter_ip_addr', 'tm_totalunits', 'tm_ddm_reqid', 'tm_user_config', 'tm_transfer_container', 'tm_transfer_rule', 'tm_publish_rule', 'tm_multipub_rule']}, 'result': ['240221_223012:mbuonsan_crab_SkimB4Mu_2023eraC-v3_stream1_Mini', 'None', 'None', 'SUBMITTED', 'SUBMIT', '2024-02-21 22:30:12.730486', 'None', '2024-02-21 22:31:08.666846', 'None', 'CMSSW_13_0_13', 'slc7_amd64_gcc11', '/ParkingDoubleMuonLowMass1/Run2023C-22Sep2023_v3-v1/MINIAOD', 'T', '0', '[]', '[]', 'LumiBased', "{'halt_job_on_file_boundaries': False, 'splitOnRun': False, 'lumis_per_job': 50, 'runs': ['367095', '367100', '367102', '367103', '367104', '367111', '367112', '367127', '367128', '367129', '367130', '367131', '367133', '367228', '367229', '367230', '367231', '367232', '367234', '367260', '367262', '367263', '367264', '367267', '367269', '367270', '367271', '367312', '367314', '367315', '367334', '367336', '367337', '367355', '367406', '367413', '367415', '367416', '367475', '367477', '367515', '367516', '367552', '367553', '367554', '367615', '367618', '367619', '367661', '367662', '367663', '367665', '367666', '367691', '367696', '367699', '367730', '367742', '367758', '367770', '367771', '367772', '367790', '367831', '367836', '367838', '367840', '367881', '367883', '367884', '367902', '367904', '367905', '367906', '367907', '367908', '367910', '368223', '368224', '368229', '368318', '368320', '368321', '368332', '368333', '368343', '368382', '368384', '368388', '368389', '368400', '368410', '368412', '368423', '368451', '368453', '368454', '368489', '368546', '368547', '368548', '368566', '368567', '368609', '368611', '368613', '368636', '368669', '368670', '368672', '368674', '368675', '368676', '368678', '368684', '368685', '368723', '368724', '368746', '368749', '368753', '368762', '368764', '368765', '368822', '368823'], 'lumis': ['1,564', '45,390', '1,75', '1,64', '1,1082', '51,338', '1,1438', '18,350', '1,2,6,6,11,12,14,15', '1,3', '1,2,6,9,13,126,135,167', '1,149', '1,275', '55,280,285,287,292,294,298,304', '1,34', '1,1', '1,22', '1,996', '1,501', '52,69,72,240', '1,42,49,119,123,271', '10,21', '1,847', '45,322', '1,33', '1,961', '1,135', '53,225,227,269', '1,20', '1,893', '26,324', '1,169', '1,1046', '60,63', '48,476', '68,448,450,467,469,746,748,750,752,898,900,1340,1342,1367', '1,97', '1,55', '56,634', '1,1289', '44,668', '1,1236', '49,59', '1,644', '1,312', '53,484', '18,341', '1,300,302,501,503,579', '50,366', '1,18', '1,1', '1,271', '1,11,16,86', '46,204', '1,856,858,1920', '1,151', '48,562', '39,443', '52,767', '47,198', '1,91', '1,6', '1,160', '53,504', '48,588', '1,793', '1,570', '14,152', '1,1050', '1,1011', '42,273', '1,103', '1,48', '1,344', '1,119', '1,358', '1,593', '45,437,445,487', '1,57', '52,569', '37,319', '1,285', '1,337', '1,14', '1,25', '1,328', '37,792', '1,44', '39,444,448,1431,1434,1472', '1,198', '40,271', '49,1501', '1,92', '42,159,161,516', '1,144', '1,5', '1,68,72,1168', '47,791,793,827,829,863,865,899,901,935,937,971,973,1007,1009,1043,1045,1079,1081,1280,1282,1380,1382,1581,1583,1595', '1,659', '1,194,197,702', '1,75,77,86,89,90,93,280,282,1044', '1,1195', '1,31,33,411,414,436', '41,1039', '1,247,249,382', '1,260', '51,819', '42,410', '1,255,306,308', '1,866', '1,12', '1,50', '1,156', '1,171', '40,135', '1,1481', '63,63,97,188', '1,1200', '39,77', '1,169', '1,976', '45,238', '1,1', '1,1386', '45,330,332,908,910,991', '3,35']}", 'c21f585968b676319b78458a8dfff0d78967d784c1d5d78343c5cdc38d3be0e5.tar.gz', 'https://cmsweb.cern.ch/S3/crabcache_prod', 'mbuonsan', '/DC=ch/DC=cern/OU=Organic Units/OU=Users/CN=mbuonsan/CN=866052/CN=Marco Buonsante', 'cms', 'None', 'None', 'SkimB4Mu_2023eraC-v3_stream1_Mini-00000000000000000000000000000000', 'F', 'T2_IT_Bari', 'https://cmsweb.cern.ch/dbs/prod/global/DBSReader', 'https://cmsweb.cern.ch/dbs/prod/phys03/DBSWriter', 'T', '[]', "['TreeData.root']", '[]', 'Analysis', 'pythia', 'None', '{}', 'None', 'F', 'crab-prod-tw01', '[]', '1250', '1', '2000', '10', "['/FakeDataset/fakefile-FakePublish-da695e83f24d66e21b4349754eff6ec5/USER']", '[]', 'http://vocms0155.cern.ch/mon/mbuonsan/240221_223012:mbuonsan_crab_SkimB4Mu_2023eraC-v3_stream1_Mini', 'None', '[]', '[]', 'None', 'cmsgwms-collector-global.cern.ch:9620,cmsgwms-collector-global.fnal.gov:9620', 'crab3@vocms0155.cern.ch', 'F', '[]', 'T', '/store/user/mbuonsan/', 'F', 'None', 'F', 'None', 'ParkingDoubleMuonLowMass1', 'None', '95a3248fe6d2b2c1ed065b03db1e01d7733149a23e3aaf26295603fab91a0829.tar.gz', '105158344', 'None', 'T', '188.184.73.32', '0.0', 'None', '{"partialdataset": false, "requireaccelerator": false, "acceleratorparams": null, "inputblocks": null}', 'None', 'None', 'None', 'None']}
INFO 2024-02-22 20:24:41.896 UTC: 	 CRAB project directory:		/lustrehome/mbuonsante/B_4mu/CMSSW_13_0_13/src/B4muNtuplizer/CrabSubmission/2023_eraC-v3/crab_projects/crab_SkimB4Mu_2023eraC-v3_stream1_Mini
INFO 2024-02-22 20:24:41.896 UTC: 	 Task name:			240221_223012:mbuonsan_crab_SkimB4Mu_2023eraC-v3_stream1_Mini
INFO 2024-02-22 20:24:41.896 UTC: 	 Grid scheduler - Task Worker:	crab3@vocms0155.cern.ch - crab-prod-tw01
INFO 2024-02-22 20:24:41.896 UTC: 	 Status on the CRAB server:	SUBMITTED
INFO 2024-02-22 20:24:41.897 UTC: 	 Task URL to use for HELP:	https://cmsweb.cern.ch/crabserver/ui/task/240221_223012%3Ambuonsan_crab_SkimB4Mu_2023eraC-v3_stream1_Mini
INFO 2024-02-22 20:24:41.908 UTC: 	 Dashboard monitoring URL:	https://monit-grafana.cern.ch/d/cmsTMDetail/cms-task-monitoring-task-view?orgId=11&var-user=mbuonsan&var-task=240221_223012%3Ambuonsan_crab_SkimB4Mu_2023eraC-v3_stream1_Mini&from=1708551012000&to=now
DEBUG 2024-02-22 20:24:41.908 UTC: 	 The CRAB server submitted your task to the Grid scheduler (cluster ID: 105158344)
DEBUG 2024-02-22 20:24:41.908 UTC: 	 Webdir is located at http://vocms0155.cern.ch/mon/mbuonsan/240221_223012:mbuonsan_crab_SkimB4Mu_2023eraC-v3_stream1_Mini
DEBUG 2024-02-22 20:24:41.908 UTC: 	 Encoded data for curl request: subresource=webdirprx&workflow=240221_223012%3Ambuonsan_crab_SkimB4Mu_2023eraC-v3_stream1_Mini
DEBUG 2024-02-22 20:24:42.105 UTC: 	 Proxied webdir is located at https://cmsweb.cern.ch:8443/scheddmon/0155/mbuonsan/240221_223012:mbuonsan_crab_SkimB4Mu_2023eraC-v3_stream1_Mini
DEBUG 2024-02-22 20:24:42.105 UTC: 	 Retrieving 'status_cache' file from https://cmsweb.cern.ch:8443/scheddmon/0155/mbuonsan/240221_223012:mbuonsan_crab_SkimB4Mu_2023eraC-v3_stream1_Mini/status_cache.pkl
DEBUG 2024-02-22 20:24:42.105 UTC: 	 Will execute:
curl -sS --capath /etc/grid-security/certificates --cert /tmp/x509up_u881331 --key /tmp/x509up_u881331 -o /tmp/crab_status-cache-lugbfqua.pkl -w %"{http_code}" "https://cmsweb.cern.ch:8443/scheddmon/0155/mbuonsan/240221_223012:mbuonsan_crab_SkimB4Mu_2023eraC-v3_stream1_Mini/status_cache.pkl"
DEBUG 2024-02-22 20:24:42.105 UTC: 	 Executing command :
 curl -sS --capath /etc/grid-security/certificates --cert /tmp/x509up_u881331 --key /tmp/x509up_u881331 -o /tmp/crab_status-cache-lugbfqua.pkl -w %"{http_code}" "https://cmsweb.cern.ch:8443/scheddmon/0155/mbuonsan/240221_223012:mbuonsan_crab_SkimB4Mu_2023eraC-v3_stream1_Mini/status_cache.pkl"
DEBUG 2024-02-22 20:24:42.339 UTC: 	 output : 200
 error: 
 retcode : 0
DEBUG 2024-02-22 20:24:42.339 UTC: 	 exitcode: 0
stdout: 200
stderr: 
error details: 
DEBUG 2024-02-22 20:24:42.341 UTC: 	 Got information from status cache file: {'1': {'Retries': 0, 'Restarts': 0, 'SiteHistory': ['Unknown', 'T2_US_Caltech', 'T2_US_Caltech'], 'ResidentSetSize': [1593196], 'SubmitTimes': [1708554675.0], 'StartTimes': [1708557087.0], 'EndTimes': [1708558840.0], 'TotalUserCpuTimeHistory': [1071], 'TotalSysCpuTimeHistory': [48], 'WallDurations': [9.0, 59.594707012176514, 1753.0], 'JobIds': ['105158346.0'], 'State': 'finished', 'RecordedSite': True}, '2': {'Retries': 0, 'Restarts': 0, 'SiteHistory': ['Unknown', 'T2_US_Caltech', 'T2_US_Caltech'], 'ResidentSetSize': [1654728], 'SubmitTimes': [1708554675.0], 'StartTimes': [1708557092.0], 'EndTimes': [1708558933.0], 'TotalUserCpuTimeHistory': [1250], 'TotalSysCpuTimeHistory': [52], 'WallDurations': [9.0, 54.594707012176514, 1841.0], 'JobIds': ['105158347.0'], 'State': 'finished', 'RecordedSite': True}, '3': {'Retries': 0, 'Restarts': 0, 'SiteHistory': ['Unknown', 'T2_US_Caltech', 'T2_US_Caltech'], 'ResidentSetSize': [1806816], 'SubmitTimes': [1708554675.0], 'StartTimes': [1708557092.0], 'EndTimes': [1708559422.0], 'TotalUserCpuTimeHistory': [1568], 'TotalSysCpuTimeHistory': [66], 'WallDurations': [9.0, 54.594707012176514, 2330.0], 'JobIds': ['105158348.0'], 'State': 'finished', 'RecordedSite': True}, '4': {'Retries': 0, 'Restarts': 0, 'SiteHistory': ['Unknown', 'T2_US_Caltech', 'T2_US_Caltech'], 'ResidentSetSize': [1857068], 'SubmitTimes': [1708554675.0], 'StartTimes': [1708557097.0], 'EndTimes': [1708559554.0], 'TotalUserCpuTimeHistory': [1897], 'TotalSysCpuTimeHistory': [70], 'WallDurations': [10.0, 49.594707012176514, 2457.0], 'JobIds': ['105158349.0'], 'State': 'finished', 'RecordedSite': True}, '5': {'Retries': 0, 'Restarts': 0, 'SiteHistory': ['Unknown', 'T2_US_Caltech', 'T2_US_Caltech'], 'ResidentSetSize': [1757040], 'SubmitTimes': [1708554675.0], 'StartTimes': [1708557097.0], 'EndTimes': [1708560776.0], 'TotalUserCpuTimeHistory': [2490], 'TotalSysCpuTimeHistory': [65], 'WallDurations': [10.0, 49.594707012176514, 3679.0], 'JobIds': ['105158350.0'], 'State': 'finished', 'RecordedSite': True}, '6': {'Retries': 0, 'Restarts': 0, 'SiteHistory': ['Unknown', 'T2_US_Caltech', 'T2_US_Caltech'], 'ResidentSetSize': [1789820], 'SubmitTimes': [1708554675.0], 'StartTimes': [1708556163.0], 'EndTimes': [1708559056.0], 'TotalUserCpuTimeHistory': [1521], 'TotalSysCpuTimeHistory': [41], 'WallDurations': [9.0, 77.29205226898193, 2893.0], 'JobIds': ['105158351.0'], 'State': 'finished', 'RecordedSite': True}, '7': {'Retries': 0, 'Restarts': 0, 'SiteHistory': ['Unknown', 'T2_US_Caltech', 'T2_US_Caltech'], 'ResidentSetSize': [1904652], 'SubmitTimes': [1708554675.0], 'StartTimes': [1708556174.0], 'EndTimes': [1708560461.0], 'TotalUserCpuTimeHistory': [3281], 'TotalSysCpuTimeHistory': [80], 'WallDurations': [9.0, 66.29205226898193, 4287.0], 'JobIds': ['105158352.0'], 'State': 'finished', 'RecordedSite': True}, '8': {'Retries': 0, 'Restarts': 0, 'SiteHistory': ['Unknown', 'T2_US_Caltech', 'T2_US_Caltech'], 'ResidentSetSize': [1770628], 'SubmitTimes': [1708554675.0], 'StartTimes': [1708556179.0], 'EndTimes': [1708559716.0], 'TotalUserCpuTimeHistory': [2438], 'TotalSysCpuTimeHistory': [71], 'WallDurations': [9.0, 61.292052268981934, 3537.0], 'JobIds': ['105158353.0'], 'State': 'finished', 'RecordedSite': True}, '9': {'Retries': 0, 'Restarts': 0, 'SiteHistory': ['Unknown', 'T2_US_Caltech', 'T2_US_Caltech'], 'ResidentSetSize': [1877520], 'SubmitTimes': [1708554676.0], 'StartTimes': [1708556181.0], 'EndTimes': [1708560458.0], 'TotalUserCpuTimeHistory': [3399], 'TotalSysCpuTimeHistory': [118], 'WallDurations': [9.0, 59.292052268981934, 4277.0], 'JobIds': ['105158354.0'], 'State': 'finished', 'RecordedSite': True}, '10': {'Retries': 0, 'Restarts': 0, 'SiteHistory': ['Unknown', 'T2_US_Caltech', 'T2_US_Caltech'], 'ResidentSetSize': [1864920], 'SubmitTimes': [1708554676.0], 'StartTimes': [1708556187.0], 'EndTimes': [1708558314.0], 'TotalUserCpuTimeHistory': [1598], 'TotalSysCpuTimeHistory': [47], 'WallDurations': [9.0, 53.292052268981934, 2127.0], 'JobIds': ['105158355.0'], 'State': 'finished', 'RecordedSite': True}, '11': {'Retries': 0, 'Restarts': 0, 'SiteHistory': ['Unknown', 'T2_US_Caltech', 'T2_US_Caltech'], 'ResidentSetSize': [1719440], 'SubmitTimes': [1708554676.0], 'StartTimes': [1708556219.0], 'EndTimes': [1708560396.0], 'TotalUserCpuTimeHistory': [1043], 'TotalSysCpuTimeHistory': [32], 'WallDurations': [9.0, 21.292052268981934, 4177.0], 'JobIds': ['105158356.0'], 'State': 'finished', 'RecordedSite': True}, '12': {'Retries': 0, 'Restarts': 0, 'SiteHistory': ['Unknown', 'T2_US_Caltech', 'T2_US_Caltech'], 'ResidentSetSize': [1786764], 'SubmitTimes': [1708554676.0], 'StartTimes': [1708556263.0], 'EndTimes': [1708560444.0], 'TotalUserCpuTimeHistory': [1208], 'TotalSysCpuTimeHistory': [40], 'WallDurations': [9.0, 278.50753235816956, 4181.0], 'JobIds': ['105158357.0'], 'State': 'finished', 'RecordedSite': True}, '13': {'Retries': 0, 'Restarts': 0, 'SiteHistory': ['Unknown', 'T2_US_Caltech', 'T2_US_Caltech'], 'ResidentSetSize': [1545188], 'SubmitTimes': [1708554676.0], 'StartTimes': [1708556256.0], 'EndTimes': [1708558436.0], 'TotalUserCpuTimeHistory': [1201], 'TotalSysCpuTimeHistory': [35], 'WallDurations': [9.0, 285.50753235816956, 2180.0], 'JobIds': ['105158358.0'], 'State': 'finished', 'RecordedSite': True}, '14': {'Retries': 0, 'Restarts': 0, 'SiteHistory': ['Unknown', 'T2_US_Caltech', 'T2_US_Caltech'], 'ResidentSetSize': [1527384], 'SubmitTimes': [1708554676.0], 'StartTimes': [1708556256.0], 'EndTimes': [1708557483.0], 'TotalUserCpuTimeHistory': [661], 'TotalSysCpuTimeHistory': [22], 'WallDurations': [9.0, 285.50753235816956, 1227.0], 'JobIds': ['105158359.0'], 'State': 'finished', 'RecordedSite': True}, '15': {'Retries': 0, 'Restarts': 0, 'SiteHistory': ['Unknown', 'T2_US_Caltech', 'T2_US_Caltech'], 'ResidentSetSize': [1573268], 'SubmitTimes': [1708554677.0], 'StartTimes': [1708556263.0], 'EndTimes': [1708557177.0], 'TotalUserCpuTimeHistory': [564], 'TotalSysCpuTimeHistory': [26], 'WallDurations': [9.0, 278.50753235816956, 914.0], 'JobIds': ['105158360.0'], 'State': 'finished', 'RecordedSite': True}, '16': {'Retries': 0, 'Restarts': 0, 'SiteHistory': ['Unknown', 'T2_US_Caltech', 'T2_US_Caltech'], 'ResidentSetSize': [1542216], 'SubmitTimes': [1708554677.0], 'StartTimes': [1708556265.0], 'EndTimes': [1708556975.0], 'TotalUserCpuTimeHistory': [322], 'TotalSysCpuTimeHistory': [16], 'WallDurations': [9.0, 276.50753235816956, 710.0], 'JobIds': ['105158361.0'], 'State': 'finished', 'RecordedSite': True}, '17': {'Retries': 0, 'Restarts': 0, 'SiteHistory': ['Unknown', 'T2_US_Caltech', 'T2_US_Caltech'], 'ResidentSetSize': [1588844], 'SubmitTimes': [1708554677.0], 'StartTimes': [1708556266.0], 'EndTimes': [1708557832.0], 'TotalUserCpuTimeHistory': [1216], 'TotalSysCpuTimeHistory': [48], 'WallDurations': [9.0, 275.50753235816956, 1566.0], 'JobIds': ['105158362.0'], 'State': 'finished', 'RecordedSite': True}, '18': {'Retries': 0, 'Restarts': 0, 'SiteHistory': ['Unknown', 'T2_US_Caltech', 'T2_US_Caltech'], 'ResidentSetSize': [1520568], 'SubmitTimes': [1708554677.0], 'StartTimes': [1708556298.0], 'EndTimes': [1708557212.0], 'TotalUserCpuTimeHistory': [514], 'TotalSysCpuTimeHistory': [21], 'WallDurations': [8.0, 243.50753235816956, 914.0], 'JobIds': ['105158363.0'], 'State': 'finished', 'RecordedSite': True}, '19': {'Retries': 0, 'Restarts': 0, 'SiteHistory': ['Unknown', 'T2_US_Caltech', 'T2_US_Caltech'], 'ResidentSetSize': [1615944], 'SubmitTimes': [1708554677.0], 'StartTimes': [1708556326.0], 'EndTimes': [1708561595.0], 'TotalUserCpuTimeHistory': [1826], 'TotalSysCpuTimeHistory': [45], 'WallDurations': [8.0, 215.50753235816956, 5269.0], 'JobIds': ['105158364.0'], 'State': 'finished', 'RecordedSite': True}, '20': {'Retries': 0, 'Restarts': 0, 'SiteHistory': ['Unknown', 'T2_US_Caltech', 'T2_US_Caltech'], 'ResidentSetSize': [1848360], 'SubmitTimes': [1708554677.0], 'StartTimes': [1708556322.0], 'EndTimes': [1708559937.0], 'TotalUserCpuTimeHistory': [2919], 'TotalSysCpuTimeHistory': [60], 'WallDurations': [9.0, 219.50753235816956, 3615.0], 'JobIds': ['105158365.0'], 'State': 'finished', 'RecordedSite': True}, '21': {'Retries': 0, 'Restarts': 0, 'SiteHistory': ['Unknown', 'T2_US_Caltech', 'T2_US_Caltech'], 'ResidentSetSize': [1749984], 'SubmitTimes': [1708554682.0], 'StartTimes': [1708556324.0], 'EndTimes': [1708559537.0], 'TotalUserCpuTimeHistory': [1588], 'TotalSysCpuTimeHistory': [35], 'WallDurations': [9.0, 217.50753235816956, 3213.0], 'JobIds': ['105158366.0'], 'State': 'finished', 'RecordedSite': True}, '22': {'Retries': 0, 'Restarts': 0, 'SiteHistory': ['Unknown', 'T2_US_Caltech', 'T2_US_Caltech'], 'ResidentSetSize': [1829220], 'SubmitTimes': [1708554682.0], 'StartTimes': [1708556337.0], 'EndTimes': [1708559401.0], 'TotalUserCpuTimeHistory': [1952], 'TotalSysCpuTimeHistory': [36], 'WallDurations': [8.0, 204.50753235816956, 3064.0], 'JobIds': ['105158367.0'], 'State': 'finished', 'RecordedSite': True}, '23': {'Retries': 0, 'Restarts': 0, 'SiteHistory': ['Unknown', 'T2_US_Caltech', 'T2_US_Caltech'], 'ResidentSetSize': [1847124], 'SubmitTimes': [1708554682.0], 'StartTimes': [1708556333.0], 'EndTimes': [1708559953.0], 'TotalUserCpuTimeHistory': [3147], 'TotalSysCpuTimeHistory': [64], 'WallDurations': [9.0, 208.50753235816956, 3620.0], 'JobIds': ['105158368.0'], 'State': 'finished', 'RecordedSite': True}, '24': {'Retries': 0, 'Restarts': 0, 'SiteHistory': ['Unknown', 'T2_IT_Rome', 'T2_IT_Rome'], 'ResidentSetSize': [1288768], 'SubmitTimes': [1708554682.0], 'StartTimes': [1708554797.0], 'EndTimes': [1708555296.0], 'TotalUserCpuTimeHistory': [342], 'TotalSysCpuTimeHistory': [16], 'WallDurations': [8.0, 238.8075270652771, 499.0], 'JobIds': ['105158369.0'], 'State': 'finished', 'RecordedSite': True}, '25': {'Retries': 1, 'Restarts': 0, 'SiteHistory': ['Unknown', 'T2_IT_Rome', 'T2_IT_Rome', 'T2_IT_Rome', 'T2_IT_Rome'], 'ResidentSetSize': [1174540, 1317428], 'SubmitTimes': [1708554682.0, 1708558114.0], 'StartTimes': [1708555298.0, 1708558163.0], 'EndTimes': [1708556237.0, 1708559722.0], 'TotalUserCpuTimeHistory': [758, 1339], 'TotalSysCpuTimeHistory': [27, 47], 'WallDurations': [9.0, 38.011319637298584, 939.0, 8.0, 1559.0], 'JobIds': ['105158370.0', '105160060.0'], 'State': 'finished', 'RecordedSite': True}, '26': {'Retries': 0, 'Restarts': 0, 'SiteHistory': ['Unknown', 'T2_IT_Rome', 'T2_IT_Rome'], 'ResidentSetSize': [1290696], 'SubmitTimes': [1708554682.0], 'StartTimes': [1708555437.0], 'EndTimes': [1708557514.0], 'TotalUserCpuTimeHistory': [1750], 'TotalSysCpuTimeHistory': [60], 'WallDurations': [9.0, 200.48400950431824, 2077.0], 'JobIds': ['105158371.0'], 'State': 'finished', 'RecordedSite': True}, '27': {'Retries': 0, 'Restarts': 0, 'SiteHistory': ['Unknown', 'T2_IT_Rome', 'T2_IT_Rome'], 'ResidentSetSize': [1613432], 'SubmitTimes': [1708554682.0], 'StartTimes': [1708555436.0], 'EndTimes': [1708558252.0], 'TotalUserCpuTimeHistory': [2402], 'TotalSysCpuTimeHistory': [78], 'WallDurations': [8.0, 201.48400950431824, 2816.0], 'JobIds': ['105158372.0'], 'State': 'finished', 'RecordedSite': True}, '28': {'Retries': 0, 'Restarts': 0, 'SiteHistory': ['Unknown', 'T2_IT_Rome', 'T2_IT_Rome'], 'ResidentSetSize': [1203956], 'SubmitTimes': [1708554682.0], 'StartTimes': [1708555437.0], 'EndTimes': [1708557385.0], 'TotalUserCpuTimeHistory': [1609], 'TotalSysCpuTimeHistory': [62], 'WallDurations': [9.0, 200.48400950431824, 1948.0], 'JobIds': ['105158373.0'], 'State': 'finished', 'RecordedSite': True}, '29': {'Retries': 0, 'Restarts': 0, 'SiteHistory': ['Unknown', 'T2_IT_Rome', 'T2_IT_Rome'], 'ResidentSetSize': [1288864], 'SubmitTimes': [1708554682.0], 'StartTimes': [1708555437.0], 'EndTimes': [1708557153.0], 'TotalUserCpuTimeHistory': [1410], 'TotalSysCpuTimeHistory': [55], 'WallDurations': [8.0, 200.48400950431824, 1716.0], 'JobIds': ['105158374.0'], 'State': 'finished', 'RecordedSite': True}, '30': {'Retries': 0, 'Restarts': 0, 'SiteHistory': ['Unknown', 'T2_IT_Rome', 'T2_IT_Rome'], 'ResidentSetSize': [1101700], 'SubmitTimes': [1708554682.0], 'StartTimes': [1708555436.0], 'EndTimes': [1708557117.0], 'TotalUserCpuTimeHistory': [1421], 'TotalSysCpuTimeHistory': [49], 'WallDurations': [9.0, 201.48400950431824, 1681.0], 'JobIds': ['105158375.0'], 'State': 'finished', 'RecordedSite': True}, '31': {'Retries': 0, 'Restarts': 0, 'SiteHistory': ['Unknown', 'T2_IT_Rome', 'T2_IT_Rome'], 'ResidentSetSize': [1473236], 'SubmitTimes': [1708554682.0], 'StartTimes': [1708555436.0], 'EndTimes': [1708557157.0], 'TotalUserCpuTimeHistory': [1350], 'TotalSysCpuTimeHistory': [47], 'WallDurations': [10.0, 201.48400950431824, 1721.0], 'JobIds': ['105158376.0'], 'State': 'finished', 'RecordedSite': True}, '32': {'Retries': 0, 'Restarts': 0, 'SiteHistory': ['Unknown', 'T2_IT_Rome', 'T2_IT_Rome'], 'ResidentSetSize': [1286408], 'SubmitTimes': [1708554682.0], 'StartTimes': [1708555537.0], 'EndTimes': [1708556866.0], 'TotalUserCpuTimeHistory': [1090], 'TotalSysCpuTimeHistory': [29], 'WallDurations': [8.0, 100.48400950431824, 1329.0], 'JobIds': ['105158377.0'], 'State': 'finished', 'RecordedSite': True}, '33': {'Retries': 0, 'Restarts': 0, 'SiteHistory': ['Unknown', 'T2_IT_Rome', 'T2_IT_Rome'], 'ResidentSetSize': [1583216], 'SubmitTimes': [1708554682.0], 'StartTimes': [1708555437.0], 'EndTimes': [1708557307.0], 'TotalUserCpuTimeHistory': [1596], 'TotalSysCpuTimeHistory': [57], 'WallDurations': [8.0, 200.48400950431824, 1870.0], 'JobIds': ['105158378.0'], 'State': 'finished', 'RecordedSite': True}, '34': {'Retries': 0, 'Restarts': 0, 'SiteHistory': ['Unknown', 'T2_IT_Rome', 'T2_IT_Rome'], 'ResidentSetSize': [1486656], 'SubmitTimes': [1708554682.0], 'StartTimes': [1708555436.0], 'EndTimes': [1708557190.0], 'TotalUserCpuTimeHistory': [1470], 'TotalSysCpuTimeHistory': [44], 'WallDurations': [9.0, 201.48400950431824, 1754.0], 'JobIds': ['105158379.0'], 'State': 'finished', 'RecordedSite': True}, '35': {'Retries': 0, 'Restarts': 0, 'SiteHistory': ['Unknown', 'T2_IT_Rome', 'T2_IT_Rome'], 'ResidentSetSize': [1428300], 'SubmitTimes': [1708554682.0], 'StartTimes': [1708555439.0], 'EndTimes': [1708556768.0], 'TotalUserCpuTimeHistory': [1087], 'TotalSysCpuTimeHistory': [39], 'WallDurations': [8.0, 198.48400950431824, 1329.0], 'JobIds': ['105158380.0'], 'State': 'finished', 'RecordedSite': True}, '36': {'Retries': 0, 'Restarts': 0, 'SiteHistory': ['Unknown', 'T2_IT_Rome', 'T2_IT_Rome'], 'ResidentSetSize': [1145344], 'SubmitTimes': [1708554682.0], 'StartTimes': [1708555437.0], 'EndTimes': [1708557139.0], 'TotalUserCpuTimeHistory': [1382], 'TotalSysCpuTimeHistory': [44], 'WallDurations': [8.0, 200.48400950431824, 1702.0], 'JobIds': ['105158381.0'], 'State': 'finished', 'RecordedSite': True}, '37': {'Retries': 0, 'Restarts': 0, 'SiteHistory': ['Unknown', 'T2_IT_Rome', 'T2_IT_Rome'], 'ResidentSetSize': [1496264], 'SubmitTimes': [1708554682.0], 'StartTimes': [1708555437.0], 'EndTimes': [1708557039.0], 'TotalUserCpuTimeHistory': [1221], 'TotalSysCpuTimeHistory': [45], 'WallDurations': [8.0, 200.48400950431824, 1602.0], 'JobIds': ['105158382.0'], 'State': 'finished', 'RecordedSite': True}, '38': {'Retries': 0, 'Restarts': 0, 'SiteHistory': ['Unknown', 'T2_IT_Rome', 'T2_IT_Rome'], 'ResidentSetSize': [1424568], 'SubmitTimes': [1708554682.0], 'StartTimes': [1708555436.0], 'EndTimes': [1708556465.0], 'TotalUserCpuTimeHistory': [831], 'TotalSysCpuTimeHistory': [36], 'WallDurations': [8.0, 201.48400950431824, 1029.0], 'JobIds': ['105158383.0'], 'State': 'finished', 'RecordedSite': True}, '39': {'Retries': 0, 'Restarts': 0, 'SiteHistory': ['Unknown', 'T2_IT_Rome', 'T2_IT_Rome'], 'ResidentSetSize': [1164816], 'SubmitTimes': [1708554682.0], 'StartTimes': [1708555436.0], 'EndTimes': [1708557241.0], 'TotalUserCpuTimeHistory': [1511], 'TotalSysCpuTimeHistory': [56], 'WallDurations': [8.0, 201.48400950431824, 1805.0], 'JobIds': ['105158384.0'], 'State': 'finished', 'RecordedSite': True}, '40': {'Retries': 0, 'Restarts': 0, 'SiteHistory': ['Unknown', 'T2_IT_Rome', 'T2_IT_Rome'], 'ResidentSetSize': [1428376], 'SubmitTimes': [1708554683.0], 'StartTimes': [1708555437.0], 'EndTimes': [1708556838.0], 'TotalUserCpuTimeHistory': [1108], 'TotalSysCpuTimeHistory': [39], 'WallDurations': [8.0, 200.48400950431824, 1401.0], 'JobIds': ['105158385.0'], 'State': 'finished', 'RecordedSite': True}, '42': {'Retries': 0, 'Restarts': 0, 'SiteHistory': ['Unknown', 'T2_IT_Rome', 'T2_IT_Rome'], 'ResidentSetSize': [1280736], 'SubmitTimes': [1708554683.0], 'StartTimes': [1708555437.0], 'EndTimes': [1708556333.0], 'TotalUserCpuTimeHistory': [700], 'TotalSysCpuTimeHistory': [35], 'WallDurations': [9.0, 200.48400950431824, 896.0], 'JobIds': ['105158386.0'], 'State': 'finished', 'RecordedSite': True}, '44': {'Retries': 0, 'Restarts': 0, 'SiteHistory': ['Unknown', 'T2_IT_Rome', 'T2_IT_Rome'], 'ResidentSetSize': [1261712], 'SubmitTimes': [1708554683.0], 'StartTimes': [1708555437.0], 'EndTimes': [1708556181.0], 'TotalUserCpuTimeHistory': [585], 'TotalSysCpuTimeHistory': [28], 'WallDurations': [8.0, 200.48400950431824, 744.0], 'JobIds': ['105158387.0'], 'State': 'finished', 'RecordedSite': True}, '43': {'Retries': 0, 'Restarts': 0, 'SiteHistory': ['Unknown', 'T2_IT_Rome', 'T2_IT_Rome'], 'ResidentSetSize': [950348], 'SubmitTimes': [1708554683.0], 'StartTimes': [1708555437.0], 'EndTimes': [1708556180.0], 'TotalUserCpuTimeHistory': [588], 'TotalSysCpuTimeHistory': [25], 'WallDurations': [8.0, 200.48400950431824, 743.0], 'JobIds': ['105158388.0'], 'State': 'finished', 'RecordedSite': True}, '45': {'Retries': 1, 'Restarts': 0, 'SiteHistory': ['Unknown', 'T2_IT_Rome', 'T2_IT_Rome', 'T2_IT_Rome', 'T2_IT_Rome'], 'ResidentSetSize': [1341748, 1303048], 'SubmitTimes': [1708554683.0, 1708558380.0], 'StartTimes': [1708555437.0, 1708558430.0], 'EndTimes': [1708556513.0, 1708559508.0], 'TotalUserCpuTimeHistory': [828, 855], 'TotalSysCpuTimeHistory': [40, 41], 'WallDurations': [9.0, 200.48400950431824, 1076.0, 8.0, 1078.0], 'JobIds': ['105158389.0', '105160252.0'], 'State': 'finished', 'RecordedSite': True}, '48': {'Retries': 0, 'Restarts': 0, 'SiteHistory': ['Unknown', 'T2_IT_Rome', 'T2_IT_Rome'], 'ResidentSetSize': [946344], 'SubmitTimes': [1708554683.0], 'StartTimes': [1708555437.0], 'EndTimes': [1708556008.0], 'TotalUserCpuTimeHistory': [469], 'TotalSysCpuTimeHistory': [17], 'WallDurations': [9.0, 200.48400950431824, 571.0], 'JobIds': ['105158390.0'], 'State': 'finished', 'RecordedSite': True}, '47': {'Retries': 0, 'Restarts': 0, 'SiteHistory': ['Unknown', 'T2_IT_Rome', 'T2_IT_Rome'], 'ResidentSetSize': [1247084], 'SubmitTimes': [1708554683.0], 'StartTimes': [1708555438.0], 'EndTimes': [1708557232.0], 'TotalUserCpuTimeHistory': [1495], 'TotalSysCpuTimeHistory': [55], 'WallDurations': [9.0, 199.48400950431824, 1794.0], 'JobIds': ['105158391.0'], 'State': 'finished', 'RecordedSite': True}, '46': {'Retries': 0, 'Restarts': 0, 'SiteHistory': ['Unknown', 'T2_IT_Rome', 'T2_IT_Rome'], 'ResidentSetSize': [1176552], 'SubmitTimes': [1708554683.0], 'StartTimes': [1708555439.0], 'EndTimes': [1708557088.0], 'TotalUserCpuTimeHistory': [1321], 'TotalSysCpuTimeHistory': [43], 'WallDurations': [9.0, 198.48400950431824, 1649.0], 'JobIds': ['105158392.0'], 'State': 'finished', 'RecordedSite': True}, '50': {'Retries': 0, 'Restarts': 0, 'SiteHistory': ['Unknown', 'T2_IT_Legnaro', 'T2_IT_Legnaro'], 'ResidentSetSize': [1485288], 'SubmitTimes': [1708554683.0], 'StartTimes': [1708555761.0], 'EndTimes': [1708556929.0], 'TotalUserCpuTimeHistory': [1033], 'TotalSysCpuTimeHistory': [33], 'WallDurations': [8.0, 178.19656991958618, 1168.0], 'JobIds': ['105158393.0'], 'State': 'finished', 'RecordedSite': True}, '49': {'Retries': 0, 'Restarts': 0, 'SiteHistory': ['Unknown', 'T2_IT_Legnaro', 'T2_IT_Legnaro'], 'ResidentSetSize': [1474752], 'SubmitTimes': [1708554683.0], 'StartTimes': [1708555922.0], 'EndTimes': [1708557916.0], 'TotalUserCpuTimeHistory': [1767], 'TotalSysCpuTimeHistory': [74], 'WallDurations': [9.0, 17.19656991958618, 1994.0], 'JobIds': ['105158394.0'], 'State': 'finished', 'RecordedSite': True}, '51': {'Retries': 0, 'Restarts': 0, 'SiteHistory': ['Unknown', 'T2_IT_Legnaro', 'T2_IT_Legnaro'], 'ResidentSetSize': [1442060], 'SubmitTimes': [1708554683.0], 'StartTimes': [1708555950.0], 'EndTimes': [1708557223.0], 'TotalUserCpuTimeHistory': [1150], 'TotalSysCpuTimeHistory': [30], 'WallDurations': [9.0, 290.29205226898193, 1273.0], 'JobIds': ['105158395.0'], 'State': 'finished', 'RecordedSite': True}, '52': {'Retries': 0, 'Restarts': 0, 'SiteHistory': ['Unknown', 'T2_IT_Legnaro', 'T2_IT_Legnaro'], 'ResidentSetSize': [1456804], 'SubmitTimes': [1708554683.0], 'StartTimes': [1708555950.0], 'EndTimes': [1708556981.0], 'TotalUserCpuTimeHistory': [904], 'TotalSysCpuTimeHistory': [24], 'WallDurations': [8.0, 290.29205226898193, 1031.0], 'JobIds': ['105158396.0'], 'State': 'finished', 'RecordedSite': True}, '53': {'Retries': 0, 'Restarts': 0, 'SiteHistory': ['Unknown', 'T2_IT_Legnaro', 'T2_IT_Legnaro'], 'ResidentSetSize': [1409412], 'SubmitTimes': [1708554683.0], 'StartTimes': [1708555951.0], 'EndTimes': [1708556856.0], 'TotalUserCpuTimeHistory': [792], 'TotalSysCpuTimeHistory': [25], 'WallDurations': [9.0, 289.29205226898193, 905.0], 'JobIds': ['105158397.0'], 'State': 'finished', 'RecordedSite': True}, '54': {'Retries': 1, 'Restarts': 0, 'SiteHistory': ['Unknown', 'T2_IT_Legnaro', 'T2_IT_Legnaro', 'T2_IT_Legnaro', 'T2_IT_Legnaro'], 'ResidentSetSize': [1325044, 1324632], 'SubmitTimes': [1708554683.0, 1708558380.0], 'StartTimes': [1708555950.0, 1708558404.0], 'EndTimes': [1708556507.0, 1708558754.0], 'TotalUserCpuTimeHistory': [469, 275], 'TotalSysCpuTimeHistory': [21, 12], 'WallDurations': [9.0, 290.29205226898193, 557.0, 8.0, 350.0], 'JobIds': ['105158398.0', '105160251.0'], 'State': 'finished', 'RecordedSite': True}, '55': {'Retries': 0, 'Restarts': 0, 'SiteHistory': ['Unknown', 'T2_IT_Bari', 'T2_IT_Bari'], 'ResidentSetSize': [1456232], 'SubmitTimes': [1708554683.0], 'StartTimes': [1708555555.0], 'EndTimes': [1708557987.0], 'TotalUserCpuTimeHistory': [2111], 'TotalSysCpuTimeHistory': [61], 'WallDurations': [8.0, 82.48400950431824, 2432.0], 'JobIds': ['105158399.0'], 'State': 'finished', 'RecordedSite': True}, '57': {'Retries': 0, 'Restarts': 0, 'SiteHistory': ['Unknown', 'T2_US_Caltech', 'T2_US_Caltech'], 'ResidentSetSize': [1776964], 'SubmitTimes': [1708554684.0], 'StartTimes': [1708556362.0], 'EndTimes': [1708558027.0], 'TotalUserCpuTimeHistory': [1293], 'TotalSysCpuTimeHistory': [42], 'WallDurations': [9.0, 179.50753235816956, 1665.0], 'JobIds': ['105158400.0'], 'State': 'finished', 'RecordedSite': True}, '59': {'Retries': 0, 'Restarts': 0, 'SiteHistory': ['Unknown', 'T2_US_Caltech', 'T2_US_Caltech'], 'ResidentSetSize': [1906076], 'SubmitTimes': [1708554684.0], 'StartTimes': [1708556376.0], 'EndTimes': [1708559426.0], 'TotalUserCpuTimeHistory': [2521], 'TotalSysCpuTimeHistory': [63], 'WallDurations': [9.0, 165.50753235816956, 3050.0], 'JobIds': ['105158401.0'], 'State': 'finished', 'RecordedSite': True}, '58': {'Retries': 0, 'Restarts': 0, 'SiteHistory': ['Unknown', 'T2_US_Caltech', 'T2_US_Caltech'], 'ResidentSetSize': [1780392], 'SubmitTimes': [1708554684.0], 'StartTimes': [1708556383.0], 'EndTimes': [1708559581.0], 'TotalUserCpuTimeHistory': [2818], 'TotalSysCpuTimeHistory': [76], 'WallDurations': [9.0, 158.50753235816956, 3198.0], 'JobIds': ['105158402.0'], 'State': 'finished', 'RecordedSite': True}, '56': {'Retries': 0, 'Restarts': 0, 'SiteHistory': ['Unknown', 'T2_US_Caltech', 'T2_US_Caltech'], 'ResidentSetSize': [1873116], 'SubmitTimes': [1708554684.0], 'StartTimes': [1708556382.0], 'EndTimes': [1708558677.0], 'TotalUserCpuTimeHistory': [1902], 'TotalSysCpuTimeHistory': [46], 'WallDurations': [9.0, 159.50753235816956, 2295.0], 'JobIds': ['105158403.0'], 'State': 'finished', 'RecordedSite': True}, '61': {'Retries': 0, 'Restarts': 0, 'SiteHistory': ['Unknown', 'T2_US_Caltech', 'T2_US_Caltech'], 'ResidentSetSize': [1873364], 'SubmitTimes': [1708554684.0], 'StartTimes': [1708556390.0], 'EndTimes': [1708557885.0], 'TotalUserCpuTimeHistory': [1142], 'TotalSysCpuTimeHistory': [23], 'WallDurations': [9.0, 151.50753235816956, 1495.0], 'JobIds': ['105158404.0'], 'State': 'finished', 'RecordedSite': True}, '60': {'Retries': 0, 'Restarts': 0, 'SiteHistory': ['Unknown', 'T2_US_Caltech', 'T2_US_Caltech'], 'ResidentSetSize': [1865064], 'SubmitTimes': [1708554684.0], 'StartTimes': [1708556399.0], 'EndTimes': [1708558202.0], 'TotalUserCpuTimeHistory': [1469], 'TotalSysCpuTimeHistory': [38], 'WallDurations': [9.0, 142.50753235816956, 1803.0], 'JobIds': ['105158405.0'], 'State': 'finished', 'RecordedSite': True}, '63': {'Retries': 0, 'Restarts': 0, 'SiteHistory': ['Unknown', 'T2_US_Caltech', 'T2_US_Caltech'], 'ResidentSetSize': [1758068], 'SubmitTimes': [1708554684.0], 'StartTimes': [1708556436.0], 'EndTimes': [1708560573.0], 'TotalUserCpuTimeHistory': [2503], 'TotalSysCpuTimeHistory': [60], 'WallDurations': [10.0, 105.50753235816956, 4137.0], 'JobIds': ['105158406.0'], 'State': 'finished', 'RecordedSite': True}, '62': {'Retries': 0, 'Restarts': 0, 'SiteHistory': ['Unknown', 'T2_US_Caltech', 'T2_US_Caltech'], 'ResidentSetSize': [1860020], 'SubmitTimes': [1708554684.0], 'StartTimes': [1708556471.0], 'EndTimes': [1708557945.0], 'TotalUserCpuTimeHistory': [1085], 'TotalSysCpuTimeHistory': [20], 'WallDurations': [9.0, 70.50753235816956, 1474.0], 'JobIds': ['105158407.0'], 'State': 'finished', 'RecordedSite': True}, '64': {'Retries': 0, 'Restarts': 0, 'SiteHistory': ['Unknown', 'T2_US_Caltech', 'T2_US_Caltech'], 'ResidentSetSize': [1723172], 'SubmitTimes': [1708554684.0], 'StartTimes': [1708556494.0], 'EndTimes': [1708558140.0], 'TotalUserCpuTimeHistory': [1156], 'TotalSysCpuTimeHistory': [31], 'WallDurations': [8.0, 47.507532358169556, 1646.0], 'JobIds': ['105158408.0'], 'State': 'finished', 'RecordedSite': True}, '65': {'Retries': 0, 'Restarts': 0, 'SiteHistory': ['Unknown', 'T2_US_Caltech', 'T2_US_Caltech'], 'ResidentSetSize': [1579636], 'SubmitTimes': [1708554684.0], 'StartTimes': [1708556498.0], 'EndTimes': [1708557391.0], 'TotalUserCpuTimeHistory': [578], 'TotalSysCpuTimeHistory': [20], 'WallDurations': [9.0, 43.507532358169556, 893.0], 'JobIds': ['105158409.0'], 'State': 'finished', 'RecordedSite': True}, '67': {'Retries': 0, 'Restarts': 0, 'SiteHistory': ['Unknown', 'T2_US_Caltech', 'T2_US_Caltech'], 'ResidentSetSize': [1757536], 'SubmitTimes': [1708554684.0], 'StartTimes': [1708556496.0], 'EndTimes': [1708558088.0], 'TotalUserCpuTimeHistory': [1148], 'TotalSysCpuTimeHistory': [31], 'WallDurations': [8.0, 45.507532358169556, 1592.0], 'JobIds': ['105158410.0'], 'State': 'finished', 'RecordedSite': True}, '66': {'Retries': 0, 'Restarts': 0, 'SiteHistory': ['Unknown', 'T2_US_Caltech', 'T2_US_Caltech'], 'ResidentSetSize': [1583712], 'SubmitTimes': [1708554684.0], 'StartTimes': [1708556512.0], 'EndTimes': [1708557198.0], 'TotalUserCpuTimeHistory': [486], 'TotalSysCpuTimeHistory': [12], 'WallDurations': [9.0, 29.507532358169556, 686.0], 'JobIds': ['105158411.0'], 'State': 'finished', 'RecordedSite': True}, '69': {'Retries': 0, 'Restarts': 0, 'SiteHistory': ['Unknown', 'T2_US_Caltech', 'T2_US_Caltech'], 'ResidentSetSize': [1841068], 'SubmitTimes': [1708554684.0], 'StartTimes': [1708556530.0], 'EndTimes': [1708558826.0], 'TotalUserCpuTimeHistory': [1857], 'TotalSysCpuTimeHistory': [36], 'WallDurations': [9.0, 11.507532358169556, 2296.0], 'JobIds': ['105158412.0'], 'State': 'finished', 'RecordedSite': True}, '71': {'Retries': 0, 'Restarts': 0, 'SiteHistory': ['Unknown', 'T2_US_Caltech', 'T2_US_Caltech'], 'ResidentSetSize': [1591196], 'SubmitTimes': [1708554684.0], 'StartTimes': [1708556533.0], 'EndTimes': [1708556887.0], 'TotalUserCpuTimeHistory': [234], 'TotalSysCpuTimeHistory': [10], 'WallDurations': [0, 8.507532358169556, 354.0], 'JobIds': ['105158413.0'], 'State': 'finished', 'RecordedSite': True}, '72': {'Retries': 0, 'Restarts': 0, 'SiteHistory': ['Unknown', 'T2_US_Caltech', 'T2_US_Caltech'], 'ResidentSetSize': [1685212], 'SubmitTimes': [1708554684.0], 'StartTimes': [1708556560.0], 'EndTimes': [1708557551.0], 'TotalUserCpuTimeHistory': [717], 'TotalSysCpuTimeHistory': [15], 'WallDurations': [9.0, 284.1228427886963, 991.0], 'JobIds': ['105158414.0'], 'State': 'finished', 'RecordedSite': True}, '73': {'Retries': 0, 'Restarts': 0, 'SiteHistory': ['Unknown', 'T2_US_Caltech', 'T2_US_Caltech'], 'ResidentSetSize': [1838712], 'SubmitTimes': [1708554684.0], 'StartTimes': [1708556559.0], 'EndTimes': [1708558694.0], 'TotalUserCpuTimeHistory': [1732], 'TotalSysCpuTimeHistory': [29], 'WallDurations': [9.0, 285.1228427886963, 2135.0], 'JobIds': ['105158415.0'], 'State': 'finished', 'RecordedSite': True}, '68': {'Retries': 0, 'Restarts': 0, 'SiteHistory': ['Unknown', 'T2_US_Caltech', 'T2_US_Caltech'], 'ResidentSetSize': [1754128], 'SubmitTimes': [1708554684.0], 'StartTimes': [1708556572.0], 'EndTimes': [1708558687.0], 'TotalUserCpuTimeHistory': [1726], 'TotalSysCpuTimeHistory': [48], 'WallDurations': [9.0, 272.1228427886963, 2115.0], 'JobIds': ['105158416.0'], 'State': 'finished', 'RecordedSite': True}, '70': {'Retries': 0, 'Restarts': 0, 'SiteHistory': ['Unknown', 'T2_US_Caltech', 'T2_US_Caltech'], 'ResidentSetSize': [1602096], 'SubmitTimes': [1708554684.0], 'StartTimes': [1708556592.0], 'EndTimes': [1708556838.0], 'TotalUserCpuTimeHistory': [138], 'TotalSysCpuTimeHistory': [4], 'WallDurations': [246.0, 252.1228427886963, 252.1228427886963], 'JobIds': ['105158417.0'], 'State': 'finished', 'RecordedSite': True}, '75': {'Retries': 0, 'Restarts': 0, 'SiteHistory': ['Unknown', 'T2_US_Caltech', 'T2_US_Caltech'], 'ResidentSetSize': [1783276], 'SubmitTimes': [1708554684.0], 'StartTimes': [1708556612.0], 'EndTimes': [1708559058.0], 'TotalUserCpuTimeHistory': [1923], 'TotalSysCpuTimeHistory': [49], 'WallDurations': [10.0, 232.1228427886963, 2446.0], 'JobIds': ['105158418.0'], 'State': 'finished', 'RecordedSite': True}, '74': {'Retries': 0, 'Restarts': 0, 'SiteHistory': ['Unknown', 'T2_US_Caltech', 'T2_US_Caltech'], 'ResidentSetSize': [1846860], 'SubmitTimes': [1708554684.0], 'StartTimes': [1708556651.0], 'EndTimes': [1708558905.0], 'TotalUserCpuTimeHistory': [1916], 'TotalSysCpuTimeHistory': [35], 'WallDurations': [9.0, 193.1228427886963, 2254.0], 'JobIds': ['105158419.0'], 'State': 'finished', 'RecordedSite': True}, '76': {'Retries': 0, 'Restarts': 0, 'SiteHistory': ['Unknown', 'T2_US_Caltech', 'T2_US_Caltech'], 'ResidentSetSize': [1747296], 'SubmitTimes': [1708554684.0], 'StartTimes': [1708556665.0], 'EndTimes': [1708559088.0], 'TotalUserCpuTimeHistory': [1960], 'TotalSysCpuTimeHistory': [49], 'WallDurations': [10.0, 179.1228427886963, 2423.0], 'JobIds': ['105158420.0'], 'State': 'finished', 'RecordedSite': True}, '79': {'Retries': 0, 'Restarts': 0, 'SiteHistory': ['Unknown', 'T2_US_Caltech', 'T2_US_Caltech'], 'ResidentSetSize': [1826336], 'SubmitTimes': [1708554684.0], 'StartTimes': [1708556665.0], 'EndTimes': [1708558873.0], 'TotalUserCpuTimeHistory': [1874], 'TotalSysCpuTimeHistory': [33], 'WallDurations': [9.0, 179.1228427886963, 2208.0], 'JobIds': ['105158421.0'], 'State': 'finished', 'RecordedSite': True}, '77': {'Retries': 0, 'Restarts': 0, 'SiteHistory': ['Unknown', 'T2_US_Caltech', 'T2_US_Caltech'], 'ResidentSetSize': [1841160], 'SubmitTimes': [1708554684.0], 'StartTimes': [1708556683.0], 'EndTimes': [1708559074.0], 'TotalUserCpuTimeHistory': [1804], 'TotalSysCpuTimeHistory': [32], 'WallDurations': [9.0, 161.1228427886963, 2391.0], 'JobIds': ['105158422.0'], 'State': 'finished', 'RecordedSite': True}, '78': {'Retries': 0, 'Restarts': 0, 'SiteHistory': ['Unknown', 'T2_US_Caltech', 'T2_US_Caltech'], 'ResidentSetSize': [1868076], 'SubmitTimes': [1708554684.0], 'StartTimes': [1708556704.0], 'EndTimes': [1708561115.0], 'TotalUserCpuTimeHistory': [3961], 'TotalSysCpuTimeHistory': [75], 'WallDurations': [9.0, 140.1228427886963, 4411.0], 'JobIds': ['105158423.0'], 'State': 'finished', 'RecordedSite': True}, '80': {'Retries': 0, 'Restarts': 0, 'SiteHistory': ['Unknown', 'T2_US_Caltech', 'T2_US_Caltech'], 'ResidentSetSize': [1846780], 'SubmitTimes': [1708554684.0], 'StartTimes': [1708556749.0], 'EndTimes': [1708558946.0], 'TotalUserCpuTimeHistory': [1672], 'TotalSysCpuTimeHistory': [30], 'WallDurations': [9.0, 95.12284278869629, 2197.0], 'JobIds': ['105158424.0'], 'State': 'finished', 'RecordedSite': True}, '81': {'Retries': 0, 'Restarts': 0, 'SiteHistory': ['Unknown', 'T2_US_Caltech', 'T2_US_Caltech'], 'ResidentSetSize': [1780084], 'SubmitTimes': [1708554684.0], 'StartTimes': [1708556743.0], 'EndTimes': [1708561026.0], 'TotalUserCpuTimeHistory': [2970], 'TotalSysCpuTimeHistory': [109], 'WallDurations': [10.0, 101.12284278869629, 4283.0], 'JobIds': ['105158425.0'], 'State': 'finished', 'RecordedSite': True}, '82': {'Retries': 0, 'Restarts': 0, 'SiteHistory': ['Unknown', 'T2_US_Caltech', 'T2_US_Caltech'], 'ResidentSetSize': [1606260], 'SubmitTimes': [1708554684.0], 'StartTimes': [1708556760.0], 'EndTimes': [1708557867.0], 'TotalUserCpuTimeHistory': [822], 'TotalSysCpuTimeHistory': [17], 'WallDurations': [9.0, 84.12284278869629, 1107.0], 'JobIds': ['105158426.0'], 'State': 'finished', 'RecordedSite': True}, '84': {'Retries': 0, 'Restarts': 0, 'SiteHistory': ['Unknown', 'T2_US_Caltech', 'T2_US_Caltech'], 'ResidentSetSize': [1867204], 'SubmitTimes': [1708554684.0], 'StartTimes': [1708556753.0], 'EndTimes': [1708558832.0], 'TotalUserCpuTimeHistory': [1742], 'TotalSysCpuTimeHistory': [44], 'WallDurations': [8.0, 91.12284278869629, 2079.0], 'JobIds': ['105158427.0'], 'State': 'finished', 'RecordedSite': True}, '83': {'Retries': 0, 'Restarts': 0, 'SiteHistory': ['Unknown', 'T2_US_Caltech', 'T2_US_Caltech'], 'ResidentSetSize': [1631504], 'SubmitTimes': [1708554684.0], 'StartTimes': [1708556768.0], 'EndTimes': [1708560727.0], 'TotalUserCpuTimeHistory': [1914], 'TotalSysCpuTimeHistory': [62], 'WallDurations': [9.0, 76.12284278869629, 3959.0], 'JobIds': ['105158428.0'], 'State': 'finished', 'RecordedSite': True}, '86': {'Retries': 0, 'Restarts': 0, 'SiteHistory': ['Unknown', 'T2_US_Caltech', 'T2_US_Caltech'], 'ResidentSetSize': [1820980], 'SubmitTimes': [1708554684.0], 'StartTimes': [1708556833.0], 'EndTimes': [1708558633.0], 'TotalUserCpuTimeHistory': [1467], 'TotalSysCpuTimeHistory': [40], 'WallDurations': [9.0, 11.122842788696289, 1800.0], 'JobIds': ['105158429.0'], 'State': 'finished', 'RecordedSite': True}, '85': {'Retries': 0, 'Restarts': 0, 'SiteHistory': ['Unknown', 'T2_US_Caltech', 'T2_US_Caltech'], 'ResidentSetSize': [1885792], 'SubmitTimes': [1708554684.0], 'StartTimes': [1708556857.0], 'EndTimes': [1708559133.0], 'TotalUserCpuTimeHistory': [1752], 'TotalSysCpuTimeHistory': [42], 'WallDurations': [9.0, 289.5947070121765, 2276.0], 'JobIds': ['105158430.0'], 'State': 'finished', 'RecordedSite': True}, '91': {'Retries': 0, 'Restarts': 0, 'SiteHistory': ['Unknown', 'T2_US_Caltech', 'T2_US_Caltech'], 'ResidentSetSize': [1827728], 'SubmitTimes': [1708554685.0], 'StartTimes': [1708556875.0], 'EndTimes': [1708559046.0], 'TotalUserCpuTimeHistory': [1643], 'TotalSysCpuTimeHistory': [37], 'WallDurations': [9.0, 271.5947070121765, 2171.0], 'JobIds': ['105158431.0'], 'State': 'finished', 'RecordedSite': True}, '89': {'Retries': 0, 'Restarts': 0, 'SiteHistory': ['Unknown', 'T2_US_Caltech', 'T2_US_Caltech'], 'ResidentSetSize': [1864648], 'SubmitTimes': [1708554685.0], 'StartTimes': [1708556873.0], 'EndTimes': [1708559098.0], 'TotalUserCpuTimeHistory': [1821], 'TotalSysCpuTimeHistory': [42], 'WallDurations': [8.0, 273.5947070121765, 2225.0], 'JobIds': ['105158432.0'], 'State': 'finished', 'RecordedSite': True}, '90': {'Retries': 0, 'Restarts': 0, 'SiteHistory': ['Unknown', 'T2_US_Caltech', 'T2_US_Caltech'], 'ResidentSetSize': [1846728], 'SubmitTimes': [1708554685.0], 'StartTimes': [1708556887.0], 'EndTimes': [1708560809.0], 'TotalUserCpuTimeHistory': [2717], 'TotalSysCpuTimeHistory': [66], 'WallDurations': [9.0, 259.5947070121765, 3922.0], 'JobIds': ['105158433.0'], 'State': 'finished', 'RecordedSite': True}, '88': {'Retries': 0, 'Restarts': 0, 'SiteHistory': ['Unknown', 'T2_US_Caltech', 'T2_US_Caltech'], 'ResidentSetSize': [1866896], 'SubmitTimes': [1708554685.0], 'StartTimes': [1708556892.0], 'EndTimes': [1708558967.0], 'TotalUserCpuTimeHistory': [1709], 'TotalSysCpuTimeHistory': [34], 'WallDurations': [9.0, 254.5947070121765, 2075.0], 'JobIds': ['105158434.0'], 'State': 'finished', 'RecordedSite': True}, '87': {'Retries': 0, 'Restarts': 0, 'SiteHistory': ['Unknown', 'T2_US_Caltech', 'T2_US_Caltech'], 'ResidentSetSize': [1781956], 'SubmitTimes': [1708554685.0], 'StartTimes': [1708556924.0], 'EndTimes': [1708558746.0], 'TotalUserCpuTimeHistory': [1532], 'TotalSysCpuTimeHistory': [51], 'WallDurations': [9.0, 222.5947070121765, 1822.0], 'JobIds': ['105158435.0'], 'State': 'finished', 'RecordedSite': True}, '93': {'Retries': 0, 'Restarts': 0, 'SiteHistory': ['Unknown', 'T2_US_Caltech', 'T2_US_Caltech'], 'ResidentSetSize': [1685416], 'SubmitTimes': [1708554685.0], 'StartTimes': [1708556931.0], 'EndTimes': [1708558462.0], 'TotalUserCpuTimeHistory': [1192], 'TotalSysCpuTimeHistory': [51], 'WallDurations': [10.0, 215.5947070121765, 1531.0], 'JobIds': ['105158436.0'], 'State': 'finished', 'RecordedSite': True}, '92': {'Retries': 0, 'Restarts': 0, 'SiteHistory': ['Unknown', 'T2_US_Caltech', 'T2_US_Caltech'], 'ResidentSetSize': [1539896], 'SubmitTimes': [1708554685.0], 'StartTimes': [1708556933.0], 'EndTimes': [1708557717.0], 'TotalUserCpuTimeHistory': [550], 'TotalSysCpuTimeHistory': [17], 'WallDurations': [9.0, 213.5947070121765, 784.0], 'JobIds': ['105158437.0'], 'State': 'finished', 'RecordedSite': True}, '94': {'Retries': 1, 'Restarts': 0, 'SiteHistory': ['Unknown', 'T2_US_Caltech', 'T2_US_Caltech', 'Unknown', 'T2_DE_DESY', 'T2_DE_DESY'], 'ResidentSetSize': [1737776, 1476904], 'SubmitTimes': [1708554685.0, 1708563027.0], 'StartTimes': [1708556963.0, 1708563191.0], 'EndTimes': [1708561154.0, 1708565868.0], 'TotalUserCpuTimeHistory': [3015, 2307], 'TotalSysCpuTimeHistory': [83, 89], 'WallDurations': [9.0, 183.5947070121765, 4191.0, 9.0, 293.3511862754822, 2677.0], 'JobIds': ['105158438.0', '105161338.0'], 'State': 'finished', 'RecordedSite': True}, '41': {'Retries': 0, 'Restarts': 0, 'SiteHistory': ['Unknown', 'T2_IT_Rome', 'T2_IT_Rome'], 'ResidentSetSize': [1152836], 'SubmitTimes': [1708554685.0], 'StartTimes': [1708555439.0], 'EndTimes': [1708556619.0], 'TotalUserCpuTimeHistory': [959], 'TotalSysCpuTimeHistory': [34], 'WallDurations': [8.0, 198.48400950431824, 1180.0], 'JobIds': ['105158439.0'], 'State': 'finished', 'RecordedSite': True}, '95': {'Retries': 0, 'Restarts': 0, 'SiteHistory': ['Unknown', 'T2_US_Caltech', 'T2_US_Caltech'], 'ResidentSetSize': [1724812], 'SubmitTimes': [1708554685.0], 'StartTimes': [1708556981.0], 'EndTimes': [1708558319.0], 'TotalUserCpuTimeHistory': [1073], 'TotalSysCpuTimeHistory': [26], 'WallDurations': [10.0, 165.5947070121765, 1338.0], 'JobIds': ['105158440.0'], 'State': 'finished', 'RecordedSite': True}}
INFO 2024-02-22 20:24:42.341 UTC: 	 Status on the scheduler:	COMPLETED
INFO 2024-02-22 20:24:42.341 UTC: 	 
Jobs status:                    finished     		100.0% (95/95)
DEBUG 2024-02-22 20:24:42.341 UTC: 	 Encoded data for curl request: subresource=publicationstatus&workflow=240221_223012%3Ambuonsan_crab_SkimB4Mu_2023eraC-v3_stream1_Mini&username=mbuonsan
INFO 2024-02-22 20:24:42.528 UTC: 	 
Output dataset:			/FakeDataset/fakefile-FakePublish-da695e83f24d66e21b4349754eff6ec5/USER
INFO 2024-02-22 20:24:42.528 UTC: 	 
No publication information available yet
INFO 2024-02-22 20:24:42.531 UTC: 	 
Warning: the max jobs runtime is less than 30% of the task requested value (1250 min), please consider to request a lower value for failed jobs (allowed through crab resubmit) and/or improve the jobs splitting (e.g. config.Data.splitting = 'Automatic') in a new task.
INFO 2024-02-22 20:24:42.531 UTC: 	 
Summary of run jobs:
 * Memory: 1684MB min, 1861MB max, 1568MB ave
 * Runtime: 0:04:12 min, 1:27:49 max, 0:34:01 ave
 * CPU eff: 26% min, 93% max, 75% ave
 * Waste: 6:44:44 (11% of total)

DEBUG 2024-02-22 20:24:42.532 UTC: 	 Requesting resubmission of failed jobs in task 240221_223012:mbuonsan_crab_SkimB4Mu_2023eraC-v3_stream1_Mini
ERROR 2024-02-22 20:24:42.532 UTC: 	 Found no jobs to resubmit. Only jobs in status failed can be resubmitted. Jobs in status finished can also be resubmitted, but only if the jobids are specified and the force option is set.
ERROR 2024-02-22 20:24:42.532 UTC: 	 Caught ClientException exception
Traceback (most recent call last):
  File "/cvmfs/cms.cern.ch/share/cms/crab-prod/v3.240110.01/bin/crab.py", line 152, in <module>
    client()
  File "/cvmfs/cms.cern.ch/share/cms/crab-prod/v3.240110.01/bin/crab.py", line 137, in __call__
    returnDict = self.cmd()
  File "/cvmfs/cms.cern.ch/share/cms/crab-prod/v3.240110.01/lib/CRABClient/Commands/resubmit.py", line 65, in __call__
    self.jobids = self.processJobIds(jobList)
  File "/cvmfs/cms.cern.ch/share/cms/crab-prod/v3.240110.01/lib/CRABClient/Commands/resubmit.py", line 171, in processJobIds
    raise ConfigurationException(msg)
CRABClient.ClientExceptions.ConfigurationException: Found no jobs to resubmit. Only jobs in status failed can be resubmitted. Jobs in status finished can also be resubmitted, but only if the jobids are specified and the force option is set.
