DEBUG 2024-02-21 22:28:32.866 UTC: 	 CRAB Client version: v3.240110
DEBUG 2024-02-21 22:28:32.866 UTC: 	 Running on: Linux ui02.recas.ba.infn.it 3.10.0-1160.80.1.el7.x86_64 #1 SMP Tue Nov 8 15:48:59 UTC 2022 x86_64 x86_64 x86_64 GNU/Linux - CentOS Linux 7 (Core)
DEBUG 2024-02-21 22:28:32.866 UTC: 	 Executing command: 'submit'
DEBUG 2024-02-21 22:28:32.866 UTC: 	 Found CRAB cache file /lustrehome/mbuonsante/.crab3
INFO 2024-02-21 22:28:32.867 UTC: 	 Will use CRAB configuration file CRAB_stream_5.py
DEBUG 2024-02-21 22:28:32.867 UTC: 	 Loading CRAB configuration file.
DEBUG 2024-02-21 22:28:32.870 UTC: 	 Will use CRAB plugin ANALYSIS (i.e. will run an analysis job type).
DEBUG 2024-02-21 22:28:32.871 UTC: 	 Checking credentials
DEBUG 2024-02-21 22:28:32.871 UTC: 	 Found proxy file /tmp/x509up_u881331
DEBUG 2024-02-21 22:28:32.871 UTC: 	 Making sure it has proper VOMS extension
DEBUG 2024-02-21 22:28:32.871 UTC: 	 Executing command :
 voms-proxy-info --vo --file /tmp/x509up_u881331
DEBUG 2024-02-21 22:28:34.609 UTC: 	 output : cms

 error: 
 retcode : 0
DEBUG 2024-02-21 22:28:34.609 UTC: 	 Getting proxy life time left
DEBUG 2024-02-21 22:28:34.609 UTC: 	 Executing command :
 voms-proxy-info --actimeleft --timeleft --file /tmp/x509up_u881331
DEBUG 2024-02-21 22:28:36.730 UTC: 	 output : 479501
479500

 error: 
 retcode : 0
DEBUG 2024-02-21 22:28:36.730 UTC: 	 Proxy valid for 133:11:40 hours
DEBUG 2024-02-21 22:28:36.731 UTC: 	 Encoded data for curl request: subresource=delegatedn
DEBUG 2024-02-21 22:28:36.930 UTC: 	 Registering user credentials on myproxy for /DC=ch/DC=cern/OU=computers/CN=crab-(preprod|prod|dev)-tw(01|02|03).cern.ch|/DC=ch/DC=cern/OU=computers/CN=stefanov(m|m2).cern.ch|/DC=ch/DC=cern/OU=computers/CN=dciangot-tw.cern.ch
DEBUG 2024-02-21 22:28:36.930 UTC: 	 Executing command :
 voms-proxy-info --identity --file /tmp/x509up_u881331
DEBUG 2024-02-21 22:28:38.728 UTC: 	 output : /DC=ch/DC=cern/OU=Organic Units/OU=Users/CN=mbuonsan/CN=866052/CN=Marco Buonsante

 error: 
 retcode : 0
DEBUG 2024-02-21 22:28:38.729 UTC: 	 Getting myproxy life time left for db438794163ae221c16ac5cdc1e476b2bc2ff634
DEBUG 2024-02-21 22:28:38.729 UTC: 	 Executing command :
 myproxy-info -s myproxy.cern.ch -l db438794163ae221c16ac5cdc1e476b2bc2ff634
DEBUG 2024-02-21 22:28:39.077 UTC: 	 output : username: db438794163ae221c16ac5cdc1e476b2bc2ff634
owner: /DC=ch/DC=cern/OU=Organic Units/OU=Users/CN=mbuonsan/CN=866052/CN=Marco Buonsante
  renewal policy: /DC=ch/DC=cern/OU=computers/CN=crab-(preprod|prod|dev)-tw(01|02|03).cern.ch|/DC=ch/DC=cern/OU=computers/CN=stefanov(m|m2).cern.ch|/DC=ch/DC=cern/OU=computers/CN=dciangot-tw.cern.ch
  trusted retrieval policy: /DC=ch/DC=cern/OU=computers/CN=crab-(preprod|prod|dev)-tw(01|02|03).cern.ch|/DC=ch/DC=cern/OU=computers/CN=stefanov(m|m2).cern.ch|/DC=ch/DC=cern/OU=computers/CN=dciangot-tw.cern.ch
  timeleft: 493:12:48  (20.6 days)

 error: 
 retcode : 0
DEBUG 2024-02-21 22:28:39.078 UTC: 	 Myproxy is valid: 1775520
DEBUG 2024-02-21 22:28:39.078 UTC: 	 Result of myproxy credential check:
  Credential exists on myproxy: username: db438794163ae221c16ac5cdc1e476b2bc2ff634  - validity: 20 days, 13:12:00
DEBUG 2024-02-21 22:28:39.078 UTC: 	 Command use: submit
DEBUG 2024-02-21 22:28:39.078 UTC: 	 Options use: ['-c', 'CRAB_stream_5.py']
DEBUG 2024-02-21 22:28:39.078 UTC: 	 Encoded data for curl request: subresource=version
DEBUG 2024-02-21 22:28:39.248 UTC: 	 CRABClient version: v3.240110
DEBUG 2024-02-21 22:28:39.248 UTC: 	 Instance is prod
DEBUG 2024-02-21 22:28:39.248 UTC: 	 Server base url is cmsweb.cern.ch
DEBUG 2024-02-21 22:28:39.248 UTC: 	 Command api workflow
DEBUG 2024-02-21 22:28:39.248 UTC: 	 Started submission
DEBUG 2024-02-21 22:28:39.248 UTC: 	 Working on /lustrehome/mbuonsante/B_4mu/CMSSW_13_0_13/src/B4muNtuplizer/CrabSubmission/2023_eraC-v2/crab_projects/crab_SkimB4Mu_2023eraC-v2_stream5_Mini
DEBUG 2024-02-21 22:28:39.248 UTC: 	 Encoded data for curl request: subresource=backendurls
DEBUG 2024-02-21 22:28:39.547 UTC: 	 Loading required information from the environment
DEBUG 2024-02-21 22:28:39.547 UTC: 	 Found CMSSW_13_0_13 for slc7_amd64_gcc11 with base /lustrehome/mbuonsante/B_4mu/CMSSW_13_0_13
DEBUG 2024-02-21 22:28:39.547 UTC: 	 Loading required information from the environment
DEBUG 2024-02-21 22:28:39.547 UTC: 	 Found CMSSW_13_0_13 for slc7_amd64_gcc11 with base /lustrehome/mbuonsante/B_4mu/CMSSW_13_0_13
DEBUG 2024-02-21 22:28:39.547 UTC: 	 UNIQUE NAME: tarUUID 31f90809-b984-4a61-8ca0-6c5bc622e5e5 
DEBUG 2024-02-21 22:28:39.548 UTC: 	 self.config: from WMCore.Configuration import Configuration
config = Configuration()
config.section_('General')
config.General.requestName = 'SkimB4Mu_2023eraC-v2_stream5_Mini'
config.General.workArea = 'crab_projects'
config.General.transferOutputs = True
config.General.transferLogs = False
config.section_('JobType')
config.JobType.allowUndistributedCMSSW = True
config.JobType.pluginName = 'Analysis'
config.JobType.psetName = '/lustrehome/mbuonsante/B_4mu/CMSSW_13_0_13/src/B4muNtuplizer/CrabSubmission/2023_eraC-v2/PatAndTree_cfg.py'
config.section_('Data')
config.Data.allowNonValidInputDataset = True
config.Data.inputDataset = '/ParkingDoubleMuonLowMass5/Run2023C-22Sep2023_v2-v1/MINIAOD'
config.Data.splitting = 'LumiBased'
config.Data.unitsPerJob = 50
config.Data.inputDBS = 'global'
config.Data.outputDatasetTag = 'SkimB4Mu_2023eraC-v2_stream5_Mini'
config.Data.lumiMask = 'https://cms-service-dqmdc.web.cern.ch/CAF/certification/Collisions23/Cert_Collisions2023_eraC_367095_368823_Golden.json'
config.section_('Site')
config.Site.ignoreGlobalBlacklist = True
config.Site.storageSite = 'T2_IT_Bari'
config.section_('User')
config.section_('Debug')

DEBUG 2024-02-21 22:28:39.548 UTC: 	 self.config.JobType.psetName: /lustrehome/mbuonsante/B_4mu/CMSSW_13_0_13/src/B4muNtuplizer/CrabSubmission/2023_eraC-v2/PatAndTree_cfg.py
INFO 2024-02-21 22:28:39.548 UTC: 	 Importing CMSSW configuration /lustrehome/mbuonsante/B_4mu/CMSSW_13_0_13/src/B4muNtuplizer/CrabSubmission/2023_eraC-v2/PatAndTree_cfg.py
INFO 2024-02-21 22:28:41.819 UTC: 	 Finished importing CMSSW configuration /lustrehome/mbuonsante/B_4mu/CMSSW_13_0_13/src/B4muNtuplizer/CrabSubmission/2023_eraC-v2/PatAndTree_cfg.py
DEBUG 2024-02-21 22:28:41.819 UTC: 	 Writing CMSSW configuration to /lustrehome/mbuonsante/B_4mu/CMSSW_13_0_13/src/B4muNtuplizer/CrabSubmission/2023_eraC-v2/crab_projects/crab_SkimB4Mu_2023eraC-v2_stream5_Mini/inputs/PSet.py
DEBUG 2024-02-21 22:28:41.916 UTC: 	 The following EDM output files will be collected: []
DEBUG 2024-02-21 22:28:41.916 UTC: 	 The following TFile output files will be collected: ['TreeData.root']
DEBUG 2024-02-21 22:28:41.916 UTC: 	 The following user output files (not listed as PoolOuputModule or TFileService in the CMSSW PSet) will be collected: 
DEBUG 2024-02-21 22:28:41.916 UTC: 	 Loading required information from the environment
DEBUG 2024-02-21 22:28:41.916 UTC: 	 Found CMSSW_13_0_13 for slc7_amd64_gcc11 with base /lustrehome/mbuonsante/B_4mu/CMSSW_13_0_13
DEBUG 2024-02-21 22:28:41.916 UTC: 	 Making tarball in /lustrehome/mbuonsante/B_4mu/CMSSW_13_0_13/src/B4muNtuplizer/CrabSubmission/2023_eraC-v2/crab_projects/crab_SkimB4Mu_2023eraC-v2_stream5_Mini/inputs/31f90809-b984-4a61-8ca0-6c5bc622e5e5default.tgz
DEBUG 2024-02-21 22:28:41.917 UTC: 	 Checking directory /lustrehome/mbuonsante/B_4mu/CMSSW_13_0_13/bin
DEBUG 2024-02-21 22:28:41.917 UTC: 	 Adding directory /lustrehome/mbuonsante/B_4mu/CMSSW_13_0_13/bin to tarball
DEBUG 2024-02-21 22:28:41.919 UTC: 	 Checking directory /lustrehome/mbuonsante/B_4mu/CMSSW_13_0_13/python
DEBUG 2024-02-21 22:28:41.919 UTC: 	 Adding directory /lustrehome/mbuonsante/B_4mu/CMSSW_13_0_13/python to tarball
DEBUG 2024-02-21 22:28:41.973 UTC: 	 Checking directory /lustrehome/mbuonsante/B_4mu/CMSSW_13_0_13/cfipython
DEBUG 2024-02-21 22:28:41.973 UTC: 	 Adding directory /lustrehome/mbuonsante/B_4mu/CMSSW_13_0_13/cfipython to tarball
DEBUG 2024-02-21 22:28:41.982 UTC: 	 Checking directory /lustrehome/mbuonsante/B_4mu/CMSSW_13_0_13/lib
DEBUG 2024-02-21 22:28:41.982 UTC: 	 Adding directory /lustrehome/mbuonsante/B_4mu/CMSSW_13_0_13/lib to tarball
DEBUG 2024-02-21 22:28:42.477 UTC: 	 Checking directory /lustrehome/mbuonsante/B_4mu/CMSSW_13_0_13/biglib
DEBUG 2024-02-21 22:28:42.477 UTC: 	 Adding directory /lustrehome/mbuonsante/B_4mu/CMSSW_13_0_13/biglib to tarball
DEBUG 2024-02-21 22:28:42.479 UTC: 	 Checking directory /lustrehome/mbuonsante/B_4mu/CMSSW_13_0_13/module
DEBUG 2024-02-21 22:28:42.479 UTC: 	 Checking directory /lustrehome/mbuonsante/B_4mu/CMSSW_13_0_13/config/SCRAM/hooks
DEBUG 2024-02-21 22:28:42.479 UTC: 	 Adding directory /lustrehome/mbuonsante/B_4mu/CMSSW_13_0_13/config/SCRAM/hooks to tarball
DEBUG 2024-02-21 22:28:42.499 UTC: 	 Adding directory /lustrehome/mbuonsante/B_4mu/CMSSW_13_0_13/src/B4muNtuplizer/SkimTools/python to tarball
DEBUG 2024-02-21 22:28:42.509 UTC: 	 Adding directory /lustrehome/mbuonsante/B_4mu/CMSSW_13_0_13/src/CommonTools/CandAlgos/interface to tarball
DEBUG 2024-02-21 22:28:42.515 UTC: 	 Adding directory /lustrehome/mbuonsante/B_4mu/CMSSW_13_0_13/src/CommonTools/CandAlgos/python to tarball
DEBUG 2024-02-21 22:28:42.678 UTC: 	 Uploading archive /lustrehome/mbuonsante/B_4mu/CMSSW_13_0_13/src/B4muNtuplizer/CrabSubmission/2023_eraC-v2/crab_projects/crab_SkimB4Mu_2023eraC-v2_stream5_Mini/inputs/31f90809-b984-4a61-8ca0-6c5bc622e5e5default.tgz (0.644531.1 MB) to the CRAB cache. Using URI https://cmsweb.cern.ch/S3/crabcache_prod
DEBUG 2024-02-21 22:28:43.103 UTC: 	 Encoded data for curl request: subresource=upload&objecttype=sandbox&tarballname=c21f585968b676319b78458a8dfff0d78967d784c1d5d78343c5cdc38d3be0e5.tar.gz
DEBUG 2024-02-21 22:28:43.294 UTC: 	 sandbox c21f585968b676319b78458a8dfff0d78967d784c1d5d78343c5cdc38d3be0e5.tar.gz is already in the S3 store, will not upload again
DEBUG 2024-02-21 22:28:43.294 UTC: 	 Loading required information from the environment
DEBUG 2024-02-21 22:28:43.294 UTC: 	 Found CMSSW_13_0_13 for slc7_amd64_gcc11 with base /lustrehome/mbuonsante/B_4mu/CMSSW_13_0_13
DEBUG 2024-02-21 22:28:43.294 UTC: 	 Making tarball in /lustrehome/mbuonsante/B_4mu/CMSSW_13_0_13/src/B4muNtuplizer/CrabSubmission/2023_eraC-v2/crab_projects/crab_SkimB4Mu_2023eraC-v2_stream5_Mini/inputs/debugFiles.tgz
DEBUG 2024-02-21 22:28:43.300 UTC: 	 Uploading archive /lustrehome/mbuonsante/B_4mu/CMSSW_13_0_13/src/B4muNtuplizer/CrabSubmission/2023_eraC-v2/crab_projects/crab_SkimB4Mu_2023eraC-v2_stream5_Mini/inputs/debugFiles.tgz (2 KB) to the CRAB cache. Using URI https://cmsweb.cern.ch/S3/crabcache_prod
DEBUG 2024-02-21 22:28:43.302 UTC: 	 Encoded data for curl request: subresource=upload&objecttype=sandbox&tarballname=6c6fbf8dc889a26528976493cf58db3f7c586adc54beb829f2b4097cbc31604c.tar.gz
DEBUG 2024-02-21 22:28:43.490 UTC: 	 Will execute:
curl -f -v -X POST  -H "User-Agent: CRAB" -F "key=mbuonsan/sandboxes/6c6fbf8dc889a26528976493cf58db3f7c586adc54beb829f2b4097cbc31604c.tar.gz" -F "AWSAccessKeyId=ab00fcc889f248c495d2875f15a3badb" -F "policy=eyJleHBpcmF0aW9uIjogIjIwMjQtMDItMjFUMjM6Mjg6NDNaIiwgImNvbmRpdGlvbnMiOiBbeyJidWNrZXQiOiAiY3JhYmNhY2hlX3Byb2QifSwgeyJrZXkiOiAibWJ1b25zYW4vc2FuZGJveGVzLzZjNmZiZjhkYzg4OWEyNjUyODk3NjQ5M2NmNThkYjNmN2M1ODZhZGM1NGJlYjgyOWYyYjQwOTdjYmMzMTYwNGMudGFyLmd6In1dfQ==" -F "signature=Uo9AHgITFDm0jUTxzb+a8MdC3bA=" -F "file=@/lustrehome/mbuonsante/B_4mu/CMSSW_13_0_13/src/B4muNtuplizer/CrabSubmission/2023_eraC-v2/crab_projects/crab_SkimB4Mu_2023eraC-v2_stream5_Mini/inputs/debugFiles.tgz" "https://s3.cern.ch/crabcache_prod"
DEBUG 2024-02-21 22:28:43.643 UTC: 	 exitcode: 0
stdout: b''
DEBUG 2024-02-21 22:28:43.643 UTC: 	 sandbox /lustrehome/mbuonsante/B_4mu/CMSSW_13_0_13/src/B4muNtuplizer/CrabSubmission/2023_eraC-v2/crab_projects/crab_SkimB4Mu_2023eraC-v2_stream5_Mini/inputs/debugFiles.tgz successully uploaded to S3
DEBUG 2024-02-21 22:28:43.643 UTC: 	 Result uploading input files: c21f585968b676319b78458a8dfff0d78967d784c1d5d78343c5cdc38d3be0e5.tar.gz 
DEBUG 2024-02-21 22:28:43.643 UTC: 	 Attaching lumi mask https://cms-service-dqmdc.web.cern.ch/CAF/certification/Collisions23/Cert_Collisions2023_eraC_367095_368823_Golden.json to the request
DEBUG 2024-02-21 22:28:43.643 UTC: 	 Downloading lumi-mask from https://cms-service-dqmdc.web.cern.ch/CAF/certification/Collisions23/Cert_Collisions2023_eraC_367095_368823_Golden.json
WARNING 2024-02-21 22:28:43.874 UTC: 	 Warning: The following output files will not be published, as they are not EDM files: ['TreeData.root']
DEBUG 2024-02-21 22:28:43.875 UTC: 	 submit() - self.configuration from WMCore.Configuration import Configuration
config = Configuration()
config.section_('General')
config.General.requestName = 'SkimB4Mu_2023eraC-v2_stream5_Mini'
config.General.workArea = 'crab_projects'
config.General.transferOutputs = True
config.General.transferLogs = False
config.section_('JobType')
config.JobType.allowUndistributedCMSSW = True
config.JobType.pluginName = 'Analysis'
config.JobType.psetName = '/lustrehome/mbuonsante/B_4mu/CMSSW_13_0_13/src/B4muNtuplizer/CrabSubmission/2023_eraC-v2/PatAndTree_cfg.py'
config.section_('Data')
config.Data.allowNonValidInputDataset = True
config.Data.inputDataset = '/ParkingDoubleMuonLowMass5/Run2023C-22Sep2023_v2-v1/MINIAOD'
config.Data.splitting = 'LumiBased'
config.Data.unitsPerJob = 50
config.Data.inputDBS = 'global'
config.Data.outputDatasetTag = 'SkimB4Mu_2023eraC-v2_stream5_Mini'
config.Data.lumiMask = 'https://cms-service-dqmdc.web.cern.ch/CAF/certification/Collisions23/Cert_Collisions2023_eraC_367095_368823_Golden.json'
config.section_('Site')
config.Site.ignoreGlobalBlacklist = True
config.Site.storageSite = 'T2_IT_Bari'
config.section_('User')
config.section_('Debug')

DEBUG 2024-02-21 22:28:43.875 UTC: 	 submit() - self.configreq {'dryrun': 0, 'workflow': 'crab_SkimB4Mu_2023eraC-v2_stream5_Mini', 'saveoutput': 1, 'savelogsflag': 0, 'inputdata': '/ParkingDoubleMuonLowMass5/Run2023C-22Sep2023_v2-v1/MINIAOD', 'primarydataset': '', 'nonvaliddata': 1, 'userfiles': [], 'dbsurl': 'https://cmsweb.cern.ch/dbs/prod/global/DBSReader', 'useparent': 0, 'ignorelocality': 0, 'splitalgo': 'LumiBased', 'algoargs': 50, 'totalunits': 0, 'publication': 1, 'publishdbsurl': 'https://cmsweb.cern.ch/dbs/prod/phys03/DBSWriter', 'publishname2': 'SkimB4Mu_2023eraC-v2_stream5_Mini', 'jobtype': 'Analysis', 'generator': 'pythia', 'addoutputfiles': [], 'maxjobruntime': 1250, 'numcores': 1, 'maxmemory': 2000, 'priority': 10, 'nonprodsw': 1, 'asyncdest': 'T2_IT_Bari', 'requireaccelerator': 0, 'oneEventMode': 0, 'extrajdl': [], 'ignoreglobalblacklist': 1, 'partialdataset': 0, 'inputblocks': []}
DEBUG 2024-02-21 22:28:43.875 UTC: 	 submit() - jobconfig {'addoutputfiles': [], 'tfileoutfiles': ['TreeData.root'], 'edmoutfiles': [], 'jobarch': 'slc7_amd64_gcc11', 'jobsw': 'CMSSW_13_0_13', 'inputdata': '/ParkingDoubleMuonLowMass5/Run2023C-22Sep2023_v2-v1/MINIAOD', 'cacheurl': 'https://cmsweb.cern.ch/S3/crabcache_prod', 'cachefilename': 'c21f585968b676319b78458a8dfff0d78967d784c1d5d78343c5cdc38d3be0e5.tar.gz', 'debugfilename': '6c6fbf8dc889a26528976493cf58db3f7c586adc54beb829f2b4097cbc31604c.tar.gz', 'runs': ['367095', '367100', '367102', '367103', '367104', '367111', '367112', '367127', '367128', '367129', '367130', '367131', '367133', '367228', '367229', '367230', '367231', '367232', '367234', '367260', '367262', '367263', '367264', '367267', '367269', '367270', '367271', '367312', '367314', '367315', '367334', '367336', '367337', '367355', '367406', '367413', '367415', '367416', '367475', '367477', '367515', '367516', '367552', '367553', '367554', '367615', '367618', '367619', '367661', '367662', '367663', '367665', '367666', '367691', '367696', '367699', '367730', '367742', '367758', '367770', '367771', '367772', '367790', '367831', '367836', '367838', '367840', '367881', '367883', '367884', '367902', '367904', '367905', '367906', '367907', '367908', '367910', '368223', '368224', '368229', '368318', '368320', '368321', '368332', '368333', '368343', '368382', '368384', '368388', '368389', '368400', '368410', '368412', '368423', '368451', '368453', '368454', '368489', '368546', '368547', '368548', '368566', '368567', '368609', '368611', '368613', '368636', '368669', '368670', '368672', '368674', '368675', '368676', '368678', '368684', '368685', '368723', '368724', '368746', '368749', '368753', '368762', '368764', '368765', '368822', '368823'], 'lumis': ['1,564', '45,390', '1,75', '1,64', '1,1082', '51,338', '1,1438', '18,350', '1,2,6,6,11,12,14,15', '1,3', '1,2,6,9,13,126,135,167', '1,149', '1,275', '55,280,285,287,292,294,298,304', '1,34', '1,1', '1,22', '1,996', '1,501', '52,69,72,240', '1,42,49,119,123,271', '10,21', '1,847', '45,322', '1,33', '1,961', '1,135', '53,225,227,269', '1,20', '1,893', '26,324', '1,169', '1,1046', '60,63', '48,476', '68,448,450,467,469,746,748,750,752,898,900,1340,1342,1367', '1,97', '1,55', '56,634', '1,1289', '44,668', '1,1236', '49,59', '1,644', '1,312', '53,484', '18,341', '1,300,302,501,503,579', '50,366', '1,18', '1,1', '1,271', '1,11,16,86', '46,204', '1,856,858,1920', '1,151', '48,562', '39,443', '52,767', '47,198', '1,91', '1,6', '1,160', '53,504', '48,588', '1,793', '1,570', '14,152', '1,1050', '1,1011', '42,273', '1,103', '1,48', '1,344', '1,119', '1,358', '1,593', '45,437,445,487', '1,57', '52,569', '37,319', '1,285', '1,337', '1,14', '1,25', '1,328', '37,792', '1,44', '39,444,448,1431,1434,1472', '1,198', '40,271', '49,1501', '1,92', '42,159,161,516', '1,144', '1,5', '1,68,72,1168', '47,791,793,827,829,863,865,899,901,935,937,971,973,1007,1009,1043,1045,1079,1081,1280,1282,1380,1382,1581,1583,1595', '1,659', '1,194,197,702', '1,75,77,86,89,90,93,280,282,1044', '1,1195', '1,31,33,411,414,436', '41,1039', '1,247,249,382', '1,260', '51,819', '42,410', '1,255,306,308', '1,866', '1,12', '1,50', '1,156', '1,171', '40,135', '1,1481', '63,63,97,188', '1,1200', '39,77', '1,169', '1,976', '45,238', '1,1', '1,1386', '45,330,332,908,910,991', '3,35'], 'jobtype': 'Analysis'}
INFO 2024-02-21 22:28:43.875 UTC: 	 Sending the request to the server at cmsweb.cern.ch
DEBUG 2024-02-21 22:28:43.876 UTC: 	 Submitting {'dryrun': 0, 'workflow': 'crab_SkimB4Mu_2023eraC-v2_stream5_Mini', 'saveoutput': 1, 'savelogsflag': 0, 'inputdata': '/ParkingDoubleMuonLowMass5/Run2023C-22Sep2023_v2-v1/MINIAOD', 'primarydataset': '', 'nonvaliddata': 1, 'userfiles': [], 'dbsurl': 'https://cmsweb.cern.ch/dbs/prod/global/DBSReader', 'useparent': 0, 'ignorelocality': 0, 'splitalgo': 'LumiBased', 'algoargs': 50, 'totalunits': 0, 'publication': 1, 'publishdbsurl': 'https://cmsweb.cern.ch/dbs/prod/phys03/DBSWriter', 'publishname2': 'SkimB4Mu_2023eraC-v2_stream5_Mini', 'jobtype': 'Analysis', 'generator': 'pythia', 'addoutputfiles': [], 'maxjobruntime': 1250, 'numcores': 1, 'maxmemory': 2000, 'priority': 10, 'nonprodsw': 1, 'asyncdest': 'T2_IT_Bari', 'requireaccelerator': 0, 'oneEventMode': 0, 'extrajdl': [], 'ignoreglobalblacklist': 1, 'partialdataset': 0, 'inputblocks': [], 'tfileoutfiles': ['TreeData.root'], 'edmoutfiles': [], 'jobarch': 'slc7_amd64_gcc11', 'jobsw': 'CMSSW_13_0_13', 'cacheurl': 'https://cmsweb.cern.ch/S3/crabcache_prod', 'cachefilename': 'c21f585968b676319b78458a8dfff0d78967d784c1d5d78343c5cdc38d3be0e5.tar.gz', 'debugfilename': '6c6fbf8dc889a26528976493cf58db3f7c586adc54beb829f2b4097cbc31604c.tar.gz', 'runs': ['367095', '367100', '367102', '367103', '367104', '367111', '367112', '367127', '367128', '367129', '367130', '367131', '367133', '367228', '367229', '367230', '367231', '367232', '367234', '367260', '367262', '367263', '367264', '367267', '367269', '367270', '367271', '367312', '367314', '367315', '367334', '367336', '367337', '367355', '367406', '367413', '367415', '367416', '367475', '367477', '367515', '367516', '367552', '367553', '367554', '367615', '367618', '367619', '367661', '367662', '367663', '367665', '367666', '367691', '367696', '367699', '367730', '367742', '367758', '367770', '367771', '367772', '367790', '367831', '367836', '367838', '367840', '367881', '367883', '367884', '367902', '367904', '367905', '367906', '367907', '367908', '367910', '368223', '368224', '368229', '368318', '368320', '368321', '368332', '368333', '368343', '368382', '368384', '368388', '368389', '368400', '368410', '368412', '368423', '368451', '368453', '368454', '368489', '368546', '368547', '368548', '368566', '368567', '368609', '368611', '368613', '368636', '368669', '368670', '368672', '368674', '368675', '368676', '368678', '368684', '368685', '368723', '368724', '368746', '368749', '368753', '368762', '368764', '368765', '368822', '368823'], 'lumis': ['1,564', '45,390', '1,75', '1,64', '1,1082', '51,338', '1,1438', '18,350', '1,2,6,6,11,12,14,15', '1,3', '1,2,6,9,13,126,135,167', '1,149', '1,275', '55,280,285,287,292,294,298,304', '1,34', '1,1', '1,22', '1,996', '1,501', '52,69,72,240', '1,42,49,119,123,271', '10,21', '1,847', '45,322', '1,33', '1,961', '1,135', '53,225,227,269', '1,20', '1,893', '26,324', '1,169', '1,1046', '60,63', '48,476', '68,448,450,467,469,746,748,750,752,898,900,1340,1342,1367', '1,97', '1,55', '56,634', '1,1289', '44,668', '1,1236', '49,59', '1,644', '1,312', '53,484', '18,341', '1,300,302,501,503,579', '50,366', '1,18', '1,1', '1,271', '1,11,16,86', '46,204', '1,856,858,1920', '1,151', '48,562', '39,443', '52,767', '47,198', '1,91', '1,6', '1,160', '53,504', '48,588', '1,793', '1,570', '14,152', '1,1050', '1,1011', '42,273', '1,103', '1,48', '1,344', '1,119', '1,358', '1,593', '45,437,445,487', '1,57', '52,569', '37,319', '1,285', '1,337', '1,14', '1,25', '1,328', '37,792', '1,44', '39,444,448,1431,1434,1472', '1,198', '40,271', '49,1501', '1,92', '42,159,161,516', '1,144', '1,5', '1,68,72,1168', '47,791,793,827,829,863,865,899,901,935,937,971,973,1007,1009,1043,1045,1079,1081,1280,1282,1380,1382,1581,1583,1595', '1,659', '1,194,197,702', '1,75,77,86,89,90,93,280,282,1044', '1,1195', '1,31,33,411,414,436', '41,1039', '1,247,249,382', '1,260', '51,819', '42,410', '1,255,306,308', '1,866', '1,12', '1,50', '1,156', '1,171', '40,135', '1,1481', '63,63,97,188', '1,1200', '39,77', '1,169', '1,976', '45,238', '1,1', '1,1386', '45,330,332,908,910,991', '3,35']} 
DEBUG 2024-02-21 22:28:43.877 UTC: 	 Encoded data for curl request: dryrun=0&workflow=crab_SkimB4Mu_2023eraC-v2_stream5_Mini&saveoutput=1&savelogsflag=0&inputdata=%2FParkingDoubleMuonLowMass5%2FRun2023C-22Sep2023_v2-v1%2FMINIAOD&primarydataset=&nonvaliddata=1&dbsurl=https%3A%2F%2Fcmsweb.cern.ch%2Fdbs%2Fprod%2Fglobal%2FDBSReader&useparent=0&ignorelocality=0&splitalgo=LumiBased&algoargs=50&totalunits=0&publication=1&publishdbsurl=https%3A%2F%2Fcmsweb.cern.ch%2Fdbs%2Fprod%2Fphys03%2FDBSWriter&publishname2=SkimB4Mu_2023eraC-v2_stream5_Mini&jobtype=Analysis&generator=pythia&maxjobruntime=1250&numcores=1&maxmemory=2000&priority=10&nonprodsw=1&asyncdest=T2_IT_Bari&requireaccelerator=0&oneEventMode=0&ignoreglobalblacklist=1&partialdataset=0&jobarch=slc7_amd64_gcc11&jobsw=CMSSW_13_0_13&cacheurl=https%3A%2F%2Fcmsweb.cern.ch%2FS3%2Fcrabcache_prod&cachefilename=c21f585968b676319b78458a8dfff0d78967d784c1d5d78343c5cdc38d3be0e5.tar.gz&debugfilename=6c6fbf8dc889a26528976493cf58db3f7c586adc54beb829f2b4097cbc31604c.tar.gz&tfileoutfiles=TreeData.root&runs=367095&runs=367100&runs=367102&runs=367103&runs=367104&runs=367111&runs=367112&runs=367127&runs=367128&runs=367129&runs=367130&runs=367131&runs=367133&runs=367228&runs=367229&runs=367230&runs=367231&runs=367232&runs=367234&runs=367260&runs=367262&runs=367263&runs=367264&runs=367267&runs=367269&runs=367270&runs=367271&runs=367312&runs=367314&runs=367315&runs=367334&runs=367336&runs=367337&runs=367355&runs=367406&runs=367413&runs=367415&runs=367416&runs=367475&runs=367477&runs=367515&runs=367516&runs=367552&runs=367553&runs=367554&runs=367615&runs=367618&runs=367619&runs=367661&runs=367662&runs=367663&runs=367665&runs=367666&runs=367691&runs=367696&runs=367699&runs=367730&runs=367742&runs=367758&runs=367770&runs=367771&runs=367772&runs=367790&runs=367831&runs=367836&runs=367838&runs=367840&runs=367881&runs=367883&runs=367884&runs=367902&runs=367904&runs=367905&runs=367906&runs=367907&runs=367908&runs=367910&runs=368223&runs=368224&runs=368229&runs=368318&runs=368320&runs=368321&runs=368332&runs=368333&runs=368343&runs=368382&runs=368384&runs=368388&runs=368389&runs=368400&runs=368410&runs=368412&runs=368423&runs=368451&runs=368453&runs=368454&runs=368489&runs=368546&runs=368547&runs=368548&runs=368566&runs=368567&runs=368609&runs=368611&runs=368613&runs=368636&runs=368669&runs=368670&runs=368672&runs=368674&runs=368675&runs=368676&runs=368678&runs=368684&runs=368685&runs=368723&runs=368724&runs=368746&runs=368749&runs=368753&runs=368762&runs=368764&runs=368765&runs=368822&runs=368823&lumis=1%2C564&lumis=45%2C390&lumis=1%2C75&lumis=1%2C64&lumis=1%2C1082&lumis=51%2C338&lumis=1%2C1438&lumis=18%2C350&lumis=1%2C2%2C6%2C6%2C11%2C12%2C14%2C15&lumis=1%2C3&lumis=1%2C2%2C6%2C9%2C13%2C126%2C135%2C167&lumis=1%2C149&lumis=1%2C275&lumis=55%2C280%2C285%2C287%2C292%2C294%2C298%2C304&lumis=1%2C34&lumis=1%2C1&lumis=1%2C22&lumis=1%2C996&lumis=1%2C501&lumis=52%2C69%2C72%2C240&lumis=1%2C42%2C49%2C119%2C123%2C271&lumis=10%2C21&lumis=1%2C847&lumis=45%2C322&lumis=1%2C33&lumis=1%2C961&lumis=1%2C135&lumis=53%2C225%2C227%2C269&lumis=1%2C20&lumis=1%2C893&lumis=26%2C324&lumis=1%2C169&lumis=1%2C1046&lumis=60%2C63&lumis=48%2C476&lumis=68%2C448%2C450%2C467%2C469%2C746%2C748%2C750%2C752%2C898%2C900%2C1340%2C1342%2C1367&lumis=1%2C97&lumis=1%2C55&lumis=56%2C634&lumis=1%2C1289&lumis=44%2C668&lumis=1%2C1236&lumis=49%2C59&lumis=1%2C644&lumis=1%2C312&lumis=53%2C484&lumis=18%2C341&lumis=1%2C300%2C302%2C501%2C503%2C579&lumis=50%2C366&lumis=1%2C18&lumis=1%2C1&lumis=1%2C271&lumis=1%2C11%2C16%2C86&lumis=46%2C204&lumis=1%2C856%2C858%2C1920&lumis=1%2C151&lumis=48%2C562&lumis=39%2C443&lumis=52%2C767&lumis=47%2C198&lumis=1%2C91&lumis=1%2C6&lumis=1%2C160&lumis=53%2C504&lumis=48%2C588&lumis=1%2C793&lumis=1%2C570&lumis=14%2C152&lumis=1%2C1050&lumis=1%2C1011&lumis=42%2C273&lumis=1%2C103&lumis=1%2C48&lumis=1%2C344&lumis=1%2C119&lumis=1%2C358&lumis=1%2C593&lumis=45%2C437%2C445%2C487&lumis=1%2C57&lumis=52%2C569&lumis=37%2C319&lumis=1%2C285&lumis=1%2C337&lumis=1%2C14&lumis=1%2C25&lumis=1%2C328&lumis=37%2C792&lumis=1%2C44&lumis=39%2C444%2C448%2C1431%2C1434%2C1472&lumis=1%2C198&lumis=40%2C271&lumis=49%2C1501&lumis=1%2C92&lumis=42%2C159%2C161%2C516&lumis=1%2C144&lumis=1%2C5&lumis=1%2C68%2C72%2C1168&lumis=47%2C791%2C793%2C827%2C829%2C863%2C865%2C899%2C901%2C935%2C937%2C971%2C973%2C1007%2C1009%2C1043%2C1045%2C1079%2C1081%2C1280%2C1282%2C1380%2C1382%2C1581%2C1583%2C1595&lumis=1%2C659&lumis=1%2C194%2C197%2C702&lumis=1%2C75%2C77%2C86%2C89%2C90%2C93%2C280%2C282%2C1044&lumis=1%2C1195&lumis=1%2C31%2C33%2C411%2C414%2C436&lumis=41%2C1039&lumis=1%2C247%2C249%2C382&lumis=1%2C260&lumis=51%2C819&lumis=42%2C410&lumis=1%2C255%2C306%2C308&lumis=1%2C866&lumis=1%2C12&lumis=1%2C50&lumis=1%2C156&lumis=1%2C171&lumis=40%2C135&lumis=1%2C1481&lumis=63%2C63%2C97%2C188&lumis=1%2C1200&lumis=39%2C77&lumis=1%2C169&lumis=1%2C976&lumis=45%2C238&lumis=1%2C1&lumis=1%2C1386&lumis=45%2C330%2C332%2C908%2C910%2C991&lumis=3%2C35
DEBUG 2024-02-21 22:28:44.104 UTC: 	 Result: {'result': [{'RequestName': '240221_222844:mbuonsan_crab_SkimB4Mu_2023eraC-v2_stream5_Mini'}]}
INFO 2024-02-21 22:28:44.105 UTC: 	 Success: Your task has been delivered to the prod CRAB3 server.
INFO 2024-02-21 22:28:44.106 UTC: 	 Task name: 240221_222844:mbuonsan_crab_SkimB4Mu_2023eraC-v2_stream5_Mini
INFO 2024-02-21 22:28:44.106 UTC: 	 Project dir: crab_projects/crab_SkimB4Mu_2023eraC-v2_stream5_Mini
INFO 2024-02-21 22:28:44.106 UTC: 	 Please use ' crab status -d crab_projects/crab_SkimB4Mu_2023eraC-v2_stream5_Mini ' to check how the submission process proceeds.
DEBUG 2024-02-21 22:28:44.106 UTC: 	 About to return
INFO 2024-02-21 22:28:44.111 UTC: 	 Log file is /lustrehome/mbuonsante/B_4mu/CMSSW_13_0_13/src/B4muNtuplizer/CrabSubmission/2023_eraC-v2/crab_projects/crab_SkimB4Mu_2023eraC-v2_stream5_Mini/crab.log
DEBUG 2024-02-22 18:05:02.554 UTC: 	 CRAB Client version: v3.240110
DEBUG 2024-02-22 18:05:02.554 UTC: 	 Running on: Linux ui02.recas.ba.infn.it 3.10.0-1160.80.1.el7.x86_64 #1 SMP Tue Nov 8 15:48:59 UTC 2022 x86_64 x86_64 x86_64 GNU/Linux - CentOS Linux 7 (Core)
DEBUG 2024-02-22 18:05:02.554 UTC: 	 Executing command: 'resubmit'
DEBUG 2024-02-22 18:05:02.554 UTC: 	 Found CRAB cache file /lustrehome/mbuonsante/.crab3
DEBUG 2024-02-22 18:05:02.574 UTC: 	 Checking credentials
DEBUG 2024-02-22 18:05:02.574 UTC: 	 Found proxy file /tmp/x509up_u881331
DEBUG 2024-02-22 18:05:02.574 UTC: 	 Making sure it has proper VOMS extension
DEBUG 2024-02-22 18:05:02.574 UTC: 	 Executing command :
 voms-proxy-info --vo --file /tmp/x509up_u881331
DEBUG 2024-02-22 18:05:03.964 UTC: 	 output : cms

 error: 
 retcode : 0
DEBUG 2024-02-22 18:05:03.965 UTC: 	 Getting proxy life time left
DEBUG 2024-02-22 18:05:03.965 UTC: 	 Executing command :
 voms-proxy-info --actimeleft --timeleft --file /tmp/x509up_u881331
DEBUG 2024-02-22 18:05:05.254 UTC: 	 output : 408912
408911

 error: 
 retcode : 0
DEBUG 2024-02-22 18:05:05.254 UTC: 	 Proxy valid for 113:35:11 hours
DEBUG 2024-02-22 18:05:05.254 UTC: 	 Encoded data for curl request: subresource=delegatedn
DEBUG 2024-02-22 18:05:05.461 UTC: 	 Registering user credentials on myproxy for /DC=ch/DC=cern/OU=computers/CN=crab-(preprod|prod|dev)-tw(01|02|03).cern.ch|/DC=ch/DC=cern/OU=computers/CN=stefanov(m|m2).cern.ch|/DC=ch/DC=cern/OU=computers/CN=dciangot-tw.cern.ch
DEBUG 2024-02-22 18:05:05.461 UTC: 	 Executing command :
 voms-proxy-info --identity --file /tmp/x509up_u881331
DEBUG 2024-02-22 18:05:06.731 UTC: 	 output : /DC=ch/DC=cern/OU=Organic Units/OU=Users/CN=mbuonsan/CN=866052/CN=Marco Buonsante

 error: 
 retcode : 0
DEBUG 2024-02-22 18:05:06.731 UTC: 	 Getting myproxy life time left for db438794163ae221c16ac5cdc1e476b2bc2ff634
DEBUG 2024-02-22 18:05:06.731 UTC: 	 Executing command :
 myproxy-info -s myproxy.cern.ch -l db438794163ae221c16ac5cdc1e476b2bc2ff634
DEBUG 2024-02-22 18:05:07.065 UTC: 	 output : username: db438794163ae221c16ac5cdc1e476b2bc2ff634
owner: /DC=ch/DC=cern/OU=Organic Units/OU=Users/CN=mbuonsan/CN=866052/CN=Marco Buonsante
  renewal policy: /DC=ch/DC=cern/OU=computers/CN=crab-(preprod|prod|dev)-tw(01|02|03).cern.ch|/DC=ch/DC=cern/OU=computers/CN=stefanov(m|m2).cern.ch|/DC=ch/DC=cern/OU=computers/CN=dciangot-tw.cern.ch
  trusted retrieval policy: /DC=ch/DC=cern/OU=computers/CN=crab-(preprod|prod|dev)-tw(01|02|03).cern.ch|/DC=ch/DC=cern/OU=computers/CN=stefanov(m|m2).cern.ch|/DC=ch/DC=cern/OU=computers/CN=dciangot-tw.cern.ch
  timeleft: 473:36:20  (19.7 days)

 error: 
 retcode : 0
DEBUG 2024-02-22 18:05:07.065 UTC: 	 Myproxy is valid: 1704960
DEBUG 2024-02-22 18:05:07.065 UTC: 	 Result of myproxy credential check:
  Credential exists on myproxy: username: db438794163ae221c16ac5cdc1e476b2bc2ff634  - validity: 19 days, 17:36:00
DEBUG 2024-02-22 18:05:07.066 UTC: 	 Encoded data for curl request: subresource=search&workflow=240221_222844%3Ambuonsan_crab_SkimB4Mu_2023eraC-v2_stream5_Mini
DEBUG 2024-02-22 18:05:07.336 UTC: 	 Command use: resubmit
DEBUG 2024-02-22 18:05:07.336 UTC: 	 Options use: ['-d', 'crab_projects/crab_SkimB4Mu_2023eraC-v2_stream5_Mini']
DEBUG 2024-02-22 18:05:07.336 UTC: 	 Encoded data for curl request: subresource=version
DEBUG 2024-02-22 18:05:07.510 UTC: 	 CRABClient version: v3.240110
DEBUG 2024-02-22 18:05:07.510 UTC: 	 Instance is prod
DEBUG 2024-02-22 18:05:07.510 UTC: 	 Server base url is cmsweb.cern.ch
DEBUG 2024-02-22 18:05:07.510 UTC: 	 Command api workflow
DEBUG 2024-02-22 18:05:07.524 UTC: 	 CRAB Client version: v3.240110
DEBUG 2024-02-22 18:05:07.524 UTC: 	 Running on: Linux ui02.recas.ba.infn.it 3.10.0-1160.80.1.el7.x86_64 #1 SMP Tue Nov 8 15:48:59 UTC 2022 x86_64 x86_64 x86_64 GNU/Linux - CentOS Linux 7 (Core)
DEBUG 2024-02-22 18:05:07.524 UTC: 	 Executing command: 'status'
DEBUG 2024-02-22 18:05:07.524 UTC: 	 Found CRAB cache file /lustrehome/mbuonsante/.crab3
DEBUG 2024-02-22 18:05:07.527 UTC: 	 Checking credentials
DEBUG 2024-02-22 18:05:07.527 UTC: 	 Found proxy file /tmp/x509up_u881331
DEBUG 2024-02-22 18:05:07.527 UTC: 	 Making sure it has proper VOMS extension
DEBUG 2024-02-22 18:05:07.527 UTC: 	 Executing command :
 voms-proxy-info --vo --file /tmp/x509up_u881331
DEBUG 2024-02-22 18:05:08.745 UTC: 	 output : cms

 error: 
 retcode : 0
DEBUG 2024-02-22 18:05:08.746 UTC: 	 Getting proxy life time left
DEBUG 2024-02-22 18:05:08.746 UTC: 	 Executing command :
 voms-proxy-info --actimeleft --timeleft --file /tmp/x509up_u881331
DEBUG 2024-02-22 18:05:10.017 UTC: 	 output : 408907
408906

 error: 
 retcode : 0
DEBUG 2024-02-22 18:05:10.017 UTC: 	 Proxy valid for 113:35:06 hours
DEBUG 2024-02-22 18:05:10.017 UTC: 	 Encoded data for curl request: subresource=delegatedn
DEBUG 2024-02-22 18:05:10.241 UTC: 	 Registering user credentials on myproxy for /DC=ch/DC=cern/OU=computers/CN=crab-(preprod|prod|dev)-tw(01|02|03).cern.ch|/DC=ch/DC=cern/OU=computers/CN=stefanov(m|m2).cern.ch|/DC=ch/DC=cern/OU=computers/CN=dciangot-tw.cern.ch
DEBUG 2024-02-22 18:05:10.241 UTC: 	 Executing command :
 voms-proxy-info --identity --file /tmp/x509up_u881331
DEBUG 2024-02-22 18:05:11.549 UTC: 	 output : /DC=ch/DC=cern/OU=Organic Units/OU=Users/CN=mbuonsan/CN=866052/CN=Marco Buonsante

 error: 
 retcode : 0
DEBUG 2024-02-22 18:05:11.550 UTC: 	 Getting myproxy life time left for db438794163ae221c16ac5cdc1e476b2bc2ff634
DEBUG 2024-02-22 18:05:11.550 UTC: 	 Executing command :
 myproxy-info -s myproxy.cern.ch -l db438794163ae221c16ac5cdc1e476b2bc2ff634
DEBUG 2024-02-22 18:05:11.890 UTC: 	 output : username: db438794163ae221c16ac5cdc1e476b2bc2ff634
owner: /DC=ch/DC=cern/OU=Organic Units/OU=Users/CN=mbuonsan/CN=866052/CN=Marco Buonsante
  renewal policy: /DC=ch/DC=cern/OU=computers/CN=crab-(preprod|prod|dev)-tw(01|02|03).cern.ch|/DC=ch/DC=cern/OU=computers/CN=stefanov(m|m2).cern.ch|/DC=ch/DC=cern/OU=computers/CN=dciangot-tw.cern.ch
  trusted retrieval policy: /DC=ch/DC=cern/OU=computers/CN=crab-(preprod|prod|dev)-tw(01|02|03).cern.ch|/DC=ch/DC=cern/OU=computers/CN=stefanov(m|m2).cern.ch|/DC=ch/DC=cern/OU=computers/CN=dciangot-tw.cern.ch
  timeleft: 473:36:16  (19.7 days)

 error: 
 retcode : 0
DEBUG 2024-02-22 18:05:11.890 UTC: 	 Myproxy is valid: 1704960
DEBUG 2024-02-22 18:05:11.890 UTC: 	 Result of myproxy credential check:
  Credential exists on myproxy: username: db438794163ae221c16ac5cdc1e476b2bc2ff634  - validity: 19 days, 17:36:00
DEBUG 2024-02-22 18:05:11.890 UTC: 	 Retrieving username ...
DEBUG 2024-02-22 18:05:11.890 UTC: 	 Retrieving username from CRIC...
DEBUG 2024-02-22 18:05:12.848 UTC: 	 username is mbuonsan
INFO 2024-02-22 18:05:13.923 UTC: 	 Rucio client intialized for account mbuonsan
DEBUG 2024-02-22 18:05:13.923 UTC: 	 Command use: status
DEBUG 2024-02-22 18:05:13.923 UTC: 	 Options use: []
DEBUG 2024-02-22 18:05:13.923 UTC: 	 Encoded data for curl request: subresource=version
DEBUG 2024-02-22 18:05:14.089 UTC: 	 CRABClient version: v3.240110
DEBUG 2024-02-22 18:05:14.089 UTC: 	 Instance is prod
DEBUG 2024-02-22 18:05:14.089 UTC: 	 Server base url is cmsweb.cern.ch
DEBUG 2024-02-22 18:05:14.089 UTC: 	 Command api workflow
DEBUG 2024-02-22 18:05:14.090 UTC: 	 Encoded data for curl request: subresource=search&workflow=240221_222844%3Ambuonsan_crab_SkimB4Mu_2023eraC-v2_stream5_Mini
DEBUG 2024-02-22 18:05:14.294 UTC: 	 Got information from server oracle database: {'desc': {'columns': ['tm_taskname', 'tm_activity', 'panda_jobset_id', 'tm_task_status', 'tm_task_command', 'tm_start_time', 'tm_start_injection', 'tm_end_injection', 'tm_task_failure', 'tm_job_sw', 'tm_job_arch', 'tm_input_dataset', 'tm_nonvalid_input_dataset', 'tm_use_parent', 'tm_site_whitelist', 'tm_site_blacklist', 'tm_split_algo', 'tm_split_args', 'tm_user_sandbox', 'tm_cache_url', 'tm_username', 'tm_user_dn', 'tm_user_vo', 'tm_user_role', 'tm_user_group', 'tm_publish_name', 'tm_publish_groupname', 'tm_asyncdest', 'tm_dbs_url', 'tm_publish_dbs_url', 'tm_publication', 'tm_outfiles', 'tm_tfile_outfiles', 'tm_edm_outfiles', 'tm_job_type', 'tm_generator', 'tm_events_per_lumi', 'tm_arguments', 'panda_resubmitted_jobs', 'tm_save_logs', 'tw_name', 'tm_user_infiles', 'tm_maxjobruntime', 'tm_numcores', 'tm_maxmemory', 'tm_priority', 'tm_output_dataset', 'tm_task_warnings', 'tm_user_webdir', 'tm_scriptexe', 'tm_scriptargs', 'tm_extrajdl', 'tm_asourl', 'tm_collector', 'tm_schedd', 'tm_dry_run', 'tm_user_files', 'tm_transfer_outputs', 'tm_output_lfn', 'tm_ignore_locality', 'tm_fail_limit', 'tm_one_event_mode', 'tm_secondary_input_dataset', 'tm_primary_dataset', 'tm_last_publication', 'tm_debug_files', 'clusterid', 'tm_asodb', 'tm_ignore_global_blacklist', 'tm_submitter_ip_addr', 'tm_totalunits', 'tm_ddm_reqid', 'tm_user_config', 'tm_transfer_container', 'tm_transfer_rule', 'tm_publish_rule', 'tm_multipub_rule']}, 'result': ['240221_222844:mbuonsan_crab_SkimB4Mu_2023eraC-v2_stream5_Mini', 'None', 'None', 'SUBMITTED', 'SUBMIT', '2024-02-21 22:28:44.081446', 'None', '2024-02-21 22:30:05.750341', 'None', 'CMSSW_13_0_13', 'slc7_amd64_gcc11', '/ParkingDoubleMuonLowMass5/Run2023C-22Sep2023_v2-v1/MINIAOD', 'T', '0', '[]', '[]', 'LumiBased', "{'halt_job_on_file_boundaries': False, 'splitOnRun': False, 'lumis_per_job': 50, 'runs': ['367095', '367100', '367102', '367103', '367104', '367111', '367112', '367127', '367128', '367129', '367130', '367131', '367133', '367228', '367229', '367230', '367231', '367232', '367234', '367260', '367262', '367263', '367264', '367267', '367269', '367270', '367271', '367312', '367314', '367315', '367334', '367336', '367337', '367355', '367406', '367413', '367415', '367416', '367475', '367477', '367515', '367516', '367552', '367553', '367554', '367615', '367618', '367619', '367661', '367662', '367663', '367665', '367666', '367691', '367696', '367699', '367730', '367742', '367758', '367770', '367771', '367772', '367790', '367831', '367836', '367838', '367840', '367881', '367883', '367884', '367902', '367904', '367905', '367906', '367907', '367908', '367910', '368223', '368224', '368229', '368318', '368320', '368321', '368332', '368333', '368343', '368382', '368384', '368388', '368389', '368400', '368410', '368412', '368423', '368451', '368453', '368454', '368489', '368546', '368547', '368548', '368566', '368567', '368609', '368611', '368613', '368636', '368669', '368670', '368672', '368674', '368675', '368676', '368678', '368684', '368685', '368723', '368724', '368746', '368749', '368753', '368762', '368764', '368765', '368822', '368823'], 'lumis': ['1,564', '45,390', '1,75', '1,64', '1,1082', '51,338', '1,1438', '18,350', '1,2,6,6,11,12,14,15', '1,3', '1,2,6,9,13,126,135,167', '1,149', '1,275', '55,280,285,287,292,294,298,304', '1,34', '1,1', '1,22', '1,996', '1,501', '52,69,72,240', '1,42,49,119,123,271', '10,21', '1,847', '45,322', '1,33', '1,961', '1,135', '53,225,227,269', '1,20', '1,893', '26,324', '1,169', '1,1046', '60,63', '48,476', '68,448,450,467,469,746,748,750,752,898,900,1340,1342,1367', '1,97', '1,55', '56,634', '1,1289', '44,668', '1,1236', '49,59', '1,644', '1,312', '53,484', '18,341', '1,300,302,501,503,579', '50,366', '1,18', '1,1', '1,271', '1,11,16,86', '46,204', '1,856,858,1920', '1,151', '48,562', '39,443', '52,767', '47,198', '1,91', '1,6', '1,160', '53,504', '48,588', '1,793', '1,570', '14,152', '1,1050', '1,1011', '42,273', '1,103', '1,48', '1,344', '1,119', '1,358', '1,593', '45,437,445,487', '1,57', '52,569', '37,319', '1,285', '1,337', '1,14', '1,25', '1,328', '37,792', '1,44', '39,444,448,1431,1434,1472', '1,198', '40,271', '49,1501', '1,92', '42,159,161,516', '1,144', '1,5', '1,68,72,1168', '47,791,793,827,829,863,865,899,901,935,937,971,973,1007,1009,1043,1045,1079,1081,1280,1282,1380,1382,1581,1583,1595', '1,659', '1,194,197,702', '1,75,77,86,89,90,93,280,282,1044', '1,1195', '1,31,33,411,414,436', '41,1039', '1,247,249,382', '1,260', '51,819', '42,410', '1,255,306,308', '1,866', '1,12', '1,50', '1,156', '1,171', '40,135', '1,1481', '63,63,97,188', '1,1200', '39,77', '1,169', '1,976', '45,238', '1,1', '1,1386', '45,330,332,908,910,991', '3,35']}", 'c21f585968b676319b78458a8dfff0d78967d784c1d5d78343c5cdc38d3be0e5.tar.gz', 'https://cmsweb.cern.ch/S3/crabcache_prod', 'mbuonsan', '/DC=ch/DC=cern/OU=Organic Units/OU=Users/CN=mbuonsan/CN=866052/CN=Marco Buonsante', 'cms', 'None', 'None', 'SkimB4Mu_2023eraC-v2_stream5_Mini-00000000000000000000000000000000', 'F', 'T2_IT_Bari', 'https://cmsweb.cern.ch/dbs/prod/global/DBSReader', 'https://cmsweb.cern.ch/dbs/prod/phys03/DBSWriter', 'T', '[]', "['TreeData.root']", '[]', 'Analysis', 'pythia', 'None', '{}', 'None', 'F', 'crab-prod-tw01', '[]', '1250', '1', '2000', '10', "['/FakeDataset/fakefile-FakePublish-24c3bb60e1d51a42704b168d8b315bff/USER']", '[]', 'http://vocms0121.cern.ch/mon/mbuonsan/240221_222844:mbuonsan_crab_SkimB4Mu_2023eraC-v2_stream5_Mini', 'None', '[]', '[]', 'None', 'cmsgwms-collector-global.cern.ch:9620,cmsgwms-collector-global.fnal.gov:9620', 'crab3@vocms0121.cern.ch', 'F', '[]', 'T', '/store/user/mbuonsan/', 'F', 'None', 'F', 'None', 'ParkingDoubleMuonLowMass5', 'None', '6c6fbf8dc889a26528976493cf58db3f7c586adc54beb829f2b4097cbc31604c.tar.gz', '101430962', 'None', 'T', '188.184.75.82', '0.0', 'None', '{"partialdataset": false, "requireaccelerator": false, "acceleratorparams": null, "inputblocks": null}', 'None', 'None', 'None', 'None']}
INFO 2024-02-22 18:05:14.294 UTC: 	 CRAB project directory:		/lustrehome/mbuonsante/B_4mu/CMSSW_13_0_13/src/B4muNtuplizer/CrabSubmission/2023_eraC-v2/crab_projects/crab_SkimB4Mu_2023eraC-v2_stream5_Mini
INFO 2024-02-22 18:05:14.294 UTC: 	 Task name:			240221_222844:mbuonsan_crab_SkimB4Mu_2023eraC-v2_stream5_Mini
INFO 2024-02-22 18:05:14.294 UTC: 	 Grid scheduler - Task Worker:	crab3@vocms0121.cern.ch - crab-prod-tw01
INFO 2024-02-22 18:05:14.294 UTC: 	 Status on the CRAB server:	SUBMITTED
INFO 2024-02-22 18:05:14.294 UTC: 	 Task URL to use for HELP:	https://cmsweb.cern.ch/crabserver/ui/task/240221_222844%3Ambuonsan_crab_SkimB4Mu_2023eraC-v2_stream5_Mini
INFO 2024-02-22 18:05:14.313 UTC: 	 Dashboard monitoring URL:	https://monit-grafana.cern.ch/d/cmsTMDetail/cms-task-monitoring-task-view?orgId=11&var-user=mbuonsan&var-task=240221_222844%3Ambuonsan_crab_SkimB4Mu_2023eraC-v2_stream5_Mini&from=1708550924000&to=now
DEBUG 2024-02-22 18:05:14.313 UTC: 	 The CRAB server submitted your task to the Grid scheduler (cluster ID: 101430962)
DEBUG 2024-02-22 18:05:14.313 UTC: 	 Webdir is located at http://vocms0121.cern.ch/mon/mbuonsan/240221_222844:mbuonsan_crab_SkimB4Mu_2023eraC-v2_stream5_Mini
DEBUG 2024-02-22 18:05:14.314 UTC: 	 Encoded data for curl request: subresource=webdirprx&workflow=240221_222844%3Ambuonsan_crab_SkimB4Mu_2023eraC-v2_stream5_Mini
DEBUG 2024-02-22 18:05:14.517 UTC: 	 Proxied webdir is located at https://cmsweb.cern.ch:8443/scheddmon/0121/mbuonsan/240221_222844:mbuonsan_crab_SkimB4Mu_2023eraC-v2_stream5_Mini
DEBUG 2024-02-22 18:05:14.517 UTC: 	 Retrieving 'status_cache' file from https://cmsweb.cern.ch:8443/scheddmon/0121/mbuonsan/240221_222844:mbuonsan_crab_SkimB4Mu_2023eraC-v2_stream5_Mini/status_cache.pkl
DEBUG 2024-02-22 18:05:14.517 UTC: 	 Will execute:
curl -sS --capath /etc/grid-security/certificates --cert /tmp/x509up_u881331 --key /tmp/x509up_u881331 -o /tmp/crab_status-cache-djuy4eah.pkl -w %"{http_code}" "https://cmsweb.cern.ch:8443/scheddmon/0121/mbuonsan/240221_222844:mbuonsan_crab_SkimB4Mu_2023eraC-v2_stream5_Mini/status_cache.pkl"
DEBUG 2024-02-22 18:05:14.517 UTC: 	 Executing command :
 curl -sS --capath /etc/grid-security/certificates --cert /tmp/x509up_u881331 --key /tmp/x509up_u881331 -o /tmp/crab_status-cache-djuy4eah.pkl -w %"{http_code}" "https://cmsweb.cern.ch:8443/scheddmon/0121/mbuonsan/240221_222844:mbuonsan_crab_SkimB4Mu_2023eraC-v2_stream5_Mini/status_cache.pkl"
DEBUG 2024-02-22 18:05:14.740 UTC: 	 output : 200
 error: 
 retcode : 0
DEBUG 2024-02-22 18:05:14.740 UTC: 	 exitcode: 0
stdout: 200
stderr: 
error details: 
DEBUG 2024-02-22 18:05:14.741 UTC: 	 Got information from status cache file: {'1': {'Retries': 0, 'Restarts': 0, 'SiteHistory': ['Unknown', 'T1_US_FNAL', 'T1_US_FNAL'], 'ResidentSetSize': [1123120], 'SubmitTimes': [1708554612.0], 'StartTimes': [1708555404.0], 'EndTimes': [1708556907.0], 'TotalUserCpuTimeHistory': [1268], 'TotalSysCpuTimeHistory': [35], 'WallDurations': [9.0, 169.00623226165771, 1503.0], 'JobIds': ['101430965.0'], 'State': 'finished', 'RecordedSite': True}, '5': {'Retries': 0, 'Restarts': 0, 'SiteHistory': ['Unknown', 'T1_US_FNAL', 'T1_US_FNAL'], 'ResidentSetSize': [1511016], 'SubmitTimes': [1708554612.0], 'StartTimes': [1708555406.0], 'EndTimes': [1708558601.0], 'TotalUserCpuTimeHistory': [2798], 'TotalSysCpuTimeHistory': [128], 'WallDurations': [9.0, 167.00623226165771, 3195.0], 'JobIds': ['101430966.0'], 'State': 'finished', 'RecordedSite': True}, '8': {'Retries': 1, 'Restarts': 0, 'SiteHistory': ['Unknown', 'T1_US_FNAL', 'T1_US_FNAL', 'T1_US_FNAL', 'T1_US_FNAL'], 'ResidentSetSize': [1135544, 1120304], 'SubmitTimes': [1708554612.0, 1708559958.0], 'StartTimes': [1708555394.0, 1708559974.0], 'EndTimes': [1708558081.0, 1708563251.0], 'TotalUserCpuTimeHistory': [2390, 2410], 'TotalSysCpuTimeHistory': [61, 66], 'WallDurations': [9.0, 179.00623226165771, 2687.0, 10.0, 3277.0], 'JobIds': ['101430967.0', '101432990.0'], 'State': 'finished', 'RecordedSite': True}, '2': {'Retries': 0, 'Restarts': 0, 'SiteHistory': ['Unknown', 'T1_US_FNAL', 'T1_US_FNAL'], 'ResidentSetSize': [1122144], 'SubmitTimes': [1708554612.0], 'StartTimes': [1708555407.0], 'EndTimes': [1708557053.0], 'TotalUserCpuTimeHistory': [1162], 'TotalSysCpuTimeHistory': [29], 'WallDurations': [9.0, 166.00623226165771, 1646.0], 'JobIds': ['101430968.0'], 'State': 'finished', 'RecordedSite': True}, '3': {'Retries': 0, 'Restarts': 0, 'SiteHistory': ['Unknown', 'T1_US_FNAL', 'T1_US_FNAL'], 'ResidentSetSize': [1116212], 'SubmitTimes': [1708554612.0], 'StartTimes': [1708555406.0], 'EndTimes': [1708557496.0], 'TotalUserCpuTimeHistory': [1782], 'TotalSysCpuTimeHistory': [48], 'WallDurations': [9.0, 167.00623226165771, 2090.0], 'JobIds': ['101430969.0'], 'State': 'finished', 'RecordedSite': True}, '4': {'Retries': 0, 'Restarts': 0, 'SiteHistory': ['Unknown', 'T1_US_FNAL', 'T1_US_FNAL'], 'ResidentSetSize': [953728], 'SubmitTimes': [1708554612.0], 'StartTimes': [1708555404.0], 'EndTimes': [1708555965.0], 'TotalUserCpuTimeHistory': [409], 'TotalSysCpuTimeHistory': [14], 'WallDurations': [9.0, 169.00623226165771, 561.0], 'JobIds': ['101430970.0'], 'State': 'finished', 'RecordedSite': True}, '6': {'Retries': 0, 'Restarts': 0, 'SiteHistory': ['Unknown', 'T1_US_FNAL', 'T1_US_FNAL'], 'ResidentSetSize': [1249104], 'SubmitTimes': [1708554612.0], 'StartTimes': [1708555390.0], 'EndTimes': [1708557385.0], 'TotalUserCpuTimeHistory': [1500], 'TotalSysCpuTimeHistory': [33], 'WallDurations': [9.0, 183.00623226165771, 1995.0], 'JobIds': ['101430971.0'], 'State': 'finished', 'RecordedSite': True}, '7': {'Retries': 0, 'Restarts': 0, 'SiteHistory': ['Unknown', 'T1_US_FNAL', 'T1_US_FNAL'], 'ResidentSetSize': [1227796], 'SubmitTimes': [1708554612.0], 'StartTimes': [1708555395.0], 'EndTimes': [1708557739.0], 'TotalUserCpuTimeHistory': [2098], 'TotalSysCpuTimeHistory': [49], 'WallDurations': [10.0, 178.00623226165771, 2344.0], 'JobIds': ['101430972.0'], 'State': 'finished', 'RecordedSite': True}, '10': {'Retries': 0, 'Restarts': 0, 'SiteHistory': ['Unknown', 'T1_US_FNAL', 'T1_US_FNAL'], 'ResidentSetSize': [1066884], 'SubmitTimes': [1708554612.0], 'StartTimes': [1708555393.0], 'EndTimes': [1708557209.0], 'TotalUserCpuTimeHistory': [1532], 'TotalSysCpuTimeHistory': [43], 'WallDurations': [10.0, 180.00623226165771, 1816.0], 'JobIds': ['101430973.0'], 'State': 'finished', 'RecordedSite': True}, '12': {'Retries': 0, 'Restarts': 0, 'SiteHistory': ['Unknown', 'T1_US_FNAL', 'T1_US_FNAL'], 'ResidentSetSize': [1108052], 'SubmitTimes': [1708554612.0], 'StartTimes': [1708555390.0], 'EndTimes': [1708557289.0], 'TotalUserCpuTimeHistory': [1604], 'TotalSysCpuTimeHistory': [55], 'WallDurations': [10.0, 183.00623226165771, 1899.0], 'JobIds': ['101430974.0'], 'State': 'finished', 'RecordedSite': True}, '9': {'Retries': 0, 'Restarts': 0, 'SiteHistory': ['Unknown', 'T1_US_FNAL', 'T1_US_FNAL'], 'ResidentSetSize': [1126640], 'SubmitTimes': [1708554613.0], 'StartTimes': [1708555389.0], 'EndTimes': [1708557697.0], 'TotalUserCpuTimeHistory': [2016], 'TotalSysCpuTimeHistory': [52], 'WallDurations': [10.0, 184.00623226165771, 2308.0], 'JobIds': ['101430975.0'], 'State': 'finished', 'RecordedSite': True}, '11': {'Retries': 0, 'Restarts': 0, 'SiteHistory': ['Unknown', 'T1_US_FNAL', 'T1_US_FNAL'], 'ResidentSetSize': [1149492], 'SubmitTimes': [1708554613.0], 'StartTimes': [1708555390.0], 'EndTimes': [1708557254.0], 'TotalUserCpuTimeHistory': [1565], 'TotalSysCpuTimeHistory': [45], 'WallDurations': [9.0, 183.00623226165771, 1864.0], 'JobIds': ['101430976.0'], 'State': 'finished', 'RecordedSite': True}, '14': {'Retries': 0, 'Restarts': 0, 'SiteHistory': ['Unknown', 'T1_US_FNAL', 'T1_US_FNAL'], 'ResidentSetSize': [1205552], 'SubmitTimes': [1708554618.0], 'StartTimes': [1708555396.0], 'EndTimes': [1708557618.0], 'TotalUserCpuTimeHistory': [2027], 'TotalSysCpuTimeHistory': [53], 'WallDurations': [9.0, 177.00623226165771, 2222.0], 'JobIds': ['101430978.0'], 'State': 'finished', 'RecordedSite': True}, '13': {'Retries': 0, 'Restarts': 0, 'SiteHistory': ['Unknown', 'T1_US_FNAL', 'T1_US_FNAL'], 'ResidentSetSize': [1137172], 'SubmitTimes': [1708554618.0], 'StartTimes': [1708555394.0], 'EndTimes': [1708557011.0], 'TotalUserCpuTimeHistory': [1410], 'TotalSysCpuTimeHistory': [48], 'WallDurations': [9.0, 179.00623226165771, 1617.0], 'JobIds': ['101430979.0'], 'State': 'finished', 'RecordedSite': True}, '15': {'Retries': 0, 'Restarts': 0, 'SiteHistory': ['Unknown', 'T1_US_FNAL', 'T1_US_FNAL'], 'ResidentSetSize': [1481308], 'SubmitTimes': [1708554618.0], 'StartTimes': [1708555396.0], 'EndTimes': [1708557530.0], 'TotalUserCpuTimeHistory': [1615], 'TotalSysCpuTimeHistory': [44], 'WallDurations': [8.0, 177.00623226165771, 2134.0], 'JobIds': ['101430980.0'], 'State': 'finished', 'RecordedSite': True}, '16': {'Retries': 0, 'Restarts': 0, 'SiteHistory': ['Unknown', 'T1_US_FNAL', 'T1_US_FNAL'], 'ResidentSetSize': [1270428], 'SubmitTimes': [1708554618.0], 'StartTimes': [1708555396.0], 'EndTimes': [1708558980.0], 'TotalUserCpuTimeHistory': [2456], 'TotalSysCpuTimeHistory': [76], 'WallDurations': [9.0, 177.00623226165771, 3584.0], 'JobIds': ['101430981.0'], 'State': 'finished', 'RecordedSite': True}, '17': {'Retries': 0, 'Restarts': 0, 'SiteHistory': ['Unknown', 'T1_US_FNAL', 'T1_US_FNAL'], 'ResidentSetSize': [1247884], 'SubmitTimes': [1708554618.0], 'StartTimes': [1708555394.0], 'EndTimes': [1708558697.0], 'TotalUserCpuTimeHistory': [2986], 'TotalSysCpuTimeHistory': [64], 'WallDurations': [10.0, 179.00623226165771, 3303.0], 'JobIds': ['101430982.0'], 'State': 'finished', 'RecordedSite': True}, '18': {'Retries': 0, 'Restarts': 0, 'SiteHistory': ['Unknown', 'T1_US_FNAL', 'T1_US_FNAL'], 'ResidentSetSize': [1250944], 'SubmitTimes': [1708554618.0], 'StartTimes': [1708555389.0], 'EndTimes': [1708557211.0], 'TotalUserCpuTimeHistory': [1594], 'TotalSysCpuTimeHistory': [34], 'WallDurations': [9.0, 184.00623226165771, 1822.0], 'JobIds': ['101430983.0'], 'State': 'finished', 'RecordedSite': True}, '19': {'Retries': 0, 'Restarts': 0, 'SiteHistory': ['Unknown', 'T1_US_FNAL', 'T1_US_FNAL'], 'ResidentSetSize': [1234872], 'SubmitTimes': [1708554618.0], 'StartTimes': [1708555396.0], 'EndTimes': [1708559286.0], 'TotalUserCpuTimeHistory': [3395], 'TotalSysCpuTimeHistory': [155], 'WallDurations': [10.0, 177.00623226165771, 3890.0], 'JobIds': ['101430984.0'], 'State': 'finished', 'RecordedSite': True}, '20': {'Retries': 0, 'Restarts': 0, 'SiteHistory': ['Unknown', 'T1_US_FNAL', 'T1_US_FNAL'], 'ResidentSetSize': [1233444], 'SubmitTimes': [1708554618.0], 'StartTimes': [1708555396.0], 'EndTimes': [1708558218.0], 'TotalUserCpuTimeHistory': [2544], 'TotalSysCpuTimeHistory': [61], 'WallDurations': [9.0, 177.00623226165771, 2822.0], 'JobIds': ['101430985.0'], 'State': 'finished', 'RecordedSite': True}, '21': {'Retries': 1, 'Restarts': 0, 'SiteHistory': ['Unknown', 'T1_US_FNAL', 'T1_US_FNAL', 'T1_US_FNAL', 'T1_US_FNAL'], 'ResidentSetSize': [1116776, 1291820], 'SubmitTimes': [1708554618.0, 1708559284.0], 'StartTimes': [1708555396.0, 1708559290.0], 'EndTimes': [1708557419.0, 1708561179.0], 'TotalUserCpuTimeHistory': [1612, 1566], 'TotalSysCpuTimeHistory': [106, 103], 'WallDurations': [9.0, 177.00623226165771, 2023.0, 10.0, 1889.0], 'JobIds': ['101430986.0', '101432704.0'], 'State': 'finished', 'RecordedSite': True}, '22': {'Retries': 0, 'Restarts': 0, 'SiteHistory': ['Unknown', 'T1_US_FNAL', 'T1_US_FNAL'], 'ResidentSetSize': [1263636], 'SubmitTimes': [1708554619.0], 'StartTimes': [1708555393.0], 'EndTimes': [1708557122.0], 'TotalUserCpuTimeHistory': [1430], 'TotalSysCpuTimeHistory': [35], 'WallDurations': [9.0, 180.00623226165771, 1729.0], 'JobIds': ['101430987.0'], 'State': 'finished', 'RecordedSite': True}, '23': {'Retries': 0, 'Restarts': 0, 'SiteHistory': ['Unknown', 'T1_US_FNAL', 'T1_US_FNAL'], 'ResidentSetSize': [1250272], 'SubmitTimes': [1708554619.0], 'StartTimes': [1708555405.0], 'EndTimes': [1708559482.0], 'TotalUserCpuTimeHistory': [3430], 'TotalSysCpuTimeHistory': [193], 'WallDurations': [9.0, 168.00623226165771, 4077.0], 'JobIds': ['101430988.0'], 'State': 'finished', 'RecordedSite': True}, '24': {'Retries': 0, 'Restarts': 0, 'SiteHistory': ['Unknown', 'T1_US_FNAL', 'T1_US_FNAL'], 'ResidentSetSize': [1255200], 'SubmitTimes': [1708554619.0], 'StartTimes': [1708555390.0], 'EndTimes': [1708557291.0], 'TotalUserCpuTimeHistory': [1679], 'TotalSysCpuTimeHistory': [40], 'WallDurations': [9.0, 183.00623226165771, 1901.0], 'JobIds': ['101430989.0'], 'State': 'finished', 'RecordedSite': True}, '25': {'Retries': 0, 'Restarts': 0, 'SiteHistory': ['Unknown', 'T1_US_FNAL', 'T1_US_FNAL'], 'ResidentSetSize': [1241380], 'SubmitTimes': [1708554619.0], 'StartTimes': [1708555397.0], 'EndTimes': [1708556997.0], 'TotalUserCpuTimeHistory': [1409], 'TotalSysCpuTimeHistory': [35], 'WallDurations': [9.0, 176.00623226165771, 1600.0], 'JobIds': ['101430990.0'], 'State': 'finished', 'RecordedSite': True}, '26': {'Retries': 0, 'Restarts': 0, 'SiteHistory': ['Unknown', 'T1_US_FNAL', 'T1_US_FNAL'], 'ResidentSetSize': [1114140], 'SubmitTimes': [1708554619.0], 'StartTimes': [1708555393.0], 'EndTimes': [1708556708.0], 'TotalUserCpuTimeHistory': [1002], 'TotalSysCpuTimeHistory': [28], 'WallDurations': [10.0, 180.00623226165771, 1315.0], 'JobIds': ['101430991.0'], 'State': 'finished', 'RecordedSite': True}, '27': {'Retries': 2, 'Restarts': 0, 'SiteHistory': ['Unknown', 'T1_US_FNAL', 'T1_US_FNAL', 'T1_US_FNAL', 'T1_US_FNAL', 'T1_US_FNAL', 'T1_US_FNAL'], 'ResidentSetSize': [962324, 1259932, 942184], 'SubmitTimes': [1708554619.0, 1708557716.0, 1708560063.0], 'StartTimes': [1708555389.0, 1708557741.0, 1708560073.0], 'EndTimes': [1708555844.0, 1708558128.0, 1708560510.0], 'TotalUserCpuTimeHistory': [241, 292, 300], 'TotalSysCpuTimeHistory': [9, 20, 21], 'WallDurations': [9.0, 184.00623226165771, 455.0, 9.0, 387.0, 9.0, 437.0], 'JobIds': ['101430992.0', '101432480.0', '101433027.0'], 'State': 'finished', 'RecordedSite': True}, '28': {'Retries': 1, 'Restarts': 0, 'SiteHistory': ['Unknown', 'T2_CH_CSCS', 'T2_CH_CSCS', 'T1_US_FNAL', 'T1_US_FNAL'], 'ResidentSetSize': [1018268, 1316316], 'SubmitTimes': [1708554619.0, 1708557837.0], 'StartTimes': [1708555189.0, 1708557857.0], 'EndTimes': [1708555961.0, 1708559404.0], 'TotalUserCpuTimeHistory': [495, 1030], 'TotalSysCpuTimeHistory': [13, 31], 'WallDurations': [9.0, 83.73848962783813, 772.0, 11.0, 1547.0], 'JobIds': ['101430993.0', '101432485.0'], 'State': 'finished', 'RecordedSite': True}, '29': {'Retries': 1, 'Restarts': 0, 'SiteHistory': ['Unknown', 'T1_US_FNAL', 'T1_US_FNAL', 'T1_US_FNAL', 'T1_US_FNAL'], 'ResidentSetSize': [1229952, 1351460], 'SubmitTimes': [1708554619.0, 1708559319.0], 'StartTimes': [1708555405.0, 1708559333.0], 'EndTimes': [1708557449.0, 1708562743.0], 'TotalUserCpuTimeHistory': [1792, 2652], 'TotalSysCpuTimeHistory': [41, 63], 'WallDurations': [8.0, 168.00623226165771, 2044.0, 10.0, 3410.0], 'JobIds': ['101430994.0', '101432706.0'], 'State': 'finished', 'RecordedSite': True}, '30': {'Retries': 0, 'Restarts': 0, 'SiteHistory': ['Unknown', 'T1_US_FNAL', 'T1_US_FNAL'], 'ResidentSetSize': [1177128], 'SubmitTimes': [1708554619.0], 'StartTimes': [1708555394.0], 'EndTimes': [1708558526.0], 'TotalUserCpuTimeHistory': [2228], 'TotalSysCpuTimeHistory': [72], 'WallDurations': [9.0, 179.00623226165771, 3132.0], 'JobIds': ['101430995.0'], 'State': 'finished', 'RecordedSite': True}, '31': {'Retries': 0, 'Restarts': 0, 'SiteHistory': ['Unknown', 'T1_US_FNAL', 'T1_US_FNAL'], 'ResidentSetSize': [1288716], 'SubmitTimes': [1708554619.0], 'StartTimes': [1708555394.0], 'EndTimes': [1708555524.0], 'TotalUserCpuTimeHistory': [70], 'TotalSysCpuTimeHistory': [5], 'WallDurations': [130.0, 179.00623226165771, 179.00623226165771], 'JobIds': ['101430996.0'], 'State': 'finished', 'RecordedSite': True}, '32': {'Retries': 0, 'Restarts': 0, 'SiteHistory': ['Unknown', 'T1_US_FNAL', 'T1_US_FNAL'], 'ResidentSetSize': [985084], 'SubmitTimes': [1708554619.0], 'StartTimes': [1708555392.0], 'EndTimes': [1708556531.0], 'TotalUserCpuTimeHistory': [951], 'TotalSysCpuTimeHistory': [27], 'WallDurations': [10.0, 181.00623226165771, 1139.0], 'JobIds': ['101430997.0'], 'State': 'finished', 'RecordedSite': True}, '37': {'Retries': 0, 'Restarts': 0, 'SiteHistory': ['Unknown', 'T2_IT_Legnaro', 'T2_IT_Legnaro'], 'ResidentSetSize': [952908], 'SubmitTimes': [1708554619.0], 'StartTimes': [1708555191.0], 'EndTimes': [1708555432.0], 'TotalUserCpuTimeHistory': [203], 'TotalSysCpuTimeHistory': [7], 'WallDurations': [9.0, 81.73848962783813, 241.0], 'JobIds': ['101430998.0'], 'State': 'finished', 'RecordedSite': True}, '34': {'Retries': 1, 'Restarts': 0, 'SiteHistory': ['Unknown', 'T2_IT_Rome', 'T2_IT_Rome', 'T1_US_FNAL', 'T1_US_FNAL'], 'ResidentSetSize': [1304520, 1487752], 'SubmitTimes': [1708554619.0, 1708558121.0], 'StartTimes': [1708555191.0, 1708558128.0], 'EndTimes': [1708556252.0, 1708559523.0], 'TotalUserCpuTimeHistory': [910, 1237], 'TotalSysCpuTimeHistory': [22, 29], 'WallDurations': [8.0, 81.73848962783813, 1061.0, 9.0, 1395.0], 'JobIds': ['101430999.0', '101432600.0'], 'State': 'finished', 'RecordedSite': True}, '35': {'Retries': 0, 'Restarts': 0, 'SiteHistory': ['Unknown', 'T2_IT_Legnaro', 'T2_IT_Legnaro'], 'ResidentSetSize': [1253472], 'SubmitTimes': [1708554619.0], 'StartTimes': [1708555190.0], 'EndTimes': [1708556173.0], 'TotalUserCpuTimeHistory': [885], 'TotalSysCpuTimeHistory': [26], 'WallDurations': [9.0, 82.73848962783813, 983.0], 'JobIds': ['101431000.0'], 'State': 'finished', 'RecordedSite': True}, '36': {'Retries': 0, 'Restarts': 0, 'SiteHistory': ['Unknown', 'T2_IT_Legnaro', 'T2_IT_Legnaro'], 'ResidentSetSize': [1240552], 'SubmitTimes': [1708554619.0], 'StartTimes': [1708555194.0], 'EndTimes': [1708556634.0], 'TotalUserCpuTimeHistory': [1321], 'TotalSysCpuTimeHistory': [42], 'WallDurations': [8.0, 78.73848962783813, 1440.0], 'JobIds': ['101431001.0'], 'State': 'finished', 'RecordedSite': True}, '39': {'Retries': 0, 'Restarts': 0, 'SiteHistory': ['Unknown', 'T1_US_FNAL', 'T1_US_FNAL'], 'ResidentSetSize': [1112340], 'SubmitTimes': [1708554619.0], 'StartTimes': [1708555394.0], 'EndTimes': [1708557697.0], 'TotalUserCpuTimeHistory': [1721], 'TotalSysCpuTimeHistory': [52], 'WallDurations': [11.0, 179.00623226165771, 2303.0], 'JobIds': ['101431002.0'], 'State': 'finished', 'RecordedSite': True}, '38': {'Retries': 0, 'Restarts': 0, 'SiteHistory': ['Unknown', 'T1_US_FNAL', 'T1_US_FNAL'], 'ResidentSetSize': [1095840], 'SubmitTimes': [1708554619.0], 'StartTimes': [1708555398.0], 'EndTimes': [1708556557.0], 'TotalUserCpuTimeHistory': [1023], 'TotalSysCpuTimeHistory': [26], 'WallDurations': [9.0, 175.00623226165771, 1159.0], 'JobIds': ['101431003.0'], 'State': 'finished', 'RecordedSite': True}, '40': {'Retries': 0, 'Restarts': 0, 'SiteHistory': ['Unknown', 'T1_US_FNAL', 'T1_US_FNAL'], 'ResidentSetSize': [1115256], 'SubmitTimes': [1708554619.0], 'StartTimes': [1708555392.0], 'EndTimes': [1708556929.0], 'TotalUserCpuTimeHistory': [1324], 'TotalSysCpuTimeHistory': [50], 'WallDurations': [9.0, 181.00623226165771, 1537.0], 'JobIds': ['101431004.0'], 'State': 'finished', 'RecordedSite': True}, '41': {'Retries': 0, 'Restarts': 0, 'SiteHistory': ['Unknown', 'T1_US_FNAL', 'T1_US_FNAL'], 'ResidentSetSize': [1162192], 'SubmitTimes': [1708554619.0], 'StartTimes': [1708555394.0], 'EndTimes': [1708557738.0], 'TotalUserCpuTimeHistory': [1850], 'TotalSysCpuTimeHistory': [76], 'WallDurations': [9.0, 179.00623226165771, 2344.0], 'JobIds': ['101431005.0'], 'State': 'finished', 'RecordedSite': True}, '42': {'Retries': 0, 'Restarts': 0, 'SiteHistory': ['Unknown', 'T1_US_FNAL', 'T1_US_FNAL'], 'ResidentSetSize': [1170700], 'SubmitTimes': [1708554619.0], 'StartTimes': [1708555396.0], 'EndTimes': [1708557169.0], 'TotalUserCpuTimeHistory': [1563], 'TotalSysCpuTimeHistory': [53], 'WallDurations': [10.0, 177.00623226165771, 1773.0], 'JobIds': ['101431006.0'], 'State': 'finished', 'RecordedSite': True}, '44': {'Retries': 0, 'Restarts': 0, 'SiteHistory': ['Unknown', 'T1_US_FNAL', 'T1_US_FNAL'], 'ResidentSetSize': [990948], 'SubmitTimes': [1708554619.0], 'StartTimes': [1708555398.0], 'EndTimes': [1708556092.0], 'TotalUserCpuTimeHistory': [582], 'TotalSysCpuTimeHistory': [17], 'WallDurations': [9.0, 175.00623226165771, 694.0], 'JobIds': ['101431007.0'], 'State': 'finished', 'RecordedSite': True}, '43': {'Retries': 0, 'Restarts': 0, 'SiteHistory': ['Unknown', 'T1_US_FNAL', 'T1_US_FNAL'], 'ResidentSetSize': [1119044], 'SubmitTimes': [1708554619.0], 'StartTimes': [1708555395.0], 'EndTimes': [1708556942.0], 'TotalUserCpuTimeHistory': [954], 'TotalSysCpuTimeHistory': [26], 'WallDurations': [9.0, 178.00623226165771, 1547.0], 'JobIds': ['101431008.0'], 'State': 'finished', 'RecordedSite': True}, '45': {'Retries': 0, 'Restarts': 0, 'SiteHistory': ['Unknown', 'T1_US_FNAL', 'T1_US_FNAL'], 'ResidentSetSize': [1052392], 'SubmitTimes': [1708554619.0], 'StartTimes': [1708555396.0], 'EndTimes': [1708556737.0], 'TotalUserCpuTimeHistory': [1127], 'TotalSysCpuTimeHistory': [39], 'WallDurations': [10.0, 177.00623226165771, 1341.0], 'JobIds': ['101431009.0'], 'State': 'finished', 'RecordedSite': True}, '46': {'Retries': 1, 'Restarts': 0, 'SiteHistory': ['Unknown', 'T1_US_FNAL', 'T1_US_FNAL', 'T1_US_FNAL', 'T1_US_FNAL'], 'ResidentSetSize': [1141016, 1280432], 'SubmitTimes': [1708554619.0, 1708559461.0], 'StartTimes': [1708555394.0, 1708559488.0], 'EndTimes': [1708557593.0, 1708561991.0], 'TotalUserCpuTimeHistory': [1619, 1976], 'TotalSysCpuTimeHistory': [59, 138], 'WallDurations': [10.0, 179.00623226165771, 2199.0, 10.0, 2503.0], 'JobIds': ['101431010.0', '101432791.0'], 'State': 'finished', 'RecordedSite': True}, '48': {'Retries': 0, 'Restarts': 0, 'SiteHistory': ['Unknown', 'T1_US_FNAL', 'T1_US_FNAL'], 'ResidentSetSize': [1229528], 'SubmitTimes': [1708554619.0], 'StartTimes': [1708555398.0], 'EndTimes': [1708557988.0], 'TotalUserCpuTimeHistory': [2328], 'TotalSysCpuTimeHistory': [54], 'WallDurations': [9.0, 175.00623226165771, 2590.0], 'JobIds': ['101431011.0'], 'State': 'finished', 'RecordedSite': True}, '50': {'Retries': 0, 'Restarts': 0, 'SiteHistory': ['Unknown', 'T1_US_FNAL', 'T1_US_FNAL'], 'ResidentSetSize': [1147148], 'SubmitTimes': [1708554619.0], 'StartTimes': [1708555387.0], 'EndTimes': [1708557156.0], 'TotalUserCpuTimeHistory': [1467], 'TotalSysCpuTimeHistory': [34], 'WallDurations': [10.0, 186.00623226165771, 1769.0], 'JobIds': ['101431012.0'], 'State': 'finished', 'RecordedSite': True}, '49': {'Retries': 0, 'Restarts': 0, 'SiteHistory': ['Unknown', 'T1_US_FNAL', 'T1_US_FNAL'], 'ResidentSetSize': [1161956], 'SubmitTimes': [1708554619.0], 'StartTimes': [1708555394.0], 'EndTimes': [1708557606.0], 'TotalUserCpuTimeHistory': [1913], 'TotalSysCpuTimeHistory': [48], 'WallDurations': [9.0, 179.00623226165771, 2212.0], 'JobIds': ['101431013.0'], 'State': 'finished', 'RecordedSite': True}, '53': {'Retries': 0, 'Restarts': 0, 'SiteHistory': ['Unknown', 'T1_US_FNAL', 'T1_US_FNAL'], 'ResidentSetSize': [1542608], 'SubmitTimes': [1708554619.0], 'StartTimes': [1708555394.0], 'EndTimes': [1708559448.0], 'TotalUserCpuTimeHistory': [2947], 'TotalSysCpuTimeHistory': [81], 'WallDurations': [10.0, 179.00623226165771, 4054.0], 'JobIds': ['101431014.0'], 'State': 'finished', 'RecordedSite': True}, '52': {'Retries': 0, 'Restarts': 0, 'SiteHistory': ['Unknown', 'T1_US_FNAL', 'T1_US_FNAL'], 'ResidentSetSize': [1255468], 'SubmitTimes': [1708554619.0], 'StartTimes': [1708555394.0], 'EndTimes': [1708557238.0], 'TotalUserCpuTimeHistory': [1565], 'TotalSysCpuTimeHistory': [37], 'WallDurations': [9.0, 179.00623226165771, 1844.0], 'JobIds': ['101431015.0'], 'State': 'finished', 'RecordedSite': True}, '47': {'Retries': 0, 'Restarts': 0, 'SiteHistory': ['Unknown', 'T1_US_FNAL', 'T1_US_FNAL'], 'ResidentSetSize': [1256496], 'SubmitTimes': [1708554619.0], 'StartTimes': [1708555393.0], 'EndTimes': [1708558525.0], 'TotalUserCpuTimeHistory': [2827], 'TotalSysCpuTimeHistory': [77], 'WallDurations': [10.0, 180.00623226165771, 3132.0], 'JobIds': ['101431016.0'], 'State': 'finished', 'RecordedSite': True}, '54': {'Retries': 0, 'Restarts': 0, 'SiteHistory': ['Unknown', 'T1_US_FNAL', 'T1_US_FNAL'], 'ResidentSetSize': [1144888], 'SubmitTimes': [1708554619.0], 'StartTimes': [1708555394.0], 'EndTimes': [1708558643.0], 'TotalUserCpuTimeHistory': [2378], 'TotalSysCpuTimeHistory': [66], 'WallDurations': [11.0, 179.00623226165771, 3249.0], 'JobIds': ['101431017.0'], 'State': 'finished', 'RecordedSite': True}, '56': {'Retries': 1, 'Restarts': 0, 'SiteHistory': ['Unknown', 'T1_US_FNAL', 'T1_US_FNAL', 'T2_IT_Bari', 'T2_IT_Bari'], 'ResidentSetSize': [1252048, 1292024], 'SubmitTimes': [1708554619.0, 1708559446.0], 'StartTimes': [1708555398.0, 1708559454.0], 'EndTimes': [1708557572.0, 1708561540.0], 'TotalUserCpuTimeHistory': [1513, 1722], 'TotalSysCpuTimeHistory': [39, 43], 'WallDurations': [9.0, 175.00623226165771, 2174.0, 8.0, 2086.0], 'JobIds': ['101431018.0', '101432790.0'], 'State': 'finished', 'RecordedSite': True}, '51': {'Retries': 0, 'Restarts': 0, 'SiteHistory': ['Unknown', 'T1_US_FNAL', 'T1_US_FNAL'], 'ResidentSetSize': [1261452], 'SubmitTimes': [1708554619.0], 'StartTimes': [1708555394.0], 'EndTimes': [1708557581.0], 'TotalUserCpuTimeHistory': [1830], 'TotalSysCpuTimeHistory': [49], 'WallDurations': [9.0, 179.00623226165771, 2187.0], 'JobIds': ['101431019.0'], 'State': 'finished', 'RecordedSite': True}, '58': {'Retries': 0, 'Restarts': 0, 'SiteHistory': ['Unknown', 'T1_US_FNAL', 'T1_US_FNAL'], 'ResidentSetSize': [1103700], 'SubmitTimes': [1708554619.0], 'StartTimes': [1708555401.0], 'EndTimes': [1708557095.0], 'TotalUserCpuTimeHistory': [1527], 'TotalSysCpuTimeHistory': [43], 'WallDurations': [9.0, 172.00623226165771, 1694.0], 'JobIds': ['101431020.0'], 'State': 'finished', 'RecordedSite': True}, '55': {'Retries': 0, 'Restarts': 0, 'SiteHistory': ['Unknown', 'T1_US_FNAL', 'T1_US_FNAL'], 'ResidentSetSize': [1243004], 'SubmitTimes': [1708554619.0], 'StartTimes': [1708555403.0], 'EndTimes': [1708557544.0], 'TotalUserCpuTimeHistory': [1885], 'TotalSysCpuTimeHistory': [42], 'WallDurations': [9.0, 170.00623226165771, 2141.0], 'JobIds': ['101431021.0'], 'State': 'finished', 'RecordedSite': True}, '59': {'Retries': 0, 'Restarts': 0, 'SiteHistory': ['Unknown', 'T1_US_FNAL', 'T1_US_FNAL'], 'ResidentSetSize': [1092484], 'SubmitTimes': [1708554619.0], 'StartTimes': [1708555393.0], 'EndTimes': [1708556713.0], 'TotalUserCpuTimeHistory': [895], 'TotalSysCpuTimeHistory': [25], 'WallDurations': [9.0, 180.00623226165771, 1320.0], 'JobIds': ['101431022.0'], 'State': 'finished', 'RecordedSite': True}, '61': {'Retries': 0, 'Restarts': 0, 'SiteHistory': ['Unknown', 'T1_US_FNAL', 'T1_US_FNAL'], 'ResidentSetSize': [945740], 'SubmitTimes': [1708554619.0], 'StartTimes': [1708555394.0], 'EndTimes': [1708556398.0], 'TotalUserCpuTimeHistory': [846], 'TotalSysCpuTimeHistory': [26], 'WallDurations': [9.0, 179.00623226165771, 1004.0], 'JobIds': ['101431023.0'], 'State': 'finished', 'RecordedSite': True}, '62': {'Retries': 0, 'Restarts': 0, 'SiteHistory': ['Unknown', 'T2_ES_CIEMAT', 'T2_ES_CIEMAT'], 'ResidentSetSize': [1246656], 'SubmitTimes': [1708554619.0], 'StartTimes': [1708555191.0], 'EndTimes': [1708557258.0], 'TotalUserCpuTimeHistory': [1888], 'TotalSysCpuTimeHistory': [61], 'WallDurations': [9.0, 81.73848962783813, 2067.0], 'JobIds': ['101431024.0'], 'State': 'finished', 'RecordedSite': True}, '63': {'Retries': 0, 'Restarts': 0, 'SiteHistory': ['Unknown', 'T2_ES_CIEMAT', 'T2_ES_CIEMAT'], 'ResidentSetSize': [1252016], 'SubmitTimes': [1708554620.0], 'StartTimes': [1708555191.0], 'EndTimes': [1708557179.0], 'TotalUserCpuTimeHistory': [1732], 'TotalSysCpuTimeHistory': [51], 'WallDurations': [9.0, 81.73848962783813, 1988.0], 'JobIds': ['101431025.0'], 'State': 'finished', 'RecordedSite': True}, '60': {'Retries': 0, 'Restarts': 0, 'SiteHistory': ['Unknown', 'T1_US_FNAL', 'T1_US_FNAL'], 'ResidentSetSize': [1080204], 'SubmitTimes': [1708554620.0], 'StartTimes': [1708555399.0], 'EndTimes': [1708557367.0], 'TotalUserCpuTimeHistory': [1624], 'TotalSysCpuTimeHistory': [102], 'WallDurations': [10.0, 174.00623226165771, 1968.0], 'JobIds': ['101431026.0'], 'State': 'finished', 'RecordedSite': True}, '64': {'Retries': 0, 'Restarts': 0, 'SiteHistory': ['Unknown', 'T2_ES_CIEMAT', 'T2_ES_CIEMAT'], 'ResidentSetSize': [1271148], 'SubmitTimes': [1708554620.0], 'StartTimes': [1708555192.0], 'EndTimes': [1708556950.0], 'TotalUserCpuTimeHistory': [1603], 'TotalSysCpuTimeHistory': [42], 'WallDurations': [8.0, 80.73848962783813, 1758.0], 'JobIds': ['101431027.0'], 'State': 'finished', 'RecordedSite': True}, '57': {'Retries': 0, 'Restarts': 0, 'SiteHistory': ['Unknown', 'T1_US_FNAL', 'T1_US_FNAL'], 'ResidentSetSize': [1115160], 'SubmitTimes': [1708554620.0], 'StartTimes': [1708555397.0], 'EndTimes': [1708557806.0], 'TotalUserCpuTimeHistory': [1967], 'TotalSysCpuTimeHistory': [108], 'WallDurations': [10.0, 176.00623226165771, 2409.0], 'JobIds': ['101431028.0'], 'State': 'finished', 'RecordedSite': True}, '65': {'Retries': 0, 'Restarts': 0, 'SiteHistory': ['Unknown', 'T2_ES_CIEMAT', 'T2_ES_CIEMAT'], 'ResidentSetSize': [1289928], 'SubmitTimes': [1708554620.0], 'StartTimes': [1708555191.0], 'EndTimes': [1708556733.0], 'TotalUserCpuTimeHistory': [1406], 'TotalSysCpuTimeHistory': [49], 'WallDurations': [9.0, 81.73848962783813, 1542.0], 'JobIds': ['101431029.0'], 'State': 'finished', 'RecordedSite': True}, '66': {'Retries': 0, 'Restarts': 0, 'SiteHistory': ['Unknown', 'T2_ES_CIEMAT', 'T2_ES_CIEMAT'], 'ResidentSetSize': [1295760], 'SubmitTimes': [1708554620.0], 'StartTimes': [1708555194.0], 'EndTimes': [1708556766.0], 'TotalUserCpuTimeHistory': [1414], 'TotalSysCpuTimeHistory': [44], 'WallDurations': [8.0, 78.73848962783813, 1572.0], 'JobIds': ['101431030.0'], 'State': 'finished', 'RecordedSite': True}, '67': {'Retries': 0, 'Restarts': 0, 'SiteHistory': ['Unknown', 'T2_ES_CIEMAT', 'T2_ES_CIEMAT'], 'ResidentSetSize': [1305004], 'SubmitTimes': [1708554620.0], 'StartTimes': [1708555194.0], 'EndTimes': [1708557238.0], 'TotalUserCpuTimeHistory': [1843], 'TotalSysCpuTimeHistory': [54], 'WallDurations': [9.0, 78.73848962783813, 2044.0], 'JobIds': ['101431031.0'], 'State': 'finished', 'RecordedSite': True}, '68': {'Retries': 0, 'Restarts': 0, 'SiteHistory': ['Unknown', 'T1_US_FNAL', 'T1_US_FNAL'], 'ResidentSetSize': [1141552], 'SubmitTimes': [1708554620.0], 'StartTimes': [1708555401.0], 'EndTimes': [1708556991.0], 'TotalUserCpuTimeHistory': [1401], 'TotalSysCpuTimeHistory': [41], 'WallDurations': [10.0, 172.00623226165771, 1590.0], 'JobIds': ['101431032.0'], 'State': 'finished', 'RecordedSite': True}, '69': {'Retries': 0, 'Restarts': 0, 'SiteHistory': ['Unknown', 'T2_BE_IIHE', 'T2_BE_IIHE'], 'ResidentSetSize': [1205468], 'SubmitTimes': [1708554620.0], 'StartTimes': [1708555196.0], 'EndTimes': [1708556812.0], 'TotalUserCpuTimeHistory': [1462], 'TotalSysCpuTimeHistory': [36], 'WallDurations': [8.0, 76.73848962783813, 1616.0], 'JobIds': ['101431033.0'], 'State': 'finished', 'RecordedSite': True}, '70': {'Retries': 0, 'Restarts': 0, 'SiteHistory': ['Unknown', 'T2_BE_IIHE', 'T2_BE_IIHE'], 'ResidentSetSize': [1156548], 'SubmitTimes': [1708554620.0], 'StartTimes': [1708555196.0], 'EndTimes': [1708556286.0], 'TotalUserCpuTimeHistory': [915], 'TotalSysCpuTimeHistory': [28], 'WallDurations': [8.0, 76.73848962783813, 1090.0], 'JobIds': ['101431034.0'], 'State': 'finished', 'RecordedSite': True}, '72': {'Retries': 0, 'Restarts': 0, 'SiteHistory': ['Unknown', 'T2_BE_IIHE', 'T2_BE_IIHE'], 'ResidentSetSize': [1326840], 'SubmitTimes': [1708554620.0], 'StartTimes': [1708555196.0], 'EndTimes': [1708570419.0], 'TotalUserCpuTimeHistory': [822], 'TotalSysCpuTimeHistory': [26], 'WallDurations': [9.0, 76.73848962783813, 15223.0], 'JobIds': ['101431035.0'], 'State': 'finished', 'RecordedSite': True}, '71': {'Retries': 0, 'Restarts': 0, 'SiteHistory': ['Unknown', 'T1_US_FNAL', 'T1_US_FNAL'], 'ResidentSetSize': [1168208], 'SubmitTimes': [1708554620.0], 'StartTimes': [1708555399.0], 'EndTimes': [1708557651.0], 'TotalUserCpuTimeHistory': [1938], 'TotalSysCpuTimeHistory': [65], 'WallDurations': [9.0, 174.00623226165771, 2252.0], 'JobIds': ['101431036.0'], 'State': 'finished', 'RecordedSite': True}, '73': {'Retries': 0, 'Restarts': 0, 'SiteHistory': ['Unknown', 'T1_US_FNAL', 'T1_US_FNAL'], 'ResidentSetSize': [1256296], 'SubmitTimes': [1708554620.0], 'StartTimes': [1708555402.0], 'EndTimes': [1708557268.0], 'TotalUserCpuTimeHistory': [1671], 'TotalSysCpuTimeHistory': [38], 'WallDurations': [9.0, 171.00623226165771, 1866.0], 'JobIds': ['101431037.0'], 'State': 'finished', 'RecordedSite': True}, '75': {'Retries': 0, 'Restarts': 0, 'SiteHistory': ['Unknown', 'T1_US_FNAL', 'T1_US_FNAL'], 'ResidentSetSize': [1332920], 'SubmitTimes': [1708554620.0], 'StartTimes': [1708555406.0], 'EndTimes': [1708556843.0], 'TotalUserCpuTimeHistory': [1191], 'TotalSysCpuTimeHistory': [28], 'WallDurations': [9.0, 167.00623226165771, 1437.0], 'JobIds': ['101431038.0'], 'State': 'finished', 'RecordedSite': True}, '77': {'Retries': 0, 'Restarts': 0, 'SiteHistory': ['Unknown', 'T1_US_FNAL', 'T1_US_FNAL'], 'ResidentSetSize': [1097456], 'SubmitTimes': [1708554620.0], 'StartTimes': [1708555403.0], 'EndTimes': [1708557736.0], 'TotalUserCpuTimeHistory': [1976], 'TotalSysCpuTimeHistory': [100], 'WallDurations': [9.0, 170.00623226165771, 2333.0], 'JobIds': ['101431039.0'], 'State': 'finished', 'RecordedSite': True}, '74': {'Retries': 0, 'Restarts': 0, 'SiteHistory': ['Unknown', 'T1_US_FNAL', 'T1_US_FNAL'], 'ResidentSetSize': [1238144], 'SubmitTimes': [1708554620.0], 'StartTimes': [1708555399.0], 'EndTimes': [1708557219.0], 'TotalUserCpuTimeHistory': [1586], 'TotalSysCpuTimeHistory': [36], 'WallDurations': [9.0, 174.00623226165771, 1820.0], 'JobIds': ['101431040.0'], 'State': 'finished', 'RecordedSite': True}, '76': {'Retries': 0, 'Restarts': 0, 'SiteHistory': ['Unknown', 'T1_IT_CNAF', 'T1_IT_CNAF'], 'ResidentSetSize': [73120], 'SubmitTimes': [1708554620.0], 'StartTimes': [1708555134.0], 'EndTimes': [1708556083.0], 'TotalUserCpuTimeHistory': [187], 'TotalSysCpuTimeHistory': [9], 'WallDurations': [8.0, 138.73848962783813, 949.0], 'JobIds': ['101431041.0'], 'State': 'finished', 'RecordedSite': True}, '33': {'Retries': 1, 'Restarts': 0, 'SiteHistory': ['Unknown', 'T2_TR_METU', 'T2_TR_METU', 'T1_US_FNAL', 'T1_US_FNAL'], 'ResidentSetSize': [960240, 1261004], 'SubmitTimes': [1708554620.0, 1708557954.0], 'StartTimes': [1708555195.0, 1708557983.0], 'EndTimes': [1708556085.0, 1708558519.0], 'TotalUserCpuTimeHistory': [651, 299], 'TotalSysCpuTimeHistory': [44, 11], 'WallDurations': [8.0, 77.73848962783813, 890.0, 9.0, 536.0], 'JobIds': ['101431042.0', '101432489.0'], 'State': 'finished', 'RecordedSite': True}, '78': {'Retries': 0, 'Restarts': 0, 'SiteHistory': ['Unknown', 'T1_DE_KIT', 'T1_DE_KIT'], 'ResidentSetSize': [1179400], 'SubmitTimes': [1708554620.0], 'StartTimes': [1708555396.0], 'EndTimes': [1708556750.0], 'TotalUserCpuTimeHistory': [1203], 'TotalSysCpuTimeHistory': [44], 'WallDurations': [8.0, 177.00623226165771, 1354.0], 'JobIds': ['101431043.0'], 'State': 'finished', 'RecordedSite': True}}
INFO 2024-02-22 18:05:14.741 UTC: 	 Status on the scheduler:	COMPLETED
INFO 2024-02-22 18:05:14.741 UTC: 	 
Jobs status:                    finished     		100.0% (78/78)
DEBUG 2024-02-22 18:05:14.742 UTC: 	 Encoded data for curl request: subresource=publicationstatus&workflow=240221_222844%3Ambuonsan_crab_SkimB4Mu_2023eraC-v2_stream5_Mini&username=mbuonsan
INFO 2024-02-22 18:05:14.913 UTC: 	 
Output dataset:			/FakeDataset/fakefile-FakePublish-24c3bb60e1d51a42704b168d8b315bff/USER
INFO 2024-02-22 18:05:14.913 UTC: 	 
No publication information available yet
INFO 2024-02-22 18:05:14.916 UTC: 	 
Warning: the max jobs runtime is less than 30% of the task requested value (1250 min), please consider to request a lower value for failed jobs (allowed through crab resubmit) and/or improve the jobs splitting (e.g. config.Data.splitting = 'Automatic') in a new task.
INFO 2024-02-22 18:05:14.916 UTC: 	 
Summary of run jobs:
 * Memory: 71MB min, 1506MB max, 1157MB ave
 * Runtime: 0:02:59 min, 4:13:43 max, 0:35:05 ave
 * CPU eff: 6% min, 95% max, 78% ave
 * Waste: 7:45:16 (15% of total)

DEBUG 2024-02-22 18:05:14.917 UTC: 	 Requesting resubmission of failed jobs in task 240221_222844:mbuonsan_crab_SkimB4Mu_2023eraC-v2_stream5_Mini
ERROR 2024-02-22 18:05:14.917 UTC: 	 Found no jobs to resubmit. Only jobs in status failed can be resubmitted. Jobs in status finished can also be resubmitted, but only if the jobids are specified and the force option is set.
ERROR 2024-02-22 18:05:14.917 UTC: 	 Caught ClientException exception
Traceback (most recent call last):
  File "/cvmfs/cms.cern.ch/share/cms/crab-prod/v3.240110.01/bin/crab.py", line 152, in <module>
    client()
  File "/cvmfs/cms.cern.ch/share/cms/crab-prod/v3.240110.01/bin/crab.py", line 137, in __call__
    returnDict = self.cmd()
  File "/cvmfs/cms.cern.ch/share/cms/crab-prod/v3.240110.01/lib/CRABClient/Commands/resubmit.py", line 65, in __call__
    self.jobids = self.processJobIds(jobList)
  File "/cvmfs/cms.cern.ch/share/cms/crab-prod/v3.240110.01/lib/CRABClient/Commands/resubmit.py", line 171, in processJobIds
    raise ConfigurationException(msg)
CRABClient.ClientExceptions.ConfigurationException: Found no jobs to resubmit. Only jobs in status failed can be resubmitted. Jobs in status finished can also be resubmitted, but only if the jobids are specified and the force option is set.
